03:31:27.845 [main                     ] DEBUG Logger               - Configured Logger
03:31:27.871 [main                     ] DEBUG GameApplication      - Logging settings
Title: Pruebas en FXGL
Version: 0.0
Width: 1536
Height: 1024
Fullscreen: false
Intro: false
Profiling: false
Single step:false
App Mode: DEVELOPER
Menu Key: ESCAPE
Stage Style: DECORATED
Scene Factory: class App.Game.GameApp$1

03:31:28.027 [JavaFX Application Thread] DEBUG FXGLApplication      - Initializing FXGL
03:31:28.030 [JavaFX Application Thread] INFO  Engine               - FXGL-21.1 (27.03.2024 07.52) on LINUX (J:21.0.6 FX:21.0.1)
03:31:28.030 [JavaFX Application Thread] DEBUG Engine               - JRE Vendor Name: Oracle Corporation
03:31:28.030 [JavaFX Application Thread] DEBUG Engine               - Running on OS: Linux version 6.8.0-55-generic
03:31:28.030 [JavaFX Application Thread] DEBUG Engine               - Architecture: amd64
03:31:28.030 [JavaFX Application Thread] INFO  Engine               - Source code and latest versions at: https://github.com/AlmasB/FXGL
03:31:28.031 [JavaFX Application Thread] INFO  Engine               -       Ask questions and discuss at: https://github.com/AlmasB/FXGL/discussions
03:31:28.031 [JavaFX Application Thread] INFO  Engine               -              Join the FXGL chat at: https://gitter.im/AlmasB/FXGL
03:31:28.078 [JavaFX Application Thread] DEBUG PrimaryStageWindow   - Creating a JavaFX scene
03:31:28.078 [JavaFX Application Thread] DEBUG PrimaryStageWindow   - Target size > screen size
03:31:28.131 [JavaFX Application Thread] DEBUG PrimaryStageWindow   - Target settings size: 1536.0 x 1024.0
03:31:28.132 [JavaFX Application Thread] DEBUG PrimaryStageWindow   - Scaled scene size:    1397.0 x 948.0
03:31:28.132 [JavaFX Application Thread] DEBUG PrimaryStageWindow   - Scaled ratio: (0.9095052083333334, 0.92578125)
03:31:28.133 [JavaFX Application Thread] DEBUG PrimaryStageWindow   - Set initial scene to FXGLStartupScene
03:31:28.134 [JavaFX Application Thread] DEBUG PrimaryStageWindow   - Opening main window
03:31:28.156 [JavaFX Application Thread] DEBUG PrimaryStageWindow   - Window border size: (0.27783203125, 35.0)
03:31:28.156 [JavaFX Application Thread] DEBUG PrimaryStageWindow   - Scaled size: 1397.0 x 913.185302734375
03:31:28.156 [JavaFX Application Thread] DEBUG PrimaryStageWindow   - Scaled ratio: (0.9095052083333334, 0.8917825222015381)
03:31:28.156 [JavaFX Application Thread] DEBUG PrimaryStageWindow   - Scene size: 1397.0 x 948.0
03:31:28.157 [JavaFX Application Thread] DEBUG PrimaryStageWindow   - Stage size: 1397.27783203125 x 948.185302734375
03:31:28.161 [FXGL Background Thread 1 ] DEBUG Engine               - Initializing environment variables
03:31:28.220 [FXGL Background Thread 1 ] DEBUG FXGLAssetLoaderServi - User app class for loading assets: class App.Game.GameApp
03:31:28.221 [FXGL Background Thread 1 ] DEBUG GameApplicationServi - Applying CSS: fxgl_dark.css
03:31:28.222 [FXGL Background Thread 1 ] DEBUG FXGLAssetLoaderServi - Loading from file system: jar:file:///home/avrann/.m2/repository/com/github/almasb/fxgl/21.1/fxgl-21.1.jar!/fxglassets/ui/css/fxgl_dark.css
03:31:28.270 [FXGL Background Thread 1 ] DEBUG GameApplicationServi - Initializing application scenes
03:31:28.323 [FXGL Background Thread 1 ] DEBUG GameWorld            - Game world initialized
03:31:28.365 [FXGL Background Thread 1 ] DEBUG PhysicsWorld         - Physics world initialized: appHeight=1024, physics.ppm=50.0
03:31:28.365 [FXGL Background Thread 1 ] DEBUG PhysicsWorld         - Using strategy: BRUTE_FORCE
03:31:28.368 [FXGL Background Thread 1 ] DEBUG GameScene            - Game scene initialized: 1536x1024
03:31:28.374 [FXGL Background Thread 1 ] DEBUG FXGL.DefaultMenu     - createMenuBodyMainMenu()
03:31:28.381 [FXGL Background Thread 1 ] DEBUG FXGL.DefaultMenu     - createOptionsMenu()
03:31:28.386 [FXGL Background Thread 1 ] DEBUG FXGLAssetLoaderServi - Loading from file system: jar:file:///home/avrann/.m2/repository/com/github/almasb/fxgl/21.1/fxgl-21.1.jar!/fxglassets/textures/particles/smoke.png
03:31:28.466 [FXGL Background Thread 1 ] DEBUG FXGLAssetLoaderServi - Loading from file system: jar:file:///home/avrann/.m2/repository/com/github/almasb/fxgl/21.1/fxgl-21.1.jar!/fxglassets/textures/particles/trace_horizontal.png
03:31:28.496 [FXGL Background Thread 1 ] DEBUG FXGLAssetLoaderServi - Loading from file system: file:/home/avrann/Escritorio/Repo%20Proyecto%20DPOO/jorge.carrillo-Proyecto-POO-2025/target/classes/assets/music/menu.wav
03:31:28.566 [FXGL Background Thread 1 ] DEBUG AudioPlayer          - Playing music com.almasb.fxgl.audio.Music@53603da1
03:31:28.569 [FXGL Background Thread 1 ] DEBUG FXGLAssetLoaderServi - Loading from file system: file:/home/avrann/Escritorio/Repo%20Proyecto%20DPOO/jorge.carrillo-Proyecto-POO-2025/target/classes/assets/textures/fondo.png
03:31:28.622 [FXGL Background Thread 1 ] DEBUG FXGL.DefaultMenu     - createMenuBodyGameMenu()
03:31:28.623 [FXGL Background Thread 1 ] DEBUG FXGL.DefaultMenu     - createOptionsMenu()
03:31:28.635 [FXGL Background Thread 1 ] DEBUG AudioPlayer          - Playing music com.almasb.fxgl.audio.Music@53603da1
03:31:28.636 [FXGL Background Thread 1 ] DEBUG AudioPlayer          - Playing music com.almasb.fxgl.audio.Music@53603da1
03:31:28.636 [FXGL Background Thread 1 ] DEBUG FXGLAssetLoaderServi - Loading from file system: file:/home/avrann/Escritorio/Repo%20Proyecto%20DPOO/jorge.carrillo-Proyecto-POO-2025/target/classes/assets/textures/fondoGameMenu.png
03:31:28.663 [FXGL Background Thread 1 ] DEBUG GameApplicationServi - Application scenes initialized
03:31:28.670 [FXGL Background Thread 1 ] DEBUG SystemBundleService  - Loading FXGL system data
03:31:28.672 [FXGL Background Thread 1 ] DEBUG FileSystemAccess     - Reading from: /home/avrann/Escritorio/Repo Proyecto DPOO/jorge.carrillo-Proyecto-POO-2025/system/fxgl.bundle
03:31:28.678 [FXGL Background Thread 1 ] DEBUG SystemBundleService  - Bundle FXGL: {}
03:31:28.678 [FXGL Background Thread 1 ] DEBUG UpdaterService       - Checking for updates
03:31:28.700 [FXGL Background Thread 4 ] DEBUG FXGLApplication      - Loading fonts
03:31:28.700 [FXGL Background Thread 4 ] DEBUG FXGLAssetLoaderServi - Loading from file system: jar:file:///home/avrann/.m2/repository/com/github/almasb/fxgl/21.1/fxgl-21.1.jar!/fxglassets/ui/fonts/VarelaRound-Regular.ttf
03:31:28.702 [FXGL Background Thread 1 ] DEBUG FXGLApplication      - Loading default localization
03:31:28.703 [FXGL Background Thread 1 ] DEBUG FXGLAssetLoaderServi - Loading from file system: jar:file:///home/avrann/.m2/repository/com/github/almasb/fxgl/21.1/fxgl-21.1.jar!/fxglassets/languages/english.lang
03:31:28.711 [FXGL Background Thread 4 ] DEBUG FXGLAssetLoaderServi - Loading from file system: jar:file:///home/avrann/.m2/repository/com/github/almasb/fxgl/21.1/fxgl-21.1.jar!/fxglassets/ui/fonts/Abel-Regular.ttf
03:31:28.713 [FXGL Background Thread 4 ] DEBUG FXGLAssetLoaderServi - Loading from file system: jar:file:///home/avrann/.m2/repository/com/github/almasb/fxgl/21.1/fxgl-21.1.jar!/fxglassets/ui/fonts/TerminalLandMono-Regular.otf
03:31:28.715 [FXGL Background Thread 4 ] DEBUG FXGLAssetLoaderServi - Loading from file system: jar:file:///home/avrann/.m2/repository/com/github/almasb/fxgl/21.1/fxgl-21.1.jar!/fxglassets/ui/fonts/Courier-Prime.ttf
03:31:28.715 [FXGL Background Thread 1 ] INFO  FXGLApplication      - FXGL initialization took: 0.554 sec
03:31:28.715 [JavaFX Application Thread] DEBUG FXGLAssetLoaderServi - Loading from file system: jar:file:///home/avrann/.m2/repository/com/github/almasb/fxgl/21.1/fxgl-21.1.jar!/fxglassets/textures/fxgl_icon.png
03:31:28.731 [JavaFX Application Thread] DEBUG FXGLAssetLoaderServi - Loading from file system: jar:file:///home/avrann/.m2/repository/com/github/almasb/fxgl/21.1/fxgl-21.1.jar!/fxglassets/textures/fxgl_default_cursor.png
03:31:28.743 [JavaFX Application Thread] DEBUG Input                - Registered new binding: Screenshot - CTRL+8
03:31:28.743 [JavaFX Application Thread] DEBUG Input                - Registered new binding: Dev Options - 1
03:31:28.743 [JavaFX Application Thread] DEBUG Input                - Registered new binding: Dev Console - 2
03:31:28.743 [JavaFX Application Thread] DEBUG Input                - Registered new binding: System info dump - CTRL+9
03:31:28.744 [JavaFX Application Thread] DEBUG Input                - Registered new binding: Restart - CTRL+R
03:31:28.745 [JavaFX Application Thread] DEBUG Input                - Registered new binding: Toggle Debug Camera - CTRL+7
03:31:28.750 [JavaFX Application Thread] DEBUG LoopRunner           - Starting loop
03:31:28.774 [JavaFX Application Thread] DEBUG LoopRunner           - Initializing JavaFX AnimationTimerLoop
03:31:28.782 [JavaFX Application Thread] DEBUG Input                - Clearing active input actions
03:31:28.790 [JavaFX Application Thread] DEBUG GameApplicationServi - Removing overlay from FXGLStartupScene and adding to FXGLMainMenuDummyScene
03:31:28.795 [JavaFX Application Thread] DEBUG PrimaryStageWindow   - FXGLStartupScene -> FXGLMainMenuDummyScene
03:31:28.795 [JavaFX Application Thread] DEBUG PrimaryStageWindow   - Push state: MyMenu
03:31:28.798 [JavaFX Application Thread] DEBUG Input                - Clearing active input actions
03:31:28.805 [JavaFX Application Thread] DEBUG GameApplicationServi - Removing overlay from FXGLMainMenuDummyScene and adding to MyMenu
03:31:28.805 [JavaFX Application Thread] DEBUG PrimaryStageWindow   - FXGLMainMenuDummyScene -> MyMenu
03:31:28.805 [JavaFX Application Thread] DEBUG FXGLApplication      - Registering font factories with UI factory
03:31:30.200 [JavaFX Application Thread] DEBUG Menu                 - fireNewGame()
03:31:30.200 [JavaFX Application Thread] DEBUG GameApplicationServi - Starting new game
03:31:30.202 [JavaFX Application Thread] DEBUG PrimaryStageWindow   - Pop state: MyMenu
03:31:30.203 [JavaFX Application Thread] DEBUG Input                - Clearing active input actions
03:31:30.205 [JavaFX Application Thread] DEBUG GameApplicationServi - Removing overlay from MyMenu and adding to FXGLMainMenuDummyScene
03:31:30.210 [JavaFX Application Thread] DEBUG PrimaryStageWindow   - FXGLMainMenuDummyScene <- MyMenu
03:31:30.211 [JavaFX Application Thread] DEBUG Input                - Clearing active input actions
03:31:30.224 [JavaFX Application Thread] DEBUG GameApplicationServi - Removing overlay from FXGLMainMenuDummyScene and adding to FXGLLoadingScene
03:31:30.224 [JavaFX Application Thread] DEBUG PrimaryStageWindow   - FXGLMainMenuDummyScene -> FXGLLoadingScene
03:31:30.225 [JavaFX Application Thread] DEBUG GameApplicationServi - Clearing previous game
03:31:30.225 [JavaFX Application Thread] DEBUG GameScene            - Clearing game scene
03:31:30.225 [JavaFX Application Thread] DEBUG GameWorld            - Clearing game world
03:31:30.225 [JavaFX Application Thread] DEBUG PhysicsWorld         - Clearing physics world
03:31:30.228 [FXGL Background Thread 2 ] DEBUG FXGLApplication      - Initializing game
03:31:30.385 [FXGL Background Thread 2 ] DEBUG AudioPlayer          - Stopping music com.almasb.fxgl.audio.Music@53603da1
03:31:30.423 [FXGL Background Thread 2 ] DEBUG FXGLAssetLoaderServi - Loading from file system: file:/home/avrann/Escritorio/Repo%20Proyecto%20DPOO/jorge.carrillo-Proyecto-POO-2025/target/classes/assets/music/loading.wav
03:31:30.448 [FXGL Background Thread 2 ] DEBUG AudioPlayer          - Playing music com.almasb.fxgl.audio.Music@a37b2d3
03:31:30.510 [FXGL Background Thread 2 ] DEBUG TMXLevelLoader       - Parsed TiledMap: file:/home/avrann/Escritorio/Repo%20Proyecto%20DPOO/jorge.carrillo-Proyecto-POO-2025/target/classes/assets/levels/level_01.tmx
03:31:30.512 [FXGL Background Thread 2 ] DEBUG TMXLevelLoader       - Creating tile layer entities
03:31:30.514 [FXGL Background Thread 2 ] DEBUG TilesetLoader        - Loading view for layer Capa de patrones 1
03:31:30.516 [FXGL Background Thread 2 ] DEBUG TilesetLoader        - Created buffer with size 2000.0x1500.0
03:31:30.542 [FXGL Background Thread 2 ] WARN  TilesetLoader        - Diagonally flipped tiles are not currently supported
03:31:30.546 [FXGL Background Thread 2 ] WARN  TilesetLoader        - Diagonally flipped tiles are not currently supported
03:31:30.549 [FXGL Background Thread 2 ] WARN  TilesetLoader        - Diagonally flipped tiles are not currently supported
03:31:30.549 [FXGL Background Thread 2 ] WARN  TilesetLoader        - Diagonally flipped tiles are not currently supported
03:31:30.551 [FXGL Background Thread 2 ] WARN  TilesetLoader        - Diagonally flipped tiles are not currently supported
03:31:30.555 [FXGL Background Thread 2 ] WARN  TilesetLoader        - Diagonally flipped tiles are not currently supported
03:31:30.556 [FXGL Background Thread 2 ] WARN  TilesetLoader        - Diagonally flipped tiles are not currently supported
03:31:30.557 [FXGL Background Thread 2 ] WARN  TilesetLoader        - Diagonally flipped tiles are not currently supported
03:31:30.558 [FXGL Background Thread 2 ] WARN  TilesetLoader        - Diagonally flipped tiles are not currently supported
03:31:30.561 [FXGL Background Thread 2 ] WARN  TilesetLoader        - Diagonally flipped tiles are not currently supported
03:31:30.562 [FXGL Background Thread 2 ] WARN  TilesetLoader        - Diagonally flipped tiles are not currently supported
03:31:30.563 [FXGL Background Thread 2 ] DEBUG TilesetLoader        - Loading view for layer Capa de Decoracion
03:31:30.564 [FXGL Background Thread 2 ] DEBUG TilesetLoader        - Created buffer with size 2000.0x1500.0
03:31:30.583 [FXGL Background Thread 2 ] DEBUG TMXLevelLoader       - Creating object layer entities
03:31:30.625 [FXGL Background Thread 2 ] DEBUG GameWorld            - Clearing removable entities
03:31:30.660 [FXGL Background Thread 2 ] DEBUG GameWorld            - Setting level: com.almasb.fxgl.entity.level.Level@79708bff
03:31:30.684 [FXGL Background Thread 2 ] DEBUG FXGLAssetLoaderServi - Loading from file system: file:/home/avrann/Escritorio/Repo%20Proyecto%20DPOO/jorge.carrillo-Proyecto-POO-2025/target/classes/assets/textures/exploreatack_basic.png
03:31:30.686 [FXGL Background Thread 2 ] DEBUG FXGLAssetLoaderServi - Loading from file system: file:/home/avrann/Escritorio/Repo%20Proyecto%20DPOO/jorge.carrillo-Proyecto-POO-2025/target/classes/assets/textures/exploreidle.png
03:31:30.688 [FXGL Background Thread 2 ] WARN  FXGLAssetLoaderServi - Asset "/assets/textures/explorecaminando.png" was not found!
03:31:30.688 [FXGL Background Thread 2 ] WARN  FXGLAssetLoaderServi - Failed to load IMAGE
03:31:30.697 [FXGL Background Thread 2 ] WARN  FXGLAssetLoaderServi - Asset "/assets/textures/exploreadelante.png" was not found!
03:31:30.697 [FXGL Background Thread 2 ] WARN  FXGLAssetLoaderServi - Failed to load IMAGE
03:31:30.697 [FXGL Background Thread 2 ] WARN  FXGLAssetLoaderServi - Asset "/assets/textures/exploreatras.png" was not found!
03:31:30.697 [FXGL Background Thread 2 ] WARN  FXGLAssetLoaderServi - Failed to load IMAGE
03:31:30.698 [FXGL Background Thread 2 ] DEBUG FXGLAssetLoaderServi - Loading from file system: file:/home/avrann/Escritorio/Repo%20Proyecto%20DPOO/jorge.carrillo-Proyecto-POO-2025/target/classes/assets/textures/exploredeat.png
03:31:30.702 [FXGL Background Thread 2 ] WARN  GameWorld            - Entity is already attached to world
03:31:30.703 [FXGL Background Thread 2 ] WARN  FXGLAssetLoaderServi - Asset "/assets/textures/explorecaminando.png" was not found!
03:31:30.703 [FXGL Background Thread 2 ] WARN  FXGLAssetLoaderServi - Failed to load IMAGE
03:31:30.704 [FXGL Background Thread 2 ] WARN  FXGLAssetLoaderServi - Asset "/assets/textures/exploreadelante.png" was not found!
03:31:30.704 [FXGL Background Thread 2 ] WARN  FXGLAssetLoaderServi - Failed to load IMAGE
03:31:30.704 [FXGL Background Thread 2 ] WARN  FXGLAssetLoaderServi - Asset "/assets/textures/exploreatras.png" was not found!
03:31:30.704 [FXGL Background Thread 2 ] WARN  FXGLAssetLoaderServi - Failed to load IMAGE
03:31:30.707 [FXGL Background Thread 2 ] WARN  GameWorld            - Entity is already attached to world
03:31:30.711 [FXGL Background Thread 2 ] DEBUG FXGLAssetLoaderServi - Loading from file system: file:/home/avrann/Escritorio/Repo%20Proyecto%20DPOO/jorge.carrillo-Proyecto-POO-2025/target/classes/assets/textures/droidatack_basic.png
03:31:30.713 [FXGL Background Thread 2 ] DEBUG FXGLAssetLoaderServi - Loading from file system: file:/home/avrann/Escritorio/Repo%20Proyecto%20DPOO/jorge.carrillo-Proyecto-POO-2025/target/classes/assets/textures/droididle.png
03:31:30.713 [FXGL Background Thread 2 ] WARN  FXGLAssetLoaderServi - Asset "/assets/textures/droidcaminando.png" was not found!
03:31:30.714 [FXGL Background Thread 2 ] WARN  FXGLAssetLoaderServi - Failed to load IMAGE
03:31:30.714 [FXGL Background Thread 2 ] WARN  FXGLAssetLoaderServi - Asset "/assets/textures/droidadelante.png" was not found!
03:31:30.714 [FXGL Background Thread 2 ] WARN  FXGLAssetLoaderServi - Failed to load IMAGE
03:31:30.714 [FXGL Background Thread 2 ] WARN  FXGLAssetLoaderServi - Asset "/assets/textures/droidatras.png" was not found!
03:31:30.714 [FXGL Background Thread 2 ] WARN  FXGLAssetLoaderServi - Failed to load IMAGE
03:31:30.714 [FXGL Background Thread 2 ] DEBUG FXGLAssetLoaderServi - Loading from file system: file:/home/avrann/Escritorio/Repo%20Proyecto%20DPOO/jorge.carrillo-Proyecto-POO-2025/target/classes/assets/textures/droiddeat.png
03:31:30.715 [FXGL Background Thread 2 ] WARN  GameWorld            - Entity is already attached to world
03:31:30.716 [FXGL Background Thread 2 ] WARN  FXGLAssetLoaderServi - Asset "/assets/textures/droidcaminando.png" was not found!
03:31:30.716 [FXGL Background Thread 2 ] WARN  FXGLAssetLoaderServi - Failed to load IMAGE
03:31:30.716 [FXGL Background Thread 2 ] WARN  FXGLAssetLoaderServi - Asset "/assets/textures/droidadelante.png" was not found!
03:31:30.716 [FXGL Background Thread 2 ] WARN  FXGLAssetLoaderServi - Failed to load IMAGE
03:31:30.716 [FXGL Background Thread 2 ] WARN  FXGLAssetLoaderServi - Asset "/assets/textures/droidatras.png" was not found!
03:31:30.717 [FXGL Background Thread 2 ] WARN  FXGLAssetLoaderServi - Failed to load IMAGE
03:31:30.717 [FXGL Background Thread 2 ] WARN  GameWorld            - Entity is already attached to world
03:31:30.717 [FXGL Background Thread 2 ] DEBUG FXGLAssetLoaderServi - Loading from file system: file:/home/avrann/Escritorio/Repo%20Proyecto%20DPOO/jorge.carrillo-Proyecto-POO-2025/target/classes/assets/textures/droid2atack_basic.png
03:31:30.719 [FXGL Background Thread 2 ] DEBUG FXGLAssetLoaderServi - Loading from file system: file:/home/avrann/Escritorio/Repo%20Proyecto%20DPOO/jorge.carrillo-Proyecto-POO-2025/target/classes/assets/textures/droid2idle.png
03:31:30.721 [FXGL Background Thread 2 ] WARN  FXGLAssetLoaderServi - Asset "/assets/textures/droid2caminando.png" was not found!
03:31:30.721 [FXGL Background Thread 2 ] WARN  FXGLAssetLoaderServi - Failed to load IMAGE
03:31:30.722 [FXGL Background Thread 2 ] WARN  FXGLAssetLoaderServi - Asset "/assets/textures/droid2adelante.png" was not found!
03:31:30.722 [FXGL Background Thread 2 ] WARN  FXGLAssetLoaderServi - Failed to load IMAGE
03:31:30.722 [FXGL Background Thread 2 ] WARN  FXGLAssetLoaderServi - Asset "/assets/textures/droid2atras.png" was not found!
03:31:30.722 [FXGL Background Thread 2 ] WARN  FXGLAssetLoaderServi - Failed to load IMAGE
03:31:30.722 [FXGL Background Thread 2 ] DEBUG FXGLAssetLoaderServi - Loading from file system: file:/home/avrann/Escritorio/Repo%20Proyecto%20DPOO/jorge.carrillo-Proyecto-POO-2025/target/classes/assets/textures/droid2deat.png
03:31:30.724 [FXGL Background Thread 2 ] WARN  GameWorld            - Entity is already attached to world
03:31:30.725 [FXGL Background Thread 2 ] WARN  FXGLAssetLoaderServi - Asset "/assets/textures/droid2caminando.png" was not found!
03:31:30.725 [FXGL Background Thread 2 ] WARN  FXGLAssetLoaderServi - Failed to load IMAGE
03:31:30.725 [FXGL Background Thread 2 ] WARN  FXGLAssetLoaderServi - Asset "/assets/textures/droid2adelante.png" was not found!
03:31:30.725 [FXGL Background Thread 2 ] WARN  FXGLAssetLoaderServi - Failed to load IMAGE
03:31:30.725 [FXGL Background Thread 2 ] WARN  FXGLAssetLoaderServi - Asset "/assets/textures/droid2atras.png" was not found!
03:31:30.725 [FXGL Background Thread 2 ] WARN  FXGLAssetLoaderServi - Failed to load IMAGE
03:31:30.726 [FXGL Background Thread 2 ] WARN  GameWorld            - Entity is already attached to world
03:31:30.727 [FXGL Background Thread 2 ] WARN  FXGLAssetLoaderServi - Asset "/assets/textures/droid2caminando.png" was not found!
03:31:30.727 [FXGL Background Thread 2 ] WARN  FXGLAssetLoaderServi - Failed to load IMAGE
03:31:30.727 [FXGL Background Thread 2 ] WARN  FXGLAssetLoaderServi - Asset "/assets/textures/droid2adelante.png" was not found!
03:31:30.728 [FXGL Background Thread 2 ] WARN  FXGLAssetLoaderServi - Failed to load IMAGE
03:31:30.728 [FXGL Background Thread 2 ] WARN  FXGLAssetLoaderServi - Asset "/assets/textures/droid2atras.png" was not found!
03:31:30.728 [FXGL Background Thread 2 ] WARN  FXGLAssetLoaderServi - Failed to load IMAGE
03:31:30.729 [FXGL Background Thread 2 ] WARN  GameWorld            - Entity is already attached to world
03:31:30.730 [FXGL Background Thread 2 ] DEBUG FXGLAssetLoaderServi - Loading from file system: file:/home/avrann/Escritorio/Repo%20Proyecto%20DPOO/jorge.carrillo-Proyecto-POO-2025/target/classes/assets/textures/droid3atack_basic.png
03:31:30.731 [FXGL Background Thread 2 ] DEBUG FXGLAssetLoaderServi - Loading from file system: file:/home/avrann/Escritorio/Repo%20Proyecto%20DPOO/jorge.carrillo-Proyecto-POO-2025/target/classes/assets/textures/droid3idle.png
03:31:30.732 [FXGL Background Thread 2 ] WARN  FXGLAssetLoaderServi - Asset "/assets/textures/droid3caminando.png" was not found!
03:31:30.732 [FXGL Background Thread 2 ] WARN  FXGLAssetLoaderServi - Failed to load IMAGE
03:31:30.732 [FXGL Background Thread 2 ] WARN  FXGLAssetLoaderServi - Asset "/assets/textures/droid3adelante.png" was not found!
03:31:30.733 [FXGL Background Thread 2 ] WARN  FXGLAssetLoaderServi - Failed to load IMAGE
03:31:30.733 [FXGL Background Thread 2 ] WARN  FXGLAssetLoaderServi - Asset "/assets/textures/droid3atras.png" was not found!
03:31:30.733 [FXGL Background Thread 2 ] WARN  FXGLAssetLoaderServi - Failed to load IMAGE
03:31:30.733 [FXGL Background Thread 2 ] DEBUG FXGLAssetLoaderServi - Loading from file system: file:/home/avrann/Escritorio/Repo%20Proyecto%20DPOO/jorge.carrillo-Proyecto-POO-2025/target/classes/assets/textures/droid3deat.png
03:31:30.734 [FXGL Background Thread 2 ] WARN  GameWorld            - Entity is already attached to world
03:31:30.735 [FXGL Background Thread 2 ] WARN  FXGLAssetLoaderServi - Asset "/assets/textures/droid3caminando.png" was not found!
03:31:30.735 [FXGL Background Thread 2 ] WARN  FXGLAssetLoaderServi - Failed to load IMAGE
03:31:30.735 [FXGL Background Thread 2 ] WARN  FXGLAssetLoaderServi - Asset "/assets/textures/droid3adelante.png" was not found!
03:31:30.735 [FXGL Background Thread 2 ] WARN  FXGLAssetLoaderServi - Failed to load IMAGE
03:31:30.735 [FXGL Background Thread 2 ] WARN  FXGLAssetLoaderServi - Asset "/assets/textures/droid3atras.png" was not found!
03:31:30.735 [FXGL Background Thread 2 ] WARN  FXGLAssetLoaderServi - Failed to load IMAGE
03:31:30.736 [FXGL Background Thread 2 ] WARN  GameWorld            - Entity is already attached to world
03:31:30.736 [FXGL Background Thread 2 ] DEBUG FXGLAssetLoaderServi - Loading from file system: file:/home/avrann/Escritorio/Repo%20Proyecto%20DPOO/jorge.carrillo-Proyecto-POO-2025/target/classes/assets/textures/barreraDesactivadaitem.png
03:31:30.739 [FXGL Background Thread 2 ] WARN  FXGLAssetLoaderServi - Asset "/assets/textures/barreraDesactivadadisabled.png" was not found!
03:31:30.739 [FXGL Background Thread 2 ] WARN  FXGLAssetLoaderServi - Failed to load IMAGE
03:31:30.740 [FXGL Background Thread 2 ] WARN  GameWorld            - Entity is already attached to world
03:31:30.742 [FXGL Background Thread 2 ] WARN  FXGLAssetLoaderServi - Asset "/assets/textures/barreraDesactivadadisabled.png" was not found!
03:31:30.743 [FXGL Background Thread 2 ] WARN  FXGLAssetLoaderServi - Failed to load IMAGE
03:31:30.744 [FXGL Background Thread 2 ] WARN  GameWorld            - Entity is already attached to world
03:31:30.745 [FXGL Background Thread 2 ] WARN  FXGLAssetLoaderServi - Asset "/assets/textures/barreraDesactivadadisabled.png" was not found!
03:31:30.745 [FXGL Background Thread 2 ] WARN  FXGLAssetLoaderServi - Failed to load IMAGE
03:31:30.745 [FXGL Background Thread 2 ] WARN  GameWorld            - Entity is already attached to world
03:31:30.746 [FXGL Background Thread 2 ] WARN  FXGLAssetLoaderServi - Asset "/assets/textures/barreraDesactivadadisabled.png" was not found!
03:31:30.746 [FXGL Background Thread 2 ] WARN  FXGLAssetLoaderServi - Failed to load IMAGE
03:31:30.746 [FXGL Background Thread 2 ] WARN  GameWorld            - Entity is already attached to world
03:31:30.747 [FXGL Background Thread 2 ] DEBUG FXGLAssetLoaderServi - Loading from file system: file:/home/avrann/Escritorio/Repo%20Proyecto%20DPOO/jorge.carrillo-Proyecto-POO-2025/target/classes/assets/textures/barreraitem.png
03:31:30.750 [FXGL Background Thread 2 ] DEBUG FXGLAssetLoaderServi - Loading from file system: file:/home/avrann/Escritorio/Repo%20Proyecto%20DPOO/jorge.carrillo-Proyecto-POO-2025/target/classes/assets/textures/barreradisabled.png
03:31:30.754 [FXGL Background Thread 2 ] WARN  GameWorld            - Entity is already attached to world
03:31:30.755 [FXGL Background Thread 2 ] WARN  GameWorld            - Entity is already attached to world
03:31:30.756 [FXGL Background Thread 2 ] DEBUG FXGLAssetLoaderServi - Loading from file system: file:/home/avrann/Escritorio/Repo%20Proyecto%20DPOO/jorge.carrillo-Proyecto-POO-2025/target/classes/assets/textures/panelitem.png
03:31:30.757 [FXGL Background Thread 2 ] DEBUG FXGLAssetLoaderServi - Loading from file system: file:/home/avrann/Escritorio/Repo%20Proyecto%20DPOO/jorge.carrillo-Proyecto-POO-2025/target/classes/assets/textures/paneldisabled.png
03:31:30.761 [FXGL Background Thread 2 ] WARN  GameWorld            - Entity is already attached to world
03:31:30.762 [FXGL Background Thread 2 ] WARN  GameWorld            - Entity is already attached to world
03:31:30.763 [FXGL Background Thread 2 ] DEBUG FXGLAssetLoaderServi - Loading from file system: file:/home/avrann/Escritorio/Repo%20Proyecto%20DPOO/jorge.carrillo-Proyecto-POO-2025/target/classes/assets/textures/generatorSpecialPointitem.png
03:31:30.764 [FXGL Background Thread 2 ] WARN  FXGLAssetLoaderServi - Asset "/assets/textures/generatorSpecialPointdisabled.png" was not found!
03:31:30.765 [FXGL Background Thread 2 ] WARN  FXGLAssetLoaderServi - Failed to load IMAGE
03:31:30.765 [FXGL Background Thread 2 ] WARN  GameWorld            - Entity is already attached to world
03:31:30.766 [FXGL Background Thread 2 ] WARN  FXGLAssetLoaderServi - Asset "/assets/textures/generatorSpecialPointdisabled.png" was not found!
03:31:30.766 [FXGL Background Thread 2 ] WARN  FXGLAssetLoaderServi - Failed to load IMAGE
03:31:30.766 [FXGL Background Thread 2 ] WARN  GameWorld            - Entity is already attached to world
03:31:30.766 [FXGL Background Thread 2 ] DEBUG FXGLAssetLoaderServi - Loading from file system: file:/home/avrann/Escritorio/Repo%20Proyecto%20DPOO/jorge.carrillo-Proyecto-POO-2025/target/classes/assets/textures/lifeitem.png
03:31:30.768 [FXGL Background Thread 2 ] WARN  FXGLAssetLoaderServi - Asset "/assets/textures/lifedisabled.png" was not found!
03:31:30.782 [FXGL Background Thread 2 ] WARN  FXGLAssetLoaderServi - Failed to load IMAGE
03:31:30.782 [FXGL Background Thread 2 ] WARN  GameWorld            - Entity is already attached to world
03:31:30.785 [FXGL Background Thread 2 ] WARN  FXGLAssetLoaderServi - Asset "/assets/textures/lifedisabled.png" was not found!
03:31:30.785 [FXGL Background Thread 2 ] WARN  FXGLAssetLoaderServi - Failed to load IMAGE
03:31:30.786 [FXGL Background Thread 2 ] WARN  GameWorld            - Entity is already attached to world
03:31:30.786 [FXGL Background Thread 2 ] DEBUG FXGLAssetLoaderServi - Loading from file system: file:/home/avrann/Escritorio/Repo%20Proyecto%20DPOO/jorge.carrillo-Proyecto-POO-2025/target/classes/assets/textures/atackitem.png
03:31:30.787 [FXGL Background Thread 2 ] WARN  FXGLAssetLoaderServi - Asset "/assets/textures/atackdisabled.png" was not found!
03:31:30.787 [FXGL Background Thread 2 ] WARN  FXGLAssetLoaderServi - Failed to load IMAGE
03:31:30.787 [FXGL Background Thread 2 ] WARN  GameWorld            - Entity is already attached to world
03:31:30.788 [FXGL Background Thread 2 ] WARN  FXGLAssetLoaderServi - Asset "/assets/textures/atackdisabled.png" was not found!
03:31:30.788 [FXGL Background Thread 2 ] WARN  FXGLAssetLoaderServi - Failed to load IMAGE
03:31:30.788 [FXGL Background Thread 2 ] WARN  GameWorld            - Entity is already attached to world
03:31:30.789 [FXGL Background Thread 2 ] DEBUG FXGLAssetLoaderServi - Loading from file system: file:/home/avrann/Escritorio/Repo%20Proyecto%20DPOO/jorge.carrillo-Proyecto-POO-2025/target/classes/assets/textures/cyborgatack_special.png
03:31:30.790 [FXGL Background Thread 2 ] DEBUG FXGLAssetLoaderServi - Loading from file system: file:/home/avrann/Escritorio/Repo%20Proyecto%20DPOO/jorge.carrillo-Proyecto-POO-2025/target/classes/assets/textures/cyborgatack_basic.png
03:31:30.791 [FXGL Background Thread 2 ] DEBUG FXGLAssetLoaderServi - Loading from file system: file:/home/avrann/Escritorio/Repo%20Proyecto%20DPOO/jorge.carrillo-Proyecto-POO-2025/target/classes/assets/textures/cyborgidle.png
03:31:30.792 [FXGL Background Thread 2 ] DEBUG FXGLAssetLoaderServi - Loading from file system: file:/home/avrann/Escritorio/Repo%20Proyecto%20DPOO/jorge.carrillo-Proyecto-POO-2025/target/classes/assets/textures/cyborgcaminando.png
03:31:30.794 [FXGL Background Thread 2 ] DEBUG FXGLAssetLoaderServi - Loading from file system: file:/home/avrann/Escritorio/Repo%20Proyecto%20DPOO/jorge.carrillo-Proyecto-POO-2025/target/classes/assets/textures/cyborgadelante.png
03:31:30.796 [FXGL Background Thread 2 ] DEBUG FXGLAssetLoaderServi - Loading from file system: file:/home/avrann/Escritorio/Repo%20Proyecto%20DPOO/jorge.carrillo-Proyecto-POO-2025/target/classes/assets/textures/cyborgatras.png
03:31:30.798 [FXGL Background Thread 2 ] DEBUG FXGLAssetLoaderServi - Loading from file system: file:/home/avrann/Escritorio/Repo%20Proyecto%20DPOO/jorge.carrillo-Proyecto-POO-2025/target/classes/assets/textures/cyborgdeat.png
03:31:30.801 [FXGL Background Thread 2 ] WARN  GameWorld            - Entity is already attached to world
03:31:30.801 [FXGL Background Thread 2 ] DEBUG Input                - Registered new binding: Mover Arriba - W
03:31:30.801 [FXGL Background Thread 2 ] DEBUG Input                - Registered new binding: Mover Abajo - S
03:31:30.801 [FXGL Background Thread 2 ] DEBUG Input                - Registered new binding: Mover Izquierda - A
03:31:30.801 [FXGL Background Thread 2 ] DEBUG Input                - Registered new binding: Mover Derecha - D
03:31:30.802 [FXGL Background Thread 2 ] DEBUG FXGLAssetLoaderServi - Loading from file system: file:/home/avrann/Escritorio/Repo%20Proyecto%20DPOO/jorge.carrillo-Proyecto-POO-2025/target/classes/assets/textures/botonGameMenu.png
03:31:30.803 [FXGL Background Thread 2 ] DEBUG FXGLAssetLoaderServi - Loading from file system: file:/home/avrann/Escritorio/Repo%20Proyecto%20DPOO/jorge.carrillo-Proyecto-POO-2025/target/classes/assets/textures/buttonMainMenu.png
03:31:30.803 [FXGL Background Thread 2 ] DEBUG FXGLAssetLoaderServi - Loading from file system: file:/home/avrann/Escritorio/Repo%20Proyecto%20DPOO/jorge.carrillo-Proyecto-POO-2025/target/classes/assets/textures/wikiButton.png
03:31:30.804 [FXGL Background Thread 2 ] DEBUG FXGLAssetLoaderServi - Loading from file system: file:/home/avrann/Escritorio/Repo%20Proyecto%20DPOO/jorge.carrillo-Proyecto-POO-2025/target/classes/assets/textures/specialPointBar.png
03:31:30.805 [FXGL Background Thread 2 ] DEBUG FXGLAssetLoaderServi - Loading from file system: file:/home/avrann/Escritorio/Repo%20Proyecto%20DPOO/jorge.carrillo-Proyecto-POO-2025/target/classes/assets/textures/statBar.png
03:31:30.807 [FXGL Background Thread 2 ] DEBUG FXGLAssetLoaderServi - Loading from file system: file:/home/avrann/Escritorio/Repo%20Proyecto%20DPOO/jorge.carrillo-Proyecto-POO-2025/target/classes/assets/textures/statAtackBar.png
03:31:30.809 [FXGL Background Thread 2 ] DEBUG FXGLAssetLoaderServi - Loading from file system: file:/home/avrann/Escritorio/Repo%20Proyecto%20DPOO/jorge.carrillo-Proyecto-POO-2025/target/classes/assets/textures/wiki_image.png
03:31:30.833 [FXGL Background Thread 2 ] DEBUG FXGLAssetLoaderServi - Loading from file system: file:/home/avrann/Escritorio/Repo%20Proyecto%20DPOO/jorge.carrillo-Proyecto-POO-2025/target/classes/assets/textures/specialPoint.png
03:31:30.835 [FXGL Background Thread 2 ] DEBUG FXGLAssetLoaderServi - Loading from file system: file:/home/avrann/Escritorio/Repo%20Proyecto%20DPOO/jorge.carrillo-Proyecto-POO-2025/target/classes/assets/textures/special.png
03:31:30.835 [FXGL Background Thread 2 ] DEBUG FXGLAssetLoaderServi - Loading from file system: file:/home/avrann/Escritorio/Repo%20Proyecto%20DPOO/jorge.carrillo-Proyecto-POO-2025/target/classes/assets/textures/barra_enemigo.png
03:31:30.837 [FXGL Background Thread 2 ] DEBUG FXGLAssetLoaderServi - Loading from file system: file:/home/avrann/Escritorio/Repo%20Proyecto%20DPOO/jorge.carrillo-Proyecto-POO-2025/target/classes/assets/textures/life_point_enemi.png
03:31:30.837 [FXGL Background Thread 2 ] DEBUG FXGLAssetLoaderServi - Loading from file system: file:/home/avrann/Escritorio/Repo%20Proyecto%20DPOO/jorge.carrillo-Proyecto-POO-2025/target/classes/assets/textures/life_bar.png
03:31:30.841 [FXGL Background Thread 2 ] DEBUG FXGLAssetLoaderServi - Loading from file system: file:/home/avrann/Escritorio/Repo%20Proyecto%20DPOO/jorge.carrillo-Proyecto-POO-2025/target/classes/assets/textures/life_point.png
03:31:30.842 [FXGL Background Thread 2 ] DEBUG FXGLAssetLoaderServi - Loading from file system: file:/home/avrann/Escritorio/Repo%20Proyecto%20DPOO/jorge.carrillo-Proyecto-POO-2025/target/classes/assets/textures/button_atacck.png
03:31:30.843 [FXGL Background Thread 2 ] DEBUG FXGLAssetLoaderServi - Loading from file system: file:/home/avrann/Escritorio/Repo%20Proyecto%20DPOO/jorge.carrillo-Proyecto-POO-2025/target/classes/assets/textures/combat_panel.png
03:31:30.849 [FXGL Background Thread 2 ] INFO  FXGLApplication      - Game initialization took: 0.622 sec
03:31:30.856 [JavaFX Application Thread] DEBUG Input                - Clearing active input actions
03:31:30.875 [JavaFX Application Thread] DEBUG GameApplicationServi - Removing overlay from FXGLLoadingScene and adding to GameScene
03:31:30.879 [JavaFX Application Thread] DEBUG PrimaryStageWindow   - FXGLLoadingScene -> GameScene
03:31:31.696 [FXGL Background Thread 3 ] DEBUG Engine               - Logging environment variables
03:31:31.697 [FXGL Background Thread 3 ] DEBUG Engine               - achievements: []
03:31:31.697 [FXGL Background Thread 3 ] DEBUG Engine               - actualHeight: 913.185302734375
03:31:31.697 [FXGL Background Thread 3 ] DEBUG Engine               - actualHeightProperty: ReadOnlyDoubleProperty [value: 942.2763061523438]
03:31:31.697 [FXGL Background Thread 3 ] DEBUG Engine               - actualWidth: 1397.0
03:31:31.697 [FXGL Background Thread 3 ] DEBUG Engine               - actualWidthProperty: ReadOnlyDoubleProperty [value: 1397.0]
03:31:31.697 [FXGL Background Thread 3 ] DEBUG Engine               - appIcon: fxgl_icon.png
03:31:31.697 [FXGL Background Thread 3 ] DEBUG Engine               - applicationMode: DEVELOPER
03:31:31.697 [FXGL Background Thread 3 ] DEBUG Engine               - cSSList: [fxgl_dark.css]
03:31:31.697 [FXGL Background Thread 3 ] DEBUG Engine               - collisionDetectionStrategy: BRUTE_FORCE
03:31:31.697 [FXGL Background Thread 3 ] DEBUG Engine               - configClass: Optional.empty
03:31:31.697 [FXGL Background Thread 3 ] DEBUG Engine               - credits: []
03:31:31.698 [FXGL Background Thread 3 ] DEBUG Engine               - defaultCursor: CursorInfo(imageName=fxgl_default_cursor.png, hotspotX=7.0, hotspotY=6.0)
03:31:31.698 [FXGL Background Thread 3 ] DEBUG Engine               - devBBoxColorProperty: ObjectProperty [value: 0xff0000ff]
03:31:31.698 [FXGL Background Thread 3 ] DEBUG Engine               - devEnableDebugCameraProperty: BooleanProperty [value: false]
03:31:31.698 [FXGL Background Thread 3 ] DEBUG Engine               - devSensorColorProperty: ObjectProperty [value: 0xffff00ff]
03:31:31.698 [FXGL Background Thread 3 ] DEBUG Engine               - devShowBBoxProperty: BooleanProperty [value: false]
03:31:31.698 [FXGL Background Thread 3 ] DEBUG Engine               - devShowPositionProperty: BooleanProperty [value: false]
03:31:31.698 [FXGL Background Thread 3 ] DEBUG Engine               - enabledMenuItems: []
03:31:31.698 [FXGL Background Thread 3 ] DEBUG Engine               - engineServices: [class com.almasb.fxgl.app.services.FXGLAssetLoaderService, class com.almasb.fxgl.app.FXGLApplication$GameApplicationService, class com.almasb.fxgl.app.services.FXGLDialogService, class com.almasb.fxgl.app.services.IOTaskExecutorService, class com.almasb.fxgl.io.FileSystemService, class com.almasb.fxgl.localization.LocalizationService, class com.almasb.fxgl.app.services.SystemBundleService, class com.almasb.fxgl.profile.SaveLoadService, class com.almasb.fxgl.ui.FXGLUIFactoryServiceProvider, class com.almasb.fxgl.ui.FXGLDialogFactoryServiceProvider, class com.almasb.fxgl.audio.AudioPlayer, class com.almasb.fxgl.notification.impl.NotificationServiceProvider, class com.almasb.fxgl.achievement.AchievementService, class com.almasb.fxgl.cutscene.CutsceneService, class com.almasb.fxgl.minigames.MiniGameService, class com.almasb.fxgl.net.NetService, class com.almasb.fxgl.app.services.UpdaterService, class com.almasb.fxgl.dev.DevService]
03:31:31.698 [FXGL Background Thread 3 ] DEBUG Engine               - fontGame: Abel-Regular.ttf
03:31:31.699 [FXGL Background Thread 3 ] DEBUG Engine               - fontMono: TerminalLandMono-Regular.otf
03:31:31.699 [FXGL Background Thread 3 ] DEBUG Engine               - fontSizeScaleUI: 1.0
03:31:31.699 [FXGL Background Thread 3 ] DEBUG Engine               - fontText: Courier-Prime.ttf
03:31:31.699 [FXGL Background Thread 3 ] DEBUG Engine               - fontUI: VarelaRound-Regular.ttf
03:31:31.699 [FXGL Background Thread 3 ] DEBUG Engine               - fullScreen: BooleanProperty [value: false]
03:31:31.699 [FXGL Background Thread 3 ] DEBUG Engine               - gameDifficulty: MEDIUM
03:31:31.699 [FXGL Background Thread 3 ] DEBUG Engine               - gameDifficultyProperty: ObjectProperty [value: MEDIUM]
03:31:31.699 [FXGL Background Thread 3 ] DEBUG Engine               - globalMusicVolume: 0.5
03:31:31.699 [FXGL Background Thread 3 ] DEBUG Engine               - globalMusicVolumeProperty: DoubleProperty [value: 0.5]
03:31:31.699 [FXGL Background Thread 3 ] DEBUG Engine               - globalSoundVolume: 0.5
03:31:31.699 [FXGL Background Thread 3 ] DEBUG Engine               - globalSoundVolumeProperty: DoubleProperty [value: 0.5]
03:31:31.699 [FXGL Background Thread 3 ] DEBUG Engine               - height: 1024
03:31:31.699 [FXGL Background Thread 3 ] DEBUG Engine               - is3D: false
03:31:31.699 [FXGL Background Thread 3 ] DEBUG Engine               - isAndroid: false
03:31:31.699 [FXGL Background Thread 3 ] DEBUG Engine               - isBrowser: false
03:31:31.699 [FXGL Background Thread 3 ] DEBUG Engine               - isClickFeedbackEnabled: false
03:31:31.699 [FXGL Background Thread 3 ] DEBUG Engine               - isCloseConfirmation: false
03:31:31.699 [FXGL Background Thread 3 ] DEBUG Engine               - isDesktop: true
03:31:31.699 [FXGL Background Thread 3 ] DEBUG Engine               - isDeveloperMenuEnabled: true
03:31:31.700 [FXGL Background Thread 3 ] DEBUG Engine               - isEmbedded: false
03:31:31.700 [FXGL Background Thread 3 ] DEBUG Engine               - isEntityPreloadEnabled: true
03:31:31.700 [FXGL Background Thread 3 ] DEBUG Engine               - isExperimentalTiledLargeMap: false
03:31:31.700 [FXGL Background Thread 3 ] DEBUG Engine               - isFileSystemWriteAllowed: true
03:31:31.700 [FXGL Background Thread 3 ] DEBUG Engine               - isFullScreenAllowed: false
03:31:31.700 [FXGL Background Thread 3 ] DEBUG Engine               - isFullScreenFromStart: false
03:31:31.700 [FXGL Background Thread 3 ] DEBUG Engine               - isGameMenuEnabled: true
03:31:31.700 [FXGL Background Thread 3 ] DEBUG Engine               - isIOS: false
03:31:31.700 [FXGL Background Thread 3 ] DEBUG Engine               - isIntroEnabled: false
03:31:31.700 [FXGL Background Thread 3 ] DEBUG Engine               - isLinux: true
03:31:31.700 [FXGL Background Thread 3 ] DEBUG Engine               - isMac: false
03:31:31.700 [FXGL Background Thread 3 ] DEBUG Engine               - isMainMenuEnabled: true
03:31:31.700 [FXGL Background Thread 3 ] DEBUG Engine               - isManualResizeEnabled: false
03:31:31.700 [FXGL Background Thread 3 ] DEBUG Engine               - isMobile: false
03:31:31.700 [FXGL Background Thread 3 ] DEBUG Engine               - isNative: false
03:31:31.700 [FXGL Background Thread 3 ] DEBUG Engine               - isPauseMusicWhenMinimized: true
03:31:31.700 [FXGL Background Thread 3 ] DEBUG Engine               - isPreserveResizeRatio: false
03:31:31.700 [FXGL Background Thread 3 ] DEBUG Engine               - isProfilingEnabled: false
03:31:31.700 [FXGL Background Thread 3 ] DEBUG Engine               - isScaleAffectedOnResize: true
03:31:31.700 [FXGL Background Thread 3 ] DEBUG Engine               - isSingleStep: false
03:31:31.700 [FXGL Background Thread 3 ] DEBUG Engine               - isUserProfileEnabled: false
03:31:31.700 [FXGL Background Thread 3 ] DEBUG Engine               - isWindows: false
03:31:31.700 [FXGL Background Thread 3 ] DEBUG Engine               - language: ObjectProperty [value: ENGLISH]
03:31:31.700 [FXGL Background Thread 3 ] DEBUG Engine               - menuKey: ESCAPE
03:31:31.700 [FXGL Background Thread 3 ] DEBUG Engine               - mouseSensitivity: 0.2
03:31:31.701 [FXGL Background Thread 3 ] DEBUG Engine               - notificationViewClass: class com.almasb.fxgl.notification.view.XboxNotificationView
03:31:31.701 [FXGL Background Thread 3 ] DEBUG Engine               - pixelsPerMeter: 50.0
03:31:31.701 [FXGL Background Thread 3 ] DEBUG Engine               - platform: LINUX
03:31:31.701 [FXGL Background Thread 3 ] DEBUG Engine               - prefHeightProperty: ReadOnlyDoubleProperty [value: 1024.0]
03:31:31.701 [FXGL Background Thread 3 ] DEBUG Engine               - prefWidthProperty: ReadOnlyDoubleProperty [value: 1536.0]
03:31:31.701 [FXGL Background Thread 3 ] DEBUG Engine               - profileDir: profiles/
03:31:31.701 [FXGL Background Thread 3 ] DEBUG Engine               - profileName: StringProperty [value: DEFAULT]
03:31:31.701 [FXGL Background Thread 3 ] DEBUG Engine               - randomSeed: -1
03:31:31.701 [FXGL Background Thread 3 ] DEBUG Engine               - runtimeInfo: RuntimeInfo(platform=LINUX, version=21.1, build=27.03.2024 07.52)
03:31:31.702 [FXGL Background Thread 3 ] DEBUG Engine               - saveFileExt: sav
03:31:31.702 [FXGL Background Thread 3 ] DEBUG Engine               - scaledHeightProp$fxgl: DoubleProperty [bound, value: 942.2763061523438]
03:31:31.702 [FXGL Background Thread 3 ] DEBUG Engine               - scaledWidthProp$fxgl: DoubleProperty [bound, value: 1397.0]
03:31:31.702 [FXGL Background Thread 3 ] DEBUG Engine               - sceneFactory: App.Game.GameApp$1@7aafa1f9
03:31:31.703 [FXGL Background Thread 3 ] DEBUG Engine               - secondsIn24h: 60
03:31:31.703 [FXGL Background Thread 3 ] DEBUG Engine               - soundMenuBack: menu/back.wav
03:31:31.703 [FXGL Background Thread 3 ] DEBUG Engine               - soundMenuPress: menu/press.wav
03:31:31.703 [FXGL Background Thread 3 ] DEBUG Engine               - soundMenuSelect: menu/select.wav
03:31:31.703 [FXGL Background Thread 3 ] DEBUG Engine               - soundNotification: core/notification.wav
03:31:31.703 [FXGL Background Thread 3 ] DEBUG Engine               - stageStyle: DECORATED
03:31:31.703 [FXGL Background Thread 3 ] DEBUG Engine               - supportedLanguages: [ENGLISH, FRENCH, GERMAN, HUNGARIAN, RUSSIAN]
03:31:31.703 [FXGL Background Thread 3 ] DEBUG Engine               - ticksPerSecond: -1
03:31:31.703 [FXGL Background Thread 3 ] DEBUG Engine               - title: Pruebas en FXGL
03:31:31.703 [FXGL Background Thread 3 ] DEBUG Engine               - urlGithub: https://github.com/AlmasB/FXGL
03:31:31.703 [FXGL Background Thread 3 ] DEBUG Engine               - urlLeaderboard: http://fxgl-top.herokuapp.com/
03:31:31.703 [FXGL Background Thread 3 ] DEBUG Engine               - urlPOM: https://raw.githubusercontent.com/AlmasB/FXGL/release/README.md
03:31:31.703 [FXGL Background Thread 3 ] DEBUG Engine               - userAppClass: class App.Game.GameApp
03:31:31.703 [FXGL Background Thread 3 ] DEBUG Engine               - version: 0.0
03:31:31.703 [FXGL Background Thread 3 ] DEBUG Engine               - versionCheckDays: 7
03:31:31.703 [FXGL Background Thread 3 ] DEBUG Engine               - width: 1536
03:31:31.703 [FXGL Background Thread 3 ] DEBUG Engine               - Logging services
03:31:31.704 [FXGL Background Thread 3 ] DEBUG Engine               - class com.almasb.fxgl.app.services.FXGLAssetLoaderService
03:31:31.704 [FXGL Background Thread 3 ] DEBUG Engine               - class com.almasb.fxgl.app.FXGLApplication$GameApplicationService
03:31:31.704 [FXGL Background Thread 3 ] DEBUG Engine               - class com.almasb.fxgl.app.services.FXGLDialogService
03:31:31.704 [FXGL Background Thread 3 ] DEBUG Engine               - class com.almasb.fxgl.app.services.IOTaskExecutorService
03:31:31.706 [FXGL Background Thread 3 ] DEBUG Engine               - class com.almasb.fxgl.io.FileSystemService
03:31:31.706 [FXGL Background Thread 3 ] DEBUG Engine               - class com.almasb.fxgl.localization.LocalizationService
03:31:31.706 [FXGL Background Thread 3 ] DEBUG Engine               - class com.almasb.fxgl.app.services.SystemBundleService
03:31:31.706 [FXGL Background Thread 3 ] DEBUG Engine               - class com.almasb.fxgl.profile.SaveLoadService
03:31:31.706 [FXGL Background Thread 3 ] DEBUG Engine               - class com.almasb.fxgl.ui.FXGLUIFactoryServiceProvider
03:31:31.706 [FXGL Background Thread 3 ] DEBUG Engine               - class com.almasb.fxgl.ui.FXGLDialogFactoryServiceProvider
03:31:31.706 [FXGL Background Thread 3 ] DEBUG Engine               - class com.almasb.fxgl.audio.AudioPlayer
03:31:31.706 [FXGL Background Thread 3 ] DEBUG Engine               - class com.almasb.fxgl.notification.impl.NotificationServiceProvider
03:31:31.706 [FXGL Background Thread 3 ] DEBUG Engine               - class com.almasb.fxgl.achievement.AchievementService
03:31:31.706 [FXGL Background Thread 3 ] DEBUG Engine               - class com.almasb.fxgl.cutscene.CutsceneService
03:31:31.706 [FXGL Background Thread 3 ] DEBUG Engine               - class com.almasb.fxgl.minigames.MiniGameService
03:31:31.706 [FXGL Background Thread 3 ] DEBUG Engine               - class com.almasb.fxgl.net.NetService
03:31:31.706 [FXGL Background Thread 3 ] DEBUG Engine               - class com.almasb.fxgl.app.services.UpdaterService
03:31:31.706 [FXGL Background Thread 3 ] DEBUG Engine               - class com.almasb.fxgl.dev.DevService
03:31:31.881 [JavaFX Application Thread] DEBUG FXGLAssetLoaderServi - Loading from file system: file:/home/avrann/Escritorio/Repo%20Proyecto%20DPOO/jorge.carrillo-Proyecto-POO-2025/target/classes/assets/sounds/key.wav
03:31:33.189 [JavaFX Application Thread] DEBUG Input                - Clearing active input actions
03:31:33.206 [JavaFX Application Thread] DEBUG GameApplicationServi - Removing overlay from GameScene and adding to FXGLMainMenuDummyScene
03:31:33.221 [JavaFX Application Thread] DEBUG PrimaryStageWindow   - GameScene -> FXGLMainMenuDummyScene
03:31:33.221 [JavaFX Application Thread] DEBUG PrimaryStageWindow   - Push state: MyMenu
03:31:33.221 [JavaFX Application Thread] DEBUG Input                - Clearing active input actions
03:31:33.223 [JavaFX Application Thread] DEBUG GameApplicationServi - Removing overlay from FXGLMainMenuDummyScene and adding to MyMenu
03:31:33.223 [JavaFX Application Thread] DEBUG PrimaryStageWindow   - FXGLMainMenuDummyScene -> MyMenu
03:31:35.674 [JavaFX Application Thread] DEBUG Menu                 - fireNewGame()
03:31:35.674 [JavaFX Application Thread] DEBUG GameApplicationServi - Starting new game
03:31:35.675 [JavaFX Application Thread] DEBUG PrimaryStageWindow   - Pop state: MyMenu
03:31:35.675 [JavaFX Application Thread] DEBUG Input                - Clearing active input actions
03:31:35.677 [JavaFX Application Thread] DEBUG GameApplicationServi - Removing overlay from MyMenu and adding to FXGLMainMenuDummyScene
03:31:35.679 [JavaFX Application Thread] DEBUG PrimaryStageWindow   - FXGLMainMenuDummyScene <- MyMenu
03:31:35.679 [JavaFX Application Thread] DEBUG Input                - Clearing active input actions
03:31:35.690 [JavaFX Application Thread] DEBUG GameApplicationServi - Removing overlay from FXGLMainMenuDummyScene and adding to FXGLLoadingScene
03:31:35.690 [JavaFX Application Thread] DEBUG PrimaryStageWindow   - FXGLMainMenuDummyScene -> FXGLLoadingScene
03:31:35.691 [JavaFX Application Thread] DEBUG GameApplicationServi - Clearing previous game
03:31:35.691 [JavaFX Application Thread] DEBUG GameScene            - Clearing game scene
03:31:35.691 [JavaFX Application Thread] DEBUG GameWorld            - Clearing game world
03:31:35.694 [JavaFX Application Thread] DEBUG PhysicsWorld         - Clearing physics world
03:31:35.694 [FXGL Background Thread 2 ] DEBUG FXGLApplication      - Initializing game
03:31:35.743 [FXGL Background Thread 2 ] DEBUG AudioPlayer          - Stopping music com.almasb.fxgl.audio.Music@53603da1
03:31:35.747 [FXGL Background Thread 2 ] DEBUG AudioPlayer          - Playing music com.almasb.fxgl.audio.Music@a37b2d3
03:31:35.768 [FXGL Background Thread 2 ] DEBUG TMXLevelLoader       - Parsed TiledMap: file:/home/avrann/Escritorio/Repo%20Proyecto%20DPOO/jorge.carrillo-Proyecto-POO-2025/target/classes/assets/levels/level_01.tmx
03:31:35.768 [FXGL Background Thread 2 ] DEBUG TMXLevelLoader       - Creating tile layer entities
03:31:35.769 [FXGL Background Thread 2 ] DEBUG TilesetLoader        - Loading view for layer Capa de patrones 1
03:31:35.769 [FXGL Background Thread 2 ] DEBUG TilesetLoader        - Created buffer with size 2000.0x1500.0
03:31:35.836 [FXGL Background Thread 2 ] WARN  TilesetLoader        - Diagonally flipped tiles are not currently supported
03:31:35.839 [FXGL Background Thread 2 ] WARN  TilesetLoader        - Diagonally flipped tiles are not currently supported
03:31:35.840 [FXGL Background Thread 2 ] WARN  TilesetLoader        - Diagonally flipped tiles are not currently supported
03:31:35.844 [FXGL Background Thread 2 ] WARN  TilesetLoader        - Diagonally flipped tiles are not currently supported
03:31:35.849 [FXGL Background Thread 2 ] WARN  TilesetLoader        - Diagonally flipped tiles are not currently supported
03:31:35.857 [FXGL Background Thread 2 ] WARN  TilesetLoader        - Diagonally flipped tiles are not currently supported
03:31:35.859 [FXGL Background Thread 2 ] WARN  TilesetLoader        - Diagonally flipped tiles are not currently supported
03:31:35.862 [FXGL Background Thread 2 ] WARN  TilesetLoader        - Diagonally flipped tiles are not currently supported
03:31:35.862 [FXGL Background Thread 2 ] WARN  TilesetLoader        - Diagonally flipped tiles are not currently supported
03:31:35.864 [FXGL Background Thread 2 ] WARN  TilesetLoader        - Diagonally flipped tiles are not currently supported
03:31:35.865 [FXGL Background Thread 2 ] WARN  TilesetLoader        - Diagonally flipped tiles are not currently supported
03:31:35.866 [FXGL Background Thread 2 ] DEBUG TilesetLoader        - Loading view for layer Capa de Decoracion
03:31:35.867 [FXGL Background Thread 2 ] DEBUG TilesetLoader        - Created buffer with size 2000.0x1500.0
03:31:35.891 [FXGL Background Thread 2 ] DEBUG TMXLevelLoader       - Creating object layer entities
03:31:35.899 [FXGL Background Thread 2 ] DEBUG GameWorld            - Clearing removable entities
03:31:35.917 [FXGL Background Thread 2 ] DEBUG GameWorld            - Setting level: com.almasb.fxgl.entity.level.Level@30d76239
03:31:35.921 [FXGL Background Thread 2 ] WARN  FXGLAssetLoaderServi - Asset "/assets/textures/explorecaminando.png" was not found!
03:31:35.922 [FXGL Background Thread 2 ] WARN  FXGLAssetLoaderServi - Failed to load IMAGE
03:31:35.922 [FXGL Background Thread 2 ] WARN  FXGLAssetLoaderServi - Asset "/assets/textures/exploreadelante.png" was not found!
03:31:35.922 [FXGL Background Thread 2 ] WARN  FXGLAssetLoaderServi - Failed to load IMAGE
03:31:35.922 [FXGL Background Thread 2 ] WARN  FXGLAssetLoaderServi - Asset "/assets/textures/exploreatras.png" was not found!
03:31:35.922 [FXGL Background Thread 2 ] WARN  FXGLAssetLoaderServi - Failed to load IMAGE
03:31:35.923 [FXGL Background Thread 2 ] WARN  GameWorld            - Entity is already attached to world
03:31:35.923 [FXGL Background Thread 2 ] WARN  FXGLAssetLoaderServi - Asset "/assets/textures/explorecaminando.png" was not found!
03:31:35.923 [FXGL Background Thread 2 ] WARN  FXGLAssetLoaderServi - Failed to load IMAGE
03:31:35.925 [FXGL Background Thread 2 ] WARN  FXGLAssetLoaderServi - Asset "/assets/textures/exploreadelante.png" was not found!
03:31:35.925 [FXGL Background Thread 2 ] WARN  FXGLAssetLoaderServi - Failed to load IMAGE
03:31:35.926 [FXGL Background Thread 2 ] WARN  FXGLAssetLoaderServi - Asset "/assets/textures/exploreatras.png" was not found!
03:31:35.926 [FXGL Background Thread 2 ] WARN  FXGLAssetLoaderServi - Failed to load IMAGE
03:31:35.927 [FXGL Background Thread 2 ] WARN  GameWorld            - Entity is already attached to world
03:31:35.928 [FXGL Background Thread 2 ] WARN  FXGLAssetLoaderServi - Asset "/assets/textures/droidcaminando.png" was not found!
03:31:35.928 [FXGL Background Thread 2 ] WARN  FXGLAssetLoaderServi - Failed to load IMAGE
03:31:35.928 [FXGL Background Thread 2 ] WARN  FXGLAssetLoaderServi - Asset "/assets/textures/droidadelante.png" was not found!
03:31:35.928 [FXGL Background Thread 2 ] WARN  FXGLAssetLoaderServi - Failed to load IMAGE
03:31:35.928 [FXGL Background Thread 2 ] WARN  FXGLAssetLoaderServi - Asset "/assets/textures/droidatras.png" was not found!
03:31:35.928 [FXGL Background Thread 2 ] WARN  FXGLAssetLoaderServi - Failed to load IMAGE
03:31:35.929 [FXGL Background Thread 2 ] WARN  GameWorld            - Entity is already attached to world
03:31:35.929 [FXGL Background Thread 2 ] WARN  FXGLAssetLoaderServi - Asset "/assets/textures/droidcaminando.png" was not found!
03:31:35.929 [FXGL Background Thread 2 ] WARN  FXGLAssetLoaderServi - Failed to load IMAGE
03:31:35.929 [FXGL Background Thread 2 ] WARN  FXGLAssetLoaderServi - Asset "/assets/textures/droidadelante.png" was not found!
03:31:35.929 [FXGL Background Thread 2 ] WARN  FXGLAssetLoaderServi - Failed to load IMAGE
03:31:35.929 [FXGL Background Thread 2 ] WARN  FXGLAssetLoaderServi - Asset "/assets/textures/droidatras.png" was not found!
03:31:35.929 [FXGL Background Thread 2 ] WARN  FXGLAssetLoaderServi - Failed to load IMAGE
03:31:35.930 [FXGL Background Thread 2 ] WARN  GameWorld            - Entity is already attached to world
03:31:35.930 [FXGL Background Thread 2 ] WARN  FXGLAssetLoaderServi - Asset "/assets/textures/droid2caminando.png" was not found!
03:31:35.930 [FXGL Background Thread 2 ] WARN  FXGLAssetLoaderServi - Failed to load IMAGE
03:31:35.930 [FXGL Background Thread 2 ] WARN  FXGLAssetLoaderServi - Asset "/assets/textures/droid2adelante.png" was not found!
03:31:35.930 [FXGL Background Thread 2 ] WARN  FXGLAssetLoaderServi - Failed to load IMAGE
03:31:35.930 [FXGL Background Thread 2 ] WARN  FXGLAssetLoaderServi - Asset "/assets/textures/droid2atras.png" was not found!
03:31:35.930 [FXGL Background Thread 2 ] WARN  FXGLAssetLoaderServi - Failed to load IMAGE
03:31:35.931 [FXGL Background Thread 2 ] WARN  GameWorld            - Entity is already attached to world
03:31:35.931 [FXGL Background Thread 2 ] WARN  FXGLAssetLoaderServi - Asset "/assets/textures/droid2caminando.png" was not found!
03:31:35.931 [FXGL Background Thread 2 ] WARN  FXGLAssetLoaderServi - Failed to load IMAGE
03:31:35.931 [FXGL Background Thread 2 ] WARN  FXGLAssetLoaderServi - Asset "/assets/textures/droid2adelante.png" was not found!
03:31:35.931 [FXGL Background Thread 2 ] WARN  FXGLAssetLoaderServi - Failed to load IMAGE
03:31:35.931 [FXGL Background Thread 2 ] WARN  FXGLAssetLoaderServi - Asset "/assets/textures/droid2atras.png" was not found!
03:31:35.931 [FXGL Background Thread 2 ] WARN  FXGLAssetLoaderServi - Failed to load IMAGE
03:31:35.932 [FXGL Background Thread 2 ] WARN  GameWorld            - Entity is already attached to world
03:31:35.932 [FXGL Background Thread 2 ] WARN  FXGLAssetLoaderServi - Asset "/assets/textures/droid2caminando.png" was not found!
03:31:35.932 [FXGL Background Thread 2 ] WARN  FXGLAssetLoaderServi - Failed to load IMAGE
03:31:35.932 [FXGL Background Thread 2 ] WARN  FXGLAssetLoaderServi - Asset "/assets/textures/droid2adelante.png" was not found!
03:31:35.932 [FXGL Background Thread 2 ] WARN  FXGLAssetLoaderServi - Failed to load IMAGE
03:31:35.932 [FXGL Background Thread 2 ] WARN  FXGLAssetLoaderServi - Asset "/assets/textures/droid2atras.png" was not found!
03:31:35.932 [FXGL Background Thread 2 ] WARN  FXGLAssetLoaderServi - Failed to load IMAGE
03:31:35.933 [FXGL Background Thread 2 ] WARN  GameWorld            - Entity is already attached to world
03:31:35.933 [FXGL Background Thread 2 ] WARN  FXGLAssetLoaderServi - Asset "/assets/textures/droid3caminando.png" was not found!
03:31:35.933 [FXGL Background Thread 2 ] WARN  FXGLAssetLoaderServi - Failed to load IMAGE
03:31:35.933 [FXGL Background Thread 2 ] WARN  FXGLAssetLoaderServi - Asset "/assets/textures/droid3adelante.png" was not found!
03:31:35.933 [FXGL Background Thread 2 ] WARN  FXGLAssetLoaderServi - Failed to load IMAGE
03:31:35.933 [FXGL Background Thread 2 ] WARN  FXGLAssetLoaderServi - Asset "/assets/textures/droid3atras.png" was not found!
03:31:35.933 [FXGL Background Thread 2 ] WARN  FXGLAssetLoaderServi - Failed to load IMAGE
03:31:35.934 [FXGL Background Thread 2 ] WARN  GameWorld            - Entity is already attached to world
03:31:35.934 [FXGL Background Thread 2 ] WARN  FXGLAssetLoaderServi - Asset "/assets/textures/droid3caminando.png" was not found!
03:31:35.934 [FXGL Background Thread 2 ] WARN  FXGLAssetLoaderServi - Failed to load IMAGE
03:31:35.934 [FXGL Background Thread 2 ] WARN  FXGLAssetLoaderServi - Asset "/assets/textures/droid3adelante.png" was not found!
03:31:35.934 [FXGL Background Thread 2 ] WARN  FXGLAssetLoaderServi - Failed to load IMAGE
03:31:35.934 [FXGL Background Thread 2 ] WARN  FXGLAssetLoaderServi - Asset "/assets/textures/droid3atras.png" was not found!
03:31:35.934 [FXGL Background Thread 2 ] WARN  FXGLAssetLoaderServi - Failed to load IMAGE
03:31:35.935 [FXGL Background Thread 2 ] WARN  GameWorld            - Entity is already attached to world
03:31:35.935 [FXGL Background Thread 2 ] WARN  FXGLAssetLoaderServi - Asset "/assets/textures/barreraDesactivadadisabled.png" was not found!
03:31:35.935 [FXGL Background Thread 2 ] WARN  FXGLAssetLoaderServi - Failed to load IMAGE
03:31:35.935 [FXGL Background Thread 2 ] WARN  GameWorld            - Entity is already attached to world
03:31:35.935 [FXGL Background Thread 2 ] WARN  FXGLAssetLoaderServi - Asset "/assets/textures/barreraDesactivadadisabled.png" was not found!
03:31:35.936 [FXGL Background Thread 2 ] WARN  FXGLAssetLoaderServi - Failed to load IMAGE
03:31:35.936 [FXGL Background Thread 2 ] WARN  GameWorld            - Entity is already attached to world
03:31:35.936 [FXGL Background Thread 2 ] WARN  FXGLAssetLoaderServi - Asset "/assets/textures/barreraDesactivadadisabled.png" was not found!
03:31:35.936 [FXGL Background Thread 2 ] WARN  FXGLAssetLoaderServi - Failed to load IMAGE
03:31:35.936 [FXGL Background Thread 2 ] WARN  GameWorld            - Entity is already attached to world
03:31:35.936 [FXGL Background Thread 2 ] WARN  FXGLAssetLoaderServi - Asset "/assets/textures/barreraDesactivadadisabled.png" was not found!
03:31:35.936 [FXGL Background Thread 2 ] WARN  FXGLAssetLoaderServi - Failed to load IMAGE
03:31:35.937 [FXGL Background Thread 2 ] WARN  GameWorld            - Entity is already attached to world
03:31:35.937 [FXGL Background Thread 2 ] WARN  GameWorld            - Entity is already attached to world
03:31:35.938 [FXGL Background Thread 2 ] WARN  GameWorld            - Entity is already attached to world
03:31:35.938 [FXGL Background Thread 2 ] WARN  GameWorld            - Entity is already attached to world
03:31:35.939 [FXGL Background Thread 2 ] WARN  GameWorld            - Entity is already attached to world
03:31:35.939 [FXGL Background Thread 2 ] WARN  FXGLAssetLoaderServi - Asset "/assets/textures/generatorSpecialPointdisabled.png" was not found!
03:31:35.939 [FXGL Background Thread 2 ] WARN  FXGLAssetLoaderServi - Failed to load IMAGE
03:31:35.939 [FXGL Background Thread 2 ] WARN  GameWorld            - Entity is already attached to world
03:31:35.940 [FXGL Background Thread 2 ] WARN  FXGLAssetLoaderServi - Asset "/assets/textures/generatorSpecialPointdisabled.png" was not found!
03:31:35.940 [FXGL Background Thread 2 ] WARN  FXGLAssetLoaderServi - Failed to load IMAGE
03:31:35.940 [FXGL Background Thread 2 ] WARN  GameWorld            - Entity is already attached to world
03:31:35.941 [FXGL Background Thread 2 ] WARN  FXGLAssetLoaderServi - Asset "/assets/textures/lifedisabled.png" was not found!
03:31:35.942 [FXGL Background Thread 2 ] WARN  FXGLAssetLoaderServi - Failed to load IMAGE
03:31:35.943 [FXGL Background Thread 2 ] WARN  GameWorld            - Entity is already attached to world
03:31:35.944 [FXGL Background Thread 2 ] WARN  FXGLAssetLoaderServi - Asset "/assets/textures/lifedisabled.png" was not found!
03:31:35.944 [FXGL Background Thread 2 ] WARN  FXGLAssetLoaderServi - Failed to load IMAGE
03:31:35.944 [FXGL Background Thread 2 ] WARN  GameWorld            - Entity is already attached to world
03:31:35.944 [FXGL Background Thread 2 ] WARN  FXGLAssetLoaderServi - Asset "/assets/textures/atackdisabled.png" was not found!
03:31:35.944 [FXGL Background Thread 2 ] WARN  FXGLAssetLoaderServi - Failed to load IMAGE
03:31:35.944 [FXGL Background Thread 2 ] WARN  GameWorld            - Entity is already attached to world
03:31:35.945 [FXGL Background Thread 2 ] WARN  FXGLAssetLoaderServi - Asset "/assets/textures/atackdisabled.png" was not found!
03:31:35.945 [FXGL Background Thread 2 ] WARN  FXGLAssetLoaderServi - Failed to load IMAGE
03:31:35.945 [FXGL Background Thread 2 ] WARN  GameWorld            - Entity is already attached to world
03:31:35.946 [FXGL Background Thread 2 ] WARN  GameWorld            - Entity is already attached to world
03:31:36.021 [JavaFX Application Thread] DEBUG LoopRunner           - Stopping loop
03:31:36.022 [JavaFX Application Thread] FATAL FXGLApplication      - Uncaught Exception:
java.lang.RuntimeException: Initialization failed
	at com.almasb.fxgl.all@21.1/com.almasb.fxgl.app.FXGLApplication$InitAppTask.failed(FXGLApplication.kt:347)
	at javafx.graphics@21.0.1/javafx.concurrent.Task.setState(Task.java:710)
	at javafx.graphics@21.0.1/javafx.concurrent.Task$TaskCallable.lambda$call$2(Task.java:1429)
	at javafx.graphics@21.0.1/com.sun.javafx.application.PlatformImpl.lambda$runLater$10(PlatformImpl.java:456)
	at java.base/java.security.AccessController.doPrivileged(AccessController.java:400)
	at javafx.graphics@21.0.1/com.sun.javafx.application.PlatformImpl.lambda$runLater$11(PlatformImpl.java:455)
	at javafx.graphics@21.0.1/com.sun.glass.ui.InvokeLaterDispatcher$Future.run(InvokeLaterDispatcher.java:95)
	at javafx.graphics@21.0.1/com.sun.glass.ui.gtk.GtkApplication._runLoop(Native Method)
	at javafx.graphics@21.0.1/com.sun.glass.ui.gtk.GtkApplication.lambda$runLoop$10(GtkApplication.java:263)
	at java.base/java.lang.Thread.run(Thread.java:1583)
Caused by: java.lang.IllegalArgumentException: Action already exists: Mover Arriba
	at com.almasb.fxgl.core@21.1/com.almasb.fxgl.input.Input.addBinding(Input.kt:504)
	at com.almasb.fxgl.core@21.1/com.almasb.fxgl.input.Input.addAction(Input.kt:500)
	at com.almasb.fxgl.core@21.1/com.almasb.fxgl.input.Input.addAction$default(Input.kt:497)
	at com.almasb.fxgl.core@21.1/com.almasb.fxgl.input.Input.addAction(Input.kt)
	at Game.main/App.Services.Input.movInput(Input.java:24)
	at Game.main/App.Game.GameApp.initGame(GameApp.java:130)
	at com.almasb.fxgl.all@21.1/com.almasb.fxgl.app.FXGLApplication$InitAppTask.initGame(FXGLApplication.kt:343)
	at com.almasb.fxgl.all@21.1/com.almasb.fxgl.app.FXGLApplication$InitAppTask.call(FXGLApplication.kt:321)
	at com.almasb.fxgl.all@21.1/com.almasb.fxgl.app.FXGLApplication$InitAppTask.call(FXGLApplication.kt:313)
	at javafx.graphics@21.0.1/javafx.concurrent.Task$TaskCallable.call(Task.java:1399)
	at java.base/java.util.concurrent.FutureTask.run(FutureTask.java:317)
	at java.base/java.util.concurrent.Executors$RunnableAdapter.call(Executors.java:572)
	at java.base/java.util.concurrent.FutureTask.run(FutureTask.java:317)
	at java.base/java.util.concurrent.ThreadPoolExecutor.runWorker(ThreadPoolExecutor.java:1144)
	at java.base/java.util.concurrent.ThreadPoolExecutor$Worker.run(ThreadPoolExecutor.java:642)
	... 1 more

03:31:36.022 [JavaFX Application Thread] FATAL FXGLApplication      - Application will now exit
03:31:36.026 [JavaFX Application Thread] DEBUG PrimaryStageWindow   - Push state: ErrorSubScene
03:31:36.026 [JavaFX Application Thread] DEBUG Input                - Clearing active input actions
03:31:36.026 [JavaFX Application Thread] DEBUG GameApplicationServi - Removing overlay from FXGLLoadingScene and adding to ErrorSubScene
03:31:36.027 [JavaFX Application Thread] DEBUG PrimaryStageWindow   - FXGLLoadingScene -> ErrorSubScene
03:31:37.951 [JavaFX Application Thread] DEBUG FXGLApplication      - Exiting FXGL
03:31:37.951 [JavaFX Application Thread] DEBUG Async                - Shutting down background threads
03:31:37.951 [JavaFX Application Thread] DEBUG PrimaryStageWindow   - Closing main window
03:31:37.953 [JavaFX Application Thread] DEBUG Logger               - Closing Logger
