18:50:54.918 [main                     ] DEBUG Logger               - Configured Logger
18:50:54.952 [main                     ] DEBUG GameApplication      - Logging settings
Title: Pruebas en FXGL
Version: 0.0
Width: 1600
Height: 1000
Fullscreen: false
Intro: false
Profiling: false
Single step:false
App Mode: DEVELOPER
Menu Key: ESCAPE
Stage Style: DECORATED
Scene Factory: class com.almasb.fxgl.app.scene.SceneFactory

18:50:55.305 [JavaFX Application Thread] DEBUG FXGLApplication      - Initializing FXGL
18:50:55.315 [JavaFX Application Thread] INFO  Engine               - FXGL-17.3 (30.03.2023 11.49) on LINUX (J:21.0.6 FX:20)
18:50:55.316 [JavaFX Application Thread] DEBUG Engine               - JRE Vendor Name: Oracle Corporation
18:50:55.316 [JavaFX Application Thread] DEBUG Engine               - Running on OS: Linux version 6.8.0-55-generic
18:50:55.317 [JavaFX Application Thread] DEBUG Engine               - Architecture: amd64
18:50:55.317 [JavaFX Application Thread] INFO  Engine               - Source code and latest versions at: https://github.com/AlmasB/FXGL
18:50:55.317 [JavaFX Application Thread] INFO  Engine               -       Ask questions and discuss at: https://github.com/AlmasB/FXGL/discussions
18:50:55.317 [JavaFX Application Thread] INFO  Engine               -              Join the FXGL chat at: https://gitter.im/AlmasB/FXGL
18:50:55.419 [JavaFX Application Thread] DEBUG PrimaryStageWindow   - Creating a JavaFX scene
18:50:55.419 [JavaFX Application Thread] DEBUG PrimaryStageWindow   - Target size > screen size
18:50:55.525 [JavaFX Application Thread] DEBUG PrimaryStageWindow   - Target settings size: 1600.0 x 1000.0
18:50:55.525 [JavaFX Application Thread] DEBUG PrimaryStageWindow   - Scaled scene size:    1491.0 x 947.0
18:50:55.526 [JavaFX Application Thread] DEBUG PrimaryStageWindow   - Scaled ratio: (0.931875, 0.947)
18:50:55.528 [JavaFX Application Thread] DEBUG PrimaryStageWindow   - Set initial scene to FXGLStartupScene
18:50:55.532 [JavaFX Application Thread] DEBUG PrimaryStageWindow   - Opening main window
18:50:55.574 [JavaFX Application Thread] DEBUG PrimaryStageWindow   - Window border size: (2.641845703125, 26.63995361328125)
18:50:55.574 [JavaFX Application Thread] DEBUG PrimaryStageWindow   - Scaled size: 1491.0 x 947.0
18:50:55.575 [JavaFX Application Thread] DEBUG PrimaryStageWindow   - Scaled ratio: (0.931875, 0.947)
18:50:55.575 [JavaFX Application Thread] DEBUG PrimaryStageWindow   - Scene size: 1491.0 x 947.0
18:50:55.575 [JavaFX Application Thread] DEBUG PrimaryStageWindow   - Stage size: 1493.641845703125 x 973.6399536132812
18:50:55.584 [FXGL Background Thread 1 ] DEBUG Engine               - Initializing environment variables
18:50:55.670 [FXGL Background Thread 1 ] DEBUG FXGLAssetLoaderServi - User app class for loading assets: class App.Game.GameApp
18:50:55.670 [FXGL Background Thread 1 ] DEBUG GameApplicationServi - Applying CSS: fxgl_dark.css
18:50:55.671 [FXGL Background Thread 1 ] DEBUG FXGLAssetLoaderServi - Loading from file system: jar:file:///home/avrann/.m2/repository/com/github/almasb/fxgl/17.3/fxgl-17.3.jar!/fxglassets/ui/css/fxgl_dark.css
18:50:55.733 [FXGL Background Thread 1 ] DEBUG GameApplicationServi - Initializing application scenes
18:50:55.790 [FXGL Background Thread 1 ] DEBUG GameWorld            - Game world initialized
18:50:55.862 [FXGL Background Thread 1 ] DEBUG PhysicsWorld         - Physics world initialized: appHeight=1000, physics.ppm=50.0
18:50:55.862 [FXGL Background Thread 1 ] DEBUG PhysicsWorld         - Using strategy: BRUTE_FORCE
18:50:55.866 [FXGL Background Thread 1 ] DEBUG GameScene            - Game scene initialized: 1600x1000
18:50:55.877 [FXGL Background Thread 1 ] DEBUG FXGL.DefaultMenu     - createMenuBodyGameMenu()
18:50:55.886 [FXGL Background Thread 1 ] DEBUG FXGL.DefaultMenu     - createOptionsMenu()
18:50:55.894 [FXGL Background Thread 1 ] DEBUG FXGLAssetLoaderServi - Loading from file system: jar:file:///home/avrann/.m2/repository/com/github/almasb/fxgl/17.3/fxgl-17.3.jar!/fxglassets/textures/particles/smoke.png
18:50:55.991 [FXGL Background Thread 1 ] DEBUG FXGLAssetLoaderServi - Loading from file system: jar:file:///home/avrann/.m2/repository/com/github/almasb/fxgl/17.3/fxgl-17.3.jar!/fxglassets/textures/particles/trace_horizontal.png
18:50:56.017 [FXGL Background Thread 1 ] DEBUG GameApplicationServi - Application scenes initialized
18:50:56.027 [FXGL Background Thread 1 ] DEBUG SystemBundleService  - Loading FXGL system data
18:50:56.031 [FXGL Background Thread 1 ] DEBUG FileSystemAccess     - Reading from: /home/avrann/Escritorio/Repo Proyecto DPOO/jorge.carrillo-Proyecto-POO-2025/system/fxgl.bundle
18:50:56.039 [FXGL Background Thread 1 ] DEBUG SystemBundleService  - Bundle FXGL: {}
18:50:56.039 [FXGL Background Thread 1 ] DEBUG UpdaterService       - Checking for updates
18:50:56.060 [FXGL Background Thread 4 ] DEBUG FXGLApplication      - Loading fonts
18:50:56.060 [FXGL Background Thread 4 ] DEBUG FXGLAssetLoaderServi - Loading from file system: jar:file:///home/avrann/.m2/repository/com/github/almasb/fxgl/17.3/fxgl-17.3.jar!/fxglassets/ui/fonts/VarelaRound-Regular.ttf
18:50:56.062 [FXGL Background Thread 1 ] DEBUG FXGLApplication      - Loading default localization
18:50:56.062 [FXGL Background Thread 1 ] DEBUG FXGLAssetLoaderServi - Loading from file system: jar:file:///home/avrann/.m2/repository/com/github/almasb/fxgl/17.3/fxgl-17.3.jar!/fxglassets/languages/english.lang
18:50:56.078 [FXGL Background Thread 4 ] DEBUG FXGLAssetLoaderServi - Loading from file system: jar:file:///home/avrann/.m2/repository/com/github/almasb/fxgl/17.3/fxgl-17.3.jar!/fxglassets/ui/fonts/Abel-Regular.ttf
18:50:56.081 [FXGL Background Thread 1 ] INFO  FXGLApplication      - FXGL initialization took: 0.496 sec
18:50:56.081 [FXGL Background Thread 4 ] DEBUG FXGLAssetLoaderServi - Loading from file system: jar:file:///home/avrann/.m2/repository/com/github/almasb/fxgl/17.3/fxgl-17.3.jar!/fxglassets/ui/fonts/TerminalLandMono-Regular.otf
18:50:56.081 [JavaFX Application Thread] DEBUG FXGLAssetLoaderServi - Loading from file system: jar:file:///home/avrann/.m2/repository/com/github/almasb/fxgl/17.3/fxgl-17.3.jar!/fxglassets/textures/fxgl_icon.png
18:50:56.082 [FXGL Background Thread 4 ] DEBUG FXGLAssetLoaderServi - Loading from file system: jar:file:///home/avrann/.m2/repository/com/github/almasb/fxgl/17.3/fxgl-17.3.jar!/fxglassets/ui/fonts/Courier-Prime.ttf
18:50:56.113 [JavaFX Application Thread] DEBUG FXGLAssetLoaderServi - Loading from file system: jar:file:///home/avrann/.m2/repository/com/github/almasb/fxgl/17.3/fxgl-17.3.jar!/fxglassets/textures/fxgl_default_cursor.png
18:50:56.133 [JavaFX Application Thread] DEBUG Input                - Registered new binding: Screenshot - CTRL+8
18:50:56.134 [JavaFX Application Thread] DEBUG Input                - Registered new binding: Dev Options - 1
18:50:56.134 [JavaFX Application Thread] DEBUG Input                - Registered new binding: Dev Console - 2
18:50:56.139 [JavaFX Application Thread] DEBUG Input                - Registered new binding: System info dump - CTRL+9
18:50:56.140 [JavaFX Application Thread] DEBUG Input                - Registered new binding: Restart - CTRL+R
18:50:56.141 [JavaFX Application Thread] DEBUG Input                - Registered new binding: Toggle Debug Camera - CTRL+7
18:50:56.145 [JavaFX Application Thread] DEBUG LoopRunner           - Starting loop
18:50:56.161 [JavaFX Application Thread] DEBUG LoopRunner           - Initializing JavaFX AnimationTimerLoop
18:50:56.161 [JavaFX Application Thread] DEBUG GameApplicationServi - Starting new game
18:50:56.162 [JavaFX Application Thread] DEBUG Input                - Clearing active input actions
18:50:56.174 [JavaFX Application Thread] DEBUG GameApplicationServi - Removing overlay from FXGLStartupScene and adding to FXGLLoadingScene
18:50:56.180 [JavaFX Application Thread] DEBUG PrimaryStageWindow   - FXGLStartupScene -> FXGLLoadingScene
18:50:56.180 [JavaFX Application Thread] DEBUG GameApplicationServi - Clearing previous game
18:50:56.180 [JavaFX Application Thread] DEBUG GameScene            - Clearing game scene
18:50:56.181 [JavaFX Application Thread] DEBUG GameWorld            - Clearing game world
18:50:56.181 [JavaFX Application Thread] DEBUG PhysicsWorld         - Clearing physics world
18:50:56.183 [FXGL Background Thread 4 ] DEBUG FXGLApplication      - Initializing game
18:50:56.184 [JavaFX Application Thread] DEBUG FXGLApplication      - Registering font factories with UI factory
18:50:56.275 [FXGL Background Thread 2 ] WARN  UpdaterService       - Failed to find updates: java.net.UnknownHostException: raw.githubusercontent.com
18:50:56.469 [FXGL Background Thread 4 ] DEBUG FXGLAssetLoaderServi - Loading from file system: file:/home/avrann/Escritorio/Repo%20Proyecto%20DPOO/jorge.carrillo-Proyecto-POO-2025/target/classes/assets/music/loading.wav
18:50:56.598 [FXGL Background Thread 4 ] DEBUG AudioPlayer          - Playing music com.almasb.fxgl.audio.Music@5cb9a094
18:50:56.672 [FXGL Background Thread 4 ] DEBUG TMXLevelLoader       - Parsed TiledMap: file:/home/avrann/Escritorio/Repo%20Proyecto%20DPOO/jorge.carrillo-Proyecto-POO-2025/target/classes/assets/levels/level_01.tmx
18:50:56.673 [FXGL Background Thread 4 ] DEBUG TMXLevelLoader       - Creating tile layer entities
18:50:56.674 [FXGL Background Thread 4 ] DEBUG TilesetLoader        - Loading view for layer Capa de patrones 1
18:50:56.677 [FXGL Background Thread 4 ] DEBUG TilesetLoader        - Created buffer with size 2000.0x1500.0
18:50:56.702 [FXGL Background Thread 4 ] WARN  TilesetLoader        - Diagonally flipped tiles are not currently supported
18:50:56.704 [FXGL Background Thread 4 ] WARN  TilesetLoader        - Diagonally flipped tiles are not currently supported
18:50:56.707 [FXGL Background Thread 4 ] WARN  TilesetLoader        - Diagonally flipped tiles are not currently supported
18:50:56.709 [FXGL Background Thread 4 ] WARN  TilesetLoader        - Diagonally flipped tiles are not currently supported
18:50:56.710 [FXGL Background Thread 4 ] WARN  TilesetLoader        - Diagonally flipped tiles are not currently supported
18:50:56.714 [FXGL Background Thread 4 ] WARN  TilesetLoader        - Diagonally flipped tiles are not currently supported
18:50:56.721 [FXGL Background Thread 4 ] WARN  TilesetLoader        - Diagonally flipped tiles are not currently supported
18:50:56.723 [FXGL Background Thread 4 ] WARN  TilesetLoader        - Diagonally flipped tiles are not currently supported
18:50:56.724 [FXGL Background Thread 4 ] WARN  TilesetLoader        - Diagonally flipped tiles are not currently supported
18:50:56.724 [FXGL Background Thread 4 ] WARN  TilesetLoader        - Diagonally flipped tiles are not currently supported
18:50:56.727 [FXGL Background Thread 4 ] WARN  TilesetLoader        - Diagonally flipped tiles are not currently supported
18:50:56.729 [FXGL Background Thread 4 ] WARN  TilesetLoader        - Diagonally flipped tiles are not currently supported
18:50:56.733 [FXGL Background Thread 4 ] WARN  TilesetLoader        - Diagonally flipped tiles are not currently supported
18:50:56.736 [FXGL Background Thread 4 ] WARN  TilesetLoader        - Diagonally flipped tiles are not currently supported
18:50:56.741 [FXGL Background Thread 4 ] WARN  TilesetLoader        - Diagonally flipped tiles are not currently supported
18:50:56.743 [FXGL Background Thread 4 ] DEBUG TilesetLoader        - Loading view for layer Copiar desde Capa de patrones 1
18:50:56.744 [FXGL Background Thread 4 ] DEBUG TilesetLoader        - Created buffer with size 2000.0x1500.0
18:50:56.745 [FXGL Background Thread 4 ] WARN  TilesetLoader        - Diagonally flipped tiles are not currently supported
18:50:56.746 [FXGL Background Thread 4 ] WARN  TilesetLoader        - Diagonally flipped tiles are not currently supported
18:50:56.748 [FXGL Background Thread 4 ] WARN  TilesetLoader        - Diagonally flipped tiles are not currently supported
18:50:56.764 [FXGL Background Thread 4 ] WARN  TilesetLoader        - Diagonally flipped tiles are not currently supported
18:50:56.765 [FXGL Background Thread 4 ] WARN  TilesetLoader        - Diagonally flipped tiles are not currently supported
18:50:56.768 [FXGL Background Thread 4 ] WARN  TilesetLoader        - Diagonally flipped tiles are not currently supported
18:50:56.770 [FXGL Background Thread 4 ] WARN  TilesetLoader        - Diagonally flipped tiles are not currently supported
18:50:56.771 [FXGL Background Thread 4 ] WARN  TilesetLoader        - Diagonally flipped tiles are not currently supported
18:50:56.772 [FXGL Background Thread 4 ] WARN  TilesetLoader        - Diagonally flipped tiles are not currently supported
18:50:56.772 [FXGL Background Thread 4 ] WARN  TilesetLoader        - Diagonally flipped tiles are not currently supported
18:50:56.773 [FXGL Background Thread 4 ] WARN  TilesetLoader        - Diagonally flipped tiles are not currently supported
18:50:56.774 [FXGL Background Thread 4 ] WARN  TilesetLoader        - Diagonally flipped tiles are not currently supported
18:50:56.803 [FXGL Background Thread 4 ] WARN  TilesetLoader        - Diagonally flipped tiles are not currently supported
18:50:56.806 [FXGL Background Thread 4 ] WARN  TilesetLoader        - Diagonally flipped tiles are not currently supported
18:50:56.809 [FXGL Background Thread 4 ] WARN  TilesetLoader        - Diagonally flipped tiles are not currently supported
18:50:56.809 [FXGL Background Thread 4 ] DEBUG TMXLevelLoader       - Creating object layer entities
18:50:56.829 [FXGL Background Thread 4 ] DEBUG GameWorld            - Clearing removable entities
18:50:56.898 [FXGL Background Thread 4 ] DEBUG GameWorld            - Setting level: com.almasb.fxgl.entity.level.Level@16359301
18:50:56.915 [FXGL Background Thread 4 ] DEBUG FXGLAssetLoaderServi - Loading from file system: file:/home/avrann/Escritorio/Repo%20Proyecto%20DPOO/jorge.carrillo-Proyecto-POO-2025/target/classes/assets/textures/cyborgatack_basic.png
18:50:56.923 [FXGL Background Thread 4 ] DEBUG FXGLAssetLoaderServi - Loading from file system: file:/home/avrann/Escritorio/Repo%20Proyecto%20DPOO/jorge.carrillo-Proyecto-POO-2025/target/classes/assets/textures/cyborgidle.png
18:50:56.927 [FXGL Background Thread 4 ] DEBUG FXGLAssetLoaderServi - Loading from file system: file:/home/avrann/Escritorio/Repo%20Proyecto%20DPOO/jorge.carrillo-Proyecto-POO-2025/target/classes/assets/textures/cyborgcaminando.png
18:50:56.930 [FXGL Background Thread 4 ] DEBUG FXGLAssetLoaderServi - Loading from file system: file:/home/avrann/Escritorio/Repo%20Proyecto%20DPOO/jorge.carrillo-Proyecto-POO-2025/target/classes/assets/textures/cyborgadelante.png
18:50:56.933 [FXGL Background Thread 4 ] DEBUG FXGLAssetLoaderServi - Loading from file system: file:/home/avrann/Escritorio/Repo%20Proyecto%20DPOO/jorge.carrillo-Proyecto-POO-2025/target/classes/assets/textures/cyborgatras.png
18:50:56.937 [FXGL Background Thread 4 ] DEBUG FXGLAssetLoaderServi - Loading from file system: file:/home/avrann/Escritorio/Repo%20Proyecto%20DPOO/jorge.carrillo-Proyecto-POO-2025/target/classes/assets/textures/cyborgdeat.png
18:50:56.948 [FXGL Background Thread 4 ] WARN  GameWorld            - Entity is already attached to world
18:50:56.951 [FXGL Background Thread 4 ] WARN  GameWorld            - Entity is already attached to world
18:50:56.952 [FXGL Background Thread 4 ] DEBUG Input                - Registered new binding: Mover Arriba - Up
18:50:56.953 [FXGL Background Thread 4 ] DEBUG Input                - Registered new binding: Mover Abajo - Down
18:50:56.953 [FXGL Background Thread 4 ] DEBUG Input                - Registered new binding: Mover Izquierda - Left
18:50:56.953 [FXGL Background Thread 4 ] DEBUG Input                - Registered new binding: Mover Derecha - Right
18:50:56.954 [FXGL Background Thread 4 ] DEBUG FXGLAssetLoaderServi - Loading from file system: file:/home/avrann/Escritorio/Repo%20Proyecto%20DPOO/jorge.carrillo-Proyecto-POO-2025/target/classes/assets/textures/life_bar.png
18:50:56.958 [FXGL Background Thread 4 ] DEBUG FXGLAssetLoaderServi - Loading from file system: file:/home/avrann/Escritorio/Repo%20Proyecto%20DPOO/jorge.carrillo-Proyecto-POO-2025/target/classes/assets/textures/barra_enemigo.png
18:50:56.960 [FXGL Background Thread 4 ] DEBUG FXGLAssetLoaderServi - Loading from file system: file:/home/avrann/Escritorio/Repo%20Proyecto%20DPOO/jorge.carrillo-Proyecto-POO-2025/target/classes/assets/textures/life_point.png
18:50:56.961 [FXGL Background Thread 4 ] DEBUG FXGLAssetLoaderServi - Loading from file system: file:/home/avrann/Escritorio/Repo%20Proyecto%20DPOO/jorge.carrillo-Proyecto-POO-2025/target/classes/assets/textures/life_point_enemi.png
18:50:56.962 [FXGL Background Thread 4 ] DEBUG FXGLAssetLoaderServi - Loading from file system: file:/home/avrann/Escritorio/Repo%20Proyecto%20DPOO/jorge.carrillo-Proyecto-POO-2025/target/classes/assets/textures/barra_pasos.png
18:50:56.964 [FXGL Background Thread 4 ] DEBUG FXGLAssetLoaderServi - Loading from file system: file:/home/avrann/Escritorio/Repo%20Proyecto%20DPOO/jorge.carrillo-Proyecto-POO-2025/target/classes/assets/textures/pasos_point.png
18:50:56.965 [FXGL Background Thread 4 ] DEBUG FXGLAssetLoaderServi - Loading from file system: file:/home/avrann/Escritorio/Repo%20Proyecto%20DPOO/jorge.carrillo-Proyecto-POO-2025/target/classes/assets/textures/barra_pasos_ememigo.png
18:50:56.966 [FXGL Background Thread 4 ] DEBUG FXGLAssetLoaderServi - Loading from file system: file:/home/avrann/Escritorio/Repo%20Proyecto%20DPOO/jorge.carrillo-Proyecto-POO-2025/target/classes/assets/textures/pasos_point_enemi.png
18:50:56.971 [FXGL Background Thread 4 ] DEBUG FXGLAssetLoaderServi - Loading from file system: file:/home/avrann/Escritorio/Repo%20Proyecto%20DPOO/jorge.carrillo-Proyecto-POO-2025/target/classes/assets/textures/button_atacck.png
18:50:56.973 [FXGL Background Thread 4 ] DEBUG FXGLAssetLoaderServi - Loading from file system: file:/home/avrann/Escritorio/Repo%20Proyecto%20DPOO/jorge.carrillo-Proyecto-POO-2025/target/classes/assets/textures/combat_panel.png
18:50:56.978 [FXGL Background Thread 4 ] INFO  FXGLApplication      - Game initialization took: 0.796 sec
18:50:56.991 [JavaFX Application Thread] DEBUG Input                - Clearing active input actions
18:50:57.011 [JavaFX Application Thread] DEBUG GameApplicationServi - Removing overlay from FXGLLoadingScene and adding to GameScene
18:50:57.017 [JavaFX Application Thread] DEBUG PrimaryStageWindow   - FXGLLoadingScene -> GameScene
18:50:58.754 [JavaFX Application Thread] DEBUG LoopRunner           - Stopping loop
18:50:58.757 [JavaFX Application Thread] FATAL FXGLApplication      - Uncaught Exception:
java.lang.IndexOutOfBoundsException: Index 1 out of bounds for length 1
	at java.base/jdk.internal.util.Preconditions.outOfBounds(Preconditions.java:100)
	at java.base/jdk.internal.util.Preconditions.outOfBoundsCheckIndex(Preconditions.java:106)
	at java.base/jdk.internal.util.Preconditions.checkIndex(Preconditions.java:302)
	at java.base/java.util.Objects.checkIndex(Objects.java:385)
	at java.base/java.util.ArrayList.get(ArrayList.java:427)
	at javafx.base@20/com.sun.javafx.collections.ObservableListWrapper.get(ObservableListWrapper.java:88)
	at javafx.base@20/com.sun.javafx.collections.VetoableListDecorator.get(VetoableListDecorator.java:305)
	at Game.main/View.UI.CombatModeUI.reduceStepPoint(CombatModeUI.java:129)
	at Game.main/App.Input$4.onActionEnd(Input.java:67)
	at com.almasb.fxgl.core@17.3/com.almasb.fxgl.input.UserAction.end$fxgl_core(UserAction.kt:39)
	at com.almasb.fxgl.core@17.3/com.almasb.fxgl.input.Input.handleReleased(Input.kt:425)
	at com.almasb.fxgl.core@17.3/com.almasb.fxgl.input.Input.onKeyEvent(Input.kt:320)
	at com.almasb.fxgl.all@17.3/com.almasb.fxgl.app.PrimaryStageWindow$1$1.invoke(MainWindow.kt:308)
	at com.almasb.fxgl.all@17.3/com.almasb.fxgl.app.PrimaryStageWindow$1$1.invoke(MainWindow.kt:308)
	at com.almasb.fxgl.core@17.3/com.almasb.fxgl.core.fsm.StateMachine.runOnActiveStates(StateMachine.kt:69)
	at com.almasb.fxgl.all@17.3/com.almasb.fxgl.app.PrimaryStageWindow$1.invoke(MainWindow.kt:308)
	at com.almasb.fxgl.all@17.3/com.almasb.fxgl.app.PrimaryStageWindow$1.invoke(MainWindow.kt:306)
	at com.almasb.fxgl.all@17.3/com.almasb.fxgl.app.MainWindow.addKeyHandler$lambda$1(MainWindow.kt:221)
	at javafx.base@20/com.sun.javafx.event.CompositeEventHandler$NormalEventHandlerRecord.handleBubblingEvent(CompositeEventHandler.java:247)
	at javafx.base@20/com.sun.javafx.event.CompositeEventHandler.dispatchBubblingEvent(CompositeEventHandler.java:80)
	at javafx.base@20/com.sun.javafx.event.EventHandlerManager.dispatchBubblingEvent(EventHandlerManager.java:232)
	at javafx.base@20/com.sun.javafx.event.EventHandlerManager.dispatchBubblingEvent(EventHandlerManager.java:189)
	at javafx.base@20/com.sun.javafx.event.CompositeEventDispatcher.dispatchBubblingEvent(CompositeEventDispatcher.java:59)
	at javafx.base@20/com.sun.javafx.event.BasicEventDispatcher.dispatchEvent(BasicEventDispatcher.java:58)
	at javafx.base@20/com.sun.javafx.event.EventDispatchChainImpl.dispatchEvent(EventDispatchChainImpl.java:114)
	at javafx.base@20/com.sun.javafx.event.BasicEventDispatcher.dispatchEvent(BasicEventDispatcher.java:56)
	at javafx.base@20/com.sun.javafx.event.EventDispatchChainImpl.dispatchEvent(EventDispatchChainImpl.java:114)
	at javafx.base@20/com.sun.javafx.event.EventUtil.fireEventImpl(EventUtil.java:74)
	at javafx.base@20/com.sun.javafx.event.EventUtil.fireEvent(EventUtil.java:54)
	at javafx.base@20/javafx.event.Event.fireEvent(Event.java:198)
	at javafx.graphics@20/javafx.scene.Scene.processKeyEvent(Scene.java:2190)
	at javafx.graphics@20/javafx.scene.Scene$ScenePeerListener.keyEvent(Scene.java:2711)
	at javafx.graphics@20/com.sun.javafx.tk.quantum.GlassViewEventHandler$KeyEventNotification.run(GlassViewEventHandler.java:218)
	at javafx.graphics@20/com.sun.javafx.tk.quantum.GlassViewEventHandler$KeyEventNotification.run(GlassViewEventHandler.java:150)
	at java.base/java.security.AccessController.doPrivileged(AccessController.java:400)
	at javafx.graphics@20/com.sun.javafx.tk.quantum.GlassViewEventHandler.lambda$handleKeyEvent$1(GlassViewEventHandler.java:250)
	at javafx.graphics@20/com.sun.javafx.tk.quantum.QuantumToolkit.runWithoutRenderLock(QuantumToolkit.java:424)
	at javafx.graphics@20/com.sun.javafx.tk.quantum.GlassViewEventHandler.handleKeyEvent(GlassViewEventHandler.java:249)
	at javafx.graphics@20/com.sun.glass.ui.View.handleKeyEvent(View.java:542)
	at javafx.graphics@20/com.sun.glass.ui.View.notifyKey(View.java:966)
	at javafx.graphics@20/com.sun.glass.ui.gtk.GtkApplication._runLoop(Native Method)
	at javafx.graphics@20/com.sun.glass.ui.gtk.GtkApplication.lambda$runLoop$11(GtkApplication.java:316)
	at java.base/java.lang.Thread.run(Thread.java:1583)

18:50:58.758 [JavaFX Application Thread] FATAL FXGLApplication      - Application will now exit
18:50:58.766 [JavaFX Application Thread] DEBUG PrimaryStageWindow   - Push state: ErrorSubScene
18:50:58.767 [JavaFX Application Thread] DEBUG Input                - Clearing active input actions
18:50:58.768 [JavaFX Application Thread] DEBUG GameApplicationServi - Removing overlay from GameScene and adding to ErrorSubScene
18:50:58.772 [JavaFX Application Thread] DEBUG PrimaryStageWindow   - GameScene -> ErrorSubScene
18:50:59.059 [FXGL Background Thread 3 ] DEBUG Engine               - Logging environment variables
18:50:59.060 [FXGL Background Thread 3 ] DEBUG Engine               - achievements: []
18:50:59.060 [FXGL Background Thread 3 ] DEBUG Engine               - actualHeight: 921.5453491210938
18:50:59.060 [FXGL Background Thread 3 ] DEBUG Engine               - actualHeightProperty: ReadOnlyDoubleProperty [value: 949.7272338867188]
18:50:59.060 [FXGL Background Thread 3 ] DEBUG Engine               - actualWidth: 1489.1817626953125
18:50:59.061 [FXGL Background Thread 3 ] DEBUG Engine               - actualWidthProperty: ReadOnlyDoubleProperty [value: 1489.1817626953125]
18:50:59.061 [FXGL Background Thread 3 ] DEBUG Engine               - appIcon: fxgl_icon.png
18:50:59.061 [FXGL Background Thread 3 ] DEBUG Engine               - applicationMode: DEVELOPER
18:50:59.061 [FXGL Background Thread 3 ] DEBUG Engine               - cSSList: [fxgl_dark.css]
18:50:59.065 [FXGL Background Thread 3 ] DEBUG Engine               - collisionDetectionStrategy: BRUTE_FORCE
18:50:59.066 [FXGL Background Thread 3 ] DEBUG Engine               - configClass: Optional.empty
18:50:59.066 [FXGL Background Thread 3 ] DEBUG Engine               - credits: []
18:50:59.066 [FXGL Background Thread 3 ] DEBUG Engine               - defaultCursor: CursorInfo(imageName=fxgl_default_cursor.png, hotspotX=7.0, hotspotY=6.0)
18:50:59.067 [FXGL Background Thread 3 ] DEBUG Engine               - devBBoxColorProperty: ObjectProperty [value: 0xff0000ff]
18:50:59.067 [FXGL Background Thread 3 ] DEBUG Engine               - devEnableDebugCameraProperty: BooleanProperty [value: false]
18:50:59.067 [FXGL Background Thread 3 ] DEBUG Engine               - devSensorColorProperty: ObjectProperty [value: 0xffff00ff]
18:50:59.067 [FXGL Background Thread 3 ] DEBUG Engine               - devShowBBoxProperty: BooleanProperty [value: false]
18:50:59.067 [FXGL Background Thread 3 ] DEBUG Engine               - devShowPositionProperty: BooleanProperty [value: false]
18:50:59.067 [FXGL Background Thread 3 ] DEBUG Engine               - enabledMenuItems: []
18:50:59.071 [FXGL Background Thread 3 ] DEBUG Engine               - engineServices: [class com.almasb.fxgl.app.services.FXGLAssetLoaderService, class com.almasb.fxgl.app.FXGLApplication$GameApplicationService, class com.almasb.fxgl.app.services.FXGLDialogService, class com.almasb.fxgl.app.services.IOTaskExecutorService, class com.almasb.fxgl.io.FileSystemService, class com.almasb.fxgl.localization.LocalizationService, class com.almasb.fxgl.app.services.SystemBundleService, class com.almasb.fxgl.profile.SaveLoadService, class com.almasb.fxgl.ui.FXGLUIFactoryServiceProvider, class com.almasb.fxgl.ui.FXGLDialogFactoryServiceProvider, class com.almasb.fxgl.audio.AudioPlayer, class com.almasb.fxgl.notification.impl.NotificationServiceProvider, class com.almasb.fxgl.achievement.AchievementService, class com.almasb.fxgl.cutscene.CutsceneService, class com.almasb.fxgl.minigames.MiniGameService, class com.almasb.fxgl.net.NetService, class com.almasb.fxgl.app.services.UpdaterService, class com.almasb.fxgl.dev.DevService]
18:50:59.071 [FXGL Background Thread 3 ] DEBUG Engine               - fontGame: Abel-Regular.ttf
18:50:59.071 [FXGL Background Thread 3 ] DEBUG Engine               - fontMono: TerminalLandMono-Regular.otf
18:50:59.072 [FXGL Background Thread 3 ] DEBUG Engine               - fontSizeScaleUI: 1.0
18:50:59.072 [FXGL Background Thread 3 ] DEBUG Engine               - fontText: Courier-Prime.ttf
18:50:59.072 [FXGL Background Thread 3 ] DEBUG Engine               - fontUI: VarelaRound-Regular.ttf
18:50:59.072 [FXGL Background Thread 3 ] DEBUG Engine               - fullScreen: BooleanProperty [value: false]
18:50:59.072 [FXGL Background Thread 3 ] DEBUG Engine               - gameDifficulty: MEDIUM
18:50:59.072 [FXGL Background Thread 3 ] DEBUG Engine               - gameDifficultyProperty: ObjectProperty [value: MEDIUM]
18:50:59.073 [FXGL Background Thread 3 ] DEBUG Engine               - globalMusicVolume: 0.5
18:50:59.073 [FXGL Background Thread 3 ] DEBUG Engine               - globalMusicVolumeProperty: DoubleProperty [value: 0.5]
18:50:59.073 [FXGL Background Thread 3 ] DEBUG Engine               - globalSoundVolume: 0.5
18:50:59.073 [FXGL Background Thread 3 ] DEBUG Engine               - globalSoundVolumeProperty: DoubleProperty [value: 0.5]
18:50:59.079 [FXGL Background Thread 3 ] DEBUG Engine               - height: 1000
18:50:59.079 [FXGL Background Thread 3 ] DEBUG Engine               - is3D: false
18:50:59.079 [FXGL Background Thread 3 ] DEBUG Engine               - isAndroid: false
18:50:59.079 [FXGL Background Thread 3 ] DEBUG Engine               - isBrowser: false
18:50:59.080 [FXGL Background Thread 3 ] DEBUG Engine               - isClickFeedbackEnabled: false
18:50:59.081 [FXGL Background Thread 3 ] DEBUG Engine               - isCloseConfirmation: false
18:50:59.081 [FXGL Background Thread 3 ] DEBUG Engine               - isDesktop: true
18:50:59.081 [FXGL Background Thread 3 ] DEBUG Engine               - isDeveloperMenuEnabled: true
18:50:59.081 [FXGL Background Thread 3 ] DEBUG Engine               - isEmbedded: false
18:50:59.081 [FXGL Background Thread 3 ] DEBUG Engine               - isEntityPreloadEnabled: true
18:50:59.081 [FXGL Background Thread 3 ] DEBUG Engine               - isExperimentalTiledLargeMap: false
18:50:59.082 [FXGL Background Thread 3 ] DEBUG Engine               - isFileSystemWriteAllowed: true
18:50:59.082 [FXGL Background Thread 3 ] DEBUG Engine               - isFullScreenAllowed: false
18:50:59.083 [FXGL Background Thread 3 ] DEBUG Engine               - isFullScreenFromStart: false
18:50:59.083 [FXGL Background Thread 3 ] DEBUG Engine               - isGameMenuEnabled: true
18:50:59.083 [FXGL Background Thread 3 ] DEBUG Engine               - isIOS: false
18:50:59.083 [FXGL Background Thread 3 ] DEBUG Engine               - isIntroEnabled: false
18:50:59.083 [FXGL Background Thread 3 ] DEBUG Engine               - isLinux: true
18:50:59.083 [FXGL Background Thread 3 ] DEBUG Engine               - isMac: false
18:50:59.083 [FXGL Background Thread 3 ] DEBUG Engine               - isMainMenuEnabled: false
18:50:59.085 [FXGL Background Thread 3 ] DEBUG Engine               - isManualResizeEnabled: false
18:50:59.085 [FXGL Background Thread 3 ] DEBUG Engine               - isMobile: false
18:50:59.086 [FXGL Background Thread 3 ] DEBUG Engine               - isNative: false
18:50:59.086 [FXGL Background Thread 3 ] DEBUG Engine               - isPauseMusicWhenMinimized: true
18:50:59.086 [FXGL Background Thread 3 ] DEBUG Engine               - isPreserveResizeRatio: false
18:50:59.086 [FXGL Background Thread 3 ] DEBUG Engine               - isProfilingEnabled: false
18:50:59.086 [FXGL Background Thread 3 ] DEBUG Engine               - isScaleAffectedOnResize: true
18:50:59.087 [FXGL Background Thread 3 ] DEBUG Engine               - isSingleStep: false
18:50:59.087 [FXGL Background Thread 3 ] DEBUG Engine               - isUserProfileEnabled: false
18:50:59.087 [FXGL Background Thread 3 ] DEBUG Engine               - isWindows: false
18:50:59.087 [FXGL Background Thread 3 ] DEBUG Engine               - language: ObjectProperty [value: ENGLISH]
18:50:59.087 [FXGL Background Thread 3 ] DEBUG Engine               - menuKey: ESCAPE
18:50:59.087 [FXGL Background Thread 3 ] DEBUG Engine               - mouseSensitivity: 0.2
18:50:59.088 [FXGL Background Thread 3 ] DEBUG Engine               - notificationViewClass: class com.almasb.fxgl.notification.view.XboxNotificationView
18:50:59.088 [FXGL Background Thread 3 ] DEBUG Engine               - pixelsPerMeter: 50.0
18:50:59.088 [FXGL Background Thread 3 ] DEBUG Engine               - platform: LINUX
18:50:59.088 [FXGL Background Thread 3 ] DEBUG Engine               - prefHeightProperty: ReadOnlyDoubleProperty [value: 1000.0]
18:50:59.088 [FXGL Background Thread 3 ] DEBUG Engine               - prefWidthProperty: ReadOnlyDoubleProperty [value: 1600.0]
18:50:59.088 [FXGL Background Thread 3 ] DEBUG Engine               - profileDir: profiles/
18:50:59.088 [FXGL Background Thread 3 ] DEBUG Engine               - profileName: StringProperty [value: DEFAULT]
18:50:59.088 [FXGL Background Thread 3 ] DEBUG Engine               - randomSeed: -1
18:50:59.088 [FXGL Background Thread 3 ] DEBUG Engine               - runtimeInfo: RuntimeInfo(platform=LINUX, version=17.3, build=30.03.2023 11.49)
18:50:59.089 [FXGL Background Thread 3 ] DEBUG Engine               - saveFileExt: sav
18:50:59.089 [FXGL Background Thread 3 ] DEBUG Engine               - scaledHeightProp$fxgl: DoubleProperty [bound, value: 949.7272338867188]
18:50:59.089 [FXGL Background Thread 3 ] DEBUG Engine               - scaledWidthProp$fxgl: DoubleProperty [bound, value: 1489.1817626953125]
18:50:59.089 [FXGL Background Thread 3 ] DEBUG Engine               - sceneFactory: com.almasb.fxgl.app.scene.SceneFactory@376231d
18:50:59.089 [FXGL Background Thread 3 ] DEBUG Engine               - secondsIn24h: 60
18:50:59.089 [FXGL Background Thread 3 ] DEBUG Engine               - soundMenuBack: menu/back.wav
18:50:59.089 [FXGL Background Thread 3 ] DEBUG Engine               - soundMenuPress: menu/press.wav
18:50:59.089 [FXGL Background Thread 3 ] DEBUG Engine               - soundMenuSelect: menu/select.wav
18:50:59.089 [FXGL Background Thread 3 ] DEBUG Engine               - soundNotification: core/notification.wav
18:50:59.089 [FXGL Background Thread 3 ] DEBUG Engine               - stageStyle: DECORATED
18:50:59.089 [FXGL Background Thread 3 ] DEBUG Engine               - supportedLanguages: [ENGLISH, FRENCH, GERMAN, HUNGARIAN, RUSSIAN]
18:50:59.089 [FXGL Background Thread 3 ] DEBUG Engine               - ticksPerSecond: -1
18:50:59.089 [FXGL Background Thread 3 ] DEBUG Engine               - title: Pruebas en FXGL
18:50:59.090 [FXGL Background Thread 3 ] DEBUG Engine               - urlGithub: https://github.com/AlmasB/FXGL
18:50:59.090 [FXGL Background Thread 3 ] DEBUG Engine               - urlLeaderboard: http://fxgl-top.herokuapp.com/
18:50:59.090 [FXGL Background Thread 3 ] DEBUG Engine               - urlPOM: https://raw.githubusercontent.com/AlmasB/FXGL/release/README.md
18:50:59.090 [FXGL Background Thread 3 ] DEBUG Engine               - userAppClass: class App.Game.GameApp
18:50:59.090 [FXGL Background Thread 3 ] DEBUG Engine               - version: 0.0
18:50:59.090 [FXGL Background Thread 3 ] DEBUG Engine               - versionCheckDays: 7
18:50:59.090 [FXGL Background Thread 3 ] DEBUG Engine               - width: 1600
18:50:59.090 [FXGL Background Thread 3 ] DEBUG Engine               - Logging services
18:50:59.090 [FXGL Background Thread 3 ] DEBUG Engine               - class com.almasb.fxgl.app.services.FXGLAssetLoaderService
18:50:59.090 [FXGL Background Thread 3 ] DEBUG Engine               - class com.almasb.fxgl.app.FXGLApplication$GameApplicationService
18:50:59.090 [FXGL Background Thread 3 ] DEBUG Engine               - class com.almasb.fxgl.app.services.FXGLDialogService
18:50:59.090 [FXGL Background Thread 3 ] DEBUG Engine               - class com.almasb.fxgl.app.services.IOTaskExecutorService
18:50:59.090 [FXGL Background Thread 3 ] DEBUG Engine               - class com.almasb.fxgl.io.FileSystemService
18:50:59.090 [FXGL Background Thread 3 ] DEBUG Engine               - class com.almasb.fxgl.localization.LocalizationService
18:50:59.090 [FXGL Background Thread 3 ] DEBUG Engine               - class com.almasb.fxgl.app.services.SystemBundleService
18:50:59.091 [FXGL Background Thread 3 ] DEBUG Engine               - class com.almasb.fxgl.profile.SaveLoadService
18:50:59.091 [FXGL Background Thread 3 ] DEBUG Engine               - class com.almasb.fxgl.ui.FXGLUIFactoryServiceProvider
18:50:59.091 [FXGL Background Thread 3 ] DEBUG Engine               - class com.almasb.fxgl.ui.FXGLDialogFactoryServiceProvider
18:50:59.091 [FXGL Background Thread 3 ] DEBUG Engine               - class com.almasb.fxgl.audio.AudioPlayer
18:50:59.091 [FXGL Background Thread 3 ] DEBUG Engine               - class com.almasb.fxgl.notification.impl.NotificationServiceProvider
18:50:59.091 [FXGL Background Thread 3 ] DEBUG Engine               - class com.almasb.fxgl.achievement.AchievementService
18:50:59.091 [FXGL Background Thread 3 ] DEBUG Engine               - class com.almasb.fxgl.cutscene.CutsceneService
18:50:59.091 [FXGL Background Thread 3 ] DEBUG Engine               - class com.almasb.fxgl.minigames.MiniGameService
18:50:59.091 [FXGL Background Thread 3 ] DEBUG Engine               - class com.almasb.fxgl.net.NetService
18:50:59.091 [FXGL Background Thread 3 ] DEBUG Engine               - class com.almasb.fxgl.app.services.UpdaterService
18:50:59.091 [FXGL Background Thread 3 ] DEBUG Engine               - class com.almasb.fxgl.dev.DevService
18:51:00.353 [JavaFX Application Thread] DEBUG FXGLApplication      - Exiting FXGL
18:51:00.353 [JavaFX Application Thread] DEBUG Async                - Shutting down background threads
18:51:00.354 [JavaFX Application Thread] DEBUG PrimaryStageWindow   - Closing main window
18:51:00.360 [JavaFX Application Thread] DEBUG Logger               - Closing Logger
