03:09:55.071 [main                     ] DEBUG Logger               - Configured Logger
03:09:55.088 [main                     ] DEBUG GameApplication      - Logging settings
Title: Pruebas en FXGL
Version: 0.0
Width: 1536
Height: 1024
Fullscreen: false
Intro: false
Profiling: false
Single step:false
App Mode: DEVELOPER
Menu Key: ESCAPE
Stage Style: DECORATED
Scene Factory: class App.Game.GameApp$1

03:09:55.274 [JavaFX Application Thread] DEBUG FXGLApplication      - Initializing FXGL
03:09:55.279 [JavaFX Application Thread] INFO  Engine               - FXGL-21.1 (27.03.2024 07.52) on LINUX (J:21.0.6 FX:21.0.1)
03:09:55.279 [JavaFX Application Thread] DEBUG Engine               - JRE Vendor Name: Oracle Corporation
03:09:55.279 [JavaFX Application Thread] DEBUG Engine               - Running on OS: Linux version 6.8.0-55-generic
03:09:55.280 [JavaFX Application Thread] DEBUG Engine               - Architecture: amd64
03:09:55.280 [JavaFX Application Thread] INFO  Engine               - Source code and latest versions at: https://github.com/AlmasB/FXGL
03:09:55.280 [JavaFX Application Thread] INFO  Engine               -       Ask questions and discuss at: https://github.com/AlmasB/FXGL/discussions
03:09:55.280 [JavaFX Application Thread] INFO  Engine               -              Join the FXGL chat at: https://gitter.im/AlmasB/FXGL
03:09:55.335 [JavaFX Application Thread] DEBUG PrimaryStageWindow   - Creating a JavaFX scene
03:09:55.335 [JavaFX Application Thread] DEBUG PrimaryStageWindow   - Target size > screen size
03:09:55.390 [JavaFX Application Thread] DEBUG PrimaryStageWindow   - Target settings size: 1536.0 x 1024.0
03:09:55.390 [JavaFX Application Thread] DEBUG PrimaryStageWindow   - Scaled scene size:    1397.0 x 948.0
03:09:55.390 [JavaFX Application Thread] DEBUG PrimaryStageWindow   - Scaled ratio: (0.9095052083333334, 0.92578125)
03:09:55.391 [JavaFX Application Thread] DEBUG PrimaryStageWindow   - Set initial scene to FXGLStartupScene
03:09:55.392 [JavaFX Application Thread] DEBUG PrimaryStageWindow   - Opening main window
03:09:55.416 [JavaFX Application Thread] DEBUG PrimaryStageWindow   - Window border size: (0.27783203125, 35.0)
03:09:55.417 [JavaFX Application Thread] DEBUG PrimaryStageWindow   - Scaled size: 1397.0 x 913.185302734375
03:09:55.417 [JavaFX Application Thread] DEBUG PrimaryStageWindow   - Scaled ratio: (0.9095052083333334, 0.8917825222015381)
03:09:55.417 [JavaFX Application Thread] DEBUG PrimaryStageWindow   - Scene size: 1397.0 x 948.0
03:09:55.417 [JavaFX Application Thread] DEBUG PrimaryStageWindow   - Stage size: 1397.27783203125 x 948.185302734375
03:09:55.422 [FXGL Background Thread 1 ] DEBUG Engine               - Initializing environment variables
03:09:55.516 [FXGL Background Thread 1 ] DEBUG FXGLAssetLoaderServi - User app class for loading assets: class App.Game.GameApp
03:09:55.516 [FXGL Background Thread 1 ] DEBUG GameApplicationServi - Applying CSS: fxgl_dark.css
03:09:55.517 [FXGL Background Thread 1 ] DEBUG FXGLAssetLoaderServi - Loading from file system: jar:file:///home/avrann/.m2/repository/com/github/almasb/fxgl/21.1/fxgl-21.1.jar!/fxglassets/ui/css/fxgl_dark.css
03:09:55.564 [FXGL Background Thread 1 ] DEBUG GameApplicationServi - Initializing application scenes
03:09:55.634 [FXGL Background Thread 1 ] DEBUG GameWorld            - Game world initialized
03:09:55.694 [FXGL Background Thread 1 ] DEBUG PhysicsWorld         - Physics world initialized: appHeight=1024, physics.ppm=50.0
03:09:55.694 [FXGL Background Thread 1 ] DEBUG PhysicsWorld         - Using strategy: BRUTE_FORCE
03:09:55.697 [FXGL Background Thread 1 ] DEBUG GameScene            - Game scene initialized: 1536x1024
03:09:55.702 [FXGL Background Thread 1 ] DEBUG FXGL.DefaultMenu     - createMenuBodyMainMenu()
03:09:55.710 [FXGL Background Thread 1 ] DEBUG FXGL.DefaultMenu     - createOptionsMenu()
03:09:55.716 [FXGL Background Thread 1 ] DEBUG FXGLAssetLoaderServi - Loading from file system: jar:file:///home/avrann/.m2/repository/com/github/almasb/fxgl/21.1/fxgl-21.1.jar!/fxglassets/textures/particles/smoke.png
03:09:55.814 [FXGL Background Thread 1 ] DEBUG FXGLAssetLoaderServi - Loading from file system: jar:file:///home/avrann/.m2/repository/com/github/almasb/fxgl/21.1/fxgl-21.1.jar!/fxglassets/textures/particles/trace_horizontal.png
03:09:55.846 [FXGL Background Thread 1 ] DEBUG FXGLAssetLoaderServi - Loading from file system: file:/home/avrann/Escritorio/Repo%20Proyecto%20DPOO/jorge.carrillo-Proyecto-POO-2025/target/classes/assets/music/menu.wav
03:09:55.948 [FXGL Background Thread 1 ] DEBUG AudioPlayer          - Playing music com.almasb.fxgl.audio.Music@5f2a2923
03:09:55.950 [FXGL Background Thread 1 ] DEBUG FXGLAssetLoaderServi - Loading from file system: file:/home/avrann/Escritorio/Repo%20Proyecto%20DPOO/jorge.carrillo-Proyecto-POO-2025/target/classes/assets/textures/fondo.png
03:09:56.025 [FXGL Background Thread 1 ] DEBUG FXGL.DefaultMenu     - createMenuBodyGameMenu()
03:09:56.026 [FXGL Background Thread 1 ] DEBUG FXGL.DefaultMenu     - createOptionsMenu()
03:09:56.041 [FXGL Background Thread 1 ] DEBUG AudioPlayer          - Playing music com.almasb.fxgl.audio.Music@5f2a2923
03:09:56.041 [FXGL Background Thread 1 ] DEBUG AudioPlayer          - Playing music com.almasb.fxgl.audio.Music@5f2a2923
03:09:56.042 [FXGL Background Thread 1 ] DEBUG FXGLAssetLoaderServi - Loading from file system: file:/home/avrann/Escritorio/Repo%20Proyecto%20DPOO/jorge.carrillo-Proyecto-POO-2025/target/classes/assets/textures/fondoGameMenu.png
03:09:56.087 [FXGL Background Thread 1 ] DEBUG GameApplicationServi - Application scenes initialized
03:09:56.101 [FXGL Background Thread 1 ] DEBUG SystemBundleService  - Loading FXGL system data
03:09:56.103 [FXGL Background Thread 1 ] DEBUG FileSystemAccess     - Reading from: /home/avrann/Escritorio/Repo Proyecto DPOO/jorge.carrillo-Proyecto-POO-2025/system/fxgl.bundle
03:09:56.120 [FXGL Background Thread 1 ] DEBUG SystemBundleService  - Bundle FXGL: {}
03:09:56.121 [FXGL Background Thread 1 ] DEBUG UpdaterService       - Checking for updates
03:09:56.165 [FXGL Background Thread 4 ] DEBUG FXGLApplication      - Loading fonts
03:09:56.165 [FXGL Background Thread 1 ] DEBUG FXGLApplication      - Loading default localization
03:09:56.165 [FXGL Background Thread 1 ] DEBUG FXGLAssetLoaderServi - Loading from file system: jar:file:///home/avrann/.m2/repository/com/github/almasb/fxgl/21.1/fxgl-21.1.jar!/fxglassets/languages/english.lang
03:09:56.165 [FXGL Background Thread 4 ] DEBUG FXGLAssetLoaderServi - Loading from file system: jar:file:///home/avrann/.m2/repository/com/github/almasb/fxgl/21.1/fxgl-21.1.jar!/fxglassets/ui/fonts/VarelaRound-Regular.ttf
03:09:56.181 [FXGL Background Thread 1 ] INFO  FXGLApplication      - FXGL initialization took: 0.757 sec
03:09:56.182 [JavaFX Application Thread] DEBUG FXGLAssetLoaderServi - Loading from file system: jar:file:///home/avrann/.m2/repository/com/github/almasb/fxgl/21.1/fxgl-21.1.jar!/fxglassets/textures/fxgl_icon.png
03:09:56.190 [FXGL Background Thread 4 ] DEBUG FXGLAssetLoaderServi - Loading from file system: jar:file:///home/avrann/.m2/repository/com/github/almasb/fxgl/21.1/fxgl-21.1.jar!/fxglassets/ui/fonts/Abel-Regular.ttf
03:09:56.192 [FXGL Background Thread 4 ] DEBUG FXGLAssetLoaderServi - Loading from file system: jar:file:///home/avrann/.m2/repository/com/github/almasb/fxgl/21.1/fxgl-21.1.jar!/fxglassets/ui/fonts/TerminalLandMono-Regular.otf
03:09:56.195 [FXGL Background Thread 4 ] DEBUG FXGLAssetLoaderServi - Loading from file system: jar:file:///home/avrann/.m2/repository/com/github/almasb/fxgl/21.1/fxgl-21.1.jar!/fxglassets/ui/fonts/Courier-Prime.ttf
03:09:56.209 [JavaFX Application Thread] DEBUG FXGLAssetLoaderServi - Loading from file system: jar:file:///home/avrann/.m2/repository/com/github/almasb/fxgl/21.1/fxgl-21.1.jar!/fxglassets/textures/fxgl_default_cursor.png
03:09:56.218 [JavaFX Application Thread] DEBUG Input                - Registered new binding: Screenshot - CTRL+8
03:09:56.218 [JavaFX Application Thread] DEBUG Input                - Registered new binding: Dev Options - 1
03:09:56.224 [JavaFX Application Thread] DEBUG Input                - Registered new binding: Dev Console - 2
03:09:56.225 [JavaFX Application Thread] DEBUG Input                - Registered new binding: System info dump - CTRL+9
03:09:56.225 [JavaFX Application Thread] DEBUG Input                - Registered new binding: Restart - CTRL+R
03:09:56.225 [JavaFX Application Thread] DEBUG Input                - Registered new binding: Toggle Debug Camera - CTRL+7
03:09:56.234 [JavaFX Application Thread] DEBUG LoopRunner           - Starting loop
03:09:56.260 [JavaFX Application Thread] DEBUG LoopRunner           - Initializing JavaFX AnimationTimerLoop
03:09:56.262 [JavaFX Application Thread] DEBUG Input                - Clearing active input actions
03:09:56.274 [JavaFX Application Thread] DEBUG GameApplicationServi - Removing overlay from FXGLStartupScene and adding to FXGLMainMenuDummyScene
03:09:56.286 [JavaFX Application Thread] DEBUG PrimaryStageWindow   - FXGLStartupScene -> FXGLMainMenuDummyScene
03:09:56.287 [JavaFX Application Thread] DEBUG PrimaryStageWindow   - Push state: MyMenu
03:09:56.293 [JavaFX Application Thread] DEBUG Input                - Clearing active input actions
03:09:56.297 [JavaFX Application Thread] DEBUG GameApplicationServi - Removing overlay from FXGLMainMenuDummyScene and adding to MyMenu
03:09:56.302 [JavaFX Application Thread] DEBUG PrimaryStageWindow   - FXGLMainMenuDummyScene -> MyMenu
03:09:56.306 [JavaFX Application Thread] DEBUG FXGLApplication      - Registering font factories with UI factory
03:09:56.873 [JavaFX Application Thread] DEBUG Menu                 - fireNewGame()
03:09:56.873 [JavaFX Application Thread] DEBUG GameApplicationServi - Starting new game
03:09:56.880 [JavaFX Application Thread] DEBUG PrimaryStageWindow   - Pop state: MyMenu
03:09:56.880 [JavaFX Application Thread] DEBUG Input                - Clearing active input actions
03:09:56.882 [JavaFX Application Thread] DEBUG GameApplicationServi - Removing overlay from MyMenu and adding to FXGLMainMenuDummyScene
03:09:56.885 [JavaFX Application Thread] DEBUG PrimaryStageWindow   - FXGLMainMenuDummyScene <- MyMenu
03:09:56.885 [JavaFX Application Thread] DEBUG Input                - Clearing active input actions
03:09:56.895 [JavaFX Application Thread] DEBUG GameApplicationServi - Removing overlay from FXGLMainMenuDummyScene and adding to FXGLLoadingScene
03:09:56.896 [JavaFX Application Thread] DEBUG PrimaryStageWindow   - FXGLMainMenuDummyScene -> FXGLLoadingScene
03:09:56.896 [JavaFX Application Thread] DEBUG GameApplicationServi - Clearing previous game
03:09:56.896 [JavaFX Application Thread] DEBUG GameScene            - Clearing game scene
03:09:56.896 [JavaFX Application Thread] DEBUG GameWorld            - Clearing game world
03:09:56.896 [JavaFX Application Thread] DEBUG PhysicsWorld         - Clearing physics world
03:09:56.902 [FXGL Background Thread 4 ] DEBUG FXGLApplication      - Initializing game
03:09:57.145 [FXGL Background Thread 4 ] DEBUG AudioPlayer          - Stopping music com.almasb.fxgl.audio.Music@5f2a2923
03:09:57.168 [FXGL Background Thread 4 ] DEBUG FXGLAssetLoaderServi - Loading from file system: file:/home/avrann/Escritorio/Repo%20Proyecto%20DPOO/jorge.carrillo-Proyecto-POO-2025/target/classes/assets/music/loading.wav
03:09:57.189 [FXGL Background Thread 4 ] DEBUG AudioPlayer          - Playing music com.almasb.fxgl.audio.Music@5d38b182
03:09:57.368 [FXGL Background Thread 4 ] DEBUG TMXLevelLoader       - Parsed TiledMap: file:/home/avrann/Escritorio/Repo%20Proyecto%20DPOO/jorge.carrillo-Proyecto-POO-2025/target/classes/assets/levels/level_01.tmx
03:09:57.377 [FXGL Background Thread 4 ] DEBUG TMXLevelLoader       - Creating tile layer entities
03:09:57.380 [FXGL Background Thread 4 ] DEBUG TilesetLoader        - Loading view for layer Capa de patrones 1
03:09:57.385 [FXGL Background Thread 4 ] DEBUG TilesetLoader        - Created buffer with size 2000.0x1500.0
03:09:57.414 [FXGL Background Thread 4 ] WARN  TilesetLoader        - Diagonally flipped tiles are not currently supported
03:09:57.416 [FXGL Background Thread 4 ] WARN  TilesetLoader        - Diagonally flipped tiles are not currently supported
03:09:57.418 [FXGL Background Thread 4 ] WARN  TilesetLoader        - Diagonally flipped tiles are not currently supported
03:09:57.418 [FXGL Background Thread 4 ] WARN  TilesetLoader        - Diagonally flipped tiles are not currently supported
03:09:57.422 [FXGL Background Thread 4 ] WARN  TilesetLoader        - Diagonally flipped tiles are not currently supported
03:09:57.441 [FXGL Background Thread 4 ] WARN  TilesetLoader        - Diagonally flipped tiles are not currently supported
03:09:57.442 [FXGL Background Thread 4 ] WARN  TilesetLoader        - Diagonally flipped tiles are not currently supported
03:09:57.443 [FXGL Background Thread 4 ] WARN  TilesetLoader        - Diagonally flipped tiles are not currently supported
03:09:57.444 [FXGL Background Thread 4 ] WARN  TilesetLoader        - Diagonally flipped tiles are not currently supported
03:09:57.454 [FXGL Background Thread 4 ] WARN  TilesetLoader        - Diagonally flipped tiles are not currently supported
03:09:57.460 [FXGL Background Thread 4 ] WARN  TilesetLoader        - Diagonally flipped tiles are not currently supported
03:09:57.464 [FXGL Background Thread 4 ] DEBUG TilesetLoader        - Loading view for layer Capa de Decoracion
03:09:57.468 [FXGL Background Thread 4 ] DEBUG TilesetLoader        - Created buffer with size 2000.0x1500.0
03:09:57.491 [FXGL Background Thread 4 ] DEBUG TMXLevelLoader       - Creating object layer entities
03:09:57.518 [FXGL Background Thread 4 ] DEBUG GameWorld            - Clearing removable entities
03:09:57.621 [FXGL Background Thread 4 ] DEBUG GameWorld            - Setting level: com.almasb.fxgl.entity.level.Level@2d91defb
03:09:57.654 [FXGL Background Thread 4 ] DEBUG FXGLAssetLoaderServi - Loading from file system: file:/home/avrann/Escritorio/Repo%20Proyecto%20DPOO/jorge.carrillo-Proyecto-POO-2025/target/classes/assets/textures/exploreatack_basic.png
03:09:57.659 [FXGL Background Thread 4 ] DEBUG FXGLAssetLoaderServi - Loading from file system: file:/home/avrann/Escritorio/Repo%20Proyecto%20DPOO/jorge.carrillo-Proyecto-POO-2025/target/classes/assets/textures/exploreidle.png
03:09:57.661 [FXGL Background Thread 4 ] WARN  FXGLAssetLoaderServi - Asset "/assets/textures/explorecaminando.png" was not found!
03:09:57.661 [FXGL Background Thread 4 ] WARN  FXGLAssetLoaderServi - Failed to load IMAGE
03:09:57.683 [FXGL Background Thread 4 ] WARN  FXGLAssetLoaderServi - Asset "/assets/textures/exploreadelante.png" was not found!
03:09:57.683 [FXGL Background Thread 4 ] WARN  FXGLAssetLoaderServi - Failed to load IMAGE
03:09:57.683 [FXGL Background Thread 4 ] WARN  FXGLAssetLoaderServi - Asset "/assets/textures/exploreatras.png" was not found!
03:09:57.684 [FXGL Background Thread 4 ] WARN  FXGLAssetLoaderServi - Failed to load IMAGE
03:09:57.684 [FXGL Background Thread 4 ] DEBUG FXGLAssetLoaderServi - Loading from file system: file:/home/avrann/Escritorio/Repo%20Proyecto%20DPOO/jorge.carrillo-Proyecto-POO-2025/target/classes/assets/textures/exploredeat.png
03:09:57.699 [FXGL Background Thread 4 ] WARN  GameWorld            - Entity is already attached to world
03:09:57.700 [FXGL Background Thread 4 ] WARN  FXGLAssetLoaderServi - Asset "/assets/textures/explorecaminando.png" was not found!
03:09:57.700 [FXGL Background Thread 4 ] WARN  FXGLAssetLoaderServi - Failed to load IMAGE
03:09:57.700 [FXGL Background Thread 4 ] WARN  FXGLAssetLoaderServi - Asset "/assets/textures/exploreadelante.png" was not found!
03:09:57.700 [FXGL Background Thread 4 ] WARN  FXGLAssetLoaderServi - Failed to load IMAGE
03:09:57.700 [FXGL Background Thread 4 ] WARN  FXGLAssetLoaderServi - Asset "/assets/textures/exploreatras.png" was not found!
03:09:57.700 [FXGL Background Thread 4 ] WARN  FXGLAssetLoaderServi - Failed to load IMAGE
03:09:57.707 [FXGL Background Thread 4 ] WARN  GameWorld            - Entity is already attached to world
03:09:57.713 [FXGL Background Thread 4 ] DEBUG FXGLAssetLoaderServi - Loading from file system: file:/home/avrann/Escritorio/Repo%20Proyecto%20DPOO/jorge.carrillo-Proyecto-POO-2025/target/classes/assets/textures/droid2atack_basic.png
03:09:57.721 [FXGL Background Thread 4 ] DEBUG FXGLAssetLoaderServi - Loading from file system: file:/home/avrann/Escritorio/Repo%20Proyecto%20DPOO/jorge.carrillo-Proyecto-POO-2025/target/classes/assets/textures/droid2idle.png
03:09:57.722 [FXGL Background Thread 4 ] WARN  FXGLAssetLoaderServi - Asset "/assets/textures/droid2caminando.png" was not found!
03:09:57.722 [FXGL Background Thread 4 ] WARN  FXGLAssetLoaderServi - Failed to load IMAGE
03:09:57.723 [FXGL Background Thread 4 ] WARN  FXGLAssetLoaderServi - Asset "/assets/textures/droid2adelante.png" was not found!
03:09:57.729 [FXGL Background Thread 4 ] WARN  FXGLAssetLoaderServi - Failed to load IMAGE
03:09:57.730 [FXGL Background Thread 4 ] WARN  FXGLAssetLoaderServi - Asset "/assets/textures/droid2atras.png" was not found!
03:09:57.730 [FXGL Background Thread 4 ] WARN  FXGLAssetLoaderServi - Failed to load IMAGE
03:09:57.730 [FXGL Background Thread 4 ] DEBUG FXGLAssetLoaderServi - Loading from file system: file:/home/avrann/Escritorio/Repo%20Proyecto%20DPOO/jorge.carrillo-Proyecto-POO-2025/target/classes/assets/textures/droid2deat.png
03:09:57.732 [FXGL Background Thread 4 ] WARN  GameWorld            - Entity is already attached to world
03:09:57.736 [FXGL Background Thread 4 ] DEBUG FXGLAssetLoaderServi - Loading from file system: file:/home/avrann/Escritorio/Repo%20Proyecto%20DPOO/jorge.carrillo-Proyecto-POO-2025/target/classes/assets/textures/barreraDesactivadaitem.png
03:09:57.742 [FXGL Background Thread 4 ] WARN  FXGLAssetLoaderServi - Asset "/assets/textures/barreraDesactivadadisabled.png" was not found!
03:09:57.742 [FXGL Background Thread 4 ] WARN  FXGLAssetLoaderServi - Failed to load IMAGE
03:09:57.743 [FXGL Background Thread 4 ] WARN  GameWorld            - Entity is already attached to world
03:09:57.746 [FXGL Background Thread 4 ] WARN  FXGLAssetLoaderServi - Asset "/assets/textures/barreraDesactivadadisabled.png" was not found!
03:09:57.746 [FXGL Background Thread 4 ] WARN  FXGLAssetLoaderServi - Failed to load IMAGE
03:09:57.747 [FXGL Background Thread 4 ] WARN  GameWorld            - Entity is already attached to world
03:09:57.748 [FXGL Background Thread 4 ] WARN  FXGLAssetLoaderServi - Asset "/assets/textures/barreraDesactivadadisabled.png" was not found!
03:09:57.748 [FXGL Background Thread 4 ] WARN  FXGLAssetLoaderServi - Failed to load IMAGE
03:09:57.748 [FXGL Background Thread 4 ] WARN  GameWorld            - Entity is already attached to world
03:09:57.748 [FXGL Background Thread 4 ] DEBUG FXGLAssetLoaderServi - Loading from file system: file:/home/avrann/Escritorio/Repo%20Proyecto%20DPOO/jorge.carrillo-Proyecto-POO-2025/target/classes/assets/textures/barreraitem.png
03:09:57.752 [FXGL Background Thread 4 ] DEBUG FXGLAssetLoaderServi - Loading from file system: file:/home/avrann/Escritorio/Repo%20Proyecto%20DPOO/jorge.carrillo-Proyecto-POO-2025/target/classes/assets/textures/barreradisabled.png
03:09:57.756 [FXGL Background Thread 4 ] WARN  GameWorld            - Entity is already attached to world
03:09:57.757 [FXGL Background Thread 4 ] WARN  GameWorld            - Entity is already attached to world
03:09:57.758 [FXGL Background Thread 4 ] DEBUG FXGLAssetLoaderServi - Loading from file system: file:/home/avrann/Escritorio/Repo%20Proyecto%20DPOO/jorge.carrillo-Proyecto-POO-2025/target/classes/assets/textures/panelitem.png
03:09:57.760 [FXGL Background Thread 4 ] DEBUG FXGLAssetLoaderServi - Loading from file system: file:/home/avrann/Escritorio/Repo%20Proyecto%20DPOO/jorge.carrillo-Proyecto-POO-2025/target/classes/assets/textures/paneldisabled.png
03:09:57.762 [FXGL Background Thread 4 ] WARN  GameWorld            - Entity is already attached to world
03:09:57.764 [FXGL Background Thread 4 ] WARN  GameWorld            - Entity is already attached to world
03:09:57.764 [FXGL Background Thread 4 ] DEBUG FXGLAssetLoaderServi - Loading from file system: file:/home/avrann/Escritorio/Repo%20Proyecto%20DPOO/jorge.carrillo-Proyecto-POO-2025/target/classes/assets/textures/generatorSpecialPointitem.png
03:09:57.766 [FXGL Background Thread 4 ] WARN  FXGLAssetLoaderServi - Asset "/assets/textures/generatorSpecialPointdisabled.png" was not found!
03:09:57.766 [FXGL Background Thread 4 ] WARN  FXGLAssetLoaderServi - Failed to load IMAGE
03:09:57.767 [FXGL Background Thread 4 ] WARN  GameWorld            - Entity is already attached to world
03:09:57.767 [FXGL Background Thread 4 ] WARN  FXGLAssetLoaderServi - Asset "/assets/textures/generatorSpecialPointdisabled.png" was not found!
03:09:57.767 [FXGL Background Thread 4 ] WARN  FXGLAssetLoaderServi - Failed to load IMAGE
03:09:57.768 [FXGL Background Thread 4 ] WARN  GameWorld            - Entity is already attached to world
03:09:57.768 [FXGL Background Thread 4 ] DEBUG FXGLAssetLoaderServi - Loading from file system: file:/home/avrann/Escritorio/Repo%20Proyecto%20DPOO/jorge.carrillo-Proyecto-POO-2025/target/classes/assets/textures/droidatack_basic.png
03:09:57.770 [FXGL Background Thread 4 ] DEBUG FXGLAssetLoaderServi - Loading from file system: file:/home/avrann/Escritorio/Repo%20Proyecto%20DPOO/jorge.carrillo-Proyecto-POO-2025/target/classes/assets/textures/droididle.png
03:09:57.771 [FXGL Background Thread 4 ] WARN  FXGLAssetLoaderServi - Asset "/assets/textures/droidcaminando.png" was not found!
03:09:57.771 [FXGL Background Thread 4 ] WARN  FXGLAssetLoaderServi - Failed to load IMAGE
03:09:57.771 [FXGL Background Thread 4 ] WARN  FXGLAssetLoaderServi - Asset "/assets/textures/droidadelante.png" was not found!
03:09:57.772 [FXGL Background Thread 4 ] WARN  FXGLAssetLoaderServi - Failed to load IMAGE
03:09:57.772 [FXGL Background Thread 4 ] WARN  FXGLAssetLoaderServi - Asset "/assets/textures/droidatras.png" was not found!
03:09:57.773 [FXGL Background Thread 4 ] WARN  FXGLAssetLoaderServi - Failed to load IMAGE
03:09:57.774 [FXGL Background Thread 4 ] DEBUG FXGLAssetLoaderServi - Loading from file system: file:/home/avrann/Escritorio/Repo%20Proyecto%20DPOO/jorge.carrillo-Proyecto-POO-2025/target/classes/assets/textures/droiddeat.png
03:09:57.776 [FXGL Background Thread 4 ] WARN  GameWorld            - Entity is already attached to world
03:09:57.777 [FXGL Background Thread 4 ] WARN  FXGLAssetLoaderServi - Asset "/assets/textures/droidcaminando.png" was not found!
03:09:57.777 [FXGL Background Thread 4 ] WARN  FXGLAssetLoaderServi - Failed to load IMAGE
03:09:57.777 [FXGL Background Thread 4 ] WARN  FXGLAssetLoaderServi - Asset "/assets/textures/droidadelante.png" was not found!
03:09:57.777 [FXGL Background Thread 4 ] WARN  FXGLAssetLoaderServi - Failed to load IMAGE
03:09:57.777 [FXGL Background Thread 4 ] WARN  FXGLAssetLoaderServi - Asset "/assets/textures/droidatras.png" was not found!
03:09:57.777 [FXGL Background Thread 4 ] WARN  FXGLAssetLoaderServi - Failed to load IMAGE
03:09:57.778 [FXGL Background Thread 4 ] WARN  GameWorld            - Entity is already attached to world
03:09:57.778 [FXGL Background Thread 4 ] WARN  FXGLAssetLoaderServi - Asset "/assets/textures/droid2caminando.png" was not found!
03:09:57.778 [FXGL Background Thread 4 ] WARN  FXGLAssetLoaderServi - Failed to load IMAGE
03:09:57.778 [FXGL Background Thread 4 ] WARN  FXGLAssetLoaderServi - Asset "/assets/textures/droid2adelante.png" was not found!
03:09:57.779 [FXGL Background Thread 4 ] WARN  FXGLAssetLoaderServi - Failed to load IMAGE
03:09:57.779 [FXGL Background Thread 4 ] WARN  FXGLAssetLoaderServi - Asset "/assets/textures/droid2atras.png" was not found!
03:09:57.779 [FXGL Background Thread 4 ] WARN  FXGLAssetLoaderServi - Failed to load IMAGE
03:09:57.779 [FXGL Background Thread 4 ] WARN  GameWorld            - Entity is already attached to world
03:09:57.780 [FXGL Background Thread 4 ] WARN  FXGLAssetLoaderServi - Asset "/assets/textures/droid2caminando.png" was not found!
03:09:57.780 [FXGL Background Thread 4 ] WARN  FXGLAssetLoaderServi - Failed to load IMAGE
03:09:57.780 [FXGL Background Thread 4 ] WARN  FXGLAssetLoaderServi - Asset "/assets/textures/droid2adelante.png" was not found!
03:09:57.780 [FXGL Background Thread 4 ] WARN  FXGLAssetLoaderServi - Failed to load IMAGE
03:09:57.780 [FXGL Background Thread 4 ] WARN  FXGLAssetLoaderServi - Asset "/assets/textures/droid2atras.png" was not found!
03:09:57.781 [FXGL Background Thread 4 ] WARN  FXGLAssetLoaderServi - Failed to load IMAGE
03:09:57.781 [FXGL Background Thread 4 ] WARN  GameWorld            - Entity is already attached to world
03:09:57.782 [FXGL Background Thread 4 ] DEBUG FXGLAssetLoaderServi - Loading from file system: file:/home/avrann/Escritorio/Repo%20Proyecto%20DPOO/jorge.carrillo-Proyecto-POO-2025/target/classes/assets/textures/droid3atack_basic.png
03:09:57.784 [FXGL Background Thread 4 ] DEBUG FXGLAssetLoaderServi - Loading from file system: file:/home/avrann/Escritorio/Repo%20Proyecto%20DPOO/jorge.carrillo-Proyecto-POO-2025/target/classes/assets/textures/droid3idle.png
03:09:57.784 [FXGL Background Thread 4 ] WARN  FXGLAssetLoaderServi - Asset "/assets/textures/droid3caminando.png" was not found!
03:09:57.785 [FXGL Background Thread 4 ] WARN  FXGLAssetLoaderServi - Failed to load IMAGE
03:09:57.785 [FXGL Background Thread 4 ] WARN  FXGLAssetLoaderServi - Asset "/assets/textures/droid3adelante.png" was not found!
03:09:57.785 [FXGL Background Thread 4 ] WARN  FXGLAssetLoaderServi - Failed to load IMAGE
03:09:57.785 [FXGL Background Thread 4 ] WARN  FXGLAssetLoaderServi - Asset "/assets/textures/droid3atras.png" was not found!
03:09:57.785 [FXGL Background Thread 4 ] WARN  FXGLAssetLoaderServi - Failed to load IMAGE
03:09:57.785 [FXGL Background Thread 4 ] DEBUG FXGLAssetLoaderServi - Loading from file system: file:/home/avrann/Escritorio/Repo%20Proyecto%20DPOO/jorge.carrillo-Proyecto-POO-2025/target/classes/assets/textures/droid3deat.png
03:09:57.788 [FXGL Background Thread 4 ] WARN  GameWorld            - Entity is already attached to world
03:09:57.788 [FXGL Background Thread 4 ] WARN  FXGLAssetLoaderServi - Asset "/assets/textures/droid3caminando.png" was not found!
03:09:57.788 [FXGL Background Thread 4 ] WARN  FXGLAssetLoaderServi - Failed to load IMAGE
03:09:57.789 [FXGL Background Thread 4 ] WARN  FXGLAssetLoaderServi - Asset "/assets/textures/droid3adelante.png" was not found!
03:09:57.789 [FXGL Background Thread 4 ] WARN  FXGLAssetLoaderServi - Failed to load IMAGE
03:09:57.789 [FXGL Background Thread 4 ] WARN  FXGLAssetLoaderServi - Asset "/assets/textures/droid3atras.png" was not found!
03:09:57.789 [FXGL Background Thread 4 ] WARN  FXGLAssetLoaderServi - Failed to load IMAGE
03:09:57.790 [FXGL Background Thread 4 ] WARN  GameWorld            - Entity is already attached to world
03:09:57.791 [FXGL Background Thread 4 ] DEBUG FXGLAssetLoaderServi - Loading from file system: file:/home/avrann/Escritorio/Repo%20Proyecto%20DPOO/jorge.carrillo-Proyecto-POO-2025/target/classes/assets/textures/cyborgatack_special.png
03:09:57.793 [FXGL Background Thread 4 ] DEBUG FXGLAssetLoaderServi - Loading from file system: file:/home/avrann/Escritorio/Repo%20Proyecto%20DPOO/jorge.carrillo-Proyecto-POO-2025/target/classes/assets/textures/cyborgatack_basic.png
03:09:57.795 [FXGL Background Thread 4 ] DEBUG FXGLAssetLoaderServi - Loading from file system: file:/home/avrann/Escritorio/Repo%20Proyecto%20DPOO/jorge.carrillo-Proyecto-POO-2025/target/classes/assets/textures/cyborgidle.png
03:09:57.796 [FXGL Background Thread 4 ] DEBUG FXGLAssetLoaderServi - Loading from file system: file:/home/avrann/Escritorio/Repo%20Proyecto%20DPOO/jorge.carrillo-Proyecto-POO-2025/target/classes/assets/textures/cyborgcaminando.png
03:09:57.797 [FXGL Background Thread 4 ] DEBUG FXGLAssetLoaderServi - Loading from file system: file:/home/avrann/Escritorio/Repo%20Proyecto%20DPOO/jorge.carrillo-Proyecto-POO-2025/target/classes/assets/textures/cyborgadelante.png
03:09:57.798 [FXGL Background Thread 4 ] DEBUG FXGLAssetLoaderServi - Loading from file system: file:/home/avrann/Escritorio/Repo%20Proyecto%20DPOO/jorge.carrillo-Proyecto-POO-2025/target/classes/assets/textures/cyborgatras.png
03:09:57.799 [FXGL Background Thread 4 ] DEBUG FXGLAssetLoaderServi - Loading from file system: file:/home/avrann/Escritorio/Repo%20Proyecto%20DPOO/jorge.carrillo-Proyecto-POO-2025/target/classes/assets/textures/cyborgdeat.png
03:09:57.800 [FXGL Background Thread 4 ] WARN  GameWorld            - Entity is already attached to world
03:09:57.802 [FXGL Background Thread 4 ] DEBUG FXGLAssetLoaderServi - Loading from file system: file:/home/avrann/Escritorio/Repo%20Proyecto%20DPOO/jorge.carrillo-Proyecto-POO-2025/target/classes/assets/textures/lifeitem.png
03:09:57.804 [FXGL Background Thread 4 ] WARN  FXGLAssetLoaderServi - Asset "/assets/textures/lifedisabled.png" was not found!
03:09:57.804 [FXGL Background Thread 4 ] WARN  FXGLAssetLoaderServi - Failed to load IMAGE
03:09:57.810 [FXGL Background Thread 4 ] WARN  GameWorld            - Entity is already attached to world
03:09:57.810 [FXGL Background Thread 4 ] WARN  FXGLAssetLoaderServi - Asset "/assets/textures/lifedisabled.png" was not found!
03:09:57.811 [FXGL Background Thread 4 ] WARN  FXGLAssetLoaderServi - Failed to load IMAGE
03:09:57.811 [FXGL Background Thread 4 ] WARN  GameWorld            - Entity is already attached to world
03:09:57.811 [FXGL Background Thread 4 ] DEBUG FXGLAssetLoaderServi - Loading from file system: file:/home/avrann/Escritorio/Repo%20Proyecto%20DPOO/jorge.carrillo-Proyecto-POO-2025/target/classes/assets/textures/atackitem.png
03:09:57.813 [FXGL Background Thread 4 ] WARN  FXGLAssetLoaderServi - Asset "/assets/textures/atackdisabled.png" was not found!
03:09:57.813 [FXGL Background Thread 4 ] WARN  FXGLAssetLoaderServi - Failed to load IMAGE
03:09:57.822 [FXGL Background Thread 4 ] WARN  GameWorld            - Entity is already attached to world
03:09:57.822 [FXGL Background Thread 4 ] WARN  FXGLAssetLoaderServi - Asset "/assets/textures/atackdisabled.png" was not found!
03:09:57.822 [FXGL Background Thread 4 ] WARN  FXGLAssetLoaderServi - Failed to load IMAGE
03:09:57.822 [FXGL Background Thread 4 ] WARN  GameWorld            - Entity is already attached to world
03:09:57.823 [FXGL Background Thread 4 ] DEBUG Input                - Registered new binding: Mover Arriba - W
03:09:57.823 [FXGL Background Thread 4 ] DEBUG Input                - Registered new binding: Mover Abajo - S
03:09:57.823 [FXGL Background Thread 4 ] DEBUG Input                - Registered new binding: Mover Izquierda - A
03:09:57.823 [FXGL Background Thread 4 ] DEBUG Input                - Registered new binding: Mover Derecha - D
03:09:57.830 [FXGL Background Thread 4 ] DEBUG FXGLAssetLoaderServi - Loading from file system: file:/home/avrann/Escritorio/Repo%20Proyecto%20DPOO/jorge.carrillo-Proyecto-POO-2025/target/classes/assets/textures/botonGameMenu.png
03:09:57.830 [FXGL Background Thread 4 ] DEBUG FXGLAssetLoaderServi - Loading from file system: file:/home/avrann/Escritorio/Repo%20Proyecto%20DPOO/jorge.carrillo-Proyecto-POO-2025/target/classes/assets/textures/buttonMainMenu.png
03:09:57.831 [FXGL Background Thread 4 ] DEBUG FXGLAssetLoaderServi - Loading from file system: file:/home/avrann/Escritorio/Repo%20Proyecto%20DPOO/jorge.carrillo-Proyecto-POO-2025/target/classes/assets/textures/wikiButton.png
03:09:57.831 [FXGL Background Thread 4 ] DEBUG FXGLAssetLoaderServi - Loading from file system: file:/home/avrann/Escritorio/Repo%20Proyecto%20DPOO/jorge.carrillo-Proyecto-POO-2025/target/classes/assets/textures/specialPointBar.png
03:09:57.834 [FXGL Background Thread 4 ] DEBUG FXGLAssetLoaderServi - Loading from file system: file:/home/avrann/Escritorio/Repo%20Proyecto%20DPOO/jorge.carrillo-Proyecto-POO-2025/target/classes/assets/textures/statBar.png
03:09:57.836 [FXGL Background Thread 4 ] DEBUG FXGLAssetLoaderServi - Loading from file system: file:/home/avrann/Escritorio/Repo%20Proyecto%20DPOO/jorge.carrillo-Proyecto-POO-2025/target/classes/assets/textures/statAtackBar.png
03:09:57.836 [FXGL Background Thread 4 ] DEBUG FXGLAssetLoaderServi - Loading from file system: file:/home/avrann/Escritorio/Repo%20Proyecto%20DPOO/jorge.carrillo-Proyecto-POO-2025/target/classes/assets/textures/wiki_image.png
03:09:57.884 [FXGL Background Thread 4 ] DEBUG FXGLAssetLoaderServi - Loading from file system: file:/home/avrann/Escritorio/Repo%20Proyecto%20DPOO/jorge.carrillo-Proyecto-POO-2025/target/classes/assets/textures/specialPoint.png
03:09:57.887 [FXGL Background Thread 4 ] DEBUG FXGLAssetLoaderServi - Loading from file system: file:/home/avrann/Escritorio/Repo%20Proyecto%20DPOO/jorge.carrillo-Proyecto-POO-2025/target/classes/assets/textures/special.png
03:09:57.894 [FXGL Background Thread 4 ] DEBUG FXGLAssetLoaderServi - Loading from file system: file:/home/avrann/Escritorio/Repo%20Proyecto%20DPOO/jorge.carrillo-Proyecto-POO-2025/target/classes/assets/textures/barra_enemigo.png
03:09:57.896 [FXGL Background Thread 4 ] DEBUG FXGLAssetLoaderServi - Loading from file system: file:/home/avrann/Escritorio/Repo%20Proyecto%20DPOO/jorge.carrillo-Proyecto-POO-2025/target/classes/assets/textures/life_point_enemi.png
03:09:57.902 [FXGL Background Thread 4 ] DEBUG FXGLAssetLoaderServi - Loading from file system: file:/home/avrann/Escritorio/Repo%20Proyecto%20DPOO/jorge.carrillo-Proyecto-POO-2025/target/classes/assets/textures/life_bar.png
03:09:57.912 [FXGL Background Thread 4 ] DEBUG FXGLAssetLoaderServi - Loading from file system: file:/home/avrann/Escritorio/Repo%20Proyecto%20DPOO/jorge.carrillo-Proyecto-POO-2025/target/classes/assets/textures/life_point.png
03:09:57.913 [FXGL Background Thread 4 ] DEBUG FXGLAssetLoaderServi - Loading from file system: file:/home/avrann/Escritorio/Repo%20Proyecto%20DPOO/jorge.carrillo-Proyecto-POO-2025/target/classes/assets/textures/button_atacck.png
03:09:57.913 [FXGL Background Thread 4 ] DEBUG FXGLAssetLoaderServi - Loading from file system: file:/home/avrann/Escritorio/Repo%20Proyecto%20DPOO/jorge.carrillo-Proyecto-POO-2025/target/classes/assets/textures/combat_panel.png
03:09:57.938 [FXGL Background Thread 4 ] INFO  FXGLApplication      - Game initialization took: 1.036 sec
03:09:57.953 [JavaFX Application Thread] DEBUG Input                - Clearing active input actions
03:09:57.979 [JavaFX Application Thread] DEBUG GameApplicationServi - Removing overlay from FXGLLoadingScene and adding to GameScene
03:09:57.985 [JavaFX Application Thread] DEBUG PrimaryStageWindow   - FXGLLoadingScene -> GameScene
03:09:59.161 [FXGL Background Thread 3 ] DEBUG Engine               - Logging environment variables
03:09:59.162 [FXGL Background Thread 3 ] DEBUG Engine               - achievements: []
03:09:59.162 [FXGL Background Thread 3 ] DEBUG Engine               - actualHeight: 913.185302734375
03:09:59.162 [FXGL Background Thread 3 ] DEBUG Engine               - actualHeightProperty: ReadOnlyDoubleProperty [value: 942.2763061523438]
03:09:59.162 [FXGL Background Thread 3 ] DEBUG Engine               - actualWidth: 1397.0
03:09:59.162 [FXGL Background Thread 3 ] DEBUG Engine               - actualWidthProperty: ReadOnlyDoubleProperty [value: 1397.0]
03:09:59.163 [FXGL Background Thread 3 ] DEBUG Engine               - appIcon: fxgl_icon.png
03:09:59.163 [FXGL Background Thread 3 ] DEBUG Engine               - applicationMode: DEVELOPER
03:09:59.163 [FXGL Background Thread 3 ] DEBUG Engine               - cSSList: [fxgl_dark.css]
03:09:59.163 [FXGL Background Thread 3 ] DEBUG Engine               - collisionDetectionStrategy: BRUTE_FORCE
03:09:59.165 [FXGL Background Thread 3 ] DEBUG Engine               - configClass: Optional.empty
03:09:59.165 [FXGL Background Thread 3 ] DEBUG Engine               - credits: []
03:09:59.165 [FXGL Background Thread 3 ] DEBUG Engine               - defaultCursor: CursorInfo(imageName=fxgl_default_cursor.png, hotspotX=7.0, hotspotY=6.0)
03:09:59.166 [FXGL Background Thread 3 ] DEBUG Engine               - devBBoxColorProperty: ObjectProperty [value: 0xff0000ff]
03:09:59.166 [FXGL Background Thread 3 ] DEBUG Engine               - devEnableDebugCameraProperty: BooleanProperty [value: false]
03:09:59.166 [FXGL Background Thread 3 ] DEBUG Engine               - devSensorColorProperty: ObjectProperty [value: 0xffff00ff]
03:09:59.166 [FXGL Background Thread 3 ] DEBUG Engine               - devShowBBoxProperty: BooleanProperty [value: false]
03:09:59.166 [FXGL Background Thread 3 ] DEBUG Engine               - devShowPositionProperty: BooleanProperty [value: false]
03:09:59.166 [FXGL Background Thread 3 ] DEBUG Engine               - enabledMenuItems: []
03:09:59.166 [FXGL Background Thread 3 ] DEBUG Engine               - engineServices: [class com.almasb.fxgl.app.services.FXGLAssetLoaderService, class com.almasb.fxgl.app.FXGLApplication$GameApplicationService, class com.almasb.fxgl.app.services.FXGLDialogService, class com.almasb.fxgl.app.services.IOTaskExecutorService, class com.almasb.fxgl.io.FileSystemService, class com.almasb.fxgl.localization.LocalizationService, class com.almasb.fxgl.app.services.SystemBundleService, class com.almasb.fxgl.profile.SaveLoadService, class com.almasb.fxgl.ui.FXGLUIFactoryServiceProvider, class com.almasb.fxgl.ui.FXGLDialogFactoryServiceProvider, class com.almasb.fxgl.audio.AudioPlayer, class com.almasb.fxgl.notification.impl.NotificationServiceProvider, class com.almasb.fxgl.achievement.AchievementService, class com.almasb.fxgl.cutscene.CutsceneService, class com.almasb.fxgl.minigames.MiniGameService, class com.almasb.fxgl.net.NetService, class com.almasb.fxgl.app.services.UpdaterService, class com.almasb.fxgl.dev.DevService]
03:09:59.166 [FXGL Background Thread 3 ] DEBUG Engine               - fontGame: Abel-Regular.ttf
03:09:59.166 [FXGL Background Thread 3 ] DEBUG Engine               - fontMono: TerminalLandMono-Regular.otf
03:09:59.166 [FXGL Background Thread 3 ] DEBUG Engine               - fontSizeScaleUI: 1.0
03:09:59.166 [FXGL Background Thread 3 ] DEBUG Engine               - fontText: Courier-Prime.ttf
03:09:59.166 [FXGL Background Thread 3 ] DEBUG Engine               - fontUI: VarelaRound-Regular.ttf
03:09:59.166 [FXGL Background Thread 3 ] DEBUG Engine               - fullScreen: BooleanProperty [value: false]
03:09:59.166 [FXGL Background Thread 3 ] DEBUG Engine               - gameDifficulty: MEDIUM
03:09:59.166 [FXGL Background Thread 3 ] DEBUG Engine               - gameDifficultyProperty: ObjectProperty [value: MEDIUM]
03:09:59.166 [FXGL Background Thread 3 ] DEBUG Engine               - globalMusicVolume: 0.5
03:09:59.166 [FXGL Background Thread 3 ] DEBUG Engine               - globalMusicVolumeProperty: DoubleProperty [value: 0.5]
03:09:59.166 [FXGL Background Thread 3 ] DEBUG Engine               - globalSoundVolume: 0.5
03:09:59.166 [FXGL Background Thread 3 ] DEBUG Engine               - globalSoundVolumeProperty: DoubleProperty [value: 0.5]
03:09:59.166 [FXGL Background Thread 3 ] DEBUG Engine               - height: 1024
03:09:59.166 [FXGL Background Thread 3 ] DEBUG Engine               - is3D: false
03:09:59.166 [FXGL Background Thread 3 ] DEBUG Engine               - isAndroid: false
03:09:59.166 [FXGL Background Thread 3 ] DEBUG Engine               - isBrowser: false
03:09:59.167 [FXGL Background Thread 3 ] DEBUG Engine               - isClickFeedbackEnabled: false
03:09:59.167 [FXGL Background Thread 3 ] DEBUG Engine               - isCloseConfirmation: false
03:09:59.167 [FXGL Background Thread 3 ] DEBUG Engine               - isDesktop: true
03:09:59.167 [FXGL Background Thread 3 ] DEBUG Engine               - isDeveloperMenuEnabled: true
03:09:59.167 [FXGL Background Thread 3 ] DEBUG Engine               - isEmbedded: false
03:09:59.167 [FXGL Background Thread 3 ] DEBUG Engine               - isEntityPreloadEnabled: true
03:09:59.167 [FXGL Background Thread 3 ] DEBUG Engine               - isExperimentalTiledLargeMap: false
03:09:59.167 [FXGL Background Thread 3 ] DEBUG Engine               - isFileSystemWriteAllowed: true
03:09:59.167 [FXGL Background Thread 3 ] DEBUG Engine               - isFullScreenAllowed: false
03:09:59.168 [FXGL Background Thread 3 ] DEBUG Engine               - isFullScreenFromStart: false
03:09:59.168 [FXGL Background Thread 3 ] DEBUG Engine               - isGameMenuEnabled: true
03:09:59.168 [FXGL Background Thread 3 ] DEBUG Engine               - isIOS: false
03:09:59.168 [FXGL Background Thread 3 ] DEBUG Engine               - isIntroEnabled: false
03:09:59.168 [FXGL Background Thread 3 ] DEBUG Engine               - isLinux: true
03:09:59.168 [FXGL Background Thread 3 ] DEBUG Engine               - isMac: false
03:09:59.168 [FXGL Background Thread 3 ] DEBUG Engine               - isMainMenuEnabled: true
03:09:59.168 [FXGL Background Thread 3 ] DEBUG Engine               - isManualResizeEnabled: false
03:09:59.168 [FXGL Background Thread 3 ] DEBUG Engine               - isMobile: false
03:09:59.168 [FXGL Background Thread 3 ] DEBUG Engine               - isNative: false
03:09:59.168 [FXGL Background Thread 3 ] DEBUG Engine               - isPauseMusicWhenMinimized: true
03:09:59.168 [FXGL Background Thread 3 ] DEBUG Engine               - isPreserveResizeRatio: false
03:09:59.168 [FXGL Background Thread 3 ] DEBUG Engine               - isProfilingEnabled: false
03:09:59.168 [FXGL Background Thread 3 ] DEBUG Engine               - isScaleAffectedOnResize: true
03:09:59.168 [FXGL Background Thread 3 ] DEBUG Engine               - isSingleStep: false
03:09:59.168 [FXGL Background Thread 3 ] DEBUG Engine               - isUserProfileEnabled: false
03:09:59.168 [FXGL Background Thread 3 ] DEBUG Engine               - isWindows: false
03:09:59.168 [FXGL Background Thread 3 ] DEBUG Engine               - language: ObjectProperty [value: ENGLISH]
03:09:59.168 [FXGL Background Thread 3 ] DEBUG Engine               - menuKey: ESCAPE
03:09:59.168 [FXGL Background Thread 3 ] DEBUG Engine               - mouseSensitivity: 0.2
03:09:59.168 [FXGL Background Thread 3 ] DEBUG Engine               - notificationViewClass: class com.almasb.fxgl.notification.view.XboxNotificationView
03:09:59.168 [FXGL Background Thread 3 ] DEBUG Engine               - pixelsPerMeter: 50.0
03:09:59.168 [FXGL Background Thread 3 ] DEBUG Engine               - platform: LINUX
03:09:59.168 [FXGL Background Thread 3 ] DEBUG Engine               - prefHeightProperty: ReadOnlyDoubleProperty [value: 1024.0]
03:09:59.168 [FXGL Background Thread 3 ] DEBUG Engine               - prefWidthProperty: ReadOnlyDoubleProperty [value: 1536.0]
03:09:59.168 [FXGL Background Thread 3 ] DEBUG Engine               - profileDir: profiles/
03:09:59.168 [FXGL Background Thread 3 ] DEBUG Engine               - profileName: StringProperty [value: DEFAULT]
03:09:59.169 [FXGL Background Thread 3 ] DEBUG Engine               - randomSeed: -1
03:09:59.169 [FXGL Background Thread 3 ] DEBUG Engine               - runtimeInfo: RuntimeInfo(platform=LINUX, version=21.1, build=27.03.2024 07.52)
03:09:59.169 [FXGL Background Thread 3 ] DEBUG Engine               - saveFileExt: sav
03:09:59.169 [FXGL Background Thread 3 ] DEBUG Engine               - scaledHeightProp$fxgl: DoubleProperty [bound, value: 942.2763061523438]
03:09:59.169 [FXGL Background Thread 3 ] DEBUG Engine               - scaledWidthProp$fxgl: DoubleProperty [bound, value: 1397.0]
03:09:59.169 [FXGL Background Thread 3 ] DEBUG Engine               - sceneFactory: App.Game.GameApp$1@4db52532
03:09:59.169 [FXGL Background Thread 3 ] DEBUG Engine               - secondsIn24h: 60
03:09:59.169 [FXGL Background Thread 3 ] DEBUG Engine               - soundMenuBack: menu/back.wav
03:09:59.169 [FXGL Background Thread 3 ] DEBUG Engine               - soundMenuPress: menu/press.wav
03:09:59.169 [FXGL Background Thread 3 ] DEBUG Engine               - soundMenuSelect: menu/select.wav
03:09:59.169 [FXGL Background Thread 3 ] DEBUG Engine               - soundNotification: core/notification.wav
03:09:59.169 [FXGL Background Thread 3 ] DEBUG Engine               - stageStyle: DECORATED
03:09:59.169 [FXGL Background Thread 3 ] DEBUG Engine               - supportedLanguages: [ENGLISH, FRENCH, GERMAN, HUNGARIAN, RUSSIAN]
03:09:59.169 [FXGL Background Thread 3 ] DEBUG Engine               - ticksPerSecond: -1
03:09:59.169 [FXGL Background Thread 3 ] DEBUG Engine               - title: Pruebas en FXGL
03:09:59.169 [FXGL Background Thread 3 ] DEBUG Engine               - urlGithub: https://github.com/AlmasB/FXGL
03:09:59.169 [FXGL Background Thread 3 ] DEBUG Engine               - urlLeaderboard: http://fxgl-top.herokuapp.com/
03:09:59.169 [FXGL Background Thread 3 ] DEBUG Engine               - urlPOM: https://raw.githubusercontent.com/AlmasB/FXGL/release/README.md
03:09:59.169 [FXGL Background Thread 3 ] DEBUG Engine               - userAppClass: class App.Game.GameApp
03:09:59.170 [FXGL Background Thread 3 ] DEBUG Engine               - version: 0.0
03:09:59.170 [FXGL Background Thread 3 ] DEBUG Engine               - versionCheckDays: 7
03:09:59.170 [FXGL Background Thread 3 ] DEBUG Engine               - width: 1536
03:09:59.170 [FXGL Background Thread 3 ] DEBUG Engine               - Logging services
03:09:59.170 [FXGL Background Thread 3 ] DEBUG Engine               - class com.almasb.fxgl.app.services.FXGLAssetLoaderService
03:09:59.170 [FXGL Background Thread 3 ] DEBUG Engine               - class com.almasb.fxgl.app.FXGLApplication$GameApplicationService
03:09:59.170 [FXGL Background Thread 3 ] DEBUG Engine               - class com.almasb.fxgl.app.services.FXGLDialogService
03:09:59.170 [FXGL Background Thread 3 ] DEBUG Engine               - class com.almasb.fxgl.app.services.IOTaskExecutorService
03:09:59.170 [FXGL Background Thread 3 ] DEBUG Engine               - class com.almasb.fxgl.io.FileSystemService
03:09:59.170 [FXGL Background Thread 3 ] DEBUG Engine               - class com.almasb.fxgl.localization.LocalizationService
03:09:59.170 [FXGL Background Thread 3 ] DEBUG Engine               - class com.almasb.fxgl.app.services.SystemBundleService
03:09:59.171 [FXGL Background Thread 3 ] DEBUG Engine               - class com.almasb.fxgl.profile.SaveLoadService
03:09:59.171 [FXGL Background Thread 3 ] DEBUG Engine               - class com.almasb.fxgl.ui.FXGLUIFactoryServiceProvider
03:09:59.171 [FXGL Background Thread 3 ] DEBUG Engine               - class com.almasb.fxgl.ui.FXGLDialogFactoryServiceProvider
03:09:59.171 [FXGL Background Thread 3 ] DEBUG Engine               - class com.almasb.fxgl.audio.AudioPlayer
03:09:59.171 [FXGL Background Thread 3 ] DEBUG Engine               - class com.almasb.fxgl.notification.impl.NotificationServiceProvider
03:09:59.171 [FXGL Background Thread 3 ] DEBUG Engine               - class com.almasb.fxgl.achievement.AchievementService
03:09:59.173 [FXGL Background Thread 3 ] DEBUG Engine               - class com.almasb.fxgl.cutscene.CutsceneService
03:09:59.173 [FXGL Background Thread 3 ] DEBUG Engine               - class com.almasb.fxgl.minigames.MiniGameService
03:09:59.173 [FXGL Background Thread 3 ] DEBUG Engine               - class com.almasb.fxgl.net.NetService
03:09:59.173 [FXGL Background Thread 3 ] DEBUG Engine               - class com.almasb.fxgl.app.services.UpdaterService
03:09:59.173 [FXGL Background Thread 3 ] DEBUG Engine               - class com.almasb.fxgl.dev.DevService
03:09:59.838 [JavaFX Application Thread] DEBUG FXGLAssetLoaderServi - Loading from file system: file:/home/avrann/Escritorio/Repo%20Proyecto%20DPOO/jorge.carrillo-Proyecto-POO-2025/target/classes/assets/sounds/item.wav
03:10:02.562 [JavaFX Application Thread] DEBUG AudioPlayer          - Stopping music com.almasb.fxgl.audio.Music@5d38b182
03:10:02.605 [JavaFX Application Thread] DEBUG FXGLAssetLoaderServi - Loading from file system: file:/home/avrann/Escritorio/Repo%20Proyecto%20DPOO/jorge.carrillo-Proyecto-POO-2025/target/classes/assets/music/battle.wav
03:10:02.620 [JavaFX Application Thread] DEBUG AudioPlayer          - Playing music com.almasb.fxgl.audio.Music@77105bb5
03:10:04.386 [JavaFX Application Thread] DEBUG FXGLAssetLoaderServi - Loading from file system: file:/home/avrann/Escritorio/Repo%20Proyecto%20DPOO/jorge.carrillo-Proyecto-POO-2025/target/classes/assets/sounds/arma.wav
03:10:05.268 [JavaFX Application Thread] DEBUG AudioPlayer          - Playing music com.almasb.fxgl.audio.Music@77105bb5
03:10:05.390 [JavaFX Application Thread] DEBUG FXGLAssetLoaderServi - Loading from file system: file:/home/avrann/Escritorio/Repo%20Proyecto%20DPOO/jorge.carrillo-Proyecto-POO-2025/target/classes/assets/sounds/armaEnemigos.wav
03:10:05.989 [JavaFX Application Thread] DEBUG AudioPlayer          - Playing music com.almasb.fxgl.audio.Music@77105bb5
03:10:06.094 [JavaFX Application Thread] DEBUG FXGLAssetLoaderServi - Loading from file system: file:/home/avrann/Escritorio/Repo%20Proyecto%20DPOO/jorge.carrillo-Proyecto-POO-2025/target/classes/assets/sounds/muerte.wav
03:10:07.189 [JavaFX Application Thread] DEBUG AudioPlayer          - Playing music com.almasb.fxgl.audio.Music@77105bb5
03:10:07.191 [JavaFX Application Thread] DEBUG AudioPlayer          - Stopping music com.almasb.fxgl.audio.Music@77105bb5
03:10:07.234 [JavaFX Application Thread] DEBUG AudioPlayer          - Playing music com.almasb.fxgl.audio.Music@5d38b182
03:10:07.237 [JavaFX Application Thread] DEBUG AudioPlayer          - Playing music com.almasb.fxgl.audio.Music@5d38b182
03:10:11.605 [JavaFX Application Thread] DEBUG FXGLAssetLoaderServi - Loading from file system: file:/home/avrann/Escritorio/Repo%20Proyecto%20DPOO/jorge.carrillo-Proyecto-POO-2025/target/classes/assets/sounds/panel.wav
03:10:11.610 [JavaFX Application Thread] WARN  FXGLAssetLoaderServi - Asset "/assets/textures/barreraDesactivadadisabled.png" was not found!
03:10:11.610 [JavaFX Application Thread] WARN  FXGLAssetLoaderServi - Failed to load IMAGE
03:10:11.611 [JavaFX Application Thread] WARN  GameWorld            - Entity is already attached to world
03:10:16.919 [JavaFX Application Thread] DEBUG AudioPlayer          - Stopping music com.almasb.fxgl.audio.Music@5d38b182
03:10:16.940 [JavaFX Application Thread] DEBUG AudioPlayer          - Playing music com.almasb.fxgl.audio.Music@77105bb5
03:10:20.114 [JavaFX Application Thread] DEBUG AudioPlayer          - Playing music com.almasb.fxgl.audio.Music@77105bb5
03:10:20.500 [JavaFX Application Thread] DEBUG AudioPlayer          - Playing music com.almasb.fxgl.audio.Music@77105bb5
03:10:21.339 [JavaFX Application Thread] DEBUG AudioPlayer          - Playing music com.almasb.fxgl.audio.Music@77105bb5
03:10:21.340 [JavaFX Application Thread] DEBUG AudioPlayer          - Stopping music com.almasb.fxgl.audio.Music@77105bb5
03:10:21.378 [JavaFX Application Thread] DEBUG AudioPlayer          - Playing music com.almasb.fxgl.audio.Music@5d38b182
03:10:21.379 [JavaFX Application Thread] DEBUG AudioPlayer          - Playing music com.almasb.fxgl.audio.Music@5d38b182
03:10:38.980 [JavaFX Application Thread] DEBUG FXGLApplication      - Exiting FXGL
03:10:38.980 [JavaFX Application Thread] DEBUG LoopRunner           - Stopping loop
03:10:38.980 [JavaFX Application Thread] DEBUG SystemBundleService  - Saving FXGL system data
03:10:38.982 [JavaFX Application Thread] DEBUG FileSystemAccess     - Writing to: /home/avrann/Escritorio/Repo Proyecto DPOO/jorge.carrillo-Proyecto-POO-2025/system/fxgl.bundle
03:10:38.984 [JavaFX Application Thread] DEBUG Async                - Shutting down background threads
03:10:38.984 [JavaFX Application Thread] DEBUG PrimaryStageWindow   - Closing main window
03:10:38.987 [JavaFX Application Thread] DEBUG Logger               - Closing Logger
