00:20:11.956 [main                     ] DEBUG Logger               - Configured Logger
00:20:11.978 [main                     ] DEBUG GameApplication      - Logging settings
Title: Pruebas en FXGL
Version: 0.0
Width: 1600
Height: 1000
Fullscreen: false
Intro: false
Profiling: false
Single step:false
App Mode: DEVELOPER
Menu Key: ESCAPE
Stage Style: DECORATED
Scene Factory: class com.almasb.fxgl.app.scene.SceneFactory

00:20:12.218 [JavaFX Application Thread] DEBUG FXGLApplication      - Initializing FXGL
00:20:12.227 [JavaFX Application Thread] INFO  Engine               - FXGL-17.3 (30.03.2023 11.49) on LINUX (J:21.0.6 FX:20)
00:20:12.228 [JavaFX Application Thread] DEBUG Engine               - JRE Vendor Name: Oracle Corporation
00:20:12.228 [JavaFX Application Thread] DEBUG Engine               - Running on OS: Linux version 6.8.0-55-generic
00:20:12.228 [JavaFX Application Thread] DEBUG Engine               - Architecture: amd64
00:20:12.228 [JavaFX Application Thread] INFO  Engine               - Source code and latest versions at: https://github.com/AlmasB/FXGL
00:20:12.229 [JavaFX Application Thread] INFO  Engine               -       Ask questions and discuss at: https://github.com/AlmasB/FXGL/discussions
00:20:12.229 [JavaFX Application Thread] INFO  Engine               -              Join the FXGL chat at: https://gitter.im/AlmasB/FXGL
00:20:12.335 [JavaFX Application Thread] DEBUG PrimaryStageWindow   - Creating a JavaFX scene
00:20:12.335 [JavaFX Application Thread] DEBUG PrimaryStageWindow   - Target size > screen size
00:20:12.461 [JavaFX Application Thread] DEBUG PrimaryStageWindow   - Target settings size: 1600.0 x 1000.0
00:20:12.461 [JavaFX Application Thread] DEBUG PrimaryStageWindow   - Scaled scene size:    1491.0 x 947.0
00:20:12.461 [JavaFX Application Thread] DEBUG PrimaryStageWindow   - Scaled ratio: (0.931875, 0.947)
00:20:12.462 [JavaFX Application Thread] DEBUG PrimaryStageWindow   - Set initial scene to FXGLStartupScene
00:20:12.465 [JavaFX Application Thread] DEBUG PrimaryStageWindow   - Opening main window
00:20:12.528 [JavaFX Application Thread] DEBUG PrimaryStageWindow   - Window border size: (2.641845703125, 26.63995361328125)
00:20:12.529 [JavaFX Application Thread] DEBUG PrimaryStageWindow   - Scaled size: 1491.0 x 947.0
00:20:12.529 [JavaFX Application Thread] DEBUG PrimaryStageWindow   - Scaled ratio: (0.931875, 0.947)
00:20:12.529 [JavaFX Application Thread] DEBUG PrimaryStageWindow   - Scene size: 1491.0 x 947.0
00:20:12.529 [JavaFX Application Thread] DEBUG PrimaryStageWindow   - Stage size: 1493.641845703125 x 973.6399536132812
00:20:12.537 [FXGL Background Thread 1 ] DEBUG Engine               - Initializing environment variables
00:20:12.645 [FXGL Background Thread 1 ] DEBUG FXGLAssetLoaderServi - User app class for loading assets: class App.Game.GameApp
00:20:12.646 [FXGL Background Thread 1 ] DEBUG GameApplicationServi - Applying CSS: fxgl_dark.css
00:20:12.646 [FXGL Background Thread 1 ] DEBUG FXGLAssetLoaderServi - Loading from file system: jar:file:///home/avrann/.m2/repository/com/github/almasb/fxgl/17.3/fxgl-17.3.jar!/fxglassets/ui/css/fxgl_dark.css
00:20:12.730 [FXGL Background Thread 1 ] DEBUG GameApplicationServi - Initializing application scenes
00:20:12.798 [FXGL Background Thread 1 ] DEBUG GameWorld            - Game world initialized
00:20:12.902 [FXGL Background Thread 1 ] DEBUG PhysicsWorld         - Physics world initialized: appHeight=1000, physics.ppm=50.0
00:20:12.902 [FXGL Background Thread 1 ] DEBUG PhysicsWorld         - Using strategy: BRUTE_FORCE
00:20:12.913 [FXGL Background Thread 1 ] DEBUG GameScene            - Game scene initialized: 1600x1000
00:20:12.930 [FXGL Background Thread 1 ] DEBUG FXGL.DefaultMenu     - createMenuBodyGameMenu()
00:20:12.949 [FXGL Background Thread 1 ] DEBUG FXGL.DefaultMenu     - createOptionsMenu()
00:20:12.961 [FXGL Background Thread 1 ] DEBUG FXGLAssetLoaderServi - Loading from file system: jar:file:///home/avrann/.m2/repository/com/github/almasb/fxgl/17.3/fxgl-17.3.jar!/fxglassets/textures/particles/smoke.png
00:20:13.113 [FXGL Background Thread 1 ] DEBUG FXGLAssetLoaderServi - Loading from file system: jar:file:///home/avrann/.m2/repository/com/github/almasb/fxgl/17.3/fxgl-17.3.jar!/fxglassets/textures/particles/trace_horizontal.png
00:20:13.172 [FXGL Background Thread 1 ] DEBUG GameApplicationServi - Application scenes initialized
00:20:13.185 [FXGL Background Thread 1 ] DEBUG SystemBundleService  - Loading FXGL system data
00:20:13.188 [FXGL Background Thread 1 ] DEBUG FileSystemAccess     - Reading from: /home/avrann/Escritorio/Repo Proyecto DPOO/jorge.carrillo-Proyecto-POO-2025/system/fxgl.bundle
00:20:13.198 [FXGL Background Thread 1 ] DEBUG SystemBundleService  - Bundle FXGL: {}
00:20:13.198 [FXGL Background Thread 1 ] DEBUG UpdaterService       - Checking for updates
00:20:13.226 [FXGL Background Thread 4 ] DEBUG FXGLApplication      - Loading fonts
00:20:13.227 [FXGL Background Thread 4 ] DEBUG FXGLAssetLoaderServi - Loading from file system: jar:file:///home/avrann/.m2/repository/com/github/almasb/fxgl/17.3/fxgl-17.3.jar!/fxglassets/ui/fonts/VarelaRound-Regular.ttf
00:20:13.227 [FXGL Background Thread 1 ] DEBUG FXGLApplication      - Loading default localization
00:20:13.227 [FXGL Background Thread 1 ] DEBUG FXGLAssetLoaderServi - Loading from file system: jar:file:///home/avrann/.m2/repository/com/github/almasb/fxgl/17.3/fxgl-17.3.jar!/fxglassets/languages/english.lang
00:20:13.238 [FXGL Background Thread 4 ] DEBUG FXGLAssetLoaderServi - Loading from file system: jar:file:///home/avrann/.m2/repository/com/github/almasb/fxgl/17.3/fxgl-17.3.jar!/fxglassets/ui/fonts/Abel-Regular.ttf
00:20:13.242 [FXGL Background Thread 4 ] DEBUG FXGLAssetLoaderServi - Loading from file system: jar:file:///home/avrann/.m2/repository/com/github/almasb/fxgl/17.3/fxgl-17.3.jar!/fxglassets/ui/fonts/TerminalLandMono-Regular.otf
00:20:13.244 [FXGL Background Thread 1 ] INFO  FXGLApplication      - FXGL initialization took: 0.707 sec
00:20:13.245 [FXGL Background Thread 4 ] DEBUG FXGLAssetLoaderServi - Loading from file system: jar:file:///home/avrann/.m2/repository/com/github/almasb/fxgl/17.3/fxgl-17.3.jar!/fxglassets/ui/fonts/Courier-Prime.ttf
00:20:13.246 [JavaFX Application Thread] DEBUG FXGLAssetLoaderServi - Loading from file system: jar:file:///home/avrann/.m2/repository/com/github/almasb/fxgl/17.3/fxgl-17.3.jar!/fxglassets/textures/fxgl_icon.png
00:20:13.299 [JavaFX Application Thread] DEBUG FXGLAssetLoaderServi - Loading from file system: jar:file:///home/avrann/.m2/repository/com/github/almasb/fxgl/17.3/fxgl-17.3.jar!/fxglassets/textures/fxgl_default_cursor.png
00:20:13.315 [JavaFX Application Thread] DEBUG Input                - Registered new binding: Screenshot - CTRL+8
00:20:13.316 [JavaFX Application Thread] DEBUG Input                - Registered new binding: Dev Options - 1
00:20:13.316 [JavaFX Application Thread] DEBUG Input                - Registered new binding: Dev Console - 2
00:20:13.316 [JavaFX Application Thread] DEBUG Input                - Registered new binding: System info dump - CTRL+9
00:20:13.316 [JavaFX Application Thread] DEBUG Input                - Registered new binding: Restart - CTRL+R
00:20:13.317 [JavaFX Application Thread] DEBUG Input                - Registered new binding: Toggle Debug Camera - CTRL+7
00:20:13.319 [JavaFX Application Thread] DEBUG LoopRunner           - Starting loop
00:20:13.336 [JavaFX Application Thread] DEBUG LoopRunner           - Initializing JavaFX AnimationTimerLoop
00:20:13.337 [JavaFX Application Thread] DEBUG GameApplicationServi - Starting new game
00:20:13.338 [JavaFX Application Thread] DEBUG Input                - Clearing active input actions
00:20:13.364 [JavaFX Application Thread] DEBUG GameApplicationServi - Removing overlay from FXGLStartupScene and adding to FXGLLoadingScene
00:20:13.370 [JavaFX Application Thread] DEBUG PrimaryStageWindow   - FXGLStartupScene -> FXGLLoadingScene
00:20:13.370 [JavaFX Application Thread] DEBUG GameApplicationServi - Clearing previous game
00:20:13.370 [JavaFX Application Thread] DEBUG GameScene            - Clearing game scene
00:20:13.370 [JavaFX Application Thread] DEBUG GameWorld            - Clearing game world
00:20:13.370 [JavaFX Application Thread] DEBUG PhysicsWorld         - Clearing physics world
00:20:13.372 [JavaFX Application Thread] DEBUG FXGLApplication      - Registering font factories with UI factory
00:20:13.375 [FXGL Background Thread 4 ] DEBUG FXGLApplication      - Initializing game
00:20:13.735 [FXGL Background Thread 4 ] DEBUG FXGLAssetLoaderServi - Loading from file system: file:/home/avrann/Escritorio/Repo%20Proyecto%20DPOO/jorge.carrillo-Proyecto-POO-2025/target/classes/assets/music/loading.wav
00:20:13.969 [FXGL Background Thread 4 ] DEBUG AudioPlayer          - Playing music com.almasb.fxgl.audio.Music@6329a6a7
00:20:14.102 [FXGL Background Thread 4 ] DEBUG TMXLevelLoader       - Parsed TiledMap: file:/home/avrann/Escritorio/Repo%20Proyecto%20DPOO/jorge.carrillo-Proyecto-POO-2025/target/classes/assets/levels/level_01.tmx
00:20:14.107 [FXGL Background Thread 4 ] DEBUG TMXLevelLoader       - Creating tile layer entities
00:20:14.109 [FXGL Background Thread 4 ] DEBUG TilesetLoader        - Loading view for layer Capa de patrones 1
00:20:14.111 [FXGL Background Thread 4 ] DEBUG TilesetLoader        - Created buffer with size 2000.0x1500.0
00:20:14.294 [FXGL Background Thread 4 ] WARN  TilesetLoader        - Diagonally flipped tiles are not currently supported
00:20:14.296 [FXGL Background Thread 4 ] WARN  TilesetLoader        - Diagonally flipped tiles are not currently supported
00:20:14.304 [FXGL Background Thread 4 ] WARN  TilesetLoader        - Diagonally flipped tiles are not currently supported
00:20:14.306 [FXGL Background Thread 4 ] WARN  TilesetLoader        - Diagonally flipped tiles are not currently supported
00:20:14.320 [FXGL Background Thread 4 ] WARN  TilesetLoader        - Diagonally flipped tiles are not currently supported
00:20:14.334 [FXGL Background Thread 4 ] WARN  TilesetLoader        - Diagonally flipped tiles are not currently supported
00:20:14.338 [FXGL Background Thread 4 ] WARN  TilesetLoader        - Diagonally flipped tiles are not currently supported
00:20:14.341 [FXGL Background Thread 4 ] WARN  TilesetLoader        - Diagonally flipped tiles are not currently supported
00:20:14.345 [FXGL Background Thread 4 ] WARN  TilesetLoader        - Diagonally flipped tiles are not currently supported
00:20:14.351 [FXGL Background Thread 4 ] WARN  TilesetLoader        - Diagonally flipped tiles are not currently supported
00:20:14.357 [FXGL Background Thread 4 ] WARN  TilesetLoader        - Diagonally flipped tiles are not currently supported
00:20:14.360 [FXGL Background Thread 4 ] DEBUG TilesetLoader        - Loading view for layer Capa de Decoracion
00:20:14.375 [FXGL Background Thread 4 ] DEBUG TilesetLoader        - Created buffer with size 2000.0x1500.0
00:20:14.431 [FXGL Background Thread 4 ] WARN  TilesetLoader        - Diagonally flipped tiles are not currently supported
00:20:14.433 [FXGL Background Thread 4 ] WARN  TilesetLoader        - Diagonally flipped tiles are not currently supported
00:20:14.435 [FXGL Background Thread 4 ] WARN  TilesetLoader        - Diagonally flipped tiles are not currently supported
00:20:14.437 [FXGL Background Thread 4 ] WARN  TilesetLoader        - Diagonally flipped tiles are not currently supported
00:20:14.440 [FXGL Background Thread 4 ] DEBUG TMXLevelLoader       - Creating object layer entities
00:20:14.479 [FXGL Background Thread 4 ] DEBUG GameWorld            - Clearing removable entities
00:20:14.619 [FXGL Background Thread 4 ] DEBUG GameWorld            - Setting level: com.almasb.fxgl.entity.level.Level@7fb5a8eb
00:20:14.658 [FXGL Background Thread 4 ] DEBUG FXGLAssetLoaderServi - Loading from file system: file:/home/avrann/Escritorio/Repo%20Proyecto%20DPOO/jorge.carrillo-Proyecto-POO-2025/target/classes/assets/textures/droidatack_basic.png
00:20:14.666 [FXGL Background Thread 4 ] DEBUG FXGLAssetLoaderServi - Loading from file system: file:/home/avrann/Escritorio/Repo%20Proyecto%20DPOO/jorge.carrillo-Proyecto-POO-2025/target/classes/assets/textures/droididle.png
00:20:14.668 [FXGL Background Thread 4 ] WARN  FXGLAssetLoaderServi - Asset "/assets/textures/droidcaminando.png" was not found!
00:20:14.668 [FXGL Background Thread 4 ] WARN  FXGLAssetLoaderServi - Failed to load IMAGE
00:20:14.712 [FXGL Background Thread 4 ] WARN  FXGLAssetLoaderServi - Asset "/assets/textures/droidadelante.png" was not found!
00:20:14.712 [FXGL Background Thread 4 ] WARN  FXGLAssetLoaderServi - Failed to load IMAGE
00:20:14.712 [FXGL Background Thread 4 ] WARN  FXGLAssetLoaderServi - Asset "/assets/textures/droidatras.png" was not found!
00:20:14.712 [FXGL Background Thread 4 ] WARN  FXGLAssetLoaderServi - Failed to load IMAGE
00:20:14.713 [FXGL Background Thread 4 ] DEBUG FXGLAssetLoaderServi - Loading from file system: file:/home/avrann/Escritorio/Repo%20Proyecto%20DPOO/jorge.carrillo-Proyecto-POO-2025/target/classes/assets/textures/droiddeat.png
00:20:14.725 [FXGL Background Thread 4 ] WARN  GameWorld            - Entity is already attached to world
00:20:14.729 [FXGL Background Thread 4 ] DEBUG FXGLAssetLoaderServi - Loading from file system: file:/home/avrann/Escritorio/Repo%20Proyecto%20DPOO/jorge.carrillo-Proyecto-POO-2025/target/classes/assets/textures/droid2atack_basic.png
00:20:14.731 [FXGL Background Thread 4 ] DEBUG FXGLAssetLoaderServi - Loading from file system: file:/home/avrann/Escritorio/Repo%20Proyecto%20DPOO/jorge.carrillo-Proyecto-POO-2025/target/classes/assets/textures/droid2idle.png
00:20:14.736 [FXGL Background Thread 4 ] WARN  FXGLAssetLoaderServi - Asset "/assets/textures/droid2caminando.png" was not found!
00:20:14.739 [FXGL Background Thread 4 ] WARN  FXGLAssetLoaderServi - Failed to load IMAGE
00:20:14.740 [FXGL Background Thread 4 ] WARN  FXGLAssetLoaderServi - Asset "/assets/textures/droid2adelante.png" was not found!
00:20:14.740 [FXGL Background Thread 4 ] WARN  FXGLAssetLoaderServi - Failed to load IMAGE
00:20:14.740 [FXGL Background Thread 4 ] WARN  FXGLAssetLoaderServi - Asset "/assets/textures/droid2atras.png" was not found!
00:20:14.741 [FXGL Background Thread 4 ] WARN  FXGLAssetLoaderServi - Failed to load IMAGE
00:20:14.742 [FXGL Background Thread 4 ] DEBUG FXGLAssetLoaderServi - Loading from file system: file:/home/avrann/Escritorio/Repo%20Proyecto%20DPOO/jorge.carrillo-Proyecto-POO-2025/target/classes/assets/textures/droid2deat.png
00:20:14.755 [FXGL Background Thread 4 ] WARN  GameWorld            - Entity is already attached to world
00:20:14.756 [FXGL Background Thread 4 ] DEBUG FXGLAssetLoaderServi - Loading from file system: file:/home/avrann/Escritorio/Repo%20Proyecto%20DPOO/jorge.carrillo-Proyecto-POO-2025/target/classes/assets/textures/cyborgatack_basic.png
00:20:14.766 [FXGL Background Thread 4 ] DEBUG FXGLAssetLoaderServi - Loading from file system: file:/home/avrann/Escritorio/Repo%20Proyecto%20DPOO/jorge.carrillo-Proyecto-POO-2025/target/classes/assets/textures/cyborgidle.png
00:20:14.773 [FXGL Background Thread 4 ] DEBUG FXGLAssetLoaderServi - Loading from file system: file:/home/avrann/Escritorio/Repo%20Proyecto%20DPOO/jorge.carrillo-Proyecto-POO-2025/target/classes/assets/textures/cyborgcaminando.png
00:20:14.776 [FXGL Background Thread 4 ] DEBUG FXGLAssetLoaderServi - Loading from file system: file:/home/avrann/Escritorio/Repo%20Proyecto%20DPOO/jorge.carrillo-Proyecto-POO-2025/target/classes/assets/textures/cyborgadelante.png
00:20:14.783 [FXGL Background Thread 4 ] DEBUG FXGLAssetLoaderServi - Loading from file system: file:/home/avrann/Escritorio/Repo%20Proyecto%20DPOO/jorge.carrillo-Proyecto-POO-2025/target/classes/assets/textures/cyborgatras.png
00:20:14.790 [FXGL Background Thread 4 ] DEBUG FXGLAssetLoaderServi - Loading from file system: file:/home/avrann/Escritorio/Repo%20Proyecto%20DPOO/jorge.carrillo-Proyecto-POO-2025/target/classes/assets/textures/cyborgdeat.png
00:20:14.797 [FXGL Background Thread 4 ] WARN  GameWorld            - Entity is already attached to world
00:20:14.798 [FXGL Background Thread 4 ] DEBUG FXGLAssetLoaderServi - Loading from file system: file:/home/avrann/Escritorio/Repo%20Proyecto%20DPOO/jorge.carrillo-Proyecto-POO-2025/target/classes/assets/textures/lifeitem.png
00:20:14.807 [FXGL Background Thread 4 ] WARN  GameWorld            - Entity is already attached to world
00:20:14.814 [FXGL Background Thread 4 ] WARN  GameWorld            - Entity is already attached to world
00:20:14.816 [FXGL Background Thread 4 ] WARN  GameWorld            - Entity is already attached to world
00:20:14.825 [FXGL Background Thread 4 ] DEBUG FXGLAssetLoaderServi - Loading from file system: file:/home/avrann/Escritorio/Repo%20Proyecto%20DPOO/jorge.carrillo-Proyecto-POO-2025/target/classes/assets/textures/atackitem.png
00:20:14.831 [FXGL Background Thread 4 ] WARN  GameWorld            - Entity is already attached to world
00:20:14.832 [FXGL Background Thread 4 ] DEBUG Input                - Registered new binding: Mover Arriba - W
00:20:14.832 [FXGL Background Thread 4 ] DEBUG Input                - Registered new binding: Mover Abajo - S
00:20:14.832 [FXGL Background Thread 4 ] DEBUG Input                - Registered new binding: Mover Izquierda - A
00:20:14.833 [FXGL Background Thread 4 ] DEBUG Input                - Registered new binding: Mover Derecha - D
00:20:14.834 [FXGL Background Thread 4 ] DEBUG FXGLAssetLoaderServi - Loading from file system: file:/home/avrann/Escritorio/Repo%20Proyecto%20DPOO/jorge.carrillo-Proyecto-POO-2025/target/classes/assets/textures/statBar.png
00:20:14.844 [FXGL Background Thread 4 ] DEBUG FXGLAssetLoaderServi - Loading from file system: file:/home/avrann/Escritorio/Repo%20Proyecto%20DPOO/jorge.carrillo-Proyecto-POO-2025/target/classes/assets/textures/statAtackBar.png
00:20:14.850 [FXGL Background Thread 4 ] DEBUG FXGLAssetLoaderServi - Loading from file system: file:/home/avrann/Escritorio/Repo%20Proyecto%20DPOO/jorge.carrillo-Proyecto-POO-2025/target/classes/assets/textures/barra_enemigo.png
00:20:14.860 [FXGL Background Thread 4 ] DEBUG FXGLAssetLoaderServi - Loading from file system: file:/home/avrann/Escritorio/Repo%20Proyecto%20DPOO/jorge.carrillo-Proyecto-POO-2025/target/classes/assets/textures/life_point_enemi.png
00:20:14.865 [FXGL Background Thread 4 ] DEBUG FXGLAssetLoaderServi - Loading from file system: file:/home/avrann/Escritorio/Repo%20Proyecto%20DPOO/jorge.carrillo-Proyecto-POO-2025/target/classes/assets/textures/life_bar.png
00:20:14.873 [FXGL Background Thread 4 ] DEBUG FXGLAssetLoaderServi - Loading from file system: file:/home/avrann/Escritorio/Repo%20Proyecto%20DPOO/jorge.carrillo-Proyecto-POO-2025/target/classes/assets/textures/life_point.png
00:20:14.874 [FXGL Background Thread 4 ] DEBUG FXGLAssetLoaderServi - Loading from file system: file:/home/avrann/Escritorio/Repo%20Proyecto%20DPOO/jorge.carrillo-Proyecto-POO-2025/target/classes/assets/textures/button_atacck.png
00:20:14.875 [FXGL Background Thread 4 ] DEBUG FXGLAssetLoaderServi - Loading from file system: file:/home/avrann/Escritorio/Repo%20Proyecto%20DPOO/jorge.carrillo-Proyecto-POO-2025/target/classes/assets/textures/combat_panel.png
00:20:14.909 [FXGL Background Thread 4 ] INFO  FXGLApplication      - Game initialization took: 1.533 sec
00:20:14.919 [JavaFX Application Thread] DEBUG Input                - Clearing active input actions
00:20:14.956 [JavaFX Application Thread] DEBUG GameApplicationServi - Removing overlay from FXGLLoadingScene and adding to GameScene
00:20:14.965 [JavaFX Application Thread] DEBUG PrimaryStageWindow   - FXGLLoadingScene -> GameScene
00:20:15.852 [FXGL Background Thread 2 ] INFO  UpdaterService       - Your current version:  17.3
00:20:15.852 [FXGL Background Thread 2 ] INFO  UpdaterService       - Latest stable version: 21.1
00:20:16.220 [FXGL Background Thread 3 ] DEBUG Engine               - Logging environment variables
00:20:16.222 [FXGL Background Thread 3 ] DEBUG Engine               - achievements: []
00:20:16.223 [FXGL Background Thread 3 ] DEBUG Engine               - actualHeight: 949.7272338867188
00:20:16.223 [FXGL Background Thread 3 ] DEBUG Engine               - actualHeightProperty: ReadOnlyDoubleProperty [value: 949.7272338867188]
00:20:16.223 [FXGL Background Thread 3 ] DEBUG Engine               - actualWidth: 1489.1817626953125
00:20:16.223 [FXGL Background Thread 3 ] DEBUG Engine               - actualWidthProperty: ReadOnlyDoubleProperty [value: 1489.1817626953125]
00:20:16.223 [FXGL Background Thread 3 ] DEBUG Engine               - appIcon: fxgl_icon.png
00:20:16.223 [FXGL Background Thread 3 ] DEBUG Engine               - applicationMode: DEVELOPER
00:20:16.224 [FXGL Background Thread 3 ] DEBUG Engine               - cSSList: [fxgl_dark.css]
00:20:16.224 [FXGL Background Thread 3 ] DEBUG Engine               - collisionDetectionStrategy: BRUTE_FORCE
00:20:16.224 [FXGL Background Thread 3 ] DEBUG Engine               - configClass: Optional.empty
00:20:16.224 [FXGL Background Thread 3 ] DEBUG Engine               - credits: []
00:20:16.225 [FXGL Background Thread 3 ] DEBUG Engine               - defaultCursor: CursorInfo(imageName=fxgl_default_cursor.png, hotspotX=7.0, hotspotY=6.0)
00:20:16.225 [FXGL Background Thread 3 ] DEBUG Engine               - devBBoxColorProperty: ObjectProperty [value: 0xff0000ff]
00:20:16.226 [FXGL Background Thread 3 ] DEBUG Engine               - devEnableDebugCameraProperty: BooleanProperty [value: false]
00:20:16.226 [FXGL Background Thread 3 ] DEBUG Engine               - devSensorColorProperty: ObjectProperty [value: 0xffff00ff]
00:20:16.226 [FXGL Background Thread 3 ] DEBUG Engine               - devShowBBoxProperty: BooleanProperty [value: false]
00:20:16.226 [FXGL Background Thread 3 ] DEBUG Engine               - devShowPositionProperty: BooleanProperty [value: false]
00:20:16.226 [FXGL Background Thread 3 ] DEBUG Engine               - enabledMenuItems: []
00:20:16.226 [FXGL Background Thread 3 ] DEBUG Engine               - engineServices: [class com.almasb.fxgl.app.services.FXGLAssetLoaderService, class com.almasb.fxgl.app.FXGLApplication$GameApplicationService, class com.almasb.fxgl.app.services.FXGLDialogService, class com.almasb.fxgl.app.services.IOTaskExecutorService, class com.almasb.fxgl.io.FileSystemService, class com.almasb.fxgl.localization.LocalizationService, class com.almasb.fxgl.app.services.SystemBundleService, class com.almasb.fxgl.profile.SaveLoadService, class com.almasb.fxgl.ui.FXGLUIFactoryServiceProvider, class com.almasb.fxgl.ui.FXGLDialogFactoryServiceProvider, class com.almasb.fxgl.audio.AudioPlayer, class com.almasb.fxgl.notification.impl.NotificationServiceProvider, class com.almasb.fxgl.achievement.AchievementService, class com.almasb.fxgl.cutscene.CutsceneService, class com.almasb.fxgl.minigames.MiniGameService, class com.almasb.fxgl.net.NetService, class com.almasb.fxgl.app.services.UpdaterService, class com.almasb.fxgl.dev.DevService]
00:20:16.227 [FXGL Background Thread 3 ] DEBUG Engine               - fontGame: Abel-Regular.ttf
00:20:16.227 [FXGL Background Thread 3 ] DEBUG Engine               - fontMono: TerminalLandMono-Regular.otf
00:20:16.227 [FXGL Background Thread 3 ] DEBUG Engine               - fontSizeScaleUI: 1.0
00:20:16.227 [FXGL Background Thread 3 ] DEBUG Engine               - fontText: Courier-Prime.ttf
00:20:16.227 [FXGL Background Thread 3 ] DEBUG Engine               - fontUI: VarelaRound-Regular.ttf
00:20:16.227 [FXGL Background Thread 3 ] DEBUG Engine               - fullScreen: BooleanProperty [value: false]
00:20:16.228 [FXGL Background Thread 3 ] DEBUG Engine               - gameDifficulty: MEDIUM
00:20:16.228 [FXGL Background Thread 3 ] DEBUG Engine               - gameDifficultyProperty: ObjectProperty [value: MEDIUM]
00:20:16.228 [FXGL Background Thread 3 ] DEBUG Engine               - globalMusicVolume: 0.5
00:20:16.228 [FXGL Background Thread 3 ] DEBUG Engine               - globalMusicVolumeProperty: DoubleProperty [value: 0.5]
00:20:16.229 [FXGL Background Thread 3 ] DEBUG Engine               - globalSoundVolume: 0.5
00:20:16.229 [FXGL Background Thread 3 ] DEBUG Engine               - globalSoundVolumeProperty: DoubleProperty [value: 0.5]
00:20:16.229 [FXGL Background Thread 3 ] DEBUG Engine               - height: 1000
00:20:16.229 [FXGL Background Thread 3 ] DEBUG Engine               - is3D: false
00:20:16.229 [FXGL Background Thread 3 ] DEBUG Engine               - isAndroid: false
00:20:16.230 [FXGL Background Thread 3 ] DEBUG Engine               - isBrowser: false
00:20:16.230 [FXGL Background Thread 3 ] DEBUG Engine               - isClickFeedbackEnabled: false
00:20:16.230 [FXGL Background Thread 3 ] DEBUG Engine               - isCloseConfirmation: false
00:20:16.230 [FXGL Background Thread 3 ] DEBUG Engine               - isDesktop: true
00:20:16.230 [FXGL Background Thread 3 ] DEBUG Engine               - isDeveloperMenuEnabled: true
00:20:16.230 [FXGL Background Thread 3 ] DEBUG Engine               - isEmbedded: false
00:20:16.231 [FXGL Background Thread 3 ] DEBUG Engine               - isEntityPreloadEnabled: true
00:20:16.231 [FXGL Background Thread 3 ] DEBUG Engine               - isExperimentalTiledLargeMap: false
00:20:16.231 [FXGL Background Thread 3 ] DEBUG Engine               - isFileSystemWriteAllowed: true
00:20:16.231 [FXGL Background Thread 3 ] DEBUG Engine               - isFullScreenAllowed: false
00:20:16.231 [FXGL Background Thread 3 ] DEBUG Engine               - isFullScreenFromStart: false
00:20:16.231 [FXGL Background Thread 3 ] DEBUG Engine               - isGameMenuEnabled: true
00:20:16.231 [FXGL Background Thread 3 ] DEBUG Engine               - isIOS: false
00:20:16.231 [FXGL Background Thread 3 ] DEBUG Engine               - isIntroEnabled: false
00:20:16.232 [FXGL Background Thread 3 ] DEBUG Engine               - isLinux: true
00:20:16.232 [FXGL Background Thread 3 ] DEBUG Engine               - isMac: false
00:20:16.232 [FXGL Background Thread 3 ] DEBUG Engine               - isMainMenuEnabled: false
00:20:16.232 [FXGL Background Thread 3 ] DEBUG Engine               - isManualResizeEnabled: false
00:20:16.232 [FXGL Background Thread 3 ] DEBUG Engine               - isMobile: false
00:20:16.232 [FXGL Background Thread 3 ] DEBUG Engine               - isNative: false
00:20:16.232 [FXGL Background Thread 3 ] DEBUG Engine               - isPauseMusicWhenMinimized: true
00:20:16.233 [FXGL Background Thread 3 ] DEBUG Engine               - isPreserveResizeRatio: false
00:20:16.233 [FXGL Background Thread 3 ] DEBUG Engine               - isProfilingEnabled: false
00:20:16.233 [FXGL Background Thread 3 ] DEBUG Engine               - isScaleAffectedOnResize: true
00:20:16.233 [FXGL Background Thread 3 ] DEBUG Engine               - isSingleStep: false
00:20:16.233 [FXGL Background Thread 3 ] DEBUG Engine               - isUserProfileEnabled: false
00:20:16.233 [FXGL Background Thread 3 ] DEBUG Engine               - isWindows: false
00:20:16.233 [FXGL Background Thread 3 ] DEBUG Engine               - language: ObjectProperty [value: ENGLISH]
00:20:16.234 [FXGL Background Thread 3 ] DEBUG Engine               - menuKey: ESCAPE
00:20:16.234 [FXGL Background Thread 3 ] DEBUG Engine               - mouseSensitivity: 0.2
00:20:16.234 [FXGL Background Thread 3 ] DEBUG Engine               - notificationViewClass: class com.almasb.fxgl.notification.view.XboxNotificationView
00:20:16.234 [FXGL Background Thread 3 ] DEBUG Engine               - pixelsPerMeter: 50.0
00:20:16.234 [FXGL Background Thread 3 ] DEBUG Engine               - platform: LINUX
00:20:16.234 [FXGL Background Thread 3 ] DEBUG Engine               - prefHeightProperty: ReadOnlyDoubleProperty [value: 1000.0]
00:20:16.235 [FXGL Background Thread 3 ] DEBUG Engine               - prefWidthProperty: ReadOnlyDoubleProperty [value: 1600.0]
00:20:16.235 [FXGL Background Thread 3 ] DEBUG Engine               - profileDir: profiles/
00:20:16.235 [FXGL Background Thread 3 ] DEBUG Engine               - profileName: StringProperty [value: DEFAULT]
00:20:16.235 [FXGL Background Thread 3 ] DEBUG Engine               - randomSeed: -1
00:20:16.236 [FXGL Background Thread 3 ] DEBUG Engine               - runtimeInfo: RuntimeInfo(platform=LINUX, version=17.3, build=30.03.2023 11.49)
00:20:16.236 [FXGL Background Thread 3 ] DEBUG Engine               - saveFileExt: sav
00:20:16.236 [FXGL Background Thread 3 ] DEBUG Engine               - scaledHeightProp$fxgl: DoubleProperty [bound, value: 949.7272338867188]
00:20:16.236 [FXGL Background Thread 3 ] DEBUG Engine               - scaledWidthProp$fxgl: DoubleProperty [bound, value: 1489.1817626953125]
00:20:16.236 [FXGL Background Thread 3 ] DEBUG Engine               - sceneFactory: com.almasb.fxgl.app.scene.SceneFactory@7bb9df2d
00:20:16.237 [FXGL Background Thread 3 ] DEBUG Engine               - secondsIn24h: 60
00:20:16.237 [FXGL Background Thread 3 ] DEBUG Engine               - soundMenuBack: menu/back.wav
00:20:16.237 [FXGL Background Thread 3 ] DEBUG Engine               - soundMenuPress: menu/press.wav
00:20:16.237 [FXGL Background Thread 3 ] DEBUG Engine               - soundMenuSelect: menu/select.wav
00:20:16.237 [FXGL Background Thread 3 ] DEBUG Engine               - soundNotification: core/notification.wav
00:20:16.237 [FXGL Background Thread 3 ] DEBUG Engine               - stageStyle: DECORATED
00:20:16.237 [FXGL Background Thread 3 ] DEBUG Engine               - supportedLanguages: [ENGLISH, FRENCH, GERMAN, HUNGARIAN, RUSSIAN]
00:20:16.238 [FXGL Background Thread 3 ] DEBUG Engine               - ticksPerSecond: -1
00:20:16.238 [FXGL Background Thread 3 ] DEBUG Engine               - title: Pruebas en FXGL
00:20:16.238 [FXGL Background Thread 3 ] DEBUG Engine               - urlGithub: https://github.com/AlmasB/FXGL
00:20:16.238 [FXGL Background Thread 3 ] DEBUG Engine               - urlLeaderboard: http://fxgl-top.herokuapp.com/
00:20:16.238 [FXGL Background Thread 3 ] DEBUG Engine               - urlPOM: https://raw.githubusercontent.com/AlmasB/FXGL/release/README.md
00:20:16.238 [FXGL Background Thread 3 ] DEBUG Engine               - userAppClass: class App.Game.GameApp
00:20:16.238 [FXGL Background Thread 3 ] DEBUG Engine               - version: 0.0
00:20:16.238 [FXGL Background Thread 3 ] DEBUG Engine               - versionCheckDays: 7
00:20:16.238 [FXGL Background Thread 3 ] DEBUG Engine               - width: 1600
00:20:16.239 [FXGL Background Thread 3 ] DEBUG Engine               - Logging services
00:20:16.239 [FXGL Background Thread 3 ] DEBUG Engine               - class com.almasb.fxgl.app.services.FXGLAssetLoaderService
00:20:16.239 [FXGL Background Thread 3 ] DEBUG Engine               - class com.almasb.fxgl.app.FXGLApplication$GameApplicationService
00:20:16.239 [FXGL Background Thread 3 ] DEBUG Engine               - class com.almasb.fxgl.app.services.FXGLDialogService
00:20:16.239 [FXGL Background Thread 3 ] DEBUG Engine               - class com.almasb.fxgl.app.services.IOTaskExecutorService
00:20:16.239 [FXGL Background Thread 3 ] DEBUG Engine               - class com.almasb.fxgl.io.FileSystemService
00:20:16.239 [FXGL Background Thread 3 ] DEBUG Engine               - class com.almasb.fxgl.localization.LocalizationService
00:20:16.239 [FXGL Background Thread 3 ] DEBUG Engine               - class com.almasb.fxgl.app.services.SystemBundleService
00:20:16.239 [FXGL Background Thread 3 ] DEBUG Engine               - class com.almasb.fxgl.profile.SaveLoadService
00:20:16.239 [FXGL Background Thread 3 ] DEBUG Engine               - class com.almasb.fxgl.ui.FXGLUIFactoryServiceProvider
00:20:16.240 [FXGL Background Thread 3 ] DEBUG Engine               - class com.almasb.fxgl.ui.FXGLDialogFactoryServiceProvider
00:20:16.240 [FXGL Background Thread 3 ] DEBUG Engine               - class com.almasb.fxgl.audio.AudioPlayer
00:20:16.240 [FXGL Background Thread 3 ] DEBUG Engine               - class com.almasb.fxgl.notification.impl.NotificationServiceProvider
00:20:16.240 [FXGL Background Thread 3 ] DEBUG Engine               - class com.almasb.fxgl.achievement.AchievementService
00:20:16.240 [FXGL Background Thread 3 ] DEBUG Engine               - class com.almasb.fxgl.cutscene.CutsceneService
00:20:16.240 [FXGL Background Thread 3 ] DEBUG Engine               - class com.almasb.fxgl.minigames.MiniGameService
00:20:16.240 [FXGL Background Thread 3 ] DEBUG Engine               - class com.almasb.fxgl.net.NetService
00:20:16.240 [FXGL Background Thread 3 ] DEBUG Engine               - class com.almasb.fxgl.app.services.UpdaterService
00:20:16.241 [FXGL Background Thread 3 ] DEBUG Engine               - class com.almasb.fxgl.dev.DevService
00:20:17.611 [JavaFX Application Thread] DEBUG FXGLApplication      - Exiting FXGL
00:20:17.611 [JavaFX Application Thread] DEBUG LoopRunner           - Stopping loop
00:20:17.612 [JavaFX Application Thread] DEBUG SystemBundleService  - Saving FXGL system data
00:20:17.617 [JavaFX Application Thread] DEBUG FileSystemAccess     - Writing to: /home/avrann/Escritorio/Repo Proyecto DPOO/jorge.carrillo-Proyecto-POO-2025/system/fxgl.bundle
00:20:17.624 [JavaFX Application Thread] DEBUG Async                - Shutting down background threads
00:20:17.624 [JavaFX Application Thread] DEBUG PrimaryStageWindow   - Closing main window
00:20:17.636 [JavaFX Application Thread] DEBUG Logger               - Closing Logger
