18:54:43.437 [main                     ] DEBUG Logger               - Configured Logger
18:54:43.465 [main                     ] DEBUG GameApplication      - Logging settings
Title: Pruebas en FXGL
Version: 0.0
Width: 1600
Height: 1000
Fullscreen: false
Intro: false
Profiling: false
Single step:false
App Mode: DEVELOPER
Menu Key: ESCAPE
Stage Style: DECORATED
Scene Factory: class com.almasb.fxgl.app.scene.SceneFactory

18:54:43.830 [JavaFX Application Thread] DEBUG FXGLApplication      - Initializing FXGL
18:54:43.836 [JavaFX Application Thread] INFO  Engine               - FXGL-17.3 (30.03.2023 11.49) on LINUX (J:21.0.6 FX:20)
18:54:43.837 [JavaFX Application Thread] DEBUG Engine               - JRE Vendor Name: Oracle Corporation
18:54:43.837 [JavaFX Application Thread] DEBUG Engine               - Running on OS: Linux version 6.8.0-55-generic
18:54:43.838 [JavaFX Application Thread] DEBUG Engine               - Architecture: amd64
18:54:43.838 [JavaFX Application Thread] INFO  Engine               - Source code and latest versions at: https://github.com/AlmasB/FXGL
18:54:43.838 [JavaFX Application Thread] INFO  Engine               -       Ask questions and discuss at: https://github.com/AlmasB/FXGL/discussions
18:54:43.838 [JavaFX Application Thread] INFO  Engine               -              Join the FXGL chat at: https://gitter.im/AlmasB/FXGL
18:54:43.934 [JavaFX Application Thread] DEBUG PrimaryStageWindow   - Creating a JavaFX scene
18:54:43.934 [JavaFX Application Thread] DEBUG PrimaryStageWindow   - Target size > screen size
18:54:44.028 [JavaFX Application Thread] DEBUG PrimaryStageWindow   - Target settings size: 1600.0 x 1000.0
18:54:44.028 [JavaFX Application Thread] DEBUG PrimaryStageWindow   - Scaled scene size:    1491.0 x 947.0
18:54:44.029 [JavaFX Application Thread] DEBUG PrimaryStageWindow   - Scaled ratio: (0.931875, 0.947)
18:54:44.030 [JavaFX Application Thread] DEBUG PrimaryStageWindow   - Set initial scene to FXGLStartupScene
18:54:44.033 [JavaFX Application Thread] DEBUG PrimaryStageWindow   - Opening main window
18:54:44.071 [JavaFX Application Thread] DEBUG PrimaryStageWindow   - Window border size: (2.641845703125, 26.63995361328125)
18:54:44.071 [JavaFX Application Thread] DEBUG PrimaryStageWindow   - Scaled size: 1491.0 x 947.0
18:54:44.071 [JavaFX Application Thread] DEBUG PrimaryStageWindow   - Scaled ratio: (0.931875, 0.947)
18:54:44.072 [JavaFX Application Thread] DEBUG PrimaryStageWindow   - Scene size: 1491.0 x 947.0
18:54:44.072 [JavaFX Application Thread] DEBUG PrimaryStageWindow   - Stage size: 1493.641845703125 x 973.6399536132812
18:54:44.081 [FXGL Background Thread 1 ] DEBUG Engine               - Initializing environment variables
18:54:44.153 [FXGL Background Thread 1 ] DEBUG FXGLAssetLoaderServi - User app class for loading assets: class App.Game.GameApp
18:54:44.153 [FXGL Background Thread 1 ] DEBUG GameApplicationServi - Applying CSS: fxgl_dark.css
18:54:44.154 [FXGL Background Thread 1 ] DEBUG FXGLAssetLoaderServi - Loading from file system: jar:file:///home/avrann/.m2/repository/com/github/almasb/fxgl/17.3/fxgl-17.3.jar!/fxglassets/ui/css/fxgl_dark.css
18:54:44.204 [FXGL Background Thread 1 ] DEBUG GameApplicationServi - Initializing application scenes
18:54:44.262 [FXGL Background Thread 1 ] DEBUG GameWorld            - Game world initialized
18:54:44.341 [FXGL Background Thread 1 ] DEBUG PhysicsWorld         - Physics world initialized: appHeight=1000, physics.ppm=50.0
18:54:44.342 [FXGL Background Thread 1 ] DEBUG PhysicsWorld         - Using strategy: BRUTE_FORCE
18:54:44.346 [FXGL Background Thread 1 ] DEBUG GameScene            - Game scene initialized: 1600x1000
18:54:44.358 [FXGL Background Thread 1 ] DEBUG FXGL.DefaultMenu     - createMenuBodyGameMenu()
18:54:44.370 [FXGL Background Thread 1 ] DEBUG FXGL.DefaultMenu     - createOptionsMenu()
18:54:44.379 [FXGL Background Thread 1 ] DEBUG FXGLAssetLoaderServi - Loading from file system: jar:file:///home/avrann/.m2/repository/com/github/almasb/fxgl/17.3/fxgl-17.3.jar!/fxglassets/textures/particles/smoke.png
18:54:44.491 [FXGL Background Thread 1 ] DEBUG FXGLAssetLoaderServi - Loading from file system: jar:file:///home/avrann/.m2/repository/com/github/almasb/fxgl/17.3/fxgl-17.3.jar!/fxglassets/textures/particles/trace_horizontal.png
18:54:44.532 [FXGL Background Thread 1 ] DEBUG GameApplicationServi - Application scenes initialized
18:54:44.544 [FXGL Background Thread 1 ] DEBUG SystemBundleService  - Loading FXGL system data
18:54:44.547 [FXGL Background Thread 1 ] DEBUG FileSystemAccess     - Reading from: /home/avrann/Escritorio/Repo Proyecto DPOO/jorge.carrillo-Proyecto-POO-2025/system/fxgl.bundle
18:54:44.558 [FXGL Background Thread 1 ] DEBUG SystemBundleService  - Bundle FXGL: {}
18:54:44.558 [FXGL Background Thread 1 ] DEBUG UpdaterService       - Checking for updates
18:54:44.579 [FXGL Background Thread 1 ] DEBUG FXGLApplication      - Loading default localization
18:54:44.579 [FXGL Background Thread 4 ] DEBUG FXGLApplication      - Loading fonts
18:54:44.579 [FXGL Background Thread 1 ] DEBUG FXGLAssetLoaderServi - Loading from file system: jar:file:///home/avrann/.m2/repository/com/github/almasb/fxgl/17.3/fxgl-17.3.jar!/fxglassets/languages/english.lang
18:54:44.579 [FXGL Background Thread 4 ] DEBUG FXGLAssetLoaderServi - Loading from file system: jar:file:///home/avrann/.m2/repository/com/github/almasb/fxgl/17.3/fxgl-17.3.jar!/fxglassets/ui/fonts/VarelaRound-Regular.ttf
18:54:44.587 [FXGL Background Thread 4 ] DEBUG FXGLAssetLoaderServi - Loading from file system: jar:file:///home/avrann/.m2/repository/com/github/almasb/fxgl/17.3/fxgl-17.3.jar!/fxglassets/ui/fonts/Abel-Regular.ttf
18:54:44.589 [FXGL Background Thread 4 ] DEBUG FXGLAssetLoaderServi - Loading from file system: jar:file:///home/avrann/.m2/repository/com/github/almasb/fxgl/17.3/fxgl-17.3.jar!/fxglassets/ui/fonts/TerminalLandMono-Regular.otf
18:54:44.590 [FXGL Background Thread 4 ] DEBUG FXGLAssetLoaderServi - Loading from file system: jar:file:///home/avrann/.m2/repository/com/github/almasb/fxgl/17.3/fxgl-17.3.jar!/fxglassets/ui/fonts/Courier-Prime.ttf
18:54:44.592 [FXGL Background Thread 1 ] INFO  FXGLApplication      - FXGL initialization took: 0.511 sec
18:54:44.594 [JavaFX Application Thread] DEBUG FXGLApplication      - Registering font factories with UI factory
18:54:44.596 [JavaFX Application Thread] DEBUG FXGLAssetLoaderServi - Loading from file system: jar:file:///home/avrann/.m2/repository/com/github/almasb/fxgl/17.3/fxgl-17.3.jar!/fxglassets/textures/fxgl_icon.png
18:54:44.632 [JavaFX Application Thread] DEBUG FXGLAssetLoaderServi - Loading from file system: jar:file:///home/avrann/.m2/repository/com/github/almasb/fxgl/17.3/fxgl-17.3.jar!/fxglassets/textures/fxgl_default_cursor.png
18:54:44.648 [JavaFX Application Thread] DEBUG Input                - Registered new binding: Screenshot - CTRL+8
18:54:44.649 [JavaFX Application Thread] DEBUG Input                - Registered new binding: Dev Options - 1
18:54:44.649 [JavaFX Application Thread] DEBUG Input                - Registered new binding: Dev Console - 2
18:54:44.649 [JavaFX Application Thread] DEBUG Input                - Registered new binding: System info dump - CTRL+9
18:54:44.650 [JavaFX Application Thread] DEBUG Input                - Registered new binding: Restart - CTRL+R
18:54:44.650 [JavaFX Application Thread] DEBUG Input                - Registered new binding: Toggle Debug Camera - CTRL+7
18:54:44.653 [JavaFX Application Thread] DEBUG LoopRunner           - Starting loop
18:54:44.678 [JavaFX Application Thread] DEBUG LoopRunner           - Initializing JavaFX AnimationTimerLoop
18:54:44.680 [JavaFX Application Thread] DEBUG GameApplicationServi - Starting new game
18:54:44.680 [JavaFX Application Thread] DEBUG Input                - Clearing active input actions
18:54:44.694 [JavaFX Application Thread] DEBUG GameApplicationServi - Removing overlay from FXGLStartupScene and adding to FXGLLoadingScene
18:54:44.697 [JavaFX Application Thread] DEBUG PrimaryStageWindow   - FXGLStartupScene -> FXGLLoadingScene
18:54:44.697 [JavaFX Application Thread] DEBUG GameApplicationServi - Clearing previous game
18:54:44.697 [JavaFX Application Thread] DEBUG GameScene            - Clearing game scene
18:54:44.697 [JavaFX Application Thread] DEBUG GameWorld            - Clearing game world
18:54:44.698 [JavaFX Application Thread] DEBUG PhysicsWorld         - Clearing physics world
18:54:44.699 [FXGL Background Thread 1 ] DEBUG FXGLApplication      - Initializing game
18:54:44.838 [FXGL Background Thread 2 ] WARN  UpdaterService       - Failed to find updates: java.net.UnknownHostException: raw.githubusercontent.com
18:54:45.013 [FXGL Background Thread 1 ] DEBUG FXGLAssetLoaderServi - Loading from file system: file:/home/avrann/Escritorio/Repo%20Proyecto%20DPOO/jorge.carrillo-Proyecto-POO-2025/target/classes/assets/music/loading.wav
18:54:45.152 [FXGL Background Thread 1 ] DEBUG AudioPlayer          - Playing music com.almasb.fxgl.audio.Music@742195f3
18:54:45.224 [FXGL Background Thread 1 ] DEBUG TMXLevelLoader       - Parsed TiledMap: file:/home/avrann/Escritorio/Repo%20Proyecto%20DPOO/jorge.carrillo-Proyecto-POO-2025/target/classes/assets/levels/level_01.tmx
18:54:45.225 [FXGL Background Thread 1 ] DEBUG TMXLevelLoader       - Creating tile layer entities
18:54:45.228 [FXGL Background Thread 1 ] DEBUG TilesetLoader        - Loading view for layer Capa de patrones 1
18:54:45.233 [FXGL Background Thread 1 ] DEBUG TilesetLoader        - Created buffer with size 2000.0x1500.0
18:54:45.253 [FXGL Background Thread 1 ] WARN  TilesetLoader        - Diagonally flipped tiles are not currently supported
18:54:45.256 [FXGL Background Thread 1 ] WARN  TilesetLoader        - Diagonally flipped tiles are not currently supported
18:54:45.262 [FXGL Background Thread 1 ] WARN  TilesetLoader        - Diagonally flipped tiles are not currently supported
18:54:45.263 [FXGL Background Thread 1 ] WARN  TilesetLoader        - Diagonally flipped tiles are not currently supported
18:54:45.265 [FXGL Background Thread 1 ] WARN  TilesetLoader        - Diagonally flipped tiles are not currently supported
18:54:45.271 [FXGL Background Thread 1 ] WARN  TilesetLoader        - Diagonally flipped tiles are not currently supported
18:54:45.277 [FXGL Background Thread 1 ] WARN  TilesetLoader        - Diagonally flipped tiles are not currently supported
18:54:45.280 [FXGL Background Thread 1 ] WARN  TilesetLoader        - Diagonally flipped tiles are not currently supported
18:54:45.281 [FXGL Background Thread 1 ] WARN  TilesetLoader        - Diagonally flipped tiles are not currently supported
18:54:45.281 [FXGL Background Thread 1 ] WARN  TilesetLoader        - Diagonally flipped tiles are not currently supported
18:54:45.288 [FXGL Background Thread 1 ] WARN  TilesetLoader        - Diagonally flipped tiles are not currently supported
18:54:45.290 [FXGL Background Thread 1 ] WARN  TilesetLoader        - Diagonally flipped tiles are not currently supported
18:54:45.295 [FXGL Background Thread 1 ] WARN  TilesetLoader        - Diagonally flipped tiles are not currently supported
18:54:45.298 [FXGL Background Thread 1 ] WARN  TilesetLoader        - Diagonally flipped tiles are not currently supported
18:54:45.303 [FXGL Background Thread 1 ] WARN  TilesetLoader        - Diagonally flipped tiles are not currently supported
18:54:45.304 [FXGL Background Thread 1 ] DEBUG TilesetLoader        - Loading view for layer Copiar desde Capa de patrones 1
18:54:45.305 [FXGL Background Thread 1 ] DEBUG TilesetLoader        - Created buffer with size 2000.0x1500.0
18:54:45.307 [FXGL Background Thread 1 ] WARN  TilesetLoader        - Diagonally flipped tiles are not currently supported
18:54:45.309 [FXGL Background Thread 1 ] WARN  TilesetLoader        - Diagonally flipped tiles are not currently supported
18:54:45.310 [FXGL Background Thread 1 ] WARN  TilesetLoader        - Diagonally flipped tiles are not currently supported
18:54:45.311 [FXGL Background Thread 1 ] WARN  TilesetLoader        - Diagonally flipped tiles are not currently supported
18:54:45.311 [FXGL Background Thread 1 ] WARN  TilesetLoader        - Diagonally flipped tiles are not currently supported
18:54:45.313 [FXGL Background Thread 1 ] WARN  TilesetLoader        - Diagonally flipped tiles are not currently supported
18:54:45.316 [FXGL Background Thread 1 ] WARN  TilesetLoader        - Diagonally flipped tiles are not currently supported
18:54:45.317 [FXGL Background Thread 1 ] WARN  TilesetLoader        - Diagonally flipped tiles are not currently supported
18:54:45.317 [FXGL Background Thread 1 ] WARN  TilesetLoader        - Diagonally flipped tiles are not currently supported
18:54:45.318 [FXGL Background Thread 1 ] WARN  TilesetLoader        - Diagonally flipped tiles are not currently supported
18:54:45.319 [FXGL Background Thread 1 ] WARN  TilesetLoader        - Diagonally flipped tiles are not currently supported
18:54:45.320 [FXGL Background Thread 1 ] WARN  TilesetLoader        - Diagonally flipped tiles are not currently supported
18:54:45.349 [FXGL Background Thread 1 ] WARN  TilesetLoader        - Diagonally flipped tiles are not currently supported
18:54:45.351 [FXGL Background Thread 1 ] WARN  TilesetLoader        - Diagonally flipped tiles are not currently supported
18:54:45.354 [FXGL Background Thread 1 ] WARN  TilesetLoader        - Diagonally flipped tiles are not currently supported
18:54:45.355 [FXGL Background Thread 1 ] DEBUG TMXLevelLoader       - Creating object layer entities
18:54:45.369 [FXGL Background Thread 1 ] DEBUG GameWorld            - Clearing removable entities
18:54:45.417 [FXGL Background Thread 1 ] DEBUG GameWorld            - Setting level: com.almasb.fxgl.entity.level.Level@1cfe7c39
18:54:45.426 [FXGL Background Thread 1 ] DEBUG FXGLAssetLoaderServi - Loading from file system: file:/home/avrann/Escritorio/Repo%20Proyecto%20DPOO/jorge.carrillo-Proyecto-POO-2025/target/classes/assets/textures/cyborgatack_basic.png
18:54:45.431 [FXGL Background Thread 1 ] DEBUG FXGLAssetLoaderServi - Loading from file system: file:/home/avrann/Escritorio/Repo%20Proyecto%20DPOO/jorge.carrillo-Proyecto-POO-2025/target/classes/assets/textures/cyborgidle.png
18:54:45.433 [FXGL Background Thread 1 ] DEBUG FXGLAssetLoaderServi - Loading from file system: file:/home/avrann/Escritorio/Repo%20Proyecto%20DPOO/jorge.carrillo-Proyecto-POO-2025/target/classes/assets/textures/cyborgcaminando.png
18:54:45.435 [FXGL Background Thread 1 ] DEBUG FXGLAssetLoaderServi - Loading from file system: file:/home/avrann/Escritorio/Repo%20Proyecto%20DPOO/jorge.carrillo-Proyecto-POO-2025/target/classes/assets/textures/cyborgadelante.png
18:54:45.438 [FXGL Background Thread 1 ] DEBUG FXGLAssetLoaderServi - Loading from file system: file:/home/avrann/Escritorio/Repo%20Proyecto%20DPOO/jorge.carrillo-Proyecto-POO-2025/target/classes/assets/textures/cyborgatras.png
18:54:45.439 [FXGL Background Thread 1 ] DEBUG FXGLAssetLoaderServi - Loading from file system: file:/home/avrann/Escritorio/Repo%20Proyecto%20DPOO/jorge.carrillo-Proyecto-POO-2025/target/classes/assets/textures/cyborgdeat.png
18:54:45.449 [FXGL Background Thread 1 ] WARN  GameWorld            - Entity is already attached to world
18:54:45.451 [FXGL Background Thread 1 ] WARN  GameWorld            - Entity is already attached to world
18:54:45.452 [FXGL Background Thread 1 ] DEBUG Input                - Registered new binding: Mover Arriba - Up
18:54:45.453 [FXGL Background Thread 1 ] DEBUG Input                - Registered new binding: Mover Abajo - Down
18:54:45.453 [FXGL Background Thread 1 ] DEBUG Input                - Registered new binding: Mover Izquierda - Left
18:54:45.454 [FXGL Background Thread 1 ] DEBUG Input                - Registered new binding: Mover Derecha - Right
18:54:45.456 [FXGL Background Thread 1 ] DEBUG FXGLAssetLoaderServi - Loading from file system: file:/home/avrann/Escritorio/Repo%20Proyecto%20DPOO/jorge.carrillo-Proyecto-POO-2025/target/classes/assets/textures/life_bar.png
18:54:45.459 [FXGL Background Thread 1 ] DEBUG FXGLAssetLoaderServi - Loading from file system: file:/home/avrann/Escritorio/Repo%20Proyecto%20DPOO/jorge.carrillo-Proyecto-POO-2025/target/classes/assets/textures/barra_enemigo.png
18:54:45.464 [FXGL Background Thread 1 ] DEBUG FXGLAssetLoaderServi - Loading from file system: file:/home/avrann/Escritorio/Repo%20Proyecto%20DPOO/jorge.carrillo-Proyecto-POO-2025/target/classes/assets/textures/life_point.png
18:54:45.465 [FXGL Background Thread 1 ] DEBUG FXGLAssetLoaderServi - Loading from file system: file:/home/avrann/Escritorio/Repo%20Proyecto%20DPOO/jorge.carrillo-Proyecto-POO-2025/target/classes/assets/textures/life_point_enemi.png
18:54:45.466 [FXGL Background Thread 1 ] DEBUG FXGLAssetLoaderServi - Loading from file system: file:/home/avrann/Escritorio/Repo%20Proyecto%20DPOO/jorge.carrillo-Proyecto-POO-2025/target/classes/assets/textures/barra_pasos.png
18:54:45.472 [FXGL Background Thread 1 ] DEBUG FXGLAssetLoaderServi - Loading from file system: file:/home/avrann/Escritorio/Repo%20Proyecto%20DPOO/jorge.carrillo-Proyecto-POO-2025/target/classes/assets/textures/pasos_point.png
18:54:45.477 [FXGL Background Thread 1 ] DEBUG FXGLAssetLoaderServi - Loading from file system: file:/home/avrann/Escritorio/Repo%20Proyecto%20DPOO/jorge.carrillo-Proyecto-POO-2025/target/classes/assets/textures/barra_pasos_ememigo.png
18:54:45.478 [FXGL Background Thread 1 ] DEBUG FXGLAssetLoaderServi - Loading from file system: file:/home/avrann/Escritorio/Repo%20Proyecto%20DPOO/jorge.carrillo-Proyecto-POO-2025/target/classes/assets/textures/pasos_point_enemi.png
18:54:45.480 [FXGL Background Thread 1 ] DEBUG FXGLAssetLoaderServi - Loading from file system: file:/home/avrann/Escritorio/Repo%20Proyecto%20DPOO/jorge.carrillo-Proyecto-POO-2025/target/classes/assets/textures/button_atacck.png
18:54:45.486 [FXGL Background Thread 1 ] DEBUG FXGLAssetLoaderServi - Loading from file system: file:/home/avrann/Escritorio/Repo%20Proyecto%20DPOO/jorge.carrillo-Proyecto-POO-2025/target/classes/assets/textures/combat_panel.png
18:54:45.504 [FXGL Background Thread 1 ] INFO  FXGLApplication      - Game initialization took: 0.805 sec
18:54:45.514 [JavaFX Application Thread] DEBUG Input                - Clearing active input actions
18:54:45.533 [JavaFX Application Thread] DEBUG GameApplicationServi - Removing overlay from FXGLLoadingScene and adding to GameScene
18:54:45.548 [JavaFX Application Thread] DEBUG PrimaryStageWindow   - FXGLLoadingScene -> GameScene
18:54:47.577 [FXGL Background Thread 3 ] DEBUG Engine               - Logging environment variables
18:54:47.578 [FXGL Background Thread 3 ] DEBUG Engine               - achievements: []
18:54:47.578 [FXGL Background Thread 3 ] DEBUG Engine               - actualHeight: 921.5453491210938
18:54:47.579 [FXGL Background Thread 3 ] DEBUG Engine               - actualHeightProperty: ReadOnlyDoubleProperty [value: 949.7272338867188]
18:54:47.579 [FXGL Background Thread 3 ] DEBUG Engine               - actualWidth: 1489.1817626953125
18:54:47.579 [FXGL Background Thread 3 ] DEBUG Engine               - actualWidthProperty: ReadOnlyDoubleProperty [value: 1489.1817626953125]
18:54:47.579 [FXGL Background Thread 3 ] DEBUG Engine               - appIcon: fxgl_icon.png
18:54:47.579 [FXGL Background Thread 3 ] DEBUG Engine               - applicationMode: DEVELOPER
18:54:47.580 [FXGL Background Thread 3 ] DEBUG Engine               - cSSList: [fxgl_dark.css]
18:54:47.580 [FXGL Background Thread 3 ] DEBUG Engine               - collisionDetectionStrategy: BRUTE_FORCE
18:54:47.580 [FXGL Background Thread 3 ] DEBUG Engine               - configClass: Optional.empty
18:54:47.580 [FXGL Background Thread 3 ] DEBUG Engine               - credits: []
18:54:47.581 [FXGL Background Thread 3 ] DEBUG Engine               - defaultCursor: CursorInfo(imageName=fxgl_default_cursor.png, hotspotX=7.0, hotspotY=6.0)
18:54:47.581 [FXGL Background Thread 3 ] DEBUG Engine               - devBBoxColorProperty: ObjectProperty [value: 0xff0000ff]
18:54:47.581 [FXGL Background Thread 3 ] DEBUG Engine               - devEnableDebugCameraProperty: BooleanProperty [value: false]
18:54:47.582 [FXGL Background Thread 3 ] DEBUG Engine               - devSensorColorProperty: ObjectProperty [value: 0xffff00ff]
18:54:47.582 [FXGL Background Thread 3 ] DEBUG Engine               - devShowBBoxProperty: BooleanProperty [value: false]
18:54:47.582 [FXGL Background Thread 3 ] DEBUG Engine               - devShowPositionProperty: BooleanProperty [value: false]
18:54:47.582 [FXGL Background Thread 3 ] DEBUG Engine               - enabledMenuItems: []
18:54:47.582 [FXGL Background Thread 3 ] DEBUG Engine               - engineServices: [class com.almasb.fxgl.app.services.FXGLAssetLoaderService, class com.almasb.fxgl.app.FXGLApplication$GameApplicationService, class com.almasb.fxgl.app.services.FXGLDialogService, class com.almasb.fxgl.app.services.IOTaskExecutorService, class com.almasb.fxgl.io.FileSystemService, class com.almasb.fxgl.localization.LocalizationService, class com.almasb.fxgl.app.services.SystemBundleService, class com.almasb.fxgl.profile.SaveLoadService, class com.almasb.fxgl.ui.FXGLUIFactoryServiceProvider, class com.almasb.fxgl.ui.FXGLDialogFactoryServiceProvider, class com.almasb.fxgl.audio.AudioPlayer, class com.almasb.fxgl.notification.impl.NotificationServiceProvider, class com.almasb.fxgl.achievement.AchievementService, class com.almasb.fxgl.cutscene.CutsceneService, class com.almasb.fxgl.minigames.MiniGameService, class com.almasb.fxgl.net.NetService, class com.almasb.fxgl.app.services.UpdaterService, class com.almasb.fxgl.dev.DevService]
18:54:47.583 [FXGL Background Thread 3 ] DEBUG Engine               - fontGame: Abel-Regular.ttf
18:54:47.583 [FXGL Background Thread 3 ] DEBUG Engine               - fontMono: TerminalLandMono-Regular.otf
18:54:47.583 [FXGL Background Thread 3 ] DEBUG Engine               - fontSizeScaleUI: 1.0
18:54:47.583 [FXGL Background Thread 3 ] DEBUG Engine               - fontText: Courier-Prime.ttf
18:54:47.583 [FXGL Background Thread 3 ] DEBUG Engine               - fontUI: VarelaRound-Regular.ttf
18:54:47.583 [FXGL Background Thread 3 ] DEBUG Engine               - fullScreen: BooleanProperty [value: false]
18:54:47.584 [FXGL Background Thread 3 ] DEBUG Engine               - gameDifficulty: MEDIUM
18:54:47.584 [FXGL Background Thread 3 ] DEBUG Engine               - gameDifficultyProperty: ObjectProperty [value: MEDIUM]
18:54:47.584 [FXGL Background Thread 3 ] DEBUG Engine               - globalMusicVolume: 0.5
18:54:47.584 [FXGL Background Thread 3 ] DEBUG Engine               - globalMusicVolumeProperty: DoubleProperty [value: 0.5]
18:54:47.584 [FXGL Background Thread 3 ] DEBUG Engine               - globalSoundVolume: 0.5
18:54:47.585 [FXGL Background Thread 3 ] DEBUG Engine               - globalSoundVolumeProperty: DoubleProperty [value: 0.5]
18:54:47.585 [FXGL Background Thread 3 ] DEBUG Engine               - height: 1000
18:54:47.585 [FXGL Background Thread 3 ] DEBUG Engine               - is3D: false
18:54:47.585 [FXGL Background Thread 3 ] DEBUG Engine               - isAndroid: false
18:54:47.586 [FXGL Background Thread 3 ] DEBUG Engine               - isBrowser: false
18:54:47.586 [FXGL Background Thread 3 ] DEBUG Engine               - isClickFeedbackEnabled: false
18:54:47.586 [FXGL Background Thread 3 ] DEBUG Engine               - isCloseConfirmation: false
18:54:47.586 [FXGL Background Thread 3 ] DEBUG Engine               - isDesktop: true
18:54:47.587 [FXGL Background Thread 3 ] DEBUG Engine               - isDeveloperMenuEnabled: true
18:54:47.587 [FXGL Background Thread 3 ] DEBUG Engine               - isEmbedded: false
18:54:47.587 [FXGL Background Thread 3 ] DEBUG Engine               - isEntityPreloadEnabled: true
18:54:47.587 [FXGL Background Thread 3 ] DEBUG Engine               - isExperimentalTiledLargeMap: false
18:54:47.587 [FXGL Background Thread 3 ] DEBUG Engine               - isFileSystemWriteAllowed: true
18:54:47.587 [FXGL Background Thread 3 ] DEBUG Engine               - isFullScreenAllowed: false
18:54:47.587 [FXGL Background Thread 3 ] DEBUG Engine               - isFullScreenFromStart: false
18:54:47.588 [FXGL Background Thread 3 ] DEBUG Engine               - isGameMenuEnabled: true
18:54:47.588 [FXGL Background Thread 3 ] DEBUG Engine               - isIOS: false
18:54:47.588 [FXGL Background Thread 3 ] DEBUG Engine               - isIntroEnabled: false
18:54:47.588 [FXGL Background Thread 3 ] DEBUG Engine               - isLinux: true
18:54:47.588 [FXGL Background Thread 3 ] DEBUG Engine               - isMac: false
18:54:47.588 [FXGL Background Thread 3 ] DEBUG Engine               - isMainMenuEnabled: false
18:54:47.589 [FXGL Background Thread 3 ] DEBUG Engine               - isManualResizeEnabled: false
18:54:47.589 [FXGL Background Thread 3 ] DEBUG Engine               - isMobile: false
18:54:47.589 [FXGL Background Thread 3 ] DEBUG Engine               - isNative: false
18:54:47.589 [FXGL Background Thread 3 ] DEBUG Engine               - isPauseMusicWhenMinimized: true
18:54:47.589 [FXGL Background Thread 3 ] DEBUG Engine               - isPreserveResizeRatio: false
18:54:47.589 [FXGL Background Thread 3 ] DEBUG Engine               - isProfilingEnabled: false
18:54:47.589 [FXGL Background Thread 3 ] DEBUG Engine               - isScaleAffectedOnResize: true
18:54:47.590 [FXGL Background Thread 3 ] DEBUG Engine               - isSingleStep: false
18:54:47.590 [FXGL Background Thread 3 ] DEBUG Engine               - isUserProfileEnabled: false
18:54:47.590 [FXGL Background Thread 3 ] DEBUG Engine               - isWindows: false
18:54:47.590 [FXGL Background Thread 3 ] DEBUG Engine               - language: ObjectProperty [value: ENGLISH]
18:54:47.590 [FXGL Background Thread 3 ] DEBUG Engine               - menuKey: ESCAPE
18:54:47.590 [FXGL Background Thread 3 ] DEBUG Engine               - mouseSensitivity: 0.2
18:54:47.591 [FXGL Background Thread 3 ] DEBUG Engine               - notificationViewClass: class com.almasb.fxgl.notification.view.XboxNotificationView
18:54:47.591 [FXGL Background Thread 3 ] DEBUG Engine               - pixelsPerMeter: 50.0
18:54:47.591 [FXGL Background Thread 3 ] DEBUG Engine               - platform: LINUX
18:54:47.591 [FXGL Background Thread 3 ] DEBUG Engine               - prefHeightProperty: ReadOnlyDoubleProperty [value: 1000.0]
18:54:47.591 [FXGL Background Thread 3 ] DEBUG Engine               - prefWidthProperty: ReadOnlyDoubleProperty [value: 1600.0]
18:54:47.591 [FXGL Background Thread 3 ] DEBUG Engine               - profileDir: profiles/
18:54:47.592 [FXGL Background Thread 3 ] DEBUG Engine               - profileName: StringProperty [value: DEFAULT]
18:54:47.592 [FXGL Background Thread 3 ] DEBUG Engine               - randomSeed: -1
18:54:47.593 [FXGL Background Thread 3 ] DEBUG Engine               - runtimeInfo: RuntimeInfo(platform=LINUX, version=17.3, build=30.03.2023 11.49)
18:54:47.593 [FXGL Background Thread 3 ] DEBUG Engine               - saveFileExt: sav
18:54:47.593 [FXGL Background Thread 3 ] DEBUG Engine               - scaledHeightProp$fxgl: DoubleProperty [bound, value: 949.7272338867188]
18:54:47.593 [FXGL Background Thread 3 ] DEBUG Engine               - scaledWidthProp$fxgl: DoubleProperty [bound, value: 1489.1817626953125]
18:54:47.593 [FXGL Background Thread 3 ] DEBUG Engine               - sceneFactory: com.almasb.fxgl.app.scene.SceneFactory@6dc9d2ad
18:54:47.594 [FXGL Background Thread 3 ] DEBUG Engine               - secondsIn24h: 60
18:54:47.594 [FXGL Background Thread 3 ] DEBUG Engine               - soundMenuBack: menu/back.wav
18:54:47.594 [FXGL Background Thread 3 ] DEBUG Engine               - soundMenuPress: menu/press.wav
18:54:47.594 [FXGL Background Thread 3 ] DEBUG Engine               - soundMenuSelect: menu/select.wav
18:54:47.594 [FXGL Background Thread 3 ] DEBUG Engine               - soundNotification: core/notification.wav
18:54:47.594 [FXGL Background Thread 3 ] DEBUG Engine               - stageStyle: DECORATED
18:54:47.595 [FXGL Background Thread 3 ] DEBUG Engine               - supportedLanguages: [ENGLISH, FRENCH, GERMAN, HUNGARIAN, RUSSIAN]
18:54:47.595 [FXGL Background Thread 3 ] DEBUG Engine               - ticksPerSecond: -1
18:54:47.595 [FXGL Background Thread 3 ] DEBUG Engine               - title: Pruebas en FXGL
18:54:47.595 [FXGL Background Thread 3 ] DEBUG Engine               - urlGithub: https://github.com/AlmasB/FXGL
18:54:47.595 [FXGL Background Thread 3 ] DEBUG Engine               - urlLeaderboard: http://fxgl-top.herokuapp.com/
18:54:47.595 [FXGL Background Thread 3 ] DEBUG Engine               - urlPOM: https://raw.githubusercontent.com/AlmasB/FXGL/release/README.md
18:54:47.595 [FXGL Background Thread 3 ] DEBUG Engine               - userAppClass: class App.Game.GameApp
18:54:47.596 [FXGL Background Thread 3 ] DEBUG Engine               - version: 0.0
18:54:47.596 [FXGL Background Thread 3 ] DEBUG Engine               - versionCheckDays: 7
18:54:47.596 [FXGL Background Thread 3 ] DEBUG Engine               - width: 1600
18:54:47.596 [FXGL Background Thread 3 ] DEBUG Engine               - Logging services
18:54:47.596 [FXGL Background Thread 3 ] DEBUG Engine               - class com.almasb.fxgl.app.services.FXGLAssetLoaderService
18:54:47.596 [FXGL Background Thread 3 ] DEBUG Engine               - class com.almasb.fxgl.app.FXGLApplication$GameApplicationService
18:54:47.596 [FXGL Background Thread 3 ] DEBUG Engine               - class com.almasb.fxgl.app.services.FXGLDialogService
18:54:47.597 [FXGL Background Thread 3 ] DEBUG Engine               - class com.almasb.fxgl.app.services.IOTaskExecutorService
18:54:47.597 [FXGL Background Thread 3 ] DEBUG Engine               - class com.almasb.fxgl.io.FileSystemService
18:54:47.597 [FXGL Background Thread 3 ] DEBUG Engine               - class com.almasb.fxgl.localization.LocalizationService
18:54:47.597 [FXGL Background Thread 3 ] DEBUG Engine               - class com.almasb.fxgl.app.services.SystemBundleService
18:54:47.597 [FXGL Background Thread 3 ] DEBUG Engine               - class com.almasb.fxgl.profile.SaveLoadService
18:54:47.597 [FXGL Background Thread 3 ] DEBUG Engine               - class com.almasb.fxgl.ui.FXGLUIFactoryServiceProvider
18:54:47.597 [FXGL Background Thread 3 ] DEBUG Engine               - class com.almasb.fxgl.ui.FXGLDialogFactoryServiceProvider
18:54:47.597 [FXGL Background Thread 3 ] DEBUG Engine               - class com.almasb.fxgl.audio.AudioPlayer
18:54:47.598 [FXGL Background Thread 3 ] DEBUG Engine               - class com.almasb.fxgl.notification.impl.NotificationServiceProvider
18:54:47.598 [FXGL Background Thread 3 ] DEBUG Engine               - class com.almasb.fxgl.achievement.AchievementService
18:54:47.598 [FXGL Background Thread 3 ] DEBUG Engine               - class com.almasb.fxgl.cutscene.CutsceneService
18:54:47.598 [FXGL Background Thread 3 ] DEBUG Engine               - class com.almasb.fxgl.minigames.MiniGameService
18:54:47.598 [FXGL Background Thread 3 ] DEBUG Engine               - class com.almasb.fxgl.net.NetService
18:54:47.598 [FXGL Background Thread 3 ] DEBUG Engine               - class com.almasb.fxgl.app.services.UpdaterService
18:54:47.598 [FXGL Background Thread 3 ] DEBUG Engine               - class com.almasb.fxgl.dev.DevService
18:55:03.634 [JavaFX Application Thread] DEBUG AudioPlayer          - Stopping music com.almasb.fxgl.audio.Music@742195f3
18:55:03.667 [JavaFX Application Thread] DEBUG FXGLAssetLoaderServi - Loading from file system: file:/home/avrann/Escritorio/Repo%20Proyecto%20DPOO/jorge.carrillo-Proyecto-POO-2025/target/classes/assets/music/battle.wav
18:55:03.681 [JavaFX Application Thread] DEBUG AudioPlayer          - Playing music com.almasb.fxgl.audio.Music@6644b70
18:55:05.924 [JavaFX Application Thread] DEBUG FXGLAssetLoaderServi - Loading from file system: file:/home/avrann/Escritorio/Repo%20Proyecto%20DPOO/jorge.carrillo-Proyecto-POO-2025/target/classes/assets/music/arma.wav
18:55:05.935 [JavaFX Application Thread] DEBUG AudioPlayer          - Playing music com.almasb.fxgl.audio.Music@6c36b485
18:55:06.416 [JavaFX Application Thread] DEBUG AudioPlayer          - Stopping music com.almasb.fxgl.audio.Music@742195f3
18:55:06.417 [JavaFX Application Thread] DEBUG AudioPlayer          - Stopping music com.almasb.fxgl.audio.Music@6644b70
18:55:06.461 [JavaFX Application Thread] DEBUG AudioPlayer          - Stopping music com.almasb.fxgl.audio.Music@6c36b485
18:55:06.482 [JavaFX Application Thread] DEBUG AudioPlayer          - Playing music com.almasb.fxgl.audio.Music@742195f3
18:55:06.961 [JavaFX Application Thread] DEBUG AudioPlayer          - Playing music com.almasb.fxgl.audio.Music@6c36b485
18:55:07.461 [JavaFX Application Thread] DEBUG AudioPlayer          - Stopping music com.almasb.fxgl.audio.Music@742195f3
18:55:07.484 [JavaFX Application Thread] DEBUG AudioPlayer          - Stopping music com.almasb.fxgl.audio.Music@6644b70
18:55:07.485 [JavaFX Application Thread] DEBUG AudioPlayer          - Stopping music com.almasb.fxgl.audio.Music@6c36b485
18:55:07.507 [JavaFX Application Thread] DEBUG AudioPlayer          - Playing music com.almasb.fxgl.audio.Music@742195f3
18:55:08.090 [JavaFX Application Thread] DEBUG AudioPlayer          - Playing music com.almasb.fxgl.audio.Music@6c36b485
18:55:08.575 [JavaFX Application Thread] DEBUG AudioPlayer          - Stopping music com.almasb.fxgl.audio.Music@742195f3
18:55:08.615 [JavaFX Application Thread] DEBUG AudioPlayer          - Stopping music com.almasb.fxgl.audio.Music@6644b70
18:55:08.616 [JavaFX Application Thread] DEBUG AudioPlayer          - Stopping music com.almasb.fxgl.audio.Music@6c36b485
18:55:08.637 [JavaFX Application Thread] DEBUG AudioPlayer          - Playing music com.almasb.fxgl.audio.Music@742195f3
18:55:09.026 [JavaFX Application Thread] DEBUG FXGLApplication      - Exiting FXGL
18:55:09.026 [JavaFX Application Thread] DEBUG LoopRunner           - Stopping loop
18:55:09.026 [JavaFX Application Thread] DEBUG SystemBundleService  - Saving FXGL system data
18:55:09.031 [JavaFX Application Thread] DEBUG FileSystemAccess     - Writing to: /home/avrann/Escritorio/Repo Proyecto DPOO/jorge.carrillo-Proyecto-POO-2025/system/fxgl.bundle
18:55:09.036 [JavaFX Application Thread] DEBUG Async                - Shutting down background threads
18:55:09.037 [JavaFX Application Thread] DEBUG PrimaryStageWindow   - Closing main window
18:55:09.040 [JavaFX Application Thread] DEBUG Logger               - Closing Logger
