01:49:00.987 [main                     ] DEBUG Logger               - Configured Logger
01:49:01.008 [main                     ] DEBUG GameApplication      - Logging settings
Title: Pruebas en FXGL
Version: 0.0
Width: 1600
Height: 1000
Fullscreen: false
Intro: false
Profiling: false
Single step:false
App Mode: DEVELOPER
Menu Key: ESCAPE
Stage Style: DECORATED
Scene Factory: class com.almasb.fxgl.app.scene.SceneFactory

01:49:01.192 [JavaFX Application Thread] DEBUG FXGLApplication      - Initializing FXGL
01:49:01.198 [JavaFX Application Thread] INFO  Engine               - FXGL-17.3 (30.03.2023 11.49) on LINUX (J:21.0.6 FX:20)
01:49:01.199 [JavaFX Application Thread] DEBUG Engine               - JRE Vendor Name: Oracle Corporation
01:49:01.199 [JavaFX Application Thread] DEBUG Engine               - Running on OS: Linux version 6.8.0-55-generic
01:49:01.199 [JavaFX Application Thread] DEBUG Engine               - Architecture: amd64
01:49:01.199 [JavaFX Application Thread] INFO  Engine               - Source code and latest versions at: https://github.com/AlmasB/FXGL
01:49:01.199 [JavaFX Application Thread] INFO  Engine               -       Ask questions and discuss at: https://github.com/AlmasB/FXGL/discussions
01:49:01.199 [JavaFX Application Thread] INFO  Engine               -              Join the FXGL chat at: https://gitter.im/AlmasB/FXGL
01:49:01.281 [JavaFX Application Thread] DEBUG PrimaryStageWindow   - Creating a JavaFX scene
01:49:01.281 [JavaFX Application Thread] DEBUG PrimaryStageWindow   - Target size > screen size
01:49:01.361 [JavaFX Application Thread] DEBUG PrimaryStageWindow   - Target settings size: 1600.0 x 1000.0
01:49:01.361 [JavaFX Application Thread] DEBUG PrimaryStageWindow   - Scaled scene size:    1491.0 x 947.0
01:49:01.361 [JavaFX Application Thread] DEBUG PrimaryStageWindow   - Scaled ratio: (0.931875, 0.947)
01:49:01.362 [JavaFX Application Thread] DEBUG PrimaryStageWindow   - Set initial scene to FXGLStartupScene
01:49:01.364 [JavaFX Application Thread] DEBUG PrimaryStageWindow   - Opening main window
01:49:01.390 [JavaFX Application Thread] DEBUG PrimaryStageWindow   - Window border size: (2.641845703125, 26.63995361328125)
01:49:01.391 [JavaFX Application Thread] DEBUG PrimaryStageWindow   - Scaled size: 1491.0 x 947.0
01:49:01.391 [JavaFX Application Thread] DEBUG PrimaryStageWindow   - Scaled ratio: (0.931875, 0.947)
01:49:01.391 [JavaFX Application Thread] DEBUG PrimaryStageWindow   - Scene size: 1491.0 x 947.0
01:49:01.392 [JavaFX Application Thread] DEBUG PrimaryStageWindow   - Stage size: 1493.641845703125 x 973.6399536132812
01:49:01.404 [FXGL Background Thread 1 ] DEBUG Engine               - Initializing environment variables
01:49:01.486 [FXGL Background Thread 1 ] DEBUG FXGLAssetLoaderServi - User app class for loading assets: class App.Game.GameApp
01:49:01.486 [FXGL Background Thread 1 ] DEBUG GameApplicationServi - Applying CSS: fxgl_dark.css
01:49:01.487 [FXGL Background Thread 1 ] DEBUG FXGLAssetLoaderServi - Loading from file system: jar:file:///home/avrann/.m2/repository/com/github/almasb/fxgl/17.3/fxgl-17.3.jar!/fxglassets/ui/css/fxgl_dark.css
01:49:01.526 [FXGL Background Thread 1 ] DEBUG GameApplicationServi - Initializing application scenes
01:49:01.583 [FXGL Background Thread 1 ] DEBUG GameWorld            - Game world initialized
01:49:01.642 [FXGL Background Thread 1 ] DEBUG PhysicsWorld         - Physics world initialized: appHeight=1000, physics.ppm=50.0
01:49:01.642 [FXGL Background Thread 1 ] DEBUG PhysicsWorld         - Using strategy: BRUTE_FORCE
01:49:01.646 [FXGL Background Thread 1 ] DEBUG GameScene            - Game scene initialized: 1600x1000
01:49:01.652 [FXGL Background Thread 1 ] DEBUG FXGL.DefaultMenu     - createMenuBodyGameMenu()
01:49:01.664 [FXGL Background Thread 1 ] DEBUG FXGL.DefaultMenu     - createOptionsMenu()
01:49:01.670 [FXGL Background Thread 1 ] DEBUG FXGLAssetLoaderServi - Loading from file system: jar:file:///home/avrann/.m2/repository/com/github/almasb/fxgl/17.3/fxgl-17.3.jar!/fxglassets/textures/particles/smoke.png
01:49:01.744 [FXGL Background Thread 1 ] DEBUG FXGLAssetLoaderServi - Loading from file system: jar:file:///home/avrann/.m2/repository/com/github/almasb/fxgl/17.3/fxgl-17.3.jar!/fxglassets/textures/particles/trace_horizontal.png
01:49:01.775 [FXGL Background Thread 1 ] DEBUG GameApplicationServi - Application scenes initialized
01:49:01.784 [FXGL Background Thread 1 ] DEBUG SystemBundleService  - Loading FXGL system data
01:49:01.787 [FXGL Background Thread 1 ] DEBUG FileSystemAccess     - Reading from: /home/avrann/Escritorio/Repo Proyecto DPOO/jorge.carrillo-Proyecto-POO-2025/system/fxgl.bundle
01:49:01.796 [FXGL Background Thread 1 ] DEBUG SystemBundleService  - Bundle FXGL: {}
01:49:01.796 [FXGL Background Thread 1 ] DEBUG UpdaterService       - Checking for updates
01:49:01.816 [FXGL Background Thread 1 ] DEBUG FXGLApplication      - Loading default localization
01:49:01.817 [FXGL Background Thread 1 ] DEBUG FXGLAssetLoaderServi - Loading from file system: jar:file:///home/avrann/.m2/repository/com/github/almasb/fxgl/17.3/fxgl-17.3.jar!/fxglassets/languages/english.lang
01:49:01.818 [FXGL Background Thread 4 ] DEBUG FXGLApplication      - Loading fonts
01:49:01.819 [FXGL Background Thread 4 ] DEBUG FXGLAssetLoaderServi - Loading from file system: jar:file:///home/avrann/.m2/repository/com/github/almasb/fxgl/17.3/fxgl-17.3.jar!/fxglassets/ui/fonts/VarelaRound-Regular.ttf
01:49:01.826 [FXGL Background Thread 4 ] DEBUG FXGLAssetLoaderServi - Loading from file system: jar:file:///home/avrann/.m2/repository/com/github/almasb/fxgl/17.3/fxgl-17.3.jar!/fxglassets/ui/fonts/Abel-Regular.ttf
01:49:01.829 [FXGL Background Thread 1 ] INFO  FXGLApplication      - FXGL initialization took: 0.425 sec
01:49:01.830 [JavaFX Application Thread] DEBUG FXGLAssetLoaderServi - Loading from file system: jar:file:///home/avrann/.m2/repository/com/github/almasb/fxgl/17.3/fxgl-17.3.jar!/fxglassets/textures/fxgl_icon.png
01:49:01.832 [FXGL Background Thread 4 ] DEBUG FXGLAssetLoaderServi - Loading from file system: jar:file:///home/avrann/.m2/repository/com/github/almasb/fxgl/17.3/fxgl-17.3.jar!/fxglassets/ui/fonts/TerminalLandMono-Regular.otf
01:49:01.833 [FXGL Background Thread 4 ] DEBUG FXGLAssetLoaderServi - Loading from file system: jar:file:///home/avrann/.m2/repository/com/github/almasb/fxgl/17.3/fxgl-17.3.jar!/fxglassets/ui/fonts/Courier-Prime.ttf
01:49:01.854 [JavaFX Application Thread] DEBUG FXGLAssetLoaderServi - Loading from file system: jar:file:///home/avrann/.m2/repository/com/github/almasb/fxgl/17.3/fxgl-17.3.jar!/fxglassets/textures/fxgl_default_cursor.png
01:49:01.882 [JavaFX Application Thread] DEBUG Input                - Registered new binding: Screenshot - CTRL+8
01:49:01.883 [JavaFX Application Thread] DEBUG Input                - Registered new binding: Dev Options - 1
01:49:01.884 [JavaFX Application Thread] DEBUG Input                - Registered new binding: Dev Console - 2
01:49:01.884 [JavaFX Application Thread] DEBUG Input                - Registered new binding: System info dump - CTRL+9
01:49:01.885 [JavaFX Application Thread] DEBUG Input                - Registered new binding: Restart - CTRL+R
01:49:01.885 [JavaFX Application Thread] DEBUG Input                - Registered new binding: Toggle Debug Camera - CTRL+7
01:49:01.888 [JavaFX Application Thread] DEBUG LoopRunner           - Starting loop
01:49:01.898 [JavaFX Application Thread] DEBUG LoopRunner           - Initializing JavaFX AnimationTimerLoop
01:49:01.899 [JavaFX Application Thread] DEBUG GameApplicationServi - Starting new game
01:49:01.899 [JavaFX Application Thread] DEBUG Input                - Clearing active input actions
01:49:01.909 [JavaFX Application Thread] DEBUG GameApplicationServi - Removing overlay from FXGLStartupScene and adding to FXGLLoadingScene
01:49:01.914 [JavaFX Application Thread] DEBUG PrimaryStageWindow   - FXGLStartupScene -> FXGLLoadingScene
01:49:01.914 [JavaFX Application Thread] DEBUG GameApplicationServi - Clearing previous game
01:49:01.914 [JavaFX Application Thread] DEBUG GameScene            - Clearing game scene
01:49:01.914 [JavaFX Application Thread] DEBUG GameWorld            - Clearing game world
01:49:01.914 [JavaFX Application Thread] DEBUG PhysicsWorld         - Clearing physics world
01:49:01.917 [JavaFX Application Thread] DEBUG FXGLApplication      - Registering font factories with UI factory
01:49:01.918 [FXGL Background Thread 4 ] DEBUG FXGLApplication      - Initializing game
01:49:02.136 [FXGL Background Thread 4 ] DEBUG FXGLAssetLoaderServi - Loading from file system: file:/home/avrann/Escritorio/Repo%20Proyecto%20DPOO/jorge.carrillo-Proyecto-POO-2025/target/classes/assets/music/loading.wav
01:49:02.287 [FXGL Background Thread 4 ] DEBUG AudioPlayer          - Playing music com.almasb.fxgl.audio.Music@40f1686b
01:49:02.344 [FXGL Background Thread 4 ] DEBUG TMXLevelLoader       - Parsed TiledMap: file:/home/avrann/Escritorio/Repo%20Proyecto%20DPOO/jorge.carrillo-Proyecto-POO-2025/target/classes/assets/levels/level_01.tmx
01:49:02.346 [FXGL Background Thread 4 ] DEBUG TMXLevelLoader       - Creating tile layer entities
01:49:02.348 [FXGL Background Thread 4 ] DEBUG TilesetLoader        - Loading view for layer Capa de patrones 1
01:49:02.351 [FXGL Background Thread 4 ] DEBUG TilesetLoader        - Created buffer with size 2000.0x1500.0
01:49:02.399 [FXGL Background Thread 4 ] WARN  TilesetLoader        - Diagonally flipped tiles are not currently supported
01:49:02.401 [FXGL Background Thread 4 ] WARN  TilesetLoader        - Diagonally flipped tiles are not currently supported
01:49:02.404 [FXGL Background Thread 4 ] WARN  TilesetLoader        - Diagonally flipped tiles are not currently supported
01:49:02.405 [FXGL Background Thread 4 ] WARN  TilesetLoader        - Diagonally flipped tiles are not currently supported
01:49:02.413 [FXGL Background Thread 4 ] WARN  TilesetLoader        - Diagonally flipped tiles are not currently supported
01:49:02.423 [FXGL Background Thread 4 ] WARN  TilesetLoader        - Diagonally flipped tiles are not currently supported
01:49:02.425 [FXGL Background Thread 4 ] WARN  TilesetLoader        - Diagonally flipped tiles are not currently supported
01:49:02.427 [FXGL Background Thread 4 ] WARN  TilesetLoader        - Diagonally flipped tiles are not currently supported
01:49:02.429 [FXGL Background Thread 4 ] WARN  TilesetLoader        - Diagonally flipped tiles are not currently supported
01:49:02.432 [FXGL Background Thread 4 ] WARN  TilesetLoader        - Diagonally flipped tiles are not currently supported
01:49:02.437 [FXGL Background Thread 4 ] WARN  TilesetLoader        - Diagonally flipped tiles are not currently supported
01:49:02.439 [FXGL Background Thread 4 ] DEBUG TilesetLoader        - Loading view for layer Capa de Decoracion
01:49:02.441 [FXGL Background Thread 4 ] DEBUG TilesetLoader        - Created buffer with size 2000.0x1500.0
01:49:02.467 [FXGL Background Thread 4 ] WARN  TilesetLoader        - Diagonally flipped tiles are not currently supported
01:49:02.469 [FXGL Background Thread 4 ] WARN  TilesetLoader        - Diagonally flipped tiles are not currently supported
01:49:02.470 [FXGL Background Thread 4 ] WARN  TilesetLoader        - Diagonally flipped tiles are not currently supported
01:49:02.487 [FXGL Background Thread 4 ] WARN  TilesetLoader        - Diagonally flipped tiles are not currently supported
01:49:02.493 [FXGL Background Thread 4 ] DEBUG TMXLevelLoader       - Creating object layer entities
01:49:02.523 [FXGL Background Thread 4 ] DEBUG GameWorld            - Clearing removable entities
01:49:02.572 [FXGL Background Thread 4 ] DEBUG GameWorld            - Setting level: com.almasb.fxgl.entity.level.Level@450f2777
01:49:02.597 [FXGL Background Thread 4 ] DEBUG FXGLAssetLoaderServi - Loading from file system: file:/home/avrann/Escritorio/Repo%20Proyecto%20DPOO/jorge.carrillo-Proyecto-POO-2025/target/classes/assets/textures/droidatack_basic.png
01:49:02.604 [FXGL Background Thread 4 ] DEBUG FXGLAssetLoaderServi - Loading from file system: file:/home/avrann/Escritorio/Repo%20Proyecto%20DPOO/jorge.carrillo-Proyecto-POO-2025/target/classes/assets/textures/droididle.png
01:49:02.613 [FXGL Background Thread 4 ] WARN  FXGLAssetLoaderServi - Asset "/assets/textures/droidcaminando.png" was not found!
01:49:02.614 [FXGL Background Thread 4 ] WARN  FXGLAssetLoaderServi - Failed to load IMAGE
01:49:02.635 [FXGL Background Thread 4 ] WARN  FXGLAssetLoaderServi - Asset "/assets/textures/droidadelante.png" was not found!
01:49:02.635 [FXGL Background Thread 4 ] WARN  FXGLAssetLoaderServi - Failed to load IMAGE
01:49:02.636 [FXGL Background Thread 4 ] WARN  FXGLAssetLoaderServi - Asset "/assets/textures/droidatras.png" was not found!
01:49:02.636 [FXGL Background Thread 4 ] WARN  FXGLAssetLoaderServi - Failed to load IMAGE
01:49:02.636 [FXGL Background Thread 4 ] DEBUG FXGLAssetLoaderServi - Loading from file system: file:/home/avrann/Escritorio/Repo%20Proyecto%20DPOO/jorge.carrillo-Proyecto-POO-2025/target/classes/assets/textures/droiddeat.png
01:49:02.642 [FXGL Background Thread 4 ] WARN  GameWorld            - Entity is already attached to world
01:49:02.643 [FXGL Background Thread 4 ] DEBUG FXGLAssetLoaderServi - Loading from file system: file:/home/avrann/Escritorio/Repo%20Proyecto%20DPOO/jorge.carrillo-Proyecto-POO-2025/target/classes/assets/textures/droid2atack_basic.png
01:49:02.645 [FXGL Background Thread 4 ] DEBUG FXGLAssetLoaderServi - Loading from file system: file:/home/avrann/Escritorio/Repo%20Proyecto%20DPOO/jorge.carrillo-Proyecto-POO-2025/target/classes/assets/textures/droid2idle.png
01:49:02.646 [FXGL Background Thread 4 ] WARN  FXGLAssetLoaderServi - Asset "/assets/textures/droid2caminando.png" was not found!
01:49:02.646 [FXGL Background Thread 4 ] WARN  FXGLAssetLoaderServi - Failed to load IMAGE
01:49:02.647 [FXGL Background Thread 4 ] WARN  FXGLAssetLoaderServi - Asset "/assets/textures/droid2adelante.png" was not found!
01:49:02.647 [FXGL Background Thread 4 ] WARN  FXGLAssetLoaderServi - Failed to load IMAGE
01:49:02.647 [FXGL Background Thread 4 ] WARN  FXGLAssetLoaderServi - Asset "/assets/textures/droid2atras.png" was not found!
01:49:02.647 [FXGL Background Thread 4 ] WARN  FXGLAssetLoaderServi - Failed to load IMAGE
01:49:02.648 [FXGL Background Thread 4 ] DEBUG FXGLAssetLoaderServi - Loading from file system: file:/home/avrann/Escritorio/Repo%20Proyecto%20DPOO/jorge.carrillo-Proyecto-POO-2025/target/classes/assets/textures/droid2deat.png
01:49:02.649 [FXGL Background Thread 4 ] WARN  GameWorld            - Entity is already attached to world
01:49:02.650 [FXGL Background Thread 4 ] DEBUG FXGLAssetLoaderServi - Loading from file system: file:/home/avrann/Escritorio/Repo%20Proyecto%20DPOO/jorge.carrillo-Proyecto-POO-2025/target/classes/assets/textures/cyborgatack_basic.png
01:49:02.652 [FXGL Background Thread 4 ] DEBUG FXGLAssetLoaderServi - Loading from file system: file:/home/avrann/Escritorio/Repo%20Proyecto%20DPOO/jorge.carrillo-Proyecto-POO-2025/target/classes/assets/textures/cyborgidle.png
01:49:02.656 [FXGL Background Thread 4 ] DEBUG FXGLAssetLoaderServi - Loading from file system: file:/home/avrann/Escritorio/Repo%20Proyecto%20DPOO/jorge.carrillo-Proyecto-POO-2025/target/classes/assets/textures/cyborgcaminando.png
01:49:02.661 [FXGL Background Thread 4 ] DEBUG FXGLAssetLoaderServi - Loading from file system: file:/home/avrann/Escritorio/Repo%20Proyecto%20DPOO/jorge.carrillo-Proyecto-POO-2025/target/classes/assets/textures/cyborgadelante.png
01:49:02.666 [FXGL Background Thread 4 ] DEBUG FXGLAssetLoaderServi - Loading from file system: file:/home/avrann/Escritorio/Repo%20Proyecto%20DPOO/jorge.carrillo-Proyecto-POO-2025/target/classes/assets/textures/cyborgatras.png
01:49:02.667 [FXGL Background Thread 4 ] DEBUG FXGLAssetLoaderServi - Loading from file system: file:/home/avrann/Escritorio/Repo%20Proyecto%20DPOO/jorge.carrillo-Proyecto-POO-2025/target/classes/assets/textures/cyborgdeat.png
01:49:02.670 [FXGL Background Thread 4 ] WARN  GameWorld            - Entity is already attached to world
01:49:02.671 [FXGL Background Thread 4 ] DEBUG FXGLAssetLoaderServi - Loading from file system: file:/home/avrann/Escritorio/Repo%20Proyecto%20DPOO/jorge.carrillo-Proyecto-POO-2025/target/classes/assets/textures/lifeitem.png
01:49:02.678 [FXGL Background Thread 4 ] WARN  GameWorld            - Entity is already attached to world
01:49:02.679 [FXGL Background Thread 4 ] WARN  GameWorld            - Entity is already attached to world
01:49:02.681 [FXGL Background Thread 4 ] DEBUG FXGLAssetLoaderServi - Loading from file system: file:/home/avrann/Escritorio/Repo%20Proyecto%20DPOO/jorge.carrillo-Proyecto-POO-2025/target/classes/assets/textures/atackitem.png
01:49:02.682 [FXGL Background Thread 4 ] WARN  GameWorld            - Entity is already attached to world
01:49:02.689 [FXGL Background Thread 4 ] DEBUG Input                - Registered new binding: Mover Arriba - W
01:49:02.690 [FXGL Background Thread 4 ] DEBUG Input                - Registered new binding: Mover Abajo - S
01:49:02.690 [FXGL Background Thread 4 ] DEBUG Input                - Registered new binding: Mover Izquierda - A
01:49:02.690 [FXGL Background Thread 4 ] DEBUG Input                - Registered new binding: Mover Derecha - D
01:49:02.691 [FXGL Background Thread 4 ] DEBUG FXGLAssetLoaderServi - Loading from file system: file:/home/avrann/Escritorio/Repo%20Proyecto%20DPOO/jorge.carrillo-Proyecto-POO-2025/target/classes/assets/textures/statBar.png
01:49:02.696 [FXGL Background Thread 4 ] DEBUG FXGLAssetLoaderServi - Loading from file system: file:/home/avrann/Escritorio/Repo%20Proyecto%20DPOO/jorge.carrillo-Proyecto-POO-2025/target/classes/assets/textures/statAtackBar.png
01:49:02.697 [FXGL Background Thread 4 ] DEBUG FXGLAssetLoaderServi - Loading from file system: file:/home/avrann/Escritorio/Repo%20Proyecto%20DPOO/jorge.carrillo-Proyecto-POO-2025/target/classes/assets/textures/barra_enemigo.png
01:49:02.699 [FXGL Background Thread 4 ] DEBUG FXGLAssetLoaderServi - Loading from file system: file:/home/avrann/Escritorio/Repo%20Proyecto%20DPOO/jorge.carrillo-Proyecto-POO-2025/target/classes/assets/textures/life_point_enemi.png
01:49:02.700 [FXGL Background Thread 4 ] DEBUG FXGLAssetLoaderServi - Loading from file system: file:/home/avrann/Escritorio/Repo%20Proyecto%20DPOO/jorge.carrillo-Proyecto-POO-2025/target/classes/assets/textures/life_bar.png
01:49:02.702 [FXGL Background Thread 4 ] DEBUG FXGLAssetLoaderServi - Loading from file system: file:/home/avrann/Escritorio/Repo%20Proyecto%20DPOO/jorge.carrillo-Proyecto-POO-2025/target/classes/assets/textures/life_point.png
01:49:02.702 [FXGL Background Thread 4 ] DEBUG FXGLAssetLoaderServi - Loading from file system: file:/home/avrann/Escritorio/Repo%20Proyecto%20DPOO/jorge.carrillo-Proyecto-POO-2025/target/classes/assets/textures/button_atacck.png
01:49:02.705 [FXGL Background Thread 4 ] DEBUG FXGLAssetLoaderServi - Loading from file system: file:/home/avrann/Escritorio/Repo%20Proyecto%20DPOO/jorge.carrillo-Proyecto-POO-2025/target/classes/assets/textures/combat_panel.png
01:49:02.729 [FXGL Background Thread 4 ] INFO  FXGLApplication      - Game initialization took: 0.811 sec
01:49:02.735 [JavaFX Application Thread] DEBUG Input                - Clearing active input actions
01:49:02.757 [JavaFX Application Thread] DEBUG GameApplicationServi - Removing overlay from FXGLLoadingScene and adding to GameScene
01:49:02.766 [JavaFX Application Thread] DEBUG PrimaryStageWindow   - FXGLLoadingScene -> GameScene
01:49:03.140 [FXGL Background Thread 2 ] INFO  UpdaterService       - Your current version:  17.3
01:49:03.141 [FXGL Background Thread 2 ] INFO  UpdaterService       - Latest stable version: 21.1
01:49:04.814 [FXGL Background Thread 3 ] DEBUG Engine               - Logging environment variables
01:49:04.815 [FXGL Background Thread 3 ] DEBUG Engine               - achievements: []
01:49:04.815 [FXGL Background Thread 3 ] DEBUG Engine               - actualHeight: 921.5453491210938
01:49:04.815 [FXGL Background Thread 3 ] DEBUG Engine               - actualHeightProperty: ReadOnlyDoubleProperty [value: 949.7272338867188]
01:49:04.815 [FXGL Background Thread 3 ] DEBUG Engine               - actualWidth: 1489.1817626953125
01:49:04.815 [FXGL Background Thread 3 ] DEBUG Engine               - actualWidthProperty: ReadOnlyDoubleProperty [value: 1489.1817626953125]
01:49:04.816 [FXGL Background Thread 3 ] DEBUG Engine               - appIcon: fxgl_icon.png
01:49:04.816 [FXGL Background Thread 3 ] DEBUG Engine               - applicationMode: DEVELOPER
01:49:04.816 [FXGL Background Thread 3 ] DEBUG Engine               - cSSList: [fxgl_dark.css]
01:49:04.816 [FXGL Background Thread 3 ] DEBUG Engine               - collisionDetectionStrategy: BRUTE_FORCE
01:49:04.816 [FXGL Background Thread 3 ] DEBUG Engine               - configClass: Optional.empty
01:49:04.816 [FXGL Background Thread 3 ] DEBUG Engine               - credits: []
01:49:04.816 [FXGL Background Thread 3 ] DEBUG Engine               - defaultCursor: CursorInfo(imageName=fxgl_default_cursor.png, hotspotX=7.0, hotspotY=6.0)
01:49:04.816 [FXGL Background Thread 3 ] DEBUG Engine               - devBBoxColorProperty: ObjectProperty [value: 0xff0000ff]
01:49:04.816 [FXGL Background Thread 3 ] DEBUG Engine               - devEnableDebugCameraProperty: BooleanProperty [value: false]
01:49:04.816 [FXGL Background Thread 3 ] DEBUG Engine               - devSensorColorProperty: ObjectProperty [value: 0xffff00ff]
01:49:04.816 [FXGL Background Thread 3 ] DEBUG Engine               - devShowBBoxProperty: BooleanProperty [value: false]
01:49:04.817 [FXGL Background Thread 3 ] DEBUG Engine               - devShowPositionProperty: BooleanProperty [value: false]
01:49:04.817 [FXGL Background Thread 3 ] DEBUG Engine               - enabledMenuItems: []
01:49:04.817 [FXGL Background Thread 3 ] DEBUG Engine               - engineServices: [class com.almasb.fxgl.app.services.FXGLAssetLoaderService, class com.almasb.fxgl.app.FXGLApplication$GameApplicationService, class com.almasb.fxgl.app.services.FXGLDialogService, class com.almasb.fxgl.app.services.IOTaskExecutorService, class com.almasb.fxgl.io.FileSystemService, class com.almasb.fxgl.localization.LocalizationService, class com.almasb.fxgl.app.services.SystemBundleService, class com.almasb.fxgl.profile.SaveLoadService, class com.almasb.fxgl.ui.FXGLUIFactoryServiceProvider, class com.almasb.fxgl.ui.FXGLDialogFactoryServiceProvider, class com.almasb.fxgl.audio.AudioPlayer, class com.almasb.fxgl.notification.impl.NotificationServiceProvider, class com.almasb.fxgl.achievement.AchievementService, class com.almasb.fxgl.cutscene.CutsceneService, class com.almasb.fxgl.minigames.MiniGameService, class com.almasb.fxgl.net.NetService, class com.almasb.fxgl.app.services.UpdaterService, class com.almasb.fxgl.dev.DevService]
01:49:04.817 [FXGL Background Thread 3 ] DEBUG Engine               - fontGame: Abel-Regular.ttf
01:49:04.817 [FXGL Background Thread 3 ] DEBUG Engine               - fontMono: TerminalLandMono-Regular.otf
01:49:04.817 [FXGL Background Thread 3 ] DEBUG Engine               - fontSizeScaleUI: 1.0
01:49:04.817 [FXGL Background Thread 3 ] DEBUG Engine               - fontText: Courier-Prime.ttf
01:49:04.817 [FXGL Background Thread 3 ] DEBUG Engine               - fontUI: VarelaRound-Regular.ttf
01:49:04.817 [FXGL Background Thread 3 ] DEBUG Engine               - fullScreen: BooleanProperty [value: false]
01:49:04.817 [FXGL Background Thread 3 ] DEBUG Engine               - gameDifficulty: MEDIUM
01:49:04.817 [FXGL Background Thread 3 ] DEBUG Engine               - gameDifficultyProperty: ObjectProperty [value: MEDIUM]
01:49:04.817 [FXGL Background Thread 3 ] DEBUG Engine               - globalMusicVolume: 0.5
01:49:04.817 [FXGL Background Thread 3 ] DEBUG Engine               - globalMusicVolumeProperty: DoubleProperty [value: 0.5]
01:49:04.817 [FXGL Background Thread 3 ] DEBUG Engine               - globalSoundVolume: 0.5
01:49:04.817 [FXGL Background Thread 3 ] DEBUG Engine               - globalSoundVolumeProperty: DoubleProperty [value: 0.5]
01:49:04.817 [FXGL Background Thread 3 ] DEBUG Engine               - height: 1000
01:49:04.818 [FXGL Background Thread 3 ] DEBUG Engine               - is3D: false
01:49:04.818 [FXGL Background Thread 3 ] DEBUG Engine               - isAndroid: false
01:49:04.818 [FXGL Background Thread 3 ] DEBUG Engine               - isBrowser: false
01:49:04.818 [FXGL Background Thread 3 ] DEBUG Engine               - isClickFeedbackEnabled: false
01:49:04.818 [FXGL Background Thread 3 ] DEBUG Engine               - isCloseConfirmation: false
01:49:04.818 [FXGL Background Thread 3 ] DEBUG Engine               - isDesktop: true
01:49:04.818 [FXGL Background Thread 3 ] DEBUG Engine               - isDeveloperMenuEnabled: true
01:49:04.818 [FXGL Background Thread 3 ] DEBUG Engine               - isEmbedded: false
01:49:04.818 [FXGL Background Thread 3 ] DEBUG Engine               - isEntityPreloadEnabled: true
01:49:04.818 [FXGL Background Thread 3 ] DEBUG Engine               - isExperimentalTiledLargeMap: false
01:49:04.818 [FXGL Background Thread 3 ] DEBUG Engine               - isFileSystemWriteAllowed: true
01:49:04.818 [FXGL Background Thread 3 ] DEBUG Engine               - isFullScreenAllowed: false
01:49:04.818 [FXGL Background Thread 3 ] DEBUG Engine               - isFullScreenFromStart: false
01:49:04.818 [FXGL Background Thread 3 ] DEBUG Engine               - isGameMenuEnabled: true
01:49:04.818 [FXGL Background Thread 3 ] DEBUG Engine               - isIOS: false
01:49:04.818 [FXGL Background Thread 3 ] DEBUG Engine               - isIntroEnabled: false
01:49:04.818 [FXGL Background Thread 3 ] DEBUG Engine               - isLinux: true
01:49:04.818 [FXGL Background Thread 3 ] DEBUG Engine               - isMac: false
01:49:04.818 [FXGL Background Thread 3 ] DEBUG Engine               - isMainMenuEnabled: false
01:49:04.818 [FXGL Background Thread 3 ] DEBUG Engine               - isManualResizeEnabled: false
01:49:04.818 [FXGL Background Thread 3 ] DEBUG Engine               - isMobile: false
01:49:04.819 [FXGL Background Thread 3 ] DEBUG Engine               - isNative: false
01:49:04.819 [FXGL Background Thread 3 ] DEBUG Engine               - isPauseMusicWhenMinimized: true
01:49:04.819 [FXGL Background Thread 3 ] DEBUG Engine               - isPreserveResizeRatio: false
01:49:04.819 [FXGL Background Thread 3 ] DEBUG Engine               - isProfilingEnabled: false
01:49:04.819 [FXGL Background Thread 3 ] DEBUG Engine               - isScaleAffectedOnResize: true
01:49:04.819 [FXGL Background Thread 3 ] DEBUG Engine               - isSingleStep: false
01:49:04.819 [FXGL Background Thread 3 ] DEBUG Engine               - isUserProfileEnabled: false
01:49:04.819 [FXGL Background Thread 3 ] DEBUG Engine               - isWindows: false
01:49:04.819 [FXGL Background Thread 3 ] DEBUG Engine               - language: ObjectProperty [value: ENGLISH]
01:49:04.819 [FXGL Background Thread 3 ] DEBUG Engine               - menuKey: ESCAPE
01:49:04.819 [FXGL Background Thread 3 ] DEBUG Engine               - mouseSensitivity: 0.2
01:49:04.819 [FXGL Background Thread 3 ] DEBUG Engine               - notificationViewClass: class com.almasb.fxgl.notification.view.XboxNotificationView
01:49:04.819 [FXGL Background Thread 3 ] DEBUG Engine               - pixelsPerMeter: 50.0
01:49:04.819 [FXGL Background Thread 3 ] DEBUG Engine               - platform: LINUX
01:49:04.819 [FXGL Background Thread 3 ] DEBUG Engine               - prefHeightProperty: ReadOnlyDoubleProperty [value: 1000.0]
01:49:04.819 [FXGL Background Thread 3 ] DEBUG Engine               - prefWidthProperty: ReadOnlyDoubleProperty [value: 1600.0]
01:49:04.819 [FXGL Background Thread 3 ] DEBUG Engine               - profileDir: profiles/
01:49:04.819 [FXGL Background Thread 3 ] DEBUG Engine               - profileName: StringProperty [value: DEFAULT]
01:49:04.819 [FXGL Background Thread 3 ] DEBUG Engine               - randomSeed: -1
01:49:04.820 [FXGL Background Thread 3 ] DEBUG Engine               - runtimeInfo: RuntimeInfo(platform=LINUX, version=17.3, build=30.03.2023 11.49)
01:49:04.820 [FXGL Background Thread 3 ] DEBUG Engine               - saveFileExt: sav
01:49:04.820 [FXGL Background Thread 3 ] DEBUG Engine               - scaledHeightProp$fxgl: DoubleProperty [bound, value: 949.7272338867188]
01:49:04.820 [FXGL Background Thread 3 ] DEBUG Engine               - scaledWidthProp$fxgl: DoubleProperty [bound, value: 1489.1817626953125]
01:49:04.820 [FXGL Background Thread 3 ] DEBUG Engine               - sceneFactory: com.almasb.fxgl.app.scene.SceneFactory@1d6a05cb
01:49:04.820 [FXGL Background Thread 3 ] DEBUG Engine               - secondsIn24h: 60
01:49:04.820 [FXGL Background Thread 3 ] DEBUG Engine               - soundMenuBack: menu/back.wav
01:49:04.820 [FXGL Background Thread 3 ] DEBUG Engine               - soundMenuPress: menu/press.wav
01:49:04.820 [FXGL Background Thread 3 ] DEBUG Engine               - soundMenuSelect: menu/select.wav
01:49:04.820 [FXGL Background Thread 3 ] DEBUG Engine               - soundNotification: core/notification.wav
01:49:04.820 [FXGL Background Thread 3 ] DEBUG Engine               - stageStyle: DECORATED
01:49:04.820 [FXGL Background Thread 3 ] DEBUG Engine               - supportedLanguages: [ENGLISH, FRENCH, GERMAN, HUNGARIAN, RUSSIAN]
01:49:04.820 [FXGL Background Thread 3 ] DEBUG Engine               - ticksPerSecond: -1
01:49:04.820 [FXGL Background Thread 3 ] DEBUG Engine               - title: Pruebas en FXGL
01:49:04.820 [FXGL Background Thread 3 ] DEBUG Engine               - urlGithub: https://github.com/AlmasB/FXGL
01:49:04.820 [FXGL Background Thread 3 ] DEBUG Engine               - urlLeaderboard: http://fxgl-top.herokuapp.com/
01:49:04.821 [FXGL Background Thread 3 ] DEBUG Engine               - urlPOM: https://raw.githubusercontent.com/AlmasB/FXGL/release/README.md
01:49:04.821 [FXGL Background Thread 3 ] DEBUG Engine               - userAppClass: class App.Game.GameApp
01:49:04.821 [FXGL Background Thread 3 ] DEBUG Engine               - version: 0.0
01:49:04.821 [FXGL Background Thread 3 ] DEBUG Engine               - versionCheckDays: 7
01:49:04.821 [FXGL Background Thread 3 ] DEBUG Engine               - width: 1600
01:49:04.821 [FXGL Background Thread 3 ] DEBUG Engine               - Logging services
01:49:04.821 [FXGL Background Thread 3 ] DEBUG Engine               - class com.almasb.fxgl.app.services.FXGLAssetLoaderService
01:49:04.821 [FXGL Background Thread 3 ] DEBUG Engine               - class com.almasb.fxgl.app.FXGLApplication$GameApplicationService
01:49:04.821 [FXGL Background Thread 3 ] DEBUG Engine               - class com.almasb.fxgl.app.services.FXGLDialogService
01:49:04.821 [FXGL Background Thread 3 ] DEBUG Engine               - class com.almasb.fxgl.app.services.IOTaskExecutorService
01:49:04.821 [FXGL Background Thread 3 ] DEBUG Engine               - class com.almasb.fxgl.io.FileSystemService
01:49:04.821 [FXGL Background Thread 3 ] DEBUG Engine               - class com.almasb.fxgl.localization.LocalizationService
01:49:04.821 [FXGL Background Thread 3 ] DEBUG Engine               - class com.almasb.fxgl.app.services.SystemBundleService
01:49:04.821 [FXGL Background Thread 3 ] DEBUG Engine               - class com.almasb.fxgl.profile.SaveLoadService
01:49:04.821 [FXGL Background Thread 3 ] DEBUG Engine               - class com.almasb.fxgl.ui.FXGLUIFactoryServiceProvider
01:49:04.821 [FXGL Background Thread 3 ] DEBUG Engine               - class com.almasb.fxgl.ui.FXGLDialogFactoryServiceProvider
01:49:04.821 [FXGL Background Thread 3 ] DEBUG Engine               - class com.almasb.fxgl.audio.AudioPlayer
01:49:04.821 [FXGL Background Thread 3 ] DEBUG Engine               - class com.almasb.fxgl.notification.impl.NotificationServiceProvider
01:49:04.821 [FXGL Background Thread 3 ] DEBUG Engine               - class com.almasb.fxgl.achievement.AchievementService
01:49:04.821 [FXGL Background Thread 3 ] DEBUG Engine               - class com.almasb.fxgl.cutscene.CutsceneService
01:49:04.821 [FXGL Background Thread 3 ] DEBUG Engine               - class com.almasb.fxgl.minigames.MiniGameService
01:49:04.821 [FXGL Background Thread 3 ] DEBUG Engine               - class com.almasb.fxgl.net.NetService
01:49:04.821 [FXGL Background Thread 3 ] DEBUG Engine               - class com.almasb.fxgl.app.services.UpdaterService
01:49:04.821 [FXGL Background Thread 3 ] DEBUG Engine               - class com.almasb.fxgl.dev.DevService
01:49:08.445 [JavaFX Application Thread] DEBUG AudioPlayer          - Stopping music com.almasb.fxgl.audio.Music@40f1686b
01:49:08.473 [JavaFX Application Thread] DEBUG FXGLAssetLoaderServi - Loading from file system: file:/home/avrann/Escritorio/Repo%20Proyecto%20DPOO/jorge.carrillo-Proyecto-POO-2025/target/classes/assets/music/battle.wav
01:49:08.478 [JavaFX Application Thread] DEBUG AudioPlayer          - Playing music com.almasb.fxgl.audio.Music@3a1af3a1
01:49:10.499 [JavaFX Application Thread] DEBUG FXGLAssetLoaderServi - Loading from file system: file:/home/avrann/Escritorio/Repo%20Proyecto%20DPOO/jorge.carrillo-Proyecto-POO-2025/target/classes/assets/sounds/arma.wav
01:49:11.126 [JavaFX Application Thread] DEBUG AudioPlayer          - Playing music com.almasb.fxgl.audio.Music@3a1af3a1
01:49:11.509 [JavaFX Application Thread] DEBUG FXGLAssetLoaderServi - Loading from file system: file:/home/avrann/Escritorio/Repo%20Proyecto%20DPOO/jorge.carrillo-Proyecto-POO-2025/target/classes/assets/sounds/armaEnemigos.wav
01:49:12.138 [JavaFX Application Thread] DEBUG AudioPlayer          - Playing music com.almasb.fxgl.audio.Music@3a1af3a1
01:49:15.000 [JavaFX Application Thread] DEBUG AudioPlayer          - Playing music com.almasb.fxgl.audio.Music@3a1af3a1
01:49:16.010 [JavaFX Application Thread] DEBUG AudioPlayer          - Playing music com.almasb.fxgl.audio.Music@3a1af3a1
01:49:17.469 [JavaFX Application Thread] DEBUG FXGLAssetLoaderServi - Loading from file system: file:/home/avrann/Escritorio/Repo%20Proyecto%20DPOO/jorge.carrillo-Proyecto-POO-2025/target/classes/assets/sounds/muerte.wav
01:49:18.149 [JavaFX Application Thread] DEBUG AudioPlayer          - Playing music com.almasb.fxgl.audio.Music@3a1af3a1
01:49:19.462 [JavaFX Application Thread] DEBUG AudioPlayer          - Stopping music com.almasb.fxgl.audio.Music@3a1af3a1
01:49:19.505 [JavaFX Application Thread] DEBUG AudioPlayer          - Playing music com.almasb.fxgl.audio.Music@40f1686b
01:49:19.508 [JavaFX Application Thread] DEBUG AudioPlayer          - Playing music com.almasb.fxgl.audio.Music@40f1686b
01:49:22.056 [JavaFX Application Thread] DEBUG FXGLApplication      - Exiting FXGL
01:49:22.057 [JavaFX Application Thread] DEBUG LoopRunner           - Stopping loop
01:49:22.057 [JavaFX Application Thread] DEBUG SystemBundleService  - Saving FXGL system data
01:49:22.059 [JavaFX Application Thread] DEBUG FileSystemAccess     - Writing to: /home/avrann/Escritorio/Repo Proyecto DPOO/jorge.carrillo-Proyecto-POO-2025/system/fxgl.bundle
01:49:22.062 [JavaFX Application Thread] DEBUG Async                - Shutting down background threads
01:49:22.062 [JavaFX Application Thread] DEBUG PrimaryStageWindow   - Closing main window
01:49:22.066 [JavaFX Application Thread] DEBUG Logger               - Closing Logger
