01:56:40.664 [main                     ] DEBUG Logger               - Configured Logger
01:56:40.679 [main                     ] DEBUG GameApplication      - Logging settings
Title: Pruebas en FXGL
Version: 0.0
Width: 1600
Height: 1000
Fullscreen: false
Intro: false
Profiling: false
Single step:false
App Mode: DEVELOPER
Menu Key: ESCAPE
Stage Style: DECORATED
Scene Factory: class com.almasb.fxgl.app.scene.SceneFactory

01:56:40.839 [JavaFX Application Thread] DEBUG FXGLApplication      - Initializing FXGL
01:56:40.850 [JavaFX Application Thread] INFO  Engine               - FXGL-17.3 (30.03.2023 11.49) on LINUX (J:21.0.6 FX:20)
01:56:40.851 [JavaFX Application Thread] DEBUG Engine               - JRE Vendor Name: Oracle Corporation
01:56:40.851 [JavaFX Application Thread] DEBUG Engine               - Running on OS: Linux version 6.8.0-55-generic
01:56:40.851 [JavaFX Application Thread] DEBUG Engine               - Architecture: amd64
01:56:40.851 [JavaFX Application Thread] INFO  Engine               - Source code and latest versions at: https://github.com/AlmasB/FXGL
01:56:40.852 [JavaFX Application Thread] INFO  Engine               -       Ask questions and discuss at: https://github.com/AlmasB/FXGL/discussions
01:56:40.852 [JavaFX Application Thread] INFO  Engine               -              Join the FXGL chat at: https://gitter.im/AlmasB/FXGL
01:56:40.924 [JavaFX Application Thread] DEBUG PrimaryStageWindow   - Creating a JavaFX scene
01:56:40.924 [JavaFX Application Thread] DEBUG PrimaryStageWindow   - Target size > screen size
01:56:40.983 [JavaFX Application Thread] DEBUG PrimaryStageWindow   - Target settings size: 1600.0 x 1000.0
01:56:40.983 [JavaFX Application Thread] DEBUG PrimaryStageWindow   - Scaled scene size:    1491.0 x 947.0
01:56:40.983 [JavaFX Application Thread] DEBUG PrimaryStageWindow   - Scaled ratio: (0.931875, 0.947)
01:56:40.984 [JavaFX Application Thread] DEBUG PrimaryStageWindow   - Set initial scene to FXGLStartupScene
01:56:40.985 [JavaFX Application Thread] DEBUG PrimaryStageWindow   - Opening main window
01:56:41.010 [JavaFX Application Thread] DEBUG PrimaryStageWindow   - Window border size: (2.641845703125, 26.63995361328125)
01:56:41.010 [JavaFX Application Thread] DEBUG PrimaryStageWindow   - Scaled size: 1491.0 x 947.0
01:56:41.011 [JavaFX Application Thread] DEBUG PrimaryStageWindow   - Scaled ratio: (0.931875, 0.947)
01:56:41.011 [JavaFX Application Thread] DEBUG PrimaryStageWindow   - Scene size: 1491.0 x 947.0
01:56:41.011 [JavaFX Application Thread] DEBUG PrimaryStageWindow   - Stage size: 1493.641845703125 x 973.6399536132812
01:56:41.021 [FXGL Background Thread 1 ] DEBUG Engine               - Initializing environment variables
01:56:41.080 [FXGL Background Thread 1 ] DEBUG FXGLAssetLoaderServi - User app class for loading assets: class App.Game.GameApp
01:56:41.080 [FXGL Background Thread 1 ] DEBUG GameApplicationServi - Applying CSS: fxgl_dark.css
01:56:41.081 [FXGL Background Thread 1 ] DEBUG FXGLAssetLoaderServi - Loading from file system: jar:file:///home/avrann/.m2/repository/com/github/almasb/fxgl/17.3/fxgl-17.3.jar!/fxglassets/ui/css/fxgl_dark.css
01:56:41.123 [FXGL Background Thread 1 ] DEBUG GameApplicationServi - Initializing application scenes
01:56:41.173 [FXGL Background Thread 1 ] DEBUG GameWorld            - Game world initialized
01:56:41.227 [FXGL Background Thread 1 ] DEBUG PhysicsWorld         - Physics world initialized: appHeight=1000, physics.ppm=50.0
01:56:41.227 [FXGL Background Thread 1 ] DEBUG PhysicsWorld         - Using strategy: BRUTE_FORCE
01:56:41.230 [FXGL Background Thread 1 ] DEBUG GameScene            - Game scene initialized: 1600x1000
01:56:41.237 [FXGL Background Thread 1 ] DEBUG FXGL.DefaultMenu     - createMenuBodyGameMenu()
01:56:41.244 [FXGL Background Thread 1 ] DEBUG FXGL.DefaultMenu     - createOptionsMenu()
01:56:41.249 [FXGL Background Thread 1 ] DEBUG FXGLAssetLoaderServi - Loading from file system: jar:file:///home/avrann/.m2/repository/com/github/almasb/fxgl/17.3/fxgl-17.3.jar!/fxglassets/textures/particles/smoke.png
01:56:41.318 [FXGL Background Thread 1 ] DEBUG FXGLAssetLoaderServi - Loading from file system: jar:file:///home/avrann/.m2/repository/com/github/almasb/fxgl/17.3/fxgl-17.3.jar!/fxglassets/textures/particles/trace_horizontal.png
01:56:41.343 [FXGL Background Thread 1 ] DEBUG GameApplicationServi - Application scenes initialized
01:56:41.352 [FXGL Background Thread 1 ] DEBUG SystemBundleService  - Loading FXGL system data
01:56:41.355 [FXGL Background Thread 1 ] DEBUG FileSystemAccess     - Reading from: /home/avrann/Escritorio/Repo Proyecto DPOO/jorge.carrillo-Proyecto-POO-2025/system/fxgl.bundle
01:56:41.362 [FXGL Background Thread 1 ] DEBUG SystemBundleService  - Bundle FXGL: {}
01:56:41.362 [FXGL Background Thread 1 ] DEBUG UpdaterService       - Checking for updates
01:56:41.387 [FXGL Background Thread 4 ] DEBUG FXGLApplication      - Loading fonts
01:56:41.388 [FXGL Background Thread 4 ] DEBUG FXGLAssetLoaderServi - Loading from file system: jar:file:///home/avrann/.m2/repository/com/github/almasb/fxgl/17.3/fxgl-17.3.jar!/fxglassets/ui/fonts/VarelaRound-Regular.ttf
01:56:41.388 [FXGL Background Thread 1 ] DEBUG FXGLApplication      - Loading default localization
01:56:41.388 [FXGL Background Thread 1 ] DEBUG FXGLAssetLoaderServi - Loading from file system: jar:file:///home/avrann/.m2/repository/com/github/almasb/fxgl/17.3/fxgl-17.3.jar!/fxglassets/languages/english.lang
01:56:41.398 [FXGL Background Thread 4 ] DEBUG FXGLAssetLoaderServi - Loading from file system: jar:file:///home/avrann/.m2/repository/com/github/almasb/fxgl/17.3/fxgl-17.3.jar!/fxglassets/ui/fonts/Abel-Regular.ttf
01:56:41.400 [FXGL Background Thread 4 ] DEBUG FXGLAssetLoaderServi - Loading from file system: jar:file:///home/avrann/.m2/repository/com/github/almasb/fxgl/17.3/fxgl-17.3.jar!/fxglassets/ui/fonts/TerminalLandMono-Regular.otf
01:56:41.401 [FXGL Background Thread 1 ] INFO  FXGLApplication      - FXGL initialization took: 0.380 sec
01:56:41.402 [FXGL Background Thread 4 ] DEBUG FXGLAssetLoaderServi - Loading from file system: jar:file:///home/avrann/.m2/repository/com/github/almasb/fxgl/17.3/fxgl-17.3.jar!/fxglassets/ui/fonts/Courier-Prime.ttf
01:56:41.402 [JavaFX Application Thread] DEBUG FXGLAssetLoaderServi - Loading from file system: jar:file:///home/avrann/.m2/repository/com/github/almasb/fxgl/17.3/fxgl-17.3.jar!/fxglassets/textures/fxgl_icon.png
01:56:41.420 [JavaFX Application Thread] DEBUG FXGLAssetLoaderServi - Loading from file system: jar:file:///home/avrann/.m2/repository/com/github/almasb/fxgl/17.3/fxgl-17.3.jar!/fxglassets/textures/fxgl_default_cursor.png
01:56:41.429 [JavaFX Application Thread] DEBUG Input                - Registered new binding: Screenshot - CTRL+8
01:56:41.429 [JavaFX Application Thread] DEBUG Input                - Registered new binding: Dev Options - 1
01:56:41.430 [JavaFX Application Thread] DEBUG Input                - Registered new binding: Dev Console - 2
01:56:41.430 [JavaFX Application Thread] DEBUG Input                - Registered new binding: System info dump - CTRL+9
01:56:41.430 [JavaFX Application Thread] DEBUG Input                - Registered new binding: Restart - CTRL+R
01:56:41.430 [JavaFX Application Thread] DEBUG Input                - Registered new binding: Toggle Debug Camera - CTRL+7
01:56:41.433 [JavaFX Application Thread] DEBUG LoopRunner           - Starting loop
01:56:41.445 [JavaFX Application Thread] DEBUG LoopRunner           - Initializing JavaFX AnimationTimerLoop
01:56:41.446 [JavaFX Application Thread] DEBUG GameApplicationServi - Starting new game
01:56:41.446 [JavaFX Application Thread] DEBUG Input                - Clearing active input actions
01:56:41.460 [JavaFX Application Thread] DEBUG GameApplicationServi - Removing overlay from FXGLStartupScene and adding to FXGLLoadingScene
01:56:41.463 [JavaFX Application Thread] DEBUG PrimaryStageWindow   - FXGLStartupScene -> FXGLLoadingScene
01:56:41.463 [JavaFX Application Thread] DEBUG GameApplicationServi - Clearing previous game
01:56:41.463 [JavaFX Application Thread] DEBUG GameScene            - Clearing game scene
01:56:41.464 [JavaFX Application Thread] DEBUG GameWorld            - Clearing game world
01:56:41.464 [JavaFX Application Thread] DEBUG PhysicsWorld         - Clearing physics world
01:56:41.465 [FXGL Background Thread 4 ] DEBUG FXGLApplication      - Initializing game
01:56:41.467 [JavaFX Application Thread] DEBUG FXGLApplication      - Registering font factories with UI factory
01:56:41.663 [FXGL Background Thread 4 ] DEBUG FXGLAssetLoaderServi - Loading from file system: file:/home/avrann/Escritorio/Repo%20Proyecto%20DPOO/jorge.carrillo-Proyecto-POO-2025/target/classes/assets/music/loading.wav
01:56:41.782 [FXGL Background Thread 4 ] DEBUG AudioPlayer          - Playing music com.almasb.fxgl.audio.Music@1474bb8b
01:56:41.841 [FXGL Background Thread 4 ] DEBUG TMXLevelLoader       - Parsed TiledMap: file:/home/avrann/Escritorio/Repo%20Proyecto%20DPOO/jorge.carrillo-Proyecto-POO-2025/target/classes/assets/levels/level_01.tmx
01:56:41.843 [FXGL Background Thread 4 ] DEBUG TMXLevelLoader       - Creating tile layer entities
01:56:41.847 [FXGL Background Thread 4 ] DEBUG TilesetLoader        - Loading view for layer Capa de patrones 1
01:56:41.852 [FXGL Background Thread 4 ] DEBUG TilesetLoader        - Created buffer with size 2000.0x1500.0
01:56:41.893 [FXGL Background Thread 4 ] WARN  TilesetLoader        - Diagonally flipped tiles are not currently supported
01:56:41.894 [FXGL Background Thread 4 ] WARN  TilesetLoader        - Diagonally flipped tiles are not currently supported
01:56:41.896 [FXGL Background Thread 4 ] WARN  TilesetLoader        - Diagonally flipped tiles are not currently supported
01:56:41.896 [FXGL Background Thread 4 ] WARN  TilesetLoader        - Diagonally flipped tiles are not currently supported
01:56:41.900 [FXGL Background Thread 4 ] WARN  TilesetLoader        - Diagonally flipped tiles are not currently supported
01:56:41.916 [FXGL Background Thread 4 ] WARN  TilesetLoader        - Diagonally flipped tiles are not currently supported
01:56:41.917 [FXGL Background Thread 4 ] WARN  TilesetLoader        - Diagonally flipped tiles are not currently supported
01:56:41.922 [FXGL Background Thread 4 ] WARN  TilesetLoader        - Diagonally flipped tiles are not currently supported
01:56:41.925 [FXGL Background Thread 4 ] WARN  TilesetLoader        - Diagonally flipped tiles are not currently supported
01:56:41.931 [FXGL Background Thread 4 ] WARN  TilesetLoader        - Diagonally flipped tiles are not currently supported
01:56:41.934 [FXGL Background Thread 4 ] WARN  TilesetLoader        - Diagonally flipped tiles are not currently supported
01:56:41.938 [FXGL Background Thread 4 ] DEBUG TilesetLoader        - Loading view for layer Capa de Decoracion
01:56:41.942 [FXGL Background Thread 4 ] DEBUG TilesetLoader        - Created buffer with size 2000.0x1500.0
01:56:41.989 [FXGL Background Thread 4 ] WARN  TilesetLoader        - Diagonally flipped tiles are not currently supported
01:56:41.990 [FXGL Background Thread 4 ] WARN  TilesetLoader        - Diagonally flipped tiles are not currently supported
01:56:41.991 [FXGL Background Thread 4 ] WARN  TilesetLoader        - Diagonally flipped tiles are not currently supported
01:56:41.999 [FXGL Background Thread 4 ] WARN  TilesetLoader        - Diagonally flipped tiles are not currently supported
01:56:42.025 [FXGL Background Thread 4 ] DEBUG TMXLevelLoader       - Creating object layer entities
01:56:42.056 [FXGL Background Thread 4 ] DEBUG GameWorld            - Clearing removable entities
01:56:42.138 [FXGL Background Thread 4 ] DEBUG GameWorld            - Setting level: com.almasb.fxgl.entity.level.Level@43dc775e
01:56:42.161 [FXGL Background Thread 4 ] DEBUG FXGLAssetLoaderServi - Loading from file system: file:/home/avrann/Escritorio/Repo%20Proyecto%20DPOO/jorge.carrillo-Proyecto-POO-2025/target/classes/assets/textures/droidatack_basic.png
01:56:42.171 [FXGL Background Thread 4 ] DEBUG FXGLAssetLoaderServi - Loading from file system: file:/home/avrann/Escritorio/Repo%20Proyecto%20DPOO/jorge.carrillo-Proyecto-POO-2025/target/classes/assets/textures/droididle.png
01:56:42.172 [FXGL Background Thread 4 ] WARN  FXGLAssetLoaderServi - Asset "/assets/textures/droidcaminando.png" was not found!
01:56:42.172 [FXGL Background Thread 4 ] WARN  FXGLAssetLoaderServi - Failed to load IMAGE
01:56:42.203 [FXGL Background Thread 4 ] WARN  FXGLAssetLoaderServi - Asset "/assets/textures/droidadelante.png" was not found!
01:56:42.203 [FXGL Background Thread 4 ] WARN  FXGLAssetLoaderServi - Failed to load IMAGE
01:56:42.203 [FXGL Background Thread 4 ] WARN  FXGLAssetLoaderServi - Asset "/assets/textures/droidatras.png" was not found!
01:56:42.203 [FXGL Background Thread 4 ] WARN  FXGLAssetLoaderServi - Failed to load IMAGE
01:56:42.203 [FXGL Background Thread 4 ] DEBUG FXGLAssetLoaderServi - Loading from file system: file:/home/avrann/Escritorio/Repo%20Proyecto%20DPOO/jorge.carrillo-Proyecto-POO-2025/target/classes/assets/textures/droiddeat.png
01:56:42.219 [FXGL Background Thread 4 ] WARN  GameWorld            - Entity is already attached to world
01:56:42.222 [FXGL Background Thread 4 ] DEBUG FXGLAssetLoaderServi - Loading from file system: file:/home/avrann/Escritorio/Repo%20Proyecto%20DPOO/jorge.carrillo-Proyecto-POO-2025/target/classes/assets/textures/droid2atack_basic.png
01:56:42.224 [FXGL Background Thread 4 ] DEBUG FXGLAssetLoaderServi - Loading from file system: file:/home/avrann/Escritorio/Repo%20Proyecto%20DPOO/jorge.carrillo-Proyecto-POO-2025/target/classes/assets/textures/droid2idle.png
01:56:42.230 [FXGL Background Thread 4 ] WARN  FXGLAssetLoaderServi - Asset "/assets/textures/droid2caminando.png" was not found!
01:56:42.231 [FXGL Background Thread 4 ] WARN  FXGLAssetLoaderServi - Failed to load IMAGE
01:56:42.231 [FXGL Background Thread 4 ] WARN  FXGLAssetLoaderServi - Asset "/assets/textures/droid2adelante.png" was not found!
01:56:42.231 [FXGL Background Thread 4 ] WARN  FXGLAssetLoaderServi - Failed to load IMAGE
01:56:42.232 [FXGL Background Thread 4 ] WARN  FXGLAssetLoaderServi - Asset "/assets/textures/droid2atras.png" was not found!
01:56:42.233 [FXGL Background Thread 4 ] WARN  FXGLAssetLoaderServi - Failed to load IMAGE
01:56:42.233 [FXGL Background Thread 4 ] DEBUG FXGLAssetLoaderServi - Loading from file system: file:/home/avrann/Escritorio/Repo%20Proyecto%20DPOO/jorge.carrillo-Proyecto-POO-2025/target/classes/assets/textures/droid2deat.png
01:56:42.238 [FXGL Background Thread 4 ] WARN  GameWorld            - Entity is already attached to world
01:56:42.239 [FXGL Background Thread 4 ] DEBUG FXGLAssetLoaderServi - Loading from file system: file:/home/avrann/Escritorio/Repo%20Proyecto%20DPOO/jorge.carrillo-Proyecto-POO-2025/target/classes/assets/textures/cyborgatack_basic.png
01:56:42.241 [FXGL Background Thread 4 ] DEBUG FXGLAssetLoaderServi - Loading from file system: file:/home/avrann/Escritorio/Repo%20Proyecto%20DPOO/jorge.carrillo-Proyecto-POO-2025/target/classes/assets/textures/cyborgidle.png
01:56:42.244 [FXGL Background Thread 4 ] DEBUG FXGLAssetLoaderServi - Loading from file system: file:/home/avrann/Escritorio/Repo%20Proyecto%20DPOO/jorge.carrillo-Proyecto-POO-2025/target/classes/assets/textures/cyborgcaminando.png
01:56:42.246 [FXGL Background Thread 4 ] DEBUG FXGLAssetLoaderServi - Loading from file system: file:/home/avrann/Escritorio/Repo%20Proyecto%20DPOO/jorge.carrillo-Proyecto-POO-2025/target/classes/assets/textures/cyborgadelante.png
01:56:42.247 [FXGL Background Thread 4 ] DEBUG FXGLAssetLoaderServi - Loading from file system: file:/home/avrann/Escritorio/Repo%20Proyecto%20DPOO/jorge.carrillo-Proyecto-POO-2025/target/classes/assets/textures/cyborgatras.png
01:56:42.248 [FXGL Background Thread 4 ] DEBUG FXGLAssetLoaderServi - Loading from file system: file:/home/avrann/Escritorio/Repo%20Proyecto%20DPOO/jorge.carrillo-Proyecto-POO-2025/target/classes/assets/textures/cyborgdeat.png
01:56:42.249 [FXGL Background Thread 4 ] WARN  GameWorld            - Entity is already attached to world
01:56:42.251 [FXGL Background Thread 4 ] DEBUG FXGLAssetLoaderServi - Loading from file system: file:/home/avrann/Escritorio/Repo%20Proyecto%20DPOO/jorge.carrillo-Proyecto-POO-2025/target/classes/assets/textures/lifeitem.png
01:56:42.253 [FXGL Background Thread 4 ] WARN  GameWorld            - Entity is already attached to world
01:56:42.254 [FXGL Background Thread 4 ] WARN  GameWorld            - Entity is already attached to world
01:56:42.255 [FXGL Background Thread 4 ] DEBUG FXGLAssetLoaderServi - Loading from file system: file:/home/avrann/Escritorio/Repo%20Proyecto%20DPOO/jorge.carrillo-Proyecto-POO-2025/target/classes/assets/textures/atackitem.png
01:56:42.256 [FXGL Background Thread 4 ] WARN  GameWorld            - Entity is already attached to world
01:56:42.256 [FXGL Background Thread 4 ] DEBUG Input                - Registered new binding: Mover Arriba - W
01:56:42.256 [FXGL Background Thread 4 ] DEBUG Input                - Registered new binding: Mover Abajo - S
01:56:42.257 [FXGL Background Thread 4 ] DEBUG Input                - Registered new binding: Mover Izquierda - A
01:56:42.257 [FXGL Background Thread 4 ] DEBUG Input                - Registered new binding: Mover Derecha - D
01:56:42.258 [FXGL Background Thread 4 ] DEBUG FXGLAssetLoaderServi - Loading from file system: file:/home/avrann/Escritorio/Repo%20Proyecto%20DPOO/jorge.carrillo-Proyecto-POO-2025/target/classes/assets/textures/statBar.png
01:56:42.259 [FXGL Background Thread 4 ] DEBUG FXGLAssetLoaderServi - Loading from file system: file:/home/avrann/Escritorio/Repo%20Proyecto%20DPOO/jorge.carrillo-Proyecto-POO-2025/target/classes/assets/textures/statAtackBar.png
01:56:42.260 [FXGL Background Thread 4 ] DEBUG FXGLAssetLoaderServi - Loading from file system: file:/home/avrann/Escritorio/Repo%20Proyecto%20DPOO/jorge.carrillo-Proyecto-POO-2025/target/classes/assets/textures/barra_enemigo.png
01:56:42.262 [FXGL Background Thread 4 ] DEBUG FXGLAssetLoaderServi - Loading from file system: file:/home/avrann/Escritorio/Repo%20Proyecto%20DPOO/jorge.carrillo-Proyecto-POO-2025/target/classes/assets/textures/life_point_enemi.png
01:56:42.262 [FXGL Background Thread 4 ] DEBUG FXGLAssetLoaderServi - Loading from file system: file:/home/avrann/Escritorio/Repo%20Proyecto%20DPOO/jorge.carrillo-Proyecto-POO-2025/target/classes/assets/textures/life_bar.png
01:56:42.264 [FXGL Background Thread 4 ] DEBUG FXGLAssetLoaderServi - Loading from file system: file:/home/avrann/Escritorio/Repo%20Proyecto%20DPOO/jorge.carrillo-Proyecto-POO-2025/target/classes/assets/textures/life_point.png
01:56:42.264 [FXGL Background Thread 4 ] DEBUG FXGLAssetLoaderServi - Loading from file system: file:/home/avrann/Escritorio/Repo%20Proyecto%20DPOO/jorge.carrillo-Proyecto-POO-2025/target/classes/assets/textures/button_atacck.png
01:56:42.265 [FXGL Background Thread 4 ] DEBUG FXGLAssetLoaderServi - Loading from file system: file:/home/avrann/Escritorio/Repo%20Proyecto%20DPOO/jorge.carrillo-Proyecto-POO-2025/target/classes/assets/textures/combat_panel.png
01:56:42.284 [FXGL Background Thread 4 ] INFO  FXGLApplication      - Game initialization took: 0.819 sec
01:56:42.289 [JavaFX Application Thread] DEBUG Input                - Clearing active input actions
01:56:42.306 [JavaFX Application Thread] DEBUG GameApplicationServi - Removing overlay from FXGLLoadingScene and adding to GameScene
01:56:42.311 [JavaFX Application Thread] DEBUG PrimaryStageWindow   - FXGLLoadingScene -> GameScene
01:56:42.806 [FXGL Background Thread 2 ] INFO  UpdaterService       - Your current version:  17.3
01:56:42.807 [FXGL Background Thread 2 ] INFO  UpdaterService       - Latest stable version: 21.1
01:56:44.382 [FXGL Background Thread 3 ] DEBUG Engine               - Logging environment variables
01:56:44.383 [FXGL Background Thread 3 ] DEBUG Engine               - achievements: []
01:56:44.383 [FXGL Background Thread 3 ] DEBUG Engine               - actualHeight: 921.5453491210938
01:56:44.383 [FXGL Background Thread 3 ] DEBUG Engine               - actualHeightProperty: ReadOnlyDoubleProperty [value: 949.7272338867188]
01:56:44.383 [FXGL Background Thread 3 ] DEBUG Engine               - actualWidth: 1489.1817626953125
01:56:44.383 [FXGL Background Thread 3 ] DEBUG Engine               - actualWidthProperty: ReadOnlyDoubleProperty [value: 1489.1817626953125]
01:56:44.384 [FXGL Background Thread 3 ] DEBUG Engine               - appIcon: fxgl_icon.png
01:56:44.384 [FXGL Background Thread 3 ] DEBUG Engine               - applicationMode: DEVELOPER
01:56:44.384 [FXGL Background Thread 3 ] DEBUG Engine               - cSSList: [fxgl_dark.css]
01:56:44.384 [FXGL Background Thread 3 ] DEBUG Engine               - collisionDetectionStrategy: BRUTE_FORCE
01:56:44.384 [FXGL Background Thread 3 ] DEBUG Engine               - configClass: Optional.empty
01:56:44.384 [FXGL Background Thread 3 ] DEBUG Engine               - credits: []
01:56:44.384 [FXGL Background Thread 3 ] DEBUG Engine               - defaultCursor: CursorInfo(imageName=fxgl_default_cursor.png, hotspotX=7.0, hotspotY=6.0)
01:56:44.385 [FXGL Background Thread 3 ] DEBUG Engine               - devBBoxColorProperty: ObjectProperty [value: 0xff0000ff]
01:56:44.385 [FXGL Background Thread 3 ] DEBUG Engine               - devEnableDebugCameraProperty: BooleanProperty [value: false]
01:56:44.385 [FXGL Background Thread 3 ] DEBUG Engine               - devSensorColorProperty: ObjectProperty [value: 0xffff00ff]
01:56:44.385 [FXGL Background Thread 3 ] DEBUG Engine               - devShowBBoxProperty: BooleanProperty [value: false]
01:56:44.385 [FXGL Background Thread 3 ] DEBUG Engine               - devShowPositionProperty: BooleanProperty [value: false]
01:56:44.385 [FXGL Background Thread 3 ] DEBUG Engine               - enabledMenuItems: []
01:56:44.385 [FXGL Background Thread 3 ] DEBUG Engine               - engineServices: [class com.almasb.fxgl.app.services.FXGLAssetLoaderService, class com.almasb.fxgl.app.FXGLApplication$GameApplicationService, class com.almasb.fxgl.app.services.FXGLDialogService, class com.almasb.fxgl.app.services.IOTaskExecutorService, class com.almasb.fxgl.io.FileSystemService, class com.almasb.fxgl.localization.LocalizationService, class com.almasb.fxgl.app.services.SystemBundleService, class com.almasb.fxgl.profile.SaveLoadService, class com.almasb.fxgl.ui.FXGLUIFactoryServiceProvider, class com.almasb.fxgl.ui.FXGLDialogFactoryServiceProvider, class com.almasb.fxgl.audio.AudioPlayer, class com.almasb.fxgl.notification.impl.NotificationServiceProvider, class com.almasb.fxgl.achievement.AchievementService, class com.almasb.fxgl.cutscene.CutsceneService, class com.almasb.fxgl.minigames.MiniGameService, class com.almasb.fxgl.net.NetService, class com.almasb.fxgl.app.services.UpdaterService, class com.almasb.fxgl.dev.DevService]
01:56:44.385 [FXGL Background Thread 3 ] DEBUG Engine               - fontGame: Abel-Regular.ttf
01:56:44.385 [FXGL Background Thread 3 ] DEBUG Engine               - fontMono: TerminalLandMono-Regular.otf
01:56:44.385 [FXGL Background Thread 3 ] DEBUG Engine               - fontSizeScaleUI: 1.0
01:56:44.385 [FXGL Background Thread 3 ] DEBUG Engine               - fontText: Courier-Prime.ttf
01:56:44.385 [FXGL Background Thread 3 ] DEBUG Engine               - fontUI: VarelaRound-Regular.ttf
01:56:44.386 [FXGL Background Thread 3 ] DEBUG Engine               - fullScreen: BooleanProperty [value: false]
01:56:44.386 [FXGL Background Thread 3 ] DEBUG Engine               - gameDifficulty: MEDIUM
01:56:44.386 [FXGL Background Thread 3 ] DEBUG Engine               - gameDifficultyProperty: ObjectProperty [value: MEDIUM]
01:56:44.386 [FXGL Background Thread 3 ] DEBUG Engine               - globalMusicVolume: 0.5
01:56:44.386 [FXGL Background Thread 3 ] DEBUG Engine               - globalMusicVolumeProperty: DoubleProperty [value: 0.5]
01:56:44.386 [FXGL Background Thread 3 ] DEBUG Engine               - globalSoundVolume: 0.5
01:56:44.386 [FXGL Background Thread 3 ] DEBUG Engine               - globalSoundVolumeProperty: DoubleProperty [value: 0.5]
01:56:44.386 [FXGL Background Thread 3 ] DEBUG Engine               - height: 1000
01:56:44.386 [FXGL Background Thread 3 ] DEBUG Engine               - is3D: false
01:56:44.386 [FXGL Background Thread 3 ] DEBUG Engine               - isAndroid: false
01:56:44.386 [FXGL Background Thread 3 ] DEBUG Engine               - isBrowser: false
01:56:44.386 [FXGL Background Thread 3 ] DEBUG Engine               - isClickFeedbackEnabled: false
01:56:44.386 [FXGL Background Thread 3 ] DEBUG Engine               - isCloseConfirmation: false
01:56:44.386 [FXGL Background Thread 3 ] DEBUG Engine               - isDesktop: true
01:56:44.386 [FXGL Background Thread 3 ] DEBUG Engine               - isDeveloperMenuEnabled: true
01:56:44.386 [FXGL Background Thread 3 ] DEBUG Engine               - isEmbedded: false
01:56:44.386 [FXGL Background Thread 3 ] DEBUG Engine               - isEntityPreloadEnabled: true
01:56:44.386 [FXGL Background Thread 3 ] DEBUG Engine               - isExperimentalTiledLargeMap: false
01:56:44.387 [FXGL Background Thread 3 ] DEBUG Engine               - isFileSystemWriteAllowed: true
01:56:44.387 [FXGL Background Thread 3 ] DEBUG Engine               - isFullScreenAllowed: false
01:56:44.387 [FXGL Background Thread 3 ] DEBUG Engine               - isFullScreenFromStart: false
01:56:44.387 [FXGL Background Thread 3 ] DEBUG Engine               - isGameMenuEnabled: true
01:56:44.387 [FXGL Background Thread 3 ] DEBUG Engine               - isIOS: false
01:56:44.387 [FXGL Background Thread 3 ] DEBUG Engine               - isIntroEnabled: false
01:56:44.387 [FXGL Background Thread 3 ] DEBUG Engine               - isLinux: true
01:56:44.387 [FXGL Background Thread 3 ] DEBUG Engine               - isMac: false
01:56:44.387 [FXGL Background Thread 3 ] DEBUG Engine               - isMainMenuEnabled: false
01:56:44.387 [FXGL Background Thread 3 ] DEBUG Engine               - isManualResizeEnabled: false
01:56:44.387 [FXGL Background Thread 3 ] DEBUG Engine               - isMobile: false
01:56:44.387 [FXGL Background Thread 3 ] DEBUG Engine               - isNative: false
01:56:44.387 [FXGL Background Thread 3 ] DEBUG Engine               - isPauseMusicWhenMinimized: true
01:56:44.387 [FXGL Background Thread 3 ] DEBUG Engine               - isPreserveResizeRatio: false
01:56:44.387 [FXGL Background Thread 3 ] DEBUG Engine               - isProfilingEnabled: false
01:56:44.387 [FXGL Background Thread 3 ] DEBUG Engine               - isScaleAffectedOnResize: true
01:56:44.387 [FXGL Background Thread 3 ] DEBUG Engine               - isSingleStep: false
01:56:44.387 [FXGL Background Thread 3 ] DEBUG Engine               - isUserProfileEnabled: false
01:56:44.387 [FXGL Background Thread 3 ] DEBUG Engine               - isWindows: false
01:56:44.387 [FXGL Background Thread 3 ] DEBUG Engine               - language: ObjectProperty [value: ENGLISH]
01:56:44.387 [FXGL Background Thread 3 ] DEBUG Engine               - menuKey: ESCAPE
01:56:44.388 [FXGL Background Thread 3 ] DEBUG Engine               - mouseSensitivity: 0.2
01:56:44.388 [FXGL Background Thread 3 ] DEBUG Engine               - notificationViewClass: class com.almasb.fxgl.notification.view.XboxNotificationView
01:56:44.388 [FXGL Background Thread 3 ] DEBUG Engine               - pixelsPerMeter: 50.0
01:56:44.388 [FXGL Background Thread 3 ] DEBUG Engine               - platform: LINUX
01:56:44.388 [FXGL Background Thread 3 ] DEBUG Engine               - prefHeightProperty: ReadOnlyDoubleProperty [value: 1000.0]
01:56:44.388 [FXGL Background Thread 3 ] DEBUG Engine               - prefWidthProperty: ReadOnlyDoubleProperty [value: 1600.0]
01:56:44.388 [FXGL Background Thread 3 ] DEBUG Engine               - profileDir: profiles/
01:56:44.388 [FXGL Background Thread 3 ] DEBUG Engine               - profileName: StringProperty [value: DEFAULT]
01:56:44.388 [FXGL Background Thread 3 ] DEBUG Engine               - randomSeed: -1
01:56:44.388 [FXGL Background Thread 3 ] DEBUG Engine               - runtimeInfo: RuntimeInfo(platform=LINUX, version=17.3, build=30.03.2023 11.49)
01:56:44.388 [FXGL Background Thread 3 ] DEBUG Engine               - saveFileExt: sav
01:56:44.388 [FXGL Background Thread 3 ] DEBUG Engine               - scaledHeightProp$fxgl: DoubleProperty [bound, value: 949.7272338867188]
01:56:44.388 [FXGL Background Thread 3 ] DEBUG Engine               - scaledWidthProp$fxgl: DoubleProperty [bound, value: 1489.1817626953125]
01:56:44.388 [FXGL Background Thread 3 ] DEBUG Engine               - sceneFactory: com.almasb.fxgl.app.scene.SceneFactory@455f307c
01:56:44.389 [FXGL Background Thread 3 ] DEBUG Engine               - secondsIn24h: 60
01:56:44.389 [FXGL Background Thread 3 ] DEBUG Engine               - soundMenuBack: menu/back.wav
01:56:44.389 [FXGL Background Thread 3 ] DEBUG Engine               - soundMenuPress: menu/press.wav
01:56:44.389 [FXGL Background Thread 3 ] DEBUG Engine               - soundMenuSelect: menu/select.wav
01:56:44.389 [FXGL Background Thread 3 ] DEBUG Engine               - soundNotification: core/notification.wav
01:56:44.389 [FXGL Background Thread 3 ] DEBUG Engine               - stageStyle: DECORATED
01:56:44.389 [FXGL Background Thread 3 ] DEBUG Engine               - supportedLanguages: [ENGLISH, FRENCH, GERMAN, HUNGARIAN, RUSSIAN]
01:56:44.389 [FXGL Background Thread 3 ] DEBUG Engine               - ticksPerSecond: -1
01:56:44.389 [FXGL Background Thread 3 ] DEBUG Engine               - title: Pruebas en FXGL
01:56:44.389 [FXGL Background Thread 3 ] DEBUG Engine               - urlGithub: https://github.com/AlmasB/FXGL
01:56:44.389 [FXGL Background Thread 3 ] DEBUG Engine               - urlLeaderboard: http://fxgl-top.herokuapp.com/
01:56:44.389 [FXGL Background Thread 3 ] DEBUG Engine               - urlPOM: https://raw.githubusercontent.com/AlmasB/FXGL/release/README.md
01:56:44.389 [FXGL Background Thread 3 ] DEBUG Engine               - userAppClass: class App.Game.GameApp
01:56:44.389 [FXGL Background Thread 3 ] DEBUG Engine               - version: 0.0
01:56:44.389 [FXGL Background Thread 3 ] DEBUG Engine               - versionCheckDays: 7
01:56:44.389 [FXGL Background Thread 3 ] DEBUG Engine               - width: 1600
01:56:44.389 [FXGL Background Thread 3 ] DEBUG Engine               - Logging services
01:56:44.389 [FXGL Background Thread 3 ] DEBUG Engine               - class com.almasb.fxgl.app.services.FXGLAssetLoaderService
01:56:44.389 [FXGL Background Thread 3 ] DEBUG Engine               - class com.almasb.fxgl.app.FXGLApplication$GameApplicationService
01:56:44.389 [FXGL Background Thread 3 ] DEBUG Engine               - class com.almasb.fxgl.app.services.FXGLDialogService
01:56:44.389 [FXGL Background Thread 3 ] DEBUG Engine               - class com.almasb.fxgl.app.services.IOTaskExecutorService
01:56:44.389 [FXGL Background Thread 3 ] DEBUG Engine               - class com.almasb.fxgl.io.FileSystemService
01:56:44.390 [FXGL Background Thread 3 ] DEBUG Engine               - class com.almasb.fxgl.localization.LocalizationService
01:56:44.390 [FXGL Background Thread 3 ] DEBUG Engine               - class com.almasb.fxgl.app.services.SystemBundleService
01:56:44.390 [FXGL Background Thread 3 ] DEBUG Engine               - class com.almasb.fxgl.profile.SaveLoadService
01:56:44.390 [FXGL Background Thread 3 ] DEBUG Engine               - class com.almasb.fxgl.ui.FXGLUIFactoryServiceProvider
01:56:44.390 [FXGL Background Thread 3 ] DEBUG Engine               - class com.almasb.fxgl.ui.FXGLDialogFactoryServiceProvider
01:56:44.390 [FXGL Background Thread 3 ] DEBUG Engine               - class com.almasb.fxgl.audio.AudioPlayer
01:56:44.390 [FXGL Background Thread 3 ] DEBUG Engine               - class com.almasb.fxgl.notification.impl.NotificationServiceProvider
01:56:44.390 [FXGL Background Thread 3 ] DEBUG Engine               - class com.almasb.fxgl.achievement.AchievementService
01:56:44.390 [FXGL Background Thread 3 ] DEBUG Engine               - class com.almasb.fxgl.cutscene.CutsceneService
01:56:44.390 [FXGL Background Thread 3 ] DEBUG Engine               - class com.almasb.fxgl.minigames.MiniGameService
01:56:44.390 [FXGL Background Thread 3 ] DEBUG Engine               - class com.almasb.fxgl.net.NetService
01:56:44.390 [FXGL Background Thread 3 ] DEBUG Engine               - class com.almasb.fxgl.app.services.UpdaterService
01:56:44.390 [FXGL Background Thread 3 ] DEBUG Engine               - class com.almasb.fxgl.dev.DevService
01:56:51.765 [JavaFX Application Thread] DEBUG AudioPlayer          - Stopping music com.almasb.fxgl.audio.Music@1474bb8b
01:56:51.796 [JavaFX Application Thread] DEBUG FXGLAssetLoaderServi - Loading from file system: file:/home/avrann/Escritorio/Repo%20Proyecto%20DPOO/jorge.carrillo-Proyecto-POO-2025/target/classes/assets/music/battle.wav
01:56:51.802 [JavaFX Application Thread] DEBUG AudioPlayer          - Playing music com.almasb.fxgl.audio.Music@a2ccd54
01:56:54.055 [JavaFX Application Thread] DEBUG FXGLAssetLoaderServi - Loading from file system: file:/home/avrann/Escritorio/Repo%20Proyecto%20DPOO/jorge.carrillo-Proyecto-POO-2025/target/classes/assets/sounds/arma.wav
01:56:54.604 [JavaFX Application Thread] DEBUG AudioPlayer          - Playing music com.almasb.fxgl.audio.Music@a2ccd54
01:56:55.067 [JavaFX Application Thread] DEBUG FXGLAssetLoaderServi - Loading from file system: file:/home/avrann/Escritorio/Repo%20Proyecto%20DPOO/jorge.carrillo-Proyecto-POO-2025/target/classes/assets/sounds/armaEnemigos.wav
01:56:55.598 [JavaFX Application Thread] DEBUG AudioPlayer          - Playing music com.almasb.fxgl.audio.Music@a2ccd54
01:56:58.505 [JavaFX Application Thread] DEBUG AudioPlayer          - Playing music com.almasb.fxgl.audio.Music@a2ccd54
01:56:59.549 [JavaFX Application Thread] DEBUG AudioPlayer          - Playing music com.almasb.fxgl.audio.Music@a2ccd54
01:57:12.188 [JavaFX Application Thread] DEBUG FXGLAssetLoaderServi - Loading from file system: file:/home/avrann/Escritorio/Repo%20Proyecto%20DPOO/jorge.carrillo-Proyecto-POO-2025/target/classes/assets/sounds/muerte.wav
01:57:12.798 [JavaFX Application Thread] DEBUG AudioPlayer          - Playing music com.almasb.fxgl.audio.Music@a2ccd54
01:57:14.146 [JavaFX Application Thread] DEBUG AudioPlayer          - Stopping music com.almasb.fxgl.audio.Music@a2ccd54
01:57:14.154 [JavaFX Application Thread] DEBUG AudioPlayer          - Playing music com.almasb.fxgl.audio.Music@1474bb8b
01:57:14.157 [JavaFX Application Thread] DEBUG AudioPlayer          - Playing music com.almasb.fxgl.audio.Music@1474bb8b
01:57:26.470 [JavaFX Application Thread] DEBUG FXGLAssetLoaderServi - Loading from file system: file:/home/avrann/Escritorio/Repo%20Proyecto%20DPOO/jorge.carrillo-Proyecto-POO-2025/target/classes/assets/sounds/item.wav
01:57:32.624 [JavaFX Application Thread] DEBUG FXGLApplication      - Exiting FXGL
01:57:32.624 [JavaFX Application Thread] DEBUG LoopRunner           - Stopping loop
01:57:32.624 [JavaFX Application Thread] DEBUG SystemBundleService  - Saving FXGL system data
01:57:32.625 [JavaFX Application Thread] DEBUG FileSystemAccess     - Writing to: /home/avrann/Escritorio/Repo Proyecto DPOO/jorge.carrillo-Proyecto-POO-2025/system/fxgl.bundle
01:57:32.627 [JavaFX Application Thread] DEBUG Async                - Shutting down background threads
01:57:32.627 [JavaFX Application Thread] DEBUG PrimaryStageWindow   - Closing main window
01:57:32.630 [JavaFX Application Thread] DEBUG Logger               - Closing Logger
