00:02:45.563 [main                     ] DEBUG Logger               - Configured Logger
00:02:45.595 [main                     ] DEBUG GameApplication      - Logging settings
Title: Pruebas en FXGL
Version: 0.0
Width: 1600
Height: 1000
Fullscreen: false
Intro: false
Profiling: false
Single step:false
App Mode: DEVELOPER
Menu Key: ESCAPE
Stage Style: DECORATED
Scene Factory: class com.almasb.fxgl.app.scene.SceneFactory

00:02:45.995 [JavaFX Application Thread] DEBUG FXGLApplication      - Initializing FXGL
00:02:46.006 [JavaFX Application Thread] INFO  Engine               - FXGL-17.3 (30.03.2023 11.49) on LINUX (J:21.0.6 FX:20)
00:02:46.007 [JavaFX Application Thread] DEBUG Engine               - JRE Vendor Name: Oracle Corporation
00:02:46.007 [JavaFX Application Thread] DEBUG Engine               - Running on OS: Linux version 6.8.0-55-generic
00:02:46.007 [JavaFX Application Thread] DEBUG Engine               - Architecture: amd64
00:02:46.007 [JavaFX Application Thread] INFO  Engine               - Source code and latest versions at: https://github.com/AlmasB/FXGL
00:02:46.007 [JavaFX Application Thread] INFO  Engine               -       Ask questions and discuss at: https://github.com/AlmasB/FXGL/discussions
00:02:46.007 [JavaFX Application Thread] INFO  Engine               -              Join the FXGL chat at: https://gitter.im/AlmasB/FXGL
00:02:46.111 [JavaFX Application Thread] DEBUG PrimaryStageWindow   - Creating a JavaFX scene
00:02:46.112 [JavaFX Application Thread] DEBUG PrimaryStageWindow   - Target size > screen size
00:02:46.213 [JavaFX Application Thread] DEBUG PrimaryStageWindow   - Target settings size: 1600.0 x 1000.0
00:02:46.213 [JavaFX Application Thread] DEBUG PrimaryStageWindow   - Scaled scene size:    1491.0 x 947.0
00:02:46.214 [JavaFX Application Thread] DEBUG PrimaryStageWindow   - Scaled ratio: (0.931875, 0.947)
00:02:46.215 [JavaFX Application Thread] DEBUG PrimaryStageWindow   - Set initial scene to FXGLStartupScene
00:02:46.219 [JavaFX Application Thread] DEBUG PrimaryStageWindow   - Opening main window
00:02:46.265 [JavaFX Application Thread] DEBUG PrimaryStageWindow   - Window border size: (2.641845703125, 26.63995361328125)
00:02:46.266 [JavaFX Application Thread] DEBUG PrimaryStageWindow   - Scaled size: 1491.0 x 947.0
00:02:46.266 [JavaFX Application Thread] DEBUG PrimaryStageWindow   - Scaled ratio: (0.931875, 0.947)
00:02:46.266 [JavaFX Application Thread] DEBUG PrimaryStageWindow   - Scene size: 1491.0 x 947.0
00:02:46.267 [JavaFX Application Thread] DEBUG PrimaryStageWindow   - Stage size: 1493.641845703125 x 973.6399536132812
00:02:46.275 [FXGL Background Thread 1 ] DEBUG Engine               - Initializing environment variables
00:02:46.364 [FXGL Background Thread 1 ] DEBUG FXGLAssetLoaderServi - User app class for loading assets: class App.Game.GameApp
00:02:46.364 [FXGL Background Thread 1 ] DEBUG GameApplicationServi - Applying CSS: fxgl_dark.css
00:02:46.364 [FXGL Background Thread 1 ] DEBUG FXGLAssetLoaderServi - Loading from file system: jar:file:///home/avrann/.m2/repository/com/github/almasb/fxgl/17.3/fxgl-17.3.jar!/fxglassets/ui/css/fxgl_dark.css
00:02:46.441 [FXGL Background Thread 1 ] DEBUG GameApplicationServi - Initializing application scenes
00:02:46.501 [FXGL Background Thread 1 ] DEBUG GameWorld            - Game world initialized
00:02:46.562 [FXGL Background Thread 1 ] DEBUG PhysicsWorld         - Physics world initialized: appHeight=1000, physics.ppm=50.0
00:02:46.562 [FXGL Background Thread 1 ] DEBUG PhysicsWorld         - Using strategy: BRUTE_FORCE
00:02:46.566 [FXGL Background Thread 1 ] DEBUG GameScene            - Game scene initialized: 1600x1000
00:02:46.578 [FXGL Background Thread 1 ] DEBUG FXGL.DefaultMenu     - createMenuBodyGameMenu()
00:02:46.588 [FXGL Background Thread 1 ] DEBUG FXGL.DefaultMenu     - createOptionsMenu()
00:02:46.598 [FXGL Background Thread 1 ] DEBUG FXGLAssetLoaderServi - Loading from file system: jar:file:///home/avrann/.m2/repository/com/github/almasb/fxgl/17.3/fxgl-17.3.jar!/fxglassets/textures/particles/smoke.png
00:02:46.696 [FXGL Background Thread 1 ] DEBUG FXGLAssetLoaderServi - Loading from file system: jar:file:///home/avrann/.m2/repository/com/github/almasb/fxgl/17.3/fxgl-17.3.jar!/fxglassets/textures/particles/trace_horizontal.png
00:02:46.737 [FXGL Background Thread 1 ] DEBUG GameApplicationServi - Application scenes initialized
00:02:46.748 [FXGL Background Thread 1 ] DEBUG SystemBundleService  - Loading FXGL system data
00:02:46.752 [FXGL Background Thread 1 ] DEBUG FileSystemAccess     - Reading from: /home/avrann/Escritorio/Repo Proyecto DPOO/jorge.carrillo-Proyecto-POO-2025/system/fxgl.bundle
00:02:46.761 [FXGL Background Thread 1 ] DEBUG SystemBundleService  - Bundle FXGL: {}
00:02:46.761 [FXGL Background Thread 1 ] DEBUG UpdaterService       - Checking for updates
00:02:46.794 [FXGL Background Thread 4 ] DEBUG FXGLApplication      - Loading fonts
00:02:46.794 [FXGL Background Thread 4 ] DEBUG FXGLAssetLoaderServi - Loading from file system: jar:file:///home/avrann/.m2/repository/com/github/almasb/fxgl/17.3/fxgl-17.3.jar!/fxglassets/ui/fonts/VarelaRound-Regular.ttf
00:02:46.794 [FXGL Background Thread 1 ] DEBUG FXGLApplication      - Loading default localization
00:02:46.795 [FXGL Background Thread 1 ] DEBUG FXGLAssetLoaderServi - Loading from file system: jar:file:///home/avrann/.m2/repository/com/github/almasb/fxgl/17.3/fxgl-17.3.jar!/fxglassets/languages/english.lang
00:02:46.804 [FXGL Background Thread 4 ] DEBUG FXGLAssetLoaderServi - Loading from file system: jar:file:///home/avrann/.m2/repository/com/github/almasb/fxgl/17.3/fxgl-17.3.jar!/fxglassets/ui/fonts/Abel-Regular.ttf
00:02:46.809 [FXGL Background Thread 4 ] DEBUG FXGLAssetLoaderServi - Loading from file system: jar:file:///home/avrann/.m2/repository/com/github/almasb/fxgl/17.3/fxgl-17.3.jar!/fxglassets/ui/fonts/TerminalLandMono-Regular.otf
00:02:46.811 [FXGL Background Thread 4 ] DEBUG FXGLAssetLoaderServi - Loading from file system: jar:file:///home/avrann/.m2/repository/com/github/almasb/fxgl/17.3/fxgl-17.3.jar!/fxglassets/ui/fonts/Courier-Prime.ttf
00:02:46.813 [FXGL Background Thread 1 ] INFO  FXGLApplication      - FXGL initialization took: 0.538 sec
00:02:46.819 [JavaFX Application Thread] DEBUG FXGLAssetLoaderServi - Loading from file system: jar:file:///home/avrann/.m2/repository/com/github/almasb/fxgl/17.3/fxgl-17.3.jar!/fxglassets/textures/fxgl_icon.png
00:02:46.850 [JavaFX Application Thread] DEBUG FXGLAssetLoaderServi - Loading from file system: jar:file:///home/avrann/.m2/repository/com/github/almasb/fxgl/17.3/fxgl-17.3.jar!/fxglassets/textures/fxgl_default_cursor.png
00:02:46.864 [JavaFX Application Thread] DEBUG Input                - Registered new binding: Screenshot - CTRL+8
00:02:46.865 [JavaFX Application Thread] DEBUG Input                - Registered new binding: Dev Options - 1
00:02:46.866 [JavaFX Application Thread] DEBUG Input                - Registered new binding: Dev Console - 2
00:02:46.866 [JavaFX Application Thread] DEBUG Input                - Registered new binding: System info dump - CTRL+9
00:02:46.867 [JavaFX Application Thread] DEBUG Input                - Registered new binding: Restart - CTRL+R
00:02:46.868 [JavaFX Application Thread] DEBUG Input                - Registered new binding: Toggle Debug Camera - CTRL+7
00:02:46.872 [JavaFX Application Thread] DEBUG LoopRunner           - Starting loop
00:02:46.889 [JavaFX Application Thread] DEBUG LoopRunner           - Initializing JavaFX AnimationTimerLoop
00:02:46.890 [JavaFX Application Thread] DEBUG GameApplicationServi - Starting new game
00:02:46.891 [JavaFX Application Thread] DEBUG Input                - Clearing active input actions
00:02:46.910 [JavaFX Application Thread] DEBUG GameApplicationServi - Removing overlay from FXGLStartupScene and adding to FXGLLoadingScene
00:02:46.913 [JavaFX Application Thread] DEBUG PrimaryStageWindow   - FXGLStartupScene -> FXGLLoadingScene
00:02:46.913 [JavaFX Application Thread] DEBUG GameApplicationServi - Clearing previous game
00:02:46.913 [JavaFX Application Thread] DEBUG GameScene            - Clearing game scene
00:02:46.913 [JavaFX Application Thread] DEBUG GameWorld            - Clearing game world
00:02:46.913 [JavaFX Application Thread] DEBUG PhysicsWorld         - Clearing physics world
00:02:46.914 [FXGL Background Thread 4 ] DEBUG FXGLApplication      - Initializing game
00:02:46.917 [JavaFX Application Thread] DEBUG FXGLApplication      - Registering font factories with UI factory
00:02:47.226 [FXGL Background Thread 4 ] DEBUG FXGLAssetLoaderServi - Loading from file system: file:/home/avrann/Escritorio/Repo%20Proyecto%20DPOO/jorge.carrillo-Proyecto-POO-2025/target/classes/assets/music/loading.wav
00:02:47.456 [FXGL Background Thread 4 ] DEBUG AudioPlayer          - Playing music com.almasb.fxgl.audio.Music@23924d76
00:02:47.512 [FXGL Background Thread 4 ] DEBUG TMXLevelLoader       - Parsed TiledMap: file:/home/avrann/Escritorio/Repo%20Proyecto%20DPOO/jorge.carrillo-Proyecto-POO-2025/target/classes/assets/levels/level_01.tmx
00:02:47.513 [FXGL Background Thread 4 ] DEBUG TMXLevelLoader       - Creating tile layer entities
00:02:47.515 [FXGL Background Thread 4 ] DEBUG TilesetLoader        - Loading view for layer Capa de patrones 1
00:02:47.517 [FXGL Background Thread 4 ] DEBUG TilesetLoader        - Created buffer with size 2000.0x1500.0
00:02:47.539 [FXGL Background Thread 4 ] WARN  TilesetLoader        - Diagonally flipped tiles are not currently supported
00:02:47.541 [FXGL Background Thread 4 ] WARN  TilesetLoader        - Diagonally flipped tiles are not currently supported
00:02:47.547 [FXGL Background Thread 4 ] WARN  TilesetLoader        - Diagonally flipped tiles are not currently supported
00:02:47.552 [FXGL Background Thread 4 ] WARN  TilesetLoader        - Diagonally flipped tiles are not currently supported
00:02:47.553 [FXGL Background Thread 4 ] WARN  TilesetLoader        - Diagonally flipped tiles are not currently supported
00:02:47.560 [FXGL Background Thread 4 ] WARN  TilesetLoader        - Diagonally flipped tiles are not currently supported
00:02:47.566 [FXGL Background Thread 4 ] WARN  TilesetLoader        - Diagonally flipped tiles are not currently supported
00:02:47.568 [FXGL Background Thread 4 ] WARN  TilesetLoader        - Diagonally flipped tiles are not currently supported
00:02:47.569 [FXGL Background Thread 4 ] WARN  TilesetLoader        - Diagonally flipped tiles are not currently supported
00:02:47.570 [FXGL Background Thread 4 ] WARN  TilesetLoader        - Diagonally flipped tiles are not currently supported
00:02:47.573 [FXGL Background Thread 4 ] WARN  TilesetLoader        - Diagonally flipped tiles are not currently supported
00:02:47.575 [FXGL Background Thread 4 ] WARN  TilesetLoader        - Diagonally flipped tiles are not currently supported
00:02:47.587 [FXGL Background Thread 4 ] WARN  TilesetLoader        - Diagonally flipped tiles are not currently supported
00:02:47.594 [FXGL Background Thread 4 ] WARN  TilesetLoader        - Diagonally flipped tiles are not currently supported
00:02:47.606 [FXGL Background Thread 4 ] WARN  TilesetLoader        - Diagonally flipped tiles are not currently supported
00:02:47.610 [FXGL Background Thread 4 ] DEBUG TilesetLoader        - Loading view for layer Copiar desde Capa de patrones 1
00:02:47.612 [FXGL Background Thread 4 ] DEBUG TilesetLoader        - Created buffer with size 2000.0x1500.0
00:02:47.617 [FXGL Background Thread 4 ] WARN  TilesetLoader        - Diagonally flipped tiles are not currently supported
00:02:47.621 [FXGL Background Thread 4 ] WARN  TilesetLoader        - Diagonally flipped tiles are not currently supported
00:02:47.640 [FXGL Background Thread 4 ] WARN  TilesetLoader        - Diagonally flipped tiles are not currently supported
00:02:47.642 [FXGL Background Thread 4 ] WARN  TilesetLoader        - Diagonally flipped tiles are not currently supported
00:02:47.643 [FXGL Background Thread 4 ] WARN  TilesetLoader        - Diagonally flipped tiles are not currently supported
00:02:47.652 [FXGL Background Thread 4 ] WARN  TilesetLoader        - Diagonally flipped tiles are not currently supported
00:02:47.657 [FXGL Background Thread 4 ] WARN  TilesetLoader        - Diagonally flipped tiles are not currently supported
00:02:47.658 [FXGL Background Thread 4 ] WARN  TilesetLoader        - Diagonally flipped tiles are not currently supported
00:02:47.659 [FXGL Background Thread 4 ] WARN  TilesetLoader        - Diagonally flipped tiles are not currently supported
00:02:47.660 [FXGL Background Thread 4 ] WARN  TilesetLoader        - Diagonally flipped tiles are not currently supported
00:02:47.661 [FXGL Background Thread 4 ] WARN  TilesetLoader        - Diagonally flipped tiles are not currently supported
00:02:47.662 [FXGL Background Thread 4 ] WARN  TilesetLoader        - Diagonally flipped tiles are not currently supported
00:02:47.696 [FXGL Background Thread 4 ] WARN  TilesetLoader        - Diagonally flipped tiles are not currently supported
00:02:47.700 [FXGL Background Thread 4 ] WARN  TilesetLoader        - Diagonally flipped tiles are not currently supported
00:02:47.703 [FXGL Background Thread 4 ] WARN  TilesetLoader        - Diagonally flipped tiles are not currently supported
00:02:47.704 [FXGL Background Thread 4 ] DEBUG TMXLevelLoader       - Creating object layer entities
00:02:47.718 [FXGL Background Thread 4 ] DEBUG GameWorld            - Clearing removable entities
00:02:47.864 [FXGL Background Thread 4 ] DEBUG GameWorld            - Setting level: com.almasb.fxgl.entity.level.Level@414c645
00:02:47.876 [FXGL Background Thread 4 ] DEBUG FXGLAssetLoaderServi - Loading from file system: file:/home/avrann/Escritorio/Repo%20Proyecto%20DPOO/jorge.carrillo-Proyecto-POO-2025/target/classes/assets/textures/cyborgidle.png
00:02:47.882 [FXGL Background Thread 4 ] DEBUG FXGLAssetLoaderServi - Loading from file system: file:/home/avrann/Escritorio/Repo%20Proyecto%20DPOO/jorge.carrillo-Proyecto-POO-2025/target/classes/assets/textures/cyborgcaminando.png
00:02:47.884 [FXGL Background Thread 4 ] DEBUG FXGLAssetLoaderServi - Loading from file system: file:/home/avrann/Escritorio/Repo%20Proyecto%20DPOO/jorge.carrillo-Proyecto-POO-2025/target/classes/assets/textures/cyborgadelante.png
00:02:47.886 [FXGL Background Thread 4 ] DEBUG FXGLAssetLoaderServi - Loading from file system: file:/home/avrann/Escritorio/Repo%20Proyecto%20DPOO/jorge.carrillo-Proyecto-POO-2025/target/classes/assets/textures/cyborgatras.png
00:02:47.892 [FXGL Background Thread 4 ] WARN  GameWorld            - Entity is already attached to world
00:02:47.894 [FXGL Background Thread 4 ] DEBUG FXGLAssetLoaderServi - Loading from file system: file:/home/avrann/Escritorio/Repo%20Proyecto%20DPOO/jorge.carrillo-Proyecto-POO-2025/target/classes/assets/textures/cyborgatack_basic.png
00:02:47.898 [FXGL Background Thread 4 ] WARN  GameWorld            - Entity is already attached to world
00:02:47.899 [FXGL Background Thread 4 ] DEBUG Input                - Registered new binding: Mover Arriba - Up
00:02:47.900 [FXGL Background Thread 4 ] DEBUG Input                - Registered new binding: Mover Abajo - Down
00:02:47.900 [FXGL Background Thread 4 ] DEBUG Input                - Registered new binding: Mover Izquierda - Left
00:02:47.900 [FXGL Background Thread 4 ] DEBUG Input                - Registered new binding: Mover Derecha - Right
00:02:47.901 [FXGL Background Thread 4 ] DEBUG FXGLAssetLoaderServi - Loading from file system: file:/home/avrann/Escritorio/Repo%20Proyecto%20DPOO/jorge.carrillo-Proyecto-POO-2025/target/classes/assets/textures/life_bar.png
00:02:47.906 [FXGL Background Thread 4 ] DEBUG FXGLAssetLoaderServi - Loading from file system: file:/home/avrann/Escritorio/Repo%20Proyecto%20DPOO/jorge.carrillo-Proyecto-POO-2025/target/classes/assets/textures/barra_enemigo.png
00:02:47.908 [FXGL Background Thread 4 ] DEBUG FXGLAssetLoaderServi - Loading from file system: file:/home/avrann/Escritorio/Repo%20Proyecto%20DPOO/jorge.carrillo-Proyecto-POO-2025/target/classes/assets/textures/life_point.png
00:02:47.909 [FXGL Background Thread 4 ] DEBUG FXGLAssetLoaderServi - Loading from file system: file:/home/avrann/Escritorio/Repo%20Proyecto%20DPOO/jorge.carrillo-Proyecto-POO-2025/target/classes/assets/textures/life_point_enemi.png
00:02:47.910 [FXGL Background Thread 4 ] DEBUG FXGLAssetLoaderServi - Loading from file system: file:/home/avrann/Escritorio/Repo%20Proyecto%20DPOO/jorge.carrillo-Proyecto-POO-2025/target/classes/assets/textures/barra_pasos.png
00:02:47.912 [FXGL Background Thread 4 ] DEBUG FXGLAssetLoaderServi - Loading from file system: file:/home/avrann/Escritorio/Repo%20Proyecto%20DPOO/jorge.carrillo-Proyecto-POO-2025/target/classes/assets/textures/pasos_point.png
00:02:47.912 [FXGL Background Thread 4 ] DEBUG FXGLAssetLoaderServi - Loading from file system: file:/home/avrann/Escritorio/Repo%20Proyecto%20DPOO/jorge.carrillo-Proyecto-POO-2025/target/classes/assets/textures/barra_pasos_ememigo.png
00:02:47.914 [FXGL Background Thread 4 ] DEBUG FXGLAssetLoaderServi - Loading from file system: file:/home/avrann/Escritorio/Repo%20Proyecto%20DPOO/jorge.carrillo-Proyecto-POO-2025/target/classes/assets/textures/pasos_point_enemi.png
00:02:47.915 [FXGL Background Thread 4 ] DEBUG FXGLAssetLoaderServi - Loading from file system: file:/home/avrann/Escritorio/Repo%20Proyecto%20DPOO/jorge.carrillo-Proyecto-POO-2025/target/classes/assets/textures/button_atacck.png
00:02:47.917 [FXGL Background Thread 4 ] DEBUG FXGLAssetLoaderServi - Loading from file system: file:/home/avrann/Escritorio/Repo%20Proyecto%20DPOO/jorge.carrillo-Proyecto-POO-2025/target/classes/assets/textures/combat_panel.png
00:02:47.923 [FXGL Background Thread 4 ] INFO  FXGLApplication      - Game initialization took: 1.009 sec
00:02:47.924 [JavaFX Application Thread] DEBUG Input                - Clearing active input actions
00:02:47.935 [JavaFX Application Thread] DEBUG GameApplicationServi - Removing overlay from FXGLLoadingScene and adding to GameScene
00:02:47.940 [JavaFX Application Thread] DEBUG PrimaryStageWindow   - FXGLLoadingScene -> GameScene
00:02:48.000 [FXGL Background Thread 2 ] INFO  UpdaterService       - Your current version:  17.3
00:02:48.002 [FXGL Background Thread 2 ] INFO  UpdaterService       - Latest stable version: 21.1
00:02:49.790 [FXGL Background Thread 3 ] DEBUG Engine               - Logging environment variables
00:02:49.792 [FXGL Background Thread 3 ] DEBUG Engine               - achievements: []
00:02:49.792 [FXGL Background Thread 3 ] DEBUG Engine               - actualHeight: 949.7272338867188
00:02:49.792 [FXGL Background Thread 3 ] DEBUG Engine               - actualHeightProperty: ReadOnlyDoubleProperty [value: 949.7272338867188]
00:02:49.793 [FXGL Background Thread 3 ] DEBUG Engine               - actualWidth: 1489.1817626953125
00:02:49.793 [FXGL Background Thread 3 ] DEBUG Engine               - actualWidthProperty: ReadOnlyDoubleProperty [value: 1489.1817626953125]
00:02:49.793 [FXGL Background Thread 3 ] DEBUG Engine               - appIcon: fxgl_icon.png
00:02:49.793 [FXGL Background Thread 3 ] DEBUG Engine               - applicationMode: DEVELOPER
00:02:49.793 [FXGL Background Thread 3 ] DEBUG Engine               - cSSList: [fxgl_dark.css]
00:02:49.794 [FXGL Background Thread 3 ] DEBUG Engine               - collisionDetectionStrategy: BRUTE_FORCE
00:02:49.794 [FXGL Background Thread 3 ] DEBUG Engine               - configClass: Optional.empty
00:02:49.794 [FXGL Background Thread 3 ] DEBUG Engine               - credits: []
00:02:49.795 [FXGL Background Thread 3 ] DEBUG Engine               - defaultCursor: CursorInfo(imageName=fxgl_default_cursor.png, hotspotX=7.0, hotspotY=6.0)
00:02:49.795 [FXGL Background Thread 3 ] DEBUG Engine               - devBBoxColorProperty: ObjectProperty [value: 0xff0000ff]
00:02:49.796 [FXGL Background Thread 3 ] DEBUG Engine               - devEnableDebugCameraProperty: BooleanProperty [value: false]
00:02:49.796 [FXGL Background Thread 3 ] DEBUG Engine               - devSensorColorProperty: ObjectProperty [value: 0xffff00ff]
00:02:49.796 [FXGL Background Thread 3 ] DEBUG Engine               - devShowBBoxProperty: BooleanProperty [value: false]
00:02:49.796 [FXGL Background Thread 3 ] DEBUG Engine               - devShowPositionProperty: BooleanProperty [value: false]
00:02:49.797 [FXGL Background Thread 3 ] DEBUG Engine               - enabledMenuItems: []
00:02:49.797 [FXGL Background Thread 3 ] DEBUG Engine               - engineServices: [class com.almasb.fxgl.app.services.FXGLAssetLoaderService, class com.almasb.fxgl.app.FXGLApplication$GameApplicationService, class com.almasb.fxgl.app.services.FXGLDialogService, class com.almasb.fxgl.app.services.IOTaskExecutorService, class com.almasb.fxgl.io.FileSystemService, class com.almasb.fxgl.localization.LocalizationService, class com.almasb.fxgl.app.services.SystemBundleService, class com.almasb.fxgl.profile.SaveLoadService, class com.almasb.fxgl.ui.FXGLUIFactoryServiceProvider, class com.almasb.fxgl.ui.FXGLDialogFactoryServiceProvider, class com.almasb.fxgl.audio.AudioPlayer, class com.almasb.fxgl.notification.impl.NotificationServiceProvider, class com.almasb.fxgl.achievement.AchievementService, class com.almasb.fxgl.cutscene.CutsceneService, class com.almasb.fxgl.minigames.MiniGameService, class com.almasb.fxgl.net.NetService, class com.almasb.fxgl.app.services.UpdaterService, class com.almasb.fxgl.dev.DevService]
00:02:49.797 [FXGL Background Thread 3 ] DEBUG Engine               - fontGame: Abel-Regular.ttf
00:02:49.797 [FXGL Background Thread 3 ] DEBUG Engine               - fontMono: TerminalLandMono-Regular.otf
00:02:49.797 [FXGL Background Thread 3 ] DEBUG Engine               - fontSizeScaleUI: 1.0
00:02:49.798 [FXGL Background Thread 3 ] DEBUG Engine               - fontText: Courier-Prime.ttf
00:02:49.798 [FXGL Background Thread 3 ] DEBUG Engine               - fontUI: VarelaRound-Regular.ttf
00:02:49.798 [FXGL Background Thread 3 ] DEBUG Engine               - fullScreen: BooleanProperty [value: false]
00:02:49.798 [FXGL Background Thread 3 ] DEBUG Engine               - gameDifficulty: MEDIUM
00:02:49.799 [FXGL Background Thread 3 ] DEBUG Engine               - gameDifficultyProperty: ObjectProperty [value: MEDIUM]
00:02:49.799 [FXGL Background Thread 3 ] DEBUG Engine               - globalMusicVolume: 0.5
00:02:49.799 [FXGL Background Thread 3 ] DEBUG Engine               - globalMusicVolumeProperty: DoubleProperty [value: 0.5]
00:02:49.800 [FXGL Background Thread 3 ] DEBUG Engine               - globalSoundVolume: 0.5
00:02:49.800 [FXGL Background Thread 3 ] DEBUG Engine               - globalSoundVolumeProperty: DoubleProperty [value: 0.5]
00:02:49.802 [FXGL Background Thread 3 ] DEBUG Engine               - height: 1000
00:02:49.802 [FXGL Background Thread 3 ] DEBUG Engine               - is3D: false
00:02:49.802 [FXGL Background Thread 3 ] DEBUG Engine               - isAndroid: false
00:02:49.802 [FXGL Background Thread 3 ] DEBUG Engine               - isBrowser: false
00:02:49.803 [FXGL Background Thread 3 ] DEBUG Engine               - isClickFeedbackEnabled: false
00:02:49.803 [FXGL Background Thread 3 ] DEBUG Engine               - isCloseConfirmation: false
00:02:49.804 [FXGL Background Thread 3 ] DEBUG Engine               - isDesktop: true
00:02:49.804 [FXGL Background Thread 3 ] DEBUG Engine               - isDeveloperMenuEnabled: true
00:02:49.804 [FXGL Background Thread 3 ] DEBUG Engine               - isEmbedded: false
00:02:49.804 [FXGL Background Thread 3 ] DEBUG Engine               - isEntityPreloadEnabled: true
00:02:49.804 [FXGL Background Thread 3 ] DEBUG Engine               - isExperimentalTiledLargeMap: false
00:02:49.805 [FXGL Background Thread 3 ] DEBUG Engine               - isFileSystemWriteAllowed: true
00:02:49.805 [FXGL Background Thread 3 ] DEBUG Engine               - isFullScreenAllowed: false
00:02:49.805 [FXGL Background Thread 3 ] DEBUG Engine               - isFullScreenFromStart: false
00:02:49.805 [FXGL Background Thread 3 ] DEBUG Engine               - isGameMenuEnabled: true
00:02:49.805 [FXGL Background Thread 3 ] DEBUG Engine               - isIOS: false
00:02:49.805 [FXGL Background Thread 3 ] DEBUG Engine               - isIntroEnabled: false
00:02:49.806 [FXGL Background Thread 3 ] DEBUG Engine               - isLinux: true
00:02:49.806 [FXGL Background Thread 3 ] DEBUG Engine               - isMac: false
00:02:49.806 [FXGL Background Thread 3 ] DEBUG Engine               - isMainMenuEnabled: false
00:02:49.806 [FXGL Background Thread 3 ] DEBUG Engine               - isManualResizeEnabled: false
00:02:49.806 [FXGL Background Thread 3 ] DEBUG Engine               - isMobile: false
00:02:49.806 [FXGL Background Thread 3 ] DEBUG Engine               - isNative: false
00:02:49.807 [FXGL Background Thread 3 ] DEBUG Engine               - isPauseMusicWhenMinimized: true
00:02:49.807 [FXGL Background Thread 3 ] DEBUG Engine               - isPreserveResizeRatio: false
00:02:49.807 [FXGL Background Thread 3 ] DEBUG Engine               - isProfilingEnabled: false
00:02:49.807 [FXGL Background Thread 3 ] DEBUG Engine               - isScaleAffectedOnResize: true
00:02:49.807 [FXGL Background Thread 3 ] DEBUG Engine               - isSingleStep: false
00:02:49.807 [FXGL Background Thread 3 ] DEBUG Engine               - isUserProfileEnabled: false
00:02:49.808 [FXGL Background Thread 3 ] DEBUG Engine               - isWindows: false
00:02:49.808 [FXGL Background Thread 3 ] DEBUG Engine               - language: ObjectProperty [value: ENGLISH]
00:02:49.808 [FXGL Background Thread 3 ] DEBUG Engine               - menuKey: ESCAPE
00:02:49.808 [FXGL Background Thread 3 ] DEBUG Engine               - mouseSensitivity: 0.2
00:02:49.808 [FXGL Background Thread 3 ] DEBUG Engine               - notificationViewClass: class com.almasb.fxgl.notification.view.XboxNotificationView
00:02:49.808 [FXGL Background Thread 3 ] DEBUG Engine               - pixelsPerMeter: 50.0
00:02:49.809 [FXGL Background Thread 3 ] DEBUG Engine               - platform: LINUX
00:02:49.809 [FXGL Background Thread 3 ] DEBUG Engine               - prefHeightProperty: ReadOnlyDoubleProperty [value: 1000.0]
00:02:49.809 [FXGL Background Thread 3 ] DEBUG Engine               - prefWidthProperty: ReadOnlyDoubleProperty [value: 1600.0]
00:02:49.809 [FXGL Background Thread 3 ] DEBUG Engine               - profileDir: profiles/
00:02:49.809 [FXGL Background Thread 3 ] DEBUG Engine               - profileName: StringProperty [value: DEFAULT]
00:02:49.810 [FXGL Background Thread 3 ] DEBUG Engine               - randomSeed: -1
00:02:49.810 [FXGL Background Thread 3 ] DEBUG Engine               - runtimeInfo: RuntimeInfo(platform=LINUX, version=17.3, build=30.03.2023 11.49)
00:02:49.811 [FXGL Background Thread 3 ] DEBUG Engine               - saveFileExt: sav
00:02:49.811 [FXGL Background Thread 3 ] DEBUG Engine               - scaledHeightProp$fxgl: DoubleProperty [bound, value: 949.7272338867188]
00:02:49.811 [FXGL Background Thread 3 ] DEBUG Engine               - scaledWidthProp$fxgl: DoubleProperty [bound, value: 1489.1817626953125]
00:02:49.811 [FXGL Background Thread 3 ] DEBUG Engine               - sceneFactory: com.almasb.fxgl.app.scene.SceneFactory@4b2fe323
00:02:49.811 [FXGL Background Thread 3 ] DEBUG Engine               - secondsIn24h: 60
00:02:49.812 [FXGL Background Thread 3 ] DEBUG Engine               - soundMenuBack: menu/back.wav
00:02:49.812 [FXGL Background Thread 3 ] DEBUG Engine               - soundMenuPress: menu/press.wav
00:02:49.812 [FXGL Background Thread 3 ] DEBUG Engine               - soundMenuSelect: menu/select.wav
00:02:49.812 [FXGL Background Thread 3 ] DEBUG Engine               - soundNotification: core/notification.wav
00:02:49.812 [FXGL Background Thread 3 ] DEBUG Engine               - stageStyle: DECORATED
00:02:49.812 [FXGL Background Thread 3 ] DEBUG Engine               - supportedLanguages: [ENGLISH, FRENCH, GERMAN, HUNGARIAN, RUSSIAN]
00:02:49.813 [FXGL Background Thread 3 ] DEBUG Engine               - ticksPerSecond: -1
00:02:49.813 [FXGL Background Thread 3 ] DEBUG Engine               - title: Pruebas en FXGL
00:02:49.813 [FXGL Background Thread 3 ] DEBUG Engine               - urlGithub: https://github.com/AlmasB/FXGL
00:02:49.813 [FXGL Background Thread 3 ] DEBUG Engine               - urlLeaderboard: http://fxgl-top.herokuapp.com/
00:02:49.813 [FXGL Background Thread 3 ] DEBUG Engine               - urlPOM: https://raw.githubusercontent.com/AlmasB/FXGL/release/README.md
00:02:49.813 [FXGL Background Thread 3 ] DEBUG Engine               - userAppClass: class App.Game.GameApp
00:02:49.813 [FXGL Background Thread 3 ] DEBUG Engine               - version: 0.0
00:02:49.814 [FXGL Background Thread 3 ] DEBUG Engine               - versionCheckDays: 7
00:02:49.814 [FXGL Background Thread 3 ] DEBUG Engine               - width: 1600
00:02:49.814 [FXGL Background Thread 3 ] DEBUG Engine               - Logging services
00:02:49.814 [FXGL Background Thread 3 ] DEBUG Engine               - class com.almasb.fxgl.app.services.FXGLAssetLoaderService
00:02:49.814 [FXGL Background Thread 3 ] DEBUG Engine               - class com.almasb.fxgl.app.FXGLApplication$GameApplicationService
00:02:49.814 [FXGL Background Thread 3 ] DEBUG Engine               - class com.almasb.fxgl.app.services.FXGLDialogService
00:02:49.814 [FXGL Background Thread 3 ] DEBUG Engine               - class com.almasb.fxgl.app.services.IOTaskExecutorService
00:02:49.815 [FXGL Background Thread 3 ] DEBUG Engine               - class com.almasb.fxgl.io.FileSystemService
00:02:49.815 [FXGL Background Thread 3 ] DEBUG Engine               - class com.almasb.fxgl.localization.LocalizationService
00:02:49.815 [FXGL Background Thread 3 ] DEBUG Engine               - class com.almasb.fxgl.app.services.SystemBundleService
00:02:49.815 [FXGL Background Thread 3 ] DEBUG Engine               - class com.almasb.fxgl.profile.SaveLoadService
00:02:49.817 [FXGL Background Thread 3 ] DEBUG Engine               - class com.almasb.fxgl.ui.FXGLUIFactoryServiceProvider
00:02:49.817 [FXGL Background Thread 3 ] DEBUG Engine               - class com.almasb.fxgl.ui.FXGLDialogFactoryServiceProvider
00:02:49.817 [FXGL Background Thread 3 ] DEBUG Engine               - class com.almasb.fxgl.audio.AudioPlayer
00:02:49.818 [FXGL Background Thread 3 ] DEBUG Engine               - class com.almasb.fxgl.notification.impl.NotificationServiceProvider
00:02:49.818 [FXGL Background Thread 3 ] DEBUG Engine               - class com.almasb.fxgl.achievement.AchievementService
00:02:49.818 [FXGL Background Thread 3 ] DEBUG Engine               - class com.almasb.fxgl.cutscene.CutsceneService
00:02:49.818 [FXGL Background Thread 3 ] DEBUG Engine               - class com.almasb.fxgl.minigames.MiniGameService
00:02:49.818 [FXGL Background Thread 3 ] DEBUG Engine               - class com.almasb.fxgl.net.NetService
00:02:49.818 [FXGL Background Thread 3 ] DEBUG Engine               - class com.almasb.fxgl.app.services.UpdaterService
00:02:49.818 [FXGL Background Thread 3 ] DEBUG Engine               - class com.almasb.fxgl.dev.DevService
00:02:50.153 [JavaFX Application Thread] DEBUG AudioPlayer          - Stopping music com.almasb.fxgl.audio.Music@23924d76
00:02:50.163 [JavaFX Application Thread] DEBUG FXGLAssetLoaderServi - Loading from file system: file:/home/avrann/Escritorio/Repo%20Proyecto%20DPOO/jorge.carrillo-Proyecto-POO-2025/target/classes/assets/music/battle.wav
00:02:50.175 [JavaFX Application Thread] DEBUG AudioPlayer          - Playing music com.almasb.fxgl.audio.Music@79a64d5b
00:02:55.178 [JavaFX Application Thread] DEBUG FXGLApplication      - Exiting FXGL
00:02:55.178 [JavaFX Application Thread] DEBUG LoopRunner           - Stopping loop
00:02:55.178 [JavaFX Application Thread] DEBUG SystemBundleService  - Saving FXGL system data
00:02:55.183 [JavaFX Application Thread] DEBUG FileSystemAccess     - Writing to: /home/avrann/Escritorio/Repo Proyecto DPOO/jorge.carrillo-Proyecto-POO-2025/system/fxgl.bundle
00:02:55.186 [JavaFX Application Thread] DEBUG Async                - Shutting down background threads
00:02:55.186 [JavaFX Application Thread] DEBUG PrimaryStageWindow   - Closing main window
00:02:55.194 [JavaFX Application Thread] DEBUG Logger               - Closing Logger
