02:07:07.763 [main                     ] DEBUG Logger               - Configured Logger
02:07:07.788 [main                     ] DEBUG GameApplication      - Logging settings
Title: Pruebas en FXGL
Version: 0.0
Width: 1600
Height: 1000
Fullscreen: false
Intro: false
Profiling: false
Single step:false
App Mode: DEVELOPER
Menu Key: ESCAPE
Stage Style: DECORATED
Scene Factory: class com.almasb.fxgl.app.scene.SceneFactory

02:07:07.957 [JavaFX Application Thread] DEBUG FXGLApplication      - Initializing FXGL
02:07:07.961 [JavaFX Application Thread] INFO  Engine               - FXGL-17.3 (30.03.2023 11.49) on LINUX (J:21.0.6 FX:20)
02:07:07.961 [JavaFX Application Thread] DEBUG Engine               - JRE Vendor Name: Oracle Corporation
02:07:07.962 [JavaFX Application Thread] DEBUG Engine               - Running on OS: Linux version 6.8.0-55-generic
02:07:07.962 [JavaFX Application Thread] DEBUG Engine               - Architecture: amd64
02:07:07.962 [JavaFX Application Thread] INFO  Engine               - Source code and latest versions at: https://github.com/AlmasB/FXGL
02:07:07.962 [JavaFX Application Thread] INFO  Engine               -       Ask questions and discuss at: https://github.com/AlmasB/FXGL/discussions
02:07:07.962 [JavaFX Application Thread] INFO  Engine               -              Join the FXGL chat at: https://gitter.im/AlmasB/FXGL
02:07:08.038 [JavaFX Application Thread] DEBUG PrimaryStageWindow   - Creating a JavaFX scene
02:07:08.038 [JavaFX Application Thread] DEBUG PrimaryStageWindow   - Target size > screen size
02:07:08.101 [JavaFX Application Thread] DEBUG PrimaryStageWindow   - Target settings size: 1600.0 x 1000.0
02:07:08.101 [JavaFX Application Thread] DEBUG PrimaryStageWindow   - Scaled scene size:    1491.0 x 947.0
02:07:08.101 [JavaFX Application Thread] DEBUG PrimaryStageWindow   - Scaled ratio: (0.931875, 0.947)
02:07:08.102 [JavaFX Application Thread] DEBUG PrimaryStageWindow   - Set initial scene to FXGLStartupScene
02:07:08.104 [JavaFX Application Thread] DEBUG PrimaryStageWindow   - Opening main window
02:07:08.128 [JavaFX Application Thread] DEBUG PrimaryStageWindow   - Window border size: (2.641845703125, 26.63995361328125)
02:07:08.128 [JavaFX Application Thread] DEBUG PrimaryStageWindow   - Scaled size: 1491.0 x 947.0
02:07:08.129 [JavaFX Application Thread] DEBUG PrimaryStageWindow   - Scaled ratio: (0.931875, 0.947)
02:07:08.129 [JavaFX Application Thread] DEBUG PrimaryStageWindow   - Scene size: 1491.0 x 947.0
02:07:08.129 [JavaFX Application Thread] DEBUG PrimaryStageWindow   - Stage size: 1493.641845703125 x 973.6399536132812
02:07:08.139 [FXGL Background Thread 1 ] DEBUG Engine               - Initializing environment variables
02:07:08.208 [FXGL Background Thread 1 ] DEBUG FXGLAssetLoaderServi - User app class for loading assets: class App.Game.GameApp
02:07:08.209 [FXGL Background Thread 1 ] DEBUG GameApplicationServi - Applying CSS: fxgl_dark.css
02:07:08.209 [FXGL Background Thread 1 ] DEBUG FXGLAssetLoaderServi - Loading from file system: jar:file:///home/avrann/.m2/repository/com/github/almasb/fxgl/17.3/fxgl-17.3.jar!/fxglassets/ui/css/fxgl_dark.css
02:07:08.260 [FXGL Background Thread 1 ] DEBUG GameApplicationServi - Initializing application scenes
02:07:08.303 [FXGL Background Thread 1 ] DEBUG GameWorld            - Game world initialized
02:07:08.360 [FXGL Background Thread 1 ] DEBUG PhysicsWorld         - Physics world initialized: appHeight=1000, physics.ppm=50.0
02:07:08.360 [FXGL Background Thread 1 ] DEBUG PhysicsWorld         - Using strategy: BRUTE_FORCE
02:07:08.362 [FXGL Background Thread 1 ] DEBUG GameScene            - Game scene initialized: 1600x1000
02:07:08.368 [FXGL Background Thread 1 ] DEBUG FXGL.DefaultMenu     - createMenuBodyGameMenu()
02:07:08.375 [FXGL Background Thread 1 ] DEBUG FXGL.DefaultMenu     - createOptionsMenu()
02:07:08.381 [FXGL Background Thread 1 ] DEBUG FXGLAssetLoaderServi - Loading from file system: jar:file:///home/avrann/.m2/repository/com/github/almasb/fxgl/17.3/fxgl-17.3.jar!/fxglassets/textures/particles/smoke.png
02:07:08.448 [FXGL Background Thread 1 ] DEBUG FXGLAssetLoaderServi - Loading from file system: jar:file:///home/avrann/.m2/repository/com/github/almasb/fxgl/17.3/fxgl-17.3.jar!/fxglassets/textures/particles/trace_horizontal.png
02:07:08.474 [FXGL Background Thread 1 ] DEBUG GameApplicationServi - Application scenes initialized
02:07:08.483 [FXGL Background Thread 1 ] DEBUG SystemBundleService  - Loading FXGL system data
02:07:08.486 [FXGL Background Thread 1 ] DEBUG FileSystemAccess     - Reading from: /home/avrann/Escritorio/Repo Proyecto DPOO/jorge.carrillo-Proyecto-POO-2025/system/fxgl.bundle
02:07:08.493 [FXGL Background Thread 1 ] DEBUG SystemBundleService  - Bundle FXGL: {}
02:07:08.493 [FXGL Background Thread 1 ] DEBUG UpdaterService       - Checking for updates
02:07:08.510 [FXGL Background Thread 4 ] DEBUG FXGLApplication      - Loading fonts
02:07:08.511 [FXGL Background Thread 4 ] DEBUG FXGLAssetLoaderServi - Loading from file system: jar:file:///home/avrann/.m2/repository/com/github/almasb/fxgl/17.3/fxgl-17.3.jar!/fxglassets/ui/fonts/VarelaRound-Regular.ttf
02:07:08.512 [FXGL Background Thread 1 ] DEBUG FXGLApplication      - Loading default localization
02:07:08.513 [FXGL Background Thread 1 ] DEBUG FXGLAssetLoaderServi - Loading from file system: jar:file:///home/avrann/.m2/repository/com/github/almasb/fxgl/17.3/fxgl-17.3.jar!/fxglassets/languages/english.lang
02:07:08.518 [FXGL Background Thread 4 ] DEBUG FXGLAssetLoaderServi - Loading from file system: jar:file:///home/avrann/.m2/repository/com/github/almasb/fxgl/17.3/fxgl-17.3.jar!/fxglassets/ui/fonts/Abel-Regular.ttf
02:07:08.519 [FXGL Background Thread 4 ] DEBUG FXGLAssetLoaderServi - Loading from file system: jar:file:///home/avrann/.m2/repository/com/github/almasb/fxgl/17.3/fxgl-17.3.jar!/fxglassets/ui/fonts/TerminalLandMono-Regular.otf
02:07:08.520 [FXGL Background Thread 4 ] DEBUG FXGLAssetLoaderServi - Loading from file system: jar:file:///home/avrann/.m2/repository/com/github/almasb/fxgl/17.3/fxgl-17.3.jar!/fxglassets/ui/fonts/Courier-Prime.ttf
02:07:08.523 [JavaFX Application Thread] DEBUG FXGLApplication      - Registering font factories with UI factory
02:07:08.529 [FXGL Background Thread 1 ] INFO  FXGLApplication      - FXGL initialization took: 0.389 sec
02:07:08.529 [JavaFX Application Thread] DEBUG FXGLAssetLoaderServi - Loading from file system: jar:file:///home/avrann/.m2/repository/com/github/almasb/fxgl/17.3/fxgl-17.3.jar!/fxglassets/textures/fxgl_icon.png
02:07:08.553 [JavaFX Application Thread] DEBUG FXGLAssetLoaderServi - Loading from file system: jar:file:///home/avrann/.m2/repository/com/github/almasb/fxgl/17.3/fxgl-17.3.jar!/fxglassets/textures/fxgl_default_cursor.png
02:07:08.564 [JavaFX Application Thread] DEBUG Input                - Registered new binding: Screenshot - CTRL+8
02:07:08.564 [JavaFX Application Thread] DEBUG Input                - Registered new binding: Dev Options - 1
02:07:08.565 [JavaFX Application Thread] DEBUG Input                - Registered new binding: Dev Console - 2
02:07:08.565 [JavaFX Application Thread] DEBUG Input                - Registered new binding: System info dump - CTRL+9
02:07:08.565 [JavaFX Application Thread] DEBUG Input                - Registered new binding: Restart - CTRL+R
02:07:08.566 [JavaFX Application Thread] DEBUG Input                - Registered new binding: Toggle Debug Camera - CTRL+7
02:07:08.569 [JavaFX Application Thread] DEBUG LoopRunner           - Starting loop
02:07:08.580 [JavaFX Application Thread] DEBUG LoopRunner           - Initializing JavaFX AnimationTimerLoop
02:07:08.581 [JavaFX Application Thread] DEBUG GameApplicationServi - Starting new game
02:07:08.581 [JavaFX Application Thread] DEBUG Input                - Clearing active input actions
02:07:08.596 [JavaFX Application Thread] DEBUG GameApplicationServi - Removing overlay from FXGLStartupScene and adding to FXGLLoadingScene
02:07:08.599 [JavaFX Application Thread] DEBUG PrimaryStageWindow   - FXGLStartupScene -> FXGLLoadingScene
02:07:08.599 [JavaFX Application Thread] DEBUG GameApplicationServi - Clearing previous game
02:07:08.599 [JavaFX Application Thread] DEBUG GameScene            - Clearing game scene
02:07:08.599 [JavaFX Application Thread] DEBUG GameWorld            - Clearing game world
02:07:08.599 [JavaFX Application Thread] DEBUG PhysicsWorld         - Clearing physics world
02:07:08.602 [FXGL Background Thread 1 ] DEBUG FXGLApplication      - Initializing game
02:07:08.801 [FXGL Background Thread 1 ] DEBUG FXGLAssetLoaderServi - Loading from file system: file:/home/avrann/Escritorio/Repo%20Proyecto%20DPOO/jorge.carrillo-Proyecto-POO-2025/target/classes/assets/music/loading.wav
02:07:08.918 [FXGL Background Thread 1 ] DEBUG AudioPlayer          - Playing music com.almasb.fxgl.audio.Music@62ed1025
02:07:08.962 [FXGL Background Thread 1 ] DEBUG TMXLevelLoader       - Parsed TiledMap: file:/home/avrann/Escritorio/Repo%20Proyecto%20DPOO/jorge.carrillo-Proyecto-POO-2025/target/classes/assets/levels/level_01.tmx
02:07:08.963 [FXGL Background Thread 1 ] DEBUG TMXLevelLoader       - Creating tile layer entities
02:07:08.965 [FXGL Background Thread 1 ] DEBUG TilesetLoader        - Loading view for layer Capa de patrones 1
02:07:08.968 [FXGL Background Thread 1 ] DEBUG TilesetLoader        - Created buffer with size 2000.0x1500.0
02:07:09.005 [FXGL Background Thread 1 ] WARN  TilesetLoader        - Diagonally flipped tiles are not currently supported
02:07:09.007 [FXGL Background Thread 1 ] WARN  TilesetLoader        - Diagonally flipped tiles are not currently supported
02:07:09.009 [FXGL Background Thread 1 ] WARN  TilesetLoader        - Diagonally flipped tiles are not currently supported
02:07:09.009 [FXGL Background Thread 1 ] WARN  TilesetLoader        - Diagonally flipped tiles are not currently supported
02:07:09.013 [FXGL Background Thread 1 ] WARN  TilesetLoader        - Diagonally flipped tiles are not currently supported
02:07:09.019 [FXGL Background Thread 1 ] WARN  TilesetLoader        - Diagonally flipped tiles are not currently supported
02:07:09.019 [FXGL Background Thread 1 ] WARN  TilesetLoader        - Diagonally flipped tiles are not currently supported
02:07:09.022 [FXGL Background Thread 1 ] WARN  TilesetLoader        - Diagonally flipped tiles are not currently supported
02:07:09.023 [FXGL Background Thread 1 ] WARN  TilesetLoader        - Diagonally flipped tiles are not currently supported
02:07:09.025 [FXGL Background Thread 1 ] WARN  TilesetLoader        - Diagonally flipped tiles are not currently supported
02:07:09.028 [FXGL Background Thread 1 ] WARN  TilesetLoader        - Diagonally flipped tiles are not currently supported
02:07:09.029 [FXGL Background Thread 1 ] DEBUG TilesetLoader        - Loading view for layer Capa de Decoracion
02:07:09.030 [FXGL Background Thread 1 ] DEBUG TilesetLoader        - Created buffer with size 2000.0x1500.0
02:07:09.050 [FXGL Background Thread 1 ] WARN  TilesetLoader        - Diagonally flipped tiles are not currently supported
02:07:09.051 [FXGL Background Thread 1 ] WARN  TilesetLoader        - Diagonally flipped tiles are not currently supported
02:07:09.053 [FXGL Background Thread 1 ] WARN  TilesetLoader        - Diagonally flipped tiles are not currently supported
02:07:09.054 [FXGL Background Thread 1 ] WARN  TilesetLoader        - Diagonally flipped tiles are not currently supported
02:07:09.057 [FXGL Background Thread 1 ] DEBUG TMXLevelLoader       - Creating object layer entities
02:07:09.091 [FXGL Background Thread 1 ] DEBUG GameWorld            - Clearing removable entities
02:07:09.152 [FXGL Background Thread 1 ] DEBUG GameWorld            - Setting level: com.almasb.fxgl.entity.level.Level@44a1d22b
02:07:09.190 [FXGL Background Thread 1 ] DEBUG FXGLAssetLoaderServi - Loading from file system: file:/home/avrann/Escritorio/Repo%20Proyecto%20DPOO/jorge.carrillo-Proyecto-POO-2025/target/classes/assets/textures/droidatack_basic.png
02:07:09.202 [FXGL Background Thread 1 ] DEBUG FXGLAssetLoaderServi - Loading from file system: file:/home/avrann/Escritorio/Repo%20Proyecto%20DPOO/jorge.carrillo-Proyecto-POO-2025/target/classes/assets/textures/droididle.png
02:07:09.203 [FXGL Background Thread 1 ] WARN  FXGLAssetLoaderServi - Asset "/assets/textures/droidcaminando.png" was not found!
02:07:09.203 [FXGL Background Thread 1 ] WARN  FXGLAssetLoaderServi - Failed to load IMAGE
02:07:09.218 [FXGL Background Thread 1 ] WARN  FXGLAssetLoaderServi - Asset "/assets/textures/droidadelante.png" was not found!
02:07:09.224 [FXGL Background Thread 1 ] WARN  FXGLAssetLoaderServi - Failed to load IMAGE
02:07:09.225 [FXGL Background Thread 1 ] WARN  FXGLAssetLoaderServi - Asset "/assets/textures/droidatras.png" was not found!
02:07:09.225 [FXGL Background Thread 1 ] WARN  FXGLAssetLoaderServi - Failed to load IMAGE
02:07:09.225 [FXGL Background Thread 1 ] DEBUG FXGLAssetLoaderServi - Loading from file system: file:/home/avrann/Escritorio/Repo%20Proyecto%20DPOO/jorge.carrillo-Proyecto-POO-2025/target/classes/assets/textures/droiddeat.png
02:07:09.236 [FXGL Background Thread 1 ] WARN  GameWorld            - Entity is already attached to world
02:07:09.239 [FXGL Background Thread 1 ] DEBUG FXGLAssetLoaderServi - Loading from file system: file:/home/avrann/Escritorio/Repo%20Proyecto%20DPOO/jorge.carrillo-Proyecto-POO-2025/target/classes/assets/textures/droid2atack_basic.png
02:07:09.244 [FXGL Background Thread 1 ] DEBUG FXGLAssetLoaderServi - Loading from file system: file:/home/avrann/Escritorio/Repo%20Proyecto%20DPOO/jorge.carrillo-Proyecto-POO-2025/target/classes/assets/textures/droid2idle.png
02:07:09.245 [FXGL Background Thread 1 ] WARN  FXGLAssetLoaderServi - Asset "/assets/textures/droid2caminando.png" was not found!
02:07:09.245 [FXGL Background Thread 1 ] WARN  FXGLAssetLoaderServi - Failed to load IMAGE
02:07:09.247 [FXGL Background Thread 1 ] WARN  FXGLAssetLoaderServi - Asset "/assets/textures/droid2adelante.png" was not found!
02:07:09.247 [FXGL Background Thread 1 ] WARN  FXGLAssetLoaderServi - Failed to load IMAGE
02:07:09.247 [FXGL Background Thread 1 ] WARN  FXGLAssetLoaderServi - Asset "/assets/textures/droid2atras.png" was not found!
02:07:09.247 [FXGL Background Thread 1 ] WARN  FXGLAssetLoaderServi - Failed to load IMAGE
02:07:09.247 [FXGL Background Thread 1 ] DEBUG FXGLAssetLoaderServi - Loading from file system: file:/home/avrann/Escritorio/Repo%20Proyecto%20DPOO/jorge.carrillo-Proyecto-POO-2025/target/classes/assets/textures/droid2deat.png
02:07:09.251 [FXGL Background Thread 1 ] WARN  GameWorld            - Entity is already attached to world
02:07:09.252 [FXGL Background Thread 1 ] DEBUG FXGLAssetLoaderServi - Loading from file system: file:/home/avrann/Escritorio/Repo%20Proyecto%20DPOO/jorge.carrillo-Proyecto-POO-2025/target/classes/assets/textures/cyborgatack_basic.png
02:07:09.258 [FXGL Background Thread 1 ] DEBUG FXGLAssetLoaderServi - Loading from file system: file:/home/avrann/Escritorio/Repo%20Proyecto%20DPOO/jorge.carrillo-Proyecto-POO-2025/target/classes/assets/textures/cyborgidle.png
02:07:09.263 [FXGL Background Thread 1 ] DEBUG FXGLAssetLoaderServi - Loading from file system: file:/home/avrann/Escritorio/Repo%20Proyecto%20DPOO/jorge.carrillo-Proyecto-POO-2025/target/classes/assets/textures/cyborgcaminando.png
02:07:09.271 [FXGL Background Thread 1 ] DEBUG FXGLAssetLoaderServi - Loading from file system: file:/home/avrann/Escritorio/Repo%20Proyecto%20DPOO/jorge.carrillo-Proyecto-POO-2025/target/classes/assets/textures/cyborgadelante.png
02:07:09.283 [FXGL Background Thread 1 ] DEBUG FXGLAssetLoaderServi - Loading from file system: file:/home/avrann/Escritorio/Repo%20Proyecto%20DPOO/jorge.carrillo-Proyecto-POO-2025/target/classes/assets/textures/cyborgatras.png
02:07:09.289 [FXGL Background Thread 1 ] DEBUG FXGLAssetLoaderServi - Loading from file system: file:/home/avrann/Escritorio/Repo%20Proyecto%20DPOO/jorge.carrillo-Proyecto-POO-2025/target/classes/assets/textures/cyborgdeat.png
02:07:09.292 [FXGL Background Thread 1 ] WARN  GameWorld            - Entity is already attached to world
02:07:09.293 [FXGL Background Thread 1 ] DEBUG FXGLAssetLoaderServi - Loading from file system: file:/home/avrann/Escritorio/Repo%20Proyecto%20DPOO/jorge.carrillo-Proyecto-POO-2025/target/classes/assets/textures/lifeitem.png
02:07:09.295 [FXGL Background Thread 1 ] WARN  GameWorld            - Entity is already attached to world
02:07:09.296 [FXGL Background Thread 1 ] DEBUG FXGLAssetLoaderServi - Loading from file system: file:/home/avrann/Escritorio/Repo%20Proyecto%20DPOO/jorge.carrillo-Proyecto-POO-2025/target/classes/assets/textures/atackitem.png
02:07:09.297 [FXGL Background Thread 1 ] WARN  GameWorld            - Entity is already attached to world
02:07:09.298 [FXGL Background Thread 1 ] DEBUG Input                - Registered new binding: Mover Arriba - W
02:07:09.299 [FXGL Background Thread 1 ] DEBUG Input                - Registered new binding: Mover Abajo - S
02:07:09.299 [FXGL Background Thread 1 ] DEBUG Input                - Registered new binding: Mover Izquierda - A
02:07:09.299 [FXGL Background Thread 1 ] DEBUG Input                - Registered new binding: Mover Derecha - D
02:07:09.301 [FXGL Background Thread 1 ] DEBUG FXGLAssetLoaderServi - Loading from file system: file:/home/avrann/Escritorio/Repo%20Proyecto%20DPOO/jorge.carrillo-Proyecto-POO-2025/target/classes/assets/textures/statBar.png
02:07:09.305 [FXGL Background Thread 1 ] DEBUG FXGLAssetLoaderServi - Loading from file system: file:/home/avrann/Escritorio/Repo%20Proyecto%20DPOO/jorge.carrillo-Proyecto-POO-2025/target/classes/assets/textures/statAtackBar.png
02:07:09.307 [FXGL Background Thread 1 ] DEBUG FXGLAssetLoaderServi - Loading from file system: file:/home/avrann/Escritorio/Repo%20Proyecto%20DPOO/jorge.carrillo-Proyecto-POO-2025/target/classes/assets/textures/barra_enemigo.png
02:07:09.311 [FXGL Background Thread 1 ] DEBUG FXGLAssetLoaderServi - Loading from file system: file:/home/avrann/Escritorio/Repo%20Proyecto%20DPOO/jorge.carrillo-Proyecto-POO-2025/target/classes/assets/textures/life_point_enemi.png
02:07:09.311 [FXGL Background Thread 1 ] DEBUG FXGLAssetLoaderServi - Loading from file system: file:/home/avrann/Escritorio/Repo%20Proyecto%20DPOO/jorge.carrillo-Proyecto-POO-2025/target/classes/assets/textures/life_bar.png
02:07:09.314 [FXGL Background Thread 1 ] DEBUG FXGLAssetLoaderServi - Loading from file system: file:/home/avrann/Escritorio/Repo%20Proyecto%20DPOO/jorge.carrillo-Proyecto-POO-2025/target/classes/assets/textures/life_point.png
02:07:09.315 [FXGL Background Thread 1 ] DEBUG FXGLAssetLoaderServi - Loading from file system: file:/home/avrann/Escritorio/Repo%20Proyecto%20DPOO/jorge.carrillo-Proyecto-POO-2025/target/classes/assets/textures/button_atacck.png
02:07:09.316 [FXGL Background Thread 1 ] DEBUG FXGLAssetLoaderServi - Loading from file system: file:/home/avrann/Escritorio/Repo%20Proyecto%20DPOO/jorge.carrillo-Proyecto-POO-2025/target/classes/assets/textures/combat_panel.png
02:07:09.359 [FXGL Background Thread 1 ] INFO  FXGLApplication      - Game initialization took: 0.757 sec
02:07:09.360 [JavaFX Application Thread] DEBUG Input                - Clearing active input actions
02:07:09.371 [JavaFX Application Thread] DEBUG GameApplicationServi - Removing overlay from FXGLLoadingScene and adding to GameScene
02:07:09.375 [JavaFX Application Thread] DEBUG PrimaryStageWindow   - FXGLLoadingScene -> GameScene
02:07:09.902 [FXGL Background Thread 2 ] INFO  UpdaterService       - Your current version:  17.3
02:07:09.902 [FXGL Background Thread 2 ] INFO  UpdaterService       - Latest stable version: 21.1
02:07:10.691 [JavaFX Application Thread] DEBUG FXGLApplication      - Exiting FXGL
02:07:10.691 [JavaFX Application Thread] DEBUG LoopRunner           - Stopping loop
02:07:10.691 [JavaFX Application Thread] DEBUG SystemBundleService  - Saving FXGL system data
02:07:10.692 [JavaFX Application Thread] DEBUG FileSystemAccess     - Writing to: /home/avrann/Escritorio/Repo Proyecto DPOO/jorge.carrillo-Proyecto-POO-2025/system/fxgl.bundle
02:07:10.694 [JavaFX Application Thread] DEBUG Async                - Shutting down background threads
02:07:10.694 [JavaFX Application Thread] DEBUG PrimaryStageWindow   - Closing main window
02:07:10.697 [JavaFX Application Thread] DEBUG Logger               - Closing Logger
