11:35:01.637 [main                     ] DEBUG Logger               - Configured Logger
11:35:01.647 [main                     ] DEBUG GameApplication      - Logging settings
Title: Eclipsis: el legado de la nave abandonada
Version: 0.0
Width: 1536
Height: 1024
Fullscreen: false
Intro: false
Profiling: false
Single step:false
App Mode: DEVELOPER
Menu Key: ESCAPE
Stage Style: DECORATED
Scene Factory: class App.Game.GameApp$1

11:35:01.764 [JavaFX Application Thread] DEBUG FXGLApplication      - Initializing FXGL
11:35:01.769 [JavaFX Application Thread] INFO  Engine               - FXGL-17.3 (30.03.2023 11.49) on WINDOWS (J:24.0.1 FX:17.0.6)
11:35:01.769 [JavaFX Application Thread] DEBUG Engine               - JRE Vendor Name: Oracle Corporation
11:35:01.769 [JavaFX Application Thread] DEBUG Engine               - Running on OS: Windows 11 version 10.0
11:35:01.770 [JavaFX Application Thread] DEBUG Engine               - Architecture: amd64
11:35:01.770 [JavaFX Application Thread] INFO  Engine               - Source code and latest versions at: https://github.com/AlmasB/FXGL
11:35:01.770 [JavaFX Application Thread] INFO  Engine               -       Ask questions and discuss at: https://github.com/AlmasB/FXGL/discussions
11:35:01.770 [JavaFX Application Thread] INFO  Engine               -              Join the FXGL chat at: https://gitter.im/AlmasB/FXGL
11:35:01.865 [JavaFX Application Thread] DEBUG PrimaryStageWindow   - Creating a JavaFX scene
11:35:01.865 [JavaFX Application Thread] DEBUG PrimaryStageWindow   - Target size > screen size
11:35:01.908 [JavaFX Application Thread] DEBUG PrimaryStageWindow   - Target settings size: 1536.0 x 1024.0
11:35:01.908 [JavaFX Application Thread] DEBUG PrimaryStageWindow   - Scaled scene size:    1343.0 x 912.0
11:35:01.908 [JavaFX Application Thread] DEBUG PrimaryStageWindow   - Scaled ratio: (0.8743489583333334, 0.890625)
11:35:01.909 [JavaFX Application Thread] DEBUG PrimaryStageWindow   - Set initial scene to FXGLStartupScene
11:35:01.916 [JavaFX Application Thread] DEBUG PrimaryStageWindow   - Opening main window
11:35:02.002 [JavaFX Application Thread] DEBUG PrimaryStageWindow   - Window border size: (14.5999755859375, 37.5999755859375)
11:35:02.002 [JavaFX Application Thread] DEBUG PrimaryStageWindow   - Scaled size: 1343.0 x 912.0
11:35:02.002 [JavaFX Application Thread] DEBUG PrimaryStageWindow   - Scaled ratio: (0.8743489583333334, 0.890625)
11:35:02.002 [JavaFX Application Thread] DEBUG PrimaryStageWindow   - Scene size: 1343.0 x 912.0
11:35:02.002 [JavaFX Application Thread] DEBUG PrimaryStageWindow   - Stage size: 1357.5999755859375 x 949.5999755859375
11:35:02.019 [FXGL Background Thread 1 ] DEBUG Engine               - Initializing environment variables
11:35:02.122 [FXGL Background Thread 1 ] DEBUG FXGLAssetLoaderServi - User app class for loading assets: class App.Game.GameApp
11:35:02.123 [FXGL Background Thread 1 ] DEBUG GameApplicationServi - Applying CSS: fxgl_dark.css
11:35:02.125 [FXGL Background Thread 1 ] DEBUG FXGLAssetLoaderServi - Loading from file system: jar:file:///C:/Users/Dannieris/.m2/repository/com/github/almasb/fxgl/17.3/fxgl-17.3.jar!/fxglassets/ui/css/fxgl_dark.css
11:35:02.188 [FXGL Background Thread 1 ] DEBUG GameApplicationServi - Initializing application scenes
11:35:02.260 [FXGL Background Thread 1 ] DEBUG GameWorld            - Game world initialized
11:35:02.362 [FXGL Background Thread 1 ] DEBUG PhysicsWorld         - Physics world initialized: appHeight=1024, physics.ppm=50.0
11:35:02.363 [FXGL Background Thread 1 ] DEBUG PhysicsWorld         - Using strategy: BRUTE_FORCE
11:35:02.367 [FXGL Background Thread 1 ] DEBUG GameScene            - Game scene initialized: 1536x1024
11:35:02.582 [FXGL Background Thread 1 ] DEBUG FXGL.DefaultMenu     - createMenuBodyGameMenu()
11:35:02.593 [FXGL Background Thread 1 ] DEBUG FXGL.DefaultMenu     - createOptionsMenu()
11:35:02.601 [FXGL Background Thread 1 ] DEBUG FXGLAssetLoaderServi - Loading from file system: jar:file:///C:/Users/Dannieris/.m2/repository/com/github/almasb/fxgl/17.3/fxgl-17.3.jar!/fxglassets/textures/particles/smoke.png
11:35:02.705 [FXGL Background Thread 1 ] DEBUG FXGLAssetLoaderServi - Loading from file system: jar:file:///C:/Users/Dannieris/.m2/repository/com/github/almasb/fxgl/17.3/fxgl-17.3.jar!/fxglassets/textures/particles/trace_horizontal.png
11:35:02.719 [FXGL Background Thread 1 ] DEBUG FXGLAssetLoaderServi - Loading from file system: file:/C:/Users/Dannieris/Desktop/Nueva%20carpeta%20(5)/ForkProyecto/target/classes/assets/music/menu.wav
11:35:02.881 [FXGL Background Thread 1 ] DEBUG AudioPlayer          - Playing music com.almasb.fxgl.audio.Music@e8d1727
11:35:02.884 [FXGL Background Thread 1 ] DEBUG AudioPlayer          - Playing music com.almasb.fxgl.audio.Music@e8d1727
11:35:02.885 [FXGL Background Thread 1 ] DEBUG FXGLAssetLoaderServi - Loading from file system: file:/C:/Users/Dannieris/Desktop/Nueva%20carpeta%20(5)/ForkProyecto/target/classes/assets/textures/fondoGameMenu.png
11:35:02.933 [FXGL Background Thread 1 ] DEBUG GameApplicationServi - Application scenes initialized
11:35:02.945 [FXGL Background Thread 1 ] DEBUG SystemBundleService  - Loading FXGL system data
11:35:02.950 [FXGL Background Thread 1 ] DEBUG FileSystemAccess     - Reading from: C:\Users\Dannieris\Desktop\Nueva carpeta (5)\ForkProyecto\system\fxgl.bundle
11:35:02.959 [FXGL Background Thread 1 ] DEBUG SystemBundleService  - Bundle FXGL: {}
11:35:02.959 [FXGL Background Thread 1 ] DEBUG UpdaterService       - Checking for updates
11:35:03.001 [FXGL Background Thread 1 ] DEBUG FXGLApplication      - Loading default localization
11:35:03.002 [FXGL Background Thread 1 ] DEBUG FXGLAssetLoaderServi - Loading from file system: jar:file:///C:/Users/Dannieris/.m2/repository/com/github/almasb/fxgl/17.3/fxgl-17.3.jar!/fxglassets/languages/english.lang
11:35:03.011 [FXGL Background Thread 4 ] DEBUG FXGLApplication      - Loading fonts
11:35:03.012 [FXGL Background Thread 4 ] DEBUG FXGLAssetLoaderServi - Loading from file system: jar:file:///C:/Users/Dannieris/.m2/repository/com/github/almasb/fxgl/17.3/fxgl-17.3.jar!/fxglassets/ui/fonts/VarelaRound-Regular.ttf
11:35:03.044 [FXGL Background Thread 1 ] INFO  FXGLApplication      - FXGL initialization took: 1.025 sec
11:35:03.046 [JavaFX Application Thread] DEBUG FXGLAssetLoaderServi - Loading from file system: jar:file:///C:/Users/Dannieris/.m2/repository/com/github/almasb/fxgl/17.3/fxgl-17.3.jar!/fxglassets/textures/fxgl_icon.png
11:35:03.066 [JavaFX Application Thread] DEBUG FXGLAssetLoaderServi - Loading from file system: file:/C:/Users/Dannieris/Desktop/Nueva%20carpeta%20(5)/ForkProyecto/target/classes/assets/textures/cursor.png
11:35:03.081 [FXGL Background Thread 4 ] DEBUG FXGLAssetLoaderServi - Loading from file system: jar:file:///C:/Users/Dannieris/.m2/repository/com/github/almasb/fxgl/17.3/fxgl-17.3.jar!/fxglassets/ui/fonts/Abel-Regular.ttf
11:35:03.087 [FXGL Background Thread 4 ] DEBUG FXGLAssetLoaderServi - Loading from file system: jar:file:///C:/Users/Dannieris/.m2/repository/com/github/almasb/fxgl/17.3/fxgl-17.3.jar!/fxglassets/ui/fonts/TerminalLandMono-Regular.otf
11:35:03.087 [JavaFX Application Thread] DEBUG Input                - Registered new binding: Screenshot - CTRL+8
11:35:03.090 [JavaFX Application Thread] DEBUG Input                - Registered new binding: Dev Options - 1
11:35:03.091 [JavaFX Application Thread] DEBUG Input                - Registered new binding: Dev Console - 2
11:35:03.092 [JavaFX Application Thread] DEBUG Input                - Registered new binding: System info dump - CTRL+9
11:35:03.093 [JavaFX Application Thread] DEBUG Input                - Registered new binding: Restart - CTRL+R
11:35:03.093 [JavaFX Application Thread] DEBUG Input                - Registered new binding: Toggle Debug Camera - CTRL+7
11:35:03.094 [FXGL Background Thread 4 ] DEBUG FXGLAssetLoaderServi - Loading from file system: jar:file:///C:/Users/Dannieris/.m2/repository/com/github/almasb/fxgl/17.3/fxgl-17.3.jar!/fxglassets/ui/fonts/Courier-Prime.ttf
11:35:03.102 [JavaFX Application Thread] DEBUG LoopRunner           - Starting loop
11:35:03.138 [JavaFX Application Thread] DEBUG LoopRunner           - Initializing JavaFX AnimationTimerLoop
11:35:03.145 [JavaFX Application Thread] DEBUG Input                - Clearing active input actions
11:35:03.153 [JavaFX Application Thread] DEBUG GameApplicationServi - Removing overlay from FXGLStartupScene and adding to FXGLMainMenuDummyScene
11:35:03.160 [JavaFX Application Thread] DEBUG PrimaryStageWindow   - FXGLStartupScene -> FXGLMainMenuDummyScene
11:35:03.160 [JavaFX Application Thread] DEBUG PrimaryStageWindow   - Push state: MyMenu
11:35:03.160 [JavaFX Application Thread] DEBUG Input                - Clearing active input actions
11:35:03.171 [JavaFX Application Thread] DEBUG GameApplicationServi - Removing overlay from FXGLMainMenuDummyScene and adding to MyMenu
11:35:03.171 [JavaFX Application Thread] DEBUG PrimaryStageWindow   - FXGLMainMenuDummyScene -> MyMenu
11:35:03.644 [JavaFX Application Thread] DEBUG FXGLApplication      - Registering font factories with UI factory
11:35:03.887 [FXGL Background Thread 2 ] WARN  UpdaterService       - Failed to find updates: java.net.SocketException: Permission denied: connect
11:35:05.315 [JavaFX Application Thread] DEBUG PrimaryStageWindow   - Push state: EscenaSeleccion
11:35:05.315 [JavaFX Application Thread] DEBUG Input                - Clearing active input actions
11:35:05.318 [JavaFX Application Thread] DEBUG GameApplicationServi - Removing overlay from MyMenu and adding to EscenaSeleccion
11:35:05.320 [JavaFX Application Thread] DEBUG PrimaryStageWindow   - MyMenu -> EscenaSeleccion
11:35:05.999 [FXGL Background Thread 3 ] DEBUG Engine               - Logging environment variables
11:35:06.001 [FXGL Background Thread 3 ] DEBUG Engine               - achievements: []
11:35:06.002 [FXGL Background Thread 3 ] DEBUG Engine               - actualHeight: 912.0
11:35:06.004 [FXGL Background Thread 3 ] DEBUG Engine               - actualHeightProperty: ReadOnlyDoubleProperty [value: 912.0]
11:35:06.004 [FXGL Background Thread 3 ] DEBUG Engine               - actualWidth: 1343.0
11:35:06.005 [FXGL Background Thread 3 ] DEBUG Engine               - actualWidthProperty: ReadOnlyDoubleProperty [value: 1343.0]
11:35:06.006 [FXGL Background Thread 3 ] DEBUG Engine               - appIcon: fxgl_icon.png
11:35:06.007 [FXGL Background Thread 3 ] DEBUG Engine               - applicationMode: DEVELOPER
11:35:06.008 [FXGL Background Thread 3 ] DEBUG Engine               - cSSList: [fxgl_dark.css]
11:35:06.009 [FXGL Background Thread 3 ] DEBUG Engine               - collisionDetectionStrategy: BRUTE_FORCE
11:35:06.010 [FXGL Background Thread 3 ] DEBUG Engine               - configClass: Optional.empty
11:35:06.012 [FXGL Background Thread 3 ] DEBUG Engine               - credits: []
11:35:06.015 [FXGL Background Thread 3 ] DEBUG Engine               - defaultCursor: CursorInfo(imageName=cursor.png, hotspotX=0.0, hotspotY=0.0)
11:35:06.018 [FXGL Background Thread 3 ] DEBUG Engine               - devBBoxColorProperty: ObjectProperty [value: 0xff0000ff]
11:35:06.018 [FXGL Background Thread 3 ] DEBUG Engine               - devEnableDebugCameraProperty: BooleanProperty [value: false]
11:35:06.019 [FXGL Background Thread 3 ] DEBUG Engine               - devSensorColorProperty: ObjectProperty [value: 0xffff00ff]
11:35:06.020 [FXGL Background Thread 3 ] DEBUG Engine               - devShowBBoxProperty: BooleanProperty [value: false]
11:35:06.020 [FXGL Background Thread 3 ] DEBUG Engine               - devShowPositionProperty: BooleanProperty [value: false]
11:35:06.021 [FXGL Background Thread 3 ] DEBUG Engine               - enabledMenuItems: []
11:35:06.022 [FXGL Background Thread 3 ] DEBUG Engine               - engineServices: [class com.almasb.fxgl.app.services.FXGLAssetLoaderService, class com.almasb.fxgl.app.FXGLApplication$GameApplicationService, class com.almasb.fxgl.app.services.FXGLDialogService, class com.almasb.fxgl.app.services.IOTaskExecutorService, class com.almasb.fxgl.io.FileSystemService, class com.almasb.fxgl.localization.LocalizationService, class com.almasb.fxgl.app.services.SystemBundleService, class com.almasb.fxgl.profile.SaveLoadService, class com.almasb.fxgl.ui.FXGLUIFactoryServiceProvider, class com.almasb.fxgl.ui.FXGLDialogFactoryServiceProvider, class com.almasb.fxgl.audio.AudioPlayer, class com.almasb.fxgl.notification.impl.NotificationServiceProvider, class com.almasb.fxgl.achievement.AchievementService, class com.almasb.fxgl.cutscene.CutsceneService, class com.almasb.fxgl.minigames.MiniGameService, class com.almasb.fxgl.net.NetService, class com.almasb.fxgl.app.services.UpdaterService, class com.almasb.fxgl.dev.DevService]
11:35:06.022 [FXGL Background Thread 3 ] DEBUG Engine               - fontGame: Abel-Regular.ttf
11:35:06.027 [FXGL Background Thread 3 ] DEBUG Engine               - fontMono: TerminalLandMono-Regular.otf
11:35:06.027 [FXGL Background Thread 3 ] DEBUG Engine               - fontSizeScaleUI: 1.0
11:35:06.027 [FXGL Background Thread 3 ] DEBUG Engine               - fontText: Courier-Prime.ttf
11:35:06.028 [FXGL Background Thread 3 ] DEBUG Engine               - fontUI: VarelaRound-Regular.ttf
11:35:06.028 [FXGL Background Thread 3 ] DEBUG Engine               - fullScreen: BooleanProperty [value: false]
11:35:06.030 [FXGL Background Thread 3 ] DEBUG Engine               - gameDifficulty: MEDIUM
11:35:06.031 [FXGL Background Thread 3 ] DEBUG Engine               - gameDifficultyProperty: ObjectProperty [value: MEDIUM]
11:35:06.032 [FXGL Background Thread 3 ] DEBUG Engine               - globalMusicVolume: 0.5
11:35:06.032 [FXGL Background Thread 3 ] DEBUG Engine               - globalMusicVolumeProperty: DoubleProperty [value: 0.5]
11:35:06.032 [FXGL Background Thread 3 ] DEBUG Engine               - globalSoundVolume: 0.5
11:35:06.033 [FXGL Background Thread 3 ] DEBUG Engine               - globalSoundVolumeProperty: DoubleProperty [value: 0.5]
11:35:06.033 [FXGL Background Thread 3 ] DEBUG Engine               - height: 1024
11:35:06.033 [FXGL Background Thread 3 ] DEBUG Engine               - is3D: false
11:35:06.034 [FXGL Background Thread 3 ] DEBUG Engine               - isAndroid: false
11:35:06.034 [FXGL Background Thread 3 ] DEBUG Engine               - isBrowser: false
11:35:06.034 [FXGL Background Thread 3 ] DEBUG Engine               - isClickFeedbackEnabled: false
11:35:06.034 [FXGL Background Thread 3 ] DEBUG Engine               - isCloseConfirmation: false
11:35:06.035 [FXGL Background Thread 3 ] DEBUG Engine               - isDesktop: true
11:35:06.035 [FXGL Background Thread 3 ] DEBUG Engine               - isDeveloperMenuEnabled: true
11:35:06.036 [FXGL Background Thread 3 ] DEBUG Engine               - isEmbedded: false
11:35:06.036 [FXGL Background Thread 3 ] DEBUG Engine               - isEntityPreloadEnabled: true
11:35:06.037 [FXGL Background Thread 3 ] DEBUG Engine               - isExperimentalTiledLargeMap: false
11:35:06.037 [FXGL Background Thread 3 ] DEBUG Engine               - isFileSystemWriteAllowed: true
11:35:06.047 [FXGL Background Thread 3 ] DEBUG Engine               - isFullScreenAllowed: false
11:35:06.048 [FXGL Background Thread 3 ] DEBUG Engine               - isFullScreenFromStart: false
11:35:06.050 [FXGL Background Thread 3 ] DEBUG Engine               - isGameMenuEnabled: true
11:35:06.051 [FXGL Background Thread 3 ] DEBUG Engine               - isIOS: false
11:35:06.053 [FXGL Background Thread 3 ] DEBUG Engine               - isIntroEnabled: false
11:35:06.053 [FXGL Background Thread 3 ] DEBUG Engine               - isLinux: false
11:35:06.053 [FXGL Background Thread 3 ] DEBUG Engine               - isMac: false
11:35:06.053 [FXGL Background Thread 3 ] DEBUG Engine               - isMainMenuEnabled: true
11:35:06.054 [FXGL Background Thread 3 ] DEBUG Engine               - isManualResizeEnabled: false
11:35:06.054 [FXGL Background Thread 3 ] DEBUG Engine               - isMobile: false
11:35:06.054 [FXGL Background Thread 3 ] DEBUG Engine               - isNative: false
11:35:06.054 [FXGL Background Thread 3 ] DEBUG Engine               - isPauseMusicWhenMinimized: true
11:35:06.054 [FXGL Background Thread 3 ] DEBUG Engine               - isPreserveResizeRatio: false
11:35:06.054 [FXGL Background Thread 3 ] DEBUG Engine               - isProfilingEnabled: false
11:35:06.054 [FXGL Background Thread 3 ] DEBUG Engine               - isScaleAffectedOnResize: true
11:35:06.054 [FXGL Background Thread 3 ] DEBUG Engine               - isSingleStep: false
11:35:06.054 [FXGL Background Thread 3 ] DEBUG Engine               - isUserProfileEnabled: false
11:35:06.054 [FXGL Background Thread 3 ] DEBUG Engine               - isWindows: true
11:35:06.055 [FXGL Background Thread 3 ] DEBUG Engine               - language: ObjectProperty [value: ENGLISH]
11:35:06.056 [FXGL Background Thread 3 ] DEBUG Engine               - menuKey: ESCAPE
11:35:06.056 [FXGL Background Thread 3 ] DEBUG Engine               - mouseSensitivity: 0.2
11:35:06.057 [FXGL Background Thread 3 ] DEBUG Engine               - notificationViewClass: class com.almasb.fxgl.notification.view.XboxNotificationView
11:35:06.057 [FXGL Background Thread 3 ] DEBUG Engine               - pixelsPerMeter: 50.0
11:35:06.057 [FXGL Background Thread 3 ] DEBUG Engine               - platform: WINDOWS
11:35:06.057 [FXGL Background Thread 3 ] DEBUG Engine               - prefHeightProperty: ReadOnlyDoubleProperty [value: 1024.0]
11:35:06.057 [FXGL Background Thread 3 ] DEBUG Engine               - prefWidthProperty: ReadOnlyDoubleProperty [value: 1536.0]
11:35:06.057 [FXGL Background Thread 3 ] DEBUG Engine               - profileDir: profiles/
11:35:06.057 [FXGL Background Thread 3 ] DEBUG Engine               - profileName: StringProperty [value: DEFAULT]
11:35:06.057 [FXGL Background Thread 3 ] DEBUG Engine               - randomSeed: -1
11:35:06.058 [FXGL Background Thread 3 ] DEBUG Engine               - runtimeInfo: RuntimeInfo(platform=WINDOWS, version=17.3, build=30.03.2023 11.49)
11:35:06.058 [FXGL Background Thread 3 ] DEBUG Engine               - saveFileExt: sav
11:35:06.058 [FXGL Background Thread 3 ] DEBUG Engine               - scaledHeightProp$fxgl: DoubleProperty [bound, value: 912.0]
11:35:06.058 [FXGL Background Thread 3 ] DEBUG Engine               - scaledWidthProp$fxgl: DoubleProperty [bound, value: 1343.0]
11:35:06.058 [FXGL Background Thread 3 ] DEBUG Engine               - sceneFactory: App.Game.GameApp$1@20a3a041
11:35:06.059 [FXGL Background Thread 3 ] DEBUG Engine               - secondsIn24h: 60
11:35:06.059 [FXGL Background Thread 3 ] DEBUG Engine               - soundMenuBack: menu/back.wav
11:35:06.059 [FXGL Background Thread 3 ] DEBUG Engine               - soundMenuPress: menu/press.wav
11:35:06.059 [FXGL Background Thread 3 ] DEBUG Engine               - soundMenuSelect: menu/select.wav
11:35:06.059 [FXGL Background Thread 3 ] DEBUG Engine               - soundNotification: core/notification.wav
11:35:06.059 [FXGL Background Thread 3 ] DEBUG Engine               - stageStyle: DECORATED
11:35:06.059 [FXGL Background Thread 3 ] DEBUG Engine               - supportedLanguages: [ENGLISH, FRENCH, GERMAN, HUNGARIAN, RUSSIAN]
11:35:06.060 [FXGL Background Thread 3 ] DEBUG Engine               - ticksPerSecond: -1
11:35:06.060 [FXGL Background Thread 3 ] DEBUG Engine               - title: Eclipsis: el legado de la nave abandonada
11:35:06.060 [FXGL Background Thread 3 ] DEBUG Engine               - urlGithub: https://github.com/AlmasB/FXGL
11:35:06.060 [FXGL Background Thread 3 ] DEBUG Engine               - urlLeaderboard: http://fxgl-top.herokuapp.com/
11:35:06.060 [FXGL Background Thread 3 ] DEBUG Engine               - urlPOM: https://raw.githubusercontent.com/AlmasB/FXGL/release/README.md
11:35:06.060 [FXGL Background Thread 3 ] DEBUG Engine               - userAppClass: class App.Game.GameApp
11:35:06.060 [FXGL Background Thread 3 ] DEBUG Engine               - version: 0.0
11:35:06.060 [FXGL Background Thread 3 ] DEBUG Engine               - versionCheckDays: 7
11:35:06.061 [FXGL Background Thread 3 ] DEBUG Engine               - width: 1536
11:35:06.061 [FXGL Background Thread 3 ] DEBUG Engine               - Logging services
11:35:06.061 [FXGL Background Thread 3 ] DEBUG Engine               - class com.almasb.fxgl.app.services.FXGLAssetLoaderService
11:35:06.061 [FXGL Background Thread 3 ] DEBUG Engine               - class com.almasb.fxgl.app.FXGLApplication$GameApplicationService
11:35:06.061 [FXGL Background Thread 3 ] DEBUG Engine               - class com.almasb.fxgl.app.services.FXGLDialogService
11:35:06.062 [FXGL Background Thread 3 ] DEBUG Engine               - class com.almasb.fxgl.app.services.IOTaskExecutorService
11:35:06.062 [FXGL Background Thread 3 ] DEBUG Engine               - class com.almasb.fxgl.io.FileSystemService
11:35:06.062 [FXGL Background Thread 3 ] DEBUG Engine               - class com.almasb.fxgl.localization.LocalizationService
11:35:06.062 [FXGL Background Thread 3 ] DEBUG Engine               - class com.almasb.fxgl.app.services.SystemBundleService
11:35:06.062 [FXGL Background Thread 3 ] DEBUG Engine               - class com.almasb.fxgl.profile.SaveLoadService
11:35:06.062 [FXGL Background Thread 3 ] DEBUG Engine               - class com.almasb.fxgl.ui.FXGLUIFactoryServiceProvider
11:35:06.062 [FXGL Background Thread 3 ] DEBUG Engine               - class com.almasb.fxgl.ui.FXGLDialogFactoryServiceProvider
11:35:06.067 [FXGL Background Thread 3 ] DEBUG Engine               - class com.almasb.fxgl.audio.AudioPlayer
11:35:06.067 [FXGL Background Thread 3 ] DEBUG Engine               - class com.almasb.fxgl.notification.impl.NotificationServiceProvider
11:35:06.068 [FXGL Background Thread 3 ] DEBUG Engine               - class com.almasb.fxgl.achievement.AchievementService
11:35:06.068 [FXGL Background Thread 3 ] DEBUG Engine               - class com.almasb.fxgl.cutscene.CutsceneService
11:35:06.068 [FXGL Background Thread 3 ] DEBUG Engine               - class com.almasb.fxgl.minigames.MiniGameService
11:35:06.068 [FXGL Background Thread 3 ] DEBUG Engine               - class com.almasb.fxgl.net.NetService
11:35:06.068 [FXGL Background Thread 3 ] DEBUG Engine               - class com.almasb.fxgl.app.services.UpdaterService
11:35:06.068 [FXGL Background Thread 3 ] DEBUG Engine               - class com.almasb.fxgl.dev.DevService
11:35:06.661 [JavaFX Application Thread] DEBUG FXGLAssetLoaderServi - Loading from file system: file:/C:/Users/Dannieris/Desktop/Nueva%20carpeta%20(5)/ForkProyecto/target/classes/assets/sounds/key.wav
11:35:07.744 [JavaFX Application Thread] DEBUG GameApplicationServi - Starting new game
11:35:07.745 [JavaFX Application Thread] DEBUG PrimaryStageWindow   - Pop state: EscenaSeleccion
11:35:07.745 [JavaFX Application Thread] DEBUG Input                - Clearing active input actions
11:35:07.747 [JavaFX Application Thread] DEBUG GameApplicationServi - Removing overlay from EscenaSeleccion and adding to MyMenu
11:35:07.756 [JavaFX Application Thread] DEBUG PrimaryStageWindow   - MyMenu <- EscenaSeleccion
11:35:07.756 [JavaFX Application Thread] DEBUG PrimaryStageWindow   - Pop state: MyMenu
11:35:07.756 [JavaFX Application Thread] DEBUG Input                - Clearing active input actions
11:35:07.757 [JavaFX Application Thread] DEBUG GameApplicationServi - Removing overlay from MyMenu and adding to FXGLMainMenuDummyScene
11:35:07.760 [JavaFX Application Thread] DEBUG PrimaryStageWindow   - FXGLMainMenuDummyScene <- MyMenu
11:35:07.760 [JavaFX Application Thread] DEBUG Input                - Clearing active input actions
11:35:07.777 [JavaFX Application Thread] DEBUG GameApplicationServi - Removing overlay from FXGLMainMenuDummyScene and adding to FXGLLoadingScene
11:35:07.783 [JavaFX Application Thread] DEBUG PrimaryStageWindow   - FXGLMainMenuDummyScene -> FXGLLoadingScene
11:35:07.784 [JavaFX Application Thread] DEBUG GameApplicationServi - Clearing previous game
11:35:07.784 [JavaFX Application Thread] DEBUG GameScene            - Clearing game scene
11:35:07.784 [JavaFX Application Thread] DEBUG GameWorld            - Clearing game world
11:35:07.784 [JavaFX Application Thread] DEBUG PhysicsWorld         - Clearing physics world
11:35:07.786 [FXGL Background Thread 2 ] DEBUG FXGLApplication      - Initializing game
11:35:08.007 [FXGL Background Thread 2 ] DEBUG AudioPlayer          - Stopping music com.almasb.fxgl.audio.Music@e8d1727
11:35:08.012 [FXGL Background Thread 2 ] DEBUG FXGLAssetLoaderServi - Loading from file system: file:/C:/Users/Dannieris/Desktop/Nueva%20carpeta%20(5)/ForkProyecto/target/classes/assets/music/loading.wav
11:35:08.018 [FXGL Background Thread 2 ] DEBUG AudioPlayer          - Playing music com.almasb.fxgl.audio.Music@7cc64ece
11:35:08.120 [FXGL Background Thread 2 ] WARN  TMXLevelLoader       - TiledMap generated from 1.11.2. Supported version: 1.9.0. Some features may not be parsed fully.
11:35:08.152 [FXGL Background Thread 2 ] DEBUG TMXLevelLoader       - Parsed TiledMap: file:/C:/Users/Dannieris/Desktop/Nueva%20carpeta%20(5)/ForkProyecto/target/classes/assets/levels/level_01.tmx
11:35:08.154 [FXGL Background Thread 2 ] DEBUG TMXLevelLoader       - Creating tile layer entities
11:35:08.158 [FXGL Background Thread 2 ] DEBUG TilesetLoader        - Loading view for layer Capa de patrones 1
11:35:08.169 [FXGL Background Thread 2 ] DEBUG TilesetLoader        - Created buffer with size 2000.0x1500.0
11:35:08.216 [FXGL Background Thread 2 ] WARN  TilesetLoader        - Diagonally flipped tiles are not currently supported
11:35:08.218 [FXGL Background Thread 2 ] WARN  TilesetLoader        - Diagonally flipped tiles are not currently supported
11:35:08.218 [FXGL Background Thread 2 ] WARN  TilesetLoader        - Diagonally flipped tiles are not currently supported
11:35:08.221 [FXGL Background Thread 2 ] WARN  TilesetLoader        - Diagonally flipped tiles are not currently supported
11:35:08.224 [FXGL Background Thread 2 ] WARN  TilesetLoader        - Diagonally flipped tiles are not currently supported
11:35:08.225 [FXGL Background Thread 2 ] WARN  TilesetLoader        - Diagonally flipped tiles are not currently supported
11:35:08.247 [FXGL Background Thread 2 ] WARN  TilesetLoader        - Diagonally flipped tiles are not currently supported
11:35:08.249 [FXGL Background Thread 2 ] WARN  TilesetLoader        - Diagonally flipped tiles are not currently supported
11:35:08.252 [FXGL Background Thread 2 ] WARN  TilesetLoader        - Diagonally flipped tiles are not currently supported
11:35:08.256 [FXGL Background Thread 2 ] WARN  TilesetLoader        - Diagonally flipped tiles are not currently supported
11:35:08.257 [FXGL Background Thread 2 ] DEBUG TilesetLoader        - Loading view for layer Capa de Decoracion
11:35:08.274 [FXGL Background Thread 2 ] DEBUG TilesetLoader        - Created buffer with size 2000.0x1500.0
11:35:08.310 [FXGL Background Thread 2 ] WARN  TilesetLoader        - Diagonally flipped tiles are not currently supported
11:35:08.311 [FXGL Background Thread 2 ] WARN  TilesetLoader        - Diagonally flipped tiles are not currently supported
11:35:08.330 [FXGL Background Thread 2 ] WARN  TilesetLoader        - Diagonally flipped tiles are not currently supported
11:35:08.333 [FXGL Background Thread 2 ] WARN  TilesetLoader        - Diagonally flipped tiles are not currently supported
11:35:08.334 [FXGL Background Thread 2 ] WARN  TilesetLoader        - Diagonally flipped tiles are not currently supported
11:35:08.335 [FXGL Background Thread 2 ] WARN  TilesetLoader        - Diagonally flipped tiles are not currently supported
11:35:08.335 [FXGL Background Thread 2 ] WARN  TilesetLoader        - Diagonally flipped tiles are not currently supported
11:35:08.336 [FXGL Background Thread 2 ] WARN  TilesetLoader        - Diagonally flipped tiles are not currently supported
11:35:08.336 [FXGL Background Thread 2 ] WARN  TilesetLoader        - Diagonally flipped tiles are not currently supported
11:35:08.338 [FXGL Background Thread 2 ] WARN  TilesetLoader        - Diagonally flipped tiles are not currently supported
11:35:08.341 [FXGL Background Thread 2 ] DEBUG TMXLevelLoader       - Creating object layer entities
11:35:08.389 [FXGL Background Thread 2 ] DEBUG GameWorld            - Clearing removable entities
11:35:08.439 [FXGL Background Thread 2 ] DEBUG GameWorld            - Setting level: com.almasb.fxgl.entity.level.Level@6eec63f1
11:35:08.468 [FXGL Background Thread 2 ] DEBUG FXGLAssetLoaderServi - Loading from file system: file:/C:/Users/Dannieris/Desktop/Nueva%20carpeta%20(5)/ForkProyecto/target/classes/assets/textures/bossatack_basic.png
11:35:08.472 [FXGL Background Thread 2 ] DEBUG FXGLAssetLoaderServi - Loading from file system: file:/C:/Users/Dannieris/Desktop/Nueva%20carpeta%20(5)/ForkProyecto/target/classes/assets/textures/bossidle.png
11:35:08.474 [FXGL Background Thread 2 ] WARN  FXGLAssetLoaderServi - Asset "/assets/textures/bosscaminando.png" was not found!
11:35:08.474 [FXGL Background Thread 2 ] WARN  FXGLAssetLoaderServi - Failed to load IMAGE
11:35:08.500 [FXGL Background Thread 2 ] WARN  FXGLAssetLoaderServi - Asset "/assets/textures/bossadelante.png" was not found!
11:35:08.500 [FXGL Background Thread 2 ] WARN  FXGLAssetLoaderServi - Failed to load IMAGE
11:35:08.501 [FXGL Background Thread 2 ] WARN  FXGLAssetLoaderServi - Asset "/assets/textures/bossatras.png" was not found!
11:35:08.501 [FXGL Background Thread 2 ] WARN  FXGLAssetLoaderServi - Failed to load IMAGE
11:35:08.502 [FXGL Background Thread 2 ] WARN  FXGLAssetLoaderServi - Asset "/assets/textures/bossdeat.png" was not found!
11:35:08.502 [FXGL Background Thread 2 ] WARN  FXGLAssetLoaderServi - Failed to load IMAGE
11:35:08.514 [FXGL Background Thread 2 ] WARN  GameWorld            - Entity is already attached to world
11:35:08.516 [FXGL Background Thread 2 ] DEBUG FXGLAssetLoaderServi - Loading from file system: file:/C:/Users/Dannieris/Desktop/Nueva%20carpeta%20(5)/ForkProyecto/target/classes/assets/textures/tankeitem.png
11:35:08.517 [FXGL Background Thread 2 ] WARN  FXGLAssetLoaderServi - Asset "/assets/textures/tankedisabled.png" was not found!
11:35:08.517 [FXGL Background Thread 2 ] WARN  FXGLAssetLoaderServi - Failed to load IMAGE
11:35:08.518 [FXGL Background Thread 2 ] WARN  GameWorld            - Entity is already attached to world
11:35:08.518 [FXGL Background Thread 2 ] WARN  FXGLAssetLoaderServi - Asset "/assets/textures/tankedisabled.png" was not found!
11:35:08.519 [FXGL Background Thread 2 ] WARN  FXGLAssetLoaderServi - Failed to load IMAGE
11:35:08.519 [FXGL Background Thread 2 ] WARN  GameWorld            - Entity is already attached to world
11:35:08.519 [FXGL Background Thread 2 ] DEBUG FXGLAssetLoaderServi - Loading from file system: file:/C:/Users/Dannieris/Desktop/Nueva%20carpeta%20(5)/ForkProyecto/target/classes/assets/textures/exploreatack_basic.png
11:35:08.521 [FXGL Background Thread 2 ] DEBUG FXGLAssetLoaderServi - Loading from file system: file:/C:/Users/Dannieris/Desktop/Nueva%20carpeta%20(5)/ForkProyecto/target/classes/assets/textures/exploreidle.png
11:35:08.521 [FXGL Background Thread 2 ] WARN  FXGLAssetLoaderServi - Asset "/assets/textures/explorecaminando.png" was not found!
11:35:08.521 [FXGL Background Thread 2 ] WARN  FXGLAssetLoaderServi - Failed to load IMAGE
11:35:08.523 [FXGL Background Thread 2 ] WARN  FXGLAssetLoaderServi - Asset "/assets/textures/exploreadelante.png" was not found!
11:35:08.523 [FXGL Background Thread 2 ] WARN  FXGLAssetLoaderServi - Failed to load IMAGE
11:35:08.523 [FXGL Background Thread 2 ] WARN  FXGLAssetLoaderServi - Asset "/assets/textures/exploreatras.png" was not found!
11:35:08.523 [FXGL Background Thread 2 ] WARN  FXGLAssetLoaderServi - Failed to load IMAGE
11:35:08.523 [FXGL Background Thread 2 ] DEBUG FXGLAssetLoaderServi - Loading from file system: file:/C:/Users/Dannieris/Desktop/Nueva%20carpeta%20(5)/ForkProyecto/target/classes/assets/textures/exploredeat.png
11:35:08.524 [FXGL Background Thread 2 ] WARN  GameWorld            - Entity is already attached to world
11:35:08.525 [FXGL Background Thread 2 ] WARN  FXGLAssetLoaderServi - Asset "/assets/textures/explorecaminando.png" was not found!
11:35:08.525 [FXGL Background Thread 2 ] WARN  FXGLAssetLoaderServi - Failed to load IMAGE
11:35:08.525 [FXGL Background Thread 2 ] WARN  FXGLAssetLoaderServi - Asset "/assets/textures/exploreadelante.png" was not found!
11:35:08.525 [FXGL Background Thread 2 ] WARN  FXGLAssetLoaderServi - Failed to load IMAGE
11:35:08.526 [FXGL Background Thread 2 ] WARN  FXGLAssetLoaderServi - Asset "/assets/textures/exploreatras.png" was not found!
11:35:08.526 [FXGL Background Thread 2 ] WARN  FXGLAssetLoaderServi - Failed to load IMAGE
11:35:08.528 [FXGL Background Thread 2 ] WARN  GameWorld            - Entity is already attached to world
11:35:08.529 [FXGL Background Thread 2 ] DEBUG FXGLAssetLoaderServi - Loading from file system: file:/C:/Users/Dannieris/Desktop/Nueva%20carpeta%20(5)/ForkProyecto/target/classes/assets/textures/droidatack_basic.png
11:35:08.533 [FXGL Background Thread 2 ] DEBUG FXGLAssetLoaderServi - Loading from file system: file:/C:/Users/Dannieris/Desktop/Nueva%20carpeta%20(5)/ForkProyecto/target/classes/assets/textures/droididle.png
11:35:08.535 [FXGL Background Thread 2 ] WARN  FXGLAssetLoaderServi - Asset "/assets/textures/droidcaminando.png" was not found!
11:35:08.535 [FXGL Background Thread 2 ] WARN  FXGLAssetLoaderServi - Failed to load IMAGE
11:35:08.535 [FXGL Background Thread 2 ] WARN  FXGLAssetLoaderServi - Asset "/assets/textures/droidadelante.png" was not found!
11:35:08.535 [FXGL Background Thread 2 ] WARN  FXGLAssetLoaderServi - Failed to load IMAGE
11:35:08.536 [FXGL Background Thread 2 ] WARN  FXGLAssetLoaderServi - Asset "/assets/textures/droidatras.png" was not found!
11:35:08.536 [FXGL Background Thread 2 ] WARN  FXGLAssetLoaderServi - Failed to load IMAGE
11:35:08.536 [FXGL Background Thread 2 ] DEBUG FXGLAssetLoaderServi - Loading from file system: file:/C:/Users/Dannieris/Desktop/Nueva%20carpeta%20(5)/ForkProyecto/target/classes/assets/textures/droiddeat.png
11:35:08.538 [FXGL Background Thread 2 ] WARN  GameWorld            - Entity is already attached to world
11:35:08.541 [FXGL Background Thread 2 ] WARN  FXGLAssetLoaderServi - Asset "/assets/textures/droidcaminando.png" was not found!
11:35:08.541 [FXGL Background Thread 2 ] WARN  FXGLAssetLoaderServi - Failed to load IMAGE
11:35:08.541 [FXGL Background Thread 2 ] WARN  FXGLAssetLoaderServi - Asset "/assets/textures/droidadelante.png" was not found!
11:35:08.541 [FXGL Background Thread 2 ] WARN  FXGLAssetLoaderServi - Failed to load IMAGE
11:35:08.542 [FXGL Background Thread 2 ] WARN  FXGLAssetLoaderServi - Asset "/assets/textures/droidatras.png" was not found!
11:35:08.542 [FXGL Background Thread 2 ] WARN  FXGLAssetLoaderServi - Failed to load IMAGE
11:35:08.543 [FXGL Background Thread 2 ] WARN  GameWorld            - Entity is already attached to world
11:35:08.546 [FXGL Background Thread 2 ] DEBUG FXGLAssetLoaderServi - Loading from file system: file:/C:/Users/Dannieris/Desktop/Nueva%20carpeta%20(5)/ForkProyecto/target/classes/assets/textures/droid2atack_basic.png
11:35:08.549 [FXGL Background Thread 2 ] DEBUG FXGLAssetLoaderServi - Loading from file system: file:/C:/Users/Dannieris/Desktop/Nueva%20carpeta%20(5)/ForkProyecto/target/classes/assets/textures/droid2idle.png
11:35:08.552 [FXGL Background Thread 2 ] WARN  FXGLAssetLoaderServi - Asset "/assets/textures/droid2caminando.png" was not found!
11:35:08.552 [FXGL Background Thread 2 ] WARN  FXGLAssetLoaderServi - Failed to load IMAGE
11:35:08.552 [FXGL Background Thread 2 ] WARN  FXGLAssetLoaderServi - Asset "/assets/textures/droid2adelante.png" was not found!
11:35:08.552 [FXGL Background Thread 2 ] WARN  FXGLAssetLoaderServi - Failed to load IMAGE
11:35:08.552 [FXGL Background Thread 2 ] WARN  FXGLAssetLoaderServi - Asset "/assets/textures/droid2atras.png" was not found!
11:35:08.554 [FXGL Background Thread 2 ] WARN  FXGLAssetLoaderServi - Failed to load IMAGE
11:35:08.554 [FXGL Background Thread 2 ] DEBUG FXGLAssetLoaderServi - Loading from file system: file:/C:/Users/Dannieris/Desktop/Nueva%20carpeta%20(5)/ForkProyecto/target/classes/assets/textures/droid2deat.png
11:35:08.556 [FXGL Background Thread 2 ] WARN  GameWorld            - Entity is already attached to world
11:35:08.558 [FXGL Background Thread 2 ] WARN  FXGLAssetLoaderServi - Asset "/assets/textures/droid2caminando.png" was not found!
11:35:08.558 [FXGL Background Thread 2 ] WARN  FXGLAssetLoaderServi - Failed to load IMAGE
11:35:08.560 [FXGL Background Thread 2 ] WARN  FXGLAssetLoaderServi - Asset "/assets/textures/droid2adelante.png" was not found!
11:35:08.560 [FXGL Background Thread 2 ] WARN  FXGLAssetLoaderServi - Failed to load IMAGE
11:35:08.561 [FXGL Background Thread 2 ] WARN  FXGLAssetLoaderServi - Asset "/assets/textures/droid2atras.png" was not found!
11:35:08.561 [FXGL Background Thread 2 ] WARN  FXGLAssetLoaderServi - Failed to load IMAGE
11:35:08.566 [FXGL Background Thread 2 ] WARN  GameWorld            - Entity is already attached to world
11:35:08.569 [FXGL Background Thread 2 ] WARN  FXGLAssetLoaderServi - Asset "/assets/textures/droid2caminando.png" was not found!
11:35:08.569 [FXGL Background Thread 2 ] WARN  FXGLAssetLoaderServi - Failed to load IMAGE
11:35:08.569 [FXGL Background Thread 2 ] WARN  FXGLAssetLoaderServi - Asset "/assets/textures/droid2adelante.png" was not found!
11:35:08.569 [FXGL Background Thread 2 ] WARN  FXGLAssetLoaderServi - Failed to load IMAGE
11:35:08.569 [FXGL Background Thread 2 ] WARN  FXGLAssetLoaderServi - Asset "/assets/textures/droid2atras.png" was not found!
11:35:08.571 [FXGL Background Thread 2 ] WARN  FXGLAssetLoaderServi - Failed to load IMAGE
11:35:08.572 [FXGL Background Thread 2 ] WARN  GameWorld            - Entity is already attached to world
11:35:08.575 [FXGL Background Thread 2 ] DEBUG FXGLAssetLoaderServi - Loading from file system: file:/C:/Users/Dannieris/Desktop/Nueva%20carpeta%20(5)/ForkProyecto/target/classes/assets/textures/droid3atack_basic.png
11:35:08.580 [FXGL Background Thread 2 ] DEBUG FXGLAssetLoaderServi - Loading from file system: file:/C:/Users/Dannieris/Desktop/Nueva%20carpeta%20(5)/ForkProyecto/target/classes/assets/textures/droid3idle.png
11:35:08.584 [FXGL Background Thread 2 ] WARN  FXGLAssetLoaderServi - Asset "/assets/textures/droid3caminando.png" was not found!
11:35:08.584 [FXGL Background Thread 2 ] WARN  FXGLAssetLoaderServi - Failed to load IMAGE
11:35:08.585 [FXGL Background Thread 2 ] WARN  FXGLAssetLoaderServi - Asset "/assets/textures/droid3adelante.png" was not found!
11:35:08.585 [FXGL Background Thread 2 ] WARN  FXGLAssetLoaderServi - Failed to load IMAGE
11:35:08.585 [FXGL Background Thread 2 ] WARN  FXGLAssetLoaderServi - Asset "/assets/textures/droid3atras.png" was not found!
11:35:08.585 [FXGL Background Thread 2 ] WARN  FXGLAssetLoaderServi - Failed to load IMAGE
11:35:08.586 [FXGL Background Thread 2 ] DEBUG FXGLAssetLoaderServi - Loading from file system: file:/C:/Users/Dannieris/Desktop/Nueva%20carpeta%20(5)/ForkProyecto/target/classes/assets/textures/droid3deat.png
11:35:08.587 [FXGL Background Thread 2 ] WARN  GameWorld            - Entity is already attached to world
11:35:08.589 [FXGL Background Thread 2 ] WARN  FXGLAssetLoaderServi - Asset "/assets/textures/droid3caminando.png" was not found!
11:35:08.589 [FXGL Background Thread 2 ] WARN  FXGLAssetLoaderServi - Failed to load IMAGE
11:35:08.590 [FXGL Background Thread 2 ] WARN  FXGLAssetLoaderServi - Asset "/assets/textures/droid3adelante.png" was not found!
11:35:08.590 [FXGL Background Thread 2 ] WARN  FXGLAssetLoaderServi - Failed to load IMAGE
11:35:08.590 [FXGL Background Thread 2 ] WARN  FXGLAssetLoaderServi - Asset "/assets/textures/droid3atras.png" was not found!
11:35:08.590 [FXGL Background Thread 2 ] WARN  FXGLAssetLoaderServi - Failed to load IMAGE
11:35:08.594 [FXGL Background Thread 2 ] WARN  GameWorld            - Entity is already attached to world
11:35:08.597 [FXGL Background Thread 2 ] DEBUG FXGLAssetLoaderServi - Loading from file system: file:/C:/Users/Dannieris/Desktop/Nueva%20carpeta%20(5)/ForkProyecto/target/classes/assets/textures/patonatack_basic.png
11:35:08.601 [FXGL Background Thread 2 ] DEBUG FXGLAssetLoaderServi - Loading from file system: file:/C:/Users/Dannieris/Desktop/Nueva%20carpeta%20(5)/ForkProyecto/target/classes/assets/textures/patonidle.png
11:35:08.611 [FXGL Background Thread 2 ] WARN  FXGLAssetLoaderServi - Asset "/assets/textures/patoncaminando.png" was not found!
11:35:08.612 [FXGL Background Thread 2 ] WARN  FXGLAssetLoaderServi - Failed to load IMAGE
11:35:08.612 [FXGL Background Thread 2 ] WARN  FXGLAssetLoaderServi - Asset "/assets/textures/patonadelante.png" was not found!
11:35:08.612 [FXGL Background Thread 2 ] WARN  FXGLAssetLoaderServi - Failed to load IMAGE
11:35:08.613 [FXGL Background Thread 2 ] WARN  FXGLAssetLoaderServi - Asset "/assets/textures/patonatras.png" was not found!
11:35:08.613 [FXGL Background Thread 2 ] WARN  FXGLAssetLoaderServi - Failed to load IMAGE
11:35:08.614 [FXGL Background Thread 2 ] DEBUG FXGLAssetLoaderServi - Loading from file system: file:/C:/Users/Dannieris/Desktop/Nueva%20carpeta%20(5)/ForkProyecto/target/classes/assets/textures/patondeat.png
11:35:08.618 [FXGL Background Thread 2 ] WARN  GameWorld            - Entity is already attached to world
11:35:08.620 [FXGL Background Thread 2 ] WARN  FXGLAssetLoaderServi - Asset "/assets/textures/patoncaminando.png" was not found!
11:35:08.620 [FXGL Background Thread 2 ] WARN  FXGLAssetLoaderServi - Failed to load IMAGE
11:35:08.621 [FXGL Background Thread 2 ] WARN  FXGLAssetLoaderServi - Asset "/assets/textures/patonadelante.png" was not found!
11:35:08.621 [FXGL Background Thread 2 ] WARN  FXGLAssetLoaderServi - Failed to load IMAGE
11:35:08.622 [FXGL Background Thread 2 ] WARN  FXGLAssetLoaderServi - Asset "/assets/textures/patonatras.png" was not found!
11:35:08.622 [FXGL Background Thread 2 ] WARN  FXGLAssetLoaderServi - Failed to load IMAGE
11:35:08.624 [FXGL Background Thread 2 ] WARN  GameWorld            - Entity is already attached to world
11:35:08.630 [FXGL Background Thread 2 ] DEBUG FXGLAssetLoaderServi - Loading from file system: file:/C:/Users/Dannieris/Desktop/Nueva%20carpeta%20(5)/ForkProyecto/target/classes/assets/textures/patrullaatack_basic.png
11:35:08.632 [FXGL Background Thread 2 ] DEBUG FXGLAssetLoaderServi - Loading from file system: file:/C:/Users/Dannieris/Desktop/Nueva%20carpeta%20(5)/ForkProyecto/target/classes/assets/textures/patrullaidle.png
11:35:08.636 [FXGL Background Thread 2 ] WARN  FXGLAssetLoaderServi - Asset "/assets/textures/patrullacaminando.png" was not found!
11:35:08.637 [FXGL Background Thread 2 ] WARN  FXGLAssetLoaderServi - Failed to load IMAGE
11:35:08.637 [FXGL Background Thread 2 ] WARN  FXGLAssetLoaderServi - Asset "/assets/textures/patrullaadelante.png" was not found!
11:35:08.637 [FXGL Background Thread 2 ] WARN  FXGLAssetLoaderServi - Failed to load IMAGE
11:35:08.638 [FXGL Background Thread 2 ] WARN  FXGLAssetLoaderServi - Asset "/assets/textures/patrullaatras.png" was not found!
11:35:08.638 [FXGL Background Thread 2 ] WARN  FXGLAssetLoaderServi - Failed to load IMAGE
11:35:08.638 [FXGL Background Thread 2 ] DEBUG FXGLAssetLoaderServi - Loading from file system: file:/C:/Users/Dannieris/Desktop/Nueva%20carpeta%20(5)/ForkProyecto/target/classes/assets/textures/patrulladeat.png
11:35:08.642 [FXGL Background Thread 2 ] WARN  GameWorld            - Entity is already attached to world
11:35:08.645 [FXGL Background Thread 2 ] WARN  FXGLAssetLoaderServi - Asset "/assets/textures/patrullacaminando.png" was not found!
11:35:08.645 [FXGL Background Thread 2 ] WARN  FXGLAssetLoaderServi - Failed to load IMAGE
11:35:08.645 [FXGL Background Thread 2 ] WARN  FXGLAssetLoaderServi - Asset "/assets/textures/patrullaadelante.png" was not found!
11:35:08.646 [FXGL Background Thread 2 ] WARN  FXGLAssetLoaderServi - Failed to load IMAGE
11:35:08.646 [FXGL Background Thread 2 ] WARN  FXGLAssetLoaderServi - Asset "/assets/textures/patrullaatras.png" was not found!
11:35:08.646 [FXGL Background Thread 2 ] WARN  FXGLAssetLoaderServi - Failed to load IMAGE
11:35:08.648 [FXGL Background Thread 2 ] WARN  GameWorld            - Entity is already attached to world
11:35:08.651 [FXGL Background Thread 2 ] WARN  FXGLAssetLoaderServi - Asset "/assets/textures/patrullacaminando.png" was not found!
11:35:08.652 [FXGL Background Thread 2 ] WARN  FXGLAssetLoaderServi - Failed to load IMAGE
11:35:08.653 [FXGL Background Thread 2 ] WARN  FXGLAssetLoaderServi - Asset "/assets/textures/patrullaadelante.png" was not found!
11:35:08.653 [FXGL Background Thread 2 ] WARN  FXGLAssetLoaderServi - Failed to load IMAGE
11:35:08.654 [FXGL Background Thread 2 ] WARN  FXGLAssetLoaderServi - Asset "/assets/textures/patrullaatras.png" was not found!
11:35:08.654 [FXGL Background Thread 2 ] WARN  FXGLAssetLoaderServi - Failed to load IMAGE
11:35:08.656 [FXGL Background Thread 2 ] WARN  GameWorld            - Entity is already attached to world
11:35:08.657 [FXGL Background Thread 2 ] DEBUG FXGLAssetLoaderServi - Loading from file system: file:/C:/Users/Dannieris/Desktop/Nueva%20carpeta%20(5)/ForkProyecto/target/classes/assets/textures/coinitem.png
11:35:08.661 [FXGL Background Thread 2 ] WARN  FXGLAssetLoaderServi - Asset "/assets/textures/coindisabled.png" was not found!
11:35:08.661 [FXGL Background Thread 2 ] WARN  FXGLAssetLoaderServi - Failed to load IMAGE
11:35:08.663 [FXGL Background Thread 2 ] WARN  GameWorld            - Entity is already attached to world
11:35:08.665 [FXGL Background Thread 2 ] WARN  FXGLAssetLoaderServi - Asset "/assets/textures/coindisabled.png" was not found!
11:35:08.665 [FXGL Background Thread 2 ] WARN  FXGLAssetLoaderServi - Failed to load IMAGE
11:35:08.667 [FXGL Background Thread 2 ] WARN  GameWorld            - Entity is already attached to world
11:35:08.669 [FXGL Background Thread 2 ] WARN  FXGLAssetLoaderServi - Asset "/assets/textures/coindisabled.png" was not found!
11:35:08.671 [FXGL Background Thread 2 ] WARN  FXGLAssetLoaderServi - Failed to load IMAGE
11:35:08.672 [FXGL Background Thread 2 ] WARN  GameWorld            - Entity is already attached to world
11:35:08.674 [FXGL Background Thread 2 ] DEBUG FXGLAssetLoaderServi - Loading from file system: file:/C:/Users/Dannieris/Desktop/Nueva%20carpeta%20(5)/ForkProyecto/target/classes/assets/textures/barreraDesactivadaitem.png
11:35:08.681 [FXGL Background Thread 2 ] WARN  FXGLAssetLoaderServi - Asset "/assets/textures/barreraDesactivadadisabled.png" was not found!
11:35:08.682 [FXGL Background Thread 2 ] WARN  FXGLAssetLoaderServi - Failed to load IMAGE
11:35:08.683 [FXGL Background Thread 2 ] WARN  GameWorld            - Entity is already attached to world
11:35:08.686 [FXGL Background Thread 2 ] WARN  FXGLAssetLoaderServi - Asset "/assets/textures/barreraDesactivadadisabled.png" was not found!
11:35:08.686 [FXGL Background Thread 2 ] WARN  FXGLAssetLoaderServi - Failed to load IMAGE
11:35:08.687 [FXGL Background Thread 2 ] WARN  GameWorld            - Entity is already attached to world
11:35:08.688 [FXGL Background Thread 2 ] WARN  FXGLAssetLoaderServi - Asset "/assets/textures/barreraDesactivadadisabled.png" was not found!
11:35:08.688 [FXGL Background Thread 2 ] WARN  FXGLAssetLoaderServi - Failed to load IMAGE
11:35:08.689 [FXGL Background Thread 2 ] WARN  GameWorld            - Entity is already attached to world
11:35:08.689 [FXGL Background Thread 2 ] WARN  FXGLAssetLoaderServi - Asset "/assets/textures/barreraDesactivadadisabled.png" was not found!
11:35:08.689 [FXGL Background Thread 2 ] WARN  FXGLAssetLoaderServi - Failed to load IMAGE
11:35:08.689 [FXGL Background Thread 2 ] WARN  GameWorld            - Entity is already attached to world
11:35:08.691 [FXGL Background Thread 2 ] DEBUG FXGLAssetLoaderServi - Loading from file system: file:/C:/Users/Dannieris/Desktop/Nueva%20carpeta%20(5)/ForkProyecto/target/classes/assets/textures/panelitem.png
11:35:08.695 [FXGL Background Thread 2 ] DEBUG FXGLAssetLoaderServi - Loading from file system: file:/C:/Users/Dannieris/Desktop/Nueva%20carpeta%20(5)/ForkProyecto/target/classes/assets/textures/paneldisabled.png
11:35:08.699 [FXGL Background Thread 2 ] WARN  GameWorld            - Entity is already attached to world
11:35:08.703 [FXGL Background Thread 2 ] WARN  GameWorld            - Entity is already attached to world
11:35:08.704 [FXGL Background Thread 2 ] DEBUG FXGLAssetLoaderServi - Loading from file system: file:/C:/Users/Dannieris/Desktop/Nueva%20carpeta%20(5)/ForkProyecto/target/classes/assets/textures/generatorSpecialPointitem.png
11:35:08.705 [FXGL Background Thread 2 ] WARN  FXGLAssetLoaderServi - Asset "/assets/textures/generatorSpecialPointdisabled.png" was not found!
11:35:08.706 [FXGL Background Thread 2 ] WARN  FXGLAssetLoaderServi - Failed to load IMAGE
11:35:08.706 [FXGL Background Thread 2 ] WARN  GameWorld            - Entity is already attached to world
11:35:08.707 [FXGL Background Thread 2 ] WARN  FXGLAssetLoaderServi - Asset "/assets/textures/generatorSpecialPointdisabled.png" was not found!
11:35:08.707 [FXGL Background Thread 2 ] WARN  FXGLAssetLoaderServi - Failed to load IMAGE
11:35:08.707 [FXGL Background Thread 2 ] WARN  GameWorld            - Entity is already attached to world
11:35:08.707 [FXGL Background Thread 2 ] DEBUG FXGLAssetLoaderServi - Loading from file system: file:/C:/Users/Dannieris/Desktop/Nueva%20carpeta%20(5)/ForkProyecto/target/classes/assets/textures/lifeitem.png
11:35:08.708 [FXGL Background Thread 2 ] WARN  FXGLAssetLoaderServi - Asset "/assets/textures/lifedisabled.png" was not found!
11:35:08.708 [FXGL Background Thread 2 ] WARN  FXGLAssetLoaderServi - Failed to load IMAGE
11:35:08.709 [FXGL Background Thread 2 ] WARN  GameWorld            - Entity is already attached to world
11:35:08.710 [FXGL Background Thread 2 ] WARN  FXGLAssetLoaderServi - Asset "/assets/textures/lifedisabled.png" was not found!
11:35:08.710 [FXGL Background Thread 2 ] WARN  FXGLAssetLoaderServi - Failed to load IMAGE
11:35:08.712 [FXGL Background Thread 2 ] WARN  GameWorld            - Entity is already attached to world
11:35:08.713 [FXGL Background Thread 2 ] DEBUG FXGLAssetLoaderServi - Loading from file system: file:/C:/Users/Dannieris/Desktop/Nueva%20carpeta%20(5)/ForkProyecto/target/classes/assets/textures/atackitem.png
11:35:08.716 [FXGL Background Thread 2 ] WARN  FXGLAssetLoaderServi - Asset "/assets/textures/atackdisabled.png" was not found!
11:35:08.716 [FXGL Background Thread 2 ] WARN  FXGLAssetLoaderServi - Failed to load IMAGE
11:35:08.717 [FXGL Background Thread 2 ] WARN  GameWorld            - Entity is already attached to world
11:35:08.717 [FXGL Background Thread 2 ] WARN  FXGLAssetLoaderServi - Asset "/assets/textures/atackdisabled.png" was not found!
11:35:08.719 [FXGL Background Thread 2 ] WARN  FXGLAssetLoaderServi - Failed to load IMAGE
11:35:08.719 [FXGL Background Thread 2 ] WARN  GameWorld            - Entity is already attached to world
11:35:08.720 [FXGL Background Thread 2 ] DEBUG FXGLAssetLoaderServi - Loading from file system: file:/C:/Users/Dannieris/Desktop/Nueva%20carpeta%20(5)/ForkProyecto/target/classes/assets/textures/cyborgatack_special.png
11:35:08.724 [FXGL Background Thread 2 ] DEBUG FXGLAssetLoaderServi - Loading from file system: file:/C:/Users/Dannieris/Desktop/Nueva%20carpeta%20(5)/ForkProyecto/target/classes/assets/textures/cyborgatack_basic.png
11:35:08.726 [FXGL Background Thread 2 ] DEBUG FXGLAssetLoaderServi - Loading from file system: file:/C:/Users/Dannieris/Desktop/Nueva%20carpeta%20(5)/ForkProyecto/target/classes/assets/textures/cyborgidle.png
11:35:08.728 [FXGL Background Thread 2 ] DEBUG FXGLAssetLoaderServi - Loading from file system: file:/C:/Users/Dannieris/Desktop/Nueva%20carpeta%20(5)/ForkProyecto/target/classes/assets/textures/cyborgcaminando.png
11:35:08.731 [FXGL Background Thread 2 ] DEBUG FXGLAssetLoaderServi - Loading from file system: file:/C:/Users/Dannieris/Desktop/Nueva%20carpeta%20(5)/ForkProyecto/target/classes/assets/textures/cyborgadelante.png
11:35:08.734 [FXGL Background Thread 2 ] DEBUG FXGLAssetLoaderServi - Loading from file system: file:/C:/Users/Dannieris/Desktop/Nueva%20carpeta%20(5)/ForkProyecto/target/classes/assets/textures/cyborgatras.png
11:35:08.735 [FXGL Background Thread 2 ] DEBUG FXGLAssetLoaderServi - Loading from file system: file:/C:/Users/Dannieris/Desktop/Nueva%20carpeta%20(5)/ForkProyecto/target/classes/assets/textures/cyborgdeat.png
11:35:08.737 [FXGL Background Thread 2 ] WARN  GameWorld            - Entity is already attached to world
11:35:08.737 [FXGL Background Thread 2 ] DEBUG FXGLAssetLoaderServi - Loading from file system: file:/C:/Users/Dannieris/Desktop/Nueva%20carpeta%20(5)/ForkProyecto/target/classes/assets/textures/puertaNivelitem.png
11:35:08.744 [FXGL Background Thread 2 ] DEBUG FXGLAssetLoaderServi - Loading from file system: file:/C:/Users/Dannieris/Desktop/Nueva%20carpeta%20(5)/ForkProyecto/target/classes/assets/textures/puertaNiveldisabled.png
11:35:08.748 [FXGL Background Thread 2 ] WARN  GameWorld            - Entity is already attached to world
11:35:08.749 [FXGL Background Thread 2 ] DEBUG FXGLAssetLoaderServi - Loading from file system: file:/C:/Users/Dannieris/Desktop/Nueva%20carpeta%20(5)/ForkProyecto/target/classes/assets/textures/barreraitem.png
11:35:08.755 [FXGL Background Thread 2 ] DEBUG FXGLAssetLoaderServi - Loading from file system: file:/C:/Users/Dannieris/Desktop/Nueva%20carpeta%20(5)/ForkProyecto/target/classes/assets/textures/barreradisabled.png
11:35:08.761 [FXGL Background Thread 2 ] WARN  GameWorld            - Entity is already attached to world
11:35:08.765 [FXGL Background Thread 2 ] WARN  GameWorld            - Entity is already attached to world
11:35:08.766 [FXGL Background Thread 2 ] DEBUG Input                - Registered new binding: Mover Arriba - W
11:35:08.766 [FXGL Background Thread 2 ] DEBUG Input                - Registered new binding: Mover Abajo - S
11:35:08.766 [FXGL Background Thread 2 ] DEBUG Input                - Registered new binding: Mover Izquierda - A
11:35:08.770 [FXGL Background Thread 2 ] DEBUG Input                - Registered new binding: Mover Derecha - D
11:35:08.771 [FXGL Background Thread 2 ] DEBUG FXGLAssetLoaderServi - Loading from file system: file:/C:/Users/Dannieris/Desktop/Nueva%20carpeta%20(5)/ForkProyecto/target/classes/assets/textures/nivel1Texto.png
11:35:08.784 [FXGL Background Thread 2 ] DEBUG FXGLAssetLoaderServi - Loading from file system: file:/C:/Users/Dannieris/Desktop/Nueva%20carpeta%20(5)/ForkProyecto/target/classes/assets/textures/imageBotonResaltar.png
11:35:08.785 [FXGL Background Thread 2 ] DEBUG FXGLAssetLoaderServi - Loading from file system: file:/C:/Users/Dannieris/Desktop/Nueva%20carpeta%20(5)/ForkProyecto/target/classes/assets/textures/coinConteiner.png
11:35:08.786 [FXGL Background Thread 2 ] DEBUG FXGLAssetLoaderServi - Loading from file system: file:/C:/Users/Dannieris/Desktop/Nueva%20carpeta%20(5)/ForkProyecto/target/classes/assets/textures/targetCoin.png
11:35:08.952 [FXGL Background Thread 2 ] DEBUG FXGLAssetLoaderServi - Loading from file system: file:/C:/Users/Dannieris/Desktop/Nueva%20carpeta%20(5)/ForkProyecto/target/classes/assets/textures/latienda.png
11:35:08.959 [FXGL Background Thread 2 ] DEBUG FXGLAssetLoaderServi - Loading from file system: file:/C:/Users/Dannieris/Desktop/Nueva%20carpeta%20(5)/ForkProyecto/target/classes/assets/textures/botonTienda.png
11:35:08.961 [FXGL Background Thread 2 ] DEBUG FXGLAssetLoaderServi - Loading from file system: file:/C:/Users/Dannieris/Desktop/Nueva%20carpeta%20(5)/ForkProyecto/target/classes/assets/textures/botonGameMenu.png
11:35:08.963 [FXGL Background Thread 2 ] DEBUG FXGLAssetLoaderServi - Loading from file system: file:/C:/Users/Dannieris/Desktop/Nueva%20carpeta%20(5)/ForkProyecto/target/classes/assets/textures/buttonMainMenu.png
11:35:08.965 [FXGL Background Thread 2 ] DEBUG FXGLAssetLoaderServi - Loading from file system: file:/C:/Users/Dannieris/Desktop/Nueva%20carpeta%20(5)/ForkProyecto/target/classes/assets/textures/wikiButton.png
11:35:08.966 [FXGL Background Thread 2 ] DEBUG FXGLAssetLoaderServi - Loading from file system: file:/C:/Users/Dannieris/Desktop/Nueva%20carpeta%20(5)/ForkProyecto/target/classes/assets/textures/specialPointBar.png
11:35:08.966 [FXGL Background Thread 2 ] DEBUG FXGLAssetLoaderServi - Loading from file system: file:/C:/Users/Dannieris/Desktop/Nueva%20carpeta%20(5)/ForkProyecto/target/classes/assets/textures/statBar.png
11:35:08.967 [FXGL Background Thread 2 ] DEBUG FXGLAssetLoaderServi - Loading from file system: file:/C:/Users/Dannieris/Desktop/Nueva%20carpeta%20(5)/ForkProyecto/target/classes/assets/textures/statAtackBar.png
11:35:08.967 [FXGL Background Thread 2 ] DEBUG FXGLAssetLoaderServi - Loading from file system: file:/C:/Users/Dannieris/Desktop/Nueva%20carpeta%20(5)/ForkProyecto/target/classes/assets/textures/wiki_image.png
11:35:08.974 [FXGL Background Thread 2 ] DEBUG FXGLAssetLoaderServi - Loading from file system: file:/C:/Users/Dannieris/Desktop/Nueva%20carpeta%20(5)/ForkProyecto/target/classes/assets/textures/iconCyborg.png
11:35:08.977 [FXGL Background Thread 2 ] DEBUG FXGLAssetLoaderServi - Loading from file system: file:/C:/Users/Dannieris/Desktop/Nueva%20carpeta%20(5)/ForkProyecto/target/classes/assets/textures/specialPoint.png
11:35:08.978 [FXGL Background Thread 2 ] DEBUG FXGLAssetLoaderServi - Loading from file system: file:/C:/Users/Dannieris/Desktop/Nueva%20carpeta%20(5)/ForkProyecto/target/classes/assets/textures/special.png
11:35:08.980 [FXGL Background Thread 2 ] DEBUG FXGLAssetLoaderServi - Loading from file system: file:/C:/Users/Dannieris/Desktop/Nueva%20carpeta%20(5)/ForkProyecto/target/classes/assets/textures/barra_enemigo.png
11:35:08.983 [FXGL Background Thread 2 ] DEBUG FXGLAssetLoaderServi - Loading from file system: file:/C:/Users/Dannieris/Desktop/Nueva%20carpeta%20(5)/ForkProyecto/target/classes/assets/textures/life_point_enemi.png
11:35:08.984 [FXGL Background Thread 2 ] DEBUG FXGLAssetLoaderServi - Loading from file system: file:/C:/Users/Dannieris/Desktop/Nueva%20carpeta%20(5)/ForkProyecto/target/classes/assets/textures/life_bar.png
11:35:08.985 [FXGL Background Thread 2 ] DEBUG FXGLAssetLoaderServi - Loading from file system: file:/C:/Users/Dannieris/Desktop/Nueva%20carpeta%20(5)/ForkProyecto/target/classes/assets/textures/life_point.png
11:35:08.986 [FXGL Background Thread 2 ] DEBUG FXGLAssetLoaderServi - Loading from file system: file:/C:/Users/Dannieris/Desktop/Nueva%20carpeta%20(5)/ForkProyecto/target/classes/assets/textures/button_atacck.png
11:35:08.986 [FXGL Background Thread 2 ] DEBUG FXGLAssetLoaderServi - Loading from file system: file:/C:/Users/Dannieris/Desktop/Nueva%20carpeta%20(5)/ForkProyecto/target/classes/assets/textures/combat_panel.png
11:35:08.989 [FXGL Background Thread 2 ] INFO  FXGLApplication      - Game initialization took: 1.203 sec
11:35:08.998 [JavaFX Application Thread] DEBUG Input                - Clearing active input actions
11:35:09.003 [JavaFX Application Thread] DEBUG GameApplicationServi - Removing overlay from FXGLLoadingScene and adding to GameScene
11:35:09.005 [JavaFX Application Thread] DEBUG PrimaryStageWindow   - FXGLLoadingScene -> GameScene
11:35:18.683 [JavaFX Application Thread] DEBUG FXGLApplication      - Exiting FXGL
11:35:18.683 [JavaFX Application Thread] DEBUG LoopRunner           - Stopping loop
11:35:18.683 [JavaFX Application Thread] DEBUG SystemBundleService  - Saving FXGL system data
11:35:18.688 [JavaFX Application Thread] DEBUG FileSystemAccess     - Writing to: C:\Users\Dannieris\Desktop\Nueva carpeta (5)\ForkProyecto\system\fxgl.bundle
11:35:18.692 [JavaFX Application Thread] DEBUG Async                - Shutting down background threads
11:35:18.692 [JavaFX Application Thread] DEBUG PrimaryStageWindow   - Closing main window
11:35:18.711 [JavaFX Application Thread] DEBUG Logger               - Closing Logger
