10:58:03.062 [main                     ] DEBUG Logger               - Configured Logger
10:58:03.081 [main                     ] DEBUG GameApplication      - Logging settings
Title: Eclipsis: el legado de la nave abandonada(BetaVer)
Version: 0.0
Width: 1536
Height: 1024
Fullscreen: false
Intro: false
Profiling: false
Single step:false
App Mode: DEVELOPER
Menu Key: ESCAPE
Stage Style: DECORATED
Scene Factory: class App.Game.GameApp$1

10:58:03.152 [JavaFX Application Thread] DEBUG FXGLApplication      - Initializing FXGL
10:58:03.156 [JavaFX Application Thread] INFO  Engine               - FXGL-17.3 (30.03.2023 11.49) on WINDOWS (J:17.0.12 FX:20)
10:58:03.156 [JavaFX Application Thread] DEBUG Engine               - JRE Vendor Name: Oracle Corporation
10:58:03.156 [JavaFX Application Thread] DEBUG Engine               - Running on OS: Windows 11 version 10.0
10:58:03.157 [JavaFX Application Thread] DEBUG Engine               - Architecture: amd64
10:58:03.157 [JavaFX Application Thread] INFO  Engine               - Source code and latest versions at: https://github.com/AlmasB/FXGL
10:58:03.157 [JavaFX Application Thread] INFO  Engine               -       Ask questions and discuss at: https://github.com/AlmasB/FXGL/discussions
10:58:03.157 [JavaFX Application Thread] INFO  Engine               -              Join the FXGL chat at: https://gitter.im/AlmasB/FXGL
10:58:03.212 [JavaFX Application Thread] DEBUG PrimaryStageWindow   - Creating a JavaFX scene
10:58:03.212 [JavaFX Application Thread] DEBUG PrimaryStageWindow   - Target size > screen size
10:58:03.243 [JavaFX Application Thread] DEBUG PrimaryStageWindow   - Target settings size: 1536.0 x 1024.0
10:58:03.244 [JavaFX Application Thread] DEBUG PrimaryStageWindow   - Scaled scene size:    1343.0 x 912.0
10:58:03.244 [JavaFX Application Thread] DEBUG PrimaryStageWindow   - Scaled ratio: (0.8743489583333334, 0.890625)
10:58:03.245 [JavaFX Application Thread] DEBUG PrimaryStageWindow   - Set initial scene to FXGLStartupScene
10:58:03.247 [JavaFX Application Thread] DEBUG PrimaryStageWindow   - Opening main window
10:58:03.320 [JavaFX Application Thread] DEBUG PrimaryStageWindow   - Window border size: (14.5999755859375, 37.5999755859375)
10:58:03.321 [JavaFX Application Thread] DEBUG PrimaryStageWindow   - Scaled size: 1343.0 x 912.0
10:58:03.321 [JavaFX Application Thread] DEBUG PrimaryStageWindow   - Scaled ratio: (0.8743489583333334, 0.890625)
10:58:03.322 [JavaFX Application Thread] DEBUG PrimaryStageWindow   - Scene size: 1343.0 x 912.0
10:58:03.322 [JavaFX Application Thread] DEBUG PrimaryStageWindow   - Stage size: 1357.5999755859375 x 949.5999755859375
10:58:03.327 [FXGL Background Thread 1 ] DEBUG Engine               - Initializing environment variables
10:58:03.367 [FXGL Background Thread 1 ] DEBUG FXGLAssetLoaderServi - User app class for loading assets: class App.Game.GameApp
10:58:03.367 [FXGL Background Thread 1 ] DEBUG GameApplicationServi - Applying CSS: fxgl_dark.css
10:58:03.369 [FXGL Background Thread 1 ] DEBUG FXGLAssetLoaderServi - Loading from file system: jar:file:///C:/Users/Dannieris/.m2/repository/com/github/almasb/fxgl/17.3/fxgl-17.3.jar!/fxglassets/ui/css/fxgl_dark.css
10:58:03.408 [FXGL Background Thread 1 ] DEBUG GameApplicationServi - Initializing application scenes
10:58:03.447 [FXGL Background Thread 1 ] DEBUG GameWorld            - Game world initialized
10:58:03.498 [FXGL Background Thread 1 ] DEBUG PhysicsWorld         - Physics world initialized: appHeight=1024, physics.ppm=50.0
10:58:03.498 [FXGL Background Thread 1 ] DEBUG PhysicsWorld         - Using strategy: BRUTE_FORCE
10:58:03.505 [FXGL Background Thread 1 ] DEBUG GameScene            - Game scene initialized: 1536x1024
10:58:03.657 [FXGL Background Thread 1 ] DEBUG FXGL.DefaultMenu     - createMenuBodyGameMenu()
10:58:03.669 [FXGL Background Thread 1 ] DEBUG FXGL.DefaultMenu     - createOptionsMenu()
10:58:03.677 [FXGL Background Thread 1 ] DEBUG FXGLAssetLoaderServi - Loading from file system: jar:file:///C:/Users/Dannieris/.m2/repository/com/github/almasb/fxgl/17.3/fxgl-17.3.jar!/fxglassets/textures/particles/smoke.png
10:58:03.732 [FXGL Background Thread 1 ] DEBUG FXGLAssetLoaderServi - Loading from file system: jar:file:///C:/Users/Dannieris/.m2/repository/com/github/almasb/fxgl/17.3/fxgl-17.3.jar!/fxglassets/textures/particles/trace_horizontal.png
10:58:03.748 [FXGL Background Thread 1 ] DEBUG FXGLAssetLoaderServi - Loading from file system: file:/C:/Users/Dannieris/Desktop/ForkProyecto/ForkProyecto/target/classes/assets/music/menu.wav
10:58:03.820 [FXGL Background Thread 1 ] DEBUG AudioPlayer          - Playing music com.almasb.fxgl.audio.Music@49affb6
10:58:03.823 [FXGL Background Thread 1 ] DEBUG AudioPlayer          - Playing music com.almasb.fxgl.audio.Music@49affb6
10:58:03.823 [FXGL Background Thread 1 ] DEBUG FXGLAssetLoaderServi - Loading from file system: file:/C:/Users/Dannieris/Desktop/ForkProyecto/ForkProyecto/target/classes/assets/textures/fondoGameMenu.png
10:58:03.850 [FXGL Background Thread 1 ] DEBUG GameApplicationServi - Application scenes initialized
10:58:03.857 [FXGL Background Thread 1 ] DEBUG SystemBundleService  - Loading FXGL system data
10:58:03.859 [FXGL Background Thread 1 ] DEBUG FileSystemAccess     - Reading from: C:\Users\Dannieris\Desktop\ForkProyecto\ForkProyecto\system\fxgl.bundle
10:58:03.864 [FXGL Background Thread 1 ] DEBUG SystemBundleService  - Bundle FXGL: {}
10:58:03.864 [FXGL Background Thread 1 ] DEBUG UpdaterService       - Checking for updates
10:58:03.891 [FXGL Background Thread 4 ] DEBUG FXGLApplication      - Loading fonts
10:58:03.892 [FXGL Background Thread 1 ] DEBUG FXGLApplication      - Loading default localization
10:58:03.892 [FXGL Background Thread 4 ] DEBUG FXGLAssetLoaderServi - Loading from file system: jar:file:///C:/Users/Dannieris/.m2/repository/com/github/almasb/fxgl/17.3/fxgl-17.3.jar!/fxglassets/ui/fonts/VarelaRound-Regular.ttf
10:58:03.892 [FXGL Background Thread 1 ] DEBUG FXGLAssetLoaderServi - Loading from file system: jar:file:///C:/Users/Dannieris/.m2/repository/com/github/almasb/fxgl/17.3/fxgl-17.3.jar!/fxglassets/languages/english.lang
10:58:03.919 [FXGL Background Thread 1 ] INFO  FXGLApplication      - FXGL initialization took: 0.592 sec
10:58:03.939 [FXGL Background Thread 4 ] DEBUG FXGLAssetLoaderServi - Loading from file system: jar:file:///C:/Users/Dannieris/.m2/repository/com/github/almasb/fxgl/17.3/fxgl-17.3.jar!/fxglassets/ui/fonts/Abel-Regular.ttf
10:58:03.949 [FXGL Background Thread 4 ] DEBUG FXGLAssetLoaderServi - Loading from file system: jar:file:///C:/Users/Dannieris/.m2/repository/com/github/almasb/fxgl/17.3/fxgl-17.3.jar!/fxglassets/ui/fonts/TerminalLandMono-Regular.otf
10:58:03.957 [FXGL Background Thread 4 ] DEBUG FXGLAssetLoaderServi - Loading from file system: jar:file:///C:/Users/Dannieris/.m2/repository/com/github/almasb/fxgl/17.3/fxgl-17.3.jar!/fxglassets/ui/fonts/Courier-Prime.ttf
10:58:04.040 [FXGL Background Thread 2 ] WARN  UpdaterService       - Failed to find updates: java.net.SocketException: Permission denied: connect
10:58:04.117 [JavaFX Application Thread] DEBUG FXGLAssetLoaderServi - Loading from file system: jar:file:///C:/Users/Dannieris/.m2/repository/com/github/almasb/fxgl/17.3/fxgl-17.3.jar!/fxglassets/textures/fxgl_icon.png
10:58:04.126 [JavaFX Application Thread] DEBUG FXGLAssetLoaderServi - Loading from file system: file:/C:/Users/Dannieris/Desktop/ForkProyecto/ForkProyecto/target/classes/assets/textures/cursor.png
10:58:04.132 [JavaFX Application Thread] DEBUG Input                - Registered new binding: Screenshot - CTRL+8
10:58:04.132 [JavaFX Application Thread] DEBUG Input                - Registered new binding: Dev Options - 1
10:58:04.133 [JavaFX Application Thread] DEBUG Input                - Registered new binding: Dev Console - 2
10:58:04.133 [JavaFX Application Thread] DEBUG Input                - Registered new binding: System info dump - CTRL+9
10:58:04.133 [JavaFX Application Thread] DEBUG Input                - Registered new binding: Restart - CTRL+R
10:58:04.133 [JavaFX Application Thread] DEBUG Input                - Registered new binding: Toggle Debug Camera - CTRL+7
10:58:04.135 [JavaFX Application Thread] DEBUG LoopRunner           - Starting loop
10:58:04.142 [JavaFX Application Thread] DEBUG LoopRunner           - Initializing JavaFX AnimationTimerLoop
10:58:04.144 [JavaFX Application Thread] DEBUG Input                - Clearing active input actions
10:58:04.148 [JavaFX Application Thread] DEBUG GameApplicationServi - Removing overlay from FXGLStartupScene and adding to FXGLMainMenuDummyScene
10:58:04.152 [JavaFX Application Thread] DEBUG PrimaryStageWindow   - FXGLStartupScene -> FXGLMainMenuDummyScene
10:58:04.153 [JavaFX Application Thread] DEBUG PrimaryStageWindow   - Push state: MyMenu
10:58:04.153 [JavaFX Application Thread] DEBUG Input                - Clearing active input actions
10:58:04.155 [JavaFX Application Thread] DEBUG GameApplicationServi - Removing overlay from FXGLMainMenuDummyScene and adding to MyMenu
10:58:04.156 [JavaFX Application Thread] DEBUG PrimaryStageWindow   - FXGLMainMenuDummyScene -> MyMenu
10:58:04.156 [JavaFX Application Thread] DEBUG FXGLApplication      - Registering font factories with UI factory
10:58:04.668 [JavaFX Application Thread] DEBUG GameApplicationServi - Starting new game
10:58:04.669 [JavaFX Application Thread] DEBUG PrimaryStageWindow   - Pop state: MyMenu
10:58:04.669 [JavaFX Application Thread] DEBUG Input                - Clearing active input actions
10:58:04.670 [JavaFX Application Thread] DEBUG GameApplicationServi - Removing overlay from MyMenu and adding to FXGLMainMenuDummyScene
10:58:04.672 [JavaFX Application Thread] DEBUG PrimaryStageWindow   - FXGLMainMenuDummyScene <- MyMenu
10:58:04.672 [JavaFX Application Thread] DEBUG Input                - Clearing active input actions
10:58:04.679 [JavaFX Application Thread] DEBUG GameApplicationServi - Removing overlay from FXGLMainMenuDummyScene and adding to FXGLLoadingScene
10:58:04.680 [JavaFX Application Thread] DEBUG PrimaryStageWindow   - FXGLMainMenuDummyScene -> FXGLLoadingScene
10:58:04.680 [JavaFX Application Thread] DEBUG GameApplicationServi - Clearing previous game
10:58:04.680 [JavaFX Application Thread] DEBUG GameScene            - Clearing game scene
10:58:04.680 [JavaFX Application Thread] DEBUG GameWorld            - Clearing game world
10:58:04.680 [JavaFX Application Thread] DEBUG PhysicsWorld         - Clearing physics world
10:58:04.682 [FXGL Background Thread 2 ] DEBUG FXGLApplication      - Initializing game
10:58:04.832 [FXGL Background Thread 2 ] DEBUG AudioPlayer          - Stopping music com.almasb.fxgl.audio.Music@49affb6
10:58:04.834 [FXGL Background Thread 2 ] DEBUG FXGLAssetLoaderServi - Loading from file system: file:/C:/Users/Dannieris/Desktop/ForkProyecto/ForkProyecto/target/classes/assets/music/loading.wav
10:58:04.839 [FXGL Background Thread 2 ] DEBUG AudioPlayer          - Playing music com.almasb.fxgl.audio.Music@1a3d6b47
10:58:04.881 [FXGL Background Thread 2 ] WARN  TMXLevelLoader       - TiledMap generated from 1.11.2. Supported version: 1.9.0. Some features may not be parsed fully.
10:58:04.897 [FXGL Background Thread 2 ] DEBUG TMXLevelLoader       - Parsed TiledMap: file:/C:/Users/Dannieris/Desktop/ForkProyecto/ForkProyecto/target/classes/assets/levels/level_01.tmx
10:58:04.898 [FXGL Background Thread 2 ] DEBUG TMXLevelLoader       - Creating tile layer entities
10:58:04.898 [FXGL Background Thread 2 ] DEBUG TilesetLoader        - Loading view for layer Capa de patrones 1
10:58:04.905 [FXGL Background Thread 2 ] DEBUG TilesetLoader        - Created buffer with size 2000.0x1500.0
10:58:04.927 [FXGL Background Thread 2 ] WARN  TilesetLoader        - Diagonally flipped tiles are not currently supported
10:58:04.929 [FXGL Background Thread 2 ] WARN  TilesetLoader        - Diagonally flipped tiles are not currently supported
10:58:04.930 [FXGL Background Thread 2 ] WARN  TilesetLoader        - Diagonally flipped tiles are not currently supported
10:58:04.931 [FXGL Background Thread 2 ] WARN  TilesetLoader        - Diagonally flipped tiles are not currently supported
10:58:04.935 [FXGL Background Thread 2 ] WARN  TilesetLoader        - Diagonally flipped tiles are not currently supported
10:58:04.942 [FXGL Background Thread 2 ] WARN  TilesetLoader        - Diagonally flipped tiles are not currently supported
10:58:04.943 [FXGL Background Thread 2 ] WARN  TilesetLoader        - Diagonally flipped tiles are not currently supported
10:58:04.944 [FXGL Background Thread 2 ] WARN  TilesetLoader        - Diagonally flipped tiles are not currently supported
10:58:04.944 [FXGL Background Thread 2 ] WARN  TilesetLoader        - Diagonally flipped tiles are not currently supported
10:58:04.944 [FXGL Background Thread 2 ] WARN  TilesetLoader        - Diagonally flipped tiles are not currently supported
10:58:04.947 [FXGL Background Thread 2 ] WARN  TilesetLoader        - Diagonally flipped tiles are not currently supported
10:58:04.947 [FXGL Background Thread 2 ] DEBUG TilesetLoader        - Loading view for layer Capa de Decoracion
10:58:04.949 [FXGL Background Thread 2 ] DEBUG TilesetLoader        - Created buffer with size 2000.0x1500.0
10:58:05.000 [FXGL Background Thread 2 ] DEBUG TMXLevelLoader       - Creating object layer entities
10:58:05.021 [FXGL Background Thread 2 ] DEBUG GameWorld            - Clearing removable entities
10:58:05.045 [FXGL Background Thread 2 ] DEBUG GameWorld            - Setting level: com.almasb.fxgl.entity.level.Level@65eb9caa
10:58:05.054 [FXGL Background Thread 2 ] DEBUG FXGLAssetLoaderServi - Loading from file system: file:/C:/Users/Dannieris/Desktop/ForkProyecto/ForkProyecto/target/classes/assets/textures/tankeitem.png
10:58:05.057 [FXGL Background Thread 2 ] WARN  FXGLAssetLoaderServi - Asset "/assets/textures/tankedisabled.png" was not found!
10:58:05.058 [FXGL Background Thread 2 ] WARN  FXGLAssetLoaderServi - Failed to load IMAGE
10:58:05.078 [FXGL Background Thread 2 ] WARN  GameWorld            - Entity is already attached to world
10:58:05.078 [FXGL Background Thread 2 ] WARN  FXGLAssetLoaderServi - Asset "/assets/textures/tankedisabled.png" was not found!
10:58:05.078 [FXGL Background Thread 2 ] WARN  FXGLAssetLoaderServi - Failed to load IMAGE
10:58:05.079 [FXGL Background Thread 2 ] WARN  GameWorld            - Entity is already attached to world
10:58:05.079 [FXGL Background Thread 2 ] DEBUG FXGLAssetLoaderServi - Loading from file system: file:/C:/Users/Dannieris/Desktop/ForkProyecto/ForkProyecto/target/classes/assets/textures/coinitem.png
10:58:05.080 [FXGL Background Thread 2 ] WARN  FXGLAssetLoaderServi - Asset "/assets/textures/coindisabled.png" was not found!
10:58:05.080 [FXGL Background Thread 2 ] WARN  FXGLAssetLoaderServi - Failed to load IMAGE
10:58:05.080 [FXGL Background Thread 2 ] WARN  GameWorld            - Entity is already attached to world
10:58:05.080 [FXGL Background Thread 2 ] WARN  FXGLAssetLoaderServi - Asset "/assets/textures/coindisabled.png" was not found!
10:58:05.080 [FXGL Background Thread 2 ] WARN  FXGLAssetLoaderServi - Failed to load IMAGE
10:58:05.081 [FXGL Background Thread 2 ] WARN  GameWorld            - Entity is already attached to world
10:58:05.081 [FXGL Background Thread 2 ] WARN  FXGLAssetLoaderServi - Asset "/assets/textures/coindisabled.png" was not found!
10:58:05.081 [FXGL Background Thread 2 ] WARN  FXGLAssetLoaderServi - Failed to load IMAGE
10:58:05.081 [FXGL Background Thread 2 ] WARN  GameWorld            - Entity is already attached to world
10:58:05.082 [FXGL Background Thread 2 ] DEBUG FXGLAssetLoaderServi - Loading from file system: file:/C:/Users/Dannieris/Desktop/ForkProyecto/ForkProyecto/target/classes/assets/textures/exploreatack_basic.png
10:58:05.082 [FXGL Background Thread 2 ] DEBUG FXGLAssetLoaderServi - Loading from file system: file:/C:/Users/Dannieris/Desktop/ForkProyecto/ForkProyecto/target/classes/assets/textures/exploreidle.png
10:58:05.083 [FXGL Background Thread 2 ] WARN  FXGLAssetLoaderServi - Asset "/assets/textures/explorecaminando.png" was not found!
10:58:05.083 [FXGL Background Thread 2 ] WARN  FXGLAssetLoaderServi - Failed to load IMAGE
10:58:05.083 [FXGL Background Thread 2 ] WARN  FXGLAssetLoaderServi - Asset "/assets/textures/exploreadelante.png" was not found!
10:58:05.084 [FXGL Background Thread 2 ] WARN  FXGLAssetLoaderServi - Failed to load IMAGE
10:58:05.084 [FXGL Background Thread 2 ] WARN  FXGLAssetLoaderServi - Asset "/assets/textures/exploreatras.png" was not found!
10:58:05.084 [FXGL Background Thread 2 ] WARN  FXGLAssetLoaderServi - Failed to load IMAGE
10:58:05.084 [FXGL Background Thread 2 ] DEBUG FXGLAssetLoaderServi - Loading from file system: file:/C:/Users/Dannieris/Desktop/ForkProyecto/ForkProyecto/target/classes/assets/textures/exploredeat.png
10:58:05.087 [FXGL Background Thread 2 ] WARN  GameWorld            - Entity is already attached to world
10:58:05.090 [FXGL Background Thread 2 ] WARN  FXGLAssetLoaderServi - Asset "/assets/textures/explorecaminando.png" was not found!
10:58:05.090 [FXGL Background Thread 2 ] WARN  FXGLAssetLoaderServi - Failed to load IMAGE
10:58:05.091 [FXGL Background Thread 2 ] WARN  FXGLAssetLoaderServi - Asset "/assets/textures/exploreadelante.png" was not found!
10:58:05.091 [FXGL Background Thread 2 ] WARN  FXGLAssetLoaderServi - Failed to load IMAGE
10:58:05.091 [FXGL Background Thread 2 ] WARN  FXGLAssetLoaderServi - Asset "/assets/textures/exploreatras.png" was not found!
10:58:05.091 [FXGL Background Thread 2 ] WARN  FXGLAssetLoaderServi - Failed to load IMAGE
10:58:05.092 [FXGL Background Thread 2 ] WARN  GameWorld            - Entity is already attached to world
10:58:05.092 [FXGL Background Thread 2 ] DEBUG FXGLAssetLoaderServi - Loading from file system: file:/C:/Users/Dannieris/Desktop/ForkProyecto/ForkProyecto/target/classes/assets/textures/droidatack_basic.png
10:58:05.095 [FXGL Background Thread 2 ] DEBUG FXGLAssetLoaderServi - Loading from file system: file:/C:/Users/Dannieris/Desktop/ForkProyecto/ForkProyecto/target/classes/assets/textures/droididle.png
10:58:05.096 [FXGL Background Thread 2 ] WARN  FXGLAssetLoaderServi - Asset "/assets/textures/droidcaminando.png" was not found!
10:58:05.096 [FXGL Background Thread 2 ] WARN  FXGLAssetLoaderServi - Failed to load IMAGE
10:58:05.096 [FXGL Background Thread 2 ] WARN  FXGLAssetLoaderServi - Asset "/assets/textures/droidadelante.png" was not found!
10:58:05.096 [FXGL Background Thread 2 ] WARN  FXGLAssetLoaderServi - Failed to load IMAGE
10:58:05.096 [FXGL Background Thread 2 ] WARN  FXGLAssetLoaderServi - Asset "/assets/textures/droidatras.png" was not found!
10:58:05.096 [FXGL Background Thread 2 ] WARN  FXGLAssetLoaderServi - Failed to load IMAGE
10:58:05.096 [FXGL Background Thread 2 ] DEBUG FXGLAssetLoaderServi - Loading from file system: file:/C:/Users/Dannieris/Desktop/ForkProyecto/ForkProyecto/target/classes/assets/textures/droiddeat.png
10:58:05.097 [FXGL Background Thread 2 ] WARN  GameWorld            - Entity is already attached to world
10:58:05.098 [FXGL Background Thread 2 ] WARN  FXGLAssetLoaderServi - Asset "/assets/textures/droidcaminando.png" was not found!
10:58:05.098 [FXGL Background Thread 2 ] WARN  FXGLAssetLoaderServi - Failed to load IMAGE
10:58:05.098 [FXGL Background Thread 2 ] WARN  FXGLAssetLoaderServi - Asset "/assets/textures/droidadelante.png" was not found!
10:58:05.098 [FXGL Background Thread 2 ] WARN  FXGLAssetLoaderServi - Failed to load IMAGE
10:58:05.098 [FXGL Background Thread 2 ] WARN  FXGLAssetLoaderServi - Asset "/assets/textures/droidatras.png" was not found!
10:58:05.098 [FXGL Background Thread 2 ] WARN  FXGLAssetLoaderServi - Failed to load IMAGE
10:58:05.098 [FXGL Background Thread 2 ] WARN  GameWorld            - Entity is already attached to world
10:58:05.099 [FXGL Background Thread 2 ] DEBUG FXGLAssetLoaderServi - Loading from file system: file:/C:/Users/Dannieris/Desktop/ForkProyecto/ForkProyecto/target/classes/assets/textures/droid2atack_basic.png
10:58:05.100 [FXGL Background Thread 2 ] DEBUG FXGLAssetLoaderServi - Loading from file system: file:/C:/Users/Dannieris/Desktop/ForkProyecto/ForkProyecto/target/classes/assets/textures/droid2idle.png
10:58:05.100 [FXGL Background Thread 2 ] WARN  FXGLAssetLoaderServi - Asset "/assets/textures/droid2caminando.png" was not found!
10:58:05.100 [FXGL Background Thread 2 ] WARN  FXGLAssetLoaderServi - Failed to load IMAGE
10:58:05.100 [FXGL Background Thread 2 ] WARN  FXGLAssetLoaderServi - Asset "/assets/textures/droid2adelante.png" was not found!
10:58:05.100 [FXGL Background Thread 2 ] WARN  FXGLAssetLoaderServi - Failed to load IMAGE
10:58:05.100 [FXGL Background Thread 2 ] WARN  FXGLAssetLoaderServi - Asset "/assets/textures/droid2atras.png" was not found!
10:58:05.101 [FXGL Background Thread 2 ] WARN  FXGLAssetLoaderServi - Failed to load IMAGE
10:58:05.101 [FXGL Background Thread 2 ] DEBUG FXGLAssetLoaderServi - Loading from file system: file:/C:/Users/Dannieris/Desktop/ForkProyecto/ForkProyecto/target/classes/assets/textures/droid2deat.png
10:58:05.104 [FXGL Background Thread 2 ] WARN  GameWorld            - Entity is already attached to world
10:58:05.105 [FXGL Background Thread 2 ] WARN  FXGLAssetLoaderServi - Asset "/assets/textures/droid2caminando.png" was not found!
10:58:05.105 [FXGL Background Thread 2 ] WARN  FXGLAssetLoaderServi - Failed to load IMAGE
10:58:05.106 [FXGL Background Thread 2 ] WARN  FXGLAssetLoaderServi - Asset "/assets/textures/droid2adelante.png" was not found!
10:58:05.106 [FXGL Background Thread 2 ] WARN  FXGLAssetLoaderServi - Failed to load IMAGE
10:58:05.106 [FXGL Background Thread 2 ] WARN  FXGLAssetLoaderServi - Asset "/assets/textures/droid2atras.png" was not found!
10:58:05.106 [FXGL Background Thread 2 ] WARN  FXGLAssetLoaderServi - Failed to load IMAGE
10:58:05.108 [FXGL Background Thread 2 ] WARN  GameWorld            - Entity is already attached to world
10:58:05.108 [FXGL Background Thread 2 ] WARN  FXGLAssetLoaderServi - Asset "/assets/textures/droid2caminando.png" was not found!
10:58:05.108 [FXGL Background Thread 2 ] WARN  FXGLAssetLoaderServi - Failed to load IMAGE
10:58:05.108 [FXGL Background Thread 2 ] WARN  FXGLAssetLoaderServi - Asset "/assets/textures/droid2adelante.png" was not found!
10:58:05.108 [FXGL Background Thread 2 ] WARN  FXGLAssetLoaderServi - Failed to load IMAGE
10:58:05.108 [FXGL Background Thread 2 ] WARN  FXGLAssetLoaderServi - Asset "/assets/textures/droid2atras.png" was not found!
10:58:05.108 [FXGL Background Thread 2 ] WARN  FXGLAssetLoaderServi - Failed to load IMAGE
10:58:05.110 [FXGL Background Thread 2 ] WARN  GameWorld            - Entity is already attached to world
10:58:05.110 [FXGL Background Thread 2 ] DEBUG FXGLAssetLoaderServi - Loading from file system: file:/C:/Users/Dannieris/Desktop/ForkProyecto/ForkProyecto/target/classes/assets/textures/droid3atack_basic.png
10:58:05.111 [FXGL Background Thread 2 ] DEBUG FXGLAssetLoaderServi - Loading from file system: file:/C:/Users/Dannieris/Desktop/ForkProyecto/ForkProyecto/target/classes/assets/textures/droid3idle.png
10:58:05.112 [FXGL Background Thread 2 ] WARN  FXGLAssetLoaderServi - Asset "/assets/textures/droid3caminando.png" was not found!
10:58:05.112 [FXGL Background Thread 2 ] WARN  FXGLAssetLoaderServi - Failed to load IMAGE
10:58:05.112 [FXGL Background Thread 2 ] WARN  FXGLAssetLoaderServi - Asset "/assets/textures/droid3adelante.png" was not found!
10:58:05.112 [FXGL Background Thread 2 ] WARN  FXGLAssetLoaderServi - Failed to load IMAGE
10:58:05.112 [FXGL Background Thread 2 ] WARN  FXGLAssetLoaderServi - Asset "/assets/textures/droid3atras.png" was not found!
10:58:05.112 [FXGL Background Thread 2 ] WARN  FXGLAssetLoaderServi - Failed to load IMAGE
10:58:05.112 [FXGL Background Thread 2 ] DEBUG FXGLAssetLoaderServi - Loading from file system: file:/C:/Users/Dannieris/Desktop/ForkProyecto/ForkProyecto/target/classes/assets/textures/droid3deat.png
10:58:05.113 [FXGL Background Thread 2 ] WARN  GameWorld            - Entity is already attached to world
10:58:05.113 [FXGL Background Thread 2 ] WARN  FXGLAssetLoaderServi - Asset "/assets/textures/droid3caminando.png" was not found!
10:58:05.114 [FXGL Background Thread 2 ] WARN  FXGLAssetLoaderServi - Failed to load IMAGE
10:58:05.114 [FXGL Background Thread 2 ] WARN  FXGLAssetLoaderServi - Asset "/assets/textures/droid3adelante.png" was not found!
10:58:05.114 [FXGL Background Thread 2 ] WARN  FXGLAssetLoaderServi - Failed to load IMAGE
10:58:05.114 [FXGL Background Thread 2 ] WARN  FXGLAssetLoaderServi - Asset "/assets/textures/droid3atras.png" was not found!
10:58:05.114 [FXGL Background Thread 2 ] WARN  FXGLAssetLoaderServi - Failed to load IMAGE
10:58:05.114 [FXGL Background Thread 2 ] WARN  GameWorld            - Entity is already attached to world
10:58:05.114 [FXGL Background Thread 2 ] DEBUG FXGLAssetLoaderServi - Loading from file system: file:/C:/Users/Dannieris/Desktop/ForkProyecto/ForkProyecto/target/classes/assets/textures/barreraDesactivadaitem.png
10:58:05.121 [FXGL Background Thread 2 ] WARN  FXGLAssetLoaderServi - Asset "/assets/textures/barreraDesactivadadisabled.png" was not found!
10:58:05.123 [FXGL Background Thread 2 ] WARN  FXGLAssetLoaderServi - Failed to load IMAGE
10:58:05.123 [FXGL Background Thread 2 ] WARN  GameWorld            - Entity is already attached to world
10:58:05.124 [FXGL Background Thread 2 ] WARN  FXGLAssetLoaderServi - Asset "/assets/textures/barreraDesactivadadisabled.png" was not found!
10:58:05.124 [FXGL Background Thread 2 ] WARN  FXGLAssetLoaderServi - Failed to load IMAGE
10:58:05.124 [FXGL Background Thread 2 ] WARN  GameWorld            - Entity is already attached to world
10:58:05.124 [FXGL Background Thread 2 ] WARN  FXGLAssetLoaderServi - Asset "/assets/textures/barreraDesactivadadisabled.png" was not found!
10:58:05.126 [FXGL Background Thread 2 ] WARN  FXGLAssetLoaderServi - Failed to load IMAGE
10:58:05.126 [FXGL Background Thread 2 ] WARN  GameWorld            - Entity is already attached to world
10:58:05.127 [FXGL Background Thread 2 ] WARN  FXGLAssetLoaderServi - Asset "/assets/textures/barreraDesactivadadisabled.png" was not found!
10:58:05.127 [FXGL Background Thread 2 ] WARN  FXGLAssetLoaderServi - Failed to load IMAGE
10:58:05.127 [FXGL Background Thread 2 ] WARN  GameWorld            - Entity is already attached to world
10:58:05.127 [FXGL Background Thread 2 ] DEBUG FXGLAssetLoaderServi - Loading from file system: file:/C:/Users/Dannieris/Desktop/ForkProyecto/ForkProyecto/target/classes/assets/textures/barreraitem.png
10:58:05.129 [FXGL Background Thread 2 ] DEBUG FXGLAssetLoaderServi - Loading from file system: file:/C:/Users/Dannieris/Desktop/ForkProyecto/ForkProyecto/target/classes/assets/textures/barreradisabled.png
10:58:05.130 [FXGL Background Thread 2 ] WARN  GameWorld            - Entity is already attached to world
10:58:05.131 [FXGL Background Thread 2 ] WARN  GameWorld            - Entity is already attached to world
10:58:05.131 [FXGL Background Thread 2 ] DEBUG FXGLAssetLoaderServi - Loading from file system: file:/C:/Users/Dannieris/Desktop/ForkProyecto/ForkProyecto/target/classes/assets/textures/panelitem.png
10:58:05.131 [FXGL Background Thread 2 ] DEBUG FXGLAssetLoaderServi - Loading from file system: file:/C:/Users/Dannieris/Desktop/ForkProyecto/ForkProyecto/target/classes/assets/textures/paneldisabled.png
10:58:05.132 [FXGL Background Thread 2 ] WARN  GameWorld            - Entity is already attached to world
10:58:05.132 [FXGL Background Thread 2 ] WARN  GameWorld            - Entity is already attached to world
10:58:05.134 [FXGL Background Thread 2 ] DEBUG FXGLAssetLoaderServi - Loading from file system: file:/C:/Users/Dannieris/Desktop/ForkProyecto/ForkProyecto/target/classes/assets/textures/generatorSpecialPointitem.png
10:58:05.134 [FXGL Background Thread 2 ] WARN  FXGLAssetLoaderServi - Asset "/assets/textures/generatorSpecialPointdisabled.png" was not found!
10:58:05.134 [FXGL Background Thread 2 ] WARN  FXGLAssetLoaderServi - Failed to load IMAGE
10:58:05.135 [FXGL Background Thread 2 ] WARN  GameWorld            - Entity is already attached to world
10:58:05.136 [FXGL Background Thread 2 ] WARN  FXGLAssetLoaderServi - Asset "/assets/textures/generatorSpecialPointdisabled.png" was not found!
10:58:05.136 [FXGL Background Thread 2 ] WARN  FXGLAssetLoaderServi - Failed to load IMAGE
10:58:05.136 [FXGL Background Thread 2 ] WARN  GameWorld            - Entity is already attached to world
10:58:05.136 [FXGL Background Thread 2 ] DEBUG FXGLAssetLoaderServi - Loading from file system: file:/C:/Users/Dannieris/Desktop/ForkProyecto/ForkProyecto/target/classes/assets/textures/lifeitem.png
10:58:05.138 [FXGL Background Thread 2 ] WARN  FXGLAssetLoaderServi - Asset "/assets/textures/lifedisabled.png" was not found!
10:58:05.138 [FXGL Background Thread 2 ] WARN  FXGLAssetLoaderServi - Failed to load IMAGE
10:58:05.139 [FXGL Background Thread 2 ] WARN  GameWorld            - Entity is already attached to world
10:58:05.140 [FXGL Background Thread 2 ] WARN  FXGLAssetLoaderServi - Asset "/assets/textures/lifedisabled.png" was not found!
10:58:05.140 [FXGL Background Thread 2 ] WARN  FXGLAssetLoaderServi - Failed to load IMAGE
10:58:05.140 [FXGL Background Thread 2 ] WARN  GameWorld            - Entity is already attached to world
10:58:05.142 [FXGL Background Thread 2 ] DEBUG FXGLAssetLoaderServi - Loading from file system: file:/C:/Users/Dannieris/Desktop/ForkProyecto/ForkProyecto/target/classes/assets/textures/atackitem.png
10:58:05.143 [FXGL Background Thread 2 ] WARN  FXGLAssetLoaderServi - Asset "/assets/textures/atackdisabled.png" was not found!
10:58:05.143 [FXGL Background Thread 2 ] WARN  FXGLAssetLoaderServi - Failed to load IMAGE
10:58:05.144 [FXGL Background Thread 2 ] WARN  GameWorld            - Entity is already attached to world
10:58:05.144 [FXGL Background Thread 2 ] WARN  FXGLAssetLoaderServi - Asset "/assets/textures/atackdisabled.png" was not found!
10:58:05.144 [FXGL Background Thread 2 ] WARN  FXGLAssetLoaderServi - Failed to load IMAGE
10:58:05.145 [FXGL Background Thread 2 ] WARN  GameWorld            - Entity is already attached to world
10:58:05.145 [FXGL Background Thread 2 ] DEBUG FXGLAssetLoaderServi - Loading from file system: file:/C:/Users/Dannieris/Desktop/ForkProyecto/ForkProyecto/target/classes/assets/textures/cyborgatack_special.png
10:58:05.146 [FXGL Background Thread 2 ] DEBUG FXGLAssetLoaderServi - Loading from file system: file:/C:/Users/Dannieris/Desktop/ForkProyecto/ForkProyecto/target/classes/assets/textures/cyborgatack_basic.png
10:58:05.147 [FXGL Background Thread 2 ] DEBUG FXGLAssetLoaderServi - Loading from file system: file:/C:/Users/Dannieris/Desktop/ForkProyecto/ForkProyecto/target/classes/assets/textures/cyborgidle.png
10:58:05.147 [FXGL Background Thread 2 ] DEBUG FXGLAssetLoaderServi - Loading from file system: file:/C:/Users/Dannieris/Desktop/ForkProyecto/ForkProyecto/target/classes/assets/textures/cyborgcaminando.png
10:58:05.148 [FXGL Background Thread 2 ] DEBUG FXGLAssetLoaderServi - Loading from file system: file:/C:/Users/Dannieris/Desktop/ForkProyecto/ForkProyecto/target/classes/assets/textures/cyborgadelante.png
10:58:05.149 [FXGL Background Thread 2 ] DEBUG FXGLAssetLoaderServi - Loading from file system: file:/C:/Users/Dannieris/Desktop/ForkProyecto/ForkProyecto/target/classes/assets/textures/cyborgatras.png
10:58:05.150 [FXGL Background Thread 2 ] DEBUG FXGLAssetLoaderServi - Loading from file system: file:/C:/Users/Dannieris/Desktop/ForkProyecto/ForkProyecto/target/classes/assets/textures/cyborgdeat.png
10:58:05.150 [FXGL Background Thread 2 ] WARN  GameWorld            - Entity is already attached to world
10:58:05.152 [FXGL Background Thread 2 ] WARN  FXGLAssetLoaderServi - Asset "/assets/textures/jaxKaneatack_special.png" was not found!
10:58:05.152 [FXGL Background Thread 2 ] WARN  FXGLAssetLoaderServi - Failed to load IMAGE
10:58:05.152 [FXGL Background Thread 2 ] DEBUG FXGLAssetLoaderServi - Loading from file system: file:/C:/Users/Dannieris/Desktop/ForkProyecto/ForkProyecto/target/classes/assets/textures/jaxKaneatack_basic.png
10:58:05.152 [FXGL Background Thread 2 ] DEBUG FXGLAssetLoaderServi - Loading from file system: file:/C:/Users/Dannieris/Desktop/ForkProyecto/ForkProyecto/target/classes/assets/textures/jaxKaneidle.png
10:58:05.153 [FXGL Background Thread 2 ] DEBUG FXGLAssetLoaderServi - Loading from file system: file:/C:/Users/Dannieris/Desktop/ForkProyecto/ForkProyecto/target/classes/assets/textures/jaxKanecaminando.png
10:58:05.154 [FXGL Background Thread 2 ] DEBUG FXGLAssetLoaderServi - Loading from file system: file:/C:/Users/Dannieris/Desktop/ForkProyecto/ForkProyecto/target/classes/assets/textures/jaxKaneadelante.png
10:58:05.154 [FXGL Background Thread 2 ] DEBUG FXGLAssetLoaderServi - Loading from file system: file:/C:/Users/Dannieris/Desktop/ForkProyecto/ForkProyecto/target/classes/assets/textures/jaxKaneatras.png
10:58:05.155 [FXGL Background Thread 2 ] WARN  FXGLAssetLoaderServi - Asset "/assets/textures/jaxKanedeat.png" was not found!
10:58:05.155 [FXGL Background Thread 2 ] WARN  FXGLAssetLoaderServi - Failed to load IMAGE
10:58:05.156 [FXGL Background Thread 2 ] WARN  GameWorld            - Entity is already attached to world
10:58:05.156 [FXGL Background Thread 2 ] DEBUG Input                - Registered new binding: Mover Arriba - W
10:58:05.156 [FXGL Background Thread 2 ] DEBUG Input                - Registered new binding: Mover Abajo - S
10:58:05.156 [FXGL Background Thread 2 ] DEBUG Input                - Registered new binding: Mover Izquierda - A
10:58:05.156 [FXGL Background Thread 2 ] DEBUG Input                - Registered new binding: Mover Derecha - D
10:58:05.157 [FXGL Background Thread 2 ] DEBUG FXGLAssetLoaderServi - Loading from file system: file:/C:/Users/Dannieris/Desktop/ForkProyecto/ForkProyecto/target/classes/assets/textures/nivel1Texto.png
10:58:05.183 [FXGL Background Thread 2 ] DEBUG FXGLAssetLoaderServi - Loading from file system: file:/C:/Users/Dannieris/Desktop/ForkProyecto/ForkProyecto/target/classes/assets/textures/coinConteiner.png
10:58:05.183 [FXGL Background Thread 2 ] DEBUG FXGLAssetLoaderServi - Loading from file system: file:/C:/Users/Dannieris/Desktop/ForkProyecto/ForkProyecto/target/classes/assets/textures/targetCoin.png
10:58:05.209 [FXGL Background Thread 2 ] DEBUG FXGLAssetLoaderServi - Loading from file system: file:/C:/Users/Dannieris/Desktop/ForkProyecto/ForkProyecto/target/classes/assets/textures/latienda.png
10:58:05.214 [FXGL Background Thread 2 ] DEBUG FXGLAssetLoaderServi - Loading from file system: file:/C:/Users/Dannieris/Desktop/ForkProyecto/ForkProyecto/target/classes/assets/textures/botonTienda.png
10:58:05.216 [FXGL Background Thread 2 ] DEBUG FXGLAssetLoaderServi - Loading from file system: file:/C:/Users/Dannieris/Desktop/ForkProyecto/ForkProyecto/target/classes/assets/textures/botonGameMenu.png
10:58:05.217 [FXGL Background Thread 2 ] DEBUG FXGLAssetLoaderServi - Loading from file system: file:/C:/Users/Dannieris/Desktop/ForkProyecto/ForkProyecto/target/classes/assets/textures/buttonMainMenu.png
10:58:05.217 [FXGL Background Thread 2 ] DEBUG FXGLAssetLoaderServi - Loading from file system: file:/C:/Users/Dannieris/Desktop/ForkProyecto/ForkProyecto/target/classes/assets/textures/wikiButton.png
10:58:05.217 [FXGL Background Thread 2 ] DEBUG FXGLAssetLoaderServi - Loading from file system: file:/C:/Users/Dannieris/Desktop/ForkProyecto/ForkProyecto/target/classes/assets/textures/specialPointBar.png
10:58:05.218 [FXGL Background Thread 2 ] DEBUG FXGLAssetLoaderServi - Loading from file system: file:/C:/Users/Dannieris/Desktop/ForkProyecto/ForkProyecto/target/classes/assets/textures/statBar.png
10:58:05.219 [FXGL Background Thread 2 ] DEBUG FXGLAssetLoaderServi - Loading from file system: file:/C:/Users/Dannieris/Desktop/ForkProyecto/ForkProyecto/target/classes/assets/textures/statAtackBar.png
10:58:05.220 [FXGL Background Thread 2 ] DEBUG FXGLAssetLoaderServi - Loading from file system: file:/C:/Users/Dannieris/Desktop/ForkProyecto/ForkProyecto/target/classes/assets/textures/wiki_image.png
10:58:05.232 [FXGL Background Thread 2 ] DEBUG FXGLAssetLoaderServi - Loading from file system: file:/C:/Users/Dannieris/Desktop/ForkProyecto/ForkProyecto/target/classes/assets/textures/iconCyborg.png
10:58:05.238 [FXGL Background Thread 2 ] DEBUG FXGLAssetLoaderServi - Loading from file system: file:/C:/Users/Dannieris/Desktop/ForkProyecto/ForkProyecto/target/classes/assets/textures/iconJaxKane.png
10:58:05.243 [FXGL Background Thread 2 ] DEBUG FXGLAssetLoaderServi - Loading from file system: file:/C:/Users/Dannieris/Desktop/ForkProyecto/ForkProyecto/target/classes/assets/textures/specialPoint.png
10:58:05.244 [FXGL Background Thread 2 ] DEBUG FXGLAssetLoaderServi - Loading from file system: file:/C:/Users/Dannieris/Desktop/ForkProyecto/ForkProyecto/target/classes/assets/textures/special.png
10:58:05.244 [FXGL Background Thread 2 ] DEBUG FXGLAssetLoaderServi - Loading from file system: file:/C:/Users/Dannieris/Desktop/ForkProyecto/ForkProyecto/target/classes/assets/textures/barra_enemigo.png
10:58:05.246 [FXGL Background Thread 2 ] DEBUG FXGLAssetLoaderServi - Loading from file system: file:/C:/Users/Dannieris/Desktop/ForkProyecto/ForkProyecto/target/classes/assets/textures/life_point_enemi.png
10:58:05.246 [FXGL Background Thread 2 ] DEBUG FXGLAssetLoaderServi - Loading from file system: file:/C:/Users/Dannieris/Desktop/ForkProyecto/ForkProyecto/target/classes/assets/textures/life_bar.png
10:58:05.247 [FXGL Background Thread 2 ] DEBUG FXGLAssetLoaderServi - Loading from file system: file:/C:/Users/Dannieris/Desktop/ForkProyecto/ForkProyecto/target/classes/assets/textures/life_point.png
10:58:05.247 [FXGL Background Thread 2 ] DEBUG FXGLAssetLoaderServi - Loading from file system: file:/C:/Users/Dannieris/Desktop/ForkProyecto/ForkProyecto/target/classes/assets/textures/button_atacck.png
10:58:05.247 [FXGL Background Thread 2 ] DEBUG FXGLAssetLoaderServi - Loading from file system: file:/C:/Users/Dannieris/Desktop/ForkProyecto/ForkProyecto/target/classes/assets/textures/combat_panel.png
10:58:05.249 [FXGL Background Thread 2 ] INFO  FXGLApplication      - Game initialization took: 0.568 sec
10:58:05.257 [JavaFX Application Thread] DEBUG Input                - Clearing active input actions
10:58:05.261 [JavaFX Application Thread] DEBUG GameApplicationServi - Removing overlay from FXGLLoadingScene and adding to GameScene
10:58:05.265 [JavaFX Application Thread] DEBUG PrimaryStageWindow   - FXGLLoadingScene -> GameScene
10:58:05.276 [JavaFX Application Thread] DEBUG FXGLAssetLoaderServi - Loading from file system: file:/C:/Users/Dannieris/Desktop/ForkProyecto/ForkProyecto/target/classes/assets/sounds/item.wav
10:58:06.889 [FXGL Background Thread 3 ] DEBUG Engine               - Logging environment variables
10:58:06.890 [FXGL Background Thread 3 ] DEBUG Engine               - achievements: []
10:58:06.891 [FXGL Background Thread 3 ] DEBUG Engine               - actualHeight: 912.0
10:58:06.891 [FXGL Background Thread 3 ] DEBUG Engine               - actualHeightProperty: ReadOnlyDoubleProperty [value: 912.0]
10:58:06.891 [FXGL Background Thread 3 ] DEBUG Engine               - actualWidth: 1343.0
10:58:06.891 [FXGL Background Thread 3 ] DEBUG Engine               - actualWidthProperty: ReadOnlyDoubleProperty [value: 1343.0]
10:58:06.891 [FXGL Background Thread 3 ] DEBUG Engine               - appIcon: fxgl_icon.png
10:58:06.891 [FXGL Background Thread 3 ] DEBUG Engine               - applicationMode: DEVELOPER
10:58:06.891 [FXGL Background Thread 3 ] DEBUG Engine               - cSSList: [fxgl_dark.css]
10:58:06.891 [FXGL Background Thread 3 ] DEBUG Engine               - collisionDetectionStrategy: BRUTE_FORCE
10:58:06.892 [FXGL Background Thread 3 ] DEBUG Engine               - configClass: Optional.empty
10:58:06.892 [FXGL Background Thread 3 ] DEBUG Engine               - credits: []
10:58:06.892 [FXGL Background Thread 3 ] DEBUG Engine               - defaultCursor: CursorInfo(imageName=cursor.png, hotspotX=0.0, hotspotY=0.0)
10:58:06.892 [FXGL Background Thread 3 ] DEBUG Engine               - devBBoxColorProperty: ObjectProperty [value: 0xff0000ff]
10:58:06.892 [FXGL Background Thread 3 ] DEBUG Engine               - devEnableDebugCameraProperty: BooleanProperty [value: false]
10:58:06.893 [FXGL Background Thread 3 ] DEBUG Engine               - devSensorColorProperty: ObjectProperty [value: 0xffff00ff]
10:58:06.893 [FXGL Background Thread 3 ] DEBUG Engine               - devShowBBoxProperty: BooleanProperty [value: false]
10:58:06.894 [FXGL Background Thread 3 ] DEBUG Engine               - devShowPositionProperty: BooleanProperty [value: false]
10:58:06.894 [FXGL Background Thread 3 ] DEBUG Engine               - enabledMenuItems: []
10:58:06.894 [FXGL Background Thread 3 ] DEBUG Engine               - engineServices: [class com.almasb.fxgl.app.services.FXGLAssetLoaderService, class com.almasb.fxgl.app.FXGLApplication$GameApplicationService, class com.almasb.fxgl.app.services.FXGLDialogService, class com.almasb.fxgl.app.services.IOTaskExecutorService, class com.almasb.fxgl.io.FileSystemService, class com.almasb.fxgl.localization.LocalizationService, class com.almasb.fxgl.app.services.SystemBundleService, class com.almasb.fxgl.profile.SaveLoadService, class com.almasb.fxgl.ui.FXGLUIFactoryServiceProvider, class com.almasb.fxgl.ui.FXGLDialogFactoryServiceProvider, class com.almasb.fxgl.audio.AudioPlayer, class com.almasb.fxgl.notification.impl.NotificationServiceProvider, class com.almasb.fxgl.achievement.AchievementService, class com.almasb.fxgl.cutscene.CutsceneService, class com.almasb.fxgl.minigames.MiniGameService, class com.almasb.fxgl.net.NetService, class com.almasb.fxgl.app.services.UpdaterService, class com.almasb.fxgl.dev.DevService]
10:58:06.894 [FXGL Background Thread 3 ] DEBUG Engine               - fontGame: Abel-Regular.ttf
10:58:06.894 [FXGL Background Thread 3 ] DEBUG Engine               - fontMono: TerminalLandMono-Regular.otf
10:58:06.894 [FXGL Background Thread 3 ] DEBUG Engine               - fontSizeScaleUI: 1.0
10:58:06.894 [FXGL Background Thread 3 ] DEBUG Engine               - fontText: Courier-Prime.ttf
10:58:06.894 [FXGL Background Thread 3 ] DEBUG Engine               - fontUI: VarelaRound-Regular.ttf
10:58:06.894 [FXGL Background Thread 3 ] DEBUG Engine               - fullScreen: BooleanProperty [value: false]
10:58:06.894 [FXGL Background Thread 3 ] DEBUG Engine               - gameDifficulty: MEDIUM
10:58:06.894 [FXGL Background Thread 3 ] DEBUG Engine               - gameDifficultyProperty: ObjectProperty [value: MEDIUM]
10:58:06.894 [FXGL Background Thread 3 ] DEBUG Engine               - globalMusicVolume: 0.5
10:58:06.894 [FXGL Background Thread 3 ] DEBUG Engine               - globalMusicVolumeProperty: DoubleProperty [value: 0.5]
10:58:06.894 [FXGL Background Thread 3 ] DEBUG Engine               - globalSoundVolume: 0.5
10:58:06.895 [FXGL Background Thread 3 ] DEBUG Engine               - globalSoundVolumeProperty: DoubleProperty [value: 0.5]
10:58:06.895 [FXGL Background Thread 3 ] DEBUG Engine               - height: 1024
10:58:06.895 [FXGL Background Thread 3 ] DEBUG Engine               - is3D: false
10:58:06.895 [FXGL Background Thread 3 ] DEBUG Engine               - isAndroid: false
10:58:06.895 [FXGL Background Thread 3 ] DEBUG Engine               - isBrowser: false
10:58:06.895 [FXGL Background Thread 3 ] DEBUG Engine               - isClickFeedbackEnabled: false
10:58:06.895 [FXGL Background Thread 3 ] DEBUG Engine               - isCloseConfirmation: false
10:58:06.895 [FXGL Background Thread 3 ] DEBUG Engine               - isDesktop: true
10:58:06.895 [FXGL Background Thread 3 ] DEBUG Engine               - isDeveloperMenuEnabled: true
10:58:06.895 [FXGL Background Thread 3 ] DEBUG Engine               - isEmbedded: false
10:58:06.895 [FXGL Background Thread 3 ] DEBUG Engine               - isEntityPreloadEnabled: true
10:58:06.895 [FXGL Background Thread 3 ] DEBUG Engine               - isExperimentalTiledLargeMap: false
10:58:06.895 [FXGL Background Thread 3 ] DEBUG Engine               - isFileSystemWriteAllowed: true
10:58:06.895 [FXGL Background Thread 3 ] DEBUG Engine               - isFullScreenAllowed: false
10:58:06.895 [FXGL Background Thread 3 ] DEBUG Engine               - isFullScreenFromStart: false
10:58:06.895 [FXGL Background Thread 3 ] DEBUG Engine               - isGameMenuEnabled: true
10:58:06.895 [FXGL Background Thread 3 ] DEBUG Engine               - isIOS: false
10:58:06.895 [FXGL Background Thread 3 ] DEBUG Engine               - isIntroEnabled: false
10:58:06.895 [FXGL Background Thread 3 ] DEBUG Engine               - isLinux: false
10:58:06.895 [FXGL Background Thread 3 ] DEBUG Engine               - isMac: false
10:58:06.895 [FXGL Background Thread 3 ] DEBUG Engine               - isMainMenuEnabled: true
10:58:06.895 [FXGL Background Thread 3 ] DEBUG Engine               - isManualResizeEnabled: false
10:58:06.895 [FXGL Background Thread 3 ] DEBUG Engine               - isMobile: false
10:58:06.896 [FXGL Background Thread 3 ] DEBUG Engine               - isNative: false
10:58:06.896 [FXGL Background Thread 3 ] DEBUG Engine               - isPauseMusicWhenMinimized: true
10:58:06.896 [FXGL Background Thread 3 ] DEBUG Engine               - isPreserveResizeRatio: false
10:58:06.896 [FXGL Background Thread 3 ] DEBUG Engine               - isProfilingEnabled: false
10:58:06.896 [FXGL Background Thread 3 ] DEBUG Engine               - isScaleAffectedOnResize: true
10:58:06.896 [FXGL Background Thread 3 ] DEBUG Engine               - isSingleStep: false
10:58:06.896 [FXGL Background Thread 3 ] DEBUG Engine               - isUserProfileEnabled: false
10:58:06.896 [FXGL Background Thread 3 ] DEBUG Engine               - isWindows: true
10:58:06.896 [FXGL Background Thread 3 ] DEBUG Engine               - language: ObjectProperty [value: ENGLISH]
10:58:06.896 [FXGL Background Thread 3 ] DEBUG Engine               - menuKey: ESCAPE
10:58:06.896 [FXGL Background Thread 3 ] DEBUG Engine               - mouseSensitivity: 0.2
10:58:06.896 [FXGL Background Thread 3 ] DEBUG Engine               - notificationViewClass: class com.almasb.fxgl.notification.view.XboxNotificationView
10:58:06.896 [FXGL Background Thread 3 ] DEBUG Engine               - pixelsPerMeter: 50.0
10:58:06.896 [FXGL Background Thread 3 ] DEBUG Engine               - platform: WINDOWS
10:58:06.896 [FXGL Background Thread 3 ] DEBUG Engine               - prefHeightProperty: ReadOnlyDoubleProperty [value: 1024.0]
10:58:06.896 [FXGL Background Thread 3 ] DEBUG Engine               - prefWidthProperty: ReadOnlyDoubleProperty [value: 1536.0]
10:58:06.896 [FXGL Background Thread 3 ] DEBUG Engine               - profileDir: profiles/
10:58:06.896 [FXGL Background Thread 3 ] DEBUG Engine               - profileName: StringProperty [value: DEFAULT]
10:58:06.896 [FXGL Background Thread 3 ] DEBUG Engine               - randomSeed: -1
10:58:06.896 [FXGL Background Thread 3 ] DEBUG Engine               - runtimeInfo: RuntimeInfo(platform=WINDOWS, version=17.3, build=30.03.2023 11.49)
10:58:06.896 [FXGL Background Thread 3 ] DEBUG Engine               - saveFileExt: sav
10:58:06.897 [FXGL Background Thread 3 ] DEBUG Engine               - scaledHeightProp$fxgl: DoubleProperty [bound, value: 912.0]
10:58:06.897 [FXGL Background Thread 3 ] DEBUG Engine               - scaledWidthProp$fxgl: DoubleProperty [bound, value: 1343.0]
10:58:06.897 [FXGL Background Thread 3 ] DEBUG Engine               - sceneFactory: App.Game.GameApp$1@3b1135d4
10:58:06.897 [FXGL Background Thread 3 ] DEBUG Engine               - secondsIn24h: 60
10:58:06.897 [FXGL Background Thread 3 ] DEBUG Engine               - soundMenuBack: menu/back.wav
10:58:06.897 [FXGL Background Thread 3 ] DEBUG Engine               - soundMenuPress: menu/press.wav
10:58:06.897 [FXGL Background Thread 3 ] DEBUG Engine               - soundMenuSelect: menu/select.wav
10:58:06.897 [FXGL Background Thread 3 ] DEBUG Engine               - soundNotification: core/notification.wav
10:58:06.897 [FXGL Background Thread 3 ] DEBUG Engine               - stageStyle: DECORATED
10:58:06.897 [FXGL Background Thread 3 ] DEBUG Engine               - supportedLanguages: [ENGLISH, FRENCH, GERMAN, HUNGARIAN, RUSSIAN]
10:58:06.897 [FXGL Background Thread 3 ] DEBUG Engine               - ticksPerSecond: -1
10:58:06.897 [FXGL Background Thread 3 ] DEBUG Engine               - title: Eclipsis: el legado de la nave abandonada(BetaVer)
10:58:06.897 [FXGL Background Thread 3 ] DEBUG Engine               - urlGithub: https://github.com/AlmasB/FXGL
10:58:06.897 [FXGL Background Thread 3 ] DEBUG Engine               - urlLeaderboard: http://fxgl-top.herokuapp.com/
10:58:06.897 [FXGL Background Thread 3 ] DEBUG Engine               - urlPOM: https://raw.githubusercontent.com/AlmasB/FXGL/release/README.md
10:58:06.897 [FXGL Background Thread 3 ] DEBUG Engine               - userAppClass: class App.Game.GameApp
10:58:06.897 [FXGL Background Thread 3 ] DEBUG Engine               - version: 0.0
10:58:06.897 [FXGL Background Thread 3 ] DEBUG Engine               - versionCheckDays: 7
10:58:06.897 [FXGL Background Thread 3 ] DEBUG Engine               - width: 1536
10:58:06.897 [FXGL Background Thread 3 ] DEBUG Engine               - Logging services
10:58:06.897 [FXGL Background Thread 3 ] DEBUG Engine               - class com.almasb.fxgl.app.services.FXGLAssetLoaderService
10:58:06.897 [FXGL Background Thread 3 ] DEBUG Engine               - class com.almasb.fxgl.app.FXGLApplication$GameApplicationService
10:58:06.897 [FXGL Background Thread 3 ] DEBUG Engine               - class com.almasb.fxgl.app.services.FXGLDialogService
10:58:06.897 [FXGL Background Thread 3 ] DEBUG Engine               - class com.almasb.fxgl.app.services.IOTaskExecutorService
10:58:06.897 [FXGL Background Thread 3 ] DEBUG Engine               - class com.almasb.fxgl.io.FileSystemService
10:58:06.897 [FXGL Background Thread 3 ] DEBUG Engine               - class com.almasb.fxgl.localization.LocalizationService
10:58:06.897 [FXGL Background Thread 3 ] DEBUG Engine               - class com.almasb.fxgl.app.services.SystemBundleService
10:58:06.897 [FXGL Background Thread 3 ] DEBUG Engine               - class com.almasb.fxgl.profile.SaveLoadService
10:58:06.897 [FXGL Background Thread 3 ] DEBUG Engine               - class com.almasb.fxgl.ui.FXGLUIFactoryServiceProvider
10:58:06.897 [FXGL Background Thread 3 ] DEBUG Engine               - class com.almasb.fxgl.ui.FXGLDialogFactoryServiceProvider
10:58:06.897 [FXGL Background Thread 3 ] DEBUG Engine               - class com.almasb.fxgl.audio.AudioPlayer
10:58:06.897 [FXGL Background Thread 3 ] DEBUG Engine               - class com.almasb.fxgl.notification.impl.NotificationServiceProvider
10:58:06.897 [FXGL Background Thread 3 ] DEBUG Engine               - class com.almasb.fxgl.achievement.AchievementService
10:58:06.897 [FXGL Background Thread 3 ] DEBUG Engine               - class com.almasb.fxgl.cutscene.CutsceneService
10:58:06.897 [FXGL Background Thread 3 ] DEBUG Engine               - class com.almasb.fxgl.minigames.MiniGameService
10:58:06.897 [FXGL Background Thread 3 ] DEBUG Engine               - class com.almasb.fxgl.net.NetService
10:58:06.897 [FXGL Background Thread 3 ] DEBUG Engine               - class com.almasb.fxgl.app.services.UpdaterService
10:58:06.897 [FXGL Background Thread 3 ] DEBUG Engine               - class com.almasb.fxgl.dev.DevService
10:58:11.539 [JavaFX Application Thread] DEBUG FXGLApplication      - Exiting FXGL
10:58:11.540 [JavaFX Application Thread] DEBUG LoopRunner           - Stopping loop
10:58:11.540 [JavaFX Application Thread] DEBUG SystemBundleService  - Saving FXGL system data
10:58:11.543 [JavaFX Application Thread] DEBUG FileSystemAccess     - Writing to: C:\Users\Dannieris\Desktop\ForkProyecto\ForkProyecto\system\fxgl.bundle
10:58:11.545 [JavaFX Application Thread] DEBUG Async                - Shutting down background threads
10:58:11.546 [JavaFX Application Thread] DEBUG PrimaryStageWindow   - Closing main window
10:58:11.570 [JavaFX Application Thread] DEBUG Logger               - Closing Logger
