02:02:14.532 [main                     ] DEBUG Logger               - Configured Logger
02:02:14.557 [main                     ] DEBUG GameApplication      - Logging settings
Title: Pruebas en FXGL
Version: 0.0
Width: 1600
Height: 1000
Fullscreen: false
Intro: false
Profiling: false
Single step:false
App Mode: DEVELOPER
Menu Key: ESCAPE
Stage Style: DECORATED
Scene Factory: class com.almasb.fxgl.app.scene.SceneFactory

02:02:14.735 [JavaFX Application Thread] DEBUG FXGLApplication      - Initializing FXGL
02:02:14.739 [JavaFX Application Thread] INFO  Engine               - FXGL-17.3 (30.03.2023 11.49) on LINUX (J:21.0.6 FX:20)
02:02:14.739 [JavaFX Application Thread] DEBUG Engine               - JRE Vendor Name: Oracle Corporation
02:02:14.739 [JavaFX Application Thread] DEBUG Engine               - Running on OS: Linux version 6.8.0-55-generic
02:02:14.739 [JavaFX Application Thread] DEBUG Engine               - Architecture: amd64
02:02:14.740 [JavaFX Application Thread] INFO  Engine               - Source code and latest versions at: https://github.com/AlmasB/FXGL
02:02:14.740 [JavaFX Application Thread] INFO  Engine               -       Ask questions and discuss at: https://github.com/AlmasB/FXGL/discussions
02:02:14.740 [JavaFX Application Thread] INFO  Engine               -              Join the FXGL chat at: https://gitter.im/AlmasB/FXGL
02:02:14.808 [JavaFX Application Thread] DEBUG PrimaryStageWindow   - Creating a JavaFX scene
02:02:14.808 [JavaFX Application Thread] DEBUG PrimaryStageWindow   - Target size > screen size
02:02:14.867 [JavaFX Application Thread] DEBUG PrimaryStageWindow   - Target settings size: 1600.0 x 1000.0
02:02:14.867 [JavaFX Application Thread] DEBUG PrimaryStageWindow   - Scaled scene size:    1491.0 x 947.0
02:02:14.867 [JavaFX Application Thread] DEBUG PrimaryStageWindow   - Scaled ratio: (0.931875, 0.947)
02:02:14.868 [JavaFX Application Thread] DEBUG PrimaryStageWindow   - Set initial scene to FXGLStartupScene
02:02:14.870 [JavaFX Application Thread] DEBUG PrimaryStageWindow   - Opening main window
02:02:14.899 [JavaFX Application Thread] DEBUG PrimaryStageWindow   - Window border size: (2.641845703125, 26.63995361328125)
02:02:14.899 [JavaFX Application Thread] DEBUG PrimaryStageWindow   - Scaled size: 1491.0 x 947.0
02:02:14.899 [JavaFX Application Thread] DEBUG PrimaryStageWindow   - Scaled ratio: (0.931875, 0.947)
02:02:14.899 [JavaFX Application Thread] DEBUG PrimaryStageWindow   - Scene size: 1491.0 x 947.0
02:02:14.899 [JavaFX Application Thread] DEBUG PrimaryStageWindow   - Stage size: 1493.641845703125 x 973.6399536132812
02:02:14.905 [FXGL Background Thread 1 ] DEBUG Engine               - Initializing environment variables
02:02:14.962 [FXGL Background Thread 1 ] DEBUG FXGLAssetLoaderServi - User app class for loading assets: class App.Game.GameApp
02:02:14.963 [FXGL Background Thread 1 ] DEBUG GameApplicationServi - Applying CSS: fxgl_dark.css
02:02:14.963 [FXGL Background Thread 1 ] DEBUG FXGLAssetLoaderServi - Loading from file system: jar:file:///home/avrann/.m2/repository/com/github/almasb/fxgl/17.3/fxgl-17.3.jar!/fxglassets/ui/css/fxgl_dark.css
02:02:15.003 [FXGL Background Thread 1 ] DEBUG GameApplicationServi - Initializing application scenes
02:02:15.041 [FXGL Background Thread 1 ] DEBUG GameWorld            - Game world initialized
02:02:15.105 [FXGL Background Thread 1 ] DEBUG PhysicsWorld         - Physics world initialized: appHeight=1000, physics.ppm=50.0
02:02:15.105 [FXGL Background Thread 1 ] DEBUG PhysicsWorld         - Using strategy: BRUTE_FORCE
02:02:15.109 [FXGL Background Thread 1 ] DEBUG GameScene            - Game scene initialized: 1600x1000
02:02:15.116 [FXGL Background Thread 1 ] DEBUG FXGL.DefaultMenu     - createMenuBodyGameMenu()
02:02:15.123 [FXGL Background Thread 1 ] DEBUG FXGL.DefaultMenu     - createOptionsMenu()
02:02:15.129 [FXGL Background Thread 1 ] DEBUG FXGLAssetLoaderServi - Loading from file system: jar:file:///home/avrann/.m2/repository/com/github/almasb/fxgl/17.3/fxgl-17.3.jar!/fxglassets/textures/particles/smoke.png
02:02:15.198 [FXGL Background Thread 1 ] DEBUG FXGLAssetLoaderServi - Loading from file system: jar:file:///home/avrann/.m2/repository/com/github/almasb/fxgl/17.3/fxgl-17.3.jar!/fxglassets/textures/particles/trace_horizontal.png
02:02:15.227 [FXGL Background Thread 1 ] DEBUG GameApplicationServi - Application scenes initialized
02:02:15.235 [FXGL Background Thread 1 ] DEBUG SystemBundleService  - Loading FXGL system data
02:02:15.238 [FXGL Background Thread 1 ] DEBUG FileSystemAccess     - Reading from: /home/avrann/Escritorio/Repo Proyecto DPOO/jorge.carrillo-Proyecto-POO-2025/system/fxgl.bundle
02:02:15.245 [FXGL Background Thread 1 ] DEBUG SystemBundleService  - Bundle FXGL: {}
02:02:15.245 [FXGL Background Thread 1 ] DEBUG UpdaterService       - Checking for updates
02:02:15.263 [FXGL Background Thread 1 ] DEBUG FXGLApplication      - Loading default localization
02:02:15.263 [FXGL Background Thread 1 ] DEBUG FXGLAssetLoaderServi - Loading from file system: jar:file:///home/avrann/.m2/repository/com/github/almasb/fxgl/17.3/fxgl-17.3.jar!/fxglassets/languages/english.lang
02:02:15.265 [FXGL Background Thread 4 ] DEBUG FXGLApplication      - Loading fonts
02:02:15.266 [FXGL Background Thread 4 ] DEBUG FXGLAssetLoaderServi - Loading from file system: jar:file:///home/avrann/.m2/repository/com/github/almasb/fxgl/17.3/fxgl-17.3.jar!/fxglassets/ui/fonts/VarelaRound-Regular.ttf
02:02:15.275 [FXGL Background Thread 4 ] DEBUG FXGLAssetLoaderServi - Loading from file system: jar:file:///home/avrann/.m2/repository/com/github/almasb/fxgl/17.3/fxgl-17.3.jar!/fxglassets/ui/fonts/Abel-Regular.ttf
02:02:15.276 [FXGL Background Thread 4 ] DEBUG FXGLAssetLoaderServi - Loading from file system: jar:file:///home/avrann/.m2/repository/com/github/almasb/fxgl/17.3/fxgl-17.3.jar!/fxglassets/ui/fonts/TerminalLandMono-Regular.otf
02:02:15.277 [FXGL Background Thread 4 ] DEBUG FXGLAssetLoaderServi - Loading from file system: jar:file:///home/avrann/.m2/repository/com/github/almasb/fxgl/17.3/fxgl-17.3.jar!/fxglassets/ui/fonts/Courier-Prime.ttf
02:02:15.279 [FXGL Background Thread 1 ] INFO  FXGLApplication      - FXGL initialization took: 0.374 sec
02:02:15.280 [JavaFX Application Thread] DEBUG FXGLAssetLoaderServi - Loading from file system: jar:file:///home/avrann/.m2/repository/com/github/almasb/fxgl/17.3/fxgl-17.3.jar!/fxglassets/textures/fxgl_icon.png
02:02:15.297 [JavaFX Application Thread] DEBUG FXGLAssetLoaderServi - Loading from file system: jar:file:///home/avrann/.m2/repository/com/github/almasb/fxgl/17.3/fxgl-17.3.jar!/fxglassets/textures/fxgl_default_cursor.png
02:02:15.310 [JavaFX Application Thread] DEBUG Input                - Registered new binding: Screenshot - CTRL+8
02:02:15.311 [JavaFX Application Thread] DEBUG Input                - Registered new binding: Dev Options - 1
02:02:15.311 [JavaFX Application Thread] DEBUG Input                - Registered new binding: Dev Console - 2
02:02:15.311 [JavaFX Application Thread] DEBUG Input                - Registered new binding: System info dump - CTRL+9
02:02:15.312 [JavaFX Application Thread] DEBUG Input                - Registered new binding: Restart - CTRL+R
02:02:15.312 [JavaFX Application Thread] DEBUG Input                - Registered new binding: Toggle Debug Camera - CTRL+7
02:02:15.314 [JavaFX Application Thread] DEBUG LoopRunner           - Starting loop
02:02:15.322 [JavaFX Application Thread] DEBUG LoopRunner           - Initializing JavaFX AnimationTimerLoop
02:02:15.323 [JavaFX Application Thread] DEBUG GameApplicationServi - Starting new game
02:02:15.323 [JavaFX Application Thread] DEBUG Input                - Clearing active input actions
02:02:15.339 [JavaFX Application Thread] DEBUG GameApplicationServi - Removing overlay from FXGLStartupScene and adding to FXGLLoadingScene
02:02:15.343 [JavaFX Application Thread] DEBUG PrimaryStageWindow   - FXGLStartupScene -> FXGLLoadingScene
02:02:15.343 [JavaFX Application Thread] DEBUG GameApplicationServi - Clearing previous game
02:02:15.343 [JavaFX Application Thread] DEBUG GameScene            - Clearing game scene
02:02:15.344 [JavaFX Application Thread] DEBUG GameWorld            - Clearing game world
02:02:15.344 [JavaFX Application Thread] DEBUG PhysicsWorld         - Clearing physics world
02:02:15.345 [FXGL Background Thread 4 ] DEBUG FXGLApplication      - Initializing game
02:02:15.347 [JavaFX Application Thread] DEBUG FXGLApplication      - Registering font factories with UI factory
02:02:15.529 [FXGL Background Thread 4 ] DEBUG FXGLAssetLoaderServi - Loading from file system: file:/home/avrann/Escritorio/Repo%20Proyecto%20DPOO/jorge.carrillo-Proyecto-POO-2025/target/classes/assets/music/loading.wav
02:02:15.646 [FXGL Background Thread 4 ] DEBUG AudioPlayer          - Playing music com.almasb.fxgl.audio.Music@73081129
02:02:15.685 [FXGL Background Thread 4 ] DEBUG TMXLevelLoader       - Parsed TiledMap: file:/home/avrann/Escritorio/Repo%20Proyecto%20DPOO/jorge.carrillo-Proyecto-POO-2025/target/classes/assets/levels/level_01.tmx
02:02:15.687 [FXGL Background Thread 4 ] DEBUG TMXLevelLoader       - Creating tile layer entities
02:02:15.693 [FXGL Background Thread 4 ] DEBUG TilesetLoader        - Loading view for layer Capa de patrones 1
02:02:15.697 [FXGL Background Thread 4 ] DEBUG TilesetLoader        - Created buffer with size 2000.0x1500.0
02:02:15.731 [FXGL Background Thread 4 ] WARN  TilesetLoader        - Diagonally flipped tiles are not currently supported
02:02:15.732 [FXGL Background Thread 4 ] WARN  TilesetLoader        - Diagonally flipped tiles are not currently supported
02:02:15.733 [FXGL Background Thread 4 ] WARN  TilesetLoader        - Diagonally flipped tiles are not currently supported
02:02:15.734 [FXGL Background Thread 4 ] WARN  TilesetLoader        - Diagonally flipped tiles are not currently supported
02:02:15.738 [FXGL Background Thread 4 ] WARN  TilesetLoader        - Diagonally flipped tiles are not currently supported
02:02:15.743 [FXGL Background Thread 4 ] WARN  TilesetLoader        - Diagonally flipped tiles are not currently supported
02:02:15.744 [FXGL Background Thread 4 ] WARN  TilesetLoader        - Diagonally flipped tiles are not currently supported
02:02:15.748 [FXGL Background Thread 4 ] WARN  TilesetLoader        - Diagonally flipped tiles are not currently supported
02:02:15.750 [FXGL Background Thread 4 ] WARN  TilesetLoader        - Diagonally flipped tiles are not currently supported
02:02:15.752 [FXGL Background Thread 4 ] WARN  TilesetLoader        - Diagonally flipped tiles are not currently supported
02:02:15.755 [FXGL Background Thread 4 ] WARN  TilesetLoader        - Diagonally flipped tiles are not currently supported
02:02:15.758 [FXGL Background Thread 4 ] DEBUG TilesetLoader        - Loading view for layer Capa de Decoracion
02:02:15.760 [FXGL Background Thread 4 ] DEBUG TilesetLoader        - Created buffer with size 2000.0x1500.0
02:02:15.780 [FXGL Background Thread 4 ] WARN  TilesetLoader        - Diagonally flipped tiles are not currently supported
02:02:15.781 [FXGL Background Thread 4 ] WARN  TilesetLoader        - Diagonally flipped tiles are not currently supported
02:02:15.783 [FXGL Background Thread 4 ] WARN  TilesetLoader        - Diagonally flipped tiles are not currently supported
02:02:15.783 [FXGL Background Thread 4 ] WARN  TilesetLoader        - Diagonally flipped tiles are not currently supported
02:02:15.785 [FXGL Background Thread 4 ] DEBUG TMXLevelLoader       - Creating object layer entities
02:02:15.836 [FXGL Background Thread 4 ] DEBUG GameWorld            - Clearing removable entities
02:02:15.896 [FXGL Background Thread 4 ] DEBUG GameWorld            - Setting level: com.almasb.fxgl.entity.level.Level@7a808255
02:02:15.913 [FXGL Background Thread 4 ] DEBUG FXGLAssetLoaderServi - Loading from file system: file:/home/avrann/Escritorio/Repo%20Proyecto%20DPOO/jorge.carrillo-Proyecto-POO-2025/target/classes/assets/textures/droidatack_basic.png
02:02:15.916 [FXGL Background Thread 4 ] DEBUG FXGLAssetLoaderServi - Loading from file system: file:/home/avrann/Escritorio/Repo%20Proyecto%20DPOO/jorge.carrillo-Proyecto-POO-2025/target/classes/assets/textures/droididle.png
02:02:15.917 [FXGL Background Thread 4 ] WARN  FXGLAssetLoaderServi - Asset "/assets/textures/droidcaminando.png" was not found!
02:02:15.918 [FXGL Background Thread 4 ] WARN  FXGLAssetLoaderServi - Failed to load IMAGE
02:02:15.929 [FXGL Background Thread 4 ] WARN  FXGLAssetLoaderServi - Asset "/assets/textures/droidadelante.png" was not found!
02:02:15.929 [FXGL Background Thread 4 ] WARN  FXGLAssetLoaderServi - Failed to load IMAGE
02:02:15.930 [FXGL Background Thread 4 ] WARN  FXGLAssetLoaderServi - Asset "/assets/textures/droidatras.png" was not found!
02:02:15.930 [FXGL Background Thread 4 ] WARN  FXGLAssetLoaderServi - Failed to load IMAGE
02:02:15.931 [FXGL Background Thread 4 ] DEBUG FXGLAssetLoaderServi - Loading from file system: file:/home/avrann/Escritorio/Repo%20Proyecto%20DPOO/jorge.carrillo-Proyecto-POO-2025/target/classes/assets/textures/droiddeat.png
02:02:15.940 [FXGL Background Thread 4 ] WARN  GameWorld            - Entity is already attached to world
02:02:15.942 [FXGL Background Thread 4 ] DEBUG FXGLAssetLoaderServi - Loading from file system: file:/home/avrann/Escritorio/Repo%20Proyecto%20DPOO/jorge.carrillo-Proyecto-POO-2025/target/classes/assets/textures/droid2atack_basic.png
02:02:15.943 [FXGL Background Thread 4 ] DEBUG FXGLAssetLoaderServi - Loading from file system: file:/home/avrann/Escritorio/Repo%20Proyecto%20DPOO/jorge.carrillo-Proyecto-POO-2025/target/classes/assets/textures/droid2idle.png
02:02:15.945 [FXGL Background Thread 4 ] WARN  FXGLAssetLoaderServi - Asset "/assets/textures/droid2caminando.png" was not found!
02:02:15.946 [FXGL Background Thread 4 ] WARN  FXGLAssetLoaderServi - Failed to load IMAGE
02:02:15.946 [FXGL Background Thread 4 ] WARN  FXGLAssetLoaderServi - Asset "/assets/textures/droid2adelante.png" was not found!
02:02:15.947 [FXGL Background Thread 4 ] WARN  FXGLAssetLoaderServi - Failed to load IMAGE
02:02:15.947 [FXGL Background Thread 4 ] WARN  FXGLAssetLoaderServi - Asset "/assets/textures/droid2atras.png" was not found!
02:02:15.947 [FXGL Background Thread 4 ] WARN  FXGLAssetLoaderServi - Failed to load IMAGE
02:02:15.948 [FXGL Background Thread 4 ] DEBUG FXGLAssetLoaderServi - Loading from file system: file:/home/avrann/Escritorio/Repo%20Proyecto%20DPOO/jorge.carrillo-Proyecto-POO-2025/target/classes/assets/textures/droid2deat.png
02:02:15.952 [FXGL Background Thread 4 ] WARN  GameWorld            - Entity is already attached to world
02:02:15.954 [FXGL Background Thread 4 ] DEBUG FXGLAssetLoaderServi - Loading from file system: file:/home/avrann/Escritorio/Repo%20Proyecto%20DPOO/jorge.carrillo-Proyecto-POO-2025/target/classes/assets/textures/cyborgatack_basic.png
02:02:15.956 [FXGL Background Thread 4 ] DEBUG FXGLAssetLoaderServi - Loading from file system: file:/home/avrann/Escritorio/Repo%20Proyecto%20DPOO/jorge.carrillo-Proyecto-POO-2025/target/classes/assets/textures/cyborgidle.png
02:02:15.957 [FXGL Background Thread 4 ] DEBUG FXGLAssetLoaderServi - Loading from file system: file:/home/avrann/Escritorio/Repo%20Proyecto%20DPOO/jorge.carrillo-Proyecto-POO-2025/target/classes/assets/textures/cyborgcaminando.png
02:02:15.959 [FXGL Background Thread 4 ] DEBUG FXGLAssetLoaderServi - Loading from file system: file:/home/avrann/Escritorio/Repo%20Proyecto%20DPOO/jorge.carrillo-Proyecto-POO-2025/target/classes/assets/textures/cyborgadelante.png
02:02:15.960 [FXGL Background Thread 4 ] DEBUG FXGLAssetLoaderServi - Loading from file system: file:/home/avrann/Escritorio/Repo%20Proyecto%20DPOO/jorge.carrillo-Proyecto-POO-2025/target/classes/assets/textures/cyborgatras.png
02:02:15.961 [FXGL Background Thread 4 ] DEBUG FXGLAssetLoaderServi - Loading from file system: file:/home/avrann/Escritorio/Repo%20Proyecto%20DPOO/jorge.carrillo-Proyecto-POO-2025/target/classes/assets/textures/cyborgdeat.png
02:02:15.962 [FXGL Background Thread 4 ] WARN  GameWorld            - Entity is already attached to world
02:02:15.963 [FXGL Background Thread 4 ] DEBUG FXGLAssetLoaderServi - Loading from file system: file:/home/avrann/Escritorio/Repo%20Proyecto%20DPOO/jorge.carrillo-Proyecto-POO-2025/target/classes/assets/textures/lifeitem.png
02:02:15.964 [FXGL Background Thread 4 ] WARN  GameWorld            - Entity is already attached to world
02:02:15.965 [FXGL Background Thread 4 ] WARN  GameWorld            - Entity is already attached to world
02:02:15.966 [FXGL Background Thread 4 ] DEBUG FXGLAssetLoaderServi - Loading from file system: file:/home/avrann/Escritorio/Repo%20Proyecto%20DPOO/jorge.carrillo-Proyecto-POO-2025/target/classes/assets/textures/atackitem.png
02:02:15.967 [FXGL Background Thread 4 ] WARN  GameWorld            - Entity is already attached to world
02:02:15.967 [FXGL Background Thread 4 ] DEBUG Input                - Registered new binding: Mover Arriba - W
02:02:15.968 [FXGL Background Thread 4 ] DEBUG Input                - Registered new binding: Mover Abajo - S
02:02:15.968 [FXGL Background Thread 4 ] DEBUG Input                - Registered new binding: Mover Izquierda - A
02:02:15.968 [FXGL Background Thread 4 ] DEBUG Input                - Registered new binding: Mover Derecha - D
02:02:15.969 [FXGL Background Thread 4 ] DEBUG FXGLAssetLoaderServi - Loading from file system: file:/home/avrann/Escritorio/Repo%20Proyecto%20DPOO/jorge.carrillo-Proyecto-POO-2025/target/classes/assets/textures/statBar.png
02:02:15.971 [FXGL Background Thread 4 ] DEBUG FXGLAssetLoaderServi - Loading from file system: file:/home/avrann/Escritorio/Repo%20Proyecto%20DPOO/jorge.carrillo-Proyecto-POO-2025/target/classes/assets/textures/statAtackBar.png
02:02:15.972 [FXGL Background Thread 4 ] DEBUG FXGLAssetLoaderServi - Loading from file system: file:/home/avrann/Escritorio/Repo%20Proyecto%20DPOO/jorge.carrillo-Proyecto-POO-2025/target/classes/assets/textures/barra_enemigo.png
02:02:15.974 [FXGL Background Thread 4 ] DEBUG FXGLAssetLoaderServi - Loading from file system: file:/home/avrann/Escritorio/Repo%20Proyecto%20DPOO/jorge.carrillo-Proyecto-POO-2025/target/classes/assets/textures/life_point_enemi.png
02:02:15.975 [FXGL Background Thread 4 ] DEBUG FXGLAssetLoaderServi - Loading from file system: file:/home/avrann/Escritorio/Repo%20Proyecto%20DPOO/jorge.carrillo-Proyecto-POO-2025/target/classes/assets/textures/life_bar.png
02:02:15.978 [FXGL Background Thread 4 ] DEBUG FXGLAssetLoaderServi - Loading from file system: file:/home/avrann/Escritorio/Repo%20Proyecto%20DPOO/jorge.carrillo-Proyecto-POO-2025/target/classes/assets/textures/life_point.png
02:02:15.982 [FXGL Background Thread 4 ] DEBUG FXGLAssetLoaderServi - Loading from file system: file:/home/avrann/Escritorio/Repo%20Proyecto%20DPOO/jorge.carrillo-Proyecto-POO-2025/target/classes/assets/textures/button_atacck.png
02:02:15.982 [FXGL Background Thread 4 ] DEBUG FXGLAssetLoaderServi - Loading from file system: file:/home/avrann/Escritorio/Repo%20Proyecto%20DPOO/jorge.carrillo-Proyecto-POO-2025/target/classes/assets/textures/combat_panel.png
02:02:15.997 [FXGL Background Thread 4 ] INFO  FXGLApplication      - Game initialization took: 0.652 sec
02:02:15.999 [JavaFX Application Thread] DEBUG Input                - Clearing active input actions
02:02:16.011 [JavaFX Application Thread] DEBUG GameApplicationServi - Removing overlay from FXGLLoadingScene and adding to GameScene
02:02:16.015 [JavaFX Application Thread] DEBUG PrimaryStageWindow   - FXGLLoadingScene -> GameScene
02:02:16.898 [FXGL Background Thread 2 ] INFO  UpdaterService       - Your current version:  17.3
02:02:16.898 [FXGL Background Thread 2 ] INFO  UpdaterService       - Latest stable version: 21.1
02:02:18.261 [FXGL Background Thread 3 ] DEBUG Engine               - Logging environment variables
02:02:18.262 [FXGL Background Thread 3 ] DEBUG Engine               - achievements: []
02:02:18.262 [FXGL Background Thread 3 ] DEBUG Engine               - actualHeight: 921.5453491210938
02:02:18.262 [FXGL Background Thread 3 ] DEBUG Engine               - actualHeightProperty: ReadOnlyDoubleProperty [value: 949.7272338867188]
02:02:18.262 [FXGL Background Thread 3 ] DEBUG Engine               - actualWidth: 1489.1817626953125
02:02:18.262 [FXGL Background Thread 3 ] DEBUG Engine               - actualWidthProperty: ReadOnlyDoubleProperty [value: 1489.1817626953125]
02:02:18.262 [FXGL Background Thread 3 ] DEBUG Engine               - appIcon: fxgl_icon.png
02:02:18.262 [FXGL Background Thread 3 ] DEBUG Engine               - applicationMode: DEVELOPER
02:02:18.263 [FXGL Background Thread 3 ] DEBUG Engine               - cSSList: [fxgl_dark.css]
02:02:18.263 [FXGL Background Thread 3 ] DEBUG Engine               - collisionDetectionStrategy: BRUTE_FORCE
02:02:18.263 [FXGL Background Thread 3 ] DEBUG Engine               - configClass: Optional.empty
02:02:18.263 [FXGL Background Thread 3 ] DEBUG Engine               - credits: []
02:02:18.263 [FXGL Background Thread 3 ] DEBUG Engine               - defaultCursor: CursorInfo(imageName=fxgl_default_cursor.png, hotspotX=7.0, hotspotY=6.0)
02:02:18.263 [FXGL Background Thread 3 ] DEBUG Engine               - devBBoxColorProperty: ObjectProperty [value: 0xff0000ff]
02:02:18.264 [FXGL Background Thread 3 ] DEBUG Engine               - devEnableDebugCameraProperty: BooleanProperty [value: false]
02:02:18.264 [FXGL Background Thread 3 ] DEBUG Engine               - devSensorColorProperty: ObjectProperty [value: 0xffff00ff]
02:02:18.264 [FXGL Background Thread 3 ] DEBUG Engine               - devShowBBoxProperty: BooleanProperty [value: false]
02:02:18.264 [FXGL Background Thread 3 ] DEBUG Engine               - devShowPositionProperty: BooleanProperty [value: false]
02:02:18.264 [FXGL Background Thread 3 ] DEBUG Engine               - enabledMenuItems: []
02:02:18.264 [FXGL Background Thread 3 ] DEBUG Engine               - engineServices: [class com.almasb.fxgl.app.services.FXGLAssetLoaderService, class com.almasb.fxgl.app.FXGLApplication$GameApplicationService, class com.almasb.fxgl.app.services.FXGLDialogService, class com.almasb.fxgl.app.services.IOTaskExecutorService, class com.almasb.fxgl.io.FileSystemService, class com.almasb.fxgl.localization.LocalizationService, class com.almasb.fxgl.app.services.SystemBundleService, class com.almasb.fxgl.profile.SaveLoadService, class com.almasb.fxgl.ui.FXGLUIFactoryServiceProvider, class com.almasb.fxgl.ui.FXGLDialogFactoryServiceProvider, class com.almasb.fxgl.audio.AudioPlayer, class com.almasb.fxgl.notification.impl.NotificationServiceProvider, class com.almasb.fxgl.achievement.AchievementService, class com.almasb.fxgl.cutscene.CutsceneService, class com.almasb.fxgl.minigames.MiniGameService, class com.almasb.fxgl.net.NetService, class com.almasb.fxgl.app.services.UpdaterService, class com.almasb.fxgl.dev.DevService]
02:02:18.264 [FXGL Background Thread 3 ] DEBUG Engine               - fontGame: Abel-Regular.ttf
02:02:18.264 [FXGL Background Thread 3 ] DEBUG Engine               - fontMono: TerminalLandMono-Regular.otf
02:02:18.264 [FXGL Background Thread 3 ] DEBUG Engine               - fontSizeScaleUI: 1.0
02:02:18.265 [FXGL Background Thread 3 ] DEBUG Engine               - fontText: Courier-Prime.ttf
02:02:18.265 [FXGL Background Thread 3 ] DEBUG Engine               - fontUI: VarelaRound-Regular.ttf
02:02:18.265 [FXGL Background Thread 3 ] DEBUG Engine               - fullScreen: BooleanProperty [value: false]
02:02:18.265 [FXGL Background Thread 3 ] DEBUG Engine               - gameDifficulty: MEDIUM
02:02:18.265 [FXGL Background Thread 3 ] DEBUG Engine               - gameDifficultyProperty: ObjectProperty [value: MEDIUM]
02:02:18.265 [FXGL Background Thread 3 ] DEBUG Engine               - globalMusicVolume: 0.5
02:02:18.265 [FXGL Background Thread 3 ] DEBUG Engine               - globalMusicVolumeProperty: DoubleProperty [value: 0.5]
02:02:18.265 [FXGL Background Thread 3 ] DEBUG Engine               - globalSoundVolume: 0.5
02:02:18.265 [FXGL Background Thread 3 ] DEBUG Engine               - globalSoundVolumeProperty: DoubleProperty [value: 0.5]
02:02:18.265 [FXGL Background Thread 3 ] DEBUG Engine               - height: 1000
02:02:18.266 [FXGL Background Thread 3 ] DEBUG Engine               - is3D: false
02:02:18.266 [FXGL Background Thread 3 ] DEBUG Engine               - isAndroid: false
02:02:18.266 [FXGL Background Thread 3 ] DEBUG Engine               - isBrowser: false
02:02:18.266 [FXGL Background Thread 3 ] DEBUG Engine               - isClickFeedbackEnabled: false
02:02:18.266 [FXGL Background Thread 3 ] DEBUG Engine               - isCloseConfirmation: false
02:02:18.266 [FXGL Background Thread 3 ] DEBUG Engine               - isDesktop: true
02:02:18.266 [FXGL Background Thread 3 ] DEBUG Engine               - isDeveloperMenuEnabled: true
02:02:18.266 [FXGL Background Thread 3 ] DEBUG Engine               - isEmbedded: false
02:02:18.266 [FXGL Background Thread 3 ] DEBUG Engine               - isEntityPreloadEnabled: true
02:02:18.266 [FXGL Background Thread 3 ] DEBUG Engine               - isExperimentalTiledLargeMap: false
02:02:18.266 [FXGL Background Thread 3 ] DEBUG Engine               - isFileSystemWriteAllowed: true
02:02:18.266 [FXGL Background Thread 3 ] DEBUG Engine               - isFullScreenAllowed: false
02:02:18.266 [FXGL Background Thread 3 ] DEBUG Engine               - isFullScreenFromStart: false
02:02:18.266 [FXGL Background Thread 3 ] DEBUG Engine               - isGameMenuEnabled: true
02:02:18.266 [FXGL Background Thread 3 ] DEBUG Engine               - isIOS: false
02:02:18.266 [FXGL Background Thread 3 ] DEBUG Engine               - isIntroEnabled: false
02:02:18.266 [FXGL Background Thread 3 ] DEBUG Engine               - isLinux: true
02:02:18.266 [FXGL Background Thread 3 ] DEBUG Engine               - isMac: false
02:02:18.267 [FXGL Background Thread 3 ] DEBUG Engine               - isMainMenuEnabled: false
02:02:18.267 [FXGL Background Thread 3 ] DEBUG Engine               - isManualResizeEnabled: false
02:02:18.267 [FXGL Background Thread 3 ] DEBUG Engine               - isMobile: false
02:02:18.267 [FXGL Background Thread 3 ] DEBUG Engine               - isNative: false
02:02:18.267 [FXGL Background Thread 3 ] DEBUG Engine               - isPauseMusicWhenMinimized: true
02:02:18.267 [FXGL Background Thread 3 ] DEBUG Engine               - isPreserveResizeRatio: false
02:02:18.267 [FXGL Background Thread 3 ] DEBUG Engine               - isProfilingEnabled: false
02:02:18.267 [FXGL Background Thread 3 ] DEBUG Engine               - isScaleAffectedOnResize: true
02:02:18.267 [FXGL Background Thread 3 ] DEBUG Engine               - isSingleStep: false
02:02:18.267 [FXGL Background Thread 3 ] DEBUG Engine               - isUserProfileEnabled: false
02:02:18.267 [FXGL Background Thread 3 ] DEBUG Engine               - isWindows: false
02:02:18.267 [FXGL Background Thread 3 ] DEBUG Engine               - language: ObjectProperty [value: ENGLISH]
02:02:18.267 [FXGL Background Thread 3 ] DEBUG Engine               - menuKey: ESCAPE
02:02:18.267 [FXGL Background Thread 3 ] DEBUG Engine               - mouseSensitivity: 0.2
02:02:18.267 [FXGL Background Thread 3 ] DEBUG Engine               - notificationViewClass: class com.almasb.fxgl.notification.view.XboxNotificationView
02:02:18.268 [FXGL Background Thread 3 ] DEBUG Engine               - pixelsPerMeter: 50.0
02:02:18.268 [FXGL Background Thread 3 ] DEBUG Engine               - platform: LINUX
02:02:18.268 [FXGL Background Thread 3 ] DEBUG Engine               - prefHeightProperty: ReadOnlyDoubleProperty [value: 1000.0]
02:02:18.268 [FXGL Background Thread 3 ] DEBUG Engine               - prefWidthProperty: ReadOnlyDoubleProperty [value: 1600.0]
02:02:18.268 [FXGL Background Thread 3 ] DEBUG Engine               - profileDir: profiles/
02:02:18.268 [FXGL Background Thread 3 ] DEBUG Engine               - profileName: StringProperty [value: DEFAULT]
02:02:18.268 [FXGL Background Thread 3 ] DEBUG Engine               - randomSeed: -1
02:02:18.268 [FXGL Background Thread 3 ] DEBUG Engine               - runtimeInfo: RuntimeInfo(platform=LINUX, version=17.3, build=30.03.2023 11.49)
02:02:18.268 [FXGL Background Thread 3 ] DEBUG Engine               - saveFileExt: sav
02:02:18.268 [FXGL Background Thread 3 ] DEBUG Engine               - scaledHeightProp$fxgl: DoubleProperty [bound, value: 949.7272338867188]
02:02:18.269 [FXGL Background Thread 3 ] DEBUG Engine               - scaledWidthProp$fxgl: DoubleProperty [bound, value: 1489.1817626953125]
02:02:18.269 [FXGL Background Thread 3 ] DEBUG Engine               - sceneFactory: com.almasb.fxgl.app.scene.SceneFactory@49d15f4
02:02:18.269 [FXGL Background Thread 3 ] DEBUG Engine               - secondsIn24h: 60
02:02:18.269 [FXGL Background Thread 3 ] DEBUG Engine               - soundMenuBack: menu/back.wav
02:02:18.269 [FXGL Background Thread 3 ] DEBUG Engine               - soundMenuPress: menu/press.wav
02:02:18.269 [FXGL Background Thread 3 ] DEBUG Engine               - soundMenuSelect: menu/select.wav
02:02:18.269 [FXGL Background Thread 3 ] DEBUG Engine               - soundNotification: core/notification.wav
02:02:18.269 [FXGL Background Thread 3 ] DEBUG Engine               - stageStyle: DECORATED
02:02:18.269 [FXGL Background Thread 3 ] DEBUG Engine               - supportedLanguages: [ENGLISH, FRENCH, GERMAN, HUNGARIAN, RUSSIAN]
02:02:18.269 [FXGL Background Thread 3 ] DEBUG Engine               - ticksPerSecond: -1
02:02:18.269 [FXGL Background Thread 3 ] DEBUG Engine               - title: Pruebas en FXGL
02:02:18.269 [FXGL Background Thread 3 ] DEBUG Engine               - urlGithub: https://github.com/AlmasB/FXGL
02:02:18.269 [FXGL Background Thread 3 ] DEBUG Engine               - urlLeaderboard: http://fxgl-top.herokuapp.com/
02:02:18.269 [FXGL Background Thread 3 ] DEBUG Engine               - urlPOM: https://raw.githubusercontent.com/AlmasB/FXGL/release/README.md
02:02:18.269 [FXGL Background Thread 3 ] DEBUG Engine               - userAppClass: class App.Game.GameApp
02:02:18.269 [FXGL Background Thread 3 ] DEBUG Engine               - version: 0.0
02:02:18.269 [FXGL Background Thread 3 ] DEBUG Engine               - versionCheckDays: 7
02:02:18.269 [FXGL Background Thread 3 ] DEBUG Engine               - width: 1600
02:02:18.269 [FXGL Background Thread 3 ] DEBUG Engine               - Logging services
02:02:18.269 [FXGL Background Thread 3 ] DEBUG Engine               - class com.almasb.fxgl.app.services.FXGLAssetLoaderService
02:02:18.270 [FXGL Background Thread 3 ] DEBUG Engine               - class com.almasb.fxgl.app.FXGLApplication$GameApplicationService
02:02:18.270 [FXGL Background Thread 3 ] DEBUG Engine               - class com.almasb.fxgl.app.services.FXGLDialogService
02:02:18.270 [FXGL Background Thread 3 ] DEBUG Engine               - class com.almasb.fxgl.app.services.IOTaskExecutorService
02:02:18.270 [FXGL Background Thread 3 ] DEBUG Engine               - class com.almasb.fxgl.io.FileSystemService
02:02:18.270 [FXGL Background Thread 3 ] DEBUG Engine               - class com.almasb.fxgl.localization.LocalizationService
02:02:18.270 [FXGL Background Thread 3 ] DEBUG Engine               - class com.almasb.fxgl.app.services.SystemBundleService
02:02:18.270 [FXGL Background Thread 3 ] DEBUG Engine               - class com.almasb.fxgl.profile.SaveLoadService
02:02:18.270 [FXGL Background Thread 3 ] DEBUG Engine               - class com.almasb.fxgl.ui.FXGLUIFactoryServiceProvider
02:02:18.270 [FXGL Background Thread 3 ] DEBUG Engine               - class com.almasb.fxgl.ui.FXGLDialogFactoryServiceProvider
02:02:18.270 [FXGL Background Thread 3 ] DEBUG Engine               - class com.almasb.fxgl.audio.AudioPlayer
02:02:18.270 [FXGL Background Thread 3 ] DEBUG Engine               - class com.almasb.fxgl.notification.impl.NotificationServiceProvider
02:02:18.270 [FXGL Background Thread 3 ] DEBUG Engine               - class com.almasb.fxgl.achievement.AchievementService
02:02:18.270 [FXGL Background Thread 3 ] DEBUG Engine               - class com.almasb.fxgl.cutscene.CutsceneService
02:02:18.270 [FXGL Background Thread 3 ] DEBUG Engine               - class com.almasb.fxgl.minigames.MiniGameService
02:02:18.270 [FXGL Background Thread 3 ] DEBUG Engine               - class com.almasb.fxgl.net.NetService
02:02:18.270 [FXGL Background Thread 3 ] DEBUG Engine               - class com.almasb.fxgl.app.services.UpdaterService
02:02:18.270 [FXGL Background Thread 3 ] DEBUG Engine               - class com.almasb.fxgl.dev.DevService
02:02:21.896 [JavaFX Application Thread] DEBUG AudioPlayer          - Stopping music com.almasb.fxgl.audio.Music@73081129
02:02:21.921 [JavaFX Application Thread] DEBUG FXGLAssetLoaderServi - Loading from file system: file:/home/avrann/Escritorio/Repo%20Proyecto%20DPOO/jorge.carrillo-Proyecto-POO-2025/target/classes/assets/music/battle.wav
02:02:21.930 [JavaFX Application Thread] DEBUG AudioPlayer          - Playing music com.almasb.fxgl.audio.Music@77dd40fe
02:02:24.411 [JavaFX Application Thread] DEBUG FXGLAssetLoaderServi - Loading from file system: file:/home/avrann/Escritorio/Repo%20Proyecto%20DPOO/jorge.carrillo-Proyecto-POO-2025/target/classes/assets/sounds/arma.wav
02:02:25.092 [JavaFX Application Thread] DEBUG AudioPlayer          - Playing music com.almasb.fxgl.audio.Music@77dd40fe
02:02:25.436 [JavaFX Application Thread] DEBUG FXGLAssetLoaderServi - Loading from file system: file:/home/avrann/Escritorio/Repo%20Proyecto%20DPOO/jorge.carrillo-Proyecto-POO-2025/target/classes/assets/sounds/armaEnemigos.wav
02:02:26.072 [JavaFX Application Thread] DEBUG AudioPlayer          - Playing music com.almasb.fxgl.audio.Music@77dd40fe
02:02:27.476 [JavaFX Application Thread] DEBUG AudioPlayer          - Playing music com.almasb.fxgl.audio.Music@77dd40fe
02:02:28.480 [JavaFX Application Thread] DEBUG AudioPlayer          - Playing music com.almasb.fxgl.audio.Music@77dd40fe
02:02:29.257 [JavaFX Application Thread] DEBUG FXGLAssetLoaderServi - Loading from file system: file:/home/avrann/Escritorio/Repo%20Proyecto%20DPOO/jorge.carrillo-Proyecto-POO-2025/target/classes/assets/sounds/muerte.wav
02:02:29.910 [JavaFX Application Thread] DEBUG AudioPlayer          - Playing music com.almasb.fxgl.audio.Music@77dd40fe
02:02:31.391 [JavaFX Application Thread] DEBUG AudioPlayer          - Stopping music com.almasb.fxgl.audio.Music@77dd40fe
02:02:31.393 [JavaFX Application Thread] DEBUG AudioPlayer          - Playing music com.almasb.fxgl.audio.Music@73081129
02:02:31.396 [JavaFX Application Thread] DEBUG AudioPlayer          - Playing music com.almasb.fxgl.audio.Music@73081129
02:02:55.859 [JavaFX Application Thread] DEBUG AudioPlayer          - Stopping music com.almasb.fxgl.audio.Music@73081129
02:02:55.862 [JavaFX Application Thread] DEBUG AudioPlayer          - Playing music com.almasb.fxgl.audio.Music@77dd40fe
02:02:57.905 [JavaFX Application Thread] DEBUG AudioPlayer          - Playing music com.almasb.fxgl.audio.Music@77dd40fe
02:02:58.721 [JavaFX Application Thread] DEBUG AudioPlayer          - Playing music com.almasb.fxgl.audio.Music@77dd40fe
02:03:00.359 [JavaFX Application Thread] DEBUG AudioPlayer          - Playing music com.almasb.fxgl.audio.Music@77dd40fe
02:03:01.288 [JavaFX Application Thread] DEBUG AudioPlayer          - Playing music com.almasb.fxgl.audio.Music@77dd40fe
02:03:03.167 [JavaFX Application Thread] DEBUG AudioPlayer          - Playing music com.almasb.fxgl.audio.Music@77dd40fe
02:03:04.602 [JavaFX Application Thread] DEBUG AudioPlayer          - Stopping music com.almasb.fxgl.audio.Music@77dd40fe
02:03:04.630 [JavaFX Application Thread] DEBUG AudioPlayer          - Playing music com.almasb.fxgl.audio.Music@73081129
02:03:04.632 [JavaFX Application Thread] DEBUG AudioPlayer          - Playing music com.almasb.fxgl.audio.Music@73081129
02:03:06.415 [JavaFX Application Thread] DEBUG FXGLApplication      - Exiting FXGL
02:03:06.415 [JavaFX Application Thread] DEBUG LoopRunner           - Stopping loop
02:03:06.415 [JavaFX Application Thread] DEBUG SystemBundleService  - Saving FXGL system data
02:03:06.417 [JavaFX Application Thread] DEBUG FileSystemAccess     - Writing to: /home/avrann/Escritorio/Repo Proyecto DPOO/jorge.carrillo-Proyecto-POO-2025/system/fxgl.bundle
02:03:06.419 [JavaFX Application Thread] DEBUG Async                - Shutting down background threads
02:03:06.419 [JavaFX Application Thread] DEBUG PrimaryStageWindow   - Closing main window
02:03:06.421 [JavaFX Application Thread] DEBUG Logger               - Closing Logger
