19:03:26.524 [main                     ] DEBUG Logger               - Configured Logger
19:03:26.563 [main                     ] DEBUG GameApplication      - Logging settings
Title: Pruebas en FXGL
Version: 0.0
Width: 1600
Height: 1000
Fullscreen: false
Intro: false
Profiling: false
Single step:false
App Mode: DEVELOPER
Menu Key: ESCAPE
Stage Style: DECORATED
Scene Factory: class com.almasb.fxgl.app.scene.SceneFactory

19:03:26.918 [JavaFX Application Thread] DEBUG FXGLApplication      - Initializing FXGL
19:03:26.923 [JavaFX Application Thread] INFO  Engine               - FXGL-17.3 (30.03.2023 11.49) on LINUX (J:21.0.6 FX:20)
19:03:26.924 [JavaFX Application Thread] DEBUG Engine               - JRE Vendor Name: Oracle Corporation
19:03:26.924 [JavaFX Application Thread] DEBUG Engine               - Running on OS: Linux version 6.8.0-55-generic
19:03:26.924 [JavaFX Application Thread] DEBUG Engine               - Architecture: amd64
19:03:26.925 [JavaFX Application Thread] INFO  Engine               - Source code and latest versions at: https://github.com/AlmasB/FXGL
19:03:26.925 [JavaFX Application Thread] INFO  Engine               -       Ask questions and discuss at: https://github.com/AlmasB/FXGL/discussions
19:03:26.925 [JavaFX Application Thread] INFO  Engine               -              Join the FXGL chat at: https://gitter.im/AlmasB/FXGL
19:03:27.025 [JavaFX Application Thread] DEBUG PrimaryStageWindow   - Creating a JavaFX scene
19:03:27.026 [JavaFX Application Thread] DEBUG PrimaryStageWindow   - Target size > screen size
19:03:27.118 [JavaFX Application Thread] DEBUG PrimaryStageWindow   - Target settings size: 1600.0 x 1000.0
19:03:27.119 [JavaFX Application Thread] DEBUG PrimaryStageWindow   - Scaled scene size:    1491.0 x 947.0
19:03:27.119 [JavaFX Application Thread] DEBUG PrimaryStageWindow   - Scaled ratio: (0.931875, 0.947)
19:03:27.120 [JavaFX Application Thread] DEBUG PrimaryStageWindow   - Set initial scene to FXGLStartupScene
19:03:27.123 [JavaFX Application Thread] DEBUG PrimaryStageWindow   - Opening main window
19:03:27.157 [JavaFX Application Thread] DEBUG PrimaryStageWindow   - Window border size: (2.641845703125, 26.63995361328125)
19:03:27.157 [JavaFX Application Thread] DEBUG PrimaryStageWindow   - Scaled size: 1491.0 x 947.0
19:03:27.157 [JavaFX Application Thread] DEBUG PrimaryStageWindow   - Scaled ratio: (0.931875, 0.947)
19:03:27.158 [JavaFX Application Thread] DEBUG PrimaryStageWindow   - Scene size: 1491.0 x 947.0
19:03:27.158 [JavaFX Application Thread] DEBUG PrimaryStageWindow   - Stage size: 1493.641845703125 x 973.6399536132812
19:03:27.165 [FXGL Background Thread 1 ] DEBUG Engine               - Initializing environment variables
19:03:27.229 [FXGL Background Thread 1 ] DEBUG FXGLAssetLoaderServi - User app class for loading assets: class App.Game.GameApp
19:03:27.229 [FXGL Background Thread 1 ] DEBUG GameApplicationServi - Applying CSS: fxgl_dark.css
19:03:27.230 [FXGL Background Thread 1 ] DEBUG FXGLAssetLoaderServi - Loading from file system: jar:file:///home/avrann/.m2/repository/com/github/almasb/fxgl/17.3/fxgl-17.3.jar!/fxglassets/ui/css/fxgl_dark.css
19:03:27.293 [FXGL Background Thread 1 ] DEBUG GameApplicationServi - Initializing application scenes
19:03:27.345 [FXGL Background Thread 1 ] DEBUG GameWorld            - Game world initialized
19:03:27.421 [FXGL Background Thread 1 ] DEBUG PhysicsWorld         - Physics world initialized: appHeight=1000, physics.ppm=50.0
19:03:27.422 [FXGL Background Thread 1 ] DEBUG PhysicsWorld         - Using strategy: BRUTE_FORCE
19:03:27.426 [FXGL Background Thread 1 ] DEBUG GameScene            - Game scene initialized: 1600x1000
19:03:27.435 [FXGL Background Thread 1 ] DEBUG FXGL.DefaultMenu     - createMenuBodyGameMenu()
19:03:27.445 [FXGL Background Thread 1 ] DEBUG FXGL.DefaultMenu     - createOptionsMenu()
19:03:27.452 [FXGL Background Thread 1 ] DEBUG FXGLAssetLoaderServi - Loading from file system: jar:file:///home/avrann/.m2/repository/com/github/almasb/fxgl/17.3/fxgl-17.3.jar!/fxglassets/textures/particles/smoke.png
19:03:27.557 [FXGL Background Thread 1 ] DEBUG FXGLAssetLoaderServi - Loading from file system: jar:file:///home/avrann/.m2/repository/com/github/almasb/fxgl/17.3/fxgl-17.3.jar!/fxglassets/textures/particles/trace_horizontal.png
19:03:27.604 [FXGL Background Thread 1 ] DEBUG GameApplicationServi - Application scenes initialized
19:03:27.615 [FXGL Background Thread 1 ] DEBUG SystemBundleService  - Loading FXGL system data
19:03:27.618 [FXGL Background Thread 1 ] DEBUG FileSystemAccess     - Reading from: /home/avrann/Escritorio/Repo Proyecto DPOO/jorge.carrillo-Proyecto-POO-2025/system/fxgl.bundle
19:03:27.628 [FXGL Background Thread 1 ] DEBUG SystemBundleService  - Bundle FXGL: {}
19:03:27.628 [FXGL Background Thread 1 ] DEBUG UpdaterService       - Checking for updates
19:03:27.657 [FXGL Background Thread 4 ] DEBUG FXGLApplication      - Loading fonts
19:03:27.658 [FXGL Background Thread 4 ] DEBUG FXGLAssetLoaderServi - Loading from file system: jar:file:///home/avrann/.m2/repository/com/github/almasb/fxgl/17.3/fxgl-17.3.jar!/fxglassets/ui/fonts/VarelaRound-Regular.ttf
19:03:27.660 [FXGL Background Thread 1 ] DEBUG FXGLApplication      - Loading default localization
19:03:27.661 [FXGL Background Thread 1 ] DEBUG FXGLAssetLoaderServi - Loading from file system: jar:file:///home/avrann/.m2/repository/com/github/almasb/fxgl/17.3/fxgl-17.3.jar!/fxglassets/languages/english.lang
19:03:27.666 [FXGL Background Thread 4 ] DEBUG FXGLAssetLoaderServi - Loading from file system: jar:file:///home/avrann/.m2/repository/com/github/almasb/fxgl/17.3/fxgl-17.3.jar!/fxglassets/ui/fonts/Abel-Regular.ttf
19:03:27.667 [FXGL Background Thread 4 ] DEBUG FXGLAssetLoaderServi - Loading from file system: jar:file:///home/avrann/.m2/repository/com/github/almasb/fxgl/17.3/fxgl-17.3.jar!/fxglassets/ui/fonts/TerminalLandMono-Regular.otf
19:03:27.670 [FXGL Background Thread 4 ] DEBUG FXGLAssetLoaderServi - Loading from file system: jar:file:///home/avrann/.m2/repository/com/github/almasb/fxgl/17.3/fxgl-17.3.jar!/fxglassets/ui/fonts/Courier-Prime.ttf
19:03:27.674 [JavaFX Application Thread] DEBUG FXGLApplication      - Registering font factories with UI factory
19:03:27.678 [FXGL Background Thread 1 ] INFO  FXGLApplication      - FXGL initialization took: 0.513 sec
19:03:27.680 [JavaFX Application Thread] DEBUG FXGLAssetLoaderServi - Loading from file system: jar:file:///home/avrann/.m2/repository/com/github/almasb/fxgl/17.3/fxgl-17.3.jar!/fxglassets/textures/fxgl_icon.png
19:03:27.703 [JavaFX Application Thread] DEBUG FXGLAssetLoaderServi - Loading from file system: jar:file:///home/avrann/.m2/repository/com/github/almasb/fxgl/17.3/fxgl-17.3.jar!/fxglassets/textures/fxgl_default_cursor.png
19:03:27.717 [JavaFX Application Thread] DEBUG Input                - Registered new binding: Screenshot - CTRL+8
19:03:27.721 [JavaFX Application Thread] DEBUG Input                - Registered new binding: Dev Options - 1
19:03:27.722 [JavaFX Application Thread] DEBUG Input                - Registered new binding: Dev Console - 2
19:03:27.722 [JavaFX Application Thread] DEBUG Input                - Registered new binding: System info dump - CTRL+9
19:03:27.723 [JavaFX Application Thread] DEBUG Input                - Registered new binding: Restart - CTRL+R
19:03:27.723 [JavaFX Application Thread] DEBUG Input                - Registered new binding: Toggle Debug Camera - CTRL+7
19:03:27.726 [JavaFX Application Thread] DEBUG LoopRunner           - Starting loop
19:03:27.738 [JavaFX Application Thread] DEBUG LoopRunner           - Initializing JavaFX AnimationTimerLoop
19:03:27.739 [JavaFX Application Thread] DEBUG GameApplicationServi - Starting new game
19:03:27.739 [JavaFX Application Thread] DEBUG Input                - Clearing active input actions
19:03:27.753 [JavaFX Application Thread] DEBUG GameApplicationServi - Removing overlay from FXGLStartupScene and adding to FXGLLoadingScene
19:03:27.758 [JavaFX Application Thread] DEBUG PrimaryStageWindow   - FXGLStartupScene -> FXGLLoadingScene
19:03:27.758 [JavaFX Application Thread] DEBUG GameApplicationServi - Clearing previous game
19:03:27.759 [JavaFX Application Thread] DEBUG GameScene            - Clearing game scene
19:03:27.759 [JavaFX Application Thread] DEBUG GameWorld            - Clearing game world
19:03:27.759 [JavaFX Application Thread] DEBUG PhysicsWorld         - Clearing physics world
19:03:27.760 [FXGL Background Thread 1 ] DEBUG FXGLApplication      - Initializing game
19:03:27.833 [FXGL Background Thread 2 ] WARN  UpdaterService       - Failed to find updates: java.net.UnknownHostException: raw.githubusercontent.com
19:03:28.047 [FXGL Background Thread 1 ] DEBUG FXGLAssetLoaderServi - Loading from file system: file:/home/avrann/Escritorio/Repo%20Proyecto%20DPOO/jorge.carrillo-Proyecto-POO-2025/target/classes/assets/music/loading.wav
19:03:28.187 [FXGL Background Thread 1 ] DEBUG AudioPlayer          - Playing music com.almasb.fxgl.audio.Music@40949dba
19:03:28.233 [FXGL Background Thread 1 ] DEBUG TMXLevelLoader       - Parsed TiledMap: file:/home/avrann/Escritorio/Repo%20Proyecto%20DPOO/jorge.carrillo-Proyecto-POO-2025/target/classes/assets/levels/level_01.tmx
19:03:28.234 [FXGL Background Thread 1 ] DEBUG TMXLevelLoader       - Creating tile layer entities
19:03:28.236 [FXGL Background Thread 1 ] DEBUG TilesetLoader        - Loading view for layer Capa de patrones 1
19:03:28.239 [FXGL Background Thread 1 ] DEBUG TilesetLoader        - Created buffer with size 2000.0x1500.0
19:03:28.266 [FXGL Background Thread 1 ] WARN  TilesetLoader        - Diagonally flipped tiles are not currently supported
19:03:28.267 [FXGL Background Thread 1 ] WARN  TilesetLoader        - Diagonally flipped tiles are not currently supported
19:03:28.271 [FXGL Background Thread 1 ] WARN  TilesetLoader        - Diagonally flipped tiles are not currently supported
19:03:28.273 [FXGL Background Thread 1 ] WARN  TilesetLoader        - Diagonally flipped tiles are not currently supported
19:03:28.273 [FXGL Background Thread 1 ] WARN  TilesetLoader        - Diagonally flipped tiles are not currently supported
19:03:28.278 [FXGL Background Thread 1 ] WARN  TilesetLoader        - Diagonally flipped tiles are not currently supported
19:03:28.283 [FXGL Background Thread 1 ] WARN  TilesetLoader        - Diagonally flipped tiles are not currently supported
19:03:28.285 [FXGL Background Thread 1 ] WARN  TilesetLoader        - Diagonally flipped tiles are not currently supported
19:03:28.287 [FXGL Background Thread 1 ] WARN  TilesetLoader        - Diagonally flipped tiles are not currently supported
19:03:28.287 [FXGL Background Thread 1 ] WARN  TilesetLoader        - Diagonally flipped tiles are not currently supported
19:03:28.292 [FXGL Background Thread 1 ] WARN  TilesetLoader        - Diagonally flipped tiles are not currently supported
19:03:28.293 [FXGL Background Thread 1 ] WARN  TilesetLoader        - Diagonally flipped tiles are not currently supported
19:03:28.300 [FXGL Background Thread 1 ] WARN  TilesetLoader        - Diagonally flipped tiles are not currently supported
19:03:28.305 [FXGL Background Thread 1 ] WARN  TilesetLoader        - Diagonally flipped tiles are not currently supported
19:03:28.312 [FXGL Background Thread 1 ] WARN  TilesetLoader        - Diagonally flipped tiles are not currently supported
19:03:28.313 [FXGL Background Thread 1 ] DEBUG TilesetLoader        - Loading view for layer Copiar desde Capa de patrones 1
19:03:28.320 [FXGL Background Thread 1 ] DEBUG TilesetLoader        - Created buffer with size 2000.0x1500.0
19:03:28.321 [FXGL Background Thread 1 ] WARN  TilesetLoader        - Diagonally flipped tiles are not currently supported
19:03:28.322 [FXGL Background Thread 1 ] WARN  TilesetLoader        - Diagonally flipped tiles are not currently supported
19:03:28.324 [FXGL Background Thread 1 ] WARN  TilesetLoader        - Diagonally flipped tiles are not currently supported
19:03:28.325 [FXGL Background Thread 1 ] WARN  TilesetLoader        - Diagonally flipped tiles are not currently supported
19:03:28.325 [FXGL Background Thread 1 ] WARN  TilesetLoader        - Diagonally flipped tiles are not currently supported
19:03:28.327 [FXGL Background Thread 1 ] WARN  TilesetLoader        - Diagonally flipped tiles are not currently supported
19:03:28.329 [FXGL Background Thread 1 ] WARN  TilesetLoader        - Diagonally flipped tiles are not currently supported
19:03:28.331 [FXGL Background Thread 1 ] WARN  TilesetLoader        - Diagonally flipped tiles are not currently supported
19:03:28.331 [FXGL Background Thread 1 ] WARN  TilesetLoader        - Diagonally flipped tiles are not currently supported
19:03:28.331 [FXGL Background Thread 1 ] WARN  TilesetLoader        - Diagonally flipped tiles are not currently supported
19:03:28.333 [FXGL Background Thread 1 ] WARN  TilesetLoader        - Diagonally flipped tiles are not currently supported
19:03:28.333 [FXGL Background Thread 1 ] WARN  TilesetLoader        - Diagonally flipped tiles are not currently supported
19:03:28.363 [FXGL Background Thread 1 ] WARN  TilesetLoader        - Diagonally flipped tiles are not currently supported
19:03:28.366 [FXGL Background Thread 1 ] WARN  TilesetLoader        - Diagonally flipped tiles are not currently supported
19:03:28.368 [FXGL Background Thread 1 ] WARN  TilesetLoader        - Diagonally flipped tiles are not currently supported
19:03:28.369 [FXGL Background Thread 1 ] DEBUG TMXLevelLoader       - Creating object layer entities
19:03:28.381 [FXGL Background Thread 1 ] DEBUG GameWorld            - Clearing removable entities
19:03:28.434 [FXGL Background Thread 1 ] DEBUG GameWorld            - Setting level: com.almasb.fxgl.entity.level.Level@3b0cb5a3
19:03:28.444 [FXGL Background Thread 1 ] DEBUG FXGLAssetLoaderServi - Loading from file system: file:/home/avrann/Escritorio/Repo%20Proyecto%20DPOO/jorge.carrillo-Proyecto-POO-2025/target/classes/assets/textures/cyborgatack_basic.png
19:03:28.447 [FXGL Background Thread 1 ] DEBUG FXGLAssetLoaderServi - Loading from file system: file:/home/avrann/Escritorio/Repo%20Proyecto%20DPOO/jorge.carrillo-Proyecto-POO-2025/target/classes/assets/textures/cyborgidle.png
19:03:28.448 [FXGL Background Thread 1 ] DEBUG FXGLAssetLoaderServi - Loading from file system: file:/home/avrann/Escritorio/Repo%20Proyecto%20DPOO/jorge.carrillo-Proyecto-POO-2025/target/classes/assets/textures/cyborgcaminando.png
19:03:28.451 [FXGL Background Thread 1 ] DEBUG FXGLAssetLoaderServi - Loading from file system: file:/home/avrann/Escritorio/Repo%20Proyecto%20DPOO/jorge.carrillo-Proyecto-POO-2025/target/classes/assets/textures/cyborgadelante.png
19:03:28.453 [FXGL Background Thread 1 ] DEBUG FXGLAssetLoaderServi - Loading from file system: file:/home/avrann/Escritorio/Repo%20Proyecto%20DPOO/jorge.carrillo-Proyecto-POO-2025/target/classes/assets/textures/cyborgatras.png
19:03:28.455 [FXGL Background Thread 1 ] DEBUG FXGLAssetLoaderServi - Loading from file system: file:/home/avrann/Escritorio/Repo%20Proyecto%20DPOO/jorge.carrillo-Proyecto-POO-2025/target/classes/assets/textures/cyborgdeat.png
19:03:28.461 [FXGL Background Thread 1 ] WARN  GameWorld            - Entity is already attached to world
19:03:28.463 [FXGL Background Thread 1 ] WARN  GameWorld            - Entity is already attached to world
19:03:28.464 [FXGL Background Thread 1 ] DEBUG Input                - Registered new binding: Mover Arriba - Up
19:03:28.465 [FXGL Background Thread 1 ] DEBUG Input                - Registered new binding: Mover Abajo - Down
19:03:28.465 [FXGL Background Thread 1 ] DEBUG Input                - Registered new binding: Mover Izquierda - Left
19:03:28.465 [FXGL Background Thread 1 ] DEBUG Input                - Registered new binding: Mover Derecha - Right
19:03:28.466 [FXGL Background Thread 1 ] DEBUG FXGLAssetLoaderServi - Loading from file system: file:/home/avrann/Escritorio/Repo%20Proyecto%20DPOO/jorge.carrillo-Proyecto-POO-2025/target/classes/assets/textures/life_bar.png
19:03:28.469 [FXGL Background Thread 1 ] DEBUG FXGLAssetLoaderServi - Loading from file system: file:/home/avrann/Escritorio/Repo%20Proyecto%20DPOO/jorge.carrillo-Proyecto-POO-2025/target/classes/assets/textures/barra_enemigo.png
19:03:28.473 [FXGL Background Thread 1 ] DEBUG FXGLAssetLoaderServi - Loading from file system: file:/home/avrann/Escritorio/Repo%20Proyecto%20DPOO/jorge.carrillo-Proyecto-POO-2025/target/classes/assets/textures/life_point.png
19:03:28.474 [FXGL Background Thread 1 ] DEBUG FXGLAssetLoaderServi - Loading from file system: file:/home/avrann/Escritorio/Repo%20Proyecto%20DPOO/jorge.carrillo-Proyecto-POO-2025/target/classes/assets/textures/life_point_enemi.png
19:03:28.475 [FXGL Background Thread 1 ] DEBUG FXGLAssetLoaderServi - Loading from file system: file:/home/avrann/Escritorio/Repo%20Proyecto%20DPOO/jorge.carrillo-Proyecto-POO-2025/target/classes/assets/textures/barra_pasos.png
19:03:28.476 [FXGL Background Thread 1 ] DEBUG FXGLAssetLoaderServi - Loading from file system: file:/home/avrann/Escritorio/Repo%20Proyecto%20DPOO/jorge.carrillo-Proyecto-POO-2025/target/classes/assets/textures/pasos_point.png
19:03:28.477 [FXGL Background Thread 1 ] DEBUG FXGLAssetLoaderServi - Loading from file system: file:/home/avrann/Escritorio/Repo%20Proyecto%20DPOO/jorge.carrillo-Proyecto-POO-2025/target/classes/assets/textures/barra_pasos_ememigo.png
19:03:28.478 [FXGL Background Thread 1 ] DEBUG FXGLAssetLoaderServi - Loading from file system: file:/home/avrann/Escritorio/Repo%20Proyecto%20DPOO/jorge.carrillo-Proyecto-POO-2025/target/classes/assets/textures/pasos_point_enemi.png
19:03:28.480 [FXGL Background Thread 1 ] DEBUG FXGLAssetLoaderServi - Loading from file system: file:/home/avrann/Escritorio/Repo%20Proyecto%20DPOO/jorge.carrillo-Proyecto-POO-2025/target/classes/assets/textures/button_atacck.png
19:03:28.482 [FXGL Background Thread 1 ] DEBUG FXGLAssetLoaderServi - Loading from file system: file:/home/avrann/Escritorio/Repo%20Proyecto%20DPOO/jorge.carrillo-Proyecto-POO-2025/target/classes/assets/textures/combat_panel.png
19:03:28.503 [FXGL Background Thread 1 ] INFO  FXGLApplication      - Game initialization took: 0.743 sec
19:03:28.521 [JavaFX Application Thread] DEBUG Input                - Clearing active input actions
19:03:28.547 [JavaFX Application Thread] DEBUG GameApplicationServi - Removing overlay from FXGLLoadingScene and adding to GameScene
19:03:28.559 [JavaFX Application Thread] DEBUG PrimaryStageWindow   - FXGLLoadingScene -> GameScene
19:03:30.656 [FXGL Background Thread 3 ] DEBUG Engine               - Logging environment variables
19:03:30.657 [FXGL Background Thread 3 ] DEBUG Engine               - achievements: []
19:03:30.658 [FXGL Background Thread 3 ] DEBUG Engine               - actualHeight: 921.5453491210938
19:03:30.658 [FXGL Background Thread 3 ] DEBUG Engine               - actualHeightProperty: ReadOnlyDoubleProperty [value: 949.7272338867188]
19:03:30.658 [FXGL Background Thread 3 ] DEBUG Engine               - actualWidth: 1489.1817626953125
19:03:30.658 [FXGL Background Thread 3 ] DEBUG Engine               - actualWidthProperty: ReadOnlyDoubleProperty [value: 1489.1817626953125]
19:03:30.659 [FXGL Background Thread 3 ] DEBUG Engine               - appIcon: fxgl_icon.png
19:03:30.659 [FXGL Background Thread 3 ] DEBUG Engine               - applicationMode: DEVELOPER
19:03:30.659 [FXGL Background Thread 3 ] DEBUG Engine               - cSSList: [fxgl_dark.css]
19:03:30.659 [FXGL Background Thread 3 ] DEBUG Engine               - collisionDetectionStrategy: BRUTE_FORCE
19:03:30.659 [FXGL Background Thread 3 ] DEBUG Engine               - configClass: Optional.empty
19:03:30.660 [FXGL Background Thread 3 ] DEBUG Engine               - credits: []
19:03:30.660 [FXGL Background Thread 3 ] DEBUG Engine               - defaultCursor: CursorInfo(imageName=fxgl_default_cursor.png, hotspotX=7.0, hotspotY=6.0)
19:03:30.661 [FXGL Background Thread 3 ] DEBUG Engine               - devBBoxColorProperty: ObjectProperty [value: 0xff0000ff]
19:03:30.662 [FXGL Background Thread 3 ] DEBUG Engine               - devEnableDebugCameraProperty: BooleanProperty [value: false]
19:03:30.662 [FXGL Background Thread 3 ] DEBUG Engine               - devSensorColorProperty: ObjectProperty [value: 0xffff00ff]
19:03:30.662 [FXGL Background Thread 3 ] DEBUG Engine               - devShowBBoxProperty: BooleanProperty [value: false]
19:03:30.662 [FXGL Background Thread 3 ] DEBUG Engine               - devShowPositionProperty: BooleanProperty [value: false]
19:03:30.663 [FXGL Background Thread 3 ] DEBUG Engine               - enabledMenuItems: []
19:03:30.663 [FXGL Background Thread 3 ] DEBUG Engine               - engineServices: [class com.almasb.fxgl.app.services.FXGLAssetLoaderService, class com.almasb.fxgl.app.FXGLApplication$GameApplicationService, class com.almasb.fxgl.app.services.FXGLDialogService, class com.almasb.fxgl.app.services.IOTaskExecutorService, class com.almasb.fxgl.io.FileSystemService, class com.almasb.fxgl.localization.LocalizationService, class com.almasb.fxgl.app.services.SystemBundleService, class com.almasb.fxgl.profile.SaveLoadService, class com.almasb.fxgl.ui.FXGLUIFactoryServiceProvider, class com.almasb.fxgl.ui.FXGLDialogFactoryServiceProvider, class com.almasb.fxgl.audio.AudioPlayer, class com.almasb.fxgl.notification.impl.NotificationServiceProvider, class com.almasb.fxgl.achievement.AchievementService, class com.almasb.fxgl.cutscene.CutsceneService, class com.almasb.fxgl.minigames.MiniGameService, class com.almasb.fxgl.net.NetService, class com.almasb.fxgl.app.services.UpdaterService, class com.almasb.fxgl.dev.DevService]
19:03:30.663 [FXGL Background Thread 3 ] DEBUG Engine               - fontGame: Abel-Regular.ttf
19:03:30.663 [FXGL Background Thread 3 ] DEBUG Engine               - fontMono: TerminalLandMono-Regular.otf
19:03:30.664 [FXGL Background Thread 3 ] DEBUG Engine               - fontSizeScaleUI: 1.0
19:03:30.664 [FXGL Background Thread 3 ] DEBUG Engine               - fontText: Courier-Prime.ttf
19:03:30.665 [FXGL Background Thread 3 ] DEBUG Engine               - fontUI: VarelaRound-Regular.ttf
19:03:30.665 [FXGL Background Thread 3 ] DEBUG Engine               - fullScreen: BooleanProperty [value: false]
19:03:30.665 [FXGL Background Thread 3 ] DEBUG Engine               - gameDifficulty: MEDIUM
19:03:30.665 [FXGL Background Thread 3 ] DEBUG Engine               - gameDifficultyProperty: ObjectProperty [value: MEDIUM]
19:03:30.665 [FXGL Background Thread 3 ] DEBUG Engine               - globalMusicVolume: 0.5
19:03:30.666 [FXGL Background Thread 3 ] DEBUG Engine               - globalMusicVolumeProperty: DoubleProperty [value: 0.5]
19:03:30.666 [FXGL Background Thread 3 ] DEBUG Engine               - globalSoundVolume: 0.5
19:03:30.666 [FXGL Background Thread 3 ] DEBUG Engine               - globalSoundVolumeProperty: DoubleProperty [value: 0.5]
19:03:30.667 [FXGL Background Thread 3 ] DEBUG Engine               - height: 1000
19:03:30.667 [FXGL Background Thread 3 ] DEBUG Engine               - is3D: false
19:03:30.667 [FXGL Background Thread 3 ] DEBUG Engine               - isAndroid: false
19:03:30.668 [FXGL Background Thread 3 ] DEBUG Engine               - isBrowser: false
19:03:30.669 [FXGL Background Thread 3 ] DEBUG Engine               - isClickFeedbackEnabled: false
19:03:30.669 [FXGL Background Thread 3 ] DEBUG Engine               - isCloseConfirmation: false
19:03:30.669 [FXGL Background Thread 3 ] DEBUG Engine               - isDesktop: true
19:03:30.669 [FXGL Background Thread 3 ] DEBUG Engine               - isDeveloperMenuEnabled: true
19:03:30.670 [FXGL Background Thread 3 ] DEBUG Engine               - isEmbedded: false
19:03:30.670 [FXGL Background Thread 3 ] DEBUG Engine               - isEntityPreloadEnabled: true
19:03:30.670 [FXGL Background Thread 3 ] DEBUG Engine               - isExperimentalTiledLargeMap: false
19:03:30.671 [FXGL Background Thread 3 ] DEBUG Engine               - isFileSystemWriteAllowed: true
19:03:30.671 [FXGL Background Thread 3 ] DEBUG Engine               - isFullScreenAllowed: false
19:03:30.671 [FXGL Background Thread 3 ] DEBUG Engine               - isFullScreenFromStart: false
19:03:30.671 [FXGL Background Thread 3 ] DEBUG Engine               - isGameMenuEnabled: true
19:03:30.671 [FXGL Background Thread 3 ] DEBUG Engine               - isIOS: false
19:03:30.671 [FXGL Background Thread 3 ] DEBUG Engine               - isIntroEnabled: false
19:03:30.672 [FXGL Background Thread 3 ] DEBUG Engine               - isLinux: true
19:03:30.672 [FXGL Background Thread 3 ] DEBUG Engine               - isMac: false
19:03:30.672 [FXGL Background Thread 3 ] DEBUG Engine               - isMainMenuEnabled: false
19:03:30.672 [FXGL Background Thread 3 ] DEBUG Engine               - isManualResizeEnabled: false
19:03:30.672 [FXGL Background Thread 3 ] DEBUG Engine               - isMobile: false
19:03:30.672 [FXGL Background Thread 3 ] DEBUG Engine               - isNative: false
19:03:30.672 [FXGL Background Thread 3 ] DEBUG Engine               - isPauseMusicWhenMinimized: true
19:03:30.673 [FXGL Background Thread 3 ] DEBUG Engine               - isPreserveResizeRatio: false
19:03:30.673 [FXGL Background Thread 3 ] DEBUG Engine               - isProfilingEnabled: false
19:03:30.673 [FXGL Background Thread 3 ] DEBUG Engine               - isScaleAffectedOnResize: true
19:03:30.673 [FXGL Background Thread 3 ] DEBUG Engine               - isSingleStep: false
19:03:30.673 [FXGL Background Thread 3 ] DEBUG Engine               - isUserProfileEnabled: false
19:03:30.674 [FXGL Background Thread 3 ] DEBUG Engine               - isWindows: false
19:03:30.674 [FXGL Background Thread 3 ] DEBUG Engine               - language: ObjectProperty [value: ENGLISH]
19:03:30.674 [FXGL Background Thread 3 ] DEBUG Engine               - menuKey: ESCAPE
19:03:30.674 [FXGL Background Thread 3 ] DEBUG Engine               - mouseSensitivity: 0.2
19:03:30.674 [FXGL Background Thread 3 ] DEBUG Engine               - notificationViewClass: class com.almasb.fxgl.notification.view.XboxNotificationView
19:03:30.674 [FXGL Background Thread 3 ] DEBUG Engine               - pixelsPerMeter: 50.0
19:03:30.675 [FXGL Background Thread 3 ] DEBUG Engine               - platform: LINUX
19:03:30.675 [FXGL Background Thread 3 ] DEBUG Engine               - prefHeightProperty: ReadOnlyDoubleProperty [value: 1000.0]
19:03:30.675 [FXGL Background Thread 3 ] DEBUG Engine               - prefWidthProperty: ReadOnlyDoubleProperty [value: 1600.0]
19:03:30.675 [FXGL Background Thread 3 ] DEBUG Engine               - profileDir: profiles/
19:03:30.675 [FXGL Background Thread 3 ] DEBUG Engine               - profileName: StringProperty [value: DEFAULT]
19:03:30.676 [FXGL Background Thread 3 ] DEBUG Engine               - randomSeed: -1
19:03:30.676 [FXGL Background Thread 3 ] DEBUG Engine               - runtimeInfo: RuntimeInfo(platform=LINUX, version=17.3, build=30.03.2023 11.49)
19:03:30.677 [FXGL Background Thread 3 ] DEBUG Engine               - saveFileExt: sav
19:03:30.677 [FXGL Background Thread 3 ] DEBUG Engine               - scaledHeightProp$fxgl: DoubleProperty [bound, value: 949.7272338867188]
19:03:30.677 [FXGL Background Thread 3 ] DEBUG Engine               - scaledWidthProp$fxgl: DoubleProperty [bound, value: 1489.1817626953125]
19:03:30.677 [FXGL Background Thread 3 ] DEBUG Engine               - sceneFactory: com.almasb.fxgl.app.scene.SceneFactory@5678411e
19:03:30.677 [FXGL Background Thread 3 ] DEBUG Engine               - secondsIn24h: 60
19:03:30.677 [FXGL Background Thread 3 ] DEBUG Engine               - soundMenuBack: menu/back.wav
19:03:30.677 [FXGL Background Thread 3 ] DEBUG Engine               - soundMenuPress: menu/press.wav
19:03:30.677 [FXGL Background Thread 3 ] DEBUG Engine               - soundMenuSelect: menu/select.wav
19:03:30.678 [FXGL Background Thread 3 ] DEBUG Engine               - soundNotification: core/notification.wav
19:03:30.678 [FXGL Background Thread 3 ] DEBUG Engine               - stageStyle: DECORATED
19:03:30.678 [FXGL Background Thread 3 ] DEBUG Engine               - supportedLanguages: [ENGLISH, FRENCH, GERMAN, HUNGARIAN, RUSSIAN]
19:03:30.678 [FXGL Background Thread 3 ] DEBUG Engine               - ticksPerSecond: -1
19:03:30.678 [FXGL Background Thread 3 ] DEBUG Engine               - title: Pruebas en FXGL
19:03:30.678 [FXGL Background Thread 3 ] DEBUG Engine               - urlGithub: https://github.com/AlmasB/FXGL
19:03:30.678 [FXGL Background Thread 3 ] DEBUG Engine               - urlLeaderboard: http://fxgl-top.herokuapp.com/
19:03:30.678 [FXGL Background Thread 3 ] DEBUG Engine               - urlPOM: https://raw.githubusercontent.com/AlmasB/FXGL/release/README.md
19:03:30.678 [FXGL Background Thread 3 ] DEBUG Engine               - userAppClass: class App.Game.GameApp
19:03:30.679 [FXGL Background Thread 3 ] DEBUG Engine               - version: 0.0
19:03:30.679 [FXGL Background Thread 3 ] DEBUG Engine               - versionCheckDays: 7
19:03:30.679 [FXGL Background Thread 3 ] DEBUG Engine               - width: 1600
19:03:30.679 [FXGL Background Thread 3 ] DEBUG Engine               - Logging services
19:03:30.679 [FXGL Background Thread 3 ] DEBUG Engine               - class com.almasb.fxgl.app.services.FXGLAssetLoaderService
19:03:30.679 [FXGL Background Thread 3 ] DEBUG Engine               - class com.almasb.fxgl.app.FXGLApplication$GameApplicationService
19:03:30.679 [FXGL Background Thread 3 ] DEBUG Engine               - class com.almasb.fxgl.app.services.FXGLDialogService
19:03:30.679 [FXGL Background Thread 3 ] DEBUG Engine               - class com.almasb.fxgl.app.services.IOTaskExecutorService
19:03:30.680 [FXGL Background Thread 3 ] DEBUG Engine               - class com.almasb.fxgl.io.FileSystemService
19:03:30.680 [FXGL Background Thread 3 ] DEBUG Engine               - class com.almasb.fxgl.localization.LocalizationService
19:03:30.680 [FXGL Background Thread 3 ] DEBUG Engine               - class com.almasb.fxgl.app.services.SystemBundleService
19:03:30.680 [FXGL Background Thread 3 ] DEBUG Engine               - class com.almasb.fxgl.profile.SaveLoadService
19:03:30.680 [FXGL Background Thread 3 ] DEBUG Engine               - class com.almasb.fxgl.ui.FXGLUIFactoryServiceProvider
19:03:30.680 [FXGL Background Thread 3 ] DEBUG Engine               - class com.almasb.fxgl.ui.FXGLDialogFactoryServiceProvider
19:03:30.680 [FXGL Background Thread 3 ] DEBUG Engine               - class com.almasb.fxgl.audio.AudioPlayer
19:03:30.681 [FXGL Background Thread 3 ] DEBUG Engine               - class com.almasb.fxgl.notification.impl.NotificationServiceProvider
19:03:30.681 [FXGL Background Thread 3 ] DEBUG Engine               - class com.almasb.fxgl.achievement.AchievementService
19:03:30.681 [FXGL Background Thread 3 ] DEBUG Engine               - class com.almasb.fxgl.cutscene.CutsceneService
19:03:30.681 [FXGL Background Thread 3 ] DEBUG Engine               - class com.almasb.fxgl.minigames.MiniGameService
19:03:30.681 [FXGL Background Thread 3 ] DEBUG Engine               - class com.almasb.fxgl.net.NetService
19:03:30.681 [FXGL Background Thread 3 ] DEBUG Engine               - class com.almasb.fxgl.app.services.UpdaterService
19:03:30.681 [FXGL Background Thread 3 ] DEBUG Engine               - class com.almasb.fxgl.dev.DevService
19:03:44.492 [JavaFX Application Thread] DEBUG FXGLApplication      - Exiting FXGL
19:03:44.492 [JavaFX Application Thread] DEBUG LoopRunner           - Stopping loop
19:03:44.492 [JavaFX Application Thread] DEBUG SystemBundleService  - Saving FXGL system data
19:03:44.494 [JavaFX Application Thread] DEBUG FileSystemAccess     - Writing to: /home/avrann/Escritorio/Repo Proyecto DPOO/jorge.carrillo-Proyecto-POO-2025/system/fxgl.bundle
19:03:44.499 [JavaFX Application Thread] DEBUG Async                - Shutting down background threads
19:03:44.500 [JavaFX Application Thread] DEBUG PrimaryStageWindow   - Closing main window
19:03:44.506 [JavaFX Application Thread] DEBUG Logger               - Closing Logger
