19:31:42.572 [main                     ] DEBUG Logger               - Configured Logger
19:31:42.581 [main                     ] DEBUG GameApplication      - Logging settings
Title: Eclipsis: el legado de la nave abandonada(BetaVer)
Version: 0.0
Width: 1536
Height: 1024
Fullscreen: false
Intro: false
Profiling: false
Single step:false
App Mode: DEVELOPER
Menu Key: ESCAPE
Stage Style: DECORATED
Scene Factory: class App.Game.GameApp$1

19:31:42.703 [JavaFX Application Thread] DEBUG FXGLApplication      - Initializing FXGL
19:31:42.706 [JavaFX Application Thread] INFO  Engine               - FXGL-17.3 (30.03.2023 11.49) on WINDOWS (J:24.0.1 FX:20)
19:31:42.706 [JavaFX Application Thread] DEBUG Engine               - JRE Vendor Name: Oracle Corporation
19:31:42.707 [JavaFX Application Thread] DEBUG Engine               - Running on OS: Windows 11 version 10.0
19:31:42.707 [JavaFX Application Thread] DEBUG Engine               - Architecture: amd64
19:31:42.707 [JavaFX Application Thread] INFO  Engine               - Source code and latest versions at: https://github.com/AlmasB/FXGL
19:31:42.707 [JavaFX Application Thread] INFO  Engine               -       Ask questions and discuss at: https://github.com/AlmasB/FXGL/discussions
19:31:42.707 [JavaFX Application Thread] INFO  Engine               -              Join the FXGL chat at: https://gitter.im/AlmasB/FXGL
19:31:42.792 [JavaFX Application Thread] DEBUG PrimaryStageWindow   - Creating a JavaFX scene
19:31:42.792 [JavaFX Application Thread] DEBUG PrimaryStageWindow   - Target size > screen size
19:31:42.837 [JavaFX Application Thread] DEBUG PrimaryStageWindow   - Target settings size: 1536.0 x 1024.0
19:31:42.837 [JavaFX Application Thread] DEBUG PrimaryStageWindow   - Scaled scene size:    1343.0 x 912.0
19:31:42.837 [JavaFX Application Thread] DEBUG PrimaryStageWindow   - Scaled ratio: (0.8743489583333334, 0.890625)
19:31:42.838 [JavaFX Application Thread] DEBUG PrimaryStageWindow   - Set initial scene to FXGLStartupScene
19:31:42.840 [JavaFX Application Thread] DEBUG PrimaryStageWindow   - Opening main window
19:31:42.915 [JavaFX Application Thread] DEBUG PrimaryStageWindow   - Window border size: (14.5999755859375, 37.5999755859375)
19:31:42.916 [JavaFX Application Thread] DEBUG PrimaryStageWindow   - Scaled size: 1343.0 x 912.0
19:31:42.916 [JavaFX Application Thread] DEBUG PrimaryStageWindow   - Scaled ratio: (0.8743489583333334, 0.890625)
19:31:42.916 [JavaFX Application Thread] DEBUG PrimaryStageWindow   - Scene size: 1343.0 x 912.0
19:31:42.916 [JavaFX Application Thread] DEBUG PrimaryStageWindow   - Stage size: 1357.5999755859375 x 949.5999755859375
19:31:42.929 [FXGL Background Thread 1 ] DEBUG Engine               - Initializing environment variables
19:31:43.024 [FXGL Background Thread 1 ] DEBUG FXGLAssetLoaderServi - User app class for loading assets: class App.Game.GameApp
19:31:43.024 [FXGL Background Thread 1 ] DEBUG GameApplicationServi - Applying CSS: fxgl_dark.css
19:31:43.026 [FXGL Background Thread 1 ] DEBUG FXGLAssetLoaderServi - Loading from file system: jar:file:///C:/Users/Dannieris/.m2/repository/com/github/almasb/fxgl/17.3/fxgl-17.3.jar!/fxglassets/ui/css/fxgl_dark.css
19:31:43.102 [FXGL Background Thread 1 ] DEBUG GameApplicationServi - Initializing application scenes
19:31:43.191 [FXGL Background Thread 1 ] DEBUG GameWorld            - Game world initialized
19:31:43.308 [FXGL Background Thread 1 ] DEBUG PhysicsWorld         - Physics world initialized: appHeight=1024, physics.ppm=50.0
19:31:43.309 [FXGL Background Thread 1 ] DEBUG PhysicsWorld         - Using strategy: BRUTE_FORCE
19:31:43.316 [FXGL Background Thread 1 ] DEBUG GameScene            - Game scene initialized: 1536x1024
19:31:43.495 [FXGL Background Thread 1 ] DEBUG FXGL.DefaultMenu     - createMenuBodyGameMenu()
19:31:43.505 [FXGL Background Thread 1 ] DEBUG FXGL.DefaultMenu     - createOptionsMenu()
19:31:43.511 [FXGL Background Thread 1 ] DEBUG FXGLAssetLoaderServi - Loading from file system: jar:file:///C:/Users/Dannieris/.m2/repository/com/github/almasb/fxgl/17.3/fxgl-17.3.jar!/fxglassets/textures/particles/smoke.png
19:31:43.598 [FXGL Background Thread 1 ] DEBUG FXGLAssetLoaderServi - Loading from file system: jar:file:///C:/Users/Dannieris/.m2/repository/com/github/almasb/fxgl/17.3/fxgl-17.3.jar!/fxglassets/textures/particles/trace_horizontal.png
19:31:43.617 [FXGL Background Thread 1 ] DEBUG FXGLAssetLoaderServi - Loading from file system: file:/C:/Users/Dannieris/Desktop/ForkProyecto/ForkProyecto/target/classes/assets/music/menu.wav
19:31:43.728 [FXGL Background Thread 1 ] DEBUG AudioPlayer          - Playing music com.almasb.fxgl.audio.Music@1e5478cc
19:31:43.732 [FXGL Background Thread 1 ] DEBUG AudioPlayer          - Playing music com.almasb.fxgl.audio.Music@1e5478cc
19:31:43.732 [FXGL Background Thread 1 ] DEBUG FXGLAssetLoaderServi - Loading from file system: file:/C:/Users/Dannieris/Desktop/ForkProyecto/ForkProyecto/target/classes/assets/textures/fondoGameMenu.png
19:31:43.772 [FXGL Background Thread 1 ] DEBUG GameApplicationServi - Application scenes initialized
19:31:43.792 [FXGL Background Thread 1 ] DEBUG SystemBundleService  - Loading FXGL system data
19:31:43.798 [FXGL Background Thread 1 ] DEBUG FileSystemAccess     - Reading from: C:\Users\Dannieris\Desktop\ForkProyecto\ForkProyecto\system\fxgl.bundle
19:31:43.806 [FXGL Background Thread 1 ] DEBUG SystemBundleService  - Bundle FXGL: {}
19:31:43.806 [FXGL Background Thread 1 ] DEBUG UpdaterService       - Checking for updates
19:31:43.840 [FXGL Background Thread 4 ] DEBUG FXGLApplication      - Loading fonts
19:31:43.840 [FXGL Background Thread 1 ] DEBUG FXGLApplication      - Loading default localization
19:31:43.840 [FXGL Background Thread 4 ] DEBUG FXGLAssetLoaderServi - Loading from file system: jar:file:///C:/Users/Dannieris/.m2/repository/com/github/almasb/fxgl/17.3/fxgl-17.3.jar!/fxglassets/ui/fonts/VarelaRound-Regular.ttf
19:31:43.840 [FXGL Background Thread 1 ] DEBUG FXGLAssetLoaderServi - Loading from file system: jar:file:///C:/Users/Dannieris/.m2/repository/com/github/almasb/fxgl/17.3/fxgl-17.3.jar!/fxglassets/languages/english.lang
19:31:43.880 [FXGL Background Thread 1 ] INFO  FXGLApplication      - FXGL initialization took: 0.950 sec
19:31:43.896 [FXGL Background Thread 4 ] DEBUG FXGLAssetLoaderServi - Loading from file system: jar:file:///C:/Users/Dannieris/.m2/repository/com/github/almasb/fxgl/17.3/fxgl-17.3.jar!/fxglassets/ui/fonts/Abel-Regular.ttf
19:31:43.902 [FXGL Background Thread 4 ] DEBUG FXGLAssetLoaderServi - Loading from file system: jar:file:///C:/Users/Dannieris/.m2/repository/com/github/almasb/fxgl/17.3/fxgl-17.3.jar!/fxglassets/ui/fonts/TerminalLandMono-Regular.otf
19:31:43.908 [FXGL Background Thread 4 ] DEBUG FXGLAssetLoaderServi - Loading from file system: jar:file:///C:/Users/Dannieris/.m2/repository/com/github/almasb/fxgl/17.3/fxgl-17.3.jar!/fxglassets/ui/fonts/Courier-Prime.ttf
19:31:44.014 [FXGL Background Thread 2 ] WARN  UpdaterService       - Failed to find updates: java.net.UnknownHostException: raw.githubusercontent.com
19:31:44.062 [JavaFX Application Thread] DEBUG FXGLAssetLoaderServi - Loading from file system: jar:file:///C:/Users/Dannieris/.m2/repository/com/github/almasb/fxgl/17.3/fxgl-17.3.jar!/fxglassets/textures/fxgl_icon.png
19:31:44.077 [JavaFX Application Thread] DEBUG FXGLAssetLoaderServi - Loading from file system: file:/C:/Users/Dannieris/Desktop/ForkProyecto/ForkProyecto/target/classes/assets/textures/cursor.png
19:31:44.087 [JavaFX Application Thread] DEBUG Input                - Registered new binding: Screenshot - CTRL+8
19:31:44.088 [JavaFX Application Thread] DEBUG Input                - Registered new binding: Dev Options - 1
19:31:44.089 [JavaFX Application Thread] DEBUG Input                - Registered new binding: Dev Console - 2
19:31:44.089 [JavaFX Application Thread] DEBUG Input                - Registered new binding: System info dump - CTRL+9
19:31:44.090 [JavaFX Application Thread] DEBUG Input                - Registered new binding: Restart - CTRL+R
19:31:44.090 [JavaFX Application Thread] DEBUG Input                - Registered new binding: Toggle Debug Camera - CTRL+7
19:31:44.094 [JavaFX Application Thread] DEBUG LoopRunner           - Starting loop
19:31:44.105 [JavaFX Application Thread] DEBUG LoopRunner           - Initializing JavaFX AnimationTimerLoop
19:31:44.106 [JavaFX Application Thread] DEBUG Input                - Clearing active input actions
19:31:44.115 [JavaFX Application Thread] DEBUG GameApplicationServi - Removing overlay from FXGLStartupScene and adding to FXGLMainMenuDummyScene
19:31:44.121 [JavaFX Application Thread] DEBUG PrimaryStageWindow   - FXGLStartupScene -> FXGLMainMenuDummyScene
19:31:44.121 [JavaFX Application Thread] DEBUG PrimaryStageWindow   - Push state: MyMenu
19:31:44.121 [JavaFX Application Thread] DEBUG Input                - Clearing active input actions
19:31:44.125 [JavaFX Application Thread] DEBUG GameApplicationServi - Removing overlay from FXGLMainMenuDummyScene and adding to MyMenu
19:31:44.125 [JavaFX Application Thread] DEBUG PrimaryStageWindow   - FXGLMainMenuDummyScene -> MyMenu
19:31:44.125 [JavaFX Application Thread] DEBUG FXGLApplication      - Registering font factories with UI factory
19:31:44.729 [JavaFX Application Thread] DEBUG GameApplicationServi - Starting new game
19:31:44.729 [JavaFX Application Thread] DEBUG PrimaryStageWindow   - Pop state: MyMenu
19:31:44.729 [JavaFX Application Thread] DEBUG Input                - Clearing active input actions
19:31:44.730 [JavaFX Application Thread] DEBUG GameApplicationServi - Removing overlay from MyMenu and adding to FXGLMainMenuDummyScene
19:31:44.733 [JavaFX Application Thread] DEBUG PrimaryStageWindow   - FXGLMainMenuDummyScene <- MyMenu
19:31:44.733 [JavaFX Application Thread] DEBUG Input                - Clearing active input actions
19:31:44.745 [JavaFX Application Thread] DEBUG GameApplicationServi - Removing overlay from FXGLMainMenuDummyScene and adding to FXGLLoadingScene
19:31:44.746 [JavaFX Application Thread] DEBUG PrimaryStageWindow   - FXGLMainMenuDummyScene -> FXGLLoadingScene
19:31:44.746 [JavaFX Application Thread] DEBUG GameApplicationServi - Clearing previous game
19:31:44.746 [JavaFX Application Thread] DEBUG GameScene            - Clearing game scene
19:31:44.746 [JavaFX Application Thread] DEBUG GameWorld            - Clearing game world
19:31:44.747 [JavaFX Application Thread] DEBUG PhysicsWorld         - Clearing physics world
19:31:44.752 [FXGL Background Thread 2 ] DEBUG FXGLApplication      - Initializing game
19:31:45.027 [FXGL Background Thread 2 ] DEBUG AudioPlayer          - Stopping music com.almasb.fxgl.audio.Music@1e5478cc
19:31:45.029 [FXGL Background Thread 2 ] DEBUG FXGLAssetLoaderServi - Loading from file system: file:/C:/Users/Dannieris/Desktop/ForkProyecto/ForkProyecto/target/classes/assets/music/loading.wav
19:31:45.032 [FXGL Background Thread 2 ] DEBUG AudioPlayer          - Playing music com.almasb.fxgl.audio.Music@6c524660
19:31:45.103 [FXGL Background Thread 2 ] WARN  TMXLevelLoader       - TiledMap generated from 1.11.2. Supported version: 1.9.0. Some features may not be parsed fully.
19:31:45.127 [FXGL Background Thread 2 ] DEBUG TMXLevelLoader       - Parsed TiledMap: file:/C:/Users/Dannieris/Desktop/ForkProyecto/ForkProyecto/target/classes/assets/levels/level_01.tmx
19:31:45.128 [FXGL Background Thread 2 ] DEBUG TMXLevelLoader       - Creating tile layer entities
19:31:45.130 [FXGL Background Thread 2 ] DEBUG TilesetLoader        - Loading view for layer Capa de patrones 1
19:31:45.135 [FXGL Background Thread 2 ] DEBUG TilesetLoader        - Created buffer with size 2000.0x1500.0
19:31:45.181 [FXGL Background Thread 2 ] WARN  TilesetLoader        - Diagonally flipped tiles are not currently supported
19:31:45.182 [FXGL Background Thread 2 ] WARN  TilesetLoader        - Diagonally flipped tiles are not currently supported
19:31:45.183 [FXGL Background Thread 2 ] WARN  TilesetLoader        - Diagonally flipped tiles are not currently supported
19:31:45.183 [FXGL Background Thread 2 ] WARN  TilesetLoader        - Diagonally flipped tiles are not currently supported
19:31:45.187 [FXGL Background Thread 2 ] WARN  TilesetLoader        - Diagonally flipped tiles are not currently supported
19:31:45.190 [FXGL Background Thread 2 ] WARN  TilesetLoader        - Diagonally flipped tiles are not currently supported
19:31:45.193 [FXGL Background Thread 2 ] WARN  TilesetLoader        - Diagonally flipped tiles are not currently supported
19:31:45.196 [FXGL Background Thread 2 ] WARN  TilesetLoader        - Diagonally flipped tiles are not currently supported
19:31:45.197 [FXGL Background Thread 2 ] WARN  TilesetLoader        - Diagonally flipped tiles are not currently supported
19:31:45.198 [FXGL Background Thread 2 ] WARN  TilesetLoader        - Diagonally flipped tiles are not currently supported
19:31:45.199 [FXGL Background Thread 2 ] WARN  TilesetLoader        - Diagonally flipped tiles are not currently supported
19:31:45.200 [FXGL Background Thread 2 ] DEBUG TilesetLoader        - Loading view for layer Capa de Decoracion
19:31:45.202 [FXGL Background Thread 2 ] DEBUG TilesetLoader        - Created buffer with size 2000.0x1500.0
19:31:45.252 [FXGL Background Thread 2 ] DEBUG TMXLevelLoader       - Creating object layer entities
19:31:45.298 [FXGL Background Thread 2 ] DEBUG GameWorld            - Clearing removable entities
19:31:45.350 [FXGL Background Thread 2 ] DEBUG GameWorld            - Setting level: com.almasb.fxgl.entity.level.Level@195a77d4
19:31:45.381 [FXGL Background Thread 2 ] DEBUG FXGLAssetLoaderServi - Loading from file system: file:/C:/Users/Dannieris/Desktop/ForkProyecto/ForkProyecto/target/classes/assets/textures/puertaNivelitem.png
19:31:45.384 [FXGL Background Thread 2 ] DEBUG FXGLAssetLoaderServi - Loading from file system: file:/C:/Users/Dannieris/Desktop/ForkProyecto/ForkProyecto/target/classes/assets/textures/puertaNiveldisabled.png
19:31:45.400 [FXGL Background Thread 2 ] WARN  GameWorld            - Entity is already attached to world
19:31:45.401 [FXGL Background Thread 2 ] DEBUG FXGLAssetLoaderServi - Loading from file system: file:/C:/Users/Dannieris/Desktop/ForkProyecto/ForkProyecto/target/classes/assets/textures/tankeitem.png
19:31:45.402 [FXGL Background Thread 2 ] WARN  FXGLAssetLoaderServi - Asset "/assets/textures/tankedisabled.png" was not found!
19:31:45.402 [FXGL Background Thread 2 ] WARN  FXGLAssetLoaderServi - Failed to load IMAGE
19:31:45.417 [FXGL Background Thread 2 ] WARN  GameWorld            - Entity is already attached to world
19:31:45.418 [FXGL Background Thread 2 ] WARN  FXGLAssetLoaderServi - Asset "/assets/textures/tankedisabled.png" was not found!
19:31:45.418 [FXGL Background Thread 2 ] WARN  FXGLAssetLoaderServi - Failed to load IMAGE
19:31:45.419 [FXGL Background Thread 2 ] WARN  GameWorld            - Entity is already attached to world
19:31:45.420 [FXGL Background Thread 2 ] DEBUG FXGLAssetLoaderServi - Loading from file system: file:/C:/Users/Dannieris/Desktop/ForkProyecto/ForkProyecto/target/classes/assets/textures/coinitem.png
19:31:45.422 [FXGL Background Thread 2 ] WARN  FXGLAssetLoaderServi - Asset "/assets/textures/coindisabled.png" was not found!
19:31:45.422 [FXGL Background Thread 2 ] WARN  FXGLAssetLoaderServi - Failed to load IMAGE
19:31:45.423 [FXGL Background Thread 2 ] WARN  GameWorld            - Entity is already attached to world
19:31:45.424 [FXGL Background Thread 2 ] WARN  FXGLAssetLoaderServi - Asset "/assets/textures/coindisabled.png" was not found!
19:31:45.424 [FXGL Background Thread 2 ] WARN  FXGLAssetLoaderServi - Failed to load IMAGE
19:31:45.426 [FXGL Background Thread 2 ] WARN  GameWorld            - Entity is already attached to world
19:31:45.428 [FXGL Background Thread 2 ] WARN  FXGLAssetLoaderServi - Asset "/assets/textures/coindisabled.png" was not found!
19:31:45.428 [FXGL Background Thread 2 ] WARN  FXGLAssetLoaderServi - Failed to load IMAGE
19:31:45.429 [FXGL Background Thread 2 ] WARN  GameWorld            - Entity is already attached to world
19:31:45.433 [FXGL Background Thread 2 ] DEBUG FXGLAssetLoaderServi - Loading from file system: file:/C:/Users/Dannieris/Desktop/ForkProyecto/ForkProyecto/target/classes/assets/textures/exploreatack_basic.png
19:31:45.434 [FXGL Background Thread 2 ] DEBUG FXGLAssetLoaderServi - Loading from file system: file:/C:/Users/Dannieris/Desktop/ForkProyecto/ForkProyecto/target/classes/assets/textures/exploreidle.png
19:31:45.435 [FXGL Background Thread 2 ] WARN  FXGLAssetLoaderServi - Asset "/assets/textures/explorecaminando.png" was not found!
19:31:45.435 [FXGL Background Thread 2 ] WARN  FXGLAssetLoaderServi - Failed to load IMAGE
19:31:45.435 [FXGL Background Thread 2 ] WARN  FXGLAssetLoaderServi - Asset "/assets/textures/exploreadelante.png" was not found!
19:31:45.435 [FXGL Background Thread 2 ] WARN  FXGLAssetLoaderServi - Failed to load IMAGE
19:31:45.436 [FXGL Background Thread 2 ] WARN  FXGLAssetLoaderServi - Asset "/assets/textures/exploreatras.png" was not found!
19:31:45.436 [FXGL Background Thread 2 ] WARN  FXGLAssetLoaderServi - Failed to load IMAGE
19:31:45.436 [FXGL Background Thread 2 ] DEBUG FXGLAssetLoaderServi - Loading from file system: file:/C:/Users/Dannieris/Desktop/ForkProyecto/ForkProyecto/target/classes/assets/textures/exploredeat.png
19:31:45.439 [FXGL Background Thread 2 ] WARN  GameWorld            - Entity is already attached to world
19:31:45.440 [FXGL Background Thread 2 ] WARN  FXGLAssetLoaderServi - Asset "/assets/textures/explorecaminando.png" was not found!
19:31:45.440 [FXGL Background Thread 2 ] WARN  FXGLAssetLoaderServi - Failed to load IMAGE
19:31:45.440 [FXGL Background Thread 2 ] WARN  FXGLAssetLoaderServi - Asset "/assets/textures/exploreadelante.png" was not found!
19:31:45.440 [FXGL Background Thread 2 ] WARN  FXGLAssetLoaderServi - Failed to load IMAGE
19:31:45.440 [FXGL Background Thread 2 ] WARN  FXGLAssetLoaderServi - Asset "/assets/textures/exploreatras.png" was not found!
19:31:45.440 [FXGL Background Thread 2 ] WARN  FXGLAssetLoaderServi - Failed to load IMAGE
19:31:45.443 [FXGL Background Thread 2 ] WARN  GameWorld            - Entity is already attached to world
19:31:45.444 [FXGL Background Thread 2 ] DEBUG FXGLAssetLoaderServi - Loading from file system: file:/C:/Users/Dannieris/Desktop/ForkProyecto/ForkProyecto/target/classes/assets/textures/droidatack_basic.png
19:31:45.448 [FXGL Background Thread 2 ] DEBUG FXGLAssetLoaderServi - Loading from file system: file:/C:/Users/Dannieris/Desktop/ForkProyecto/ForkProyecto/target/classes/assets/textures/droididle.png
19:31:45.449 [FXGL Background Thread 2 ] WARN  FXGLAssetLoaderServi - Asset "/assets/textures/droidcaminando.png" was not found!
19:31:45.449 [FXGL Background Thread 2 ] WARN  FXGLAssetLoaderServi - Failed to load IMAGE
19:31:45.449 [FXGL Background Thread 2 ] WARN  FXGLAssetLoaderServi - Asset "/assets/textures/droidadelante.png" was not found!
19:31:45.449 [FXGL Background Thread 2 ] WARN  FXGLAssetLoaderServi - Failed to load IMAGE
19:31:45.449 [FXGL Background Thread 2 ] WARN  FXGLAssetLoaderServi - Asset "/assets/textures/droidatras.png" was not found!
19:31:45.449 [FXGL Background Thread 2 ] WARN  FXGLAssetLoaderServi - Failed to load IMAGE
19:31:45.449 [FXGL Background Thread 2 ] DEBUG FXGLAssetLoaderServi - Loading from file system: file:/C:/Users/Dannieris/Desktop/ForkProyecto/ForkProyecto/target/classes/assets/textures/droiddeat.png
19:31:45.451 [FXGL Background Thread 2 ] WARN  GameWorld            - Entity is already attached to world
19:31:45.465 [FXGL Background Thread 2 ] WARN  FXGLAssetLoaderServi - Asset "/assets/textures/droidcaminando.png" was not found!
19:31:45.465 [FXGL Background Thread 2 ] WARN  FXGLAssetLoaderServi - Failed to load IMAGE
19:31:45.465 [FXGL Background Thread 2 ] WARN  FXGLAssetLoaderServi - Asset "/assets/textures/droidadelante.png" was not found!
19:31:45.465 [FXGL Background Thread 2 ] WARN  FXGLAssetLoaderServi - Failed to load IMAGE
19:31:45.466 [FXGL Background Thread 2 ] WARN  FXGLAssetLoaderServi - Asset "/assets/textures/droidatras.png" was not found!
19:31:45.466 [FXGL Background Thread 2 ] WARN  FXGLAssetLoaderServi - Failed to load IMAGE
19:31:45.467 [FXGL Background Thread 2 ] WARN  GameWorld            - Entity is already attached to world
19:31:45.468 [FXGL Background Thread 2 ] DEBUG FXGLAssetLoaderServi - Loading from file system: file:/C:/Users/Dannieris/Desktop/ForkProyecto/ForkProyecto/target/classes/assets/textures/droid2atack_basic.png
19:31:45.470 [FXGL Background Thread 2 ] DEBUG FXGLAssetLoaderServi - Loading from file system: file:/C:/Users/Dannieris/Desktop/ForkProyecto/ForkProyecto/target/classes/assets/textures/droid2idle.png
19:31:45.470 [FXGL Background Thread 2 ] WARN  FXGLAssetLoaderServi - Asset "/assets/textures/droid2caminando.png" was not found!
19:31:45.471 [FXGL Background Thread 2 ] WARN  FXGLAssetLoaderServi - Failed to load IMAGE
19:31:45.471 [FXGL Background Thread 2 ] WARN  FXGLAssetLoaderServi - Asset "/assets/textures/droid2adelante.png" was not found!
19:31:45.471 [FXGL Background Thread 2 ] WARN  FXGLAssetLoaderServi - Failed to load IMAGE
19:31:45.471 [FXGL Background Thread 2 ] WARN  FXGLAssetLoaderServi - Asset "/assets/textures/droid2atras.png" was not found!
19:31:45.471 [FXGL Background Thread 2 ] WARN  FXGLAssetLoaderServi - Failed to load IMAGE
19:31:45.471 [FXGL Background Thread 2 ] DEBUG FXGLAssetLoaderServi - Loading from file system: file:/C:/Users/Dannieris/Desktop/ForkProyecto/ForkProyecto/target/classes/assets/textures/droid2deat.png
19:31:45.473 [FXGL Background Thread 2 ] WARN  GameWorld            - Entity is already attached to world
19:31:45.474 [FXGL Background Thread 2 ] WARN  FXGLAssetLoaderServi - Asset "/assets/textures/droid2caminando.png" was not found!
19:31:45.474 [FXGL Background Thread 2 ] WARN  FXGLAssetLoaderServi - Failed to load IMAGE
19:31:45.474 [FXGL Background Thread 2 ] WARN  FXGLAssetLoaderServi - Asset "/assets/textures/droid2adelante.png" was not found!
19:31:45.474 [FXGL Background Thread 2 ] WARN  FXGLAssetLoaderServi - Failed to load IMAGE
19:31:45.474 [FXGL Background Thread 2 ] WARN  FXGLAssetLoaderServi - Asset "/assets/textures/droid2atras.png" was not found!
19:31:45.474 [FXGL Background Thread 2 ] WARN  FXGLAssetLoaderServi - Failed to load IMAGE
19:31:45.476 [FXGL Background Thread 2 ] WARN  GameWorld            - Entity is already attached to world
19:31:45.478 [FXGL Background Thread 2 ] WARN  FXGLAssetLoaderServi - Asset "/assets/textures/droid2caminando.png" was not found!
19:31:45.479 [FXGL Background Thread 2 ] WARN  FXGLAssetLoaderServi - Failed to load IMAGE
19:31:45.479 [FXGL Background Thread 2 ] WARN  FXGLAssetLoaderServi - Asset "/assets/textures/droid2adelante.png" was not found!
19:31:45.481 [FXGL Background Thread 2 ] WARN  FXGLAssetLoaderServi - Failed to load IMAGE
19:31:45.481 [FXGL Background Thread 2 ] WARN  FXGLAssetLoaderServi - Asset "/assets/textures/droid2atras.png" was not found!
19:31:45.481 [FXGL Background Thread 2 ] WARN  FXGLAssetLoaderServi - Failed to load IMAGE
19:31:45.482 [FXGL Background Thread 2 ] WARN  GameWorld            - Entity is already attached to world
19:31:45.484 [FXGL Background Thread 2 ] DEBUG FXGLAssetLoaderServi - Loading from file system: file:/C:/Users/Dannieris/Desktop/ForkProyecto/ForkProyecto/target/classes/assets/textures/droid3atack_basic.png
19:31:45.485 [FXGL Background Thread 2 ] DEBUG FXGLAssetLoaderServi - Loading from file system: file:/C:/Users/Dannieris/Desktop/ForkProyecto/ForkProyecto/target/classes/assets/textures/droid3idle.png
19:31:45.485 [FXGL Background Thread 2 ] WARN  FXGLAssetLoaderServi - Asset "/assets/textures/droid3caminando.png" was not found!
19:31:45.485 [FXGL Background Thread 2 ] WARN  FXGLAssetLoaderServi - Failed to load IMAGE
19:31:45.486 [FXGL Background Thread 2 ] WARN  FXGLAssetLoaderServi - Asset "/assets/textures/droid3adelante.png" was not found!
19:31:45.486 [FXGL Background Thread 2 ] WARN  FXGLAssetLoaderServi - Failed to load IMAGE
19:31:45.486 [FXGL Background Thread 2 ] WARN  FXGLAssetLoaderServi - Asset "/assets/textures/droid3atras.png" was not found!
19:31:45.486 [FXGL Background Thread 2 ] WARN  FXGLAssetLoaderServi - Failed to load IMAGE
19:31:45.486 [FXGL Background Thread 2 ] DEBUG FXGLAssetLoaderServi - Loading from file system: file:/C:/Users/Dannieris/Desktop/ForkProyecto/ForkProyecto/target/classes/assets/textures/droid3deat.png
19:31:45.488 [FXGL Background Thread 2 ] WARN  GameWorld            - Entity is already attached to world
19:31:45.489 [FXGL Background Thread 2 ] WARN  FXGLAssetLoaderServi - Asset "/assets/textures/droid3caminando.png" was not found!
19:31:45.489 [FXGL Background Thread 2 ] WARN  FXGLAssetLoaderServi - Failed to load IMAGE
19:31:45.489 [FXGL Background Thread 2 ] WARN  FXGLAssetLoaderServi - Asset "/assets/textures/droid3adelante.png" was not found!
19:31:45.489 [FXGL Background Thread 2 ] WARN  FXGLAssetLoaderServi - Failed to load IMAGE
19:31:45.489 [FXGL Background Thread 2 ] WARN  FXGLAssetLoaderServi - Asset "/assets/textures/droid3atras.png" was not found!
19:31:45.489 [FXGL Background Thread 2 ] WARN  FXGLAssetLoaderServi - Failed to load IMAGE
19:31:45.490 [FXGL Background Thread 2 ] WARN  GameWorld            - Entity is already attached to world
19:31:45.490 [FXGL Background Thread 2 ] DEBUG FXGLAssetLoaderServi - Loading from file system: file:/C:/Users/Dannieris/Desktop/ForkProyecto/ForkProyecto/target/classes/assets/textures/barreraDesactivadaitem.png
19:31:45.502 [FXGL Background Thread 2 ] WARN  FXGLAssetLoaderServi - Asset "/assets/textures/barreraDesactivadadisabled.png" was not found!
19:31:45.502 [FXGL Background Thread 2 ] WARN  FXGLAssetLoaderServi - Failed to load IMAGE
19:31:45.503 [FXGL Background Thread 2 ] WARN  GameWorld            - Entity is already attached to world
19:31:45.504 [FXGL Background Thread 2 ] WARN  FXGLAssetLoaderServi - Asset "/assets/textures/barreraDesactivadadisabled.png" was not found!
19:31:45.504 [FXGL Background Thread 2 ] WARN  FXGLAssetLoaderServi - Failed to load IMAGE
19:31:45.506 [FXGL Background Thread 2 ] WARN  GameWorld            - Entity is already attached to world
19:31:45.507 [FXGL Background Thread 2 ] WARN  FXGLAssetLoaderServi - Asset "/assets/textures/barreraDesactivadadisabled.png" was not found!
19:31:45.507 [FXGL Background Thread 2 ] WARN  FXGLAssetLoaderServi - Failed to load IMAGE
19:31:45.514 [FXGL Background Thread 2 ] WARN  GameWorld            - Entity is already attached to world
19:31:45.517 [FXGL Background Thread 2 ] WARN  FXGLAssetLoaderServi - Asset "/assets/textures/barreraDesactivadadisabled.png" was not found!
19:31:45.518 [FXGL Background Thread 2 ] WARN  FXGLAssetLoaderServi - Failed to load IMAGE
19:31:45.520 [FXGL Background Thread 2 ] WARN  GameWorld            - Entity is already attached to world
19:31:45.521 [FXGL Background Thread 2 ] DEBUG FXGLAssetLoaderServi - Loading from file system: file:/C:/Users/Dannieris/Desktop/ForkProyecto/ForkProyecto/target/classes/assets/textures/barreraitem.png
19:31:45.526 [FXGL Background Thread 2 ] DEBUG FXGLAssetLoaderServi - Loading from file system: file:/C:/Users/Dannieris/Desktop/ForkProyecto/ForkProyecto/target/classes/assets/textures/barreradisabled.png
19:31:45.532 [FXGL Background Thread 2 ] WARN  GameWorld            - Entity is already attached to world
19:31:45.533 [FXGL Background Thread 2 ] WARN  GameWorld            - Entity is already attached to world
19:31:45.534 [FXGL Background Thread 2 ] DEBUG FXGLAssetLoaderServi - Loading from file system: file:/C:/Users/Dannieris/Desktop/ForkProyecto/ForkProyecto/target/classes/assets/textures/panelitem.png
19:31:45.535 [FXGL Background Thread 2 ] DEBUG FXGLAssetLoaderServi - Loading from file system: file:/C:/Users/Dannieris/Desktop/ForkProyecto/ForkProyecto/target/classes/assets/textures/paneldisabled.png
19:31:45.537 [FXGL Background Thread 2 ] WARN  GameWorld            - Entity is already attached to world
19:31:45.537 [FXGL Background Thread 2 ] WARN  GameWorld            - Entity is already attached to world
19:31:45.538 [FXGL Background Thread 2 ] DEBUG FXGLAssetLoaderServi - Loading from file system: file:/C:/Users/Dannieris/Desktop/ForkProyecto/ForkProyecto/target/classes/assets/textures/generatorSpecialPointitem.png
19:31:45.539 [FXGL Background Thread 2 ] WARN  FXGLAssetLoaderServi - Asset "/assets/textures/generatorSpecialPointdisabled.png" was not found!
19:31:45.540 [FXGL Background Thread 2 ] WARN  FXGLAssetLoaderServi - Failed to load IMAGE
19:31:45.540 [FXGL Background Thread 2 ] WARN  GameWorld            - Entity is already attached to world
19:31:45.540 [FXGL Background Thread 2 ] WARN  FXGLAssetLoaderServi - Asset "/assets/textures/generatorSpecialPointdisabled.png" was not found!
19:31:45.541 [FXGL Background Thread 2 ] WARN  FXGLAssetLoaderServi - Failed to load IMAGE
19:31:45.541 [FXGL Background Thread 2 ] WARN  GameWorld            - Entity is already attached to world
19:31:45.541 [FXGL Background Thread 2 ] DEBUG FXGLAssetLoaderServi - Loading from file system: file:/C:/Users/Dannieris/Desktop/ForkProyecto/ForkProyecto/target/classes/assets/textures/lifeitem.png
19:31:45.542 [FXGL Background Thread 2 ] WARN  FXGLAssetLoaderServi - Asset "/assets/textures/lifedisabled.png" was not found!
19:31:45.543 [FXGL Background Thread 2 ] WARN  FXGLAssetLoaderServi - Failed to load IMAGE
19:31:45.544 [FXGL Background Thread 2 ] WARN  GameWorld            - Entity is already attached to world
19:31:45.546 [FXGL Background Thread 2 ] WARN  FXGLAssetLoaderServi - Asset "/assets/textures/lifedisabled.png" was not found!
19:31:45.546 [FXGL Background Thread 2 ] WARN  FXGLAssetLoaderServi - Failed to load IMAGE
19:31:45.547 [FXGL Background Thread 2 ] WARN  GameWorld            - Entity is already attached to world
19:31:45.548 [FXGL Background Thread 2 ] DEBUG FXGLAssetLoaderServi - Loading from file system: file:/C:/Users/Dannieris/Desktop/ForkProyecto/ForkProyecto/target/classes/assets/textures/atackitem.png
19:31:45.550 [FXGL Background Thread 2 ] WARN  FXGLAssetLoaderServi - Asset "/assets/textures/atackdisabled.png" was not found!
19:31:45.550 [FXGL Background Thread 2 ] WARN  FXGLAssetLoaderServi - Failed to load IMAGE
19:31:45.550 [FXGL Background Thread 2 ] WARN  GameWorld            - Entity is already attached to world
19:31:45.551 [FXGL Background Thread 2 ] WARN  FXGLAssetLoaderServi - Asset "/assets/textures/atackdisabled.png" was not found!
19:31:45.551 [FXGL Background Thread 2 ] WARN  FXGLAssetLoaderServi - Failed to load IMAGE
19:31:45.551 [FXGL Background Thread 2 ] WARN  GameWorld            - Entity is already attached to world
19:31:45.553 [FXGL Background Thread 2 ] DEBUG FXGLAssetLoaderServi - Loading from file system: file:/C:/Users/Dannieris/Desktop/ForkProyecto/ForkProyecto/target/classes/assets/textures/cyborgatack_special.png
19:31:45.557 [FXGL Background Thread 2 ] DEBUG FXGLAssetLoaderServi - Loading from file system: file:/C:/Users/Dannieris/Desktop/ForkProyecto/ForkProyecto/target/classes/assets/textures/cyborgatack_basic.png
19:31:45.560 [FXGL Background Thread 2 ] DEBUG FXGLAssetLoaderServi - Loading from file system: file:/C:/Users/Dannieris/Desktop/ForkProyecto/ForkProyecto/target/classes/assets/textures/cyborgidle.png
19:31:45.563 [FXGL Background Thread 2 ] DEBUG FXGLAssetLoaderServi - Loading from file system: file:/C:/Users/Dannieris/Desktop/ForkProyecto/ForkProyecto/target/classes/assets/textures/cyborgcaminando.png
19:31:45.564 [FXGL Background Thread 2 ] DEBUG FXGLAssetLoaderServi - Loading from file system: file:/C:/Users/Dannieris/Desktop/ForkProyecto/ForkProyecto/target/classes/assets/textures/cyborgadelante.png
19:31:45.565 [FXGL Background Thread 2 ] DEBUG FXGLAssetLoaderServi - Loading from file system: file:/C:/Users/Dannieris/Desktop/ForkProyecto/ForkProyecto/target/classes/assets/textures/cyborgatras.png
19:31:45.567 [FXGL Background Thread 2 ] DEBUG FXGLAssetLoaderServi - Loading from file system: file:/C:/Users/Dannieris/Desktop/ForkProyecto/ForkProyecto/target/classes/assets/textures/cyborgdeat.png
19:31:45.568 [FXGL Background Thread 2 ] WARN  GameWorld            - Entity is already attached to world
19:31:45.568 [FXGL Background Thread 2 ] WARN  FXGLAssetLoaderServi - Asset "/assets/textures/jaxKaneatack_special.png" was not found!
19:31:45.568 [FXGL Background Thread 2 ] WARN  FXGLAssetLoaderServi - Failed to load IMAGE
19:31:45.569 [FXGL Background Thread 2 ] DEBUG FXGLAssetLoaderServi - Loading from file system: file:/C:/Users/Dannieris/Desktop/ForkProyecto/ForkProyecto/target/classes/assets/textures/jaxKaneatack_basic.png
19:31:45.569 [FXGL Background Thread 2 ] DEBUG FXGLAssetLoaderServi - Loading from file system: file:/C:/Users/Dannieris/Desktop/ForkProyecto/ForkProyecto/target/classes/assets/textures/jaxKaneidle.png
19:31:45.570 [FXGL Background Thread 2 ] DEBUG FXGLAssetLoaderServi - Loading from file system: file:/C:/Users/Dannieris/Desktop/ForkProyecto/ForkProyecto/target/classes/assets/textures/jaxKanecaminando.png
19:31:45.570 [FXGL Background Thread 2 ] DEBUG FXGLAssetLoaderServi - Loading from file system: file:/C:/Users/Dannieris/Desktop/ForkProyecto/ForkProyecto/target/classes/assets/textures/jaxKaneadelante.png
19:31:45.571 [FXGL Background Thread 2 ] DEBUG FXGLAssetLoaderServi - Loading from file system: file:/C:/Users/Dannieris/Desktop/ForkProyecto/ForkProyecto/target/classes/assets/textures/jaxKaneatras.png
19:31:45.571 [FXGL Background Thread 2 ] WARN  FXGLAssetLoaderServi - Asset "/assets/textures/jaxKanedeat.png" was not found!
19:31:45.573 [FXGL Background Thread 2 ] WARN  FXGLAssetLoaderServi - Failed to load IMAGE
19:31:45.573 [FXGL Background Thread 2 ] WARN  GameWorld            - Entity is already attached to world
19:31:45.573 [FXGL Background Thread 2 ] DEBUG Input                - Registered new binding: Mover Arriba - W
19:31:45.573 [FXGL Background Thread 2 ] DEBUG Input                - Registered new binding: Mover Abajo - S
19:31:45.573 [FXGL Background Thread 2 ] DEBUG Input                - Registered new binding: Mover Izquierda - A
19:31:45.573 [FXGL Background Thread 2 ] DEBUG Input                - Registered new binding: Mover Derecha - D
19:31:45.575 [FXGL Background Thread 2 ] DEBUG FXGLAssetLoaderServi - Loading from file system: file:/C:/Users/Dannieris/Desktop/ForkProyecto/ForkProyecto/target/classes/assets/textures/nivel1Texto.png
19:31:45.585 [FXGL Background Thread 2 ] DEBUG FXGLAssetLoaderServi - Loading from file system: file:/C:/Users/Dannieris/Desktop/ForkProyecto/ForkProyecto/target/classes/assets/textures/coinConteiner.png
19:31:45.586 [FXGL Background Thread 2 ] DEBUG FXGLAssetLoaderServi - Loading from file system: file:/C:/Users/Dannieris/Desktop/ForkProyecto/ForkProyecto/target/classes/assets/textures/targetCoin.png
19:31:45.620 [FXGL Background Thread 2 ] DEBUG FXGLAssetLoaderServi - Loading from file system: file:/C:/Users/Dannieris/Desktop/ForkProyecto/ForkProyecto/target/classes/assets/textures/latienda.png
19:31:45.632 [FXGL Background Thread 2 ] DEBUG FXGLAssetLoaderServi - Loading from file system: file:/C:/Users/Dannieris/Desktop/ForkProyecto/ForkProyecto/target/classes/assets/textures/botonTienda.png
19:31:45.634 [FXGL Background Thread 2 ] DEBUG FXGLAssetLoaderServi - Loading from file system: file:/C:/Users/Dannieris/Desktop/ForkProyecto/ForkProyecto/target/classes/assets/textures/botonGameMenu.png
19:31:45.634 [FXGL Background Thread 2 ] DEBUG FXGLAssetLoaderServi - Loading from file system: file:/C:/Users/Dannieris/Desktop/ForkProyecto/ForkProyecto/target/classes/assets/textures/buttonMainMenu.png
19:31:45.635 [FXGL Background Thread 2 ] DEBUG FXGLAssetLoaderServi - Loading from file system: file:/C:/Users/Dannieris/Desktop/ForkProyecto/ForkProyecto/target/classes/assets/textures/wikiButton.png
19:31:45.635 [FXGL Background Thread 2 ] DEBUG FXGLAssetLoaderServi - Loading from file system: file:/C:/Users/Dannieris/Desktop/ForkProyecto/ForkProyecto/target/classes/assets/textures/specialPointBar.png
19:31:45.636 [FXGL Background Thread 2 ] DEBUG FXGLAssetLoaderServi - Loading from file system: file:/C:/Users/Dannieris/Desktop/ForkProyecto/ForkProyecto/target/classes/assets/textures/statBar.png
19:31:45.636 [FXGL Background Thread 2 ] DEBUG FXGLAssetLoaderServi - Loading from file system: file:/C:/Users/Dannieris/Desktop/ForkProyecto/ForkProyecto/target/classes/assets/textures/statAtackBar.png
19:31:45.637 [FXGL Background Thread 2 ] DEBUG FXGLAssetLoaderServi - Loading from file system: file:/C:/Users/Dannieris/Desktop/ForkProyecto/ForkProyecto/target/classes/assets/textures/wiki_image.png
19:31:45.650 [FXGL Background Thread 2 ] DEBUG FXGLAssetLoaderServi - Loading from file system: file:/C:/Users/Dannieris/Desktop/ForkProyecto/ForkProyecto/target/classes/assets/textures/iconCyborg.png
19:31:45.651 [FXGL Background Thread 2 ] DEBUG FXGLAssetLoaderServi - Loading from file system: file:/C:/Users/Dannieris/Desktop/ForkProyecto/ForkProyecto/target/classes/assets/textures/iconJaxKane.png
19:31:45.652 [FXGL Background Thread 2 ] DEBUG FXGLAssetLoaderServi - Loading from file system: file:/C:/Users/Dannieris/Desktop/ForkProyecto/ForkProyecto/target/classes/assets/textures/specialPoint.png
19:31:45.653 [FXGL Background Thread 2 ] DEBUG FXGLAssetLoaderServi - Loading from file system: file:/C:/Users/Dannieris/Desktop/ForkProyecto/ForkProyecto/target/classes/assets/textures/special.png
19:31:45.653 [FXGL Background Thread 2 ] DEBUG FXGLAssetLoaderServi - Loading from file system: file:/C:/Users/Dannieris/Desktop/ForkProyecto/ForkProyecto/target/classes/assets/textures/barra_enemigo.png
19:31:45.654 [FXGL Background Thread 2 ] DEBUG FXGLAssetLoaderServi - Loading from file system: file:/C:/Users/Dannieris/Desktop/ForkProyecto/ForkProyecto/target/classes/assets/textures/life_point_enemi.png
19:31:45.654 [FXGL Background Thread 2 ] DEBUG FXGLAssetLoaderServi - Loading from file system: file:/C:/Users/Dannieris/Desktop/ForkProyecto/ForkProyecto/target/classes/assets/textures/life_bar.png
19:31:45.656 [FXGL Background Thread 2 ] DEBUG FXGLAssetLoaderServi - Loading from file system: file:/C:/Users/Dannieris/Desktop/ForkProyecto/ForkProyecto/target/classes/assets/textures/life_point.png
19:31:45.657 [FXGL Background Thread 2 ] DEBUG FXGLAssetLoaderServi - Loading from file system: file:/C:/Users/Dannieris/Desktop/ForkProyecto/ForkProyecto/target/classes/assets/textures/button_atacck.png
19:31:45.658 [FXGL Background Thread 2 ] DEBUG FXGLAssetLoaderServi - Loading from file system: file:/C:/Users/Dannieris/Desktop/ForkProyecto/ForkProyecto/target/classes/assets/textures/combat_panel.png
19:31:45.663 [FXGL Background Thread 2 ] INFO  FXGLApplication      - Game initialization took: 0.911 sec
19:31:45.677 [JavaFX Application Thread] DEBUG Input                - Clearing active input actions
19:31:45.684 [JavaFX Application Thread] DEBUG GameApplicationServi - Removing overlay from FXGLLoadingScene and adding to GameScene
19:31:45.686 [JavaFX Application Thread] DEBUG PrimaryStageWindow   - FXGLLoadingScene -> GameScene
19:31:45.711 [JavaFX Application Thread] DEBUG FXGLAssetLoaderServi - Loading from file system: file:/C:/Users/Dannieris/Desktop/ForkProyecto/ForkProyecto/target/classes/assets/sounds/item.wav
19:31:46.836 [FXGL Background Thread 3 ] DEBUG Engine               - Logging environment variables
19:31:46.836 [FXGL Background Thread 3 ] DEBUG Engine               - achievements: []
19:31:46.836 [FXGL Background Thread 3 ] DEBUG Engine               - actualHeight: 912.0
19:31:46.836 [FXGL Background Thread 3 ] DEBUG Engine               - actualHeightProperty: ReadOnlyDoubleProperty [value: 912.0]
19:31:46.836 [FXGL Background Thread 3 ] DEBUG Engine               - actualWidth: 1343.0
19:31:46.836 [FXGL Background Thread 3 ] DEBUG Engine               - actualWidthProperty: ReadOnlyDoubleProperty [value: 1343.0]
19:31:46.836 [FXGL Background Thread 3 ] DEBUG Engine               - appIcon: fxgl_icon.png
19:31:46.836 [FXGL Background Thread 3 ] DEBUG Engine               - applicationMode: DEVELOPER
19:31:46.836 [FXGL Background Thread 3 ] DEBUG Engine               - cSSList: [fxgl_dark.css]
19:31:46.836 [FXGL Background Thread 3 ] DEBUG Engine               - collisionDetectionStrategy: BRUTE_FORCE
19:31:46.836 [FXGL Background Thread 3 ] DEBUG Engine               - configClass: Optional.empty
19:31:46.836 [FXGL Background Thread 3 ] DEBUG Engine               - credits: []
19:31:46.836 [FXGL Background Thread 3 ] DEBUG Engine               - defaultCursor: CursorInfo(imageName=cursor.png, hotspotX=0.0, hotspotY=0.0)
19:31:46.836 [FXGL Background Thread 3 ] DEBUG Engine               - devBBoxColorProperty: ObjectProperty [value: 0xff0000ff]
19:31:46.836 [FXGL Background Thread 3 ] DEBUG Engine               - devEnableDebugCameraProperty: BooleanProperty [value: false]
19:31:46.836 [FXGL Background Thread 3 ] DEBUG Engine               - devSensorColorProperty: ObjectProperty [value: 0xffff00ff]
19:31:46.836 [FXGL Background Thread 3 ] DEBUG Engine               - devShowBBoxProperty: BooleanProperty [value: false]
19:31:46.836 [FXGL Background Thread 3 ] DEBUG Engine               - devShowPositionProperty: BooleanProperty [value: false]
19:31:46.836 [FXGL Background Thread 3 ] DEBUG Engine               - enabledMenuItems: []
19:31:46.836 [FXGL Background Thread 3 ] DEBUG Engine               - engineServices: [class com.almasb.fxgl.app.services.FXGLAssetLoaderService, class com.almasb.fxgl.app.FXGLApplication$GameApplicationService, class com.almasb.fxgl.app.services.FXGLDialogService, class com.almasb.fxgl.app.services.IOTaskExecutorService, class com.almasb.fxgl.io.FileSystemService, class com.almasb.fxgl.localization.LocalizationService, class com.almasb.fxgl.app.services.SystemBundleService, class com.almasb.fxgl.profile.SaveLoadService, class com.almasb.fxgl.ui.FXGLUIFactoryServiceProvider, class com.almasb.fxgl.ui.FXGLDialogFactoryServiceProvider, class com.almasb.fxgl.audio.AudioPlayer, class com.almasb.fxgl.notification.impl.NotificationServiceProvider, class com.almasb.fxgl.achievement.AchievementService, class com.almasb.fxgl.cutscene.CutsceneService, class com.almasb.fxgl.minigames.MiniGameService, class com.almasb.fxgl.net.NetService, class com.almasb.fxgl.app.services.UpdaterService, class com.almasb.fxgl.dev.DevService]
19:31:46.836 [FXGL Background Thread 3 ] DEBUG Engine               - fontGame: Abel-Regular.ttf
19:31:46.836 [FXGL Background Thread 3 ] DEBUG Engine               - fontMono: TerminalLandMono-Regular.otf
19:31:46.836 [FXGL Background Thread 3 ] DEBUG Engine               - fontSizeScaleUI: 1.0
19:31:46.836 [FXGL Background Thread 3 ] DEBUG Engine               - fontText: Courier-Prime.ttf
19:31:46.838 [FXGL Background Thread 3 ] DEBUG Engine               - fontUI: VarelaRound-Regular.ttf
19:31:46.838 [FXGL Background Thread 3 ] DEBUG Engine               - fullScreen: BooleanProperty [value: false]
19:31:46.838 [FXGL Background Thread 3 ] DEBUG Engine               - gameDifficulty: MEDIUM
19:31:46.838 [FXGL Background Thread 3 ] DEBUG Engine               - gameDifficultyProperty: ObjectProperty [value: MEDIUM]
19:31:46.838 [FXGL Background Thread 3 ] DEBUG Engine               - globalMusicVolume: 0.5
19:31:46.838 [FXGL Background Thread 3 ] DEBUG Engine               - globalMusicVolumeProperty: DoubleProperty [value: 0.5]
19:31:46.838 [FXGL Background Thread 3 ] DEBUG Engine               - globalSoundVolume: 0.5
19:31:46.838 [FXGL Background Thread 3 ] DEBUG Engine               - globalSoundVolumeProperty: DoubleProperty [value: 0.5]
19:31:46.838 [FXGL Background Thread 3 ] DEBUG Engine               - height: 1024
19:31:46.838 [FXGL Background Thread 3 ] DEBUG Engine               - is3D: false
19:31:46.838 [FXGL Background Thread 3 ] DEBUG Engine               - isAndroid: false
19:31:46.838 [FXGL Background Thread 3 ] DEBUG Engine               - isBrowser: false
19:31:46.838 [FXGL Background Thread 3 ] DEBUG Engine               - isClickFeedbackEnabled: false
19:31:46.838 [FXGL Background Thread 3 ] DEBUG Engine               - isCloseConfirmation: false
19:31:46.838 [FXGL Background Thread 3 ] DEBUG Engine               - isDesktop: true
19:31:46.838 [FXGL Background Thread 3 ] DEBUG Engine               - isDeveloperMenuEnabled: true
19:31:46.838 [FXGL Background Thread 3 ] DEBUG Engine               - isEmbedded: false
19:31:46.838 [FXGL Background Thread 3 ] DEBUG Engine               - isEntityPreloadEnabled: true
19:31:46.838 [FXGL Background Thread 3 ] DEBUG Engine               - isExperimentalTiledLargeMap: false
19:31:46.838 [FXGL Background Thread 3 ] DEBUG Engine               - isFileSystemWriteAllowed: true
19:31:46.838 [FXGL Background Thread 3 ] DEBUG Engine               - isFullScreenAllowed: false
19:31:46.838 [FXGL Background Thread 3 ] DEBUG Engine               - isFullScreenFromStart: false
19:31:46.838 [FXGL Background Thread 3 ] DEBUG Engine               - isGameMenuEnabled: true
19:31:46.838 [FXGL Background Thread 3 ] DEBUG Engine               - isIOS: false
19:31:46.838 [FXGL Background Thread 3 ] DEBUG Engine               - isIntroEnabled: false
19:31:46.838 [FXGL Background Thread 3 ] DEBUG Engine               - isLinux: false
19:31:46.838 [FXGL Background Thread 3 ] DEBUG Engine               - isMac: false
19:31:46.838 [FXGL Background Thread 3 ] DEBUG Engine               - isMainMenuEnabled: true
19:31:46.838 [FXGL Background Thread 3 ] DEBUG Engine               - isManualResizeEnabled: false
19:31:46.838 [FXGL Background Thread 3 ] DEBUG Engine               - isMobile: false
19:31:46.838 [FXGL Background Thread 3 ] DEBUG Engine               - isNative: false
19:31:46.838 [FXGL Background Thread 3 ] DEBUG Engine               - isPauseMusicWhenMinimized: true
19:31:46.838 [FXGL Background Thread 3 ] DEBUG Engine               - isPreserveResizeRatio: false
19:31:46.838 [FXGL Background Thread 3 ] DEBUG Engine               - isProfilingEnabled: false
19:31:46.838 [FXGL Background Thread 3 ] DEBUG Engine               - isScaleAffectedOnResize: true
19:31:46.838 [FXGL Background Thread 3 ] DEBUG Engine               - isSingleStep: false
19:31:46.838 [FXGL Background Thread 3 ] DEBUG Engine               - isUserProfileEnabled: false
19:31:46.838 [FXGL Background Thread 3 ] DEBUG Engine               - isWindows: true
19:31:46.838 [FXGL Background Thread 3 ] DEBUG Engine               - language: ObjectProperty [value: ENGLISH]
19:31:46.838 [FXGL Background Thread 3 ] DEBUG Engine               - menuKey: ESCAPE
19:31:46.838 [FXGL Background Thread 3 ] DEBUG Engine               - mouseSensitivity: 0.2
19:31:46.838 [FXGL Background Thread 3 ] DEBUG Engine               - notificationViewClass: class com.almasb.fxgl.notification.view.XboxNotificationView
19:31:46.838 [FXGL Background Thread 3 ] DEBUG Engine               - pixelsPerMeter: 50.0
19:31:46.838 [FXGL Background Thread 3 ] DEBUG Engine               - platform: WINDOWS
19:31:46.838 [FXGL Background Thread 3 ] DEBUG Engine               - prefHeightProperty: ReadOnlyDoubleProperty [value: 1024.0]
19:31:46.838 [FXGL Background Thread 3 ] DEBUG Engine               - prefWidthProperty: ReadOnlyDoubleProperty [value: 1536.0]
19:31:46.838 [FXGL Background Thread 3 ] DEBUG Engine               - profileDir: profiles/
19:31:46.838 [FXGL Background Thread 3 ] DEBUG Engine               - profileName: StringProperty [value: DEFAULT]
19:31:46.838 [FXGL Background Thread 3 ] DEBUG Engine               - randomSeed: -1
19:31:46.838 [FXGL Background Thread 3 ] DEBUG Engine               - runtimeInfo: RuntimeInfo(platform=WINDOWS, version=17.3, build=30.03.2023 11.49)
19:31:46.838 [FXGL Background Thread 3 ] DEBUG Engine               - saveFileExt: sav
19:31:46.838 [FXGL Background Thread 3 ] DEBUG Engine               - scaledHeightProp$fxgl: DoubleProperty [bound, value: 912.0]
19:31:46.838 [FXGL Background Thread 3 ] DEBUG Engine               - scaledWidthProp$fxgl: DoubleProperty [bound, value: 1343.0]
19:31:46.838 [FXGL Background Thread 3 ] DEBUG Engine               - sceneFactory: App.Game.GameApp$1@3006423
19:31:46.838 [FXGL Background Thread 3 ] DEBUG Engine               - secondsIn24h: 60
19:31:46.838 [FXGL Background Thread 3 ] DEBUG Engine               - soundMenuBack: menu/back.wav
19:31:46.838 [FXGL Background Thread 3 ] DEBUG Engine               - soundMenuPress: menu/press.wav
19:31:46.838 [FXGL Background Thread 3 ] DEBUG Engine               - soundMenuSelect: menu/select.wav
19:31:46.838 [FXGL Background Thread 3 ] DEBUG Engine               - soundNotification: core/notification.wav
19:31:46.838 [FXGL Background Thread 3 ] DEBUG Engine               - stageStyle: DECORATED
19:31:46.838 [FXGL Background Thread 3 ] DEBUG Engine               - supportedLanguages: [ENGLISH, FRENCH, GERMAN, HUNGARIAN, RUSSIAN]
19:31:46.838 [FXGL Background Thread 3 ] DEBUG Engine               - ticksPerSecond: -1
19:31:46.838 [FXGL Background Thread 3 ] DEBUG Engine               - title: Eclipsis: el legado de la nave abandonada(BetaVer)
19:31:46.838 [FXGL Background Thread 3 ] DEBUG Engine               - urlGithub: https://github.com/AlmasB/FXGL
19:31:46.838 [FXGL Background Thread 3 ] DEBUG Engine               - urlLeaderboard: http://fxgl-top.herokuapp.com/
19:31:46.838 [FXGL Background Thread 3 ] DEBUG Engine               - urlPOM: https://raw.githubusercontent.com/AlmasB/FXGL/release/README.md
19:31:46.838 [FXGL Background Thread 3 ] DEBUG Engine               - userAppClass: class App.Game.GameApp
19:31:46.838 [FXGL Background Thread 3 ] DEBUG Engine               - version: 0.0
19:31:46.838 [FXGL Background Thread 3 ] DEBUG Engine               - versionCheckDays: 7
19:31:46.838 [FXGL Background Thread 3 ] DEBUG Engine               - width: 1536
19:31:46.838 [FXGL Background Thread 3 ] DEBUG Engine               - Logging services
19:31:46.838 [FXGL Background Thread 3 ] DEBUG Engine               - class com.almasb.fxgl.app.services.FXGLAssetLoaderService
19:31:46.838 [FXGL Background Thread 3 ] DEBUG Engine               - class com.almasb.fxgl.app.FXGLApplication$GameApplicationService
19:31:46.838 [FXGL Background Thread 3 ] DEBUG Engine               - class com.almasb.fxgl.app.services.FXGLDialogService
19:31:46.838 [FXGL Background Thread 3 ] DEBUG Engine               - class com.almasb.fxgl.app.services.IOTaskExecutorService
19:31:46.838 [FXGL Background Thread 3 ] DEBUG Engine               - class com.almasb.fxgl.io.FileSystemService
19:31:46.838 [FXGL Background Thread 3 ] DEBUG Engine               - class com.almasb.fxgl.localization.LocalizationService
19:31:46.838 [FXGL Background Thread 3 ] DEBUG Engine               - class com.almasb.fxgl.app.services.SystemBundleService
19:31:46.838 [FXGL Background Thread 3 ] DEBUG Engine               - class com.almasb.fxgl.profile.SaveLoadService
19:31:46.838 [FXGL Background Thread 3 ] DEBUG Engine               - class com.almasb.fxgl.ui.FXGLUIFactoryServiceProvider
19:31:46.838 [FXGL Background Thread 3 ] DEBUG Engine               - class com.almasb.fxgl.ui.FXGLDialogFactoryServiceProvider
19:31:46.838 [FXGL Background Thread 3 ] DEBUG Engine               - class com.almasb.fxgl.audio.AudioPlayer
19:31:46.838 [FXGL Background Thread 3 ] DEBUG Engine               - class com.almasb.fxgl.notification.impl.NotificationServiceProvider
19:31:46.838 [FXGL Background Thread 3 ] DEBUG Engine               - class com.almasb.fxgl.achievement.AchievementService
19:31:46.838 [FXGL Background Thread 3 ] DEBUG Engine               - class com.almasb.fxgl.cutscene.CutsceneService
19:31:46.838 [FXGL Background Thread 3 ] DEBUG Engine               - class com.almasb.fxgl.minigames.MiniGameService
19:31:46.838 [FXGL Background Thread 3 ] DEBUG Engine               - class com.almasb.fxgl.net.NetService
19:31:46.838 [FXGL Background Thread 3 ] DEBUG Engine               - class com.almasb.fxgl.app.services.UpdaterService
19:31:46.838 [FXGL Background Thread 3 ] DEBUG Engine               - class com.almasb.fxgl.dev.DevService
19:31:48.452 [JavaFX Application Thread] WARN  TMXLevelLoader       - TiledMap generated from 1.11.2. Supported version: 1.9.0. Some features may not be parsed fully.
19:31:48.458 [JavaFX Application Thread] DEBUG TMXLevelLoader       - Parsed TiledMap: file:/C:/Users/Dannieris/Desktop/ForkProyecto/ForkProyecto/target/classes/assets/levels/level_02.tmx
19:31:48.458 [JavaFX Application Thread] DEBUG TMXLevelLoader       - Creating tile layer entities
19:31:48.459 [JavaFX Application Thread] DEBUG TilesetLoader        - Loading view for layer Capa de patrones 1
19:31:48.461 [JavaFX Application Thread] DEBUG TilesetLoader        - Created buffer with size 2000.0x1500.0
19:31:48.469 [JavaFX Application Thread] DEBUG TMXLevelLoader       - Creating object layer entities
19:31:48.470 [JavaFX Application Thread] DEBUG GameWorld            - Clearing removable entities
19:31:48.471 [JavaFX Application Thread] DEBUG GameWorld            - Setting level: com.almasb.fxgl.entity.level.Level@23b3a018
19:31:48.472 [JavaFX Application Thread] WARN  FXGLAssetLoaderServi - Asset "/assets/textures/jaxKaneatack_special.png" was not found!
19:31:48.472 [JavaFX Application Thread] WARN  FXGLAssetLoaderServi - Failed to load IMAGE
19:31:48.472 [JavaFX Application Thread] WARN  FXGLAssetLoaderServi - Asset "/assets/textures/jaxKanedeat.png" was not found!
19:31:48.473 [JavaFX Application Thread] WARN  FXGLAssetLoaderServi - Failed to load IMAGE
19:31:48.473 [JavaFX Application Thread] WARN  GameWorld            - Entity is already attached to world
19:31:48.474 [JavaFX Application Thread] WARN  GameWorld            - Entity is already attached to world
19:31:48.474 [JavaFX Application Thread] DEBUG LoopRunner           - Stopping loop
19:31:48.489 [JavaFX Application Thread] FATAL FXGLApplication      - Uncaught Exception:
java.lang.IllegalArgumentException: Duplicated @Spawns(jaxKane) in App.EntityFactory.PlayersFactory@2a2b91d2. Already exists in App.EntityFactory.PlayersFactory@612a3d1d=[jaxKane, cyborg]
	at com.almasb.fxgl.entity@17.3/com.almasb.fxgl.entity.GameWorld.checkDuplicateSpawners(GameWorld.kt:341)
	at com.almasb.fxgl.entity@17.3/com.almasb.fxgl.entity.GameWorld.access$checkDuplicateSpawners(GameWorld.kt:35)
	at com.almasb.fxgl.entity@17.3/com.almasb.fxgl.entity.GameWorld$addEntityFactory$1.invoke(GameWorld.kt:314)
	at com.almasb.fxgl.entity@17.3/com.almasb.fxgl.entity.GameWorld$addEntityFactory$1.invoke(GameWorld.kt:310)
	at com.almasb.fxgl.entity@17.3/com.almasb.fxgl.entity.GameWorld.addEntityFactory$lambda$8(GameWorld.kt:310)
	at java.base/java.util.HashMap.forEach(HashMap.java:1430)
	at com.almasb.fxgl.entity@17.3/com.almasb.fxgl.entity.GameWorld.addEntityFactory(GameWorld.kt:310)
	at Game.main/App.Game.GameApp.spawnLevel2(GameApp.java:76)
	at Game.main/App.Services.CollitionService$3.onCollisionBegin(CollitionService.java:89)
	at com.almasb.fxgl.entity@17.3/com.almasb.fxgl.physics.CollisionPair.collisionBegin(CollisionPair.java:37)
	at com.almasb.fxgl.entity@17.3/com.almasb.fxgl.physics.PhysicsWorld.collisionBeginFor(PhysicsWorld.java:453)
	at com.almasb.fxgl.entity@17.3/com.almasb.fxgl.physics.PhysicsWorld.beginContact(PhysicsWorld.java:235)
	at com.almasb.fxgl.entity@17.3/com.almasb.fxgl.physics.box2d.dynamics.contacts.Contact.update(Contact.java:269)
	at com.almasb.fxgl.entity@17.3/com.almasb.fxgl.physics.box2d.dynamics.World.solveTOI(World.java:592)
	at com.almasb.fxgl.entity@17.3/com.almasb.fxgl.physics.box2d.dynamics.World.step(World.java:284)
	at com.almasb.fxgl.entity@17.3/com.almasb.fxgl.physics.PhysicsWorld.onUpdate(PhysicsWorld.java:176)
	at com.almasb.fxgl.all@17.3/com.almasb.fxgl.app.scene.GameScene.step(GameScene.kt:229)
	at com.almasb.fxgl.all@17.3/com.almasb.fxgl.app.scene.GameScene.onUpdate(GameScene.kt:224)
	at com.almasb.fxgl.scene@17.3/com.almasb.fxgl.scene.Scene.update(Scene.kt:105)
	at com.almasb.fxgl.all@17.3/com.almasb.fxgl.app.MainWindow$update$1.invoke(MainWindow.kt:115)
	at com.almasb.fxgl.all@17.3/com.almasb.fxgl.app.MainWindow$update$1.invoke(MainWindow.kt:115)
	at com.almasb.fxgl.core@17.3/com.almasb.fxgl.core.fsm.StateMachine.runOnActiveStates(StateMachine.kt:69)
	at com.almasb.fxgl.all@17.3/com.almasb.fxgl.app.MainWindow.update(MainWindow.kt:115)
	at com.almasb.fxgl.all@17.3/com.almasb.fxgl.app.FXGLApplication$GameApplicationService.onUpdate(FXGLApplication.kt:426)
	at com.almasb.fxgl.all@17.3/com.almasb.fxgl.app.Engine.loop(Engine.kt:134)
	at com.almasb.fxgl.all@17.3/com.almasb.fxgl.app.Engine.access$loop(Engine.kt:24)
	at com.almasb.fxgl.all@17.3/com.almasb.fxgl.app.Engine$loop$1.invoke(Engine.kt:28)
	at com.almasb.fxgl.all@17.3/com.almasb.fxgl.app.Engine$loop$1.invoke(Engine.kt:28)
	at com.almasb.fxgl.all@17.3/com.almasb.fxgl.app.LoopRunner.frame(LoopRunner.kt:103)
	at com.almasb.fxgl.all@17.3/com.almasb.fxgl.app.LoopRunner.access$frame(LoopRunner.kt:23)
	at com.almasb.fxgl.all@17.3/com.almasb.fxgl.app.LoopRunner$impl$2$1.onTick(LoopRunner.kt:57)
	at com.almasb.fxgl.all@17.3/com.almasb.fxgl.app.AnimationTimerLoop$timer$1.handle(LoopRunner.kt:137)
	at javafx.graphics@20/javafx.animation.AnimationTimer$AnimationTimerReceiver.lambda$handle$0(AnimationTimer.java:58)
	at java.base/java.security.AccessController.doPrivileged(AccessController.java:138)
	at javafx.graphics@20/javafx.animation.AnimationTimer$AnimationTimerReceiver.handle(AnimationTimer.java:57)
	at javafx.graphics@20/com.sun.scenario.animation.AbstractPrimaryTimer.timePulseImpl(AbstractPrimaryTimer.java:356)
	at javafx.graphics@20/com.sun.scenario.animation.AbstractPrimaryTimer$MainLoop.run(AbstractPrimaryTimer.java:266)
	at javafx.graphics@20/com.sun.javafx.tk.quantum.QuantumToolkit.pulse(QuantumToolkit.java:588)
	at javafx.graphics@20/com.sun.javafx.tk.quantum.QuantumToolkit.pulse(QuantumToolkit.java:572)
	at javafx.graphics@20/com.sun.javafx.tk.quantum.QuantumToolkit.pulseFromQueue(QuantumToolkit.java:565)
	at javafx.graphics@20/com.sun.javafx.tk.quantum.QuantumToolkit.lambda$runToolkit$11(QuantumToolkit.java:352)
	at javafx.graphics@20/com.sun.glass.ui.InvokeLaterDispatcher$Future.run(InvokeLaterDispatcher.java:95)
	at javafx.graphics@20/com.sun.glass.ui.win.WinApplication._runLoop(Native Method)
	at javafx.graphics@20/com.sun.glass.ui.win.WinApplication.lambda$runLoop$3(WinApplication.java:185)
	at java.base/java.lang.Thread.run(Thread.java:1447)

19:31:48.489 [JavaFX Application Thread] FATAL FXGLApplication      - Application will now exit
19:31:48.493 [JavaFX Application Thread] DEBUG PrimaryStageWindow   - Push state: ErrorSubScene
19:31:48.493 [JavaFX Application Thread] DEBUG Input                - Clearing active input actions
19:31:48.493 [JavaFX Application Thread] DEBUG GameApplicationServi - Removing overlay from GameScene and adding to ErrorSubScene
19:31:48.495 [JavaFX Application Thread] DEBUG PrimaryStageWindow   - GameScene -> ErrorSubScene
19:31:53.756 [JavaFX Application Thread] DEBUG FXGLApplication      - Exiting FXGL
19:31:53.756 [JavaFX Application Thread] DEBUG Async                - Shutting down background threads
19:31:53.756 [JavaFX Application Thread] DEBUG PrimaryStageWindow   - Closing main window
19:31:53.781 [JavaFX Application Thread] DEBUG Logger               - Closing Logger
