14:22:05.062 [main                     ] DEBUG Logger               - Configured Logger
14:22:05.078 [main                     ] DEBUG GameApplication      - Logging settings
Title: Eclipsis: el legado de la nave abandonada(BetaVer)
Version: 0.0
Width: 1536
Height: 1024
Fullscreen: false
Intro: false
Profiling: false
Single step:false
App Mode: DEVELOPER
Menu Key: ESCAPE
Stage Style: DECORATED
Scene Factory: class App.Game.GameApp$1

14:22:05.169 [JavaFX Application Thread] DEBUG FXGLApplication      - Initializing FXGL
14:22:05.174 [JavaFX Application Thread] INFO  Engine               - FXGL-17.3 (30.03.2023 11.49) on WINDOWS (J:17.0.12 FX:20)
14:22:05.174 [JavaFX Application Thread] DEBUG Engine               - JRE Vendor Name: Oracle Corporation
14:22:05.175 [JavaFX Application Thread] DEBUG Engine               - Running on OS: Windows 11 version 10.0
14:22:05.175 [JavaFX Application Thread] DEBUG Engine               - Architecture: amd64
14:22:05.175 [JavaFX Application Thread] INFO  Engine               - Source code and latest versions at: https://github.com/AlmasB/FXGL
14:22:05.175 [JavaFX Application Thread] INFO  Engine               -       Ask questions and discuss at: https://github.com/AlmasB/FXGL/discussions
14:22:05.176 [JavaFX Application Thread] INFO  Engine               -              Join the FXGL chat at: https://gitter.im/AlmasB/FXGL
14:22:05.234 [JavaFX Application Thread] DEBUG PrimaryStageWindow   - Creating a JavaFX scene
14:22:05.234 [JavaFX Application Thread] DEBUG PrimaryStageWindow   - Target size > screen size
14:22:05.260 [JavaFX Application Thread] DEBUG PrimaryStageWindow   - Target settings size: 1536.0 x 1024.0
14:22:05.260 [JavaFX Application Thread] DEBUG PrimaryStageWindow   - Scaled scene size:    1343.0 x 912.0
14:22:05.260 [JavaFX Application Thread] DEBUG PrimaryStageWindow   - Scaled ratio: (0.8743489583333334, 0.890625)
14:22:05.261 [JavaFX Application Thread] DEBUG PrimaryStageWindow   - Set initial scene to FXGLStartupScene
14:22:05.262 [JavaFX Application Thread] DEBUG PrimaryStageWindow   - Opening main window
14:22:05.326 [JavaFX Application Thread] DEBUG PrimaryStageWindow   - Window border size: (14.5999755859375, 37.5999755859375)
14:22:05.326 [JavaFX Application Thread] DEBUG PrimaryStageWindow   - Scaled size: 1343.0 x 912.0
14:22:05.327 [JavaFX Application Thread] DEBUG PrimaryStageWindow   - Scaled ratio: (0.8743489583333334, 0.890625)
14:22:05.327 [JavaFX Application Thread] DEBUG PrimaryStageWindow   - Scene size: 1343.0 x 912.0
14:22:05.328 [JavaFX Application Thread] DEBUG PrimaryStageWindow   - Stage size: 1357.5999755859375 x 949.5999755859375
14:22:05.334 [FXGL Background Thread 1 ] DEBUG Engine               - Initializing environment variables
14:22:05.366 [FXGL Background Thread 1 ] DEBUG FXGLAssetLoaderServi - User app class for loading assets: class App.Game.GameApp
14:22:05.366 [FXGL Background Thread 1 ] DEBUG GameApplicationServi - Applying CSS: fxgl_dark.css
14:22:05.367 [FXGL Background Thread 1 ] DEBUG FXGLAssetLoaderServi - Loading from file system: jar:file:///C:/Users/Dannieris/.m2/repository/com/github/almasb/fxgl/17.3/fxgl-17.3.jar!/fxglassets/ui/css/fxgl_dark.css
14:22:05.411 [FXGL Background Thread 1 ] DEBUG GameApplicationServi - Initializing application scenes
14:22:05.457 [FXGL Background Thread 1 ] DEBUG GameWorld            - Game world initialized
14:22:05.519 [FXGL Background Thread 1 ] DEBUG PhysicsWorld         - Physics world initialized: appHeight=1024, physics.ppm=50.0
14:22:05.520 [FXGL Background Thread 1 ] DEBUG PhysicsWorld         - Using strategy: BRUTE_FORCE
14:22:05.527 [FXGL Background Thread 1 ] DEBUG GameScene            - Game scene initialized: 1536x1024
14:22:05.718 [FXGL Background Thread 1 ] DEBUG FXGL.DefaultMenu     - createMenuBodyGameMenu()
14:22:05.734 [FXGL Background Thread 1 ] DEBUG FXGL.DefaultMenu     - createOptionsMenu()
14:22:05.742 [FXGL Background Thread 1 ] DEBUG FXGLAssetLoaderServi - Loading from file system: jar:file:///C:/Users/Dannieris/.m2/repository/com/github/almasb/fxgl/17.3/fxgl-17.3.jar!/fxglassets/textures/particles/smoke.png
14:22:05.809 [FXGL Background Thread 1 ] DEBUG FXGLAssetLoaderServi - Loading from file system: jar:file:///C:/Users/Dannieris/.m2/repository/com/github/almasb/fxgl/17.3/fxgl-17.3.jar!/fxglassets/textures/particles/trace_horizontal.png
14:22:05.825 [FXGL Background Thread 1 ] DEBUG FXGLAssetLoaderServi - Loading from file system: file:/C:/Users/Dannieris/Desktop/ForkProyecto/ForkProyecto/target/classes/assets/music/menu.wav
14:22:05.904 [FXGL Background Thread 1 ] DEBUG AudioPlayer          - Playing music com.almasb.fxgl.audio.Music@492a66ec
14:22:05.906 [FXGL Background Thread 1 ] DEBUG AudioPlayer          - Playing music com.almasb.fxgl.audio.Music@492a66ec
14:22:05.906 [FXGL Background Thread 1 ] DEBUG FXGLAssetLoaderServi - Loading from file system: file:/C:/Users/Dannieris/Desktop/ForkProyecto/ForkProyecto/target/classes/assets/textures/fondoGameMenu.png
14:22:05.941 [FXGL Background Thread 1 ] DEBUG GameApplicationServi - Application scenes initialized
14:22:05.948 [FXGL Background Thread 1 ] DEBUG SystemBundleService  - Loading FXGL system data
14:22:05.951 [FXGL Background Thread 1 ] DEBUG FileSystemAccess     - Reading from: C:\Users\Dannieris\Desktop\ForkProyecto\ForkProyecto\system\fxgl.bundle
14:22:05.956 [FXGL Background Thread 1 ] DEBUG SystemBundleService  - Bundle FXGL: {}
14:22:05.956 [FXGL Background Thread 1 ] DEBUG UpdaterService       - Checking for updates
14:22:05.991 [FXGL Background Thread 4 ] DEBUG FXGLApplication      - Loading fonts
14:22:05.992 [FXGL Background Thread 4 ] DEBUG FXGLAssetLoaderServi - Loading from file system: jar:file:///C:/Users/Dannieris/.m2/repository/com/github/almasb/fxgl/17.3/fxgl-17.3.jar!/fxglassets/ui/fonts/VarelaRound-Regular.ttf
14:22:05.993 [FXGL Background Thread 1 ] DEBUG FXGLApplication      - Loading default localization
14:22:05.993 [FXGL Background Thread 1 ] DEBUG FXGLAssetLoaderServi - Loading from file system: jar:file:///C:/Users/Dannieris/.m2/repository/com/github/almasb/fxgl/17.3/fxgl-17.3.jar!/fxglassets/languages/english.lang
14:22:06.022 [FXGL Background Thread 1 ] INFO  FXGLApplication      - FXGL initialization took: 0.686 sec
14:22:06.055 [FXGL Background Thread 4 ] DEBUG FXGLAssetLoaderServi - Loading from file system: jar:file:///C:/Users/Dannieris/.m2/repository/com/github/almasb/fxgl/17.3/fxgl-17.3.jar!/fxglassets/ui/fonts/Abel-Regular.ttf
14:22:06.072 [FXGL Background Thread 4 ] DEBUG FXGLAssetLoaderServi - Loading from file system: jar:file:///C:/Users/Dannieris/.m2/repository/com/github/almasb/fxgl/17.3/fxgl-17.3.jar!/fxglassets/ui/fonts/TerminalLandMono-Regular.otf
14:22:06.086 [FXGL Background Thread 4 ] DEBUG FXGLAssetLoaderServi - Loading from file system: jar:file:///C:/Users/Dannieris/.m2/repository/com/github/almasb/fxgl/17.3/fxgl-17.3.jar!/fxglassets/ui/fonts/Courier-Prime.ttf
14:22:06.167 [FXGL Background Thread 2 ] WARN  UpdaterService       - Failed to find updates: java.net.SocketException: Permission denied: connect
14:22:06.172 [JavaFX Application Thread] DEBUG FXGLAssetLoaderServi - Loading from file system: jar:file:///C:/Users/Dannieris/.m2/repository/com/github/almasb/fxgl/17.3/fxgl-17.3.jar!/fxglassets/textures/fxgl_icon.png
14:22:06.187 [JavaFX Application Thread] DEBUG FXGLAssetLoaderServi - Loading from file system: jar:file:///C:/Users/Dannieris/.m2/repository/com/github/almasb/fxgl/17.3/fxgl-17.3.jar!/fxglassets/textures/fxgl_default_cursor.png
14:22:06.194 [JavaFX Application Thread] DEBUG Input                - Registered new binding: Screenshot - CTRL+8
14:22:06.195 [JavaFX Application Thread] DEBUG Input                - Registered new binding: Dev Options - 1
14:22:06.196 [JavaFX Application Thread] DEBUG Input                - Registered new binding: Dev Console - 2
14:22:06.196 [JavaFX Application Thread] DEBUG Input                - Registered new binding: System info dump - CTRL+9
14:22:06.196 [JavaFX Application Thread] DEBUG Input                - Registered new binding: Restart - CTRL+R
14:22:06.197 [JavaFX Application Thread] DEBUG Input                - Registered new binding: Toggle Debug Camera - CTRL+7
14:22:06.199 [JavaFX Application Thread] DEBUG LoopRunner           - Starting loop
14:22:06.208 [JavaFX Application Thread] DEBUG LoopRunner           - Initializing JavaFX AnimationTimerLoop
14:22:06.209 [JavaFX Application Thread] DEBUG Input                - Clearing active input actions
14:22:06.212 [JavaFX Application Thread] DEBUG GameApplicationServi - Removing overlay from FXGLStartupScene and adding to FXGLMainMenuDummyScene
14:22:06.218 [JavaFX Application Thread] DEBUG PrimaryStageWindow   - FXGLStartupScene -> FXGLMainMenuDummyScene
14:22:06.218 [JavaFX Application Thread] DEBUG PrimaryStageWindow   - Push state: MyMenu
14:22:06.218 [JavaFX Application Thread] DEBUG Input                - Clearing active input actions
14:22:06.222 [JavaFX Application Thread] DEBUG GameApplicationServi - Removing overlay from FXGLMainMenuDummyScene and adding to MyMenu
14:22:06.222 [JavaFX Application Thread] DEBUG PrimaryStageWindow   - FXGLMainMenuDummyScene -> MyMenu
14:22:06.224 [JavaFX Application Thread] DEBUG FXGLApplication      - Registering font factories with UI factory
14:22:07.883 [JavaFX Application Thread] DEBUG GameApplicationServi - Starting new game
14:22:07.884 [JavaFX Application Thread] DEBUG PrimaryStageWindow   - Pop state: MyMenu
14:22:07.884 [JavaFX Application Thread] DEBUG Input                - Clearing active input actions
14:22:07.885 [JavaFX Application Thread] DEBUG GameApplicationServi - Removing overlay from MyMenu and adding to FXGLMainMenuDummyScene
14:22:07.887 [JavaFX Application Thread] DEBUG PrimaryStageWindow   - FXGLMainMenuDummyScene <- MyMenu
14:22:07.888 [JavaFX Application Thread] DEBUG Input                - Clearing active input actions
14:22:07.898 [JavaFX Application Thread] DEBUG GameApplicationServi - Removing overlay from FXGLMainMenuDummyScene and adding to FXGLLoadingScene
14:22:07.898 [JavaFX Application Thread] DEBUG PrimaryStageWindow   - FXGLMainMenuDummyScene -> FXGLLoadingScene
14:22:07.898 [JavaFX Application Thread] DEBUG GameApplicationServi - Clearing previous game
14:22:07.898 [JavaFX Application Thread] DEBUG GameScene            - Clearing game scene
14:22:07.898 [JavaFX Application Thread] DEBUG GameWorld            - Clearing game world
14:22:07.898 [JavaFX Application Thread] DEBUG PhysicsWorld         - Clearing physics world
14:22:07.900 [FXGL Background Thread 2 ] DEBUG FXGLApplication      - Initializing game
14:22:08.063 [FXGL Background Thread 2 ] DEBUG AudioPlayer          - Stopping music com.almasb.fxgl.audio.Music@492a66ec
14:22:08.082 [FXGL Background Thread 2 ] DEBUG FXGLAssetLoaderServi - Loading from file system: file:/C:/Users/Dannieris/Desktop/ForkProyecto/ForkProyecto/target/classes/assets/music/loading.wav
14:22:08.085 [FXGL Background Thread 2 ] DEBUG AudioPlayer          - Playing music com.almasb.fxgl.audio.Music@2b5045e2
14:22:08.125 [FXGL Background Thread 2 ] DEBUG TMXLevelLoader       - Parsed TiledMap: file:/C:/Users/Dannieris/Desktop/ForkProyecto/ForkProyecto/target/classes/assets/levels/level_01.tmx
14:22:08.126 [FXGL Background Thread 2 ] DEBUG TMXLevelLoader       - Creating tile layer entities
14:22:08.127 [FXGL Background Thread 2 ] DEBUG TilesetLoader        - Loading view for layer Capa de patrones 1
14:22:08.131 [FXGL Background Thread 2 ] DEBUG TilesetLoader        - Created buffer with size 2000.0x1500.0
14:22:08.158 [FXGL Background Thread 2 ] WARN  TilesetLoader        - Diagonally flipped tiles are not currently supported
14:22:08.159 [FXGL Background Thread 2 ] WARN  TilesetLoader        - Diagonally flipped tiles are not currently supported
14:22:08.160 [FXGL Background Thread 2 ] WARN  TilesetLoader        - Diagonally flipped tiles are not currently supported
14:22:08.160 [FXGL Background Thread 2 ] WARN  TilesetLoader        - Diagonally flipped tiles are not currently supported
14:22:08.163 [FXGL Background Thread 2 ] WARN  TilesetLoader        - Diagonally flipped tiles are not currently supported
14:22:08.165 [FXGL Background Thread 2 ] WARN  TilesetLoader        - Diagonally flipped tiles are not currently supported
14:22:08.165 [FXGL Background Thread 2 ] WARN  TilesetLoader        - Diagonally flipped tiles are not currently supported
14:22:08.166 [FXGL Background Thread 2 ] WARN  TilesetLoader        - Diagonally flipped tiles are not currently supported
14:22:08.166 [FXGL Background Thread 2 ] WARN  TilesetLoader        - Diagonally flipped tiles are not currently supported
14:22:08.167 [FXGL Background Thread 2 ] WARN  TilesetLoader        - Diagonally flipped tiles are not currently supported
14:22:08.168 [FXGL Background Thread 2 ] WARN  TilesetLoader        - Diagonally flipped tiles are not currently supported
14:22:08.168 [FXGL Background Thread 2 ] DEBUG TilesetLoader        - Loading view for layer Capa de Decoracion
14:22:08.173 [FXGL Background Thread 2 ] DEBUG TilesetLoader        - Created buffer with size 2000.0x1500.0
14:22:08.198 [FXGL Background Thread 2 ] DEBUG TMXLevelLoader       - Creating object layer entities
14:22:08.214 [FXGL Background Thread 2 ] DEBUG GameWorld            - Clearing removable entities
14:22:08.234 [FXGL Background Thread 2 ] DEBUG GameWorld            - Setting level: com.almasb.fxgl.entity.level.Level@1cfe4533
14:22:08.248 [FXGL Background Thread 2 ] DEBUG FXGLAssetLoaderServi - Loading from file system: file:/C:/Users/Dannieris/Desktop/ForkProyecto/ForkProyecto/target/classes/assets/textures/exploreatack_basic.png
14:22:08.250 [FXGL Background Thread 2 ] DEBUG FXGLAssetLoaderServi - Loading from file system: file:/C:/Users/Dannieris/Desktop/ForkProyecto/ForkProyecto/target/classes/assets/textures/exploreidle.png
14:22:08.251 [FXGL Background Thread 2 ] WARN  FXGLAssetLoaderServi - Asset "/assets/textures/explorecaminando.png" was not found!
14:22:08.251 [FXGL Background Thread 2 ] WARN  FXGLAssetLoaderServi - Failed to load IMAGE
14:22:08.274 [FXGL Background Thread 2 ] WARN  FXGLAssetLoaderServi - Asset "/assets/textures/exploreadelante.png" was not found!
14:22:08.274 [FXGL Background Thread 2 ] WARN  FXGLAssetLoaderServi - Failed to load IMAGE
14:22:08.275 [FXGL Background Thread 2 ] WARN  FXGLAssetLoaderServi - Asset "/assets/textures/exploreatras.png" was not found!
14:22:08.275 [FXGL Background Thread 2 ] WARN  FXGLAssetLoaderServi - Failed to load IMAGE
14:22:08.275 [FXGL Background Thread 2 ] DEBUG FXGLAssetLoaderServi - Loading from file system: file:/C:/Users/Dannieris/Desktop/ForkProyecto/ForkProyecto/target/classes/assets/textures/exploredeat.png
14:22:08.280 [FXGL Background Thread 2 ] WARN  GameWorld            - Entity is already attached to world
14:22:08.281 [FXGL Background Thread 2 ] WARN  FXGLAssetLoaderServi - Asset "/assets/textures/explorecaminando.png" was not found!
14:22:08.281 [FXGL Background Thread 2 ] WARN  FXGLAssetLoaderServi - Failed to load IMAGE
14:22:08.281 [FXGL Background Thread 2 ] WARN  FXGLAssetLoaderServi - Asset "/assets/textures/exploreadelante.png" was not found!
14:22:08.281 [FXGL Background Thread 2 ] WARN  FXGLAssetLoaderServi - Failed to load IMAGE
14:22:08.281 [FXGL Background Thread 2 ] WARN  FXGLAssetLoaderServi - Asset "/assets/textures/exploreatras.png" was not found!
14:22:08.281 [FXGL Background Thread 2 ] WARN  FXGLAssetLoaderServi - Failed to load IMAGE
14:22:08.281 [FXGL Background Thread 2 ] WARN  GameWorld            - Entity is already attached to world
14:22:08.282 [FXGL Background Thread 2 ] DEBUG FXGLAssetLoaderServi - Loading from file system: file:/C:/Users/Dannieris/Desktop/ForkProyecto/ForkProyecto/target/classes/assets/textures/droidatack_basic.png
14:22:08.282 [FXGL Background Thread 2 ] DEBUG FXGLAssetLoaderServi - Loading from file system: file:/C:/Users/Dannieris/Desktop/ForkProyecto/ForkProyecto/target/classes/assets/textures/droididle.png
14:22:08.283 [FXGL Background Thread 2 ] WARN  FXGLAssetLoaderServi - Asset "/assets/textures/droidcaminando.png" was not found!
14:22:08.283 [FXGL Background Thread 2 ] WARN  FXGLAssetLoaderServi - Failed to load IMAGE
14:22:08.283 [FXGL Background Thread 2 ] WARN  FXGLAssetLoaderServi - Asset "/assets/textures/droidadelante.png" was not found!
14:22:08.283 [FXGL Background Thread 2 ] WARN  FXGLAssetLoaderServi - Failed to load IMAGE
14:22:08.284 [FXGL Background Thread 2 ] WARN  FXGLAssetLoaderServi - Asset "/assets/textures/droidatras.png" was not found!
14:22:08.284 [FXGL Background Thread 2 ] WARN  FXGLAssetLoaderServi - Failed to load IMAGE
14:22:08.284 [FXGL Background Thread 2 ] DEBUG FXGLAssetLoaderServi - Loading from file system: file:/C:/Users/Dannieris/Desktop/ForkProyecto/ForkProyecto/target/classes/assets/textures/droiddeat.png
14:22:08.286 [FXGL Background Thread 2 ] WARN  GameWorld            - Entity is already attached to world
14:22:08.287 [FXGL Background Thread 2 ] WARN  FXGLAssetLoaderServi - Asset "/assets/textures/droidcaminando.png" was not found!
14:22:08.287 [FXGL Background Thread 2 ] WARN  FXGLAssetLoaderServi - Failed to load IMAGE
14:22:08.287 [FXGL Background Thread 2 ] WARN  FXGLAssetLoaderServi - Asset "/assets/textures/droidadelante.png" was not found!
14:22:08.287 [FXGL Background Thread 2 ] WARN  FXGLAssetLoaderServi - Failed to load IMAGE
14:22:08.288 [FXGL Background Thread 2 ] WARN  FXGLAssetLoaderServi - Asset "/assets/textures/droidatras.png" was not found!
14:22:08.288 [FXGL Background Thread 2 ] WARN  FXGLAssetLoaderServi - Failed to load IMAGE
14:22:08.288 [FXGL Background Thread 2 ] WARN  GameWorld            - Entity is already attached to world
14:22:08.289 [FXGL Background Thread 2 ] DEBUG FXGLAssetLoaderServi - Loading from file system: file:/C:/Users/Dannieris/Desktop/ForkProyecto/ForkProyecto/target/classes/assets/textures/droid2atack_basic.png
14:22:08.291 [FXGL Background Thread 2 ] DEBUG FXGLAssetLoaderServi - Loading from file system: file:/C:/Users/Dannieris/Desktop/ForkProyecto/ForkProyecto/target/classes/assets/textures/droid2idle.png
14:22:08.292 [FXGL Background Thread 2 ] WARN  FXGLAssetLoaderServi - Asset "/assets/textures/droid2caminando.png" was not found!
14:22:08.292 [FXGL Background Thread 2 ] WARN  FXGLAssetLoaderServi - Failed to load IMAGE
14:22:08.292 [FXGL Background Thread 2 ] WARN  FXGLAssetLoaderServi - Asset "/assets/textures/droid2adelante.png" was not found!
14:22:08.292 [FXGL Background Thread 2 ] WARN  FXGLAssetLoaderServi - Failed to load IMAGE
14:22:08.293 [FXGL Background Thread 2 ] WARN  FXGLAssetLoaderServi - Asset "/assets/textures/droid2atras.png" was not found!
14:22:08.293 [FXGL Background Thread 2 ] WARN  FXGLAssetLoaderServi - Failed to load IMAGE
14:22:08.293 [FXGL Background Thread 2 ] DEBUG FXGLAssetLoaderServi - Loading from file system: file:/C:/Users/Dannieris/Desktop/ForkProyecto/ForkProyecto/target/classes/assets/textures/droid2deat.png
14:22:08.294 [FXGL Background Thread 2 ] WARN  GameWorld            - Entity is already attached to world
14:22:08.296 [FXGL Background Thread 2 ] WARN  FXGLAssetLoaderServi - Asset "/assets/textures/droid2caminando.png" was not found!
14:22:08.296 [FXGL Background Thread 2 ] WARN  FXGLAssetLoaderServi - Failed to load IMAGE
14:22:08.296 [FXGL Background Thread 2 ] WARN  FXGLAssetLoaderServi - Asset "/assets/textures/droid2adelante.png" was not found!
14:22:08.296 [FXGL Background Thread 2 ] WARN  FXGLAssetLoaderServi - Failed to load IMAGE
14:22:08.296 [FXGL Background Thread 2 ] WARN  FXGLAssetLoaderServi - Asset "/assets/textures/droid2atras.png" was not found!
14:22:08.296 [FXGL Background Thread 2 ] WARN  FXGLAssetLoaderServi - Failed to load IMAGE
14:22:08.297 [FXGL Background Thread 2 ] WARN  GameWorld            - Entity is already attached to world
14:22:08.297 [FXGL Background Thread 2 ] WARN  FXGLAssetLoaderServi - Asset "/assets/textures/droid2caminando.png" was not found!
14:22:08.297 [FXGL Background Thread 2 ] WARN  FXGLAssetLoaderServi - Failed to load IMAGE
14:22:08.297 [FXGL Background Thread 2 ] WARN  FXGLAssetLoaderServi - Asset "/assets/textures/droid2adelante.png" was not found!
14:22:08.297 [FXGL Background Thread 2 ] WARN  FXGLAssetLoaderServi - Failed to load IMAGE
14:22:08.297 [FXGL Background Thread 2 ] WARN  FXGLAssetLoaderServi - Asset "/assets/textures/droid2atras.png" was not found!
14:22:08.297 [FXGL Background Thread 2 ] WARN  FXGLAssetLoaderServi - Failed to load IMAGE
14:22:08.298 [FXGL Background Thread 2 ] WARN  GameWorld            - Entity is already attached to world
14:22:08.298 [FXGL Background Thread 2 ] DEBUG FXGLAssetLoaderServi - Loading from file system: file:/C:/Users/Dannieris/Desktop/ForkProyecto/ForkProyecto/target/classes/assets/textures/droid3atack_basic.png
14:22:08.300 [FXGL Background Thread 2 ] DEBUG FXGLAssetLoaderServi - Loading from file system: file:/C:/Users/Dannieris/Desktop/ForkProyecto/ForkProyecto/target/classes/assets/textures/droid3idle.png
14:22:08.300 [FXGL Background Thread 2 ] WARN  FXGLAssetLoaderServi - Asset "/assets/textures/droid3caminando.png" was not found!
14:22:08.300 [FXGL Background Thread 2 ] WARN  FXGLAssetLoaderServi - Failed to load IMAGE
14:22:08.300 [FXGL Background Thread 2 ] WARN  FXGLAssetLoaderServi - Asset "/assets/textures/droid3adelante.png" was not found!
14:22:08.301 [FXGL Background Thread 2 ] WARN  FXGLAssetLoaderServi - Failed to load IMAGE
14:22:08.301 [FXGL Background Thread 2 ] WARN  FXGLAssetLoaderServi - Asset "/assets/textures/droid3atras.png" was not found!
14:22:08.301 [FXGL Background Thread 2 ] WARN  FXGLAssetLoaderServi - Failed to load IMAGE
14:22:08.301 [FXGL Background Thread 2 ] DEBUG FXGLAssetLoaderServi - Loading from file system: file:/C:/Users/Dannieris/Desktop/ForkProyecto/ForkProyecto/target/classes/assets/textures/droid3deat.png
14:22:08.302 [FXGL Background Thread 2 ] WARN  GameWorld            - Entity is already attached to world
14:22:08.303 [FXGL Background Thread 2 ] WARN  FXGLAssetLoaderServi - Asset "/assets/textures/droid3caminando.png" was not found!
14:22:08.303 [FXGL Background Thread 2 ] WARN  FXGLAssetLoaderServi - Failed to load IMAGE
14:22:08.303 [FXGL Background Thread 2 ] WARN  FXGLAssetLoaderServi - Asset "/assets/textures/droid3adelante.png" was not found!
14:22:08.303 [FXGL Background Thread 2 ] WARN  FXGLAssetLoaderServi - Failed to load IMAGE
14:22:08.303 [FXGL Background Thread 2 ] WARN  FXGLAssetLoaderServi - Asset "/assets/textures/droid3atras.png" was not found!
14:22:08.303 [FXGL Background Thread 2 ] WARN  FXGLAssetLoaderServi - Failed to load IMAGE
14:22:08.305 [FXGL Background Thread 2 ] WARN  GameWorld            - Entity is already attached to world
14:22:08.307 [FXGL Background Thread 2 ] DEBUG FXGLAssetLoaderServi - Loading from file system: file:/C:/Users/Dannieris/Desktop/ForkProyecto/ForkProyecto/target/classes/assets/textures/barreraDesactivadaitem.png
14:22:08.316 [FXGL Background Thread 2 ] WARN  FXGLAssetLoaderServi - Asset "/assets/textures/barreraDesactivadadisabled.png" was not found!
14:22:08.316 [FXGL Background Thread 2 ] WARN  FXGLAssetLoaderServi - Failed to load IMAGE
14:22:08.317 [FXGL Background Thread 2 ] WARN  GameWorld            - Entity is already attached to world
14:22:08.318 [FXGL Background Thread 2 ] WARN  FXGLAssetLoaderServi - Asset "/assets/textures/barreraDesactivadadisabled.png" was not found!
14:22:08.318 [FXGL Background Thread 2 ] WARN  FXGLAssetLoaderServi - Failed to load IMAGE
14:22:08.318 [FXGL Background Thread 2 ] WARN  GameWorld            - Entity is already attached to world
14:22:08.318 [FXGL Background Thread 2 ] WARN  FXGLAssetLoaderServi - Asset "/assets/textures/barreraDesactivadadisabled.png" was not found!
14:22:08.318 [FXGL Background Thread 2 ] WARN  FXGLAssetLoaderServi - Failed to load IMAGE
14:22:08.319 [FXGL Background Thread 2 ] WARN  GameWorld            - Entity is already attached to world
14:22:08.320 [FXGL Background Thread 2 ] WARN  FXGLAssetLoaderServi - Asset "/assets/textures/barreraDesactivadadisabled.png" was not found!
14:22:08.320 [FXGL Background Thread 2 ] WARN  FXGLAssetLoaderServi - Failed to load IMAGE
14:22:08.320 [FXGL Background Thread 2 ] WARN  GameWorld            - Entity is already attached to world
14:22:08.322 [FXGL Background Thread 2 ] DEBUG FXGLAssetLoaderServi - Loading from file system: file:/C:/Users/Dannieris/Desktop/ForkProyecto/ForkProyecto/target/classes/assets/textures/barreraitem.png
14:22:08.325 [FXGL Background Thread 2 ] DEBUG FXGLAssetLoaderServi - Loading from file system: file:/C:/Users/Dannieris/Desktop/ForkProyecto/ForkProyecto/target/classes/assets/textures/barreradisabled.png
14:22:08.327 [FXGL Background Thread 2 ] WARN  GameWorld            - Entity is already attached to world
14:22:08.328 [FXGL Background Thread 2 ] WARN  GameWorld            - Entity is already attached to world
14:22:08.328 [FXGL Background Thread 2 ] DEBUG FXGLAssetLoaderServi - Loading from file system: file:/C:/Users/Dannieris/Desktop/ForkProyecto/ForkProyecto/target/classes/assets/textures/panelitem.png
14:22:08.330 [FXGL Background Thread 2 ] DEBUG FXGLAssetLoaderServi - Loading from file system: file:/C:/Users/Dannieris/Desktop/ForkProyecto/ForkProyecto/target/classes/assets/textures/paneldisabled.png
14:22:08.331 [FXGL Background Thread 2 ] WARN  GameWorld            - Entity is already attached to world
14:22:08.332 [FXGL Background Thread 2 ] WARN  GameWorld            - Entity is already attached to world
14:22:08.332 [FXGL Background Thread 2 ] DEBUG FXGLAssetLoaderServi - Loading from file system: file:/C:/Users/Dannieris/Desktop/ForkProyecto/ForkProyecto/target/classes/assets/textures/generatorSpecialPointitem.png
14:22:08.333 [FXGL Background Thread 2 ] WARN  FXGLAssetLoaderServi - Asset "/assets/textures/generatorSpecialPointdisabled.png" was not found!
14:22:08.333 [FXGL Background Thread 2 ] WARN  FXGLAssetLoaderServi - Failed to load IMAGE
14:22:08.334 [FXGL Background Thread 2 ] WARN  GameWorld            - Entity is already attached to world
14:22:08.334 [FXGL Background Thread 2 ] WARN  FXGLAssetLoaderServi - Asset "/assets/textures/generatorSpecialPointdisabled.png" was not found!
14:22:08.334 [FXGL Background Thread 2 ] WARN  FXGLAssetLoaderServi - Failed to load IMAGE
14:22:08.334 [FXGL Background Thread 2 ] WARN  GameWorld            - Entity is already attached to world
14:22:08.335 [FXGL Background Thread 2 ] DEBUG FXGLAssetLoaderServi - Loading from file system: file:/C:/Users/Dannieris/Desktop/ForkProyecto/ForkProyecto/target/classes/assets/textures/lifeitem.png
14:22:08.335 [FXGL Background Thread 2 ] WARN  FXGLAssetLoaderServi - Asset "/assets/textures/lifedisabled.png" was not found!
14:22:08.336 [FXGL Background Thread 2 ] WARN  FXGLAssetLoaderServi - Failed to load IMAGE
14:22:08.336 [FXGL Background Thread 2 ] WARN  GameWorld            - Entity is already attached to world
14:22:08.337 [FXGL Background Thread 2 ] WARN  FXGLAssetLoaderServi - Asset "/assets/textures/lifedisabled.png" was not found!
14:22:08.337 [FXGL Background Thread 2 ] WARN  FXGLAssetLoaderServi - Failed to load IMAGE
14:22:08.337 [FXGL Background Thread 2 ] WARN  GameWorld            - Entity is already attached to world
14:22:08.337 [FXGL Background Thread 2 ] DEBUG FXGLAssetLoaderServi - Loading from file system: file:/C:/Users/Dannieris/Desktop/ForkProyecto/ForkProyecto/target/classes/assets/textures/atackitem.png
14:22:08.339 [FXGL Background Thread 2 ] WARN  FXGLAssetLoaderServi - Asset "/assets/textures/atackdisabled.png" was not found!
14:22:08.339 [FXGL Background Thread 2 ] WARN  FXGLAssetLoaderServi - Failed to load IMAGE
14:22:08.340 [FXGL Background Thread 2 ] WARN  GameWorld            - Entity is already attached to world
14:22:08.342 [FXGL Background Thread 2 ] WARN  FXGLAssetLoaderServi - Asset "/assets/textures/atackdisabled.png" was not found!
14:22:08.342 [FXGL Background Thread 2 ] WARN  FXGLAssetLoaderServi - Failed to load IMAGE
14:22:08.342 [FXGL Background Thread 2 ] WARN  GameWorld            - Entity is already attached to world
14:22:08.343 [FXGL Background Thread 2 ] DEBUG FXGLAssetLoaderServi - Loading from file system: file:/C:/Users/Dannieris/Desktop/ForkProyecto/ForkProyecto/target/classes/assets/textures/cyborgatack_special.png
14:22:08.344 [FXGL Background Thread 2 ] DEBUG FXGLAssetLoaderServi - Loading from file system: file:/C:/Users/Dannieris/Desktop/ForkProyecto/ForkProyecto/target/classes/assets/textures/cyborgatack_basic.png
14:22:08.344 [FXGL Background Thread 2 ] DEBUG FXGLAssetLoaderServi - Loading from file system: file:/C:/Users/Dannieris/Desktop/ForkProyecto/ForkProyecto/target/classes/assets/textures/cyborgidle.png
14:22:08.345 [FXGL Background Thread 2 ] DEBUG FXGLAssetLoaderServi - Loading from file system: file:/C:/Users/Dannieris/Desktop/ForkProyecto/ForkProyecto/target/classes/assets/textures/cyborgcaminando.png
14:22:08.345 [FXGL Background Thread 2 ] DEBUG FXGLAssetLoaderServi - Loading from file system: file:/C:/Users/Dannieris/Desktop/ForkProyecto/ForkProyecto/target/classes/assets/textures/cyborgadelante.png
14:22:08.346 [FXGL Background Thread 2 ] DEBUG FXGLAssetLoaderServi - Loading from file system: file:/C:/Users/Dannieris/Desktop/ForkProyecto/ForkProyecto/target/classes/assets/textures/cyborgatras.png
14:22:08.346 [FXGL Background Thread 2 ] DEBUG FXGLAssetLoaderServi - Loading from file system: file:/C:/Users/Dannieris/Desktop/ForkProyecto/ForkProyecto/target/classes/assets/textures/cyborgdeat.png
14:22:08.348 [FXGL Background Thread 2 ] WARN  GameWorld            - Entity is already attached to world
14:22:08.349 [FXGL Background Thread 2 ] WARN  FXGLAssetLoaderServi - Asset "/assets/textures/jaxKaneatack_special.png" was not found!
14:22:08.349 [FXGL Background Thread 2 ] WARN  FXGLAssetLoaderServi - Failed to load IMAGE
14:22:08.349 [FXGL Background Thread 2 ] DEBUG FXGLAssetLoaderServi - Loading from file system: file:/C:/Users/Dannieris/Desktop/ForkProyecto/ForkProyecto/target/classes/assets/textures/jaxKaneatack_basic.png
14:22:08.350 [FXGL Background Thread 2 ] DEBUG FXGLAssetLoaderServi - Loading from file system: file:/C:/Users/Dannieris/Desktop/ForkProyecto/ForkProyecto/target/classes/assets/textures/jaxKaneidle.png
14:22:08.350 [FXGL Background Thread 2 ] DEBUG FXGLAssetLoaderServi - Loading from file system: file:/C:/Users/Dannieris/Desktop/ForkProyecto/ForkProyecto/target/classes/assets/textures/jaxKanecaminando.png
14:22:08.351 [FXGL Background Thread 2 ] DEBUG FXGLAssetLoaderServi - Loading from file system: file:/C:/Users/Dannieris/Desktop/ForkProyecto/ForkProyecto/target/classes/assets/textures/jaxKaneadelante.png
14:22:08.353 [FXGL Background Thread 2 ] DEBUG FXGLAssetLoaderServi - Loading from file system: file:/C:/Users/Dannieris/Desktop/ForkProyecto/ForkProyecto/target/classes/assets/textures/jaxKaneatras.png
14:22:08.354 [FXGL Background Thread 2 ] WARN  FXGLAssetLoaderServi - Asset "/assets/textures/jaxKanedeat.png" was not found!
14:22:08.354 [FXGL Background Thread 2 ] WARN  FXGLAssetLoaderServi - Failed to load IMAGE
14:22:08.355 [FXGL Background Thread 2 ] WARN  GameWorld            - Entity is already attached to world
14:22:08.355 [FXGL Background Thread 2 ] DEBUG Input                - Registered new binding: Mover Arriba - W
14:22:08.356 [FXGL Background Thread 2 ] DEBUG Input                - Registered new binding: Mover Abajo - S
14:22:08.356 [FXGL Background Thread 2 ] DEBUG Input                - Registered new binding: Mover Izquierda - A
14:22:08.356 [FXGL Background Thread 2 ] DEBUG Input                - Registered new binding: Mover Derecha - D
14:22:08.380 [FXGL Background Thread 2 ] DEBUG FXGLAssetLoaderServi - Loading from file system: file:/C:/Users/Dannieris/Desktop/ForkProyecto/ForkProyecto/target/classes/assets/textures/botonGameMenu.png
14:22:08.381 [FXGL Background Thread 2 ] DEBUG FXGLAssetLoaderServi - Loading from file system: file:/C:/Users/Dannieris/Desktop/ForkProyecto/ForkProyecto/target/classes/assets/textures/buttonMainMenu.png
14:22:08.381 [FXGL Background Thread 2 ] DEBUG FXGLAssetLoaderServi - Loading from file system: file:/C:/Users/Dannieris/Desktop/ForkProyecto/ForkProyecto/target/classes/assets/textures/wikiButton.png
14:22:08.381 [FXGL Background Thread 2 ] DEBUG FXGLAssetLoaderServi - Loading from file system: file:/C:/Users/Dannieris/Desktop/ForkProyecto/ForkProyecto/target/classes/assets/textures/specialPointBar.png
14:22:08.381 [FXGL Background Thread 2 ] DEBUG FXGLAssetLoaderServi - Loading from file system: file:/C:/Users/Dannieris/Desktop/ForkProyecto/ForkProyecto/target/classes/assets/textures/statBar.png
14:22:08.383 [FXGL Background Thread 2 ] DEBUG FXGLAssetLoaderServi - Loading from file system: file:/C:/Users/Dannieris/Desktop/ForkProyecto/ForkProyecto/target/classes/assets/textures/statAtackBar.png
14:22:08.383 [FXGL Background Thread 2 ] DEBUG FXGLAssetLoaderServi - Loading from file system: file:/C:/Users/Dannieris/Desktop/ForkProyecto/ForkProyecto/target/classes/assets/textures/wiki_image.png
14:22:08.397 [FXGL Background Thread 2 ] DEBUG FXGLAssetLoaderServi - Loading from file system: file:/C:/Users/Dannieris/Desktop/ForkProyecto/ForkProyecto/target/classes/assets/textures/specialPoint.png
14:22:08.398 [FXGL Background Thread 2 ] DEBUG FXGLAssetLoaderServi - Loading from file system: file:/C:/Users/Dannieris/Desktop/ForkProyecto/ForkProyecto/target/classes/assets/textures/special.png
14:22:08.398 [FXGL Background Thread 2 ] DEBUG FXGLAssetLoaderServi - Loading from file system: file:/C:/Users/Dannieris/Desktop/ForkProyecto/ForkProyecto/target/classes/assets/textures/barra_enemigo.png
14:22:08.399 [FXGL Background Thread 2 ] DEBUG FXGLAssetLoaderServi - Loading from file system: file:/C:/Users/Dannieris/Desktop/ForkProyecto/ForkProyecto/target/classes/assets/textures/life_point_enemi.png
14:22:08.400 [FXGL Background Thread 2 ] DEBUG FXGLAssetLoaderServi - Loading from file system: file:/C:/Users/Dannieris/Desktop/ForkProyecto/ForkProyecto/target/classes/assets/textures/life_bar.png
14:22:08.401 [FXGL Background Thread 2 ] DEBUG FXGLAssetLoaderServi - Loading from file system: file:/C:/Users/Dannieris/Desktop/ForkProyecto/ForkProyecto/target/classes/assets/textures/life_point.png
14:22:08.401 [FXGL Background Thread 2 ] DEBUG FXGLAssetLoaderServi - Loading from file system: file:/C:/Users/Dannieris/Desktop/ForkProyecto/ForkProyecto/target/classes/assets/textures/button_atacck.png
14:22:08.402 [FXGL Background Thread 2 ] DEBUG FXGLAssetLoaderServi - Loading from file system: file:/C:/Users/Dannieris/Desktop/ForkProyecto/ForkProyecto/target/classes/assets/textures/combat_panel.png
14:22:08.415 [FXGL Background Thread 2 ] INFO  FXGLApplication      - Game initialization took: 0.515 sec
14:22:08.421 [JavaFX Application Thread] DEBUG Input                - Clearing active input actions
14:22:08.430 [JavaFX Application Thread] DEBUG GameApplicationServi - Removing overlay from FXGLLoadingScene and adding to GameScene
14:22:08.434 [JavaFX Application Thread] DEBUG PrimaryStageWindow   - FXGLLoadingScene -> GameScene
14:22:08.991 [FXGL Background Thread 3 ] DEBUG Engine               - Logging environment variables
14:22:08.992 [FXGL Background Thread 3 ] DEBUG Engine               - achievements: []
14:22:08.992 [FXGL Background Thread 3 ] DEBUG Engine               - actualHeight: 912.0
14:22:08.993 [FXGL Background Thread 3 ] DEBUG Engine               - actualHeightProperty: ReadOnlyDoubleProperty [value: 912.0]
14:22:08.993 [FXGL Background Thread 3 ] DEBUG Engine               - actualWidth: 1343.0
14:22:08.993 [FXGL Background Thread 3 ] DEBUG Engine               - actualWidthProperty: ReadOnlyDoubleProperty [value: 1343.0]
14:22:08.993 [FXGL Background Thread 3 ] DEBUG Engine               - appIcon: fxgl_icon.png
14:22:08.993 [FXGL Background Thread 3 ] DEBUG Engine               - applicationMode: DEVELOPER
14:22:08.993 [FXGL Background Thread 3 ] DEBUG Engine               - cSSList: [fxgl_dark.css]
14:22:08.993 [FXGL Background Thread 3 ] DEBUG Engine               - collisionDetectionStrategy: BRUTE_FORCE
14:22:08.993 [FXGL Background Thread 3 ] DEBUG Engine               - configClass: Optional.empty
14:22:08.993 [FXGL Background Thread 3 ] DEBUG Engine               - credits: []
14:22:08.993 [FXGL Background Thread 3 ] DEBUG Engine               - defaultCursor: CursorInfo(imageName=fxgl_default_cursor.png, hotspotX=7.0, hotspotY=6.0)
14:22:08.995 [FXGL Background Thread 3 ] DEBUG Engine               - devBBoxColorProperty: ObjectProperty [value: 0xff0000ff]
14:22:08.995 [FXGL Background Thread 3 ] DEBUG Engine               - devEnableDebugCameraProperty: BooleanProperty [value: false]
14:22:08.995 [FXGL Background Thread 3 ] DEBUG Engine               - devSensorColorProperty: ObjectProperty [value: 0xffff00ff]
14:22:08.995 [FXGL Background Thread 3 ] DEBUG Engine               - devShowBBoxProperty: BooleanProperty [value: false]
14:22:08.995 [FXGL Background Thread 3 ] DEBUG Engine               - devShowPositionProperty: BooleanProperty [value: false]
14:22:08.995 [FXGL Background Thread 3 ] DEBUG Engine               - enabledMenuItems: []
14:22:08.995 [FXGL Background Thread 3 ] DEBUG Engine               - engineServices: [class com.almasb.fxgl.app.services.FXGLAssetLoaderService, class com.almasb.fxgl.app.FXGLApplication$GameApplicationService, class com.almasb.fxgl.app.services.FXGLDialogService, class com.almasb.fxgl.app.services.IOTaskExecutorService, class com.almasb.fxgl.io.FileSystemService, class com.almasb.fxgl.localization.LocalizationService, class com.almasb.fxgl.app.services.SystemBundleService, class com.almasb.fxgl.profile.SaveLoadService, class com.almasb.fxgl.ui.FXGLUIFactoryServiceProvider, class com.almasb.fxgl.ui.FXGLDialogFactoryServiceProvider, class com.almasb.fxgl.audio.AudioPlayer, class com.almasb.fxgl.notification.impl.NotificationServiceProvider, class com.almasb.fxgl.achievement.AchievementService, class com.almasb.fxgl.cutscene.CutsceneService, class com.almasb.fxgl.minigames.MiniGameService, class com.almasb.fxgl.net.NetService, class com.almasb.fxgl.app.services.UpdaterService, class com.almasb.fxgl.dev.DevService]
14:22:08.995 [FXGL Background Thread 3 ] DEBUG Engine               - fontGame: Abel-Regular.ttf
14:22:08.995 [FXGL Background Thread 3 ] DEBUG Engine               - fontMono: TerminalLandMono-Regular.otf
14:22:08.995 [FXGL Background Thread 3 ] DEBUG Engine               - fontSizeScaleUI: 1.0
14:22:08.995 [FXGL Background Thread 3 ] DEBUG Engine               - fontText: Courier-Prime.ttf
14:22:08.995 [FXGL Background Thread 3 ] DEBUG Engine               - fontUI: VarelaRound-Regular.ttf
14:22:08.995 [FXGL Background Thread 3 ] DEBUG Engine               - fullScreen: BooleanProperty [value: false]
14:22:08.995 [FXGL Background Thread 3 ] DEBUG Engine               - gameDifficulty: MEDIUM
14:22:08.995 [FXGL Background Thread 3 ] DEBUG Engine               - gameDifficultyProperty: ObjectProperty [value: MEDIUM]
14:22:08.996 [FXGL Background Thread 3 ] DEBUG Engine               - globalMusicVolume: 0.5
14:22:08.996 [FXGL Background Thread 3 ] DEBUG Engine               - globalMusicVolumeProperty: DoubleProperty [value: 0.5]
14:22:08.996 [FXGL Background Thread 3 ] DEBUG Engine               - globalSoundVolume: 0.5
14:22:08.996 [FXGL Background Thread 3 ] DEBUG Engine               - globalSoundVolumeProperty: DoubleProperty [value: 0.5]
14:22:08.996 [FXGL Background Thread 3 ] DEBUG Engine               - height: 1024
14:22:08.996 [FXGL Background Thread 3 ] DEBUG Engine               - is3D: false
14:22:08.996 [FXGL Background Thread 3 ] DEBUG Engine               - isAndroid: false
14:22:08.996 [FXGL Background Thread 3 ] DEBUG Engine               - isBrowser: false
14:22:08.996 [FXGL Background Thread 3 ] DEBUG Engine               - isClickFeedbackEnabled: false
14:22:08.996 [FXGL Background Thread 3 ] DEBUG Engine               - isCloseConfirmation: false
14:22:08.997 [FXGL Background Thread 3 ] DEBUG Engine               - isDesktop: true
14:22:08.997 [FXGL Background Thread 3 ] DEBUG Engine               - isDeveloperMenuEnabled: true
14:22:08.997 [FXGL Background Thread 3 ] DEBUG Engine               - isEmbedded: false
14:22:08.997 [FXGL Background Thread 3 ] DEBUG Engine               - isEntityPreloadEnabled: true
14:22:08.997 [FXGL Background Thread 3 ] DEBUG Engine               - isExperimentalTiledLargeMap: false
14:22:08.997 [FXGL Background Thread 3 ] DEBUG Engine               - isFileSystemWriteAllowed: true
14:22:08.997 [FXGL Background Thread 3 ] DEBUG Engine               - isFullScreenAllowed: false
14:22:08.997 [FXGL Background Thread 3 ] DEBUG Engine               - isFullScreenFromStart: false
14:22:08.997 [FXGL Background Thread 3 ] DEBUG Engine               - isGameMenuEnabled: true
14:22:08.997 [FXGL Background Thread 3 ] DEBUG Engine               - isIOS: false
14:22:08.997 [FXGL Background Thread 3 ] DEBUG Engine               - isIntroEnabled: false
14:22:08.997 [FXGL Background Thread 3 ] DEBUG Engine               - isLinux: false
14:22:08.998 [FXGL Background Thread 3 ] DEBUG Engine               - isMac: false
14:22:08.998 [FXGL Background Thread 3 ] DEBUG Engine               - isMainMenuEnabled: true
14:22:08.998 [FXGL Background Thread 3 ] DEBUG Engine               - isManualResizeEnabled: false
14:22:08.998 [FXGL Background Thread 3 ] DEBUG Engine               - isMobile: false
14:22:08.998 [FXGL Background Thread 3 ] DEBUG Engine               - isNative: false
14:22:08.998 [FXGL Background Thread 3 ] DEBUG Engine               - isPauseMusicWhenMinimized: true
14:22:08.998 [FXGL Background Thread 3 ] DEBUG Engine               - isPreserveResizeRatio: false
14:22:08.998 [FXGL Background Thread 3 ] DEBUG Engine               - isProfilingEnabled: false
14:22:08.998 [FXGL Background Thread 3 ] DEBUG Engine               - isScaleAffectedOnResize: true
14:22:08.998 [FXGL Background Thread 3 ] DEBUG Engine               - isSingleStep: false
14:22:08.998 [FXGL Background Thread 3 ] DEBUG Engine               - isUserProfileEnabled: false
14:22:08.998 [FXGL Background Thread 3 ] DEBUG Engine               - isWindows: true
14:22:08.999 [FXGL Background Thread 3 ] DEBUG Engine               - language: ObjectProperty [value: ENGLISH]
14:22:08.999 [FXGL Background Thread 3 ] DEBUG Engine               - menuKey: ESCAPE
14:22:08.999 [FXGL Background Thread 3 ] DEBUG Engine               - mouseSensitivity: 0.2
14:22:08.999 [FXGL Background Thread 3 ] DEBUG Engine               - notificationViewClass: class com.almasb.fxgl.notification.view.XboxNotificationView
14:22:08.999 [FXGL Background Thread 3 ] DEBUG Engine               - pixelsPerMeter: 50.0
14:22:08.999 [FXGL Background Thread 3 ] DEBUG Engine               - platform: WINDOWS
14:22:08.999 [FXGL Background Thread 3 ] DEBUG Engine               - prefHeightProperty: ReadOnlyDoubleProperty [value: 1024.0]
14:22:08.999 [FXGL Background Thread 3 ] DEBUG Engine               - prefWidthProperty: ReadOnlyDoubleProperty [value: 1536.0]
14:22:08.999 [FXGL Background Thread 3 ] DEBUG Engine               - profileDir: profiles/
14:22:08.999 [FXGL Background Thread 3 ] DEBUG Engine               - profileName: StringProperty [value: DEFAULT]
14:22:08.999 [FXGL Background Thread 3 ] DEBUG Engine               - randomSeed: -1
14:22:08.999 [FXGL Background Thread 3 ] DEBUG Engine               - runtimeInfo: RuntimeInfo(platform=WINDOWS, version=17.3, build=30.03.2023 11.49)
14:22:08.999 [FXGL Background Thread 3 ] DEBUG Engine               - saveFileExt: sav
14:22:08.999 [FXGL Background Thread 3 ] DEBUG Engine               - scaledHeightProp$fxgl: DoubleProperty [bound, value: 912.0]
14:22:08.999 [FXGL Background Thread 3 ] DEBUG Engine               - scaledWidthProp$fxgl: DoubleProperty [bound, value: 1343.0]
14:22:08.999 [FXGL Background Thread 3 ] DEBUG Engine               - sceneFactory: App.Game.GameApp$1@41e62148
14:22:08.999 [FXGL Background Thread 3 ] DEBUG Engine               - secondsIn24h: 60
14:22:08.999 [FXGL Background Thread 3 ] DEBUG Engine               - soundMenuBack: menu/back.wav
14:22:08.999 [FXGL Background Thread 3 ] DEBUG Engine               - soundMenuPress: menu/press.wav
14:22:08.999 [FXGL Background Thread 3 ] DEBUG Engine               - soundMenuSelect: menu/select.wav
14:22:08.999 [FXGL Background Thread 3 ] DEBUG Engine               - soundNotification: core/notification.wav
14:22:08.999 [FXGL Background Thread 3 ] DEBUG Engine               - stageStyle: DECORATED
14:22:08.999 [FXGL Background Thread 3 ] DEBUG Engine               - supportedLanguages: [ENGLISH, FRENCH, GERMAN, HUNGARIAN, RUSSIAN]
14:22:08.999 [FXGL Background Thread 3 ] DEBUG Engine               - ticksPerSecond: -1
14:22:08.999 [FXGL Background Thread 3 ] DEBUG Engine               - title: Eclipsis: el legado de la nave abandonada(BetaVer)
14:22:08.999 [FXGL Background Thread 3 ] DEBUG Engine               - urlGithub: https://github.com/AlmasB/FXGL
14:22:08.999 [FXGL Background Thread 3 ] DEBUG Engine               - urlLeaderboard: http://fxgl-top.herokuapp.com/
14:22:08.999 [FXGL Background Thread 3 ] DEBUG Engine               - urlPOM: https://raw.githubusercontent.com/AlmasB/FXGL/release/README.md
14:22:08.999 [FXGL Background Thread 3 ] DEBUG Engine               - userAppClass: class App.Game.GameApp
14:22:08.999 [FXGL Background Thread 3 ] DEBUG Engine               - version: 0.0
14:22:08.999 [FXGL Background Thread 3 ] DEBUG Engine               - versionCheckDays: 7
14:22:08.999 [FXGL Background Thread 3 ] DEBUG Engine               - width: 1536
14:22:09.001 [FXGL Background Thread 3 ] DEBUG Engine               - Logging services
14:22:09.001 [FXGL Background Thread 3 ] DEBUG Engine               - class com.almasb.fxgl.app.services.FXGLAssetLoaderService
14:22:09.001 [FXGL Background Thread 3 ] DEBUG Engine               - class com.almasb.fxgl.app.FXGLApplication$GameApplicationService
14:22:09.001 [FXGL Background Thread 3 ] DEBUG Engine               - class com.almasb.fxgl.app.services.FXGLDialogService
14:22:09.001 [FXGL Background Thread 3 ] DEBUG Engine               - class com.almasb.fxgl.app.services.IOTaskExecutorService
14:22:09.001 [FXGL Background Thread 3 ] DEBUG Engine               - class com.almasb.fxgl.io.FileSystemService
14:22:09.001 [FXGL Background Thread 3 ] DEBUG Engine               - class com.almasb.fxgl.localization.LocalizationService
14:22:09.001 [FXGL Background Thread 3 ] DEBUG Engine               - class com.almasb.fxgl.app.services.SystemBundleService
14:22:09.001 [FXGL Background Thread 3 ] DEBUG Engine               - class com.almasb.fxgl.profile.SaveLoadService
14:22:09.001 [FXGL Background Thread 3 ] DEBUG Engine               - class com.almasb.fxgl.ui.FXGLUIFactoryServiceProvider
14:22:09.001 [FXGL Background Thread 3 ] DEBUG Engine               - class com.almasb.fxgl.ui.FXGLDialogFactoryServiceProvider
14:22:09.001 [FXGL Background Thread 3 ] DEBUG Engine               - class com.almasb.fxgl.audio.AudioPlayer
14:22:09.001 [FXGL Background Thread 3 ] DEBUG Engine               - class com.almasb.fxgl.notification.impl.NotificationServiceProvider
14:22:09.001 [FXGL Background Thread 3 ] DEBUG Engine               - class com.almasb.fxgl.achievement.AchievementService
14:22:09.001 [FXGL Background Thread 3 ] DEBUG Engine               - class com.almasb.fxgl.cutscene.CutsceneService
14:22:09.001 [FXGL Background Thread 3 ] DEBUG Engine               - class com.almasb.fxgl.minigames.MiniGameService
14:22:09.001 [FXGL Background Thread 3 ] DEBUG Engine               - class com.almasb.fxgl.net.NetService
14:22:09.001 [FXGL Background Thread 3 ] DEBUG Engine               - class com.almasb.fxgl.app.services.UpdaterService
14:22:09.001 [FXGL Background Thread 3 ] DEBUG Engine               - class com.almasb.fxgl.dev.DevService
14:22:10.913 [JavaFX Application Thread] DEBUG FXGLApplication      - Exiting FXGL
14:22:10.913 [JavaFX Application Thread] DEBUG LoopRunner           - Stopping loop
14:22:10.914 [JavaFX Application Thread] DEBUG SystemBundleService  - Saving FXGL system data
14:22:10.917 [JavaFX Application Thread] DEBUG FileSystemAccess     - Writing to: C:\Users\Dannieris\Desktop\ForkProyecto\ForkProyecto\system\fxgl.bundle
14:22:10.921 [JavaFX Application Thread] DEBUG Async                - Shutting down background threads
14:22:10.921 [JavaFX Application Thread] DEBUG PrimaryStageWindow   - Closing main window
14:22:10.936 [JavaFX Application Thread] DEBUG Logger               - Closing Logger
