16:51:30.281 [main                     ] DEBUG Logger               - Configured Logger
16:51:30.286 [main                     ] DEBUG GameApplication      - Logging settings
Title: Eclipsis: el legado de la nave abandonada
Version: 0.0
Width: 1536
Height: 1024
Fullscreen: false
Intro: false
Profiling: false
Single step:false
App Mode: DEVELOPER
Menu Key: ESCAPE
Stage Style: DECORATED
Scene Factory: class App.Game.GameApp$1

16:51:30.383 [JavaFX Application Thread] DEBUG FXGLApplication      - Initializing FXGL
16:51:30.388 [JavaFX Application Thread] INFO  Engine               - FXGL-17.3 (30.03.2023 11.49) on WINDOWS (J:24.0.1 FX:17.0.6)
16:51:30.388 [JavaFX Application Thread] DEBUG Engine               - JRE Vendor Name: Oracle Corporation
16:51:30.388 [JavaFX Application Thread] DEBUG Engine               - Running on OS: Windows 11 version 10.0
16:51:30.388 [JavaFX Application Thread] DEBUG Engine               - Architecture: amd64
16:51:30.388 [JavaFX Application Thread] INFO  Engine               - Source code and latest versions at: https://github.com/AlmasB/FXGL
16:51:30.388 [JavaFX Application Thread] INFO  Engine               -       Ask questions and discuss at: https://github.com/AlmasB/FXGL/discussions
16:51:30.388 [JavaFX Application Thread] INFO  Engine               -              Join the FXGL chat at: https://gitter.im/AlmasB/FXGL
16:51:30.471 [JavaFX Application Thread] DEBUG PrimaryStageWindow   - Creating a JavaFX scene
16:51:30.471 [JavaFX Application Thread] DEBUG PrimaryStageWindow   - Target size > screen size
16:51:30.513 [JavaFX Application Thread] DEBUG PrimaryStageWindow   - Target settings size: 1536.0 x 1024.0
16:51:30.513 [JavaFX Application Thread] DEBUG PrimaryStageWindow   - Scaled scene size:    1343.0 x 912.0
16:51:30.513 [JavaFX Application Thread] DEBUG PrimaryStageWindow   - Scaled ratio: (0.8743489583333334, 0.890625)
16:51:30.515 [JavaFX Application Thread] DEBUG PrimaryStageWindow   - Set initial scene to FXGLStartupScene
16:51:30.522 [JavaFX Application Thread] DEBUG PrimaryStageWindow   - Opening main window
16:51:30.612 [JavaFX Application Thread] DEBUG PrimaryStageWindow   - Window border size: (14.5999755859375, 37.5999755859375)
16:51:30.612 [JavaFX Application Thread] DEBUG PrimaryStageWindow   - Scaled size: 1343.0 x 912.0
16:51:30.612 [JavaFX Application Thread] DEBUG PrimaryStageWindow   - Scaled ratio: (0.8743489583333334, 0.890625)
16:51:30.612 [JavaFX Application Thread] DEBUG PrimaryStageWindow   - Scene size: 1343.0 x 912.0
16:51:30.613 [JavaFX Application Thread] DEBUG PrimaryStageWindow   - Stage size: 1357.5999755859375 x 949.5999755859375
16:51:30.631 [FXGL Background Thread 1 ] DEBUG Engine               - Initializing environment variables
16:51:30.729 [FXGL Background Thread 1 ] DEBUG FXGLAssetLoaderServi - User app class for loading assets: class App.Game.GameApp
16:51:30.729 [FXGL Background Thread 1 ] DEBUG GameApplicationServi - Applying CSS: fxgl_dark.css
16:51:30.729 [FXGL Background Thread 1 ] DEBUG FXGLAssetLoaderServi - Loading from file system: jar:file:///C:/Users/Dannieris/.m2/repository/com/github/almasb/fxgl/17.3/fxgl-17.3.jar!/fxglassets/ui/css/fxgl_dark.css
16:51:30.797 [FXGL Background Thread 1 ] DEBUG GameApplicationServi - Initializing application scenes
16:51:30.895 [FXGL Background Thread 1 ] DEBUG GameWorld            - Game world initialized
16:51:30.965 [FXGL Background Thread 1 ] DEBUG PhysicsWorld         - Physics world initialized: appHeight=1024, physics.ppm=50.0
16:51:30.965 [FXGL Background Thread 1 ] DEBUG PhysicsWorld         - Using strategy: BRUTE_FORCE
16:51:30.976 [FXGL Background Thread 1 ] DEBUG GameScene            - Game scene initialized: 1536x1024
16:51:31.206 [FXGL Background Thread 1 ] DEBUG FXGL.DefaultMenu     - createMenuBodyGameMenu()
16:51:31.213 [FXGL Background Thread 1 ] DEBUG FXGL.DefaultMenu     - createOptionsMenu()
16:51:31.218 [FXGL Background Thread 1 ] DEBUG FXGLAssetLoaderServi - Loading from file system: jar:file:///C:/Users/Dannieris/.m2/repository/com/github/almasb/fxgl/17.3/fxgl-17.3.jar!/fxglassets/textures/particles/smoke.png
16:51:31.310 [FXGL Background Thread 1 ] DEBUG FXGLAssetLoaderServi - Loading from file system: jar:file:///C:/Users/Dannieris/.m2/repository/com/github/almasb/fxgl/17.3/fxgl-17.3.jar!/fxglassets/textures/particles/trace_horizontal.png
16:51:31.320 [FXGL Background Thread 1 ] DEBUG FXGLAssetLoaderServi - Loading from file system: file:/C:/Users/Dannieris/Desktop/juego/ForkProyecto/target/classes/assets/music/menu.wav
16:51:31.419 [FXGL Background Thread 1 ] DEBUG AudioPlayer          - Playing music com.almasb.fxgl.audio.Music@60cd3048
16:51:31.422 [FXGL Background Thread 1 ] DEBUG AudioPlayer          - Playing music com.almasb.fxgl.audio.Music@60cd3048
16:51:31.422 [FXGL Background Thread 1 ] DEBUG FXGLAssetLoaderServi - Loading from file system: file:/C:/Users/Dannieris/Desktop/juego/ForkProyecto/target/classes/assets/textures/fondoGameMenu.png
16:51:31.453 [FXGL Background Thread 1 ] DEBUG GameApplicationServi - Application scenes initialized
16:51:31.463 [FXGL Background Thread 1 ] DEBUG SystemBundleService  - Loading FXGL system data
16:51:31.470 [FXGL Background Thread 1 ] DEBUG FileSystemAccess     - Reading from: C:\Users\Dannieris\Desktop\juego\ForkProyecto\system\fxgl.bundle
16:51:31.477 [FXGL Background Thread 1 ] DEBUG SystemBundleService  - Bundle FXGL: {}
16:51:31.477 [FXGL Background Thread 1 ] DEBUG UpdaterService       - Checking for updates
16:51:31.510 [FXGL Background Thread 4 ] DEBUG FXGLApplication      - Loading fonts
16:51:31.512 [FXGL Background Thread 1 ] DEBUG FXGLApplication      - Loading default localization
16:51:31.512 [FXGL Background Thread 4 ] DEBUG FXGLAssetLoaderServi - Loading from file system: jar:file:///C:/Users/Dannieris/.m2/repository/com/github/almasb/fxgl/17.3/fxgl-17.3.jar!/fxglassets/ui/fonts/VarelaRound-Regular.ttf
16:51:31.512 [FXGL Background Thread 1 ] DEBUG FXGLAssetLoaderServi - Loading from file system: jar:file:///C:/Users/Dannieris/.m2/repository/com/github/almasb/fxgl/17.3/fxgl-17.3.jar!/fxglassets/languages/english.lang
16:51:31.545 [FXGL Background Thread 1 ] INFO  FXGLApplication      - FXGL initialization took: 0.913 sec
16:51:31.546 [JavaFX Application Thread] DEBUG FXGLAssetLoaderServi - Loading from file system: file:/C:/Users/Dannieris/Desktop/juego/ForkProyecto/target/classes/assets/textures/iconInit.png
16:51:31.559 [FXGL Background Thread 4 ] DEBUG FXGLAssetLoaderServi - Loading from file system: jar:file:///C:/Users/Dannieris/.m2/repository/com/github/almasb/fxgl/17.3/fxgl-17.3.jar!/fxglassets/ui/fonts/Abel-Regular.ttf
16:51:31.563 [FXGL Background Thread 4 ] DEBUG FXGLAssetLoaderServi - Loading from file system: jar:file:///C:/Users/Dannieris/.m2/repository/com/github/almasb/fxgl/17.3/fxgl-17.3.jar!/fxglassets/ui/fonts/TerminalLandMono-Regular.otf
16:51:31.569 [FXGL Background Thread 4 ] DEBUG FXGLAssetLoaderServi - Loading from file system: jar:file:///C:/Users/Dannieris/.m2/repository/com/github/almasb/fxgl/17.3/fxgl-17.3.jar!/fxglassets/ui/fonts/Courier-Prime.ttf
16:51:31.661 [JavaFX Application Thread] DEBUG FXGLAssetLoaderServi - Loading from file system: file:/C:/Users/Dannieris/Desktop/juego/ForkProyecto/target/classes/assets/textures/cursor.png
16:51:31.669 [JavaFX Application Thread] DEBUG Input                - Registered new binding: Screenshot - CTRL+8
16:51:31.670 [JavaFX Application Thread] DEBUG Input                - Registered new binding: Dev Options - 1
16:51:31.670 [JavaFX Application Thread] DEBUG Input                - Registered new binding: Dev Console - 2
16:51:31.670 [JavaFX Application Thread] DEBUG Input                - Registered new binding: System info dump - CTRL+9
16:51:31.670 [JavaFX Application Thread] DEBUG Input                - Registered new binding: Restart - CTRL+R
16:51:31.671 [JavaFX Application Thread] DEBUG Input                - Registered new binding: Toggle Debug Camera - CTRL+7
16:51:31.674 [JavaFX Application Thread] DEBUG LoopRunner           - Starting loop
16:51:31.700 [JavaFX Application Thread] DEBUG LoopRunner           - Initializing JavaFX AnimationTimerLoop
16:51:31.702 [JavaFX Application Thread] DEBUG Input                - Clearing active input actions
16:51:31.711 [JavaFX Application Thread] DEBUG GameApplicationServi - Removing overlay from FXGLStartupScene and adding to FXGLMainMenuDummyScene
16:51:31.715 [FXGL Background Thread 2 ] WARN  UpdaterService       - Failed to find updates: java.net.SocketException: Permission denied: connect
16:51:31.716 [JavaFX Application Thread] DEBUG PrimaryStageWindow   - FXGLStartupScene -> FXGLMainMenuDummyScene
16:51:31.716 [JavaFX Application Thread] DEBUG PrimaryStageWindow   - Push state: MyMenu
16:51:31.716 [JavaFX Application Thread] DEBUG Input                - Clearing active input actions
16:51:31.719 [JavaFX Application Thread] DEBUG GameApplicationServi - Removing overlay from FXGLMainMenuDummyScene and adding to MyMenu
16:51:31.720 [JavaFX Application Thread] DEBUG PrimaryStageWindow   - FXGLMainMenuDummyScene -> MyMenu
16:51:31.722 [JavaFX Application Thread] DEBUG FXGLApplication      - Registering font factories with UI factory
16:51:34.509 [FXGL Background Thread 3 ] DEBUG Engine               - Logging environment variables
16:51:34.513 [FXGL Background Thread 3 ] DEBUG Engine               - achievements: []
16:51:34.514 [FXGL Background Thread 3 ] DEBUG Engine               - actualHeight: 912.0
16:51:34.515 [FXGL Background Thread 3 ] DEBUG Engine               - actualHeightProperty: ReadOnlyDoubleProperty [value: 912.0]
16:51:34.516 [FXGL Background Thread 3 ] DEBUG Engine               - actualWidth: 1343.0
16:51:34.517 [FXGL Background Thread 3 ] DEBUG Engine               - actualWidthProperty: ReadOnlyDoubleProperty [value: 1343.0]
16:51:34.518 [FXGL Background Thread 3 ] DEBUG Engine               - appIcon: iconInit.png
16:51:34.518 [FXGL Background Thread 3 ] DEBUG Engine               - applicationMode: DEVELOPER
16:51:34.518 [FXGL Background Thread 3 ] DEBUG Engine               - cSSList: [fxgl_dark.css]
16:51:34.518 [FXGL Background Thread 3 ] DEBUG Engine               - collisionDetectionStrategy: BRUTE_FORCE
16:51:34.518 [FXGL Background Thread 3 ] DEBUG Engine               - configClass: Optional.empty
16:51:34.521 [FXGL Background Thread 3 ] DEBUG Engine               - credits: []
16:51:34.524 [FXGL Background Thread 3 ] DEBUG Engine               - defaultCursor: CursorInfo(imageName=cursor.png, hotspotX=0.0, hotspotY=0.0)
16:51:34.526 [FXGL Background Thread 3 ] DEBUG Engine               - devBBoxColorProperty: ObjectProperty [value: 0xff0000ff]
16:51:34.528 [FXGL Background Thread 3 ] DEBUG Engine               - devEnableDebugCameraProperty: BooleanProperty [value: false]
16:51:34.534 [FXGL Background Thread 3 ] DEBUG Engine               - devSensorColorProperty: ObjectProperty [value: 0xffff00ff]
16:51:34.534 [FXGL Background Thread 3 ] DEBUG Engine               - devShowBBoxProperty: BooleanProperty [value: false]
16:51:34.535 [FXGL Background Thread 3 ] DEBUG Engine               - devShowPositionProperty: BooleanProperty [value: false]
16:51:34.536 [FXGL Background Thread 3 ] DEBUG Engine               - enabledMenuItems: []
16:51:34.536 [FXGL Background Thread 3 ] DEBUG Engine               - engineServices: [class com.almasb.fxgl.app.services.FXGLAssetLoaderService, class com.almasb.fxgl.app.FXGLApplication$GameApplicationService, class com.almasb.fxgl.app.services.FXGLDialogService, class com.almasb.fxgl.app.services.IOTaskExecutorService, class com.almasb.fxgl.io.FileSystemService, class com.almasb.fxgl.localization.LocalizationService, class com.almasb.fxgl.app.services.SystemBundleService, class com.almasb.fxgl.profile.SaveLoadService, class com.almasb.fxgl.ui.FXGLUIFactoryServiceProvider, class com.almasb.fxgl.ui.FXGLDialogFactoryServiceProvider, class com.almasb.fxgl.audio.AudioPlayer, class com.almasb.fxgl.notification.impl.NotificationServiceProvider, class com.almasb.fxgl.achievement.AchievementService, class com.almasb.fxgl.cutscene.CutsceneService, class com.almasb.fxgl.minigames.MiniGameService, class com.almasb.fxgl.net.NetService, class com.almasb.fxgl.app.services.UpdaterService, class com.almasb.fxgl.dev.DevService]
16:51:34.537 [FXGL Background Thread 3 ] DEBUG Engine               - fontGame: Abel-Regular.ttf
16:51:34.537 [FXGL Background Thread 3 ] DEBUG Engine               - fontMono: TerminalLandMono-Regular.otf
16:51:34.538 [FXGL Background Thread 3 ] DEBUG Engine               - fontSizeScaleUI: 1.0
16:51:34.538 [FXGL Background Thread 3 ] DEBUG Engine               - fontText: Courier-Prime.ttf
16:51:34.538 [FXGL Background Thread 3 ] DEBUG Engine               - fontUI: VarelaRound-Regular.ttf
16:51:34.538 [FXGL Background Thread 3 ] DEBUG Engine               - fullScreen: BooleanProperty [value: false]
16:51:34.538 [FXGL Background Thread 3 ] DEBUG Engine               - gameDifficulty: MEDIUM
16:51:34.538 [FXGL Background Thread 3 ] DEBUG Engine               - gameDifficultyProperty: ObjectProperty [value: MEDIUM]
16:51:34.538 [FXGL Background Thread 3 ] DEBUG Engine               - globalMusicVolume: 0.5
16:51:34.539 [FXGL Background Thread 3 ] DEBUG Engine               - globalMusicVolumeProperty: DoubleProperty [value: 0.5]
16:51:34.539 [FXGL Background Thread 3 ] DEBUG Engine               - globalSoundVolume: 0.5
16:51:34.539 [FXGL Background Thread 3 ] DEBUG Engine               - globalSoundVolumeProperty: DoubleProperty [value: 0.5]
16:51:34.539 [FXGL Background Thread 3 ] DEBUG Engine               - height: 1024
16:51:34.539 [FXGL Background Thread 3 ] DEBUG Engine               - is3D: false
16:51:34.540 [FXGL Background Thread 3 ] DEBUG Engine               - isAndroid: false
16:51:34.541 [FXGL Background Thread 3 ] DEBUG Engine               - isBrowser: false
16:51:34.541 [FXGL Background Thread 3 ] DEBUG Engine               - isClickFeedbackEnabled: false
16:51:34.541 [FXGL Background Thread 3 ] DEBUG Engine               - isCloseConfirmation: false
16:51:34.541 [FXGL Background Thread 3 ] DEBUG Engine               - isDesktop: true
16:51:34.541 [FXGL Background Thread 3 ] DEBUG Engine               - isDeveloperMenuEnabled: true
16:51:34.541 [FXGL Background Thread 3 ] DEBUG Engine               - isEmbedded: false
16:51:34.541 [FXGL Background Thread 3 ] DEBUG Engine               - isEntityPreloadEnabled: true
16:51:34.541 [FXGL Background Thread 3 ] DEBUG Engine               - isExperimentalTiledLargeMap: false
16:51:34.541 [FXGL Background Thread 3 ] DEBUG Engine               - isFileSystemWriteAllowed: true
16:51:34.541 [FXGL Background Thread 3 ] DEBUG Engine               - isFullScreenAllowed: false
16:51:34.542 [FXGL Background Thread 3 ] DEBUG Engine               - isFullScreenFromStart: false
16:51:34.542 [FXGL Background Thread 3 ] DEBUG Engine               - isGameMenuEnabled: true
16:51:34.542 [FXGL Background Thread 3 ] DEBUG Engine               - isIOS: false
16:51:34.542 [FXGL Background Thread 3 ] DEBUG Engine               - isIntroEnabled: false
16:51:34.542 [FXGL Background Thread 3 ] DEBUG Engine               - isLinux: false
16:51:34.542 [FXGL Background Thread 3 ] DEBUG Engine               - isMac: false
16:51:34.542 [FXGL Background Thread 3 ] DEBUG Engine               - isMainMenuEnabled: true
16:51:34.542 [FXGL Background Thread 3 ] DEBUG Engine               - isManualResizeEnabled: false
16:51:34.542 [FXGL Background Thread 3 ] DEBUG Engine               - isMobile: false
16:51:34.542 [FXGL Background Thread 3 ] DEBUG Engine               - isNative: false
16:51:34.542 [FXGL Background Thread 3 ] DEBUG Engine               - isPauseMusicWhenMinimized: true
16:51:34.542 [FXGL Background Thread 3 ] DEBUG Engine               - isPreserveResizeRatio: false
16:51:34.542 [FXGL Background Thread 3 ] DEBUG Engine               - isProfilingEnabled: false
16:51:34.543 [FXGL Background Thread 3 ] DEBUG Engine               - isScaleAffectedOnResize: true
16:51:34.543 [FXGL Background Thread 3 ] DEBUG Engine               - isSingleStep: false
16:51:34.543 [FXGL Background Thread 3 ] DEBUG Engine               - isUserProfileEnabled: false
16:51:34.543 [FXGL Background Thread 3 ] DEBUG Engine               - isWindows: true
16:51:34.543 [FXGL Background Thread 3 ] DEBUG Engine               - language: ObjectProperty [value: ENGLISH]
16:51:34.543 [FXGL Background Thread 3 ] DEBUG Engine               - menuKey: ESCAPE
16:51:34.543 [FXGL Background Thread 3 ] DEBUG Engine               - mouseSensitivity: 0.2
16:51:34.543 [FXGL Background Thread 3 ] DEBUG Engine               - notificationViewClass: class com.almasb.fxgl.notification.view.XboxNotificationView
16:51:34.543 [FXGL Background Thread 3 ] DEBUG Engine               - pixelsPerMeter: 50.0
16:51:34.543 [FXGL Background Thread 3 ] DEBUG Engine               - platform: WINDOWS
16:51:34.543 [FXGL Background Thread 3 ] DEBUG Engine               - prefHeightProperty: ReadOnlyDoubleProperty [value: 1024.0]
16:51:34.543 [FXGL Background Thread 3 ] DEBUG Engine               - prefWidthProperty: ReadOnlyDoubleProperty [value: 1536.0]
16:51:34.543 [FXGL Background Thread 3 ] DEBUG Engine               - profileDir: profiles/
16:51:34.544 [FXGL Background Thread 3 ] DEBUG Engine               - profileName: StringProperty [value: DEFAULT]
16:51:34.544 [FXGL Background Thread 3 ] DEBUG Engine               - randomSeed: -1
16:51:34.544 [FXGL Background Thread 3 ] DEBUG Engine               - runtimeInfo: RuntimeInfo(platform=WINDOWS, version=17.3, build=30.03.2023 11.49)
16:51:34.544 [FXGL Background Thread 3 ] DEBUG Engine               - saveFileExt: sav
16:51:34.544 [FXGL Background Thread 3 ] DEBUG Engine               - scaledHeightProp$fxgl: DoubleProperty [bound, value: 912.0]
16:51:34.544 [FXGL Background Thread 3 ] DEBUG Engine               - scaledWidthProp$fxgl: DoubleProperty [bound, value: 1343.0]
16:51:34.544 [FXGL Background Thread 3 ] DEBUG Engine               - sceneFactory: App.Game.GameApp$1@4424e58c
16:51:34.544 [FXGL Background Thread 3 ] DEBUG Engine               - secondsIn24h: 60
16:51:34.544 [FXGL Background Thread 3 ] DEBUG Engine               - soundMenuBack: menu/back.wav
16:51:34.544 [FXGL Background Thread 3 ] DEBUG Engine               - soundMenuPress: menu/press.wav
16:51:34.544 [FXGL Background Thread 3 ] DEBUG Engine               - soundMenuSelect: menu/select.wav
16:51:34.545 [FXGL Background Thread 3 ] DEBUG Engine               - soundNotification: core/notification.wav
16:51:34.545 [FXGL Background Thread 3 ] DEBUG Engine               - stageStyle: DECORATED
16:51:34.545 [FXGL Background Thread 3 ] DEBUG Engine               - supportedLanguages: [ENGLISH, FRENCH, GERMAN, HUNGARIAN, RUSSIAN]
16:51:34.545 [FXGL Background Thread 3 ] DEBUG Engine               - ticksPerSecond: -1
16:51:34.545 [FXGL Background Thread 3 ] DEBUG Engine               - title: Eclipsis: el legado de la nave abandonada
16:51:34.545 [FXGL Background Thread 3 ] DEBUG Engine               - urlGithub: https://github.com/AlmasB/FXGL
16:51:34.545 [FXGL Background Thread 3 ] DEBUG Engine               - urlLeaderboard: http://fxgl-top.herokuapp.com/
16:51:34.545 [FXGL Background Thread 3 ] DEBUG Engine               - urlPOM: https://raw.githubusercontent.com/AlmasB/FXGL/release/README.md
16:51:34.545 [FXGL Background Thread 3 ] DEBUG Engine               - userAppClass: class App.Game.GameApp
16:51:34.545 [FXGL Background Thread 3 ] DEBUG Engine               - version: 0.0
16:51:34.545 [FXGL Background Thread 3 ] DEBUG Engine               - versionCheckDays: 7
16:51:34.545 [FXGL Background Thread 3 ] DEBUG Engine               - width: 1536
16:51:34.545 [FXGL Background Thread 3 ] DEBUG Engine               - Logging services
16:51:34.545 [FXGL Background Thread 3 ] DEBUG Engine               - class com.almasb.fxgl.app.services.FXGLAssetLoaderService
16:51:34.545 [FXGL Background Thread 3 ] DEBUG Engine               - class com.almasb.fxgl.app.FXGLApplication$GameApplicationService
16:51:34.545 [FXGL Background Thread 3 ] DEBUG Engine               - class com.almasb.fxgl.app.services.FXGLDialogService
16:51:34.545 [FXGL Background Thread 3 ] DEBUG Engine               - class com.almasb.fxgl.app.services.IOTaskExecutorService
16:51:34.546 [FXGL Background Thread 3 ] DEBUG Engine               - class com.almasb.fxgl.io.FileSystemService
16:51:34.546 [FXGL Background Thread 3 ] DEBUG Engine               - class com.almasb.fxgl.localization.LocalizationService
16:51:34.546 [FXGL Background Thread 3 ] DEBUG Engine               - class com.almasb.fxgl.app.services.SystemBundleService
16:51:34.546 [FXGL Background Thread 3 ] DEBUG Engine               - class com.almasb.fxgl.profile.SaveLoadService
16:51:34.546 [FXGL Background Thread 3 ] DEBUG Engine               - class com.almasb.fxgl.ui.FXGLUIFactoryServiceProvider
16:51:34.546 [FXGL Background Thread 3 ] DEBUG Engine               - class com.almasb.fxgl.ui.FXGLDialogFactoryServiceProvider
16:51:34.546 [FXGL Background Thread 3 ] DEBUG Engine               - class com.almasb.fxgl.audio.AudioPlayer
16:51:34.546 [FXGL Background Thread 3 ] DEBUG Engine               - class com.almasb.fxgl.notification.impl.NotificationServiceProvider
16:51:34.546 [FXGL Background Thread 3 ] DEBUG Engine               - class com.almasb.fxgl.achievement.AchievementService
16:51:34.546 [FXGL Background Thread 3 ] DEBUG Engine               - class com.almasb.fxgl.cutscene.CutsceneService
16:51:34.546 [FXGL Background Thread 3 ] DEBUG Engine               - class com.almasb.fxgl.minigames.MiniGameService
16:51:34.546 [FXGL Background Thread 3 ] DEBUG Engine               - class com.almasb.fxgl.net.NetService
16:51:34.546 [FXGL Background Thread 3 ] DEBUG Engine               - class com.almasb.fxgl.app.services.UpdaterService
16:51:34.546 [FXGL Background Thread 3 ] DEBUG Engine               - class com.almasb.fxgl.dev.DevService
16:51:35.033 [JavaFX Application Thread] DEBUG PrimaryStageWindow   - Push state: EscenaSeleccion
16:51:35.033 [JavaFX Application Thread] DEBUG Input                - Clearing active input actions
16:51:35.043 [JavaFX Application Thread] DEBUG GameApplicationServi - Removing overlay from MyMenu and adding to EscenaSeleccion
16:51:35.064 [JavaFX Application Thread] DEBUG PrimaryStageWindow   - MyMenu -> EscenaSeleccion
16:52:07.122 [JavaFX Application Thread] DEBUG FXGLApplication      - Exiting FXGL
16:52:07.123 [JavaFX Application Thread] DEBUG LoopRunner           - Stopping loop
16:52:07.123 [JavaFX Application Thread] DEBUG SystemBundleService  - Saving FXGL system data
16:52:07.127 [JavaFX Application Thread] DEBUG FileSystemAccess     - Writing to: C:\Users\Dannieris\Desktop\juego\ForkProyecto\system\fxgl.bundle
16:52:07.134 [JavaFX Application Thread] DEBUG Async                - Shutting down background threads
16:52:07.134 [JavaFX Application Thread] DEBUG PrimaryStageWindow   - Closing main window
16:52:07.174 [JavaFX Application Thread] DEBUG Logger               - Closing Logger
