14:36:24.408 [main                     ] DEBUG Logger               - Configured Logger
14:36:24.421 [main                     ] DEBUG GameApplication      - Logging settings
Title: Eclipsis: el legado de la nave abandonada(BetaVer)
Version: 0.0
Width: 1536
Height: 1024
Fullscreen: false
Intro: false
Profiling: false
Single step:false
App Mode: DEVELOPER
Menu Key: ESCAPE
Stage Style: DECORATED
Scene Factory: class App.Game.GameApp$1

14:36:24.549 [JavaFX Application Thread] DEBUG FXGLApplication      - Initializing FXGL
14:36:24.560 [JavaFX Application Thread] INFO  Engine               - FXGL-17.3 (30.03.2023 11.49) on WINDOWS (J:17.0.12 FX:20)
14:36:24.560 [JavaFX Application Thread] DEBUG Engine               - JRE Vendor Name: Oracle Corporation
14:36:24.561 [JavaFX Application Thread] DEBUG Engine               - Running on OS: Windows 11 version 10.0
14:36:24.561 [JavaFX Application Thread] DEBUG Engine               - Architecture: amd64
14:36:24.561 [JavaFX Application Thread] INFO  Engine               - Source code and latest versions at: https://github.com/AlmasB/FXGL
14:36:24.562 [JavaFX Application Thread] INFO  Engine               -       Ask questions and discuss at: https://github.com/AlmasB/FXGL/discussions
14:36:24.562 [JavaFX Application Thread] INFO  Engine               -              Join the FXGL chat at: https://gitter.im/AlmasB/FXGL
14:36:24.644 [JavaFX Application Thread] DEBUG PrimaryStageWindow   - Creating a JavaFX scene
14:36:24.644 [JavaFX Application Thread] DEBUG PrimaryStageWindow   - Target size > screen size
14:36:24.686 [JavaFX Application Thread] DEBUG PrimaryStageWindow   - Target settings size: 1536.0 x 1024.0
14:36:24.687 [JavaFX Application Thread] DEBUG PrimaryStageWindow   - Scaled scene size:    1343.0 x 912.0
14:36:24.687 [JavaFX Application Thread] DEBUG PrimaryStageWindow   - Scaled ratio: (0.8743489583333334, 0.890625)
14:36:24.688 [JavaFX Application Thread] DEBUG PrimaryStageWindow   - Set initial scene to FXGLStartupScene
14:36:24.693 [JavaFX Application Thread] DEBUG PrimaryStageWindow   - Opening main window
14:36:24.795 [JavaFX Application Thread] DEBUG PrimaryStageWindow   - Window border size: (14.5999755859375, 37.5999755859375)
14:36:24.796 [JavaFX Application Thread] DEBUG PrimaryStageWindow   - Scaled size: 1343.0 x 912.0
14:36:24.796 [JavaFX Application Thread] DEBUG PrimaryStageWindow   - Scaled ratio: (0.8743489583333334, 0.890625)
14:36:24.797 [JavaFX Application Thread] DEBUG PrimaryStageWindow   - Scene size: 1343.0 x 912.0
14:36:24.798 [JavaFX Application Thread] DEBUG PrimaryStageWindow   - Stage size: 1357.5999755859375 x 949.5999755859375
14:36:24.809 [FXGL Background Thread 1 ] DEBUG Engine               - Initializing environment variables
14:36:24.861 [FXGL Background Thread 1 ] DEBUG FXGLAssetLoaderServi - User app class for loading assets: class App.Game.GameApp
14:36:24.862 [FXGL Background Thread 1 ] DEBUG GameApplicationServi - Applying CSS: fxgl_dark.css
14:36:24.866 [FXGL Background Thread 1 ] DEBUG FXGLAssetLoaderServi - Loading from file system: jar:file:///C:/Users/Dannieris/.m2/repository/com/github/almasb/fxgl/17.3/fxgl-17.3.jar!/fxglassets/ui/css/fxgl_dark.css
14:36:24.953 [FXGL Background Thread 1 ] DEBUG GameApplicationServi - Initializing application scenes
14:36:25.021 [FXGL Background Thread 1 ] DEBUG GameWorld            - Game world initialized
14:36:25.117 [FXGL Background Thread 1 ] DEBUG PhysicsWorld         - Physics world initialized: appHeight=1024, physics.ppm=50.0
14:36:25.118 [FXGL Background Thread 1 ] DEBUG PhysicsWorld         - Using strategy: BRUTE_FORCE
14:36:25.126 [FXGL Background Thread 1 ] DEBUG GameScene            - Game scene initialized: 1536x1024
14:36:25.307 [FXGL Background Thread 1 ] DEBUG FXGL.DefaultMenu     - createMenuBodyGameMenu()
14:36:25.316 [FXGL Background Thread 1 ] DEBUG FXGL.DefaultMenu     - createOptionsMenu()
14:36:25.324 [FXGL Background Thread 1 ] DEBUG FXGLAssetLoaderServi - Loading from file system: jar:file:///C:/Users/Dannieris/.m2/repository/com/github/almasb/fxgl/17.3/fxgl-17.3.jar!/fxglassets/textures/particles/smoke.png
14:36:25.434 [FXGL Background Thread 1 ] DEBUG FXGLAssetLoaderServi - Loading from file system: jar:file:///C:/Users/Dannieris/.m2/repository/com/github/almasb/fxgl/17.3/fxgl-17.3.jar!/fxglassets/textures/particles/trace_horizontal.png
14:36:25.468 [FXGL Background Thread 1 ] DEBUG FXGLAssetLoaderServi - Loading from file system: file:/C:/Users/Dannieris/Desktop/ForkProyecto/ForkProyecto/target/classes/assets/music/menu.wav
14:36:25.593 [FXGL Background Thread 1 ] DEBUG AudioPlayer          - Playing music com.almasb.fxgl.audio.Music@7cb17c0a
14:36:25.597 [FXGL Background Thread 1 ] DEBUG AudioPlayer          - Playing music com.almasb.fxgl.audio.Music@7cb17c0a
14:36:25.597 [FXGL Background Thread 1 ] DEBUG FXGLAssetLoaderServi - Loading from file system: file:/C:/Users/Dannieris/Desktop/ForkProyecto/ForkProyecto/target/classes/assets/textures/fondoGameMenu.png
14:36:25.648 [FXGL Background Thread 1 ] DEBUG GameApplicationServi - Application scenes initialized
14:36:25.668 [FXGL Background Thread 1 ] DEBUG SystemBundleService  - Loading FXGL system data
14:36:25.672 [FXGL Background Thread 1 ] DEBUG FileSystemAccess     - Reading from: C:\Users\Dannieris\Desktop\ForkProyecto\ForkProyecto\system\fxgl.bundle
14:36:25.679 [FXGL Background Thread 1 ] DEBUG SystemBundleService  - Bundle FXGL: {}
14:36:25.679 [FXGL Background Thread 1 ] DEBUG UpdaterService       - Checking for updates
14:36:25.710 [FXGL Background Thread 4 ] DEBUG FXGLApplication      - Loading fonts
14:36:25.710 [FXGL Background Thread 1 ] DEBUG FXGLApplication      - Loading default localization
14:36:25.711 [FXGL Background Thread 4 ] DEBUG FXGLAssetLoaderServi - Loading from file system: jar:file:///C:/Users/Dannieris/.m2/repository/com/github/almasb/fxgl/17.3/fxgl-17.3.jar!/fxglassets/ui/fonts/VarelaRound-Regular.ttf
14:36:25.711 [FXGL Background Thread 1 ] DEBUG FXGLAssetLoaderServi - Loading from file system: jar:file:///C:/Users/Dannieris/.m2/repository/com/github/almasb/fxgl/17.3/fxgl-17.3.jar!/fxglassets/languages/english.lang
14:36:25.746 [FXGL Background Thread 1 ] INFO  FXGLApplication      - FXGL initialization took: 0.936 sec
14:36:25.781 [FXGL Background Thread 4 ] DEBUG FXGLAssetLoaderServi - Loading from file system: jar:file:///C:/Users/Dannieris/.m2/repository/com/github/almasb/fxgl/17.3/fxgl-17.3.jar!/fxglassets/ui/fonts/Abel-Regular.ttf
14:36:25.796 [FXGL Background Thread 4 ] DEBUG FXGLAssetLoaderServi - Loading from file system: jar:file:///C:/Users/Dannieris/.m2/repository/com/github/almasb/fxgl/17.3/fxgl-17.3.jar!/fxglassets/ui/fonts/TerminalLandMono-Regular.otf
14:36:25.815 [FXGL Background Thread 4 ] DEBUG FXGLAssetLoaderServi - Loading from file system: jar:file:///C:/Users/Dannieris/.m2/repository/com/github/almasb/fxgl/17.3/fxgl-17.3.jar!/fxglassets/ui/fonts/Courier-Prime.ttf
14:36:25.969 [FXGL Background Thread 2 ] WARN  UpdaterService       - Failed to find updates: java.net.UnknownHostException: raw.githubusercontent.com
14:36:25.985 [JavaFX Application Thread] DEBUG FXGLAssetLoaderServi - Loading from file system: jar:file:///C:/Users/Dannieris/.m2/repository/com/github/almasb/fxgl/17.3/fxgl-17.3.jar!/fxglassets/textures/fxgl_icon.png
14:36:25.997 [JavaFX Application Thread] DEBUG FXGLAssetLoaderServi - Loading from file system: file:/C:/Users/Dannieris/Desktop/ForkProyecto/ForkProyecto/target/classes/assets/textures/cursor.png
14:36:26.007 [JavaFX Application Thread] DEBUG Input                - Registered new binding: Screenshot - CTRL+8
14:36:26.008 [JavaFX Application Thread] DEBUG Input                - Registered new binding: Dev Options - 1
14:36:26.008 [JavaFX Application Thread] DEBUG Input                - Registered new binding: Dev Console - 2
14:36:26.009 [JavaFX Application Thread] DEBUG Input                - Registered new binding: System info dump - CTRL+9
14:36:26.009 [JavaFX Application Thread] DEBUG Input                - Registered new binding: Restart - CTRL+R
14:36:26.009 [JavaFX Application Thread] DEBUG Input                - Registered new binding: Toggle Debug Camera - CTRL+7
14:36:26.013 [JavaFX Application Thread] DEBUG LoopRunner           - Starting loop
14:36:26.026 [JavaFX Application Thread] DEBUG LoopRunner           - Initializing JavaFX AnimationTimerLoop
14:36:26.029 [JavaFX Application Thread] DEBUG Input                - Clearing active input actions
14:36:26.038 [JavaFX Application Thread] DEBUG GameApplicationServi - Removing overlay from FXGLStartupScene and adding to FXGLMainMenuDummyScene
14:36:26.042 [JavaFX Application Thread] DEBUG PrimaryStageWindow   - FXGLStartupScene -> FXGLMainMenuDummyScene
14:36:26.042 [JavaFX Application Thread] DEBUG PrimaryStageWindow   - Push state: MyMenu
14:36:26.042 [JavaFX Application Thread] DEBUG Input                - Clearing active input actions
14:36:26.048 [JavaFX Application Thread] DEBUG GameApplicationServi - Removing overlay from FXGLMainMenuDummyScene and adding to MyMenu
14:36:26.049 [JavaFX Application Thread] DEBUG PrimaryStageWindow   - FXGLMainMenuDummyScene -> MyMenu
14:36:26.049 [JavaFX Application Thread] DEBUG FXGLApplication      - Registering font factories with UI factory
14:36:26.658 [JavaFX Application Thread] DEBUG GameApplicationServi - Starting new game
14:36:26.659 [JavaFX Application Thread] DEBUG PrimaryStageWindow   - Pop state: MyMenu
14:36:26.659 [JavaFX Application Thread] DEBUG Input                - Clearing active input actions
14:36:26.660 [JavaFX Application Thread] DEBUG GameApplicationServi - Removing overlay from MyMenu and adding to FXGLMainMenuDummyScene
14:36:26.664 [JavaFX Application Thread] DEBUG PrimaryStageWindow   - FXGLMainMenuDummyScene <- MyMenu
14:36:26.664 [JavaFX Application Thread] DEBUG Input                - Clearing active input actions
14:36:26.677 [JavaFX Application Thread] DEBUG GameApplicationServi - Removing overlay from FXGLMainMenuDummyScene and adding to FXGLLoadingScene
14:36:26.677 [JavaFX Application Thread] DEBUG PrimaryStageWindow   - FXGLMainMenuDummyScene -> FXGLLoadingScene
14:36:26.678 [JavaFX Application Thread] DEBUG GameApplicationServi - Clearing previous game
14:36:26.678 [JavaFX Application Thread] DEBUG GameScene            - Clearing game scene
14:36:26.678 [JavaFX Application Thread] DEBUG GameWorld            - Clearing game world
14:36:26.678 [JavaFX Application Thread] DEBUG PhysicsWorld         - Clearing physics world
14:36:26.684 [FXGL Background Thread 2 ] DEBUG FXGLApplication      - Initializing game
14:36:26.995 [FXGL Background Thread 2 ] DEBUG AudioPlayer          - Stopping music com.almasb.fxgl.audio.Music@7cb17c0a
14:36:26.998 [FXGL Background Thread 2 ] DEBUG FXGLAssetLoaderServi - Loading from file system: file:/C:/Users/Dannieris/Desktop/ForkProyecto/ForkProyecto/target/classes/assets/music/loading.wav
14:36:27.003 [FXGL Background Thread 2 ] DEBUG AudioPlayer          - Playing music com.almasb.fxgl.audio.Music@4c4985ab
14:36:27.086 [FXGL Background Thread 2 ] DEBUG TMXLevelLoader       - Parsed TiledMap: file:/C:/Users/Dannieris/Desktop/ForkProyecto/ForkProyecto/target/classes/assets/levels/level_01.tmx
14:36:27.088 [FXGL Background Thread 2 ] DEBUG TMXLevelLoader       - Creating tile layer entities
14:36:27.089 [FXGL Background Thread 2 ] DEBUG TilesetLoader        - Loading view for layer Capa de patrones 1
14:36:27.097 [FXGL Background Thread 2 ] DEBUG TilesetLoader        - Created buffer with size 2000.0x1500.0
14:36:27.143 [FXGL Background Thread 2 ] WARN  TilesetLoader        - Diagonally flipped tiles are not currently supported
14:36:27.147 [FXGL Background Thread 2 ] WARN  TilesetLoader        - Diagonally flipped tiles are not currently supported
14:36:27.149 [FXGL Background Thread 2 ] WARN  TilesetLoader        - Diagonally flipped tiles are not currently supported
14:36:27.150 [FXGL Background Thread 2 ] WARN  TilesetLoader        - Diagonally flipped tiles are not currently supported
14:36:27.152 [FXGL Background Thread 2 ] WARN  TilesetLoader        - Diagonally flipped tiles are not currently supported
14:36:27.156 [FXGL Background Thread 2 ] WARN  TilesetLoader        - Diagonally flipped tiles are not currently supported
14:36:27.156 [FXGL Background Thread 2 ] WARN  TilesetLoader        - Diagonally flipped tiles are not currently supported
14:36:27.158 [FXGL Background Thread 2 ] WARN  TilesetLoader        - Diagonally flipped tiles are not currently supported
14:36:27.162 [FXGL Background Thread 2 ] WARN  TilesetLoader        - Diagonally flipped tiles are not currently supported
14:36:27.165 [FXGL Background Thread 2 ] WARN  TilesetLoader        - Diagonally flipped tiles are not currently supported
14:36:27.167 [FXGL Background Thread 2 ] WARN  TilesetLoader        - Diagonally flipped tiles are not currently supported
14:36:27.168 [FXGL Background Thread 2 ] DEBUG TilesetLoader        - Loading view for layer Capa de Decoracion
14:36:27.171 [FXGL Background Thread 2 ] DEBUG TilesetLoader        - Created buffer with size 2000.0x1500.0
14:36:27.198 [FXGL Background Thread 2 ] DEBUG TMXLevelLoader       - Creating object layer entities
14:36:27.237 [FXGL Background Thread 2 ] DEBUG GameWorld            - Clearing removable entities
14:36:27.273 [FXGL Background Thread 2 ] DEBUG GameWorld            - Setting level: com.almasb.fxgl.entity.level.Level@1bc0b15d
14:36:27.299 [FXGL Background Thread 2 ] DEBUG FXGLAssetLoaderServi - Loading from file system: file:/C:/Users/Dannieris/Desktop/ForkProyecto/ForkProyecto/target/classes/assets/textures/coinitem.png
14:36:27.303 [FXGL Background Thread 2 ] WARN  FXGLAssetLoaderServi - Asset "/assets/textures/coindisabled.png" was not found!
14:36:27.304 [FXGL Background Thread 2 ] WARN  FXGLAssetLoaderServi - Failed to load IMAGE
14:36:27.337 [FXGL Background Thread 2 ] WARN  GameWorld            - Entity is already attached to world
14:36:27.338 [FXGL Background Thread 2 ] DEBUG FXGLAssetLoaderServi - Loading from file system: file:/C:/Users/Dannieris/Desktop/ForkProyecto/ForkProyecto/target/classes/assets/textures/exploreatack_basic.png
14:36:27.339 [FXGL Background Thread 2 ] DEBUG FXGLAssetLoaderServi - Loading from file system: file:/C:/Users/Dannieris/Desktop/ForkProyecto/ForkProyecto/target/classes/assets/textures/exploreidle.png
14:36:27.342 [FXGL Background Thread 2 ] WARN  FXGLAssetLoaderServi - Asset "/assets/textures/explorecaminando.png" was not found!
14:36:27.342 [FXGL Background Thread 2 ] WARN  FXGLAssetLoaderServi - Failed to load IMAGE
14:36:27.342 [FXGL Background Thread 2 ] WARN  FXGLAssetLoaderServi - Asset "/assets/textures/exploreadelante.png" was not found!
14:36:27.343 [FXGL Background Thread 2 ] WARN  FXGLAssetLoaderServi - Failed to load IMAGE
14:36:27.344 [FXGL Background Thread 2 ] WARN  FXGLAssetLoaderServi - Asset "/assets/textures/exploreatras.png" was not found!
14:36:27.344 [FXGL Background Thread 2 ] WARN  FXGLAssetLoaderServi - Failed to load IMAGE
14:36:27.345 [FXGL Background Thread 2 ] DEBUG FXGLAssetLoaderServi - Loading from file system: file:/C:/Users/Dannieris/Desktop/ForkProyecto/ForkProyecto/target/classes/assets/textures/exploredeat.png
14:36:27.352 [FXGL Background Thread 2 ] WARN  GameWorld            - Entity is already attached to world
14:36:27.354 [FXGL Background Thread 2 ] WARN  FXGLAssetLoaderServi - Asset "/assets/textures/explorecaminando.png" was not found!
14:36:27.354 [FXGL Background Thread 2 ] WARN  FXGLAssetLoaderServi - Failed to load IMAGE
14:36:27.355 [FXGL Background Thread 2 ] WARN  FXGLAssetLoaderServi - Asset "/assets/textures/exploreadelante.png" was not found!
14:36:27.355 [FXGL Background Thread 2 ] WARN  FXGLAssetLoaderServi - Failed to load IMAGE
14:36:27.355 [FXGL Background Thread 2 ] WARN  FXGLAssetLoaderServi - Asset "/assets/textures/exploreatras.png" was not found!
14:36:27.356 [FXGL Background Thread 2 ] WARN  FXGLAssetLoaderServi - Failed to load IMAGE
14:36:27.358 [FXGL Background Thread 2 ] WARN  GameWorld            - Entity is already attached to world
14:36:27.359 [FXGL Background Thread 2 ] DEBUG FXGLAssetLoaderServi - Loading from file system: file:/C:/Users/Dannieris/Desktop/ForkProyecto/ForkProyecto/target/classes/assets/textures/droidatack_basic.png
14:36:27.366 [FXGL Background Thread 2 ] DEBUG FXGLAssetLoaderServi - Loading from file system: file:/C:/Users/Dannieris/Desktop/ForkProyecto/ForkProyecto/target/classes/assets/textures/droididle.png
14:36:27.368 [FXGL Background Thread 2 ] WARN  FXGLAssetLoaderServi - Asset "/assets/textures/droidcaminando.png" was not found!
14:36:27.369 [FXGL Background Thread 2 ] WARN  FXGLAssetLoaderServi - Failed to load IMAGE
14:36:27.369 [FXGL Background Thread 2 ] WARN  FXGLAssetLoaderServi - Asset "/assets/textures/droidadelante.png" was not found!
14:36:27.369 [FXGL Background Thread 2 ] WARN  FXGLAssetLoaderServi - Failed to load IMAGE
14:36:27.369 [FXGL Background Thread 2 ] WARN  FXGLAssetLoaderServi - Asset "/assets/textures/droidatras.png" was not found!
14:36:27.370 [FXGL Background Thread 2 ] WARN  FXGLAssetLoaderServi - Failed to load IMAGE
14:36:27.370 [FXGL Background Thread 2 ] DEBUG FXGLAssetLoaderServi - Loading from file system: file:/C:/Users/Dannieris/Desktop/ForkProyecto/ForkProyecto/target/classes/assets/textures/droiddeat.png
14:36:27.372 [FXGL Background Thread 2 ] WARN  GameWorld            - Entity is already attached to world
14:36:27.374 [FXGL Background Thread 2 ] WARN  FXGLAssetLoaderServi - Asset "/assets/textures/droidcaminando.png" was not found!
14:36:27.374 [FXGL Background Thread 2 ] WARN  FXGLAssetLoaderServi - Failed to load IMAGE
14:36:27.375 [FXGL Background Thread 2 ] WARN  FXGLAssetLoaderServi - Asset "/assets/textures/droidadelante.png" was not found!
14:36:27.375 [FXGL Background Thread 2 ] WARN  FXGLAssetLoaderServi - Failed to load IMAGE
14:36:27.375 [FXGL Background Thread 2 ] WARN  FXGLAssetLoaderServi - Asset "/assets/textures/droidatras.png" was not found!
14:36:27.376 [FXGL Background Thread 2 ] WARN  FXGLAssetLoaderServi - Failed to load IMAGE
14:36:27.377 [FXGL Background Thread 2 ] WARN  GameWorld            - Entity is already attached to world
14:36:27.381 [FXGL Background Thread 2 ] DEBUG FXGLAssetLoaderServi - Loading from file system: file:/C:/Users/Dannieris/Desktop/ForkProyecto/ForkProyecto/target/classes/assets/textures/droid2atack_basic.png
14:36:27.388 [FXGL Background Thread 2 ] DEBUG FXGLAssetLoaderServi - Loading from file system: file:/C:/Users/Dannieris/Desktop/ForkProyecto/ForkProyecto/target/classes/assets/textures/droid2idle.png
14:36:27.390 [FXGL Background Thread 2 ] WARN  FXGLAssetLoaderServi - Asset "/assets/textures/droid2caminando.png" was not found!
14:36:27.391 [FXGL Background Thread 2 ] WARN  FXGLAssetLoaderServi - Failed to load IMAGE
14:36:27.391 [FXGL Background Thread 2 ] WARN  FXGLAssetLoaderServi - Asset "/assets/textures/droid2adelante.png" was not found!
14:36:27.391 [FXGL Background Thread 2 ] WARN  FXGLAssetLoaderServi - Failed to load IMAGE
14:36:27.391 [FXGL Background Thread 2 ] WARN  FXGLAssetLoaderServi - Asset "/assets/textures/droid2atras.png" was not found!
14:36:27.391 [FXGL Background Thread 2 ] WARN  FXGLAssetLoaderServi - Failed to load IMAGE
14:36:27.392 [FXGL Background Thread 2 ] DEBUG FXGLAssetLoaderServi - Loading from file system: file:/C:/Users/Dannieris/Desktop/ForkProyecto/ForkProyecto/target/classes/assets/textures/droid2deat.png
14:36:27.397 [FXGL Background Thread 2 ] WARN  GameWorld            - Entity is already attached to world
14:36:27.400 [FXGL Background Thread 2 ] WARN  FXGLAssetLoaderServi - Asset "/assets/textures/droid2caminando.png" was not found!
14:36:27.400 [FXGL Background Thread 2 ] WARN  FXGLAssetLoaderServi - Failed to load IMAGE
14:36:27.401 [FXGL Background Thread 2 ] WARN  FXGLAssetLoaderServi - Asset "/assets/textures/droid2adelante.png" was not found!
14:36:27.401 [FXGL Background Thread 2 ] WARN  FXGLAssetLoaderServi - Failed to load IMAGE
14:36:27.402 [FXGL Background Thread 2 ] WARN  FXGLAssetLoaderServi - Asset "/assets/textures/droid2atras.png" was not found!
14:36:27.403 [FXGL Background Thread 2 ] WARN  FXGLAssetLoaderServi - Failed to load IMAGE
14:36:27.405 [FXGL Background Thread 2 ] WARN  GameWorld            - Entity is already attached to world
14:36:27.406 [FXGL Background Thread 2 ] WARN  FXGLAssetLoaderServi - Asset "/assets/textures/droid2caminando.png" was not found!
14:36:27.406 [FXGL Background Thread 2 ] WARN  FXGLAssetLoaderServi - Failed to load IMAGE
14:36:27.406 [FXGL Background Thread 2 ] WARN  FXGLAssetLoaderServi - Asset "/assets/textures/droid2adelante.png" was not found!
14:36:27.406 [FXGL Background Thread 2 ] WARN  FXGLAssetLoaderServi - Failed to load IMAGE
14:36:27.408 [FXGL Background Thread 2 ] WARN  FXGLAssetLoaderServi - Asset "/assets/textures/droid2atras.png" was not found!
14:36:27.408 [FXGL Background Thread 2 ] WARN  FXGLAssetLoaderServi - Failed to load IMAGE
14:36:27.408 [FXGL Background Thread 2 ] WARN  GameWorld            - Entity is already attached to world
14:36:27.410 [FXGL Background Thread 2 ] DEBUG FXGLAssetLoaderServi - Loading from file system: file:/C:/Users/Dannieris/Desktop/ForkProyecto/ForkProyecto/target/classes/assets/textures/droid3atack_basic.png
14:36:27.415 [FXGL Background Thread 2 ] DEBUG FXGLAssetLoaderServi - Loading from file system: file:/C:/Users/Dannieris/Desktop/ForkProyecto/ForkProyecto/target/classes/assets/textures/droid3idle.png
14:36:27.418 [FXGL Background Thread 2 ] WARN  FXGLAssetLoaderServi - Asset "/assets/textures/droid3caminando.png" was not found!
14:36:27.418 [FXGL Background Thread 2 ] WARN  FXGLAssetLoaderServi - Failed to load IMAGE
14:36:27.418 [FXGL Background Thread 2 ] WARN  FXGLAssetLoaderServi - Asset "/assets/textures/droid3adelante.png" was not found!
14:36:27.418 [FXGL Background Thread 2 ] WARN  FXGLAssetLoaderServi - Failed to load IMAGE
14:36:27.418 [FXGL Background Thread 2 ] WARN  FXGLAssetLoaderServi - Asset "/assets/textures/droid3atras.png" was not found!
14:36:27.419 [FXGL Background Thread 2 ] WARN  FXGLAssetLoaderServi - Failed to load IMAGE
14:36:27.419 [FXGL Background Thread 2 ] DEBUG FXGLAssetLoaderServi - Loading from file system: file:/C:/Users/Dannieris/Desktop/ForkProyecto/ForkProyecto/target/classes/assets/textures/droid3deat.png
14:36:27.423 [FXGL Background Thread 2 ] WARN  GameWorld            - Entity is already attached to world
14:36:27.424 [FXGL Background Thread 2 ] WARN  FXGLAssetLoaderServi - Asset "/assets/textures/droid3caminando.png" was not found!
14:36:27.425 [FXGL Background Thread 2 ] WARN  FXGLAssetLoaderServi - Failed to load IMAGE
14:36:27.425 [FXGL Background Thread 2 ] WARN  FXGLAssetLoaderServi - Asset "/assets/textures/droid3adelante.png" was not found!
14:36:27.425 [FXGL Background Thread 2 ] WARN  FXGLAssetLoaderServi - Failed to load IMAGE
14:36:27.426 [FXGL Background Thread 2 ] WARN  FXGLAssetLoaderServi - Asset "/assets/textures/droid3atras.png" was not found!
14:36:27.426 [FXGL Background Thread 2 ] WARN  FXGLAssetLoaderServi - Failed to load IMAGE
14:36:27.427 [FXGL Background Thread 2 ] WARN  GameWorld            - Entity is already attached to world
14:36:27.428 [FXGL Background Thread 2 ] DEBUG FXGLAssetLoaderServi - Loading from file system: file:/C:/Users/Dannieris/Desktop/ForkProyecto/ForkProyecto/target/classes/assets/textures/barreraDesactivadaitem.png
14:36:27.433 [FXGL Background Thread 2 ] WARN  FXGLAssetLoaderServi - Asset "/assets/textures/barreraDesactivadadisabled.png" was not found!
14:36:27.434 [FXGL Background Thread 2 ] WARN  FXGLAssetLoaderServi - Failed to load IMAGE
14:36:27.435 [FXGL Background Thread 2 ] WARN  GameWorld            - Entity is already attached to world
14:36:27.436 [FXGL Background Thread 2 ] WARN  FXGLAssetLoaderServi - Asset "/assets/textures/barreraDesactivadadisabled.png" was not found!
14:36:27.436 [FXGL Background Thread 2 ] WARN  FXGLAssetLoaderServi - Failed to load IMAGE
14:36:27.436 [FXGL Background Thread 2 ] WARN  GameWorld            - Entity is already attached to world
14:36:27.437 [FXGL Background Thread 2 ] WARN  FXGLAssetLoaderServi - Asset "/assets/textures/barreraDesactivadadisabled.png" was not found!
14:36:27.437 [FXGL Background Thread 2 ] WARN  FXGLAssetLoaderServi - Failed to load IMAGE
14:36:27.437 [FXGL Background Thread 2 ] WARN  GameWorld            - Entity is already attached to world
14:36:27.438 [FXGL Background Thread 2 ] WARN  FXGLAssetLoaderServi - Asset "/assets/textures/barreraDesactivadadisabled.png" was not found!
14:36:27.438 [FXGL Background Thread 2 ] WARN  FXGLAssetLoaderServi - Failed to load IMAGE
14:36:27.438 [FXGL Background Thread 2 ] WARN  GameWorld            - Entity is already attached to world
14:36:27.438 [FXGL Background Thread 2 ] DEBUG FXGLAssetLoaderServi - Loading from file system: file:/C:/Users/Dannieris/Desktop/ForkProyecto/ForkProyecto/target/classes/assets/textures/barreraitem.png
14:36:27.442 [FXGL Background Thread 2 ] DEBUG FXGLAssetLoaderServi - Loading from file system: file:/C:/Users/Dannieris/Desktop/ForkProyecto/ForkProyecto/target/classes/assets/textures/barreradisabled.png
14:36:27.451 [FXGL Background Thread 2 ] WARN  GameWorld            - Entity is already attached to world
14:36:27.453 [FXGL Background Thread 2 ] WARN  GameWorld            - Entity is already attached to world
14:36:27.453 [FXGL Background Thread 2 ] DEBUG FXGLAssetLoaderServi - Loading from file system: file:/C:/Users/Dannieris/Desktop/ForkProyecto/ForkProyecto/target/classes/assets/textures/panelitem.png
14:36:27.455 [FXGL Background Thread 2 ] DEBUG FXGLAssetLoaderServi - Loading from file system: file:/C:/Users/Dannieris/Desktop/ForkProyecto/ForkProyecto/target/classes/assets/textures/paneldisabled.png
14:36:27.461 [FXGL Background Thread 2 ] WARN  GameWorld            - Entity is already attached to world
14:36:27.465 [FXGL Background Thread 2 ] WARN  GameWorld            - Entity is already attached to world
14:36:27.468 [FXGL Background Thread 2 ] DEBUG FXGLAssetLoaderServi - Loading from file system: file:/C:/Users/Dannieris/Desktop/ForkProyecto/ForkProyecto/target/classes/assets/textures/generatorSpecialPointitem.png
14:36:27.469 [FXGL Background Thread 2 ] WARN  FXGLAssetLoaderServi - Asset "/assets/textures/generatorSpecialPointdisabled.png" was not found!
14:36:27.469 [FXGL Background Thread 2 ] WARN  FXGLAssetLoaderServi - Failed to load IMAGE
14:36:27.469 [FXGL Background Thread 2 ] WARN  GameWorld            - Entity is already attached to world
14:36:27.470 [FXGL Background Thread 2 ] WARN  FXGLAssetLoaderServi - Asset "/assets/textures/generatorSpecialPointdisabled.png" was not found!
14:36:27.470 [FXGL Background Thread 2 ] WARN  FXGLAssetLoaderServi - Failed to load IMAGE
14:36:27.470 [FXGL Background Thread 2 ] WARN  GameWorld            - Entity is already attached to world
14:36:27.471 [FXGL Background Thread 2 ] DEBUG FXGLAssetLoaderServi - Loading from file system: file:/C:/Users/Dannieris/Desktop/ForkProyecto/ForkProyecto/target/classes/assets/textures/lifeitem.png
14:36:27.473 [FXGL Background Thread 2 ] WARN  FXGLAssetLoaderServi - Asset "/assets/textures/lifedisabled.png" was not found!
14:36:27.473 [FXGL Background Thread 2 ] WARN  FXGLAssetLoaderServi - Failed to load IMAGE
14:36:27.473 [FXGL Background Thread 2 ] WARN  GameWorld            - Entity is already attached to world
14:36:27.474 [FXGL Background Thread 2 ] WARN  FXGLAssetLoaderServi - Asset "/assets/textures/lifedisabled.png" was not found!
14:36:27.474 [FXGL Background Thread 2 ] WARN  FXGLAssetLoaderServi - Failed to load IMAGE
14:36:27.475 [FXGL Background Thread 2 ] WARN  GameWorld            - Entity is already attached to world
14:36:27.477 [FXGL Background Thread 2 ] DEBUG FXGLAssetLoaderServi - Loading from file system: file:/C:/Users/Dannieris/Desktop/ForkProyecto/ForkProyecto/target/classes/assets/textures/atackitem.png
14:36:27.480 [FXGL Background Thread 2 ] WARN  FXGLAssetLoaderServi - Asset "/assets/textures/atackdisabled.png" was not found!
14:36:27.481 [FXGL Background Thread 2 ] WARN  FXGLAssetLoaderServi - Failed to load IMAGE
14:36:27.482 [FXGL Background Thread 2 ] WARN  GameWorld            - Entity is already attached to world
14:36:27.485 [FXGL Background Thread 2 ] WARN  FXGLAssetLoaderServi - Asset "/assets/textures/atackdisabled.png" was not found!
14:36:27.485 [FXGL Background Thread 2 ] WARN  FXGLAssetLoaderServi - Failed to load IMAGE
14:36:27.485 [FXGL Background Thread 2 ] WARN  GameWorld            - Entity is already attached to world
14:36:27.486 [FXGL Background Thread 2 ] DEBUG FXGLAssetLoaderServi - Loading from file system: file:/C:/Users/Dannieris/Desktop/ForkProyecto/ForkProyecto/target/classes/assets/textures/cyborgatack_special.png
14:36:27.488 [FXGL Background Thread 2 ] DEBUG FXGLAssetLoaderServi - Loading from file system: file:/C:/Users/Dannieris/Desktop/ForkProyecto/ForkProyecto/target/classes/assets/textures/cyborgatack_basic.png
14:36:27.491 [FXGL Background Thread 2 ] DEBUG FXGLAssetLoaderServi - Loading from file system: file:/C:/Users/Dannieris/Desktop/ForkProyecto/ForkProyecto/target/classes/assets/textures/cyborgidle.png
14:36:27.496 [FXGL Background Thread 2 ] DEBUG FXGLAssetLoaderServi - Loading from file system: file:/C:/Users/Dannieris/Desktop/ForkProyecto/ForkProyecto/target/classes/assets/textures/cyborgcaminando.png
14:36:27.502 [FXGL Background Thread 2 ] DEBUG FXGLAssetLoaderServi - Loading from file system: file:/C:/Users/Dannieris/Desktop/ForkProyecto/ForkProyecto/target/classes/assets/textures/cyborgadelante.png
14:36:27.505 [FXGL Background Thread 2 ] DEBUG FXGLAssetLoaderServi - Loading from file system: file:/C:/Users/Dannieris/Desktop/ForkProyecto/ForkProyecto/target/classes/assets/textures/cyborgatras.png
14:36:27.508 [FXGL Background Thread 2 ] DEBUG FXGLAssetLoaderServi - Loading from file system: file:/C:/Users/Dannieris/Desktop/ForkProyecto/ForkProyecto/target/classes/assets/textures/cyborgdeat.png
14:36:27.512 [FXGL Background Thread 2 ] WARN  GameWorld            - Entity is already attached to world
14:36:27.514 [FXGL Background Thread 2 ] WARN  FXGLAssetLoaderServi - Asset "/assets/textures/jaxKaneatack_special.png" was not found!
14:36:27.514 [FXGL Background Thread 2 ] WARN  FXGLAssetLoaderServi - Failed to load IMAGE
14:36:27.515 [FXGL Background Thread 2 ] DEBUG FXGLAssetLoaderServi - Loading from file system: file:/C:/Users/Dannieris/Desktop/ForkProyecto/ForkProyecto/target/classes/assets/textures/jaxKaneatack_basic.png
14:36:27.520 [FXGL Background Thread 2 ] DEBUG FXGLAssetLoaderServi - Loading from file system: file:/C:/Users/Dannieris/Desktop/ForkProyecto/ForkProyecto/target/classes/assets/textures/jaxKaneidle.png
14:36:27.524 [FXGL Background Thread 2 ] DEBUG FXGLAssetLoaderServi - Loading from file system: file:/C:/Users/Dannieris/Desktop/ForkProyecto/ForkProyecto/target/classes/assets/textures/jaxKanecaminando.png
14:36:27.529 [FXGL Background Thread 2 ] DEBUG FXGLAssetLoaderServi - Loading from file system: file:/C:/Users/Dannieris/Desktop/ForkProyecto/ForkProyecto/target/classes/assets/textures/jaxKaneadelante.png
14:36:27.534 [FXGL Background Thread 2 ] DEBUG FXGLAssetLoaderServi - Loading from file system: file:/C:/Users/Dannieris/Desktop/ForkProyecto/ForkProyecto/target/classes/assets/textures/jaxKaneatras.png
14:36:27.539 [FXGL Background Thread 2 ] WARN  FXGLAssetLoaderServi - Asset "/assets/textures/jaxKanedeat.png" was not found!
14:36:27.539 [FXGL Background Thread 2 ] WARN  FXGLAssetLoaderServi - Failed to load IMAGE
14:36:27.540 [FXGL Background Thread 2 ] WARN  GameWorld            - Entity is already attached to world
14:36:27.540 [FXGL Background Thread 2 ] DEBUG Input                - Registered new binding: Mover Arriba - W
14:36:27.541 [FXGL Background Thread 2 ] DEBUG Input                - Registered new binding: Mover Abajo - S
14:36:27.541 [FXGL Background Thread 2 ] DEBUG Input                - Registered new binding: Mover Izquierda - A
14:36:27.541 [FXGL Background Thread 2 ] DEBUG Input                - Registered new binding: Mover Derecha - D
14:36:27.603 [FXGL Background Thread 2 ] DEBUG FXGLAssetLoaderServi - Loading from file system: file:/C:/Users/Dannieris/Desktop/ForkProyecto/ForkProyecto/target/classes/assets/textures/botonGameMenu.png
14:36:27.605 [FXGL Background Thread 2 ] DEBUG FXGLAssetLoaderServi - Loading from file system: file:/C:/Users/Dannieris/Desktop/ForkProyecto/ForkProyecto/target/classes/assets/textures/buttonMainMenu.png
14:36:27.606 [FXGL Background Thread 2 ] DEBUG FXGLAssetLoaderServi - Loading from file system: file:/C:/Users/Dannieris/Desktop/ForkProyecto/ForkProyecto/target/classes/assets/textures/wikiButton.png
14:36:27.607 [FXGL Background Thread 2 ] DEBUG FXGLAssetLoaderServi - Loading from file system: file:/C:/Users/Dannieris/Desktop/ForkProyecto/ForkProyecto/target/classes/assets/textures/specialPointBar.png
14:36:27.609 [FXGL Background Thread 2 ] DEBUG FXGLAssetLoaderServi - Loading from file system: file:/C:/Users/Dannieris/Desktop/ForkProyecto/ForkProyecto/target/classes/assets/textures/statBar.png
14:36:27.614 [FXGL Background Thread 2 ] DEBUG FXGLAssetLoaderServi - Loading from file system: file:/C:/Users/Dannieris/Desktop/ForkProyecto/ForkProyecto/target/classes/assets/textures/statAtackBar.png
14:36:27.618 [FXGL Background Thread 2 ] DEBUG FXGLAssetLoaderServi - Loading from file system: file:/C:/Users/Dannieris/Desktop/ForkProyecto/ForkProyecto/target/classes/assets/textures/wiki_image.png
14:36:27.634 [FXGL Background Thread 2 ] DEBUG FXGLAssetLoaderServi - Loading from file system: file:/C:/Users/Dannieris/Desktop/ForkProyecto/ForkProyecto/target/classes/assets/textures/iconCyborg.png
14:36:27.636 [FXGL Background Thread 2 ] DEBUG FXGLAssetLoaderServi - Loading from file system: file:/C:/Users/Dannieris/Desktop/ForkProyecto/ForkProyecto/target/classes/assets/textures/iconJaxKane.png
14:36:27.639 [FXGL Background Thread 2 ] DEBUG FXGLAssetLoaderServi - Loading from file system: file:/C:/Users/Dannieris/Desktop/ForkProyecto/ForkProyecto/target/classes/assets/sounds/cambiarPersonaje.wav
14:36:27.654 [FXGL Background Thread 2 ] DEBUG FXGLAssetLoaderServi - Loading from file system: file:/C:/Users/Dannieris/Desktop/ForkProyecto/ForkProyecto/target/classes/assets/textures/specialPoint.png
14:36:27.656 [FXGL Background Thread 2 ] DEBUG FXGLAssetLoaderServi - Loading from file system: file:/C:/Users/Dannieris/Desktop/ForkProyecto/ForkProyecto/target/classes/assets/textures/special.png
14:36:27.658 [FXGL Background Thread 2 ] DEBUG FXGLAssetLoaderServi - Loading from file system: file:/C:/Users/Dannieris/Desktop/ForkProyecto/ForkProyecto/target/classes/assets/textures/barra_enemigo.png
14:36:27.665 [FXGL Background Thread 2 ] DEBUG FXGLAssetLoaderServi - Loading from file system: file:/C:/Users/Dannieris/Desktop/ForkProyecto/ForkProyecto/target/classes/assets/textures/life_point_enemi.png
14:36:27.667 [FXGL Background Thread 2 ] DEBUG FXGLAssetLoaderServi - Loading from file system: file:/C:/Users/Dannieris/Desktop/ForkProyecto/ForkProyecto/target/classes/assets/textures/life_bar.png
14:36:27.670 [FXGL Background Thread 2 ] DEBUG FXGLAssetLoaderServi - Loading from file system: file:/C:/Users/Dannieris/Desktop/ForkProyecto/ForkProyecto/target/classes/assets/textures/life_point.png
14:36:27.670 [FXGL Background Thread 2 ] DEBUG FXGLAssetLoaderServi - Loading from file system: file:/C:/Users/Dannieris/Desktop/ForkProyecto/ForkProyecto/target/classes/assets/textures/button_atacck.png
14:36:27.673 [FXGL Background Thread 2 ] DEBUG FXGLAssetLoaderServi - Loading from file system: file:/C:/Users/Dannieris/Desktop/ForkProyecto/ForkProyecto/target/classes/assets/textures/combat_panel.png
14:36:27.681 [FXGL Background Thread 2 ] INFO  FXGLApplication      - Game initialization took: 0.997 sec
14:36:27.683 [JavaFX Application Thread] DEBUG Input                - Clearing active input actions
14:36:27.691 [JavaFX Application Thread] DEBUG GameApplicationServi - Removing overlay from FXGLLoadingScene and adding to GameScene
14:36:27.700 [JavaFX Application Thread] DEBUG PrimaryStageWindow   - FXGLLoadingScene -> GameScene
14:36:27.729 [JavaFX Application Thread] DEBUG FXGLAssetLoaderServi - Loading from file system: file:/C:/Users/Dannieris/Desktop/ForkProyecto/ForkProyecto/target/classes/assets/sounds/item.wav
14:36:28.708 [FXGL Background Thread 3 ] DEBUG Engine               - Logging environment variables
14:36:28.709 [FXGL Background Thread 3 ] DEBUG Engine               - achievements: []
14:36:28.711 [FXGL Background Thread 3 ] DEBUG Engine               - actualHeight: 912.0
14:36:28.711 [FXGL Background Thread 3 ] DEBUG Engine               - actualHeightProperty: ReadOnlyDoubleProperty [value: 912.0]
14:36:28.711 [FXGL Background Thread 3 ] DEBUG Engine               - actualWidth: 1343.0
14:36:28.711 [FXGL Background Thread 3 ] DEBUG Engine               - actualWidthProperty: ReadOnlyDoubleProperty [value: 1343.0]
14:36:28.711 [FXGL Background Thread 3 ] DEBUG Engine               - appIcon: fxgl_icon.png
14:36:28.711 [FXGL Background Thread 3 ] DEBUG Engine               - applicationMode: DEVELOPER
14:36:28.711 [FXGL Background Thread 3 ] DEBUG Engine               - cSSList: [fxgl_dark.css]
14:36:28.711 [FXGL Background Thread 3 ] DEBUG Engine               - collisionDetectionStrategy: BRUTE_FORCE
14:36:28.713 [FXGL Background Thread 3 ] DEBUG Engine               - configClass: Optional.empty
14:36:28.713 [FXGL Background Thread 3 ] DEBUG Engine               - credits: []
14:36:28.714 [FXGL Background Thread 3 ] DEBUG Engine               - defaultCursor: CursorInfo(imageName=cursor.png, hotspotX=0.0, hotspotY=0.0)
14:36:28.715 [FXGL Background Thread 3 ] DEBUG Engine               - devBBoxColorProperty: ObjectProperty [value: 0xff0000ff]
14:36:28.715 [FXGL Background Thread 3 ] DEBUG Engine               - devEnableDebugCameraProperty: BooleanProperty [value: false]
14:36:28.715 [FXGL Background Thread 3 ] DEBUG Engine               - devSensorColorProperty: ObjectProperty [value: 0xffff00ff]
14:36:28.715 [FXGL Background Thread 3 ] DEBUG Engine               - devShowBBoxProperty: BooleanProperty [value: false]
14:36:28.715 [FXGL Background Thread 3 ] DEBUG Engine               - devShowPositionProperty: BooleanProperty [value: false]
14:36:28.715 [FXGL Background Thread 3 ] DEBUG Engine               - enabledMenuItems: []
14:36:28.716 [FXGL Background Thread 3 ] DEBUG Engine               - engineServices: [class com.almasb.fxgl.app.services.FXGLAssetLoaderService, class com.almasb.fxgl.app.FXGLApplication$GameApplicationService, class com.almasb.fxgl.app.services.FXGLDialogService, class com.almasb.fxgl.app.services.IOTaskExecutorService, class com.almasb.fxgl.io.FileSystemService, class com.almasb.fxgl.localization.LocalizationService, class com.almasb.fxgl.app.services.SystemBundleService, class com.almasb.fxgl.profile.SaveLoadService, class com.almasb.fxgl.ui.FXGLUIFactoryServiceProvider, class com.almasb.fxgl.ui.FXGLDialogFactoryServiceProvider, class com.almasb.fxgl.audio.AudioPlayer, class com.almasb.fxgl.notification.impl.NotificationServiceProvider, class com.almasb.fxgl.achievement.AchievementService, class com.almasb.fxgl.cutscene.CutsceneService, class com.almasb.fxgl.minigames.MiniGameService, class com.almasb.fxgl.net.NetService, class com.almasb.fxgl.app.services.UpdaterService, class com.almasb.fxgl.dev.DevService]
14:36:28.716 [FXGL Background Thread 3 ] DEBUG Engine               - fontGame: Abel-Regular.ttf
14:36:28.716 [FXGL Background Thread 3 ] DEBUG Engine               - fontMono: TerminalLandMono-Regular.otf
14:36:28.716 [FXGL Background Thread 3 ] DEBUG Engine               - fontSizeScaleUI: 1.0
14:36:28.717 [FXGL Background Thread 3 ] DEBUG Engine               - fontText: Courier-Prime.ttf
14:36:28.717 [FXGL Background Thread 3 ] DEBUG Engine               - fontUI: VarelaRound-Regular.ttf
14:36:28.717 [FXGL Background Thread 3 ] DEBUG Engine               - fullScreen: BooleanProperty [value: false]
14:36:28.717 [FXGL Background Thread 3 ] DEBUG Engine               - gameDifficulty: MEDIUM
14:36:28.718 [FXGL Background Thread 3 ] DEBUG Engine               - gameDifficultyProperty: ObjectProperty [value: MEDIUM]
14:36:28.718 [FXGL Background Thread 3 ] DEBUG Engine               - globalMusicVolume: 0.5
14:36:28.718 [FXGL Background Thread 3 ] DEBUG Engine               - globalMusicVolumeProperty: DoubleProperty [value: 0.5]
14:36:28.718 [FXGL Background Thread 3 ] DEBUG Engine               - globalSoundVolume: 0.5
14:36:28.718 [FXGL Background Thread 3 ] DEBUG Engine               - globalSoundVolumeProperty: DoubleProperty [value: 0.5]
14:36:28.719 [FXGL Background Thread 3 ] DEBUG Engine               - height: 1024
14:36:28.719 [FXGL Background Thread 3 ] DEBUG Engine               - is3D: false
14:36:28.719 [FXGL Background Thread 3 ] DEBUG Engine               - isAndroid: false
14:36:28.719 [FXGL Background Thread 3 ] DEBUG Engine               - isBrowser: false
14:36:28.719 [FXGL Background Thread 3 ] DEBUG Engine               - isClickFeedbackEnabled: false
14:36:28.719 [FXGL Background Thread 3 ] DEBUG Engine               - isCloseConfirmation: false
14:36:28.719 [FXGL Background Thread 3 ] DEBUG Engine               - isDesktop: true
14:36:28.719 [FXGL Background Thread 3 ] DEBUG Engine               - isDeveloperMenuEnabled: true
14:36:28.719 [FXGL Background Thread 3 ] DEBUG Engine               - isEmbedded: false
14:36:28.720 [FXGL Background Thread 3 ] DEBUG Engine               - isEntityPreloadEnabled: true
14:36:28.720 [FXGL Background Thread 3 ] DEBUG Engine               - isExperimentalTiledLargeMap: false
14:36:28.720 [FXGL Background Thread 3 ] DEBUG Engine               - isFileSystemWriteAllowed: true
14:36:28.721 [FXGL Background Thread 3 ] DEBUG Engine               - isFullScreenAllowed: false
14:36:28.721 [FXGL Background Thread 3 ] DEBUG Engine               - isFullScreenFromStart: false
14:36:28.722 [FXGL Background Thread 3 ] DEBUG Engine               - isGameMenuEnabled: true
14:36:28.722 [FXGL Background Thread 3 ] DEBUG Engine               - isIOS: false
14:36:28.722 [FXGL Background Thread 3 ] DEBUG Engine               - isIntroEnabled: false
14:36:28.722 [FXGL Background Thread 3 ] DEBUG Engine               - isLinux: false
14:36:28.722 [FXGL Background Thread 3 ] DEBUG Engine               - isMac: false
14:36:28.722 [FXGL Background Thread 3 ] DEBUG Engine               - isMainMenuEnabled: true
14:36:28.722 [FXGL Background Thread 3 ] DEBUG Engine               - isManualResizeEnabled: false
14:36:28.722 [FXGL Background Thread 3 ] DEBUG Engine               - isMobile: false
14:36:28.723 [FXGL Background Thread 3 ] DEBUG Engine               - isNative: false
14:36:28.723 [FXGL Background Thread 3 ] DEBUG Engine               - isPauseMusicWhenMinimized: true
14:36:28.723 [FXGL Background Thread 3 ] DEBUG Engine               - isPreserveResizeRatio: false
14:36:28.723 [FXGL Background Thread 3 ] DEBUG Engine               - isProfilingEnabled: false
14:36:28.723 [FXGL Background Thread 3 ] DEBUG Engine               - isScaleAffectedOnResize: true
14:36:28.723 [FXGL Background Thread 3 ] DEBUG Engine               - isSingleStep: false
14:36:28.723 [FXGL Background Thread 3 ] DEBUG Engine               - isUserProfileEnabled: false
14:36:28.723 [FXGL Background Thread 3 ] DEBUG Engine               - isWindows: true
14:36:28.723 [FXGL Background Thread 3 ] DEBUG Engine               - language: ObjectProperty [value: ENGLISH]
14:36:28.724 [FXGL Background Thread 3 ] DEBUG Engine               - menuKey: ESCAPE
14:36:28.724 [FXGL Background Thread 3 ] DEBUG Engine               - mouseSensitivity: 0.2
14:36:28.724 [FXGL Background Thread 3 ] DEBUG Engine               - notificationViewClass: class com.almasb.fxgl.notification.view.XboxNotificationView
14:36:28.724 [FXGL Background Thread 3 ] DEBUG Engine               - pixelsPerMeter: 50.0
14:36:28.726 [FXGL Background Thread 3 ] DEBUG Engine               - platform: WINDOWS
14:36:28.726 [FXGL Background Thread 3 ] DEBUG Engine               - prefHeightProperty: ReadOnlyDoubleProperty [value: 1024.0]
14:36:28.726 [FXGL Background Thread 3 ] DEBUG Engine               - prefWidthProperty: ReadOnlyDoubleProperty [value: 1536.0]
14:36:28.726 [FXGL Background Thread 3 ] DEBUG Engine               - profileDir: profiles/
14:36:28.726 [FXGL Background Thread 3 ] DEBUG Engine               - profileName: StringProperty [value: DEFAULT]
14:36:28.726 [FXGL Background Thread 3 ] DEBUG Engine               - randomSeed: -1
14:36:28.726 [FXGL Background Thread 3 ] DEBUG Engine               - runtimeInfo: RuntimeInfo(platform=WINDOWS, version=17.3, build=30.03.2023 11.49)
14:36:28.726 [FXGL Background Thread 3 ] DEBUG Engine               - saveFileExt: sav
14:36:28.726 [FXGL Background Thread 3 ] DEBUG Engine               - scaledHeightProp$fxgl: DoubleProperty [bound, value: 912.0]
14:36:28.726 [FXGL Background Thread 3 ] DEBUG Engine               - scaledWidthProp$fxgl: DoubleProperty [bound, value: 1343.0]
14:36:28.726 [FXGL Background Thread 3 ] DEBUG Engine               - sceneFactory: App.Game.GameApp$1@62afb0a7
14:36:28.726 [FXGL Background Thread 3 ] DEBUG Engine               - secondsIn24h: 60
14:36:28.726 [FXGL Background Thread 3 ] DEBUG Engine               - soundMenuBack: menu/back.wav
14:36:28.727 [FXGL Background Thread 3 ] DEBUG Engine               - soundMenuPress: menu/press.wav
14:36:28.727 [FXGL Background Thread 3 ] DEBUG Engine               - soundMenuSelect: menu/select.wav
14:36:28.727 [FXGL Background Thread 3 ] DEBUG Engine               - soundNotification: core/notification.wav
14:36:28.727 [FXGL Background Thread 3 ] DEBUG Engine               - stageStyle: DECORATED
14:36:28.727 [FXGL Background Thread 3 ] DEBUG Engine               - supportedLanguages: [ENGLISH, FRENCH, GERMAN, HUNGARIAN, RUSSIAN]
14:36:28.729 [FXGL Background Thread 3 ] DEBUG Engine               - ticksPerSecond: -1
14:36:28.731 [FXGL Background Thread 3 ] DEBUG Engine               - title: Eclipsis: el legado de la nave abandonada(BetaVer)
14:36:28.731 [FXGL Background Thread 3 ] DEBUG Engine               - urlGithub: https://github.com/AlmasB/FXGL
14:36:28.732 [FXGL Background Thread 3 ] DEBUG Engine               - urlLeaderboard: http://fxgl-top.herokuapp.com/
14:36:28.732 [FXGL Background Thread 3 ] DEBUG Engine               - urlPOM: https://raw.githubusercontent.com/AlmasB/FXGL/release/README.md
14:36:28.732 [FXGL Background Thread 3 ] DEBUG Engine               - userAppClass: class App.Game.GameApp
14:36:28.732 [FXGL Background Thread 3 ] DEBUG Engine               - version: 0.0
14:36:28.732 [FXGL Background Thread 3 ] DEBUG Engine               - versionCheckDays: 7
14:36:28.732 [FXGL Background Thread 3 ] DEBUG Engine               - width: 1536
14:36:28.732 [FXGL Background Thread 3 ] DEBUG Engine               - Logging services
14:36:28.732 [FXGL Background Thread 3 ] DEBUG Engine               - class com.almasb.fxgl.app.services.FXGLAssetLoaderService
14:36:28.733 [FXGL Background Thread 3 ] DEBUG Engine               - class com.almasb.fxgl.app.FXGLApplication$GameApplicationService
14:36:28.733 [FXGL Background Thread 3 ] DEBUG Engine               - class com.almasb.fxgl.app.services.FXGLDialogService
14:36:28.733 [FXGL Background Thread 3 ] DEBUG Engine               - class com.almasb.fxgl.app.services.IOTaskExecutorService
14:36:28.733 [FXGL Background Thread 3 ] DEBUG Engine               - class com.almasb.fxgl.io.FileSystemService
14:36:28.733 [FXGL Background Thread 3 ] DEBUG Engine               - class com.almasb.fxgl.localization.LocalizationService
14:36:28.733 [FXGL Background Thread 3 ] DEBUG Engine               - class com.almasb.fxgl.app.services.SystemBundleService
14:36:28.733 [FXGL Background Thread 3 ] DEBUG Engine               - class com.almasb.fxgl.profile.SaveLoadService
14:36:28.733 [FXGL Background Thread 3 ] DEBUG Engine               - class com.almasb.fxgl.ui.FXGLUIFactoryServiceProvider
14:36:28.733 [FXGL Background Thread 3 ] DEBUG Engine               - class com.almasb.fxgl.ui.FXGLDialogFactoryServiceProvider
14:36:28.733 [FXGL Background Thread 3 ] DEBUG Engine               - class com.almasb.fxgl.audio.AudioPlayer
14:36:28.734 [FXGL Background Thread 3 ] DEBUG Engine               - class com.almasb.fxgl.notification.impl.NotificationServiceProvider
14:36:28.734 [FXGL Background Thread 3 ] DEBUG Engine               - class com.almasb.fxgl.achievement.AchievementService
14:36:28.735 [FXGL Background Thread 3 ] DEBUG Engine               - class com.almasb.fxgl.cutscene.CutsceneService
14:36:28.735 [FXGL Background Thread 3 ] DEBUG Engine               - class com.almasb.fxgl.minigames.MiniGameService
14:36:28.735 [FXGL Background Thread 3 ] DEBUG Engine               - class com.almasb.fxgl.net.NetService
14:36:28.735 [FXGL Background Thread 3 ] DEBUG Engine               - class com.almasb.fxgl.app.services.UpdaterService
14:36:28.737 [FXGL Background Thread 3 ] DEBUG Engine               - class com.almasb.fxgl.dev.DevService
14:36:39.887 [JavaFX Application Thread] DEBUG FXGLApplication      - Exiting FXGL
14:36:39.887 [JavaFX Application Thread] DEBUG LoopRunner           - Stopping loop
14:36:39.887 [JavaFX Application Thread] DEBUG SystemBundleService  - Saving FXGL system data
14:36:39.889 [JavaFX Application Thread] DEBUG FileSystemAccess     - Writing to: C:\Users\Dannieris\Desktop\ForkProyecto\ForkProyecto\system\fxgl.bundle
14:36:39.892 [JavaFX Application Thread] DEBUG Async                - Shutting down background threads
14:36:39.893 [JavaFX Application Thread] DEBUG PrimaryStageWindow   - Closing main window
14:36:39.920 [JavaFX Application Thread] DEBUG Logger               - Closing Logger
