00:48:57.479 [main                     ] DEBUG Logger               - Configured Logger
00:48:57.512 [main                     ] DEBUG GameApplication      - Logging settings
Title: Pruebas en FXGL
Version: 0.0
Width: 1600
Height: 1000
Fullscreen: false
Intro: false
Profiling: false
Single step:false
App Mode: DEVELOPER
Menu Key: ESCAPE
Stage Style: DECORATED
Scene Factory: class com.almasb.fxgl.app.scene.SceneFactory

00:48:57.714 [JavaFX Application Thread] DEBUG FXGLApplication      - Initializing FXGL
00:48:57.718 [JavaFX Application Thread] INFO  Engine               - FXGL-17.3 (30.03.2023 11.49) on LINUX (J:21.0.6 FX:20)
00:48:57.719 [JavaFX Application Thread] DEBUG Engine               - JRE Vendor Name: Oracle Corporation
00:48:57.719 [JavaFX Application Thread] DEBUG Engine               - Running on OS: Linux version 6.8.0-55-generic
00:48:57.719 [JavaFX Application Thread] DEBUG Engine               - Architecture: amd64
00:48:57.719 [JavaFX Application Thread] INFO  Engine               - Source code and latest versions at: https://github.com/AlmasB/FXGL
00:48:57.719 [JavaFX Application Thread] INFO  Engine               -       Ask questions and discuss at: https://github.com/AlmasB/FXGL/discussions
00:48:57.719 [JavaFX Application Thread] INFO  Engine               -              Join the FXGL chat at: https://gitter.im/AlmasB/FXGL
00:48:57.809 [JavaFX Application Thread] DEBUG PrimaryStageWindow   - Creating a JavaFX scene
00:48:57.809 [JavaFX Application Thread] DEBUG PrimaryStageWindow   - Target size > screen size
00:48:57.902 [JavaFX Application Thread] DEBUG PrimaryStageWindow   - Target settings size: 1600.0 x 1000.0
00:48:57.902 [JavaFX Application Thread] DEBUG PrimaryStageWindow   - Scaled scene size:    1491.0 x 947.0
00:48:57.902 [JavaFX Application Thread] DEBUG PrimaryStageWindow   - Scaled ratio: (0.931875, 0.947)
00:48:57.903 [JavaFX Application Thread] DEBUG PrimaryStageWindow   - Set initial scene to FXGLStartupScene
00:48:57.906 [JavaFX Application Thread] DEBUG PrimaryStageWindow   - Opening main window
00:48:57.950 [JavaFX Application Thread] DEBUG PrimaryStageWindow   - Window border size: (2.641845703125, 26.63995361328125)
00:48:57.950 [JavaFX Application Thread] DEBUG PrimaryStageWindow   - Scaled size: 1491.0 x 947.0
00:48:57.950 [JavaFX Application Thread] DEBUG PrimaryStageWindow   - Scaled ratio: (0.931875, 0.947)
00:48:57.950 [JavaFX Application Thread] DEBUG PrimaryStageWindow   - Scene size: 1491.0 x 947.0
00:48:57.950 [JavaFX Application Thread] DEBUG PrimaryStageWindow   - Stage size: 1493.641845703125 x 973.6399536132812
00:48:57.959 [FXGL Background Thread 1 ] DEBUG Engine               - Initializing environment variables
00:48:58.051 [FXGL Background Thread 1 ] DEBUG FXGLAssetLoaderServi - User app class for loading assets: class App.Game.GameApp
00:48:58.052 [FXGL Background Thread 1 ] DEBUG GameApplicationServi - Applying CSS: fxgl_dark.css
00:48:58.052 [FXGL Background Thread 1 ] DEBUG FXGLAssetLoaderServi - Loading from file system: jar:file:///home/avrann/.m2/repository/com/github/almasb/fxgl/17.3/fxgl-17.3.jar!/fxglassets/ui/css/fxgl_dark.css
00:48:58.098 [FXGL Background Thread 1 ] DEBUG GameApplicationServi - Initializing application scenes
00:48:58.144 [FXGL Background Thread 1 ] DEBUG GameWorld            - Game world initialized
00:48:58.224 [FXGL Background Thread 1 ] DEBUG PhysicsWorld         - Physics world initialized: appHeight=1000, physics.ppm=50.0
00:48:58.225 [FXGL Background Thread 1 ] DEBUG PhysicsWorld         - Using strategy: BRUTE_FORCE
00:48:58.230 [FXGL Background Thread 1 ] DEBUG GameScene            - Game scene initialized: 1600x1000
00:48:58.239 [FXGL Background Thread 1 ] DEBUG FXGL.DefaultMenu     - createMenuBodyGameMenu()
00:48:58.248 [FXGL Background Thread 1 ] DEBUG FXGL.DefaultMenu     - createOptionsMenu()
00:48:58.255 [FXGL Background Thread 1 ] DEBUG FXGLAssetLoaderServi - Loading from file system: jar:file:///home/avrann/.m2/repository/com/github/almasb/fxgl/17.3/fxgl-17.3.jar!/fxglassets/textures/particles/smoke.png
00:48:58.348 [FXGL Background Thread 1 ] DEBUG FXGLAssetLoaderServi - Loading from file system: jar:file:///home/avrann/.m2/repository/com/github/almasb/fxgl/17.3/fxgl-17.3.jar!/fxglassets/textures/particles/trace_horizontal.png
00:48:58.389 [FXGL Background Thread 1 ] DEBUG GameApplicationServi - Application scenes initialized
00:48:58.402 [FXGL Background Thread 1 ] DEBUG SystemBundleService  - Loading FXGL system data
00:48:58.406 [FXGL Background Thread 1 ] DEBUG FileSystemAccess     - Reading from: /home/avrann/Escritorio/Repo Proyecto DPOO/jorge.carrillo-Proyecto-POO-2025/system/fxgl.bundle
00:48:58.417 [FXGL Background Thread 1 ] DEBUG SystemBundleService  - Bundle FXGL: {}
00:48:58.417 [FXGL Background Thread 1 ] DEBUG UpdaterService       - Checking for updates
00:48:58.441 [FXGL Background Thread 4 ] DEBUG FXGLApplication      - Loading fonts
00:48:58.442 [FXGL Background Thread 4 ] DEBUG FXGLAssetLoaderServi - Loading from file system: jar:file:///home/avrann/.m2/repository/com/github/almasb/fxgl/17.3/fxgl-17.3.jar!/fxglassets/ui/fonts/VarelaRound-Regular.ttf
00:48:58.444 [FXGL Background Thread 1 ] DEBUG FXGLApplication      - Loading default localization
00:48:58.444 [FXGL Background Thread 1 ] DEBUG FXGLAssetLoaderServi - Loading from file system: jar:file:///home/avrann/.m2/repository/com/github/almasb/fxgl/17.3/fxgl-17.3.jar!/fxglassets/languages/english.lang
00:48:58.448 [FXGL Background Thread 4 ] DEBUG FXGLAssetLoaderServi - Loading from file system: jar:file:///home/avrann/.m2/repository/com/github/almasb/fxgl/17.3/fxgl-17.3.jar!/fxglassets/ui/fonts/Abel-Regular.ttf
00:48:58.449 [FXGL Background Thread 4 ] DEBUG FXGLAssetLoaderServi - Loading from file system: jar:file:///home/avrann/.m2/repository/com/github/almasb/fxgl/17.3/fxgl-17.3.jar!/fxglassets/ui/fonts/TerminalLandMono-Regular.otf
00:48:58.450 [FXGL Background Thread 4 ] DEBUG FXGLAssetLoaderServi - Loading from file system: jar:file:///home/avrann/.m2/repository/com/github/almasb/fxgl/17.3/fxgl-17.3.jar!/fxglassets/ui/fonts/Courier-Prime.ttf
00:48:58.455 [JavaFX Application Thread] DEBUG FXGLApplication      - Registering font factories with UI factory
00:48:58.459 [FXGL Background Thread 1 ] INFO  FXGLApplication      - FXGL initialization took: 0.500 sec
00:48:58.460 [JavaFX Application Thread] DEBUG FXGLAssetLoaderServi - Loading from file system: jar:file:///home/avrann/.m2/repository/com/github/almasb/fxgl/17.3/fxgl-17.3.jar!/fxglassets/textures/fxgl_icon.png
00:48:58.483 [JavaFX Application Thread] DEBUG FXGLAssetLoaderServi - Loading from file system: jar:file:///home/avrann/.m2/repository/com/github/almasb/fxgl/17.3/fxgl-17.3.jar!/fxglassets/textures/fxgl_default_cursor.png
00:48:58.503 [JavaFX Application Thread] DEBUG Input                - Registered new binding: Screenshot - CTRL+8
00:48:58.503 [JavaFX Application Thread] DEBUG Input                - Registered new binding: Dev Options - 1
00:48:58.504 [JavaFX Application Thread] DEBUG Input                - Registered new binding: Dev Console - 2
00:48:58.504 [JavaFX Application Thread] DEBUG Input                - Registered new binding: System info dump - CTRL+9
00:48:58.504 [JavaFX Application Thread] DEBUG Input                - Registered new binding: Restart - CTRL+R
00:48:58.505 [JavaFX Application Thread] DEBUG Input                - Registered new binding: Toggle Debug Camera - CTRL+7
00:48:58.507 [JavaFX Application Thread] DEBUG LoopRunner           - Starting loop
00:48:58.516 [JavaFX Application Thread] DEBUG LoopRunner           - Initializing JavaFX AnimationTimerLoop
00:48:58.516 [JavaFX Application Thread] DEBUG GameApplicationServi - Starting new game
00:48:58.517 [JavaFX Application Thread] DEBUG Input                - Clearing active input actions
00:48:58.528 [JavaFX Application Thread] DEBUG GameApplicationServi - Removing overlay from FXGLStartupScene and adding to FXGLLoadingScene
00:48:58.531 [JavaFX Application Thread] DEBUG PrimaryStageWindow   - FXGLStartupScene -> FXGLLoadingScene
00:48:58.531 [JavaFX Application Thread] DEBUG GameApplicationServi - Clearing previous game
00:48:58.531 [JavaFX Application Thread] DEBUG GameScene            - Clearing game scene
00:48:58.531 [JavaFX Application Thread] DEBUG GameWorld            - Clearing game world
00:48:58.531 [JavaFX Application Thread] DEBUG PhysicsWorld         - Clearing physics world
00:48:58.532 [FXGL Background Thread 1 ] DEBUG FXGLApplication      - Initializing game
00:48:58.828 [FXGL Background Thread 1 ] DEBUG FXGLAssetLoaderServi - Loading from file system: file:/home/avrann/Escritorio/Repo%20Proyecto%20DPOO/jorge.carrillo-Proyecto-POO-2025/target/classes/assets/music/loading.wav
00:48:58.938 [FXGL Background Thread 1 ] DEBUG AudioPlayer          - Playing music com.almasb.fxgl.audio.Music@378462f3
00:48:59.017 [FXGL Background Thread 1 ] DEBUG TMXLevelLoader       - Parsed TiledMap: file:/home/avrann/Escritorio/Repo%20Proyecto%20DPOO/jorge.carrillo-Proyecto-POO-2025/target/classes/assets/levels/level_01.tmx
00:48:59.020 [FXGL Background Thread 1 ] DEBUG TMXLevelLoader       - Creating tile layer entities
00:48:59.021 [FXGL Background Thread 1 ] DEBUG TilesetLoader        - Loading view for layer Capa de patrones 1
00:48:59.023 [FXGL Background Thread 1 ] DEBUG TilesetLoader        - Created buffer with size 2000.0x1500.0
00:48:59.091 [FXGL Background Thread 1 ] WARN  TilesetLoader        - Diagonally flipped tiles are not currently supported
00:48:59.094 [FXGL Background Thread 1 ] WARN  TilesetLoader        - Diagonally flipped tiles are not currently supported
00:48:59.096 [FXGL Background Thread 1 ] WARN  TilesetLoader        - Diagonally flipped tiles are not currently supported
00:48:59.097 [FXGL Background Thread 1 ] WARN  TilesetLoader        - Diagonally flipped tiles are not currently supported
00:48:59.100 [FXGL Background Thread 1 ] WARN  TilesetLoader        - Diagonally flipped tiles are not currently supported
00:48:59.106 [FXGL Background Thread 1 ] WARN  TilesetLoader        - Diagonally flipped tiles are not currently supported
00:48:59.106 [FXGL Background Thread 1 ] WARN  TilesetLoader        - Diagonally flipped tiles are not currently supported
00:48:59.108 [FXGL Background Thread 1 ] WARN  TilesetLoader        - Diagonally flipped tiles are not currently supported
00:48:59.109 [FXGL Background Thread 1 ] WARN  TilesetLoader        - Diagonally flipped tiles are not currently supported
00:48:59.112 [FXGL Background Thread 1 ] WARN  TilesetLoader        - Diagonally flipped tiles are not currently supported
00:48:59.114 [FXGL Background Thread 1 ] WARN  TilesetLoader        - Diagonally flipped tiles are not currently supported
00:48:59.116 [FXGL Background Thread 1 ] DEBUG TilesetLoader        - Loading view for layer Capa de Decoracion
00:48:59.116 [FXGL Background Thread 1 ] DEBUG TilesetLoader        - Created buffer with size 2000.0x1500.0
00:48:59.160 [FXGL Background Thread 1 ] WARN  TilesetLoader        - Diagonally flipped tiles are not currently supported
00:48:59.161 [FXGL Background Thread 1 ] WARN  TilesetLoader        - Diagonally flipped tiles are not currently supported
00:48:59.163 [FXGL Background Thread 1 ] WARN  TilesetLoader        - Diagonally flipped tiles are not currently supported
00:48:59.164 [FXGL Background Thread 1 ] WARN  TilesetLoader        - Diagonally flipped tiles are not currently supported
00:48:59.191 [FXGL Background Thread 1 ] DEBUG TMXLevelLoader       - Creating object layer entities
00:48:59.236 [FXGL Background Thread 1 ] DEBUG GameWorld            - Clearing removable entities
00:48:59.297 [FXGL Background Thread 1 ] DEBUG GameWorld            - Setting level: com.almasb.fxgl.entity.level.Level@6362f5e1
00:48:59.311 [FXGL Background Thread 1 ] DEBUG FXGLAssetLoaderServi - Loading from file system: file:/home/avrann/Escritorio/Repo%20Proyecto%20DPOO/jorge.carrillo-Proyecto-POO-2025/target/classes/assets/textures/droidatack_basic.png
00:48:59.314 [FXGL Background Thread 1 ] DEBUG FXGLAssetLoaderServi - Loading from file system: file:/home/avrann/Escritorio/Repo%20Proyecto%20DPOO/jorge.carrillo-Proyecto-POO-2025/target/classes/assets/textures/droididle.png
00:48:59.316 [FXGL Background Thread 1 ] WARN  FXGLAssetLoaderServi - Asset "/assets/textures/droidcaminando.png" was not found!
00:48:59.316 [FXGL Background Thread 1 ] WARN  FXGLAssetLoaderServi - Failed to load IMAGE
00:48:59.328 [FXGL Background Thread 1 ] WARN  FXGLAssetLoaderServi - Asset "/assets/textures/droidadelante.png" was not found!
00:48:59.329 [FXGL Background Thread 1 ] WARN  FXGLAssetLoaderServi - Failed to load IMAGE
00:48:59.329 [FXGL Background Thread 1 ] WARN  FXGLAssetLoaderServi - Asset "/assets/textures/droidatras.png" was not found!
00:48:59.329 [FXGL Background Thread 1 ] WARN  FXGLAssetLoaderServi - Failed to load IMAGE
00:48:59.329 [FXGL Background Thread 1 ] DEBUG FXGLAssetLoaderServi - Loading from file system: file:/home/avrann/Escritorio/Repo%20Proyecto%20DPOO/jorge.carrillo-Proyecto-POO-2025/target/classes/assets/textures/droiddeat.png
00:48:59.339 [FXGL Background Thread 1 ] WARN  GameWorld            - Entity is already attached to world
00:48:59.340 [FXGL Background Thread 1 ] DEBUG FXGLAssetLoaderServi - Loading from file system: file:/home/avrann/Escritorio/Repo%20Proyecto%20DPOO/jorge.carrillo-Proyecto-POO-2025/target/classes/assets/textures/droid2atack_basic.png
00:48:59.342 [FXGL Background Thread 1 ] DEBUG FXGLAssetLoaderServi - Loading from file system: file:/home/avrann/Escritorio/Repo%20Proyecto%20DPOO/jorge.carrillo-Proyecto-POO-2025/target/classes/assets/textures/droid2idle.png
00:48:59.344 [FXGL Background Thread 1 ] WARN  FXGLAssetLoaderServi - Asset "/assets/textures/droid2caminando.png" was not found!
00:48:59.344 [FXGL Background Thread 1 ] WARN  FXGLAssetLoaderServi - Failed to load IMAGE
00:48:59.345 [FXGL Background Thread 1 ] WARN  FXGLAssetLoaderServi - Asset "/assets/textures/droid2adelante.png" was not found!
00:48:59.345 [FXGL Background Thread 1 ] WARN  FXGLAssetLoaderServi - Failed to load IMAGE
00:48:59.345 [FXGL Background Thread 1 ] WARN  FXGLAssetLoaderServi - Asset "/assets/textures/droid2atras.png" was not found!
00:48:59.345 [FXGL Background Thread 1 ] WARN  FXGLAssetLoaderServi - Failed to load IMAGE
00:48:59.345 [FXGL Background Thread 1 ] DEBUG FXGLAssetLoaderServi - Loading from file system: file:/home/avrann/Escritorio/Repo%20Proyecto%20DPOO/jorge.carrillo-Proyecto-POO-2025/target/classes/assets/textures/droid2deat.png
00:48:59.347 [FXGL Background Thread 1 ] WARN  GameWorld            - Entity is already attached to world
00:48:59.348 [FXGL Background Thread 1 ] DEBUG FXGLAssetLoaderServi - Loading from file system: file:/home/avrann/Escritorio/Repo%20Proyecto%20DPOO/jorge.carrillo-Proyecto-POO-2025/target/classes/assets/textures/cyborgatack_basic.png
00:48:59.351 [FXGL Background Thread 1 ] DEBUG FXGLAssetLoaderServi - Loading from file system: file:/home/avrann/Escritorio/Repo%20Proyecto%20DPOO/jorge.carrillo-Proyecto-POO-2025/target/classes/assets/textures/cyborgidle.png
00:48:59.353 [FXGL Background Thread 1 ] DEBUG FXGLAssetLoaderServi - Loading from file system: file:/home/avrann/Escritorio/Repo%20Proyecto%20DPOO/jorge.carrillo-Proyecto-POO-2025/target/classes/assets/textures/cyborgcaminando.png
00:48:59.361 [FXGL Background Thread 1 ] DEBUG FXGLAssetLoaderServi - Loading from file system: file:/home/avrann/Escritorio/Repo%20Proyecto%20DPOO/jorge.carrillo-Proyecto-POO-2025/target/classes/assets/textures/cyborgadelante.png
00:48:59.364 [FXGL Background Thread 1 ] DEBUG FXGLAssetLoaderServi - Loading from file system: file:/home/avrann/Escritorio/Repo%20Proyecto%20DPOO/jorge.carrillo-Proyecto-POO-2025/target/classes/assets/textures/cyborgatras.png
00:48:59.367 [FXGL Background Thread 1 ] DEBUG FXGLAssetLoaderServi - Loading from file system: file:/home/avrann/Escritorio/Repo%20Proyecto%20DPOO/jorge.carrillo-Proyecto-POO-2025/target/classes/assets/textures/cyborgdeat.png
00:48:59.369 [FXGL Background Thread 1 ] WARN  GameWorld            - Entity is already attached to world
00:48:59.370 [FXGL Background Thread 1 ] DEBUG FXGLAssetLoaderServi - Loading from file system: file:/home/avrann/Escritorio/Repo%20Proyecto%20DPOO/jorge.carrillo-Proyecto-POO-2025/target/classes/assets/textures/lifeitem.png
00:48:59.372 [FXGL Background Thread 1 ] WARN  GameWorld            - Entity is already attached to world
00:48:59.373 [FXGL Background Thread 1 ] WARN  GameWorld            - Entity is already attached to world
00:48:59.373 [FXGL Background Thread 1 ] DEBUG FXGLAssetLoaderServi - Loading from file system: file:/home/avrann/Escritorio/Repo%20Proyecto%20DPOO/jorge.carrillo-Proyecto-POO-2025/target/classes/assets/textures/atackitem.png
00:48:59.377 [FXGL Background Thread 1 ] WARN  GameWorld            - Entity is already attached to world
00:48:59.377 [FXGL Background Thread 1 ] DEBUG Input                - Registered new binding: Mover Arriba - W
00:48:59.377 [FXGL Background Thread 1 ] DEBUG Input                - Registered new binding: Mover Abajo - S
00:48:59.378 [FXGL Background Thread 1 ] DEBUG Input                - Registered new binding: Mover Izquierda - A
00:48:59.378 [FXGL Background Thread 1 ] DEBUG Input                - Registered new binding: Mover Derecha - D
00:48:59.381 [FXGL Background Thread 1 ] DEBUG FXGLAssetLoaderServi - Loading from file system: file:/home/avrann/Escritorio/Repo%20Proyecto%20DPOO/jorge.carrillo-Proyecto-POO-2025/target/classes/assets/textures/statBar.png
00:48:59.383 [FXGL Background Thread 1 ] DEBUG FXGLAssetLoaderServi - Loading from file system: file:/home/avrann/Escritorio/Repo%20Proyecto%20DPOO/jorge.carrillo-Proyecto-POO-2025/target/classes/assets/textures/statAtackBar.png
00:48:59.398 [FXGL Background Thread 1 ] DEBUG FXGLAssetLoaderServi - Loading from file system: file:/home/avrann/Escritorio/Repo%20Proyecto%20DPOO/jorge.carrillo-Proyecto-POO-2025/target/classes/assets/textures/barra_enemigo.png
00:48:59.406 [FXGL Background Thread 1 ] DEBUG FXGLAssetLoaderServi - Loading from file system: file:/home/avrann/Escritorio/Repo%20Proyecto%20DPOO/jorge.carrillo-Proyecto-POO-2025/target/classes/assets/textures/life_point_enemi.png
00:48:59.407 [FXGL Background Thread 1 ] DEBUG FXGLAssetLoaderServi - Loading from file system: file:/home/avrann/Escritorio/Repo%20Proyecto%20DPOO/jorge.carrillo-Proyecto-POO-2025/target/classes/assets/textures/life_bar.png
00:48:59.421 [FXGL Background Thread 1 ] DEBUG FXGLAssetLoaderServi - Loading from file system: file:/home/avrann/Escritorio/Repo%20Proyecto%20DPOO/jorge.carrillo-Proyecto-POO-2025/target/classes/assets/textures/life_point.png
00:48:59.423 [FXGL Background Thread 1 ] DEBUG FXGLAssetLoaderServi - Loading from file system: file:/home/avrann/Escritorio/Repo%20Proyecto%20DPOO/jorge.carrillo-Proyecto-POO-2025/target/classes/assets/textures/button_atacck.png
00:48:59.424 [FXGL Background Thread 1 ] DEBUG FXGLAssetLoaderServi - Loading from file system: file:/home/avrann/Escritorio/Repo%20Proyecto%20DPOO/jorge.carrillo-Proyecto-POO-2025/target/classes/assets/textures/combat_panel.png
00:48:59.449 [FXGL Background Thread 1 ] INFO  FXGLApplication      - Game initialization took: 0.917 sec
00:48:59.454 [JavaFX Application Thread] DEBUG Input                - Clearing active input actions
00:48:59.482 [JavaFX Application Thread] DEBUG GameApplicationServi - Removing overlay from FXGLLoadingScene and adding to GameScene
00:48:59.490 [JavaFX Application Thread] DEBUG PrimaryStageWindow   - FXGLLoadingScene -> GameScene
00:48:59.742 [FXGL Background Thread 2 ] INFO  UpdaterService       - Your current version:  17.3
00:48:59.743 [FXGL Background Thread 2 ] INFO  UpdaterService       - Latest stable version: 21.1
00:49:01.435 [FXGL Background Thread 3 ] DEBUG Engine               - Logging environment variables
00:49:01.436 [FXGL Background Thread 3 ] DEBUG Engine               - achievements: []
00:49:01.436 [FXGL Background Thread 3 ] DEBUG Engine               - actualHeight: 921.5453491210938
00:49:01.436 [FXGL Background Thread 3 ] DEBUG Engine               - actualHeightProperty: ReadOnlyDoubleProperty [value: 949.7272338867188]
00:49:01.436 [FXGL Background Thread 3 ] DEBUG Engine               - actualWidth: 1489.1817626953125
00:49:01.437 [FXGL Background Thread 3 ] DEBUG Engine               - actualWidthProperty: ReadOnlyDoubleProperty [value: 1489.1817626953125]
00:49:01.437 [FXGL Background Thread 3 ] DEBUG Engine               - appIcon: fxgl_icon.png
00:49:01.437 [FXGL Background Thread 3 ] DEBUG Engine               - applicationMode: DEVELOPER
00:49:01.437 [FXGL Background Thread 3 ] DEBUG Engine               - cSSList: [fxgl_dark.css]
00:49:01.437 [FXGL Background Thread 3 ] DEBUG Engine               - collisionDetectionStrategy: BRUTE_FORCE
00:49:01.437 [FXGL Background Thread 3 ] DEBUG Engine               - configClass: Optional.empty
00:49:01.437 [FXGL Background Thread 3 ] DEBUG Engine               - credits: []
00:49:01.438 [FXGL Background Thread 3 ] DEBUG Engine               - defaultCursor: CursorInfo(imageName=fxgl_default_cursor.png, hotspotX=7.0, hotspotY=6.0)
00:49:01.438 [FXGL Background Thread 3 ] DEBUG Engine               - devBBoxColorProperty: ObjectProperty [value: 0xff0000ff]
00:49:01.438 [FXGL Background Thread 3 ] DEBUG Engine               - devEnableDebugCameraProperty: BooleanProperty [value: false]
00:49:01.438 [FXGL Background Thread 3 ] DEBUG Engine               - devSensorColorProperty: ObjectProperty [value: 0xffff00ff]
00:49:01.438 [FXGL Background Thread 3 ] DEBUG Engine               - devShowBBoxProperty: BooleanProperty [value: false]
00:49:01.438 [FXGL Background Thread 3 ] DEBUG Engine               - devShowPositionProperty: BooleanProperty [value: false]
00:49:01.438 [FXGL Background Thread 3 ] DEBUG Engine               - enabledMenuItems: []
00:49:01.438 [FXGL Background Thread 3 ] DEBUG Engine               - engineServices: [class com.almasb.fxgl.app.services.FXGLAssetLoaderService, class com.almasb.fxgl.app.FXGLApplication$GameApplicationService, class com.almasb.fxgl.app.services.FXGLDialogService, class com.almasb.fxgl.app.services.IOTaskExecutorService, class com.almasb.fxgl.io.FileSystemService, class com.almasb.fxgl.localization.LocalizationService, class com.almasb.fxgl.app.services.SystemBundleService, class com.almasb.fxgl.profile.SaveLoadService, class com.almasb.fxgl.ui.FXGLUIFactoryServiceProvider, class com.almasb.fxgl.ui.FXGLDialogFactoryServiceProvider, class com.almasb.fxgl.audio.AudioPlayer, class com.almasb.fxgl.notification.impl.NotificationServiceProvider, class com.almasb.fxgl.achievement.AchievementService, class com.almasb.fxgl.cutscene.CutsceneService, class com.almasb.fxgl.minigames.MiniGameService, class com.almasb.fxgl.net.NetService, class com.almasb.fxgl.app.services.UpdaterService, class com.almasb.fxgl.dev.DevService]
00:49:01.438 [FXGL Background Thread 3 ] DEBUG Engine               - fontGame: Abel-Regular.ttf
00:49:01.438 [FXGL Background Thread 3 ] DEBUG Engine               - fontMono: TerminalLandMono-Regular.otf
00:49:01.438 [FXGL Background Thread 3 ] DEBUG Engine               - fontSizeScaleUI: 1.0
00:49:01.438 [FXGL Background Thread 3 ] DEBUG Engine               - fontText: Courier-Prime.ttf
00:49:01.438 [FXGL Background Thread 3 ] DEBUG Engine               - fontUI: VarelaRound-Regular.ttf
00:49:01.439 [FXGL Background Thread 3 ] DEBUG Engine               - fullScreen: BooleanProperty [value: false]
00:49:01.439 [FXGL Background Thread 3 ] DEBUG Engine               - gameDifficulty: MEDIUM
00:49:01.439 [FXGL Background Thread 3 ] DEBUG Engine               - gameDifficultyProperty: ObjectProperty [value: MEDIUM]
00:49:01.439 [FXGL Background Thread 3 ] DEBUG Engine               - globalMusicVolume: 0.5
00:49:01.439 [FXGL Background Thread 3 ] DEBUG Engine               - globalMusicVolumeProperty: DoubleProperty [value: 0.5]
00:49:01.439 [FXGL Background Thread 3 ] DEBUG Engine               - globalSoundVolume: 0.5
00:49:01.439 [FXGL Background Thread 3 ] DEBUG Engine               - globalSoundVolumeProperty: DoubleProperty [value: 0.5]
00:49:01.439 [FXGL Background Thread 3 ] DEBUG Engine               - height: 1000
00:49:01.439 [FXGL Background Thread 3 ] DEBUG Engine               - is3D: false
00:49:01.439 [FXGL Background Thread 3 ] DEBUG Engine               - isAndroid: false
00:49:01.439 [FXGL Background Thread 3 ] DEBUG Engine               - isBrowser: false
00:49:01.439 [FXGL Background Thread 3 ] DEBUG Engine               - isClickFeedbackEnabled: false
00:49:01.439 [FXGL Background Thread 3 ] DEBUG Engine               - isCloseConfirmation: false
00:49:01.439 [FXGL Background Thread 3 ] DEBUG Engine               - isDesktop: true
00:49:01.439 [FXGL Background Thread 3 ] DEBUG Engine               - isDeveloperMenuEnabled: true
00:49:01.439 [FXGL Background Thread 3 ] DEBUG Engine               - isEmbedded: false
00:49:01.439 [FXGL Background Thread 3 ] DEBUG Engine               - isEntityPreloadEnabled: true
00:49:01.440 [FXGL Background Thread 3 ] DEBUG Engine               - isExperimentalTiledLargeMap: false
00:49:01.440 [FXGL Background Thread 3 ] DEBUG Engine               - isFileSystemWriteAllowed: true
00:49:01.440 [FXGL Background Thread 3 ] DEBUG Engine               - isFullScreenAllowed: false
00:49:01.440 [FXGL Background Thread 3 ] DEBUG Engine               - isFullScreenFromStart: false
00:49:01.440 [FXGL Background Thread 3 ] DEBUG Engine               - isGameMenuEnabled: true
00:49:01.440 [FXGL Background Thread 3 ] DEBUG Engine               - isIOS: false
00:49:01.440 [FXGL Background Thread 3 ] DEBUG Engine               - isIntroEnabled: false
00:49:01.440 [FXGL Background Thread 3 ] DEBUG Engine               - isLinux: true
00:49:01.440 [FXGL Background Thread 3 ] DEBUG Engine               - isMac: false
00:49:01.440 [FXGL Background Thread 3 ] DEBUG Engine               - isMainMenuEnabled: false
00:49:01.440 [FXGL Background Thread 3 ] DEBUG Engine               - isManualResizeEnabled: false
00:49:01.440 [FXGL Background Thread 3 ] DEBUG Engine               - isMobile: false
00:49:01.441 [FXGL Background Thread 3 ] DEBUG Engine               - isNative: false
00:49:01.441 [FXGL Background Thread 3 ] DEBUG Engine               - isPauseMusicWhenMinimized: true
00:49:01.441 [FXGL Background Thread 3 ] DEBUG Engine               - isPreserveResizeRatio: false
00:49:01.442 [FXGL Background Thread 3 ] DEBUG Engine               - isProfilingEnabled: false
00:49:01.442 [FXGL Background Thread 3 ] DEBUG Engine               - isScaleAffectedOnResize: true
00:49:01.442 [FXGL Background Thread 3 ] DEBUG Engine               - isSingleStep: false
00:49:01.442 [FXGL Background Thread 3 ] DEBUG Engine               - isUserProfileEnabled: false
00:49:01.442 [FXGL Background Thread 3 ] DEBUG Engine               - isWindows: false
00:49:01.442 [FXGL Background Thread 3 ] DEBUG Engine               - language: ObjectProperty [value: ENGLISH]
00:49:01.442 [FXGL Background Thread 3 ] DEBUG Engine               - menuKey: ESCAPE
00:49:01.442 [FXGL Background Thread 3 ] DEBUG Engine               - mouseSensitivity: 0.2
00:49:01.442 [FXGL Background Thread 3 ] DEBUG Engine               - notificationViewClass: class com.almasb.fxgl.notification.view.XboxNotificationView
00:49:01.442 [FXGL Background Thread 3 ] DEBUG Engine               - pixelsPerMeter: 50.0
00:49:01.442 [FXGL Background Thread 3 ] DEBUG Engine               - platform: LINUX
00:49:01.442 [FXGL Background Thread 3 ] DEBUG Engine               - prefHeightProperty: ReadOnlyDoubleProperty [value: 1000.0]
00:49:01.442 [FXGL Background Thread 3 ] DEBUG Engine               - prefWidthProperty: ReadOnlyDoubleProperty [value: 1600.0]
00:49:01.442 [FXGL Background Thread 3 ] DEBUG Engine               - profileDir: profiles/
00:49:01.442 [FXGL Background Thread 3 ] DEBUG Engine               - profileName: StringProperty [value: DEFAULT]
00:49:01.443 [FXGL Background Thread 3 ] DEBUG Engine               - randomSeed: -1
00:49:01.443 [FXGL Background Thread 3 ] DEBUG Engine               - runtimeInfo: RuntimeInfo(platform=LINUX, version=17.3, build=30.03.2023 11.49)
00:49:01.444 [FXGL Background Thread 3 ] DEBUG Engine               - saveFileExt: sav
00:49:01.444 [FXGL Background Thread 3 ] DEBUG Engine               - scaledHeightProp$fxgl: DoubleProperty [bound, value: 949.7272338867188]
00:49:01.444 [FXGL Background Thread 3 ] DEBUG Engine               - scaledWidthProp$fxgl: DoubleProperty [bound, value: 1489.1817626953125]
00:49:01.444 [FXGL Background Thread 3 ] DEBUG Engine               - sceneFactory: com.almasb.fxgl.app.scene.SceneFactory@3a0ed0fa
00:49:01.444 [FXGL Background Thread 3 ] DEBUG Engine               - secondsIn24h: 60
00:49:01.444 [FXGL Background Thread 3 ] DEBUG Engine               - soundMenuBack: menu/back.wav
00:49:01.444 [FXGL Background Thread 3 ] DEBUG Engine               - soundMenuPress: menu/press.wav
00:49:01.444 [FXGL Background Thread 3 ] DEBUG Engine               - soundMenuSelect: menu/select.wav
00:49:01.444 [FXGL Background Thread 3 ] DEBUG Engine               - soundNotification: core/notification.wav
00:49:01.444 [FXGL Background Thread 3 ] DEBUG Engine               - stageStyle: DECORATED
00:49:01.444 [FXGL Background Thread 3 ] DEBUG Engine               - supportedLanguages: [ENGLISH, FRENCH, GERMAN, HUNGARIAN, RUSSIAN]
00:49:01.444 [FXGL Background Thread 3 ] DEBUG Engine               - ticksPerSecond: -1
00:49:01.444 [FXGL Background Thread 3 ] DEBUG Engine               - title: Pruebas en FXGL
00:49:01.444 [FXGL Background Thread 3 ] DEBUG Engine               - urlGithub: https://github.com/AlmasB/FXGL
00:49:01.444 [FXGL Background Thread 3 ] DEBUG Engine               - urlLeaderboard: http://fxgl-top.herokuapp.com/
00:49:01.444 [FXGL Background Thread 3 ] DEBUG Engine               - urlPOM: https://raw.githubusercontent.com/AlmasB/FXGL/release/README.md
00:49:01.445 [FXGL Background Thread 3 ] DEBUG Engine               - userAppClass: class App.Game.GameApp
00:49:01.445 [FXGL Background Thread 3 ] DEBUG Engine               - version: 0.0
00:49:01.445 [FXGL Background Thread 3 ] DEBUG Engine               - versionCheckDays: 7
00:49:01.445 [FXGL Background Thread 3 ] DEBUG Engine               - width: 1600
00:49:01.445 [FXGL Background Thread 3 ] DEBUG Engine               - Logging services
00:49:01.445 [FXGL Background Thread 3 ] DEBUG Engine               - class com.almasb.fxgl.app.services.FXGLAssetLoaderService
00:49:01.445 [FXGL Background Thread 3 ] DEBUG Engine               - class com.almasb.fxgl.app.FXGLApplication$GameApplicationService
00:49:01.445 [FXGL Background Thread 3 ] DEBUG Engine               - class com.almasb.fxgl.app.services.FXGLDialogService
00:49:01.445 [FXGL Background Thread 3 ] DEBUG Engine               - class com.almasb.fxgl.app.services.IOTaskExecutorService
00:49:01.445 [FXGL Background Thread 3 ] DEBUG Engine               - class com.almasb.fxgl.io.FileSystemService
00:49:01.445 [FXGL Background Thread 3 ] DEBUG Engine               - class com.almasb.fxgl.localization.LocalizationService
00:49:01.445 [FXGL Background Thread 3 ] DEBUG Engine               - class com.almasb.fxgl.app.services.SystemBundleService
00:49:01.445 [FXGL Background Thread 3 ] DEBUG Engine               - class com.almasb.fxgl.profile.SaveLoadService
00:49:01.445 [FXGL Background Thread 3 ] DEBUG Engine               - class com.almasb.fxgl.ui.FXGLUIFactoryServiceProvider
00:49:01.445 [FXGL Background Thread 3 ] DEBUG Engine               - class com.almasb.fxgl.ui.FXGLDialogFactoryServiceProvider
00:49:01.445 [FXGL Background Thread 3 ] DEBUG Engine               - class com.almasb.fxgl.audio.AudioPlayer
00:49:01.445 [FXGL Background Thread 3 ] DEBUG Engine               - class com.almasb.fxgl.notification.impl.NotificationServiceProvider
00:49:01.445 [FXGL Background Thread 3 ] DEBUG Engine               - class com.almasb.fxgl.achievement.AchievementService
00:49:01.446 [FXGL Background Thread 3 ] DEBUG Engine               - class com.almasb.fxgl.cutscene.CutsceneService
00:49:01.446 [FXGL Background Thread 3 ] DEBUG Engine               - class com.almasb.fxgl.minigames.MiniGameService
00:49:01.446 [FXGL Background Thread 3 ] DEBUG Engine               - class com.almasb.fxgl.net.NetService
00:49:01.446 [FXGL Background Thread 3 ] DEBUG Engine               - class com.almasb.fxgl.app.services.UpdaterService
00:49:01.446 [FXGL Background Thread 3 ] DEBUG Engine               - class com.almasb.fxgl.dev.DevService
00:49:01.928 [JavaFX Application Thread] DEBUG FXGLAssetLoaderServi - Loading from file system: file:/home/avrann/Escritorio/Repo%20Proyecto%20DPOO/jorge.carrillo-Proyecto-POO-2025/target/classes/assets/sounds/item.wav
00:49:24.435 [JavaFX Application Thread] DEBUG FXGLApplication      - Exiting FXGL
00:49:24.435 [JavaFX Application Thread] DEBUG LoopRunner           - Stopping loop
00:49:24.435 [JavaFX Application Thread] DEBUG SystemBundleService  - Saving FXGL system data
00:49:24.437 [JavaFX Application Thread] DEBUG FileSystemAccess     - Writing to: /home/avrann/Escritorio/Repo Proyecto DPOO/jorge.carrillo-Proyecto-POO-2025/system/fxgl.bundle
00:49:24.438 [JavaFX Application Thread] DEBUG Async                - Shutting down background threads
00:49:24.439 [JavaFX Application Thread] DEBUG PrimaryStageWindow   - Closing main window
00:49:24.442 [JavaFX Application Thread] DEBUG Logger               - Closing Logger
