11:40:48.619 [main                     ] DEBUG Logger               - Configured Logger
11:40:48.642 [main                     ] DEBUG GameApplication      - Logging settings
Title: Eclipsis: el legado de la nave abandonada(BetaVer)
Version: 0.0
Width: 1536
Height: 1024
Fullscreen: false
Intro: false
Profiling: false
Single step:false
App Mode: DEVELOPER
Menu Key: ESCAPE
Stage Style: DECORATED
Scene Factory: class App.Game.GameApp$1

11:40:48.817 [JavaFX Application Thread] DEBUG FXGLApplication      - Initializing FXGL
11:40:48.823 [JavaFX Application Thread] INFO  Engine               - FXGL-17.3 (30.03.2023 11.49) on WINDOWS (J:17.0.12 FX:20)
11:40:48.824 [JavaFX Application Thread] DEBUG Engine               - JRE Vendor Name: Oracle Corporation
11:40:48.825 [JavaFX Application Thread] DEBUG Engine               - Running on OS: Windows 11 version 10.0
11:40:48.825 [JavaFX Application Thread] DEBUG Engine               - Architecture: amd64
11:40:48.825 [JavaFX Application Thread] INFO  Engine               - Source code and latest versions at: https://github.com/AlmasB/FXGL
11:40:48.825 [JavaFX Application Thread] INFO  Engine               -       Ask questions and discuss at: https://github.com/AlmasB/FXGL/discussions
11:40:48.826 [JavaFX Application Thread] INFO  Engine               -              Join the FXGL chat at: https://gitter.im/AlmasB/FXGL
11:40:48.899 [JavaFX Application Thread] DEBUG PrimaryStageWindow   - Creating a JavaFX scene
11:40:48.899 [JavaFX Application Thread] DEBUG PrimaryStageWindow   - Target size > screen size
11:40:49.006 [JavaFX Application Thread] DEBUG PrimaryStageWindow   - Target settings size: 1536.0 x 1024.0
11:40:49.007 [JavaFX Application Thread] DEBUG PrimaryStageWindow   - Scaled scene size:    1343.0 x 912.0
11:40:49.007 [JavaFX Application Thread] DEBUG PrimaryStageWindow   - Scaled ratio: (0.8743489583333334, 0.890625)
11:40:49.008 [JavaFX Application Thread] DEBUG PrimaryStageWindow   - Set initial scene to FXGLStartupScene
11:40:49.011 [JavaFX Application Thread] DEBUG PrimaryStageWindow   - Opening main window
11:40:49.160 [JavaFX Application Thread] DEBUG PrimaryStageWindow   - Window border size: (14.5999755859375, 37.5999755859375)
11:40:49.161 [JavaFX Application Thread] DEBUG PrimaryStageWindow   - Scaled size: 1343.0 x 912.0
11:40:49.161 [JavaFX Application Thread] DEBUG PrimaryStageWindow   - Scaled ratio: (0.8743489583333334, 0.890625)
11:40:49.162 [JavaFX Application Thread] DEBUG PrimaryStageWindow   - Scene size: 1343.0 x 912.0
11:40:49.163 [JavaFX Application Thread] DEBUG PrimaryStageWindow   - Stage size: 1357.5999755859375 x 949.5999755859375
11:40:49.193 [FXGL Background Thread 1 ] DEBUG Engine               - Initializing environment variables
11:40:49.261 [FXGL Background Thread 1 ] DEBUG FXGLAssetLoaderServi - User app class for loading assets: class App.Game.GameApp
11:40:49.262 [FXGL Background Thread 1 ] DEBUG GameApplicationServi - Applying CSS: fxgl_dark.css
11:40:49.265 [FXGL Background Thread 1 ] DEBUG FXGLAssetLoaderServi - Loading from file system: jar:file:///C:/Users/Dannieris/.m2/repository/com/github/almasb/fxgl/17.3/fxgl-17.3.jar!/fxglassets/ui/css/fxgl_dark.css
11:40:49.364 [FXGL Background Thread 1 ] DEBUG GameApplicationServi - Initializing application scenes
11:40:49.429 [FXGL Background Thread 1 ] DEBUG GameWorld            - Game world initialized
11:40:49.511 [FXGL Background Thread 1 ] DEBUG PhysicsWorld         - Physics world initialized: appHeight=1024, physics.ppm=50.0
11:40:49.511 [FXGL Background Thread 1 ] DEBUG PhysicsWorld         - Using strategy: BRUTE_FORCE
11:40:49.515 [FXGL Background Thread 1 ] DEBUG GameScene            - Game scene initialized: 1536x1024
11:40:49.792 [FXGL Background Thread 1 ] DEBUG FXGL.DefaultMenu     - createMenuBodyGameMenu()
11:40:49.801 [FXGL Background Thread 1 ] DEBUG FXGL.DefaultMenu     - createOptionsMenu()
11:40:49.809 [FXGL Background Thread 1 ] DEBUG FXGLAssetLoaderServi - Loading from file system: jar:file:///C:/Users/Dannieris/.m2/repository/com/github/almasb/fxgl/17.3/fxgl-17.3.jar!/fxglassets/textures/particles/smoke.png
11:40:49.894 [FXGL Background Thread 1 ] DEBUG FXGLAssetLoaderServi - Loading from file system: jar:file:///C:/Users/Dannieris/.m2/repository/com/github/almasb/fxgl/17.3/fxgl-17.3.jar!/fxglassets/textures/particles/trace_horizontal.png
11:40:49.922 [FXGL Background Thread 1 ] DEBUG FXGLAssetLoaderServi - Loading from file system: file:/C:/Users/Dannieris/Desktop/ForkProyecto/ForkProyecto/target/classes/assets/music/menu.wav
11:40:50.159 [FXGL Background Thread 1 ] DEBUG AudioPlayer          - Playing music com.almasb.fxgl.audio.Music@71e7eb3f
11:40:50.160 [FXGL Background Thread 1 ] DEBUG AudioPlayer          - Playing music com.almasb.fxgl.audio.Music@71e7eb3f
11:40:50.161 [FXGL Background Thread 1 ] DEBUG FXGLAssetLoaderServi - Loading from file system: file:/C:/Users/Dannieris/Desktop/ForkProyecto/ForkProyecto/target/classes/assets/textures/fondoGameMenu.png
11:40:50.198 [FXGL Background Thread 1 ] DEBUG GameApplicationServi - Application scenes initialized
11:40:50.206 [FXGL Background Thread 1 ] DEBUG SystemBundleService  - Loading FXGL system data
11:40:50.217 [FXGL Background Thread 1 ] DEBUG FileSystemAccess     - Reading from: C:\Users\Dannieris\Desktop\ForkProyecto\ForkProyecto\system\fxgl.bundle
11:40:50.222 [FXGL Background Thread 1 ] DEBUG SystemBundleService  - Bundle FXGL: {}
11:40:50.223 [FXGL Background Thread 1 ] DEBUG UpdaterService       - Checking for updates
11:40:50.260 [FXGL Background Thread 1 ] DEBUG FXGLApplication      - Loading default localization
11:40:50.261 [FXGL Background Thread 1 ] DEBUG FXGLAssetLoaderServi - Loading from file system: jar:file:///C:/Users/Dannieris/.m2/repository/com/github/almasb/fxgl/17.3/fxgl-17.3.jar!/fxglassets/languages/english.lang
11:40:50.283 [FXGL Background Thread 1 ] INFO  FXGLApplication      - FXGL initialization took: 1.089 sec
11:40:50.286 [JavaFX Application Thread] DEBUG FXGLAssetLoaderServi - Loading from file system: jar:file:///C:/Users/Dannieris/.m2/repository/com/github/almasb/fxgl/17.3/fxgl-17.3.jar!/fxglassets/textures/fxgl_icon.png
11:40:50.306 [FXGL Background Thread 4 ] DEBUG FXGLApplication      - Loading fonts
11:40:50.308 [FXGL Background Thread 4 ] DEBUG FXGLAssetLoaderServi - Loading from file system: jar:file:///C:/Users/Dannieris/.m2/repository/com/github/almasb/fxgl/17.3/fxgl-17.3.jar!/fxglassets/ui/fonts/VarelaRound-Regular.ttf
11:40:50.317 [JavaFX Application Thread] DEBUG FXGLAssetLoaderServi - Loading from file system: jar:file:///C:/Users/Dannieris/.m2/repository/com/github/almasb/fxgl/17.3/fxgl-17.3.jar!/fxglassets/textures/fxgl_default_cursor.png
11:40:50.330 [JavaFX Application Thread] DEBUG Input                - Registered new binding: Screenshot - CTRL+8
11:40:50.331 [JavaFX Application Thread] DEBUG Input                - Registered new binding: Dev Options - 1
11:40:50.331 [JavaFX Application Thread] DEBUG Input                - Registered new binding: Dev Console - 2
11:40:50.332 [JavaFX Application Thread] DEBUG Input                - Registered new binding: System info dump - CTRL+9
11:40:50.332 [JavaFX Application Thread] DEBUG Input                - Registered new binding: Restart - CTRL+R
11:40:50.333 [JavaFX Application Thread] DEBUG Input                - Registered new binding: Toggle Debug Camera - CTRL+7
11:40:50.337 [JavaFX Application Thread] DEBUG LoopRunner           - Starting loop
11:40:50.358 [JavaFX Application Thread] DEBUG LoopRunner           - Initializing JavaFX AnimationTimerLoop
11:40:50.362 [JavaFX Application Thread] DEBUG Input                - Clearing active input actions
11:40:50.371 [JavaFX Application Thread] DEBUG GameApplicationServi - Removing overlay from FXGLStartupScene and adding to FXGLMainMenuDummyScene
11:40:50.374 [FXGL Background Thread 4 ] DEBUG FXGLAssetLoaderServi - Loading from file system: jar:file:///C:/Users/Dannieris/.m2/repository/com/github/almasb/fxgl/17.3/fxgl-17.3.jar!/fxglassets/ui/fonts/Abel-Regular.ttf
11:40:50.376 [JavaFX Application Thread] DEBUG PrimaryStageWindow   - FXGLStartupScene -> FXGLMainMenuDummyScene
11:40:50.377 [JavaFX Application Thread] DEBUG PrimaryStageWindow   - Push state: MyMenu
11:40:50.377 [JavaFX Application Thread] DEBUG Input                - Clearing active input actions
11:40:50.386 [FXGL Background Thread 4 ] DEBUG FXGLAssetLoaderServi - Loading from file system: jar:file:///C:/Users/Dannieris/.m2/repository/com/github/almasb/fxgl/17.3/fxgl-17.3.jar!/fxglassets/ui/fonts/TerminalLandMono-Regular.otf
11:40:50.388 [JavaFX Application Thread] DEBUG GameApplicationServi - Removing overlay from FXGLMainMenuDummyScene and adding to MyMenu
11:40:50.389 [JavaFX Application Thread] DEBUG PrimaryStageWindow   - FXGLMainMenuDummyScene -> MyMenu
11:40:50.402 [FXGL Background Thread 4 ] DEBUG FXGLAssetLoaderServi - Loading from file system: jar:file:///C:/Users/Dannieris/.m2/repository/com/github/almasb/fxgl/17.3/fxgl-17.3.jar!/fxglassets/ui/fonts/Courier-Prime.ttf
11:40:50.616 [FXGL Background Thread 2 ] WARN  UpdaterService       - Failed to find updates: java.net.SocketException: Permission denied: connect
11:40:50.692 [JavaFX Application Thread] DEBUG FXGLApplication      - Registering font factories with UI factory
11:40:52.391 [JavaFX Application Thread] DEBUG GameApplicationServi - Starting new game
11:40:52.392 [JavaFX Application Thread] DEBUG PrimaryStageWindow   - Pop state: MyMenu
11:40:52.392 [JavaFX Application Thread] DEBUG Input                - Clearing active input actions
11:40:52.394 [JavaFX Application Thread] DEBUG GameApplicationServi - Removing overlay from MyMenu and adding to FXGLMainMenuDummyScene
11:40:52.396 [JavaFX Application Thread] DEBUG PrimaryStageWindow   - FXGLMainMenuDummyScene <- MyMenu
11:40:52.397 [JavaFX Application Thread] DEBUG Input                - Clearing active input actions
11:40:52.409 [JavaFX Application Thread] DEBUG GameApplicationServi - Removing overlay from FXGLMainMenuDummyScene and adding to FXGLLoadingScene
11:40:52.411 [JavaFX Application Thread] DEBUG PrimaryStageWindow   - FXGLMainMenuDummyScene -> FXGLLoadingScene
11:40:52.411 [JavaFX Application Thread] DEBUG GameApplicationServi - Clearing previous game
11:40:52.411 [JavaFX Application Thread] DEBUG GameScene            - Clearing game scene
11:40:52.411 [JavaFX Application Thread] DEBUG GameWorld            - Clearing game world
11:40:52.412 [JavaFX Application Thread] DEBUG PhysicsWorld         - Clearing physics world
11:40:52.420 [FXGL Background Thread 2 ] DEBUG FXGLApplication      - Initializing game
11:40:52.801 [FXGL Background Thread 2 ] DEBUG AudioPlayer          - Stopping music com.almasb.fxgl.audio.Music@71e7eb3f
11:40:52.844 [FXGL Background Thread 2 ] DEBUG FXGLAssetLoaderServi - Loading from file system: file:/C:/Users/Dannieris/Desktop/ForkProyecto/ForkProyecto/target/classes/assets/music/loading.wav
11:40:52.865 [FXGL Background Thread 2 ] DEBUG AudioPlayer          - Playing music com.almasb.fxgl.audio.Music@349d75a4
11:40:52.935 [FXGL Background Thread 2 ] DEBUG TMXLevelLoader       - Parsed TiledMap: file:/C:/Users/Dannieris/Desktop/ForkProyecto/ForkProyecto/target/classes/assets/levels/level_01.tmx
11:40:52.936 [FXGL Background Thread 2 ] DEBUG TMXLevelLoader       - Creating tile layer entities
11:40:52.938 [FXGL Background Thread 2 ] DEBUG TilesetLoader        - Loading view for layer Capa de patrones 1
11:40:52.951 [FXGL Background Thread 2 ] DEBUG TilesetLoader        - Created buffer with size 2000.0x1500.0
11:40:53.055 [FXGL Background Thread 2 ] WARN  TilesetLoader        - Diagonally flipped tiles are not currently supported
11:40:53.056 [FXGL Background Thread 2 ] WARN  TilesetLoader        - Diagonally flipped tiles are not currently supported
11:40:53.058 [FXGL Background Thread 2 ] WARN  TilesetLoader        - Diagonally flipped tiles are not currently supported
11:40:53.059 [FXGL Background Thread 2 ] WARN  TilesetLoader        - Diagonally flipped tiles are not currently supported
11:40:53.068 [FXGL Background Thread 2 ] WARN  TilesetLoader        - Diagonally flipped tiles are not currently supported
11:40:53.072 [FXGL Background Thread 2 ] WARN  TilesetLoader        - Diagonally flipped tiles are not currently supported
11:40:53.073 [FXGL Background Thread 2 ] WARN  TilesetLoader        - Diagonally flipped tiles are not currently supported
11:40:53.076 [FXGL Background Thread 2 ] WARN  TilesetLoader        - Diagonally flipped tiles are not currently supported
11:40:53.079 [FXGL Background Thread 2 ] WARN  TilesetLoader        - Diagonally flipped tiles are not currently supported
11:40:53.086 [FXGL Background Thread 2 ] WARN  TilesetLoader        - Diagonally flipped tiles are not currently supported
11:40:53.089 [FXGL Background Thread 2 ] WARN  TilesetLoader        - Diagonally flipped tiles are not currently supported
11:40:53.091 [FXGL Background Thread 2 ] DEBUG TilesetLoader        - Loading view for layer Capa de Decoracion
11:40:53.103 [FXGL Background Thread 2 ] DEBUG TilesetLoader        - Created buffer with size 2000.0x1500.0
11:40:53.149 [FXGL Background Thread 2 ] DEBUG TMXLevelLoader       - Creating object layer entities
11:40:53.176 [FXGL Background Thread 2 ] DEBUG GameWorld            - Clearing removable entities
11:40:53.221 [FXGL Background Thread 2 ] DEBUG GameWorld            - Setting level: com.almasb.fxgl.entity.level.Level@622ac57c
11:40:53.258 [FXGL Background Thread 3 ] DEBUG Engine               - Logging environment variables
11:40:53.259 [FXGL Background Thread 3 ] DEBUG Engine               - achievements: []
11:40:53.263 [FXGL Background Thread 3 ] DEBUG Engine               - actualHeight: 912.0
11:40:53.265 [FXGL Background Thread 3 ] DEBUG Engine               - actualHeightProperty: ReadOnlyDoubleProperty [value: 912.0]
11:40:53.266 [FXGL Background Thread 3 ] DEBUG Engine               - actualWidth: 1343.0
11:40:53.266 [FXGL Background Thread 3 ] DEBUG Engine               - actualWidthProperty: ReadOnlyDoubleProperty [value: 1343.0]
11:40:53.267 [FXGL Background Thread 3 ] DEBUG Engine               - appIcon: fxgl_icon.png
11:40:53.267 [FXGL Background Thread 3 ] DEBUG Engine               - applicationMode: DEVELOPER
11:40:53.267 [FXGL Background Thread 3 ] DEBUG Engine               - cSSList: [fxgl_dark.css]
11:40:53.267 [FXGL Background Thread 3 ] DEBUG Engine               - collisionDetectionStrategy: BRUTE_FORCE
11:40:53.267 [FXGL Background Thread 3 ] DEBUG Engine               - configClass: Optional.empty
11:40:53.267 [FXGL Background Thread 3 ] DEBUG Engine               - credits: []
11:40:53.268 [FXGL Background Thread 3 ] DEBUG Engine               - defaultCursor: CursorInfo(imageName=fxgl_default_cursor.png, hotspotX=7.0, hotspotY=6.0)
11:40:53.268 [FXGL Background Thread 3 ] DEBUG Engine               - devBBoxColorProperty: ObjectProperty [value: 0xff0000ff]
11:40:53.268 [FXGL Background Thread 3 ] DEBUG Engine               - devEnableDebugCameraProperty: BooleanProperty [value: false]
11:40:53.268 [FXGL Background Thread 3 ] DEBUG Engine               - devSensorColorProperty: ObjectProperty [value: 0xffff00ff]
11:40:53.268 [FXGL Background Thread 3 ] DEBUG Engine               - devShowBBoxProperty: BooleanProperty [value: false]
11:40:53.268 [FXGL Background Thread 3 ] DEBUG Engine               - devShowPositionProperty: BooleanProperty [value: false]
11:40:53.268 [FXGL Background Thread 3 ] DEBUG Engine               - enabledMenuItems: []
11:40:53.269 [FXGL Background Thread 3 ] DEBUG Engine               - engineServices: [class com.almasb.fxgl.app.services.FXGLAssetLoaderService, class com.almasb.fxgl.app.FXGLApplication$GameApplicationService, class com.almasb.fxgl.app.services.FXGLDialogService, class com.almasb.fxgl.app.services.IOTaskExecutorService, class com.almasb.fxgl.io.FileSystemService, class com.almasb.fxgl.localization.LocalizationService, class com.almasb.fxgl.app.services.SystemBundleService, class com.almasb.fxgl.profile.SaveLoadService, class com.almasb.fxgl.ui.FXGLUIFactoryServiceProvider, class com.almasb.fxgl.ui.FXGLDialogFactoryServiceProvider, class com.almasb.fxgl.audio.AudioPlayer, class com.almasb.fxgl.notification.impl.NotificationServiceProvider, class com.almasb.fxgl.achievement.AchievementService, class com.almasb.fxgl.cutscene.CutsceneService, class com.almasb.fxgl.minigames.MiniGameService, class com.almasb.fxgl.net.NetService, class com.almasb.fxgl.app.services.UpdaterService, class com.almasb.fxgl.dev.DevService]
11:40:53.269 [FXGL Background Thread 3 ] DEBUG Engine               - fontGame: Abel-Regular.ttf
11:40:53.269 [FXGL Background Thread 3 ] DEBUG Engine               - fontMono: TerminalLandMono-Regular.otf
11:40:53.269 [FXGL Background Thread 3 ] DEBUG Engine               - fontSizeScaleUI: 1.0
11:40:53.269 [FXGL Background Thread 3 ] DEBUG Engine               - fontText: Courier-Prime.ttf
11:40:53.269 [FXGL Background Thread 3 ] DEBUG Engine               - fontUI: VarelaRound-Regular.ttf
11:40:53.270 [FXGL Background Thread 3 ] DEBUG Engine               - fullScreen: BooleanProperty [value: false]
11:40:53.270 [FXGL Background Thread 3 ] DEBUG Engine               - gameDifficulty: MEDIUM
11:40:53.270 [FXGL Background Thread 3 ] DEBUG Engine               - gameDifficultyProperty: ObjectProperty [value: MEDIUM]
11:40:53.270 [FXGL Background Thread 3 ] DEBUG Engine               - globalMusicVolume: 0.5
11:40:53.270 [FXGL Background Thread 3 ] DEBUG Engine               - globalMusicVolumeProperty: DoubleProperty [value: 0.5]
11:40:53.270 [FXGL Background Thread 3 ] DEBUG Engine               - globalSoundVolume: 0.5
11:40:53.270 [FXGL Background Thread 3 ] DEBUG Engine               - globalSoundVolumeProperty: DoubleProperty [value: 0.5]
11:40:53.271 [FXGL Background Thread 3 ] DEBUG Engine               - height: 1024
11:40:53.271 [FXGL Background Thread 3 ] DEBUG Engine               - is3D: false
11:40:53.271 [FXGL Background Thread 3 ] DEBUG Engine               - isAndroid: false
11:40:53.271 [FXGL Background Thread 3 ] DEBUG Engine               - isBrowser: false
11:40:53.271 [FXGL Background Thread 3 ] DEBUG Engine               - isClickFeedbackEnabled: false
11:40:53.271 [FXGL Background Thread 3 ] DEBUG Engine               - isCloseConfirmation: false
11:40:53.271 [FXGL Background Thread 3 ] DEBUG Engine               - isDesktop: true
11:40:53.271 [FXGL Background Thread 3 ] DEBUG Engine               - isDeveloperMenuEnabled: true
11:40:53.271 [FXGL Background Thread 3 ] DEBUG Engine               - isEmbedded: false
11:40:53.271 [FXGL Background Thread 3 ] DEBUG Engine               - isEntityPreloadEnabled: true
11:40:53.272 [FXGL Background Thread 3 ] DEBUG Engine               - isExperimentalTiledLargeMap: false
11:40:53.272 [FXGL Background Thread 3 ] DEBUG Engine               - isFileSystemWriteAllowed: true
11:40:53.272 [FXGL Background Thread 3 ] DEBUG Engine               - isFullScreenAllowed: false
11:40:53.272 [FXGL Background Thread 3 ] DEBUG Engine               - isFullScreenFromStart: false
11:40:53.272 [FXGL Background Thread 3 ] DEBUG Engine               - isGameMenuEnabled: true
11:40:53.272 [FXGL Background Thread 3 ] DEBUG Engine               - isIOS: false
11:40:53.272 [FXGL Background Thread 3 ] DEBUG Engine               - isIntroEnabled: false
11:40:53.272 [FXGL Background Thread 3 ] DEBUG Engine               - isLinux: false
11:40:53.272 [FXGL Background Thread 3 ] DEBUG Engine               - isMac: false
11:40:53.272 [FXGL Background Thread 3 ] DEBUG Engine               - isMainMenuEnabled: true
11:40:53.272 [FXGL Background Thread 3 ] DEBUG Engine               - isManualResizeEnabled: false
11:40:53.272 [FXGL Background Thread 3 ] DEBUG Engine               - isMobile: false
11:40:53.272 [FXGL Background Thread 3 ] DEBUG Engine               - isNative: false
11:40:53.272 [FXGL Background Thread 3 ] DEBUG Engine               - isPauseMusicWhenMinimized: true
11:40:53.272 [FXGL Background Thread 3 ] DEBUG Engine               - isPreserveResizeRatio: false
11:40:53.272 [FXGL Background Thread 3 ] DEBUG Engine               - isProfilingEnabled: false
11:40:53.272 [FXGL Background Thread 3 ] DEBUG Engine               - isScaleAffectedOnResize: true
11:40:53.272 [FXGL Background Thread 3 ] DEBUG Engine               - isSingleStep: false
11:40:53.273 [FXGL Background Thread 3 ] DEBUG Engine               - isUserProfileEnabled: false
11:40:53.273 [FXGL Background Thread 3 ] DEBUG Engine               - isWindows: true
11:40:53.273 [FXGL Background Thread 3 ] DEBUG Engine               - language: ObjectProperty [value: ENGLISH]
11:40:53.273 [FXGL Background Thread 3 ] DEBUG Engine               - menuKey: ESCAPE
11:40:53.273 [FXGL Background Thread 3 ] DEBUG Engine               - mouseSensitivity: 0.2
11:40:53.273 [FXGL Background Thread 3 ] DEBUG Engine               - notificationViewClass: class com.almasb.fxgl.notification.view.XboxNotificationView
11:40:53.273 [FXGL Background Thread 3 ] DEBUG Engine               - pixelsPerMeter: 50.0
11:40:53.273 [FXGL Background Thread 3 ] DEBUG Engine               - platform: WINDOWS
11:40:53.273 [FXGL Background Thread 3 ] DEBUG Engine               - prefHeightProperty: ReadOnlyDoubleProperty [value: 1024.0]
11:40:53.273 [FXGL Background Thread 3 ] DEBUG Engine               - prefWidthProperty: ReadOnlyDoubleProperty [value: 1536.0]
11:40:53.273 [FXGL Background Thread 3 ] DEBUG Engine               - profileDir: profiles/
11:40:53.273 [FXGL Background Thread 3 ] DEBUG Engine               - profileName: StringProperty [value: DEFAULT]
11:40:53.273 [FXGL Background Thread 3 ] DEBUG Engine               - randomSeed: -1
11:40:53.275 [FXGL Background Thread 3 ] DEBUG Engine               - runtimeInfo: RuntimeInfo(platform=WINDOWS, version=17.3, build=30.03.2023 11.49)
11:40:53.275 [FXGL Background Thread 3 ] DEBUG Engine               - saveFileExt: sav
11:40:53.275 [FXGL Background Thread 3 ] DEBUG Engine               - scaledHeightProp$fxgl: DoubleProperty [bound, value: 912.0]
11:40:53.275 [FXGL Background Thread 3 ] DEBUG Engine               - scaledWidthProp$fxgl: DoubleProperty [bound, value: 1343.0]
11:40:53.275 [FXGL Background Thread 3 ] DEBUG Engine               - sceneFactory: App.Game.GameApp$1@24de38e3
11:40:53.275 [FXGL Background Thread 3 ] DEBUG Engine               - secondsIn24h: 60
11:40:53.275 [FXGL Background Thread 3 ] DEBUG Engine               - soundMenuBack: menu/back.wav
11:40:53.278 [FXGL Background Thread 3 ] DEBUG Engine               - soundMenuPress: menu/press.wav
11:40:53.278 [FXGL Background Thread 3 ] DEBUG Engine               - soundMenuSelect: menu/select.wav
11:40:53.278 [FXGL Background Thread 3 ] DEBUG Engine               - soundNotification: core/notification.wav
11:40:53.278 [FXGL Background Thread 3 ] DEBUG Engine               - stageStyle: DECORATED
11:40:53.278 [FXGL Background Thread 3 ] DEBUG Engine               - supportedLanguages: [ENGLISH, FRENCH, GERMAN, HUNGARIAN, RUSSIAN]
11:40:53.279 [FXGL Background Thread 3 ] DEBUG Engine               - ticksPerSecond: -1
11:40:53.279 [FXGL Background Thread 3 ] DEBUG Engine               - title: Eclipsis: el legado de la nave abandonada(BetaVer)
11:40:53.279 [FXGL Background Thread 3 ] DEBUG Engine               - urlGithub: https://github.com/AlmasB/FXGL
11:40:53.279 [FXGL Background Thread 3 ] DEBUG Engine               - urlLeaderboard: http://fxgl-top.herokuapp.com/
11:40:53.280 [FXGL Background Thread 3 ] DEBUG Engine               - urlPOM: https://raw.githubusercontent.com/AlmasB/FXGL/release/README.md
11:40:53.280 [FXGL Background Thread 3 ] DEBUG Engine               - userAppClass: class App.Game.GameApp
11:40:53.280 [FXGL Background Thread 3 ] DEBUG Engine               - version: 0.0
11:40:53.281 [FXGL Background Thread 3 ] DEBUG Engine               - versionCheckDays: 7
11:40:53.281 [FXGL Background Thread 3 ] DEBUG Engine               - width: 1536
11:40:53.281 [FXGL Background Thread 3 ] DEBUG Engine               - Logging services
11:40:53.281 [FXGL Background Thread 3 ] DEBUG Engine               - class com.almasb.fxgl.app.services.FXGLAssetLoaderService
11:40:53.282 [FXGL Background Thread 3 ] DEBUG Engine               - class com.almasb.fxgl.app.FXGLApplication$GameApplicationService
11:40:53.282 [FXGL Background Thread 3 ] DEBUG Engine               - class com.almasb.fxgl.app.services.FXGLDialogService
11:40:53.282 [FXGL Background Thread 3 ] DEBUG Engine               - class com.almasb.fxgl.app.services.IOTaskExecutorService
11:40:53.282 [FXGL Background Thread 3 ] DEBUG Engine               - class com.almasb.fxgl.io.FileSystemService
11:40:53.282 [FXGL Background Thread 3 ] DEBUG Engine               - class com.almasb.fxgl.localization.LocalizationService
11:40:53.283 [FXGL Background Thread 3 ] DEBUG Engine               - class com.almasb.fxgl.app.services.SystemBundleService
11:40:53.283 [FXGL Background Thread 3 ] DEBUG Engine               - class com.almasb.fxgl.profile.SaveLoadService
11:40:53.283 [FXGL Background Thread 3 ] DEBUG Engine               - class com.almasb.fxgl.ui.FXGLUIFactoryServiceProvider
11:40:53.284 [FXGL Background Thread 3 ] DEBUG Engine               - class com.almasb.fxgl.ui.FXGLDialogFactoryServiceProvider
11:40:53.284 [FXGL Background Thread 3 ] DEBUG Engine               - class com.almasb.fxgl.audio.AudioPlayer
11:40:53.284 [FXGL Background Thread 3 ] DEBUG Engine               - class com.almasb.fxgl.notification.impl.NotificationServiceProvider
11:40:53.284 [FXGL Background Thread 3 ] DEBUG Engine               - class com.almasb.fxgl.achievement.AchievementService
11:40:53.284 [FXGL Background Thread 3 ] DEBUG Engine               - class com.almasb.fxgl.cutscene.CutsceneService
11:40:53.285 [FXGL Background Thread 3 ] DEBUG Engine               - class com.almasb.fxgl.minigames.MiniGameService
11:40:53.285 [FXGL Background Thread 3 ] DEBUG Engine               - class com.almasb.fxgl.net.NetService
11:40:53.285 [FXGL Background Thread 3 ] DEBUG Engine               - class com.almasb.fxgl.app.services.UpdaterService
11:40:53.286 [FXGL Background Thread 3 ] DEBUG Engine               - class com.almasb.fxgl.dev.DevService
11:40:53.294 [FXGL Background Thread 2 ] DEBUG FXGLAssetLoaderServi - Loading from file system: file:/C:/Users/Dannieris/Desktop/ForkProyecto/ForkProyecto/target/classes/assets/textures/exploreatack_basic.png
11:40:53.303 [FXGL Background Thread 2 ] DEBUG FXGLAssetLoaderServi - Loading from file system: file:/C:/Users/Dannieris/Desktop/ForkProyecto/ForkProyecto/target/classes/assets/textures/exploreidle.png
11:40:53.306 [FXGL Background Thread 2 ] WARN  FXGLAssetLoaderServi - Asset "/assets/textures/explorecaminando.png" was not found!
11:40:53.306 [FXGL Background Thread 2 ] WARN  FXGLAssetLoaderServi - Failed to load IMAGE
11:40:53.367 [FXGL Background Thread 2 ] WARN  FXGLAssetLoaderServi - Asset "/assets/textures/exploreadelante.png" was not found!
11:40:53.367 [FXGL Background Thread 2 ] WARN  FXGLAssetLoaderServi - Failed to load IMAGE
11:40:53.368 [FXGL Background Thread 2 ] WARN  FXGLAssetLoaderServi - Asset "/assets/textures/exploreatras.png" was not found!
11:40:53.368 [FXGL Background Thread 2 ] WARN  FXGLAssetLoaderServi - Failed to load IMAGE
11:40:53.368 [FXGL Background Thread 2 ] DEBUG FXGLAssetLoaderServi - Loading from file system: file:/C:/Users/Dannieris/Desktop/ForkProyecto/ForkProyecto/target/classes/assets/textures/exploredeat.png
11:40:53.378 [FXGL Background Thread 2 ] WARN  GameWorld            - Entity is already attached to world
11:40:53.383 [FXGL Background Thread 2 ] WARN  FXGLAssetLoaderServi - Asset "/assets/textures/explorecaminando.png" was not found!
11:40:53.383 [FXGL Background Thread 2 ] WARN  FXGLAssetLoaderServi - Failed to load IMAGE
11:40:53.384 [FXGL Background Thread 2 ] WARN  FXGLAssetLoaderServi - Asset "/assets/textures/exploreadelante.png" was not found!
11:40:53.384 [FXGL Background Thread 2 ] WARN  FXGLAssetLoaderServi - Failed to load IMAGE
11:40:53.384 [FXGL Background Thread 2 ] WARN  FXGLAssetLoaderServi - Asset "/assets/textures/exploreatras.png" was not found!
11:40:53.384 [FXGL Background Thread 2 ] WARN  FXGLAssetLoaderServi - Failed to load IMAGE
11:40:53.385 [FXGL Background Thread 2 ] WARN  GameWorld            - Entity is already attached to world
11:40:53.386 [FXGL Background Thread 2 ] DEBUG FXGLAssetLoaderServi - Loading from file system: file:/C:/Users/Dannieris/Desktop/ForkProyecto/ForkProyecto/target/classes/assets/textures/droidatack_basic.png
11:40:53.389 [FXGL Background Thread 2 ] DEBUG FXGLAssetLoaderServi - Loading from file system: file:/C:/Users/Dannieris/Desktop/ForkProyecto/ForkProyecto/target/classes/assets/textures/droididle.png
11:40:53.391 [FXGL Background Thread 2 ] WARN  FXGLAssetLoaderServi - Asset "/assets/textures/droidcaminando.png" was not found!
11:40:53.391 [FXGL Background Thread 2 ] WARN  FXGLAssetLoaderServi - Failed to load IMAGE
11:40:53.392 [FXGL Background Thread 2 ] WARN  FXGLAssetLoaderServi - Asset "/assets/textures/droidadelante.png" was not found!
11:40:53.392 [FXGL Background Thread 2 ] WARN  FXGLAssetLoaderServi - Failed to load IMAGE
11:40:53.392 [FXGL Background Thread 2 ] WARN  FXGLAssetLoaderServi - Asset "/assets/textures/droidatras.png" was not found!
11:40:53.393 [FXGL Background Thread 2 ] WARN  FXGLAssetLoaderServi - Failed to load IMAGE
11:40:53.393 [FXGL Background Thread 2 ] DEBUG FXGLAssetLoaderServi - Loading from file system: file:/C:/Users/Dannieris/Desktop/ForkProyecto/ForkProyecto/target/classes/assets/textures/droiddeat.png
11:40:53.398 [FXGL Background Thread 2 ] WARN  GameWorld            - Entity is already attached to world
11:40:53.399 [FXGL Background Thread 2 ] WARN  FXGLAssetLoaderServi - Asset "/assets/textures/droidcaminando.png" was not found!
11:40:53.399 [FXGL Background Thread 2 ] WARN  FXGLAssetLoaderServi - Failed to load IMAGE
11:40:53.399 [FXGL Background Thread 2 ] WARN  FXGLAssetLoaderServi - Asset "/assets/textures/droidadelante.png" was not found!
11:40:53.401 [FXGL Background Thread 2 ] WARN  FXGLAssetLoaderServi - Failed to load IMAGE
11:40:53.401 [FXGL Background Thread 2 ] WARN  FXGLAssetLoaderServi - Asset "/assets/textures/droidatras.png" was not found!
11:40:53.401 [FXGL Background Thread 2 ] WARN  FXGLAssetLoaderServi - Failed to load IMAGE
11:40:53.401 [FXGL Background Thread 2 ] WARN  GameWorld            - Entity is already attached to world
11:40:53.402 [FXGL Background Thread 2 ] DEBUG FXGLAssetLoaderServi - Loading from file system: file:/C:/Users/Dannieris/Desktop/ForkProyecto/ForkProyecto/target/classes/assets/textures/droid2atack_basic.png
11:40:53.404 [FXGL Background Thread 2 ] DEBUG FXGLAssetLoaderServi - Loading from file system: file:/C:/Users/Dannieris/Desktop/ForkProyecto/ForkProyecto/target/classes/assets/textures/droid2idle.png
11:40:53.407 [FXGL Background Thread 2 ] WARN  FXGLAssetLoaderServi - Asset "/assets/textures/droid2caminando.png" was not found!
11:40:53.407 [FXGL Background Thread 2 ] WARN  FXGLAssetLoaderServi - Failed to load IMAGE
11:40:53.408 [FXGL Background Thread 2 ] WARN  FXGLAssetLoaderServi - Asset "/assets/textures/droid2adelante.png" was not found!
11:40:53.408 [FXGL Background Thread 2 ] WARN  FXGLAssetLoaderServi - Failed to load IMAGE
11:40:53.408 [FXGL Background Thread 2 ] WARN  FXGLAssetLoaderServi - Asset "/assets/textures/droid2atras.png" was not found!
11:40:53.408 [FXGL Background Thread 2 ] WARN  FXGLAssetLoaderServi - Failed to load IMAGE
11:40:53.409 [FXGL Background Thread 2 ] DEBUG FXGLAssetLoaderServi - Loading from file system: file:/C:/Users/Dannieris/Desktop/ForkProyecto/ForkProyecto/target/classes/assets/textures/droid2deat.png
11:40:53.412 [FXGL Background Thread 2 ] WARN  GameWorld            - Entity is already attached to world
11:40:53.415 [FXGL Background Thread 2 ] WARN  FXGLAssetLoaderServi - Asset "/assets/textures/droid2caminando.png" was not found!
11:40:53.415 [FXGL Background Thread 2 ] WARN  FXGLAssetLoaderServi - Failed to load IMAGE
11:40:53.416 [FXGL Background Thread 2 ] WARN  FXGLAssetLoaderServi - Asset "/assets/textures/droid2adelante.png" was not found!
11:40:53.416 [FXGL Background Thread 2 ] WARN  FXGLAssetLoaderServi - Failed to load IMAGE
11:40:53.416 [FXGL Background Thread 2 ] WARN  FXGLAssetLoaderServi - Asset "/assets/textures/droid2atras.png" was not found!
11:40:53.417 [FXGL Background Thread 2 ] WARN  FXGLAssetLoaderServi - Failed to load IMAGE
11:40:53.418 [FXGL Background Thread 2 ] WARN  GameWorld            - Entity is already attached to world
11:40:53.419 [FXGL Background Thread 2 ] WARN  FXGLAssetLoaderServi - Asset "/assets/textures/droid2caminando.png" was not found!
11:40:53.419 [FXGL Background Thread 2 ] WARN  FXGLAssetLoaderServi - Failed to load IMAGE
11:40:53.420 [FXGL Background Thread 2 ] WARN  FXGLAssetLoaderServi - Asset "/assets/textures/droid2adelante.png" was not found!
11:40:53.420 [FXGL Background Thread 2 ] WARN  FXGLAssetLoaderServi - Failed to load IMAGE
11:40:53.420 [FXGL Background Thread 2 ] WARN  FXGLAssetLoaderServi - Asset "/assets/textures/droid2atras.png" was not found!
11:40:53.420 [FXGL Background Thread 2 ] WARN  FXGLAssetLoaderServi - Failed to load IMAGE
11:40:53.421 [FXGL Background Thread 2 ] WARN  GameWorld            - Entity is already attached to world
11:40:53.439 [FXGL Background Thread 2 ] DEBUG FXGLAssetLoaderServi - Loading from file system: file:/C:/Users/Dannieris/Desktop/ForkProyecto/ForkProyecto/target/classes/assets/textures/droid3atack_basic.png
11:40:53.444 [FXGL Background Thread 2 ] DEBUG FXGLAssetLoaderServi - Loading from file system: file:/C:/Users/Dannieris/Desktop/ForkProyecto/ForkProyecto/target/classes/assets/textures/droid3idle.png
11:40:53.448 [FXGL Background Thread 2 ] WARN  FXGLAssetLoaderServi - Asset "/assets/textures/droid3caminando.png" was not found!
11:40:53.448 [FXGL Background Thread 2 ] WARN  FXGLAssetLoaderServi - Failed to load IMAGE
11:40:53.449 [FXGL Background Thread 2 ] WARN  FXGLAssetLoaderServi - Asset "/assets/textures/droid3adelante.png" was not found!
11:40:53.449 [FXGL Background Thread 2 ] WARN  FXGLAssetLoaderServi - Failed to load IMAGE
11:40:53.449 [FXGL Background Thread 2 ] WARN  FXGLAssetLoaderServi - Asset "/assets/textures/droid3atras.png" was not found!
11:40:53.450 [FXGL Background Thread 2 ] WARN  FXGLAssetLoaderServi - Failed to load IMAGE
11:40:53.450 [FXGL Background Thread 2 ] DEBUG FXGLAssetLoaderServi - Loading from file system: file:/C:/Users/Dannieris/Desktop/ForkProyecto/ForkProyecto/target/classes/assets/textures/droid3deat.png
11:40:53.455 [FXGL Background Thread 2 ] WARN  GameWorld            - Entity is already attached to world
11:40:53.458 [FXGL Background Thread 2 ] WARN  FXGLAssetLoaderServi - Asset "/assets/textures/droid3caminando.png" was not found!
11:40:53.458 [FXGL Background Thread 2 ] WARN  FXGLAssetLoaderServi - Failed to load IMAGE
11:40:53.459 [FXGL Background Thread 2 ] WARN  FXGLAssetLoaderServi - Asset "/assets/textures/droid3adelante.png" was not found!
11:40:53.459 [FXGL Background Thread 2 ] WARN  FXGLAssetLoaderServi - Failed to load IMAGE
11:40:53.459 [FXGL Background Thread 2 ] WARN  FXGLAssetLoaderServi - Asset "/assets/textures/droid3atras.png" was not found!
11:40:53.459 [FXGL Background Thread 2 ] WARN  FXGLAssetLoaderServi - Failed to load IMAGE
11:40:53.461 [FXGL Background Thread 2 ] WARN  GameWorld            - Entity is already attached to world
11:40:53.463 [FXGL Background Thread 2 ] DEBUG FXGLAssetLoaderServi - Loading from file system: file:/C:/Users/Dannieris/Desktop/ForkProyecto/ForkProyecto/target/classes/assets/textures/barreraDesactivadaitem.png
11:40:53.477 [FXGL Background Thread 2 ] WARN  FXGLAssetLoaderServi - Asset "/assets/textures/barreraDesactivadadisabled.png" was not found!
11:40:53.477 [FXGL Background Thread 2 ] WARN  FXGLAssetLoaderServi - Failed to load IMAGE
11:40:53.478 [FXGL Background Thread 2 ] WARN  GameWorld            - Entity is already attached to world
11:40:53.480 [FXGL Background Thread 2 ] WARN  FXGLAssetLoaderServi - Asset "/assets/textures/barreraDesactivadadisabled.png" was not found!
11:40:53.480 [FXGL Background Thread 2 ] WARN  FXGLAssetLoaderServi - Failed to load IMAGE
11:40:53.483 [FXGL Background Thread 2 ] WARN  GameWorld            - Entity is already attached to world
11:40:53.489 [FXGL Background Thread 2 ] WARN  FXGLAssetLoaderServi - Asset "/assets/textures/barreraDesactivadadisabled.png" was not found!
11:40:53.489 [FXGL Background Thread 2 ] WARN  FXGLAssetLoaderServi - Failed to load IMAGE
11:40:53.491 [FXGL Background Thread 2 ] WARN  GameWorld            - Entity is already attached to world
11:40:53.493 [FXGL Background Thread 2 ] WARN  FXGLAssetLoaderServi - Asset "/assets/textures/barreraDesactivadadisabled.png" was not found!
11:40:53.493 [FXGL Background Thread 2 ] WARN  FXGLAssetLoaderServi - Failed to load IMAGE
11:40:53.494 [FXGL Background Thread 2 ] WARN  GameWorld            - Entity is already attached to world
11:40:53.496 [FXGL Background Thread 2 ] DEBUG FXGLAssetLoaderServi - Loading from file system: file:/C:/Users/Dannieris/Desktop/ForkProyecto/ForkProyecto/target/classes/assets/textures/barreraitem.png
11:40:53.503 [FXGL Background Thread 2 ] DEBUG FXGLAssetLoaderServi - Loading from file system: file:/C:/Users/Dannieris/Desktop/ForkProyecto/ForkProyecto/target/classes/assets/textures/barreradisabled.png
11:40:53.509 [FXGL Background Thread 2 ] WARN  GameWorld            - Entity is already attached to world
11:40:53.514 [FXGL Background Thread 2 ] WARN  GameWorld            - Entity is already attached to world
11:40:53.516 [FXGL Background Thread 2 ] DEBUG FXGLAssetLoaderServi - Loading from file system: file:/C:/Users/Dannieris/Desktop/ForkProyecto/ForkProyecto/target/classes/assets/textures/panelitem.png
11:40:53.522 [FXGL Background Thread 2 ] DEBUG FXGLAssetLoaderServi - Loading from file system: file:/C:/Users/Dannieris/Desktop/ForkProyecto/ForkProyecto/target/classes/assets/textures/paneldisabled.png
11:40:53.525 [FXGL Background Thread 2 ] WARN  GameWorld            - Entity is already attached to world
11:40:53.527 [FXGL Background Thread 2 ] WARN  GameWorld            - Entity is already attached to world
11:40:53.527 [FXGL Background Thread 2 ] DEBUG FXGLAssetLoaderServi - Loading from file system: file:/C:/Users/Dannieris/Desktop/ForkProyecto/ForkProyecto/target/classes/assets/textures/generatorSpecialPointitem.png
11:40:53.533 [FXGL Background Thread 2 ] WARN  FXGLAssetLoaderServi - Asset "/assets/textures/generatorSpecialPointdisabled.png" was not found!
11:40:53.535 [FXGL Background Thread 2 ] WARN  FXGLAssetLoaderServi - Failed to load IMAGE
11:40:53.536 [FXGL Background Thread 2 ] WARN  GameWorld            - Entity is already attached to world
11:40:53.537 [FXGL Background Thread 2 ] WARN  FXGLAssetLoaderServi - Asset "/assets/textures/generatorSpecialPointdisabled.png" was not found!
11:40:53.537 [FXGL Background Thread 2 ] WARN  FXGLAssetLoaderServi - Failed to load IMAGE
11:40:53.538 [FXGL Background Thread 2 ] WARN  GameWorld            - Entity is already attached to world
11:40:53.539 [FXGL Background Thread 2 ] DEBUG FXGLAssetLoaderServi - Loading from file system: file:/C:/Users/Dannieris/Desktop/ForkProyecto/ForkProyecto/target/classes/assets/textures/lifeitem.png
11:40:53.542 [FXGL Background Thread 2 ] WARN  FXGLAssetLoaderServi - Asset "/assets/textures/lifedisabled.png" was not found!
11:40:53.542 [FXGL Background Thread 2 ] WARN  FXGLAssetLoaderServi - Failed to load IMAGE
11:40:53.542 [FXGL Background Thread 2 ] WARN  GameWorld            - Entity is already attached to world
11:40:53.543 [FXGL Background Thread 2 ] WARN  FXGLAssetLoaderServi - Asset "/assets/textures/lifedisabled.png" was not found!
11:40:53.543 [FXGL Background Thread 2 ] WARN  FXGLAssetLoaderServi - Failed to load IMAGE
11:40:53.544 [FXGL Background Thread 2 ] WARN  GameWorld            - Entity is already attached to world
11:40:53.545 [FXGL Background Thread 2 ] DEBUG FXGLAssetLoaderServi - Loading from file system: file:/C:/Users/Dannieris/Desktop/ForkProyecto/ForkProyecto/target/classes/assets/textures/atackitem.png
11:40:53.551 [FXGL Background Thread 2 ] WARN  FXGLAssetLoaderServi - Asset "/assets/textures/atackdisabled.png" was not found!
11:40:53.552 [FXGL Background Thread 2 ] WARN  FXGLAssetLoaderServi - Failed to load IMAGE
11:40:53.554 [FXGL Background Thread 2 ] WARN  GameWorld            - Entity is already attached to world
11:40:53.554 [FXGL Background Thread 2 ] WARN  FXGLAssetLoaderServi - Asset "/assets/textures/atackdisabled.png" was not found!
11:40:53.555 [FXGL Background Thread 2 ] WARN  FXGLAssetLoaderServi - Failed to load IMAGE
11:40:53.555 [FXGL Background Thread 2 ] WARN  GameWorld            - Entity is already attached to world
11:40:53.557 [FXGL Background Thread 2 ] DEBUG FXGLAssetLoaderServi - Loading from file system: file:/C:/Users/Dannieris/Desktop/ForkProyecto/ForkProyecto/target/classes/assets/textures/cyborgatack_special.png
11:40:53.565 [FXGL Background Thread 2 ] DEBUG FXGLAssetLoaderServi - Loading from file system: file:/C:/Users/Dannieris/Desktop/ForkProyecto/ForkProyecto/target/classes/assets/textures/cyborgatack_basic.png
11:40:53.571 [FXGL Background Thread 2 ] DEBUG FXGLAssetLoaderServi - Loading from file system: file:/C:/Users/Dannieris/Desktop/ForkProyecto/ForkProyecto/target/classes/assets/textures/cyborgidle.png
11:40:53.574 [FXGL Background Thread 2 ] DEBUG FXGLAssetLoaderServi - Loading from file system: file:/C:/Users/Dannieris/Desktop/ForkProyecto/ForkProyecto/target/classes/assets/textures/cyborgcaminando.png
11:40:53.577 [FXGL Background Thread 2 ] DEBUG FXGLAssetLoaderServi - Loading from file system: file:/C:/Users/Dannieris/Desktop/ForkProyecto/ForkProyecto/target/classes/assets/textures/cyborgadelante.png
11:40:53.583 [FXGL Background Thread 2 ] DEBUG FXGLAssetLoaderServi - Loading from file system: file:/C:/Users/Dannieris/Desktop/ForkProyecto/ForkProyecto/target/classes/assets/textures/cyborgatras.png
11:40:53.587 [FXGL Background Thread 2 ] DEBUG FXGLAssetLoaderServi - Loading from file system: file:/C:/Users/Dannieris/Desktop/ForkProyecto/ForkProyecto/target/classes/assets/textures/cyborgdeat.png
11:40:53.591 [FXGL Background Thread 2 ] WARN  GameWorld            - Entity is already attached to world
11:40:53.591 [FXGL Background Thread 2 ] DEBUG Input                - Registered new binding: Mover Arriba - W
11:40:53.592 [FXGL Background Thread 2 ] DEBUG Input                - Registered new binding: Mover Abajo - S
11:40:53.592 [FXGL Background Thread 2 ] DEBUG Input                - Registered new binding: Mover Izquierda - A
11:40:53.592 [FXGL Background Thread 2 ] DEBUG Input                - Registered new binding: Mover Derecha - D
11:40:54.634 [FXGL Background Thread 2 ] DEBUG FXGLAssetLoaderServi - Loading from file system: file:/C:/Users/Dannieris/Desktop/ForkProyecto/ForkProyecto/target/classes/assets/textures/botonGameMenu.png
11:40:54.635 [FXGL Background Thread 2 ] DEBUG FXGLAssetLoaderServi - Loading from file system: file:/C:/Users/Dannieris/Desktop/ForkProyecto/ForkProyecto/target/classes/assets/textures/buttonMainMenu.png
11:40:54.636 [FXGL Background Thread 2 ] DEBUG FXGLAssetLoaderServi - Loading from file system: file:/C:/Users/Dannieris/Desktop/ForkProyecto/ForkProyecto/target/classes/assets/textures/wikiButton.png
11:40:54.638 [FXGL Background Thread 2 ] DEBUG FXGLAssetLoaderServi - Loading from file system: file:/C:/Users/Dannieris/Desktop/ForkProyecto/ForkProyecto/target/classes/assets/textures/specialPointBar.png
11:40:54.640 [FXGL Background Thread 2 ] DEBUG FXGLAssetLoaderServi - Loading from file system: file:/C:/Users/Dannieris/Desktop/ForkProyecto/ForkProyecto/target/classes/assets/textures/statBar.png
11:40:54.642 [FXGL Background Thread 2 ] DEBUG FXGLAssetLoaderServi - Loading from file system: file:/C:/Users/Dannieris/Desktop/ForkProyecto/ForkProyecto/target/classes/assets/textures/statAtackBar.png
11:40:54.643 [FXGL Background Thread 2 ] DEBUG FXGLAssetLoaderServi - Loading from file system: file:/C:/Users/Dannieris/Desktop/ForkProyecto/ForkProyecto/target/classes/assets/textures/wiki_image.png
11:40:54.654 [FXGL Background Thread 2 ] DEBUG FXGLAssetLoaderServi - Loading from file system: file:/C:/Users/Dannieris/Desktop/ForkProyecto/ForkProyecto/target/classes/assets/textures/specialPoint.png
11:40:54.655 [FXGL Background Thread 2 ] DEBUG FXGLAssetLoaderServi - Loading from file system: file:/C:/Users/Dannieris/Desktop/ForkProyecto/ForkProyecto/target/classes/assets/textures/special.png
11:40:54.658 [FXGL Background Thread 2 ] DEBUG FXGLAssetLoaderServi - Loading from file system: file:/C:/Users/Dannieris/Desktop/ForkProyecto/ForkProyecto/target/classes/assets/textures/barra_enemigo.png
11:40:54.659 [FXGL Background Thread 2 ] DEBUG FXGLAssetLoaderServi - Loading from file system: file:/C:/Users/Dannieris/Desktop/ForkProyecto/ForkProyecto/target/classes/assets/textures/life_point_enemi.png
11:40:54.662 [FXGL Background Thread 2 ] DEBUG FXGLAssetLoaderServi - Loading from file system: file:/C:/Users/Dannieris/Desktop/ForkProyecto/ForkProyecto/target/classes/assets/textures/life_bar.png
11:40:54.665 [FXGL Background Thread 2 ] DEBUG FXGLAssetLoaderServi - Loading from file system: file:/C:/Users/Dannieris/Desktop/ForkProyecto/ForkProyecto/target/classes/assets/textures/life_point.png
11:40:54.668 [FXGL Background Thread 2 ] DEBUG FXGLAssetLoaderServi - Loading from file system: file:/C:/Users/Dannieris/Desktop/ForkProyecto/ForkProyecto/target/classes/assets/textures/button_atacck.png
11:40:54.668 [FXGL Background Thread 2 ] DEBUG FXGLAssetLoaderServi - Loading from file system: file:/C:/Users/Dannieris/Desktop/ForkProyecto/ForkProyecto/target/classes/assets/textures/combat_panel.png
11:40:54.672 [FXGL Background Thread 2 ] INFO  FXGLApplication      - Game initialization took: 2.252 sec
11:40:54.674 [JavaFX Application Thread] DEBUG Input                - Clearing active input actions
11:40:54.693 [JavaFX Application Thread] DEBUG GameApplicationServi - Removing overlay from FXGLLoadingScene and adding to GameScene
11:40:54.700 [JavaFX Application Thread] DEBUG PrimaryStageWindow   - FXGLLoadingScene -> GameScene
11:40:56.917 [JavaFX Application Thread] DEBUG FXGLApplication      - Exiting FXGL
11:40:56.918 [JavaFX Application Thread] DEBUG LoopRunner           - Stopping loop
11:40:56.919 [JavaFX Application Thread] DEBUG SystemBundleService  - Saving FXGL system data
11:40:56.923 [JavaFX Application Thread] DEBUG FileSystemAccess     - Writing to: C:\Users\Dannieris\Desktop\ForkProyecto\ForkProyecto\system\fxgl.bundle
11:40:56.927 [JavaFX Application Thread] DEBUG Async                - Shutting down background threads
11:40:56.927 [JavaFX Application Thread] DEBUG PrimaryStageWindow   - Closing main window
11:40:56.986 [JavaFX Application Thread] DEBUG Logger               - Closing Logger
