19:55:27.604 [main                     ] DEBUG Logger               - Configured Logger
19:55:27.648 [main                     ] DEBUG GameApplication      - Logging settings
Title: Eclipsis: el legado de la nave abandonada(BetaVer)
Version: 0.0
Width: 1536
Height: 1024
Fullscreen: false
Intro: false
Profiling: false
Single step:false
App Mode: DEVELOPER
Menu Key: ESCAPE
Stage Style: DECORATED
Scene Factory: class App.Game.GameApp$1

19:55:27.968 [JavaFX Application Thread] DEBUG FXGLApplication      - Initializing FXGL
19:55:27.985 [JavaFX Application Thread] INFO  Engine               - FXGL-21.1 (27.03.2024 07.52) on LINUX (J:21.0.6 FX:21.0.1)
19:55:27.986 [JavaFX Application Thread] DEBUG Engine               - JRE Vendor Name: Oracle Corporation
19:55:27.986 [JavaFX Application Thread] DEBUG Engine               - Running on OS: Linux version 6.8.0-58-generic
19:55:27.986 [JavaFX Application Thread] DEBUG Engine               - Architecture: amd64
19:55:27.986 [JavaFX Application Thread] INFO  Engine               - Source code and latest versions at: https://github.com/AlmasB/FXGL
19:55:27.987 [JavaFX Application Thread] INFO  Engine               -       Ask questions and discuss at: https://github.com/AlmasB/FXGL/discussions
19:55:27.987 [JavaFX Application Thread] INFO  Engine               -              Join the FXGL chat at: https://gitter.im/AlmasB/FXGL
19:55:28.138 [JavaFX Application Thread] DEBUG PrimaryStageWindow   - Creating a JavaFX scene
19:55:28.139 [JavaFX Application Thread] DEBUG PrimaryStageWindow   - Target size > screen size
19:55:28.288 [JavaFX Application Thread] DEBUG PrimaryStageWindow   - Target settings size: 1536.0 x 1024.0
19:55:28.289 [JavaFX Application Thread] DEBUG PrimaryStageWindow   - Scaled scene size:    1391.0 x 944.0
19:55:28.289 [JavaFX Application Thread] DEBUG PrimaryStageWindow   - Scaled ratio: (0.9055989583333334, 0.921875)
19:55:28.294 [JavaFX Application Thread] DEBUG PrimaryStageWindow   - Set initial scene to FXGLStartupScene
19:55:28.298 [JavaFX Application Thread] DEBUG PrimaryStageWindow   - Opening main window
19:55:28.357 [JavaFX Application Thread] DEBUG PrimaryStageWindow   - Window border size: (0.8232421875, 0.54888916015625)
19:55:28.358 [JavaFX Application Thread] DEBUG PrimaryStageWindow   - Scaled size: 1391.0 x 944.0
19:55:28.358 [JavaFX Application Thread] DEBUG PrimaryStageWindow   - Scaled ratio: (0.9055989583333334, 0.921875)
19:55:28.359 [JavaFX Application Thread] DEBUG PrimaryStageWindow   - Scene size: 1391.0 x 944.0
19:55:28.360 [JavaFX Application Thread] DEBUG PrimaryStageWindow   - Stage size: 1391.8232421875 x 944.5488891601562
19:55:28.373 [FXGL Background Thread 1 ] DEBUG Engine               - Initializing environment variables
19:55:28.481 [FXGL Background Thread 1 ] DEBUG FXGLAssetLoaderServi - User app class for loading assets: class App.Game.GameApp
19:55:28.482 [FXGL Background Thread 1 ] DEBUG GameApplicationServi - Applying CSS: fxgl_dark.css
19:55:28.487 [FXGL Background Thread 1 ] DEBUG FXGLAssetLoaderServi - Loading from file system: jar:file:///home/avrann/.m2/repository/com/github/almasb/fxgl/21.1/fxgl-21.1.jar!/fxglassets/ui/css/fxgl_dark.css
19:55:28.586 [FXGL Background Thread 1 ] DEBUG GameApplicationServi - Initializing application scenes
19:55:28.692 [FXGL Background Thread 1 ] DEBUG GameWorld            - Game world initialized
19:55:28.813 [FXGL Background Thread 1 ] DEBUG PhysicsWorld         - Physics world initialized: appHeight=1024, physics.ppm=50.0
19:55:28.813 [FXGL Background Thread 1 ] DEBUG PhysicsWorld         - Using strategy: BRUTE_FORCE
19:55:28.819 [FXGL Background Thread 1 ] DEBUG GameScene            - Game scene initialized: 1536x1024
19:55:29.050 [FXGL Background Thread 1 ] DEBUG FXGL.DefaultMenu     - createMenuBodyGameMenu()
19:55:29.060 [FXGL Background Thread 1 ] DEBUG FXGL.DefaultMenu     - createOptionsMenu()
19:55:29.070 [FXGL Background Thread 1 ] DEBUG FXGLAssetLoaderServi - Loading from file system: jar:file:///home/avrann/.m2/repository/com/github/almasb/fxgl/21.1/fxgl-21.1.jar!/fxglassets/textures/particles/smoke.png
19:55:29.200 [FXGL Background Thread 1 ] DEBUG FXGLAssetLoaderServi - Loading from file system: jar:file:///home/avrann/.m2/repository/com/github/almasb/fxgl/21.1/fxgl-21.1.jar!/fxglassets/textures/particles/trace_horizontal.png
19:55:29.220 [FXGL Background Thread 1 ] DEBUG FXGLAssetLoaderServi - Loading from file system: file:/home/avrann/Escritorio/Proyecto%20POO/jorge.carrillo-Proyecto-POO-2025/target/classes/assets/music/menu.wav
19:55:29.372 [FXGL Background Thread 1 ] DEBUG AudioPlayer          - Playing music com.almasb.fxgl.audio.Music@5e290590
19:55:29.380 [FXGL Background Thread 1 ] DEBUG AudioPlayer          - Playing music com.almasb.fxgl.audio.Music@5e290590
19:55:29.380 [FXGL Background Thread 1 ] DEBUG FXGLAssetLoaderServi - Loading from file system: file:/home/avrann/Escritorio/Proyecto%20POO/jorge.carrillo-Proyecto-POO-2025/target/classes/assets/textures/fondoGameMenu.png
19:55:29.418 [FXGL Background Thread 1 ] DEBUG GameApplicationServi - Application scenes initialized
19:55:29.453 [FXGL Background Thread 1 ] DEBUG SystemBundleService  - Loading FXGL system data
19:55:29.457 [FXGL Background Thread 1 ] DEBUG FileSystemAccess     - Reading from: /home/avrann/Escritorio/Proyecto POO/jorge.carrillo-Proyecto-POO-2025/system/fxgl.bundle
19:55:29.469 [FXGL Background Thread 1 ] DEBUG SystemBundleService  - Bundle FXGL: {}
19:55:29.469 [FXGL Background Thread 1 ] DEBUG UpdaterService       - Checking for updates
19:55:29.501 [FXGL Background Thread 4 ] DEBUG FXGLApplication      - Loading fonts
19:55:29.501 [FXGL Background Thread 4 ] DEBUG FXGLAssetLoaderServi - Loading from file system: jar:file:///home/avrann/.m2/repository/com/github/almasb/fxgl/21.1/fxgl-21.1.jar!/fxglassets/ui/fonts/VarelaRound-Regular.ttf
19:55:29.503 [FXGL Background Thread 1 ] DEBUG FXGLApplication      - Loading default localization
19:55:29.504 [FXGL Background Thread 1 ] DEBUG FXGLAssetLoaderServi - Loading from file system: jar:file:///home/avrann/.m2/repository/com/github/almasb/fxgl/21.1/fxgl-21.1.jar!/fxglassets/languages/english.lang
19:55:29.522 [FXGL Background Thread 1 ] INFO  FXGLApplication      - FXGL initialization took: 1.148 sec
19:55:29.524 [FXGL Background Thread 4 ] DEBUG FXGLAssetLoaderServi - Loading from file system: jar:file:///home/avrann/.m2/repository/com/github/almasb/fxgl/21.1/fxgl-21.1.jar!/fxglassets/ui/fonts/Abel-Regular.ttf
19:55:29.526 [JavaFX Application Thread] DEBUG FXGLAssetLoaderServi - Loading from file system: jar:file:///home/avrann/.m2/repository/com/github/almasb/fxgl/21.1/fxgl-21.1.jar!/fxglassets/textures/fxgl_icon.png
19:55:29.528 [FXGL Background Thread 4 ] DEBUG FXGLAssetLoaderServi - Loading from file system: jar:file:///home/avrann/.m2/repository/com/github/almasb/fxgl/21.1/fxgl-21.1.jar!/fxglassets/ui/fonts/TerminalLandMono-Regular.otf
19:55:29.529 [FXGL Background Thread 4 ] DEBUG FXGLAssetLoaderServi - Loading from file system: jar:file:///home/avrann/.m2/repository/com/github/almasb/fxgl/21.1/fxgl-21.1.jar!/fxglassets/ui/fonts/Courier-Prime.ttf
19:55:29.555 [JavaFX Application Thread] DEBUG FXGLAssetLoaderServi - Loading from file system: jar:file:///home/avrann/.m2/repository/com/github/almasb/fxgl/21.1/fxgl-21.1.jar!/fxglassets/textures/fxgl_default_cursor.png
19:55:29.570 [JavaFX Application Thread] DEBUG Input                - Registered new binding: Screenshot - CTRL+8
19:55:29.570 [JavaFX Application Thread] DEBUG Input                - Registered new binding: Dev Options - 1
19:55:29.571 [JavaFX Application Thread] DEBUG Input                - Registered new binding: Dev Console - 2
19:55:29.571 [JavaFX Application Thread] DEBUG Input                - Registered new binding: System info dump - CTRL+9
19:55:29.572 [JavaFX Application Thread] DEBUG Input                - Registered new binding: Restart - CTRL+R
19:55:29.572 [JavaFX Application Thread] DEBUG Input                - Registered new binding: Toggle Debug Camera - CTRL+7
19:55:29.579 [JavaFX Application Thread] DEBUG LoopRunner           - Starting loop
19:55:29.607 [JavaFX Application Thread] DEBUG LoopRunner           - Initializing JavaFX AnimationTimerLoop
19:55:29.620 [JavaFX Application Thread] DEBUG Input                - Clearing active input actions
19:55:29.638 [JavaFX Application Thread] DEBUG GameApplicationServi - Removing overlay from FXGLStartupScene and adding to FXGLMainMenuDummyScene
19:55:29.643 [JavaFX Application Thread] DEBUG PrimaryStageWindow   - FXGLStartupScene -> FXGLMainMenuDummyScene
19:55:29.643 [JavaFX Application Thread] DEBUG PrimaryStageWindow   - Push state: MyMenu
19:55:29.644 [JavaFX Application Thread] DEBUG Input                - Clearing active input actions
19:55:29.648 [JavaFX Application Thread] DEBUG GameApplicationServi - Removing overlay from FXGLMainMenuDummyScene and adding to MyMenu
19:55:29.648 [JavaFX Application Thread] DEBUG PrimaryStageWindow   - FXGLMainMenuDummyScene -> MyMenu
19:55:29.649 [JavaFX Application Thread] DEBUG FXGLApplication      - Registering font factories with UI factory
19:55:32.461 [JavaFX Application Thread] DEBUG PrimaryStageWindow   - Push state: EscenaSeleccion
19:55:32.461 [JavaFX Application Thread] DEBUG Input                - Clearing active input actions
19:55:32.463 [JavaFX Application Thread] DEBUG GameApplicationServi - Removing overlay from MyMenu and adding to EscenaSeleccion
19:55:32.471 [JavaFX Application Thread] DEBUG PrimaryStageWindow   - MyMenu -> EscenaSeleccion
19:55:32.500 [FXGL Background Thread 3 ] DEBUG Engine               - Logging environment variables
19:55:32.501 [FXGL Background Thread 3 ] DEBUG Engine               - achievements: []
19:55:32.501 [FXGL Background Thread 3 ] DEBUG Engine               - actualHeight: 944.0
19:55:32.501 [FXGL Background Thread 3 ] DEBUG Engine               - actualHeightProperty: ReadOnlyDoubleProperty [value: 973.091064453125]
19:55:32.501 [FXGL Background Thread 3 ] DEBUG Engine               - actualWidth: 1391.0
19:55:32.501 [FXGL Background Thread 3 ] DEBUG Engine               - actualWidthProperty: ReadOnlyDoubleProperty [value: 1391.0]
19:55:32.501 [FXGL Background Thread 3 ] DEBUG Engine               - appIcon: fxgl_icon.png
19:55:32.501 [FXGL Background Thread 3 ] DEBUG Engine               - applicationMode: DEVELOPER
19:55:32.501 [FXGL Background Thread 3 ] DEBUG Engine               - cSSList: [fxgl_dark.css]
19:55:32.501 [FXGL Background Thread 3 ] DEBUG Engine               - collisionDetectionStrategy: BRUTE_FORCE
19:55:32.502 [FXGL Background Thread 3 ] DEBUG Engine               - configClass: Optional.empty
19:55:32.502 [FXGL Background Thread 3 ] DEBUG Engine               - credits: []
19:55:32.502 [FXGL Background Thread 3 ] DEBUG Engine               - defaultCursor: CursorInfo(imageName=fxgl_default_cursor.png, hotspotX=7.0, hotspotY=6.0)
19:55:32.502 [FXGL Background Thread 3 ] DEBUG Engine               - devBBoxColorProperty: ObjectProperty [value: 0xff0000ff]
19:55:32.502 [FXGL Background Thread 3 ] DEBUG Engine               - devEnableDebugCameraProperty: BooleanProperty [value: false]
19:55:32.502 [FXGL Background Thread 3 ] DEBUG Engine               - devSensorColorProperty: ObjectProperty [value: 0xffff00ff]
19:55:32.502 [FXGL Background Thread 3 ] DEBUG Engine               - devShowBBoxProperty: BooleanProperty [value: false]
19:55:32.502 [FXGL Background Thread 3 ] DEBUG Engine               - devShowPositionProperty: BooleanProperty [value: false]
19:55:32.502 [FXGL Background Thread 3 ] DEBUG Engine               - enabledMenuItems: []
19:55:32.502 [FXGL Background Thread 3 ] DEBUG Engine               - engineServices: [class com.almasb.fxgl.app.services.FXGLAssetLoaderService, class com.almasb.fxgl.app.FXGLApplication$GameApplicationService, class com.almasb.fxgl.app.services.FXGLDialogService, class com.almasb.fxgl.app.services.IOTaskExecutorService, class com.almasb.fxgl.io.FileSystemService, class com.almasb.fxgl.localization.LocalizationService, class com.almasb.fxgl.app.services.SystemBundleService, class com.almasb.fxgl.profile.SaveLoadService, class com.almasb.fxgl.ui.FXGLUIFactoryServiceProvider, class com.almasb.fxgl.ui.FXGLDialogFactoryServiceProvider, class com.almasb.fxgl.audio.AudioPlayer, class com.almasb.fxgl.notification.impl.NotificationServiceProvider, class com.almasb.fxgl.achievement.AchievementService, class com.almasb.fxgl.cutscene.CutsceneService, class com.almasb.fxgl.minigames.MiniGameService, class com.almasb.fxgl.net.NetService, class com.almasb.fxgl.app.services.UpdaterService, class com.almasb.fxgl.dev.DevService]
19:55:32.502 [FXGL Background Thread 3 ] DEBUG Engine               - fontGame: Abel-Regular.ttf
19:55:32.503 [FXGL Background Thread 3 ] DEBUG Engine               - fontMono: TerminalLandMono-Regular.otf
19:55:32.503 [FXGL Background Thread 3 ] DEBUG Engine               - fontSizeScaleUI: 1.0
19:55:32.503 [FXGL Background Thread 3 ] DEBUG Engine               - fontText: Courier-Prime.ttf
19:55:32.503 [FXGL Background Thread 3 ] DEBUG Engine               - fontUI: VarelaRound-Regular.ttf
19:55:32.503 [FXGL Background Thread 3 ] DEBUG Engine               - fullScreen: BooleanProperty [value: false]
19:55:32.503 [FXGL Background Thread 3 ] DEBUG Engine               - gameDifficulty: MEDIUM
19:55:32.503 [FXGL Background Thread 3 ] DEBUG Engine               - gameDifficultyProperty: ObjectProperty [value: MEDIUM]
19:55:32.503 [FXGL Background Thread 3 ] DEBUG Engine               - globalMusicVolume: 0.5
19:55:32.503 [FXGL Background Thread 3 ] DEBUG Engine               - globalMusicVolumeProperty: DoubleProperty [value: 0.5]
19:55:32.503 [FXGL Background Thread 3 ] DEBUG Engine               - globalSoundVolume: 0.5
19:55:32.503 [FXGL Background Thread 3 ] DEBUG Engine               - globalSoundVolumeProperty: DoubleProperty [value: 0.5]
19:55:32.503 [FXGL Background Thread 3 ] DEBUG Engine               - height: 1024
19:55:32.503 [FXGL Background Thread 3 ] DEBUG Engine               - is3D: false
19:55:32.503 [FXGL Background Thread 3 ] DEBUG Engine               - isAndroid: false
19:55:32.503 [FXGL Background Thread 3 ] DEBUG Engine               - isBrowser: false
19:55:32.504 [FXGL Background Thread 3 ] DEBUG Engine               - isClickFeedbackEnabled: false
19:55:32.504 [FXGL Background Thread 3 ] DEBUG Engine               - isCloseConfirmation: false
19:55:32.504 [FXGL Background Thread 3 ] DEBUG Engine               - isDesktop: true
19:55:32.504 [FXGL Background Thread 3 ] DEBUG Engine               - isDeveloperMenuEnabled: true
19:55:32.504 [FXGL Background Thread 3 ] DEBUG Engine               - isEmbedded: false
19:55:32.504 [FXGL Background Thread 3 ] DEBUG Engine               - isEntityPreloadEnabled: true
19:55:32.504 [FXGL Background Thread 3 ] DEBUG Engine               - isExperimentalTiledLargeMap: false
19:55:32.504 [FXGL Background Thread 3 ] DEBUG Engine               - isFileSystemWriteAllowed: true
19:55:32.504 [FXGL Background Thread 3 ] DEBUG Engine               - isFullScreenAllowed: false
19:55:32.504 [FXGL Background Thread 3 ] DEBUG Engine               - isFullScreenFromStart: false
19:55:32.504 [FXGL Background Thread 3 ] DEBUG Engine               - isGameMenuEnabled: true
19:55:32.504 [FXGL Background Thread 3 ] DEBUG Engine               - isIOS: false
19:55:32.504 [FXGL Background Thread 3 ] DEBUG Engine               - isIntroEnabled: false
19:55:32.504 [FXGL Background Thread 3 ] DEBUG Engine               - isLinux: true
19:55:32.504 [FXGL Background Thread 3 ] DEBUG Engine               - isMac: false
19:55:32.504 [FXGL Background Thread 3 ] DEBUG Engine               - isMainMenuEnabled: true
19:55:32.505 [FXGL Background Thread 3 ] DEBUG Engine               - isManualResizeEnabled: false
19:55:32.505 [FXGL Background Thread 3 ] DEBUG Engine               - isMobile: false
19:55:32.505 [FXGL Background Thread 3 ] DEBUG Engine               - isNative: false
19:55:32.505 [FXGL Background Thread 3 ] DEBUG Engine               - isPauseMusicWhenMinimized: true
19:55:32.505 [FXGL Background Thread 3 ] DEBUG Engine               - isPreserveResizeRatio: false
19:55:32.505 [FXGL Background Thread 3 ] DEBUG Engine               - isProfilingEnabled: false
19:55:32.505 [FXGL Background Thread 3 ] DEBUG Engine               - isScaleAffectedOnResize: true
19:55:32.505 [FXGL Background Thread 3 ] DEBUG Engine               - isSingleStep: false
19:55:32.505 [FXGL Background Thread 3 ] DEBUG Engine               - isUserProfileEnabled: false
19:55:32.505 [FXGL Background Thread 3 ] DEBUG Engine               - isWindows: false
19:55:32.506 [FXGL Background Thread 3 ] DEBUG Engine               - language: ObjectProperty [value: ENGLISH]
19:55:32.506 [FXGL Background Thread 3 ] DEBUG Engine               - menuKey: ESCAPE
19:55:32.506 [FXGL Background Thread 3 ] DEBUG Engine               - mouseSensitivity: 0.2
19:55:32.506 [FXGL Background Thread 3 ] DEBUG Engine               - notificationViewClass: class com.almasb.fxgl.notification.view.XboxNotificationView
19:55:32.506 [FXGL Background Thread 3 ] DEBUG Engine               - pixelsPerMeter: 50.0
19:55:32.506 [FXGL Background Thread 3 ] DEBUG Engine               - platform: LINUX
19:55:32.506 [FXGL Background Thread 3 ] DEBUG Engine               - prefHeightProperty: ReadOnlyDoubleProperty [value: 1024.0]
19:55:32.506 [FXGL Background Thread 3 ] DEBUG Engine               - prefWidthProperty: ReadOnlyDoubleProperty [value: 1536.0]
19:55:32.506 [FXGL Background Thread 3 ] DEBUG Engine               - profileDir: profiles/
19:55:32.506 [FXGL Background Thread 3 ] DEBUG Engine               - profileName: StringProperty [value: DEFAULT]
19:55:32.506 [FXGL Background Thread 3 ] DEBUG Engine               - randomSeed: -1
19:55:32.507 [FXGL Background Thread 3 ] DEBUG Engine               - runtimeInfo: RuntimeInfo(platform=LINUX, version=21.1, build=27.03.2024 07.52)
19:55:32.507 [FXGL Background Thread 3 ] DEBUG Engine               - saveFileExt: sav
19:55:32.507 [FXGL Background Thread 3 ] DEBUG Engine               - scaledHeightProp$fxgl: DoubleProperty [bound, value: 973.091064453125]
19:55:32.507 [FXGL Background Thread 3 ] DEBUG Engine               - scaledWidthProp$fxgl: DoubleProperty [bound, value: 1391.0]
19:55:32.507 [FXGL Background Thread 3 ] DEBUG Engine               - sceneFactory: App.Game.GameApp$1@42d34efb
19:55:32.507 [FXGL Background Thread 3 ] DEBUG Engine               - secondsIn24h: 60
19:55:32.507 [FXGL Background Thread 3 ] DEBUG Engine               - soundMenuBack: menu/back.wav
19:55:32.507 [FXGL Background Thread 3 ] DEBUG Engine               - soundMenuPress: menu/press.wav
19:55:32.507 [FXGL Background Thread 3 ] DEBUG Engine               - soundMenuSelect: menu/select.wav
19:55:32.507 [FXGL Background Thread 3 ] DEBUG Engine               - soundNotification: core/notification.wav
19:55:32.507 [FXGL Background Thread 3 ] DEBUG Engine               - stageStyle: DECORATED
19:55:32.507 [FXGL Background Thread 3 ] DEBUG Engine               - supportedLanguages: [ENGLISH, FRENCH, GERMAN, HUNGARIAN, RUSSIAN]
19:55:32.507 [FXGL Background Thread 3 ] DEBUG Engine               - ticksPerSecond: -1
19:55:32.507 [FXGL Background Thread 3 ] DEBUG Engine               - title: Eclipsis: el legado de la nave abandonada(BetaVer)
19:55:32.507 [FXGL Background Thread 3 ] DEBUG Engine               - urlGithub: https://github.com/AlmasB/FXGL
19:55:32.508 [FXGL Background Thread 3 ] DEBUG Engine               - urlLeaderboard: http://fxgl-top.herokuapp.com/
19:55:32.508 [FXGL Background Thread 3 ] DEBUG Engine               - urlPOM: https://raw.githubusercontent.com/AlmasB/FXGL/release/README.md
19:55:32.508 [FXGL Background Thread 3 ] DEBUG Engine               - userAppClass: class App.Game.GameApp
19:55:32.508 [FXGL Background Thread 3 ] DEBUG Engine               - version: 0.0
19:55:32.508 [FXGL Background Thread 3 ] DEBUG Engine               - versionCheckDays: 7
19:55:32.508 [FXGL Background Thread 3 ] DEBUG Engine               - width: 1536
19:55:32.508 [FXGL Background Thread 3 ] DEBUG Engine               - Logging services
19:55:32.508 [FXGL Background Thread 3 ] DEBUG Engine               - class com.almasb.fxgl.app.services.FXGLAssetLoaderService
19:55:32.508 [FXGL Background Thread 3 ] DEBUG Engine               - class com.almasb.fxgl.app.FXGLApplication$GameApplicationService
19:55:32.508 [FXGL Background Thread 3 ] DEBUG Engine               - class com.almasb.fxgl.app.services.FXGLDialogService
19:55:32.508 [FXGL Background Thread 3 ] DEBUG Engine               - class com.almasb.fxgl.app.services.IOTaskExecutorService
19:55:32.508 [FXGL Background Thread 3 ] DEBUG Engine               - class com.almasb.fxgl.io.FileSystemService
19:55:32.508 [FXGL Background Thread 3 ] DEBUG Engine               - class com.almasb.fxgl.localization.LocalizationService
19:55:32.508 [FXGL Background Thread 3 ] DEBUG Engine               - class com.almasb.fxgl.app.services.SystemBundleService
19:55:32.508 [FXGL Background Thread 3 ] DEBUG Engine               - class com.almasb.fxgl.profile.SaveLoadService
19:55:32.508 [FXGL Background Thread 3 ] DEBUG Engine               - class com.almasb.fxgl.ui.FXGLUIFactoryServiceProvider
19:55:32.508 [FXGL Background Thread 3 ] DEBUG Engine               - class com.almasb.fxgl.ui.FXGLDialogFactoryServiceProvider
19:55:32.509 [FXGL Background Thread 3 ] DEBUG Engine               - class com.almasb.fxgl.audio.AudioPlayer
19:55:32.509 [FXGL Background Thread 3 ] DEBUG Engine               - class com.almasb.fxgl.notification.impl.NotificationServiceProvider
19:55:32.509 [FXGL Background Thread 3 ] DEBUG Engine               - class com.almasb.fxgl.achievement.AchievementService
19:55:32.509 [FXGL Background Thread 3 ] DEBUG Engine               - class com.almasb.fxgl.cutscene.CutsceneService
19:55:32.509 [FXGL Background Thread 3 ] DEBUG Engine               - class com.almasb.fxgl.minigames.MiniGameService
19:55:32.509 [FXGL Background Thread 3 ] DEBUG Engine               - class com.almasb.fxgl.net.NetService
19:55:32.509 [FXGL Background Thread 3 ] DEBUG Engine               - class com.almasb.fxgl.app.services.UpdaterService
19:55:32.509 [FXGL Background Thread 3 ] DEBUG Engine               - class com.almasb.fxgl.dev.DevService
19:55:42.583 [JavaFX Application Thread] DEBUG FXGLApplication      - Exiting FXGL
19:55:42.583 [JavaFX Application Thread] DEBUG LoopRunner           - Stopping loop
19:55:42.583 [JavaFX Application Thread] DEBUG SystemBundleService  - Saving FXGL system data
19:55:42.584 [JavaFX Application Thread] DEBUG FileSystemAccess     - Writing to: /home/avrann/Escritorio/Proyecto POO/jorge.carrillo-Proyecto-POO-2025/system/fxgl.bundle
19:55:42.586 [JavaFX Application Thread] DEBUG Async                - Shutting down background threads
19:55:42.586 [JavaFX Application Thread] DEBUG PrimaryStageWindow   - Closing main window
19:55:42.588 [JavaFX Application Thread] DEBUG Logger               - Closing Logger
