00:44:39.605 [main                     ] DEBUG Logger               - Configured Logger
00:44:39.632 [main                     ] DEBUG GameApplication      - Logging settings
Title: Pruebas en FXGL
Version: 0.0
Width: 1600
Height: 1000
Fullscreen: false
Intro: false
Profiling: false
Single step:false
App Mode: DEVELOPER
Menu Key: ESCAPE
Stage Style: DECORATED
Scene Factory: class com.almasb.fxgl.app.scene.SceneFactory

00:44:39.845 [JavaFX Application Thread] DEBUG FXGLApplication      - Initializing FXGL
00:44:39.850 [JavaFX Application Thread] INFO  Engine               - FXGL-17.3 (30.03.2023 11.49) on LINUX (J:21.0.6 FX:20)
00:44:39.850 [JavaFX Application Thread] DEBUG Engine               - JRE Vendor Name: Oracle Corporation
00:44:39.850 [JavaFX Application Thread] DEBUG Engine               - Running on OS: Linux version 6.8.0-55-generic
00:44:39.851 [JavaFX Application Thread] DEBUG Engine               - Architecture: amd64
00:44:39.851 [JavaFX Application Thread] INFO  Engine               - Source code and latest versions at: https://github.com/AlmasB/FXGL
00:44:39.851 [JavaFX Application Thread] INFO  Engine               -       Ask questions and discuss at: https://github.com/AlmasB/FXGL/discussions
00:44:39.851 [JavaFX Application Thread] INFO  Engine               -              Join the FXGL chat at: https://gitter.im/AlmasB/FXGL
00:44:39.929 [JavaFX Application Thread] DEBUG PrimaryStageWindow   - Creating a JavaFX scene
00:44:39.929 [JavaFX Application Thread] DEBUG PrimaryStageWindow   - Target size > screen size
00:44:40.016 [JavaFX Application Thread] DEBUG PrimaryStageWindow   - Target settings size: 1600.0 x 1000.0
00:44:40.016 [JavaFX Application Thread] DEBUG PrimaryStageWindow   - Scaled scene size:    1491.0 x 947.0
00:44:40.017 [JavaFX Application Thread] DEBUG PrimaryStageWindow   - Scaled ratio: (0.931875, 0.947)
00:44:40.017 [JavaFX Application Thread] DEBUG PrimaryStageWindow   - Set initial scene to FXGLStartupScene
00:44:40.020 [JavaFX Application Thread] DEBUG PrimaryStageWindow   - Opening main window
00:44:40.069 [JavaFX Application Thread] DEBUG PrimaryStageWindow   - Window border size: (2.641845703125, 26.63995361328125)
00:44:40.070 [JavaFX Application Thread] DEBUG PrimaryStageWindow   - Scaled size: 1491.0 x 947.0
00:44:40.070 [JavaFX Application Thread] DEBUG PrimaryStageWindow   - Scaled ratio: (0.931875, 0.947)
00:44:40.070 [JavaFX Application Thread] DEBUG PrimaryStageWindow   - Scene size: 1491.0 x 947.0
00:44:40.070 [JavaFX Application Thread] DEBUG PrimaryStageWindow   - Stage size: 1493.641845703125 x 973.6399536132812
00:44:40.081 [FXGL Background Thread 1 ] DEBUG Engine               - Initializing environment variables
00:44:40.171 [FXGL Background Thread 1 ] DEBUG FXGLAssetLoaderServi - User app class for loading assets: class App.Game.GameApp
00:44:40.171 [FXGL Background Thread 1 ] DEBUG GameApplicationServi - Applying CSS: fxgl_dark.css
00:44:40.174 [FXGL Background Thread 1 ] DEBUG FXGLAssetLoaderServi - Loading from file system: jar:file:///home/avrann/.m2/repository/com/github/almasb/fxgl/17.3/fxgl-17.3.jar!/fxglassets/ui/css/fxgl_dark.css
00:44:40.214 [FXGL Background Thread 1 ] DEBUG GameApplicationServi - Initializing application scenes
00:44:40.265 [FXGL Background Thread 1 ] DEBUG GameWorld            - Game world initialized
00:44:40.343 [FXGL Background Thread 1 ] DEBUG PhysicsWorld         - Physics world initialized: appHeight=1000, physics.ppm=50.0
00:44:40.343 [FXGL Background Thread 1 ] DEBUG PhysicsWorld         - Using strategy: BRUTE_FORCE
00:44:40.346 [FXGL Background Thread 1 ] DEBUG GameScene            - Game scene initialized: 1600x1000
00:44:40.354 [FXGL Background Thread 1 ] DEBUG FXGL.DefaultMenu     - createMenuBodyGameMenu()
00:44:40.361 [FXGL Background Thread 1 ] DEBUG FXGL.DefaultMenu     - createOptionsMenu()
00:44:40.367 [FXGL Background Thread 1 ] DEBUG FXGLAssetLoaderServi - Loading from file system: jar:file:///home/avrann/.m2/repository/com/github/almasb/fxgl/17.3/fxgl-17.3.jar!/fxglassets/textures/particles/smoke.png
00:44:40.440 [FXGL Background Thread 1 ] DEBUG FXGLAssetLoaderServi - Loading from file system: jar:file:///home/avrann/.m2/repository/com/github/almasb/fxgl/17.3/fxgl-17.3.jar!/fxglassets/textures/particles/trace_horizontal.png
00:44:40.467 [FXGL Background Thread 1 ] DEBUG GameApplicationServi - Application scenes initialized
00:44:40.481 [FXGL Background Thread 1 ] DEBUG SystemBundleService  - Loading FXGL system data
00:44:40.484 [FXGL Background Thread 1 ] DEBUG FileSystemAccess     - Reading from: /home/avrann/Escritorio/Repo Proyecto DPOO/jorge.carrillo-Proyecto-POO-2025/system/fxgl.bundle
00:44:40.496 [FXGL Background Thread 1 ] DEBUG SystemBundleService  - Bundle FXGL: {}
00:44:40.496 [FXGL Background Thread 1 ] DEBUG UpdaterService       - Checking for updates
00:44:40.518 [FXGL Background Thread 4 ] DEBUG FXGLApplication      - Loading fonts
00:44:40.520 [FXGL Background Thread 4 ] DEBUG FXGLAssetLoaderServi - Loading from file system: jar:file:///home/avrann/.m2/repository/com/github/almasb/fxgl/17.3/fxgl-17.3.jar!/fxglassets/ui/fonts/VarelaRound-Regular.ttf
00:44:40.519 [FXGL Background Thread 1 ] DEBUG FXGLApplication      - Loading default localization
00:44:40.522 [FXGL Background Thread 1 ] DEBUG FXGLAssetLoaderServi - Loading from file system: jar:file:///home/avrann/.m2/repository/com/github/almasb/fxgl/17.3/fxgl-17.3.jar!/fxglassets/languages/english.lang
00:44:40.528 [FXGL Background Thread 4 ] DEBUG FXGLAssetLoaderServi - Loading from file system: jar:file:///home/avrann/.m2/repository/com/github/almasb/fxgl/17.3/fxgl-17.3.jar!/fxglassets/ui/fonts/Abel-Regular.ttf
00:44:40.530 [FXGL Background Thread 4 ] DEBUG FXGLAssetLoaderServi - Loading from file system: jar:file:///home/avrann/.m2/repository/com/github/almasb/fxgl/17.3/fxgl-17.3.jar!/fxglassets/ui/fonts/TerminalLandMono-Regular.otf
00:44:40.533 [FXGL Background Thread 1 ] INFO  FXGLApplication      - FXGL initialization took: 0.452 sec
00:44:40.534 [JavaFX Application Thread] DEBUG FXGLAssetLoaderServi - Loading from file system: jar:file:///home/avrann/.m2/repository/com/github/almasb/fxgl/17.3/fxgl-17.3.jar!/fxglassets/textures/fxgl_icon.png
00:44:40.534 [FXGL Background Thread 4 ] DEBUG FXGLAssetLoaderServi - Loading from file system: jar:file:///home/avrann/.m2/repository/com/github/almasb/fxgl/17.3/fxgl-17.3.jar!/fxglassets/ui/fonts/Courier-Prime.ttf
00:44:40.567 [JavaFX Application Thread] DEBUG FXGLAssetLoaderServi - Loading from file system: jar:file:///home/avrann/.m2/repository/com/github/almasb/fxgl/17.3/fxgl-17.3.jar!/fxglassets/textures/fxgl_default_cursor.png
00:44:40.582 [JavaFX Application Thread] DEBUG Input                - Registered new binding: Screenshot - CTRL+8
00:44:40.582 [JavaFX Application Thread] DEBUG Input                - Registered new binding: Dev Options - 1
00:44:40.582 [JavaFX Application Thread] DEBUG Input                - Registered new binding: Dev Console - 2
00:44:40.583 [JavaFX Application Thread] DEBUG Input                - Registered new binding: System info dump - CTRL+9
00:44:40.583 [JavaFX Application Thread] DEBUG Input                - Registered new binding: Restart - CTRL+R
00:44:40.584 [JavaFX Application Thread] DEBUG Input                - Registered new binding: Toggle Debug Camera - CTRL+7
00:44:40.586 [JavaFX Application Thread] DEBUG LoopRunner           - Starting loop
00:44:40.607 [JavaFX Application Thread] DEBUG LoopRunner           - Initializing JavaFX AnimationTimerLoop
00:44:40.613 [JavaFX Application Thread] DEBUG GameApplicationServi - Starting new game
00:44:40.614 [JavaFX Application Thread] DEBUG Input                - Clearing active input actions
00:44:40.637 [JavaFX Application Thread] DEBUG GameApplicationServi - Removing overlay from FXGLStartupScene and adding to FXGLLoadingScene
00:44:40.639 [JavaFX Application Thread] DEBUG PrimaryStageWindow   - FXGLStartupScene -> FXGLLoadingScene
00:44:40.639 [JavaFX Application Thread] DEBUG GameApplicationServi - Clearing previous game
00:44:40.639 [JavaFX Application Thread] DEBUG GameScene            - Clearing game scene
00:44:40.639 [JavaFX Application Thread] DEBUG GameWorld            - Clearing game world
00:44:40.639 [JavaFX Application Thread] DEBUG PhysicsWorld         - Clearing physics world
00:44:40.647 [JavaFX Application Thread] DEBUG FXGLApplication      - Registering font factories with UI factory
00:44:40.649 [FXGL Background Thread 4 ] DEBUG FXGLApplication      - Initializing game
00:44:40.917 [FXGL Background Thread 4 ] DEBUG FXGLAssetLoaderServi - Loading from file system: file:/home/avrann/Escritorio/Repo%20Proyecto%20DPOO/jorge.carrillo-Proyecto-POO-2025/target/classes/assets/music/loading.wav
00:44:41.086 [FXGL Background Thread 4 ] DEBUG AudioPlayer          - Playing music com.almasb.fxgl.audio.Music@54bfbf7f
00:44:41.186 [FXGL Background Thread 4 ] DEBUG TMXLevelLoader       - Parsed TiledMap: file:/home/avrann/Escritorio/Repo%20Proyecto%20DPOO/jorge.carrillo-Proyecto-POO-2025/target/classes/assets/levels/level_01.tmx
00:44:41.190 [FXGL Background Thread 4 ] DEBUG TMXLevelLoader       - Creating tile layer entities
00:44:41.195 [FXGL Background Thread 4 ] DEBUG TilesetLoader        - Loading view for layer Capa de patrones 1
00:44:41.199 [FXGL Background Thread 4 ] DEBUG TilesetLoader        - Created buffer with size 2000.0x1500.0
00:44:41.322 [FXGL Background Thread 4 ] WARN  TilesetLoader        - Diagonally flipped tiles are not currently supported
00:44:41.328 [FXGL Background Thread 4 ] WARN  TilesetLoader        - Diagonally flipped tiles are not currently supported
00:44:41.332 [FXGL Background Thread 4 ] WARN  TilesetLoader        - Diagonally flipped tiles are not currently supported
00:44:41.334 [FXGL Background Thread 4 ] WARN  TilesetLoader        - Diagonally flipped tiles are not currently supported
00:44:41.345 [FXGL Background Thread 4 ] WARN  TilesetLoader        - Diagonally flipped tiles are not currently supported
00:44:41.351 [FXGL Background Thread 4 ] WARN  TilesetLoader        - Diagonally flipped tiles are not currently supported
00:44:41.353 [FXGL Background Thread 4 ] WARN  TilesetLoader        - Diagonally flipped tiles are not currently supported
00:44:41.357 [FXGL Background Thread 4 ] WARN  TilesetLoader        - Diagonally flipped tiles are not currently supported
00:44:41.361 [FXGL Background Thread 4 ] WARN  TilesetLoader        - Diagonally flipped tiles are not currently supported
00:44:41.364 [FXGL Background Thread 4 ] WARN  TilesetLoader        - Diagonally flipped tiles are not currently supported
00:44:41.366 [FXGL Background Thread 4 ] WARN  TilesetLoader        - Diagonally flipped tiles are not currently supported
00:44:41.371 [FXGL Background Thread 4 ] DEBUG TilesetLoader        - Loading view for layer Capa de Decoracion
00:44:41.373 [FXGL Background Thread 4 ] DEBUG TilesetLoader        - Created buffer with size 2000.0x1500.0
00:44:41.437 [FXGL Background Thread 4 ] WARN  TilesetLoader        - Diagonally flipped tiles are not currently supported
00:44:41.439 [FXGL Background Thread 4 ] WARN  TilesetLoader        - Diagonally flipped tiles are not currently supported
00:44:41.440 [FXGL Background Thread 4 ] WARN  TilesetLoader        - Diagonally flipped tiles are not currently supported
00:44:41.442 [FXGL Background Thread 4 ] WARN  TilesetLoader        - Diagonally flipped tiles are not currently supported
00:44:41.444 [FXGL Background Thread 4 ] DEBUG TMXLevelLoader       - Creating object layer entities
00:44:41.467 [FXGL Background Thread 4 ] DEBUG GameWorld            - Clearing removable entities
00:44:41.510 [FXGL Background Thread 4 ] DEBUG GameWorld            - Setting level: com.almasb.fxgl.entity.level.Level@1778a67b
00:44:41.532 [FXGL Background Thread 4 ] DEBUG FXGLAssetLoaderServi - Loading from file system: file:/home/avrann/Escritorio/Repo%20Proyecto%20DPOO/jorge.carrillo-Proyecto-POO-2025/target/classes/assets/textures/droidatack_basic.png
00:44:41.542 [FXGL Background Thread 4 ] DEBUG FXGLAssetLoaderServi - Loading from file system: file:/home/avrann/Escritorio/Repo%20Proyecto%20DPOO/jorge.carrillo-Proyecto-POO-2025/target/classes/assets/textures/droididle.png
00:44:41.550 [FXGL Background Thread 4 ] WARN  FXGLAssetLoaderServi - Asset "/assets/textures/droidcaminando.png" was not found!
00:44:41.550 [FXGL Background Thread 4 ] WARN  FXGLAssetLoaderServi - Failed to load IMAGE
00:44:41.573 [FXGL Background Thread 4 ] WARN  FXGLAssetLoaderServi - Asset "/assets/textures/droidadelante.png" was not found!
00:44:41.573 [FXGL Background Thread 4 ] WARN  FXGLAssetLoaderServi - Failed to load IMAGE
00:44:41.577 [FXGL Background Thread 4 ] WARN  FXGLAssetLoaderServi - Asset "/assets/textures/droidatras.png" was not found!
00:44:41.578 [FXGL Background Thread 4 ] WARN  FXGLAssetLoaderServi - Failed to load IMAGE
00:44:41.578 [FXGL Background Thread 4 ] DEBUG FXGLAssetLoaderServi - Loading from file system: file:/home/avrann/Escritorio/Repo%20Proyecto%20DPOO/jorge.carrillo-Proyecto-POO-2025/target/classes/assets/textures/droiddeat.png
00:44:41.594 [FXGL Background Thread 4 ] WARN  GameWorld            - Entity is already attached to world
00:44:41.599 [FXGL Background Thread 4 ] DEBUG FXGLAssetLoaderServi - Loading from file system: file:/home/avrann/Escritorio/Repo%20Proyecto%20DPOO/jorge.carrillo-Proyecto-POO-2025/target/classes/assets/textures/droid2atack_basic.png
00:44:41.601 [FXGL Background Thread 4 ] DEBUG FXGLAssetLoaderServi - Loading from file system: file:/home/avrann/Escritorio/Repo%20Proyecto%20DPOO/jorge.carrillo-Proyecto-POO-2025/target/classes/assets/textures/droid2idle.png
00:44:41.604 [FXGL Background Thread 4 ] WARN  FXGLAssetLoaderServi - Asset "/assets/textures/droid2caminando.png" was not found!
00:44:41.605 [FXGL Background Thread 4 ] WARN  FXGLAssetLoaderServi - Failed to load IMAGE
00:44:41.605 [FXGL Background Thread 4 ] WARN  FXGLAssetLoaderServi - Asset "/assets/textures/droid2adelante.png" was not found!
00:44:41.605 [FXGL Background Thread 4 ] WARN  FXGLAssetLoaderServi - Failed to load IMAGE
00:44:41.605 [FXGL Background Thread 4 ] WARN  FXGLAssetLoaderServi - Asset "/assets/textures/droid2atras.png" was not found!
00:44:41.605 [FXGL Background Thread 4 ] WARN  FXGLAssetLoaderServi - Failed to load IMAGE
00:44:41.606 [FXGL Background Thread 4 ] DEBUG FXGLAssetLoaderServi - Loading from file system: file:/home/avrann/Escritorio/Repo%20Proyecto%20DPOO/jorge.carrillo-Proyecto-POO-2025/target/classes/assets/textures/droid2deat.png
00:44:41.608 [FXGL Background Thread 4 ] WARN  GameWorld            - Entity is already attached to world
00:44:41.609 [FXGL Background Thread 4 ] DEBUG FXGLAssetLoaderServi - Loading from file system: file:/home/avrann/Escritorio/Repo%20Proyecto%20DPOO/jorge.carrillo-Proyecto-POO-2025/target/classes/assets/textures/cyborgatack_basic.png
00:44:41.617 [FXGL Background Thread 4 ] DEBUG FXGLAssetLoaderServi - Loading from file system: file:/home/avrann/Escritorio/Repo%20Proyecto%20DPOO/jorge.carrillo-Proyecto-POO-2025/target/classes/assets/textures/cyborgidle.png
00:44:41.624 [FXGL Background Thread 4 ] DEBUG FXGLAssetLoaderServi - Loading from file system: file:/home/avrann/Escritorio/Repo%20Proyecto%20DPOO/jorge.carrillo-Proyecto-POO-2025/target/classes/assets/textures/cyborgcaminando.png
00:44:41.630 [FXGL Background Thread 4 ] DEBUG FXGLAssetLoaderServi - Loading from file system: file:/home/avrann/Escritorio/Repo%20Proyecto%20DPOO/jorge.carrillo-Proyecto-POO-2025/target/classes/assets/textures/cyborgadelante.png
00:44:41.636 [FXGL Background Thread 4 ] DEBUG FXGLAssetLoaderServi - Loading from file system: file:/home/avrann/Escritorio/Repo%20Proyecto%20DPOO/jorge.carrillo-Proyecto-POO-2025/target/classes/assets/textures/cyborgatras.png
00:44:41.640 [FXGL Background Thread 4 ] DEBUG FXGLAssetLoaderServi - Loading from file system: file:/home/avrann/Escritorio/Repo%20Proyecto%20DPOO/jorge.carrillo-Proyecto-POO-2025/target/classes/assets/textures/cyborgdeat.png
00:44:41.645 [FXGL Background Thread 4 ] WARN  GameWorld            - Entity is already attached to world
00:44:41.646 [FXGL Background Thread 4 ] DEBUG FXGLAssetLoaderServi - Loading from file system: file:/home/avrann/Escritorio/Repo%20Proyecto%20DPOO/jorge.carrillo-Proyecto-POO-2025/target/classes/assets/textures/lifeitem.png
00:44:41.648 [FXGL Background Thread 4 ] WARN  GameWorld            - Entity is already attached to world
00:44:41.649 [FXGL Background Thread 4 ] WARN  GameWorld            - Entity is already attached to world
00:44:41.650 [FXGL Background Thread 4 ] DEBUG FXGLAssetLoaderServi - Loading from file system: file:/home/avrann/Escritorio/Repo%20Proyecto%20DPOO/jorge.carrillo-Proyecto-POO-2025/target/classes/assets/textures/atackitem.png
00:44:41.652 [FXGL Background Thread 4 ] WARN  GameWorld            - Entity is already attached to world
00:44:41.653 [FXGL Background Thread 4 ] DEBUG Input                - Registered new binding: Mover Arriba - W
00:44:41.653 [FXGL Background Thread 4 ] DEBUG Input                - Registered new binding: Mover Abajo - S
00:44:41.653 [FXGL Background Thread 4 ] DEBUG Input                - Registered new binding: Mover Izquierda - A
00:44:41.653 [FXGL Background Thread 4 ] DEBUG Input                - Registered new binding: Mover Derecha - D
00:44:41.655 [FXGL Background Thread 4 ] DEBUG FXGLAssetLoaderServi - Loading from file system: file:/home/avrann/Escritorio/Repo%20Proyecto%20DPOO/jorge.carrillo-Proyecto-POO-2025/target/classes/assets/textures/statBar.png
00:44:41.659 [FXGL Background Thread 4 ] DEBUG FXGLAssetLoaderServi - Loading from file system: file:/home/avrann/Escritorio/Repo%20Proyecto%20DPOO/jorge.carrillo-Proyecto-POO-2025/target/classes/assets/textures/statAtackBar.png
00:44:41.661 [FXGL Background Thread 4 ] DEBUG FXGLAssetLoaderServi - Loading from file system: file:/home/avrann/Escritorio/Repo%20Proyecto%20DPOO/jorge.carrillo-Proyecto-POO-2025/target/classes/assets/textures/barra_enemigo.png
00:44:41.663 [FXGL Background Thread 4 ] DEBUG FXGLAssetLoaderServi - Loading from file system: file:/home/avrann/Escritorio/Repo%20Proyecto%20DPOO/jorge.carrillo-Proyecto-POO-2025/target/classes/assets/textures/life_point_enemi.png
00:44:41.663 [FXGL Background Thread 4 ] DEBUG FXGLAssetLoaderServi - Loading from file system: file:/home/avrann/Escritorio/Repo%20Proyecto%20DPOO/jorge.carrillo-Proyecto-POO-2025/target/classes/assets/textures/life_bar.png
00:44:41.669 [FXGL Background Thread 4 ] DEBUG FXGLAssetLoaderServi - Loading from file system: file:/home/avrann/Escritorio/Repo%20Proyecto%20DPOO/jorge.carrillo-Proyecto-POO-2025/target/classes/assets/textures/life_point.png
00:44:41.670 [FXGL Background Thread 4 ] DEBUG FXGLAssetLoaderServi - Loading from file system: file:/home/avrann/Escritorio/Repo%20Proyecto%20DPOO/jorge.carrillo-Proyecto-POO-2025/target/classes/assets/textures/button_atacck.png
00:44:41.671 [FXGL Background Thread 4 ] DEBUG FXGLAssetLoaderServi - Loading from file system: file:/home/avrann/Escritorio/Repo%20Proyecto%20DPOO/jorge.carrillo-Proyecto-POO-2025/target/classes/assets/textures/combat_panel.png
00:44:41.697 [FXGL Background Thread 4 ] INFO  FXGLApplication      - Game initialization took: 1.048 sec
00:44:41.709 [JavaFX Application Thread] DEBUG Input                - Clearing active input actions
00:44:41.723 [JavaFX Application Thread] DEBUG GameApplicationServi - Removing overlay from FXGLLoadingScene and adding to GameScene
00:44:41.726 [JavaFX Application Thread] DEBUG PrimaryStageWindow   - FXGLLoadingScene -> GameScene
00:44:41.946 [FXGL Background Thread 2 ] INFO  UpdaterService       - Your current version:  17.3
00:44:41.947 [FXGL Background Thread 2 ] INFO  UpdaterService       - Latest stable version: 21.1
00:44:43.517 [FXGL Background Thread 3 ] DEBUG Engine               - Logging environment variables
00:44:43.517 [FXGL Background Thread 3 ] DEBUG Engine               - achievements: []
00:44:43.517 [FXGL Background Thread 3 ] DEBUG Engine               - actualHeight: 921.5453491210938
00:44:43.517 [FXGL Background Thread 3 ] DEBUG Engine               - actualHeightProperty: ReadOnlyDoubleProperty [value: 949.7272338867188]
00:44:43.517 [FXGL Background Thread 3 ] DEBUG Engine               - actualWidth: 1489.1817626953125
00:44:43.518 [FXGL Background Thread 3 ] DEBUG Engine               - actualWidthProperty: ReadOnlyDoubleProperty [value: 1489.1817626953125]
00:44:43.518 [FXGL Background Thread 3 ] DEBUG Engine               - appIcon: fxgl_icon.png
00:44:43.518 [FXGL Background Thread 3 ] DEBUG Engine               - applicationMode: DEVELOPER
00:44:43.518 [FXGL Background Thread 3 ] DEBUG Engine               - cSSList: [fxgl_dark.css]
00:44:43.518 [FXGL Background Thread 3 ] DEBUG Engine               - collisionDetectionStrategy: BRUTE_FORCE
00:44:43.518 [FXGL Background Thread 3 ] DEBUG Engine               - configClass: Optional.empty
00:44:43.518 [FXGL Background Thread 3 ] DEBUG Engine               - credits: []
00:44:43.518 [FXGL Background Thread 3 ] DEBUG Engine               - defaultCursor: CursorInfo(imageName=fxgl_default_cursor.png, hotspotX=7.0, hotspotY=6.0)
00:44:43.518 [FXGL Background Thread 3 ] DEBUG Engine               - devBBoxColorProperty: ObjectProperty [value: 0xff0000ff]
00:44:43.518 [FXGL Background Thread 3 ] DEBUG Engine               - devEnableDebugCameraProperty: BooleanProperty [value: false]
00:44:43.518 [FXGL Background Thread 3 ] DEBUG Engine               - devSensorColorProperty: ObjectProperty [value: 0xffff00ff]
00:44:43.518 [FXGL Background Thread 3 ] DEBUG Engine               - devShowBBoxProperty: BooleanProperty [value: false]
00:44:43.518 [FXGL Background Thread 3 ] DEBUG Engine               - devShowPositionProperty: BooleanProperty [value: false]
00:44:43.518 [FXGL Background Thread 3 ] DEBUG Engine               - enabledMenuItems: []
00:44:43.519 [FXGL Background Thread 3 ] DEBUG Engine               - engineServices: [class com.almasb.fxgl.app.services.FXGLAssetLoaderService, class com.almasb.fxgl.app.FXGLApplication$GameApplicationService, class com.almasb.fxgl.app.services.FXGLDialogService, class com.almasb.fxgl.app.services.IOTaskExecutorService, class com.almasb.fxgl.io.FileSystemService, class com.almasb.fxgl.localization.LocalizationService, class com.almasb.fxgl.app.services.SystemBundleService, class com.almasb.fxgl.profile.SaveLoadService, class com.almasb.fxgl.ui.FXGLUIFactoryServiceProvider, class com.almasb.fxgl.ui.FXGLDialogFactoryServiceProvider, class com.almasb.fxgl.audio.AudioPlayer, class com.almasb.fxgl.notification.impl.NotificationServiceProvider, class com.almasb.fxgl.achievement.AchievementService, class com.almasb.fxgl.cutscene.CutsceneService, class com.almasb.fxgl.minigames.MiniGameService, class com.almasb.fxgl.net.NetService, class com.almasb.fxgl.app.services.UpdaterService, class com.almasb.fxgl.dev.DevService]
00:44:43.519 [FXGL Background Thread 3 ] DEBUG Engine               - fontGame: Abel-Regular.ttf
00:44:43.519 [FXGL Background Thread 3 ] DEBUG Engine               - fontMono: TerminalLandMono-Regular.otf
00:44:43.519 [FXGL Background Thread 3 ] DEBUG Engine               - fontSizeScaleUI: 1.0
00:44:43.519 [FXGL Background Thread 3 ] DEBUG Engine               - fontText: Courier-Prime.ttf
00:44:43.519 [FXGL Background Thread 3 ] DEBUG Engine               - fontUI: VarelaRound-Regular.ttf
00:44:43.519 [FXGL Background Thread 3 ] DEBUG Engine               - fullScreen: BooleanProperty [value: false]
00:44:43.519 [FXGL Background Thread 3 ] DEBUG Engine               - gameDifficulty: MEDIUM
00:44:43.519 [FXGL Background Thread 3 ] DEBUG Engine               - gameDifficultyProperty: ObjectProperty [value: MEDIUM]
00:44:43.519 [FXGL Background Thread 3 ] DEBUG Engine               - globalMusicVolume: 0.5
00:44:43.519 [FXGL Background Thread 3 ] DEBUG Engine               - globalMusicVolumeProperty: DoubleProperty [value: 0.5]
00:44:43.519 [FXGL Background Thread 3 ] DEBUG Engine               - globalSoundVolume: 0.5
00:44:43.519 [FXGL Background Thread 3 ] DEBUG Engine               - globalSoundVolumeProperty: DoubleProperty [value: 0.5]
00:44:43.519 [FXGL Background Thread 3 ] DEBUG Engine               - height: 1000
00:44:43.519 [FXGL Background Thread 3 ] DEBUG Engine               - is3D: false
00:44:43.519 [FXGL Background Thread 3 ] DEBUG Engine               - isAndroid: false
00:44:43.519 [FXGL Background Thread 3 ] DEBUG Engine               - isBrowser: false
00:44:43.520 [FXGL Background Thread 3 ] DEBUG Engine               - isClickFeedbackEnabled: false
00:44:43.520 [FXGL Background Thread 3 ] DEBUG Engine               - isCloseConfirmation: false
00:44:43.520 [FXGL Background Thread 3 ] DEBUG Engine               - isDesktop: true
00:44:43.520 [FXGL Background Thread 3 ] DEBUG Engine               - isDeveloperMenuEnabled: true
00:44:43.520 [FXGL Background Thread 3 ] DEBUG Engine               - isEmbedded: false
00:44:43.520 [FXGL Background Thread 3 ] DEBUG Engine               - isEntityPreloadEnabled: true
00:44:43.520 [FXGL Background Thread 3 ] DEBUG Engine               - isExperimentalTiledLargeMap: false
00:44:43.520 [FXGL Background Thread 3 ] DEBUG Engine               - isFileSystemWriteAllowed: true
00:44:43.520 [FXGL Background Thread 3 ] DEBUG Engine               - isFullScreenAllowed: false
00:44:43.520 [FXGL Background Thread 3 ] DEBUG Engine               - isFullScreenFromStart: false
00:44:43.520 [FXGL Background Thread 3 ] DEBUG Engine               - isGameMenuEnabled: true
00:44:43.520 [FXGL Background Thread 3 ] DEBUG Engine               - isIOS: false
00:44:43.520 [FXGL Background Thread 3 ] DEBUG Engine               - isIntroEnabled: false
00:44:43.520 [FXGL Background Thread 3 ] DEBUG Engine               - isLinux: true
00:44:43.520 [FXGL Background Thread 3 ] DEBUG Engine               - isMac: false
00:44:43.520 [FXGL Background Thread 3 ] DEBUG Engine               - isMainMenuEnabled: false
00:44:43.521 [FXGL Background Thread 3 ] DEBUG Engine               - isManualResizeEnabled: false
00:44:43.521 [FXGL Background Thread 3 ] DEBUG Engine               - isMobile: false
00:44:43.521 [FXGL Background Thread 3 ] DEBUG Engine               - isNative: false
00:44:43.522 [FXGL Background Thread 3 ] DEBUG Engine               - isPauseMusicWhenMinimized: true
00:44:43.522 [FXGL Background Thread 3 ] DEBUG Engine               - isPreserveResizeRatio: false
00:44:43.522 [FXGL Background Thread 3 ] DEBUG Engine               - isProfilingEnabled: false
00:44:43.522 [FXGL Background Thread 3 ] DEBUG Engine               - isScaleAffectedOnResize: true
00:44:43.522 [FXGL Background Thread 3 ] DEBUG Engine               - isSingleStep: false
00:44:43.522 [FXGL Background Thread 3 ] DEBUG Engine               - isUserProfileEnabled: false
00:44:43.522 [FXGL Background Thread 3 ] DEBUG Engine               - isWindows: false
00:44:43.522 [FXGL Background Thread 3 ] DEBUG Engine               - language: ObjectProperty [value: ENGLISH]
00:44:43.522 [FXGL Background Thread 3 ] DEBUG Engine               - menuKey: ESCAPE
00:44:43.522 [FXGL Background Thread 3 ] DEBUG Engine               - mouseSensitivity: 0.2
00:44:43.522 [FXGL Background Thread 3 ] DEBUG Engine               - notificationViewClass: class com.almasb.fxgl.notification.view.XboxNotificationView
00:44:43.522 [FXGL Background Thread 3 ] DEBUG Engine               - pixelsPerMeter: 50.0
00:44:43.523 [FXGL Background Thread 3 ] DEBUG Engine               - platform: LINUX
00:44:43.523 [FXGL Background Thread 3 ] DEBUG Engine               - prefHeightProperty: ReadOnlyDoubleProperty [value: 1000.0]
00:44:43.523 [FXGL Background Thread 3 ] DEBUG Engine               - prefWidthProperty: ReadOnlyDoubleProperty [value: 1600.0]
00:44:43.523 [FXGL Background Thread 3 ] DEBUG Engine               - profileDir: profiles/
00:44:43.523 [FXGL Background Thread 3 ] DEBUG Engine               - profileName: StringProperty [value: DEFAULT]
00:44:43.523 [FXGL Background Thread 3 ] DEBUG Engine               - randomSeed: -1
00:44:43.523 [FXGL Background Thread 3 ] DEBUG Engine               - runtimeInfo: RuntimeInfo(platform=LINUX, version=17.3, build=30.03.2023 11.49)
00:44:43.523 [FXGL Background Thread 3 ] DEBUG Engine               - saveFileExt: sav
00:44:43.523 [FXGL Background Thread 3 ] DEBUG Engine               - scaledHeightProp$fxgl: DoubleProperty [bound, value: 949.7272338867188]
00:44:43.523 [FXGL Background Thread 3 ] DEBUG Engine               - scaledWidthProp$fxgl: DoubleProperty [bound, value: 1489.1817626953125]
00:44:43.524 [FXGL Background Thread 3 ] DEBUG Engine               - sceneFactory: com.almasb.fxgl.app.scene.SceneFactory@bd2e26a
00:44:43.524 [FXGL Background Thread 3 ] DEBUG Engine               - secondsIn24h: 60
00:44:43.524 [FXGL Background Thread 3 ] DEBUG Engine               - soundMenuBack: menu/back.wav
00:44:43.524 [FXGL Background Thread 3 ] DEBUG Engine               - soundMenuPress: menu/press.wav
00:44:43.524 [FXGL Background Thread 3 ] DEBUG Engine               - soundMenuSelect: menu/select.wav
00:44:43.524 [FXGL Background Thread 3 ] DEBUG Engine               - soundNotification: core/notification.wav
00:44:43.524 [FXGL Background Thread 3 ] DEBUG Engine               - stageStyle: DECORATED
00:44:43.524 [FXGL Background Thread 3 ] DEBUG Engine               - supportedLanguages: [ENGLISH, FRENCH, GERMAN, HUNGARIAN, RUSSIAN]
00:44:43.524 [FXGL Background Thread 3 ] DEBUG Engine               - ticksPerSecond: -1
00:44:43.524 [FXGL Background Thread 3 ] DEBUG Engine               - title: Pruebas en FXGL
00:44:43.524 [FXGL Background Thread 3 ] DEBUG Engine               - urlGithub: https://github.com/AlmasB/FXGL
00:44:43.524 [FXGL Background Thread 3 ] DEBUG Engine               - urlLeaderboard: http://fxgl-top.herokuapp.com/
00:44:43.524 [FXGL Background Thread 3 ] DEBUG Engine               - urlPOM: https://raw.githubusercontent.com/AlmasB/FXGL/release/README.md
00:44:43.524 [FXGL Background Thread 3 ] DEBUG Engine               - userAppClass: class App.Game.GameApp
00:44:43.524 [FXGL Background Thread 3 ] DEBUG Engine               - version: 0.0
00:44:43.524 [FXGL Background Thread 3 ] DEBUG Engine               - versionCheckDays: 7
00:44:43.524 [FXGL Background Thread 3 ] DEBUG Engine               - width: 1600
00:44:43.524 [FXGL Background Thread 3 ] DEBUG Engine               - Logging services
00:44:43.524 [FXGL Background Thread 3 ] DEBUG Engine               - class com.almasb.fxgl.app.services.FXGLAssetLoaderService
00:44:43.525 [FXGL Background Thread 3 ] DEBUG Engine               - class com.almasb.fxgl.app.FXGLApplication$GameApplicationService
00:44:43.525 [FXGL Background Thread 3 ] DEBUG Engine               - class com.almasb.fxgl.app.services.FXGLDialogService
00:44:43.525 [FXGL Background Thread 3 ] DEBUG Engine               - class com.almasb.fxgl.app.services.IOTaskExecutorService
00:44:43.525 [FXGL Background Thread 3 ] DEBUG Engine               - class com.almasb.fxgl.io.FileSystemService
00:44:43.525 [FXGL Background Thread 3 ] DEBUG Engine               - class com.almasb.fxgl.localization.LocalizationService
00:44:43.525 [FXGL Background Thread 3 ] DEBUG Engine               - class com.almasb.fxgl.app.services.SystemBundleService
00:44:43.525 [FXGL Background Thread 3 ] DEBUG Engine               - class com.almasb.fxgl.profile.SaveLoadService
00:44:43.525 [FXGL Background Thread 3 ] DEBUG Engine               - class com.almasb.fxgl.ui.FXGLUIFactoryServiceProvider
00:44:43.525 [FXGL Background Thread 3 ] DEBUG Engine               - class com.almasb.fxgl.ui.FXGLDialogFactoryServiceProvider
00:44:43.525 [FXGL Background Thread 3 ] DEBUG Engine               - class com.almasb.fxgl.audio.AudioPlayer
00:44:43.525 [FXGL Background Thread 3 ] DEBUG Engine               - class com.almasb.fxgl.notification.impl.NotificationServiceProvider
00:44:43.525 [FXGL Background Thread 3 ] DEBUG Engine               - class com.almasb.fxgl.achievement.AchievementService
00:44:43.525 [FXGL Background Thread 3 ] DEBUG Engine               - class com.almasb.fxgl.cutscene.CutsceneService
00:44:43.525 [FXGL Background Thread 3 ] DEBUG Engine               - class com.almasb.fxgl.minigames.MiniGameService
00:44:43.525 [FXGL Background Thread 3 ] DEBUG Engine               - class com.almasb.fxgl.net.NetService
00:44:43.525 [FXGL Background Thread 3 ] DEBUG Engine               - class com.almasb.fxgl.app.services.UpdaterService
00:44:43.526 [FXGL Background Thread 3 ] DEBUG Engine               - class com.almasb.fxgl.dev.DevService
00:44:44.663 [JavaFX Application Thread] DEBUG FXGLAssetLoaderServi - Loading from file system: file:/home/avrann/Escritorio/Repo%20Proyecto%20DPOO/jorge.carrillo-Proyecto-POO-2025/target/classes/assets/sounds/item.wav
00:45:50.316 [JavaFX Application Thread] DEBUG FXGLApplication      - Exiting FXGL
00:45:50.316 [JavaFX Application Thread] DEBUG LoopRunner           - Stopping loop
00:45:50.316 [JavaFX Application Thread] DEBUG SystemBundleService  - Saving FXGL system data
00:45:50.317 [JavaFX Application Thread] DEBUG FileSystemAccess     - Writing to: /home/avrann/Escritorio/Repo Proyecto DPOO/jorge.carrillo-Proyecto-POO-2025/system/fxgl.bundle
00:45:50.319 [JavaFX Application Thread] DEBUG Async                - Shutting down background threads
00:45:50.319 [JavaFX Application Thread] DEBUG PrimaryStageWindow   - Closing main window
00:45:50.320 [JavaFX Application Thread] DEBUG Logger               - Closing Logger
