18:13:13.366 [main                     ] DEBUG Logger               - Configured Logger
18:13:13.375 [main                     ] DEBUG GameApplication      - Logging settings
Title: Eclipsis: el legado de la nave abandonada(BetaVer)
Version: 0.0
Width: 1536
Height: 1024
Fullscreen: false
Intro: false
Profiling: false
Single step:false
App Mode: DEVELOPER
Menu Key: ESCAPE
Stage Style: DECORATED
Scene Factory: class App.Game.GameApp$1

18:13:13.480 [JavaFX Application Thread] DEBUG FXGLApplication      - Initializing FXGL
18:13:13.485 [JavaFX Application Thread] INFO  Engine               - FXGL-17.3 (30.03.2023 11.49) on WINDOWS (J:24.0.1 FX:17.0.6)
18:13:13.485 [JavaFX Application Thread] DEBUG Engine               - JRE Vendor Name: Oracle Corporation
18:13:13.485 [JavaFX Application Thread] DEBUG Engine               - Running on OS: Windows 11 version 10.0
18:13:13.485 [JavaFX Application Thread] DEBUG Engine               - Architecture: amd64
18:13:13.485 [JavaFX Application Thread] INFO  Engine               - Source code and latest versions at: https://github.com/AlmasB/FXGL
18:13:13.485 [JavaFX Application Thread] INFO  Engine               -       Ask questions and discuss at: https://github.com/AlmasB/FXGL/discussions
18:13:13.485 [JavaFX Application Thread] INFO  Engine               -              Join the FXGL chat at: https://gitter.im/AlmasB/FXGL
18:13:13.572 [JavaFX Application Thread] DEBUG PrimaryStageWindow   - Creating a JavaFX scene
18:13:13.572 [JavaFX Application Thread] DEBUG PrimaryStageWindow   - Target size > screen size
18:13:13.612 [JavaFX Application Thread] DEBUG PrimaryStageWindow   - Target settings size: 1536.0 x 1024.0
18:13:13.612 [JavaFX Application Thread] DEBUG PrimaryStageWindow   - Scaled scene size:    1343.0 x 912.0
18:13:13.614 [JavaFX Application Thread] DEBUG PrimaryStageWindow   - Scaled ratio: (0.8743489583333334, 0.890625)
18:13:13.614 [JavaFX Application Thread] DEBUG PrimaryStageWindow   - Set initial scene to FXGLStartupScene
18:13:13.620 [JavaFX Application Thread] DEBUG PrimaryStageWindow   - Opening main window
18:13:13.703 [JavaFX Application Thread] DEBUG PrimaryStageWindow   - Window border size: (14.5999755859375, 37.5999755859375)
18:13:13.703 [JavaFX Application Thread] DEBUG PrimaryStageWindow   - Scaled size: 1343.0 x 912.0
18:13:13.703 [JavaFX Application Thread] DEBUG PrimaryStageWindow   - Scaled ratio: (0.8743489583333334, 0.890625)
18:13:13.704 [JavaFX Application Thread] DEBUG PrimaryStageWindow   - Scene size: 1343.0 x 912.0
18:13:13.704 [JavaFX Application Thread] DEBUG PrimaryStageWindow   - Stage size: 1357.5999755859375 x 949.5999755859375
18:13:13.715 [FXGL Background Thread 1 ] DEBUG Engine               - Initializing environment variables
18:13:13.809 [FXGL Background Thread 1 ] DEBUG FXGLAssetLoaderServi - User app class for loading assets: class App.Game.GameApp
18:13:13.809 [FXGL Background Thread 1 ] DEBUG GameApplicationServi - Applying CSS: fxgl_dark.css
18:13:13.809 [FXGL Background Thread 1 ] DEBUG FXGLAssetLoaderServi - Loading from file system: jar:file:///C:/Users/Dannieris/.m2/repository/com/github/almasb/fxgl/17.3/fxgl-17.3.jar!/fxglassets/ui/css/fxgl_dark.css
18:13:13.870 [FXGL Background Thread 1 ] DEBUG GameApplicationServi - Initializing application scenes
18:13:13.917 [FXGL Background Thread 1 ] DEBUG GameWorld            - Game world initialized
18:13:13.999 [FXGL Background Thread 1 ] DEBUG PhysicsWorld         - Physics world initialized: appHeight=1024, physics.ppm=50.0
18:13:13.999 [FXGL Background Thread 1 ] DEBUG PhysicsWorld         - Using strategy: BRUTE_FORCE
18:13:14.005 [FXGL Background Thread 1 ] DEBUG GameScene            - Game scene initialized: 1536x1024
18:13:14.207 [FXGL Background Thread 1 ] DEBUG FXGL.DefaultMenu     - createMenuBodyGameMenu()
18:13:14.215 [FXGL Background Thread 1 ] DEBUG FXGL.DefaultMenu     - createOptionsMenu()
18:13:14.221 [FXGL Background Thread 1 ] DEBUG FXGLAssetLoaderServi - Loading from file system: jar:file:///C:/Users/Dannieris/.m2/repository/com/github/almasb/fxgl/17.3/fxgl-17.3.jar!/fxglassets/textures/particles/smoke.png
18:13:14.292 [FXGL Background Thread 1 ] DEBUG FXGLAssetLoaderServi - Loading from file system: jar:file:///C:/Users/Dannieris/.m2/repository/com/github/almasb/fxgl/17.3/fxgl-17.3.jar!/fxglassets/textures/particles/trace_horizontal.png
18:13:14.306 [FXGL Background Thread 1 ] DEBUG FXGLAssetLoaderServi - Loading from file system: file:/C:/Users/Dannieris/Desktop/Nueva%20carpeta%20(4)/ForkProyecto/target/classes/assets/music/menu.wav
18:13:14.414 [FXGL Background Thread 1 ] DEBUG AudioPlayer          - Playing music com.almasb.fxgl.audio.Music@28196e06
18:13:14.417 [FXGL Background Thread 1 ] DEBUG AudioPlayer          - Playing music com.almasb.fxgl.audio.Music@28196e06
18:13:14.417 [FXGL Background Thread 1 ] DEBUG FXGLAssetLoaderServi - Loading from file system: file:/C:/Users/Dannieris/Desktop/Nueva%20carpeta%20(4)/ForkProyecto/target/classes/assets/textures/fondoGameMenu.png
18:13:14.448 [FXGL Background Thread 1 ] DEBUG GameApplicationServi - Application scenes initialized
18:13:14.454 [FXGL Background Thread 1 ] DEBUG SystemBundleService  - Loading FXGL system data
18:13:14.458 [FXGL Background Thread 1 ] DEBUG FileSystemAccess     - Reading from: C:\Users\Dannieris\Desktop\Nueva carpeta (4)\ForkProyecto\system\fxgl.bundle
18:13:14.465 [FXGL Background Thread 1 ] DEBUG SystemBundleService  - Bundle FXGL: {}
18:13:14.465 [FXGL Background Thread 1 ] DEBUG UpdaterService       - Checking for updates
18:13:14.490 [FXGL Background Thread 4 ] DEBUG FXGLApplication      - Loading fonts
18:13:14.491 [FXGL Background Thread 1 ] DEBUG FXGLApplication      - Loading default localization
18:13:14.491 [FXGL Background Thread 4 ] DEBUG FXGLAssetLoaderServi - Loading from file system: jar:file:///C:/Users/Dannieris/.m2/repository/com/github/almasb/fxgl/17.3/fxgl-17.3.jar!/fxglassets/ui/fonts/VarelaRound-Regular.ttf
18:13:14.491 [FXGL Background Thread 1 ] DEBUG FXGLAssetLoaderServi - Loading from file system: jar:file:///C:/Users/Dannieris/.m2/repository/com/github/almasb/fxgl/17.3/fxgl-17.3.jar!/fxglassets/languages/english.lang
18:13:14.524 [FXGL Background Thread 1 ] INFO  FXGLApplication      - FXGL initialization took: 0.809 sec
18:13:14.525 [JavaFX Application Thread] DEBUG FXGLAssetLoaderServi - Loading from file system: jar:file:///C:/Users/Dannieris/.m2/repository/com/github/almasb/fxgl/17.3/fxgl-17.3.jar!/fxglassets/textures/fxgl_icon.png
18:13:14.530 [FXGL Background Thread 4 ] DEBUG FXGLAssetLoaderServi - Loading from file system: jar:file:///C:/Users/Dannieris/.m2/repository/com/github/almasb/fxgl/17.3/fxgl-17.3.jar!/fxglassets/ui/fonts/Abel-Regular.ttf
18:13:14.537 [FXGL Background Thread 4 ] DEBUG FXGLAssetLoaderServi - Loading from file system: jar:file:///C:/Users/Dannieris/.m2/repository/com/github/almasb/fxgl/17.3/fxgl-17.3.jar!/fxglassets/ui/fonts/TerminalLandMono-Regular.otf
18:13:14.549 [FXGL Background Thread 4 ] DEBUG FXGLAssetLoaderServi - Loading from file system: jar:file:///C:/Users/Dannieris/.m2/repository/com/github/almasb/fxgl/17.3/fxgl-17.3.jar!/fxglassets/ui/fonts/Courier-Prime.ttf
18:13:14.550 [JavaFX Application Thread] DEBUG FXGLAssetLoaderServi - Loading from file system: file:/C:/Users/Dannieris/Desktop/Nueva%20carpeta%20(4)/ForkProyecto/target/classes/assets/textures/cursor.png
18:13:14.581 [JavaFX Application Thread] DEBUG Input                - Registered new binding: Screenshot - CTRL+8
18:13:14.582 [JavaFX Application Thread] DEBUG Input                - Registered new binding: Dev Options - 1
18:13:14.583 [JavaFX Application Thread] DEBUG Input                - Registered new binding: Dev Console - 2
18:13:14.583 [JavaFX Application Thread] DEBUG Input                - Registered new binding: System info dump - CTRL+9
18:13:14.583 [JavaFX Application Thread] DEBUG Input                - Registered new binding: Restart - CTRL+R
18:13:14.584 [JavaFX Application Thread] DEBUG Input                - Registered new binding: Toggle Debug Camera - CTRL+7
18:13:14.588 [JavaFX Application Thread] DEBUG LoopRunner           - Starting loop
18:13:14.603 [JavaFX Application Thread] DEBUG LoopRunner           - Initializing JavaFX AnimationTimerLoop
18:13:14.605 [JavaFX Application Thread] DEBUG Input                - Clearing active input actions
18:13:14.616 [JavaFX Application Thread] DEBUG GameApplicationServi - Removing overlay from FXGLStartupScene and adding to FXGLMainMenuDummyScene
18:13:14.621 [JavaFX Application Thread] DEBUG PrimaryStageWindow   - FXGLStartupScene -> FXGLMainMenuDummyScene
18:13:14.621 [JavaFX Application Thread] DEBUG PrimaryStageWindow   - Push state: MyMenu
18:13:14.621 [JavaFX Application Thread] DEBUG Input                - Clearing active input actions
18:13:14.636 [JavaFX Application Thread] DEBUG GameApplicationServi - Removing overlay from FXGLMainMenuDummyScene and adding to MyMenu
18:13:14.636 [JavaFX Application Thread] DEBUG PrimaryStageWindow   - FXGLMainMenuDummyScene -> MyMenu
18:13:14.644 [JavaFX Application Thread] DEBUG FXGLApplication      - Registering font factories with UI factory
18:13:14.751 [FXGL Background Thread 2 ] WARN  UpdaterService       - Failed to find updates: java.net.SocketException: Permission denied: connect
18:13:15.702 [JavaFX Application Thread] DEBUG PrimaryStageWindow   - Push state: EscenaSeleccion
18:13:15.702 [JavaFX Application Thread] DEBUG Input                - Clearing active input actions
18:13:15.710 [JavaFX Application Thread] DEBUG GameApplicationServi - Removing overlay from MyMenu and adding to EscenaSeleccion
18:13:15.712 [JavaFX Application Thread] DEBUG PrimaryStageWindow   - MyMenu -> EscenaSeleccion
18:13:16.577 [JavaFX Application Thread] DEBUG FXGLAssetLoaderServi - Loading from file system: file:/C:/Users/Dannieris/Desktop/Nueva%20carpeta%20(4)/ForkProyecto/target/classes/assets/sounds/key.wav
18:13:17.488 [FXGL Background Thread 3 ] DEBUG Engine               - Logging environment variables
18:13:17.489 [FXGL Background Thread 3 ] DEBUG Engine               - achievements: []
18:13:17.489 [FXGL Background Thread 3 ] DEBUG Engine               - actualHeight: 912.0
18:13:17.490 [FXGL Background Thread 3 ] DEBUG Engine               - actualHeightProperty: ReadOnlyDoubleProperty [value: 912.0]
18:13:17.490 [FXGL Background Thread 3 ] DEBUG Engine               - actualWidth: 1343.0
18:13:17.490 [FXGL Background Thread 3 ] DEBUG Engine               - actualWidthProperty: ReadOnlyDoubleProperty [value: 1343.0]
18:13:17.490 [FXGL Background Thread 3 ] DEBUG Engine               - appIcon: fxgl_icon.png
18:13:17.491 [FXGL Background Thread 3 ] DEBUG Engine               - applicationMode: DEVELOPER
18:13:17.491 [FXGL Background Thread 3 ] DEBUG Engine               - cSSList: [fxgl_dark.css]
18:13:17.491 [FXGL Background Thread 3 ] DEBUG Engine               - collisionDetectionStrategy: BRUTE_FORCE
18:13:17.491 [FXGL Background Thread 3 ] DEBUG Engine               - configClass: Optional.empty
18:13:17.491 [FXGL Background Thread 3 ] DEBUG Engine               - credits: []
18:13:17.492 [FXGL Background Thread 3 ] DEBUG Engine               - defaultCursor: CursorInfo(imageName=cursor.png, hotspotX=0.0, hotspotY=0.0)
18:13:17.492 [FXGL Background Thread 3 ] DEBUG Engine               - devBBoxColorProperty: ObjectProperty [value: 0xff0000ff]
18:13:17.493 [FXGL Background Thread 3 ] DEBUG Engine               - devEnableDebugCameraProperty: BooleanProperty [value: false]
18:13:17.493 [FXGL Background Thread 3 ] DEBUG Engine               - devSensorColorProperty: ObjectProperty [value: 0xffff00ff]
18:13:17.493 [FXGL Background Thread 3 ] DEBUG Engine               - devShowBBoxProperty: BooleanProperty [value: false]
18:13:17.493 [FXGL Background Thread 3 ] DEBUG Engine               - devShowPositionProperty: BooleanProperty [value: false]
18:13:17.493 [FXGL Background Thread 3 ] DEBUG Engine               - enabledMenuItems: []
18:13:17.493 [FXGL Background Thread 3 ] DEBUG Engine               - engineServices: [class com.almasb.fxgl.app.services.FXGLAssetLoaderService, class com.almasb.fxgl.app.FXGLApplication$GameApplicationService, class com.almasb.fxgl.app.services.FXGLDialogService, class com.almasb.fxgl.app.services.IOTaskExecutorService, class com.almasb.fxgl.io.FileSystemService, class com.almasb.fxgl.localization.LocalizationService, class com.almasb.fxgl.app.services.SystemBundleService, class com.almasb.fxgl.profile.SaveLoadService, class com.almasb.fxgl.ui.FXGLUIFactoryServiceProvider, class com.almasb.fxgl.ui.FXGLDialogFactoryServiceProvider, class com.almasb.fxgl.audio.AudioPlayer, class com.almasb.fxgl.notification.impl.NotificationServiceProvider, class com.almasb.fxgl.achievement.AchievementService, class com.almasb.fxgl.cutscene.CutsceneService, class com.almasb.fxgl.minigames.MiniGameService, class com.almasb.fxgl.net.NetService, class com.almasb.fxgl.app.services.UpdaterService, class com.almasb.fxgl.dev.DevService]
18:13:17.493 [FXGL Background Thread 3 ] DEBUG Engine               - fontGame: Abel-Regular.ttf
18:13:17.494 [FXGL Background Thread 3 ] DEBUG Engine               - fontMono: TerminalLandMono-Regular.otf
18:13:17.494 [FXGL Background Thread 3 ] DEBUG Engine               - fontSizeScaleUI: 1.0
18:13:17.494 [FXGL Background Thread 3 ] DEBUG Engine               - fontText: Courier-Prime.ttf
18:13:17.495 [FXGL Background Thread 3 ] DEBUG Engine               - fontUI: VarelaRound-Regular.ttf
18:13:17.495 [FXGL Background Thread 3 ] DEBUG Engine               - fullScreen: BooleanProperty [value: false]
18:13:17.495 [FXGL Background Thread 3 ] DEBUG Engine               - gameDifficulty: MEDIUM
18:13:17.497 [FXGL Background Thread 3 ] DEBUG Engine               - gameDifficultyProperty: ObjectProperty [value: MEDIUM]
18:13:17.497 [FXGL Background Thread 3 ] DEBUG Engine               - globalMusicVolume: 0.5
18:13:17.497 [FXGL Background Thread 3 ] DEBUG Engine               - globalMusicVolumeProperty: DoubleProperty [value: 0.5]
18:13:17.497 [FXGL Background Thread 3 ] DEBUG Engine               - globalSoundVolume: 0.5
18:13:17.498 [FXGL Background Thread 3 ] DEBUG Engine               - globalSoundVolumeProperty: DoubleProperty [value: 0.5]
18:13:17.498 [FXGL Background Thread 3 ] DEBUG Engine               - height: 1024
18:13:17.498 [FXGL Background Thread 3 ] DEBUG Engine               - is3D: false
18:13:17.498 [FXGL Background Thread 3 ] DEBUG Engine               - isAndroid: false
18:13:17.498 [FXGL Background Thread 3 ] DEBUG Engine               - isBrowser: false
18:13:17.499 [FXGL Background Thread 3 ] DEBUG Engine               - isClickFeedbackEnabled: false
18:13:17.499 [FXGL Background Thread 3 ] DEBUG Engine               - isCloseConfirmation: false
18:13:17.499 [FXGL Background Thread 3 ] DEBUG Engine               - isDesktop: true
18:13:17.499 [FXGL Background Thread 3 ] DEBUG Engine               - isDeveloperMenuEnabled: true
18:13:17.499 [FXGL Background Thread 3 ] DEBUG Engine               - isEmbedded: false
18:13:17.499 [FXGL Background Thread 3 ] DEBUG Engine               - isEntityPreloadEnabled: true
18:13:17.499 [FXGL Background Thread 3 ] DEBUG Engine               - isExperimentalTiledLargeMap: false
18:13:17.499 [FXGL Background Thread 3 ] DEBUG Engine               - isFileSystemWriteAllowed: true
18:13:17.500 [FXGL Background Thread 3 ] DEBUG Engine               - isFullScreenAllowed: false
18:13:17.500 [FXGL Background Thread 3 ] DEBUG Engine               - isFullScreenFromStart: false
18:13:17.500 [FXGL Background Thread 3 ] DEBUG Engine               - isGameMenuEnabled: true
18:13:17.500 [FXGL Background Thread 3 ] DEBUG Engine               - isIOS: false
18:13:17.501 [FXGL Background Thread 3 ] DEBUG Engine               - isIntroEnabled: false
18:13:17.501 [FXGL Background Thread 3 ] DEBUG Engine               - isLinux: false
18:13:17.501 [FXGL Background Thread 3 ] DEBUG Engine               - isMac: false
18:13:17.501 [FXGL Background Thread 3 ] DEBUG Engine               - isMainMenuEnabled: true
18:13:17.505 [FXGL Background Thread 3 ] DEBUG Engine               - isManualResizeEnabled: false
18:13:17.505 [FXGL Background Thread 3 ] DEBUG Engine               - isMobile: false
18:13:17.505 [FXGL Background Thread 3 ] DEBUG Engine               - isNative: false
18:13:17.505 [FXGL Background Thread 3 ] DEBUG Engine               - isPauseMusicWhenMinimized: true
18:13:17.505 [FXGL Background Thread 3 ] DEBUG Engine               - isPreserveResizeRatio: false
18:13:17.505 [FXGL Background Thread 3 ] DEBUG Engine               - isProfilingEnabled: false
18:13:17.505 [FXGL Background Thread 3 ] DEBUG Engine               - isScaleAffectedOnResize: true
18:13:17.505 [FXGL Background Thread 3 ] DEBUG Engine               - isSingleStep: false
18:13:17.505 [FXGL Background Thread 3 ] DEBUG Engine               - isUserProfileEnabled: false
18:13:17.505 [FXGL Background Thread 3 ] DEBUG Engine               - isWindows: true
18:13:17.506 [FXGL Background Thread 3 ] DEBUG Engine               - language: ObjectProperty [value: ENGLISH]
18:13:17.506 [FXGL Background Thread 3 ] DEBUG Engine               - menuKey: ESCAPE
18:13:17.506 [FXGL Background Thread 3 ] DEBUG Engine               - mouseSensitivity: 0.2
18:13:17.506 [FXGL Background Thread 3 ] DEBUG Engine               - notificationViewClass: class com.almasb.fxgl.notification.view.XboxNotificationView
18:13:17.506 [FXGL Background Thread 3 ] DEBUG Engine               - pixelsPerMeter: 50.0
18:13:17.506 [FXGL Background Thread 3 ] DEBUG Engine               - platform: WINDOWS
18:13:17.506 [FXGL Background Thread 3 ] DEBUG Engine               - prefHeightProperty: ReadOnlyDoubleProperty [value: 1024.0]
18:13:17.506 [FXGL Background Thread 3 ] DEBUG Engine               - prefWidthProperty: ReadOnlyDoubleProperty [value: 1536.0]
18:13:17.506 [FXGL Background Thread 3 ] DEBUG Engine               - profileDir: profiles/
18:13:17.506 [FXGL Background Thread 3 ] DEBUG Engine               - profileName: StringProperty [value: DEFAULT]
18:13:17.506 [FXGL Background Thread 3 ] DEBUG Engine               - randomSeed: -1
18:13:17.507 [FXGL Background Thread 3 ] DEBUG Engine               - runtimeInfo: RuntimeInfo(platform=WINDOWS, version=17.3, build=30.03.2023 11.49)
18:13:17.507 [FXGL Background Thread 3 ] DEBUG Engine               - saveFileExt: sav
18:13:17.507 [FXGL Background Thread 3 ] DEBUG Engine               - scaledHeightProp$fxgl: DoubleProperty [bound, value: 912.0]
18:13:17.507 [FXGL Background Thread 3 ] DEBUG Engine               - scaledWidthProp$fxgl: DoubleProperty [bound, value: 1343.0]
18:13:17.507 [FXGL Background Thread 3 ] DEBUG Engine               - sceneFactory: App.Game.GameApp$1@6464e979
18:13:17.507 [FXGL Background Thread 3 ] DEBUG Engine               - secondsIn24h: 60
18:13:17.507 [FXGL Background Thread 3 ] DEBUG Engine               - soundMenuBack: menu/back.wav
18:13:17.507 [FXGL Background Thread 3 ] DEBUG Engine               - soundMenuPress: menu/press.wav
18:13:17.507 [FXGL Background Thread 3 ] DEBUG Engine               - soundMenuSelect: menu/select.wav
18:13:17.507 [FXGL Background Thread 3 ] DEBUG Engine               - soundNotification: core/notification.wav
18:13:17.508 [FXGL Background Thread 3 ] DEBUG Engine               - stageStyle: DECORATED
18:13:17.508 [FXGL Background Thread 3 ] DEBUG Engine               - supportedLanguages: [ENGLISH, FRENCH, GERMAN, HUNGARIAN, RUSSIAN]
18:13:17.508 [FXGL Background Thread 3 ] DEBUG Engine               - ticksPerSecond: -1
18:13:17.508 [FXGL Background Thread 3 ] DEBUG Engine               - title: Eclipsis: el legado de la nave abandonada(BetaVer)
18:13:17.508 [FXGL Background Thread 3 ] DEBUG Engine               - urlGithub: https://github.com/AlmasB/FXGL
18:13:17.508 [FXGL Background Thread 3 ] DEBUG Engine               - urlLeaderboard: http://fxgl-top.herokuapp.com/
18:13:17.508 [FXGL Background Thread 3 ] DEBUG Engine               - urlPOM: https://raw.githubusercontent.com/AlmasB/FXGL/release/README.md
18:13:17.508 [FXGL Background Thread 3 ] DEBUG Engine               - userAppClass: class App.Game.GameApp
18:13:17.508 [FXGL Background Thread 3 ] DEBUG Engine               - version: 0.0
18:13:17.508 [FXGL Background Thread 3 ] DEBUG Engine               - versionCheckDays: 7
18:13:17.508 [FXGL Background Thread 3 ] DEBUG Engine               - width: 1536
18:13:17.508 [FXGL Background Thread 3 ] DEBUG Engine               - Logging services
18:13:17.508 [FXGL Background Thread 3 ] DEBUG Engine               - class com.almasb.fxgl.app.services.FXGLAssetLoaderService
18:13:17.509 [FXGL Background Thread 3 ] DEBUG Engine               - class com.almasb.fxgl.app.FXGLApplication$GameApplicationService
18:13:17.509 [FXGL Background Thread 3 ] DEBUG Engine               - class com.almasb.fxgl.app.services.FXGLDialogService
18:13:17.509 [FXGL Background Thread 3 ] DEBUG Engine               - class com.almasb.fxgl.app.services.IOTaskExecutorService
18:13:17.509 [FXGL Background Thread 3 ] DEBUG Engine               - class com.almasb.fxgl.io.FileSystemService
18:13:17.509 [FXGL Background Thread 3 ] DEBUG Engine               - class com.almasb.fxgl.localization.LocalizationService
18:13:17.509 [FXGL Background Thread 3 ] DEBUG Engine               - class com.almasb.fxgl.app.services.SystemBundleService
18:13:17.509 [FXGL Background Thread 3 ] DEBUG Engine               - class com.almasb.fxgl.profile.SaveLoadService
18:13:17.509 [FXGL Background Thread 3 ] DEBUG Engine               - class com.almasb.fxgl.ui.FXGLUIFactoryServiceProvider
18:13:17.509 [FXGL Background Thread 3 ] DEBUG Engine               - class com.almasb.fxgl.ui.FXGLDialogFactoryServiceProvider
18:13:17.509 [FXGL Background Thread 3 ] DEBUG Engine               - class com.almasb.fxgl.audio.AudioPlayer
18:13:17.509 [FXGL Background Thread 3 ] DEBUG Engine               - class com.almasb.fxgl.notification.impl.NotificationServiceProvider
18:13:17.509 [FXGL Background Thread 3 ] DEBUG Engine               - class com.almasb.fxgl.achievement.AchievementService
18:13:17.509 [FXGL Background Thread 3 ] DEBUG Engine               - class com.almasb.fxgl.cutscene.CutsceneService
18:13:17.509 [FXGL Background Thread 3 ] DEBUG Engine               - class com.almasb.fxgl.minigames.MiniGameService
18:13:17.509 [FXGL Background Thread 3 ] DEBUG Engine               - class com.almasb.fxgl.net.NetService
18:13:17.510 [FXGL Background Thread 3 ] DEBUG Engine               - class com.almasb.fxgl.app.services.UpdaterService
18:13:17.510 [FXGL Background Thread 3 ] DEBUG Engine               - class com.almasb.fxgl.dev.DevService
18:13:18.309 [JavaFX Application Thread] DEBUG GameApplicationServi - Starting new game
18:13:18.310 [JavaFX Application Thread] DEBUG PrimaryStageWindow   - Pop state: EscenaSeleccion
18:13:18.310 [JavaFX Application Thread] DEBUG Input                - Clearing active input actions
18:13:18.313 [JavaFX Application Thread] DEBUG GameApplicationServi - Removing overlay from EscenaSeleccion and adding to MyMenu
18:13:18.328 [JavaFX Application Thread] DEBUG PrimaryStageWindow   - MyMenu <- EscenaSeleccion
18:13:18.328 [JavaFX Application Thread] DEBUG PrimaryStageWindow   - Pop state: MyMenu
18:13:18.328 [JavaFX Application Thread] DEBUG Input                - Clearing active input actions
18:13:18.330 [JavaFX Application Thread] DEBUG GameApplicationServi - Removing overlay from MyMenu and adding to FXGLMainMenuDummyScene
18:13:18.332 [JavaFX Application Thread] DEBUG PrimaryStageWindow   - FXGLMainMenuDummyScene <- MyMenu
18:13:18.333 [JavaFX Application Thread] DEBUG Input                - Clearing active input actions
18:13:18.350 [JavaFX Application Thread] DEBUG GameApplicationServi - Removing overlay from FXGLMainMenuDummyScene and adding to FXGLLoadingScene
18:13:18.357 [JavaFX Application Thread] DEBUG PrimaryStageWindow   - FXGLMainMenuDummyScene -> FXGLLoadingScene
18:13:18.357 [JavaFX Application Thread] DEBUG GameApplicationServi - Clearing previous game
18:13:18.357 [JavaFX Application Thread] DEBUG GameScene            - Clearing game scene
18:13:18.357 [JavaFX Application Thread] DEBUG GameWorld            - Clearing game world
18:13:18.357 [JavaFX Application Thread] DEBUG PhysicsWorld         - Clearing physics world
18:13:18.359 [FXGL Background Thread 2 ] DEBUG FXGLApplication      - Initializing game
18:13:18.528 [FXGL Background Thread 2 ] DEBUG AudioPlayer          - Stopping music com.almasb.fxgl.audio.Music@28196e06
18:13:18.530 [FXGL Background Thread 2 ] DEBUG FXGLAssetLoaderServi - Loading from file system: file:/C:/Users/Dannieris/Desktop/Nueva%20carpeta%20(4)/ForkProyecto/target/classes/assets/music/loading.wav
18:13:18.538 [FXGL Background Thread 2 ] DEBUG AudioPlayer          - Playing music com.almasb.fxgl.audio.Music@7cc64ece
18:13:18.592 [FXGL Background Thread 2 ] WARN  TMXLevelLoader       - TiledMap generated from 1.11.2. Supported version: 1.9.0. Some features may not be parsed fully.
18:13:18.612 [FXGL Background Thread 2 ] DEBUG TMXLevelLoader       - Parsed TiledMap: file:/C:/Users/Dannieris/Desktop/Nueva%20carpeta%20(4)/ForkProyecto/target/classes/assets/levels/level_01.tmx
18:13:18.613 [FXGL Background Thread 2 ] DEBUG TMXLevelLoader       - Creating tile layer entities
18:13:18.617 [FXGL Background Thread 2 ] DEBUG TilesetLoader        - Loading view for layer Capa de patrones 1
18:13:18.623 [FXGL Background Thread 2 ] DEBUG TilesetLoader        - Created buffer with size 2000.0x1500.0
18:13:18.683 [FXGL Background Thread 2 ] WARN  TilesetLoader        - Diagonally flipped tiles are not currently supported
18:13:18.687 [FXGL Background Thread 2 ] WARN  TilesetLoader        - Diagonally flipped tiles are not currently supported
18:13:18.689 [FXGL Background Thread 2 ] WARN  TilesetLoader        - Diagonally flipped tiles are not currently supported
18:13:18.691 [FXGL Background Thread 2 ] WARN  TilesetLoader        - Diagonally flipped tiles are not currently supported
18:13:18.695 [FXGL Background Thread 2 ] WARN  TilesetLoader        - Diagonally flipped tiles are not currently supported
18:13:18.696 [FXGL Background Thread 2 ] WARN  TilesetLoader        - Diagonally flipped tiles are not currently supported
18:13:18.720 [FXGL Background Thread 2 ] WARN  TilesetLoader        - Diagonally flipped tiles are not currently supported
18:13:18.722 [FXGL Background Thread 2 ] WARN  TilesetLoader        - Diagonally flipped tiles are not currently supported
18:13:18.725 [FXGL Background Thread 2 ] WARN  TilesetLoader        - Diagonally flipped tiles are not currently supported
18:13:18.727 [FXGL Background Thread 2 ] WARN  TilesetLoader        - Diagonally flipped tiles are not currently supported
18:13:18.729 [FXGL Background Thread 2 ] DEBUG TilesetLoader        - Loading view for layer Capa de Decoracion
18:13:18.744 [FXGL Background Thread 2 ] DEBUG TilesetLoader        - Created buffer with size 2000.0x1500.0
18:13:18.776 [FXGL Background Thread 2 ] WARN  TilesetLoader        - Diagonally flipped tiles are not currently supported
18:13:18.777 [FXGL Background Thread 2 ] WARN  TilesetLoader        - Diagonally flipped tiles are not currently supported
18:13:18.795 [FXGL Background Thread 2 ] WARN  TilesetLoader        - Diagonally flipped tiles are not currently supported
18:13:18.796 [FXGL Background Thread 2 ] WARN  TilesetLoader        - Diagonally flipped tiles are not currently supported
18:13:18.796 [FXGL Background Thread 2 ] WARN  TilesetLoader        - Diagonally flipped tiles are not currently supported
18:13:18.797 [FXGL Background Thread 2 ] WARN  TilesetLoader        - Diagonally flipped tiles are not currently supported
18:13:18.798 [FXGL Background Thread 2 ] WARN  TilesetLoader        - Diagonally flipped tiles are not currently supported
18:13:18.799 [FXGL Background Thread 2 ] WARN  TilesetLoader        - Diagonally flipped tiles are not currently supported
18:13:18.799 [FXGL Background Thread 2 ] WARN  TilesetLoader        - Diagonally flipped tiles are not currently supported
18:13:18.802 [FXGL Background Thread 2 ] WARN  TilesetLoader        - Diagonally flipped tiles are not currently supported
18:13:18.807 [FXGL Background Thread 2 ] DEBUG TMXLevelLoader       - Creating object layer entities
18:13:18.850 [FXGL Background Thread 2 ] DEBUG GameWorld            - Clearing removable entities
18:13:18.890 [FXGL Background Thread 2 ] DEBUG GameWorld            - Setting level: com.almasb.fxgl.entity.level.Level@6eec63f1
18:13:18.928 [FXGL Background Thread 2 ] DEBUG FXGLAssetLoaderServi - Loading from file system: file:/C:/Users/Dannieris/Desktop/Nueva%20carpeta%20(4)/ForkProyecto/target/classes/assets/textures/bossatack_basic.png
18:13:18.938 [FXGL Background Thread 2 ] DEBUG FXGLAssetLoaderServi - Loading from file system: file:/C:/Users/Dannieris/Desktop/Nueva%20carpeta%20(4)/ForkProyecto/target/classes/assets/textures/bossidle.png
18:13:18.942 [FXGL Background Thread 2 ] WARN  FXGLAssetLoaderServi - Asset "/assets/textures/bosscaminando.png" was not found!
18:13:18.942 [FXGL Background Thread 2 ] WARN  FXGLAssetLoaderServi - Failed to load IMAGE
18:13:18.976 [FXGL Background Thread 2 ] WARN  FXGLAssetLoaderServi - Asset "/assets/textures/bossadelante.png" was not found!
18:13:18.976 [FXGL Background Thread 2 ] WARN  FXGLAssetLoaderServi - Failed to load IMAGE
18:13:18.976 [FXGL Background Thread 2 ] WARN  FXGLAssetLoaderServi - Asset "/assets/textures/bossatras.png" was not found!
18:13:18.976 [FXGL Background Thread 2 ] WARN  FXGLAssetLoaderServi - Failed to load IMAGE
18:13:18.977 [FXGL Background Thread 2 ] WARN  FXGLAssetLoaderServi - Asset "/assets/textures/bossdeat.png" was not found!
18:13:18.977 [FXGL Background Thread 2 ] WARN  FXGLAssetLoaderServi - Failed to load IMAGE
18:13:18.993 [FXGL Background Thread 2 ] WARN  GameWorld            - Entity is already attached to world
18:13:18.994 [FXGL Background Thread 2 ] DEBUG FXGLAssetLoaderServi - Loading from file system: file:/C:/Users/Dannieris/Desktop/Nueva%20carpeta%20(4)/ForkProyecto/target/classes/assets/textures/tankeitem.png
18:13:18.997 [FXGL Background Thread 2 ] WARN  FXGLAssetLoaderServi - Asset "/assets/textures/tankedisabled.png" was not found!
18:13:18.998 [FXGL Background Thread 2 ] WARN  FXGLAssetLoaderServi - Failed to load IMAGE
18:13:18.999 [FXGL Background Thread 2 ] WARN  GameWorld            - Entity is already attached to world
18:13:19.001 [FXGL Background Thread 2 ] WARN  FXGLAssetLoaderServi - Asset "/assets/textures/tankedisabled.png" was not found!
18:13:19.001 [FXGL Background Thread 2 ] WARN  FXGLAssetLoaderServi - Failed to load IMAGE
18:13:19.002 [FXGL Background Thread 2 ] WARN  GameWorld            - Entity is already attached to world
18:13:19.005 [FXGL Background Thread 2 ] DEBUG FXGLAssetLoaderServi - Loading from file system: file:/C:/Users/Dannieris/Desktop/Nueva%20carpeta%20(4)/ForkProyecto/target/classes/assets/textures/exploreatack_basic.png
18:13:19.007 [FXGL Background Thread 2 ] DEBUG FXGLAssetLoaderServi - Loading from file system: file:/C:/Users/Dannieris/Desktop/Nueva%20carpeta%20(4)/ForkProyecto/target/classes/assets/textures/exploreidle.png
18:13:19.010 [FXGL Background Thread 2 ] WARN  FXGLAssetLoaderServi - Asset "/assets/textures/explorecaminando.png" was not found!
18:13:19.010 [FXGL Background Thread 2 ] WARN  FXGLAssetLoaderServi - Failed to load IMAGE
18:13:19.010 [FXGL Background Thread 2 ] WARN  FXGLAssetLoaderServi - Asset "/assets/textures/exploreadelante.png" was not found!
18:13:19.010 [FXGL Background Thread 2 ] WARN  FXGLAssetLoaderServi - Failed to load IMAGE
18:13:19.011 [FXGL Background Thread 2 ] WARN  FXGLAssetLoaderServi - Asset "/assets/textures/exploreatras.png" was not found!
18:13:19.011 [FXGL Background Thread 2 ] WARN  FXGLAssetLoaderServi - Failed to load IMAGE
18:13:19.011 [FXGL Background Thread 2 ] DEBUG FXGLAssetLoaderServi - Loading from file system: file:/C:/Users/Dannieris/Desktop/Nueva%20carpeta%20(4)/ForkProyecto/target/classes/assets/textures/exploredeat.png
18:13:19.016 [FXGL Background Thread 2 ] WARN  GameWorld            - Entity is already attached to world
18:13:19.018 [FXGL Background Thread 2 ] WARN  FXGLAssetLoaderServi - Asset "/assets/textures/explorecaminando.png" was not found!
18:13:19.018 [FXGL Background Thread 2 ] WARN  FXGLAssetLoaderServi - Failed to load IMAGE
18:13:19.018 [FXGL Background Thread 2 ] WARN  FXGLAssetLoaderServi - Asset "/assets/textures/exploreadelante.png" was not found!
18:13:19.018 [FXGL Background Thread 2 ] WARN  FXGLAssetLoaderServi - Failed to load IMAGE
18:13:19.019 [FXGL Background Thread 2 ] WARN  FXGLAssetLoaderServi - Asset "/assets/textures/exploreatras.png" was not found!
18:13:19.019 [FXGL Background Thread 2 ] WARN  FXGLAssetLoaderServi - Failed to load IMAGE
18:13:19.021 [FXGL Background Thread 2 ] WARN  GameWorld            - Entity is already attached to world
18:13:19.022 [FXGL Background Thread 2 ] DEBUG FXGLAssetLoaderServi - Loading from file system: file:/C:/Users/Dannieris/Desktop/Nueva%20carpeta%20(4)/ForkProyecto/target/classes/assets/textures/droidatack_basic.png
18:13:19.024 [FXGL Background Thread 2 ] DEBUG FXGLAssetLoaderServi - Loading from file system: file:/C:/Users/Dannieris/Desktop/Nueva%20carpeta%20(4)/ForkProyecto/target/classes/assets/textures/droididle.png
18:13:19.025 [FXGL Background Thread 2 ] WARN  FXGLAssetLoaderServi - Asset "/assets/textures/droidcaminando.png" was not found!
18:13:19.026 [FXGL Background Thread 2 ] WARN  FXGLAssetLoaderServi - Failed to load IMAGE
18:13:19.026 [FXGL Background Thread 2 ] WARN  FXGLAssetLoaderServi - Asset "/assets/textures/droidadelante.png" was not found!
18:13:19.026 [FXGL Background Thread 2 ] WARN  FXGLAssetLoaderServi - Failed to load IMAGE
18:13:19.026 [FXGL Background Thread 2 ] WARN  FXGLAssetLoaderServi - Asset "/assets/textures/droidatras.png" was not found!
18:13:19.026 [FXGL Background Thread 2 ] WARN  FXGLAssetLoaderServi - Failed to load IMAGE
18:13:19.026 [FXGL Background Thread 2 ] DEBUG FXGLAssetLoaderServi - Loading from file system: file:/C:/Users/Dannieris/Desktop/Nueva%20carpeta%20(4)/ForkProyecto/target/classes/assets/textures/droiddeat.png
18:13:19.028 [FXGL Background Thread 2 ] WARN  GameWorld            - Entity is already attached to world
18:13:19.029 [FXGL Background Thread 2 ] WARN  FXGLAssetLoaderServi - Asset "/assets/textures/droidcaminando.png" was not found!
18:13:19.029 [FXGL Background Thread 2 ] WARN  FXGLAssetLoaderServi - Failed to load IMAGE
18:13:19.029 [FXGL Background Thread 2 ] WARN  FXGLAssetLoaderServi - Asset "/assets/textures/droidadelante.png" was not found!
18:13:19.029 [FXGL Background Thread 2 ] WARN  FXGLAssetLoaderServi - Failed to load IMAGE
18:13:19.029 [FXGL Background Thread 2 ] WARN  FXGLAssetLoaderServi - Asset "/assets/textures/droidatras.png" was not found!
18:13:19.029 [FXGL Background Thread 2 ] WARN  FXGLAssetLoaderServi - Failed to load IMAGE
18:13:19.030 [FXGL Background Thread 2 ] WARN  GameWorld            - Entity is already attached to world
18:13:19.031 [FXGL Background Thread 2 ] DEBUG FXGLAssetLoaderServi - Loading from file system: file:/C:/Users/Dannieris/Desktop/Nueva%20carpeta%20(4)/ForkProyecto/target/classes/assets/textures/droid2atack_basic.png
18:13:19.034 [FXGL Background Thread 2 ] DEBUG FXGLAssetLoaderServi - Loading from file system: file:/C:/Users/Dannieris/Desktop/Nueva%20carpeta%20(4)/ForkProyecto/target/classes/assets/textures/droid2idle.png
18:13:19.037 [FXGL Background Thread 2 ] WARN  FXGLAssetLoaderServi - Asset "/assets/textures/droid2caminando.png" was not found!
18:13:19.038 [FXGL Background Thread 2 ] WARN  FXGLAssetLoaderServi - Failed to load IMAGE
18:13:19.038 [FXGL Background Thread 2 ] WARN  FXGLAssetLoaderServi - Asset "/assets/textures/droid2adelante.png" was not found!
18:13:19.038 [FXGL Background Thread 2 ] WARN  FXGLAssetLoaderServi - Failed to load IMAGE
18:13:19.038 [FXGL Background Thread 2 ] WARN  FXGLAssetLoaderServi - Asset "/assets/textures/droid2atras.png" was not found!
18:13:19.039 [FXGL Background Thread 2 ] WARN  FXGLAssetLoaderServi - Failed to load IMAGE
18:13:19.039 [FXGL Background Thread 2 ] DEBUG FXGLAssetLoaderServi - Loading from file system: file:/C:/Users/Dannieris/Desktop/Nueva%20carpeta%20(4)/ForkProyecto/target/classes/assets/textures/droid2deat.png
18:13:19.043 [FXGL Background Thread 2 ] WARN  GameWorld            - Entity is already attached to world
18:13:19.043 [FXGL Background Thread 2 ] WARN  FXGLAssetLoaderServi - Asset "/assets/textures/droid2caminando.png" was not found!
18:13:19.044 [FXGL Background Thread 2 ] WARN  FXGLAssetLoaderServi - Failed to load IMAGE
18:13:19.044 [FXGL Background Thread 2 ] WARN  FXGLAssetLoaderServi - Asset "/assets/textures/droid2adelante.png" was not found!
18:13:19.044 [FXGL Background Thread 2 ] WARN  FXGLAssetLoaderServi - Failed to load IMAGE
18:13:19.044 [FXGL Background Thread 2 ] WARN  FXGLAssetLoaderServi - Asset "/assets/textures/droid2atras.png" was not found!
18:13:19.044 [FXGL Background Thread 2 ] WARN  FXGLAssetLoaderServi - Failed to load IMAGE
18:13:19.046 [FXGL Background Thread 2 ] WARN  GameWorld            - Entity is already attached to world
18:13:19.048 [FXGL Background Thread 2 ] WARN  FXGLAssetLoaderServi - Asset "/assets/textures/droid2caminando.png" was not found!
18:13:19.049 [FXGL Background Thread 2 ] WARN  FXGLAssetLoaderServi - Failed to load IMAGE
18:13:19.049 [FXGL Background Thread 2 ] WARN  FXGLAssetLoaderServi - Asset "/assets/textures/droid2adelante.png" was not found!
18:13:19.049 [FXGL Background Thread 2 ] WARN  FXGLAssetLoaderServi - Failed to load IMAGE
18:13:19.050 [FXGL Background Thread 2 ] WARN  FXGLAssetLoaderServi - Asset "/assets/textures/droid2atras.png" was not found!
18:13:19.050 [FXGL Background Thread 2 ] WARN  FXGLAssetLoaderServi - Failed to load IMAGE
18:13:19.051 [FXGL Background Thread 2 ] WARN  GameWorld            - Entity is already attached to world
18:13:19.054 [FXGL Background Thread 2 ] DEBUG FXGLAssetLoaderServi - Loading from file system: file:/C:/Users/Dannieris/Desktop/Nueva%20carpeta%20(4)/ForkProyecto/target/classes/assets/textures/droid3atack_basic.png
18:13:19.057 [FXGL Background Thread 2 ] DEBUG FXGLAssetLoaderServi - Loading from file system: file:/C:/Users/Dannieris/Desktop/Nueva%20carpeta%20(4)/ForkProyecto/target/classes/assets/textures/droid3idle.png
18:13:19.058 [FXGL Background Thread 2 ] WARN  FXGLAssetLoaderServi - Asset "/assets/textures/droid3caminando.png" was not found!
18:13:19.059 [FXGL Background Thread 2 ] WARN  FXGLAssetLoaderServi - Failed to load IMAGE
18:13:19.059 [FXGL Background Thread 2 ] WARN  FXGLAssetLoaderServi - Asset "/assets/textures/droid3adelante.png" was not found!
18:13:19.059 [FXGL Background Thread 2 ] WARN  FXGLAssetLoaderServi - Failed to load IMAGE
18:13:19.059 [FXGL Background Thread 2 ] WARN  FXGLAssetLoaderServi - Asset "/assets/textures/droid3atras.png" was not found!
18:13:19.059 [FXGL Background Thread 2 ] WARN  FXGLAssetLoaderServi - Failed to load IMAGE
18:13:19.061 [FXGL Background Thread 2 ] DEBUG FXGLAssetLoaderServi - Loading from file system: file:/C:/Users/Dannieris/Desktop/Nueva%20carpeta%20(4)/ForkProyecto/target/classes/assets/textures/droid3deat.png
18:13:19.064 [FXGL Background Thread 2 ] WARN  GameWorld            - Entity is already attached to world
18:13:19.067 [FXGL Background Thread 2 ] WARN  FXGLAssetLoaderServi - Asset "/assets/textures/droid3caminando.png" was not found!
18:13:19.068 [FXGL Background Thread 2 ] WARN  FXGLAssetLoaderServi - Failed to load IMAGE
18:13:19.068 [FXGL Background Thread 2 ] WARN  FXGLAssetLoaderServi - Asset "/assets/textures/droid3adelante.png" was not found!
18:13:19.068 [FXGL Background Thread 2 ] WARN  FXGLAssetLoaderServi - Failed to load IMAGE
18:13:19.077 [FXGL Background Thread 2 ] WARN  FXGLAssetLoaderServi - Asset "/assets/textures/droid3atras.png" was not found!
18:13:19.078 [FXGL Background Thread 2 ] WARN  FXGLAssetLoaderServi - Failed to load IMAGE
18:13:19.079 [FXGL Background Thread 2 ] WARN  GameWorld            - Entity is already attached to world
18:13:19.079 [FXGL Background Thread 2 ] DEBUG FXGLAssetLoaderServi - Loading from file system: file:/C:/Users/Dannieris/Desktop/Nueva%20carpeta%20(4)/ForkProyecto/target/classes/assets/textures/patonatack_basic.png
18:13:19.083 [FXGL Background Thread 2 ] DEBUG FXGLAssetLoaderServi - Loading from file system: file:/C:/Users/Dannieris/Desktop/Nueva%20carpeta%20(4)/ForkProyecto/target/classes/assets/textures/patonidle.png
18:13:19.085 [FXGL Background Thread 2 ] WARN  FXGLAssetLoaderServi - Asset "/assets/textures/patoncaminando.png" was not found!
18:13:19.085 [FXGL Background Thread 2 ] WARN  FXGLAssetLoaderServi - Failed to load IMAGE
18:13:19.086 [FXGL Background Thread 2 ] WARN  FXGLAssetLoaderServi - Asset "/assets/textures/patonadelante.png" was not found!
18:13:19.086 [FXGL Background Thread 2 ] WARN  FXGLAssetLoaderServi - Failed to load IMAGE
18:13:19.087 [FXGL Background Thread 2 ] WARN  FXGLAssetLoaderServi - Asset "/assets/textures/patonatras.png" was not found!
18:13:19.087 [FXGL Background Thread 2 ] WARN  FXGLAssetLoaderServi - Failed to load IMAGE
18:13:19.087 [FXGL Background Thread 2 ] DEBUG FXGLAssetLoaderServi - Loading from file system: file:/C:/Users/Dannieris/Desktop/Nueva%20carpeta%20(4)/ForkProyecto/target/classes/assets/textures/patondeat.png
18:13:19.090 [FXGL Background Thread 2 ] WARN  GameWorld            - Entity is already attached to world
18:13:19.090 [FXGL Background Thread 2 ] WARN  FXGLAssetLoaderServi - Asset "/assets/textures/patoncaminando.png" was not found!
18:13:19.092 [FXGL Background Thread 2 ] WARN  FXGLAssetLoaderServi - Failed to load IMAGE
18:13:19.092 [FXGL Background Thread 2 ] WARN  FXGLAssetLoaderServi - Asset "/assets/textures/patonadelante.png" was not found!
18:13:19.092 [FXGL Background Thread 2 ] WARN  FXGLAssetLoaderServi - Failed to load IMAGE
18:13:19.092 [FXGL Background Thread 2 ] WARN  FXGLAssetLoaderServi - Asset "/assets/textures/patonatras.png" was not found!
18:13:19.092 [FXGL Background Thread 2 ] WARN  FXGLAssetLoaderServi - Failed to load IMAGE
18:13:19.093 [FXGL Background Thread 2 ] WARN  GameWorld            - Entity is already attached to world
18:13:19.096 [FXGL Background Thread 2 ] DEBUG FXGLAssetLoaderServi - Loading from file system: file:/C:/Users/Dannieris/Desktop/Nueva%20carpeta%20(4)/ForkProyecto/target/classes/assets/textures/patrullaatack_basic.png
18:13:19.098 [FXGL Background Thread 2 ] DEBUG FXGLAssetLoaderServi - Loading from file system: file:/C:/Users/Dannieris/Desktop/Nueva%20carpeta%20(4)/ForkProyecto/target/classes/assets/textures/patrullaidle.png
18:13:19.102 [FXGL Background Thread 2 ] WARN  FXGLAssetLoaderServi - Asset "/assets/textures/patrullacaminando.png" was not found!
18:13:19.102 [FXGL Background Thread 2 ] WARN  FXGLAssetLoaderServi - Failed to load IMAGE
18:13:19.102 [FXGL Background Thread 2 ] WARN  FXGLAssetLoaderServi - Asset "/assets/textures/patrullaadelante.png" was not found!
18:13:19.102 [FXGL Background Thread 2 ] WARN  FXGLAssetLoaderServi - Failed to load IMAGE
18:13:19.103 [FXGL Background Thread 2 ] WARN  FXGLAssetLoaderServi - Asset "/assets/textures/patrullaatras.png" was not found!
18:13:19.103 [FXGL Background Thread 2 ] WARN  FXGLAssetLoaderServi - Failed to load IMAGE
18:13:19.103 [FXGL Background Thread 2 ] DEBUG FXGLAssetLoaderServi - Loading from file system: file:/C:/Users/Dannieris/Desktop/Nueva%20carpeta%20(4)/ForkProyecto/target/classes/assets/textures/patrulladeat.png
18:13:19.108 [FXGL Background Thread 2 ] WARN  GameWorld            - Entity is already attached to world
18:13:19.109 [FXGL Background Thread 2 ] WARN  FXGLAssetLoaderServi - Asset "/assets/textures/patrullacaminando.png" was not found!
18:13:19.110 [FXGL Background Thread 2 ] WARN  FXGLAssetLoaderServi - Failed to load IMAGE
18:13:19.110 [FXGL Background Thread 2 ] WARN  FXGLAssetLoaderServi - Asset "/assets/textures/patrullaadelante.png" was not found!
18:13:19.110 [FXGL Background Thread 2 ] WARN  FXGLAssetLoaderServi - Failed to load IMAGE
18:13:19.110 [FXGL Background Thread 2 ] WARN  FXGLAssetLoaderServi - Asset "/assets/textures/patrullaatras.png" was not found!
18:13:19.110 [FXGL Background Thread 2 ] WARN  FXGLAssetLoaderServi - Failed to load IMAGE
18:13:19.111 [FXGL Background Thread 2 ] WARN  GameWorld            - Entity is already attached to world
18:13:19.113 [FXGL Background Thread 2 ] WARN  FXGLAssetLoaderServi - Asset "/assets/textures/patrullacaminando.png" was not found!
18:13:19.113 [FXGL Background Thread 2 ] WARN  FXGLAssetLoaderServi - Failed to load IMAGE
18:13:19.113 [FXGL Background Thread 2 ] WARN  FXGLAssetLoaderServi - Asset "/assets/textures/patrullaadelante.png" was not found!
18:13:19.113 [FXGL Background Thread 2 ] WARN  FXGLAssetLoaderServi - Failed to load IMAGE
18:13:19.113 [FXGL Background Thread 2 ] WARN  FXGLAssetLoaderServi - Asset "/assets/textures/patrullaatras.png" was not found!
18:13:19.113 [FXGL Background Thread 2 ] WARN  FXGLAssetLoaderServi - Failed to load IMAGE
18:13:19.116 [FXGL Background Thread 2 ] WARN  GameWorld            - Entity is already attached to world
18:13:19.118 [FXGL Background Thread 2 ] DEBUG FXGLAssetLoaderServi - Loading from file system: file:/C:/Users/Dannieris/Desktop/Nueva%20carpeta%20(4)/ForkProyecto/target/classes/assets/textures/coinitem.png
18:13:19.122 [FXGL Background Thread 2 ] WARN  FXGLAssetLoaderServi - Asset "/assets/textures/coindisabled.png" was not found!
18:13:19.123 [FXGL Background Thread 2 ] WARN  FXGLAssetLoaderServi - Failed to load IMAGE
18:13:19.123 [FXGL Background Thread 2 ] WARN  GameWorld            - Entity is already attached to world
18:13:19.125 [FXGL Background Thread 2 ] WARN  FXGLAssetLoaderServi - Asset "/assets/textures/coindisabled.png" was not found!
18:13:19.125 [FXGL Background Thread 2 ] WARN  FXGLAssetLoaderServi - Failed to load IMAGE
18:13:19.126 [FXGL Background Thread 2 ] WARN  GameWorld            - Entity is already attached to world
18:13:19.127 [FXGL Background Thread 2 ] WARN  FXGLAssetLoaderServi - Asset "/assets/textures/coindisabled.png" was not found!
18:13:19.127 [FXGL Background Thread 2 ] WARN  FXGLAssetLoaderServi - Failed to load IMAGE
18:13:19.127 [FXGL Background Thread 2 ] WARN  GameWorld            - Entity is already attached to world
18:13:19.128 [FXGL Background Thread 2 ] DEBUG FXGLAssetLoaderServi - Loading from file system: file:/C:/Users/Dannieris/Desktop/Nueva%20carpeta%20(4)/ForkProyecto/target/classes/assets/textures/barreraDesactivadaitem.png
18:13:19.133 [FXGL Background Thread 2 ] WARN  FXGLAssetLoaderServi - Asset "/assets/textures/barreraDesactivadadisabled.png" was not found!
18:13:19.133 [FXGL Background Thread 2 ] WARN  FXGLAssetLoaderServi - Failed to load IMAGE
18:13:19.133 [FXGL Background Thread 2 ] WARN  GameWorld            - Entity is already attached to world
18:13:19.134 [FXGL Background Thread 2 ] WARN  FXGLAssetLoaderServi - Asset "/assets/textures/barreraDesactivadadisabled.png" was not found!
18:13:19.134 [FXGL Background Thread 2 ] WARN  FXGLAssetLoaderServi - Failed to load IMAGE
18:13:19.135 [FXGL Background Thread 2 ] WARN  GameWorld            - Entity is already attached to world
18:13:19.138 [FXGL Background Thread 2 ] WARN  FXGLAssetLoaderServi - Asset "/assets/textures/barreraDesactivadadisabled.png" was not found!
18:13:19.138 [FXGL Background Thread 2 ] WARN  FXGLAssetLoaderServi - Failed to load IMAGE
18:13:19.139 [FXGL Background Thread 2 ] WARN  GameWorld            - Entity is already attached to world
18:13:19.140 [FXGL Background Thread 2 ] WARN  FXGLAssetLoaderServi - Asset "/assets/textures/barreraDesactivadadisabled.png" was not found!
18:13:19.140 [FXGL Background Thread 2 ] WARN  FXGLAssetLoaderServi - Failed to load IMAGE
18:13:19.140 [FXGL Background Thread 2 ] WARN  GameWorld            - Entity is already attached to world
18:13:19.141 [FXGL Background Thread 2 ] DEBUG FXGLAssetLoaderServi - Loading from file system: file:/C:/Users/Dannieris/Desktop/Nueva%20carpeta%20(4)/ForkProyecto/target/classes/assets/textures/panelitem.png
18:13:19.143 [FXGL Background Thread 2 ] DEBUG FXGLAssetLoaderServi - Loading from file system: file:/C:/Users/Dannieris/Desktop/Nueva%20carpeta%20(4)/ForkProyecto/target/classes/assets/textures/paneldisabled.png
18:13:19.149 [FXGL Background Thread 2 ] WARN  GameWorld            - Entity is already attached to world
18:13:19.154 [FXGL Background Thread 2 ] WARN  GameWorld            - Entity is already attached to world
18:13:19.156 [FXGL Background Thread 2 ] DEBUG FXGLAssetLoaderServi - Loading from file system: file:/C:/Users/Dannieris/Desktop/Nueva%20carpeta%20(4)/ForkProyecto/target/classes/assets/textures/generatorSpecialPointitem.png
18:13:19.159 [FXGL Background Thread 2 ] WARN  FXGLAssetLoaderServi - Asset "/assets/textures/generatorSpecialPointdisabled.png" was not found!
18:13:19.159 [FXGL Background Thread 2 ] WARN  FXGLAssetLoaderServi - Failed to load IMAGE
18:13:19.160 [FXGL Background Thread 2 ] WARN  GameWorld            - Entity is already attached to world
18:13:19.161 [FXGL Background Thread 2 ] WARN  FXGLAssetLoaderServi - Asset "/assets/textures/generatorSpecialPointdisabled.png" was not found!
18:13:19.161 [FXGL Background Thread 2 ] WARN  FXGLAssetLoaderServi - Failed to load IMAGE
18:13:19.162 [FXGL Background Thread 2 ] WARN  GameWorld            - Entity is already attached to world
18:13:19.163 [FXGL Background Thread 2 ] DEBUG FXGLAssetLoaderServi - Loading from file system: file:/C:/Users/Dannieris/Desktop/Nueva%20carpeta%20(4)/ForkProyecto/target/classes/assets/textures/lifeitem.png
18:13:19.168 [FXGL Background Thread 2 ] WARN  FXGLAssetLoaderServi - Asset "/assets/textures/lifedisabled.png" was not found!
18:13:19.168 [FXGL Background Thread 2 ] WARN  FXGLAssetLoaderServi - Failed to load IMAGE
18:13:19.170 [FXGL Background Thread 2 ] WARN  GameWorld            - Entity is already attached to world
18:13:19.175 [FXGL Background Thread 2 ] WARN  FXGLAssetLoaderServi - Asset "/assets/textures/lifedisabled.png" was not found!
18:13:19.175 [FXGL Background Thread 2 ] WARN  FXGLAssetLoaderServi - Failed to load IMAGE
18:13:19.176 [FXGL Background Thread 2 ] WARN  GameWorld            - Entity is already attached to world
18:13:19.176 [FXGL Background Thread 2 ] DEBUG FXGLAssetLoaderServi - Loading from file system: file:/C:/Users/Dannieris/Desktop/Nueva%20carpeta%20(4)/ForkProyecto/target/classes/assets/textures/atackitem.png
18:13:19.179 [FXGL Background Thread 2 ] WARN  FXGLAssetLoaderServi - Asset "/assets/textures/atackdisabled.png" was not found!
18:13:19.180 [FXGL Background Thread 2 ] WARN  FXGLAssetLoaderServi - Failed to load IMAGE
18:13:19.180 [FXGL Background Thread 2 ] WARN  GameWorld            - Entity is already attached to world
18:13:19.182 [FXGL Background Thread 2 ] WARN  FXGLAssetLoaderServi - Asset "/assets/textures/atackdisabled.png" was not found!
18:13:19.183 [FXGL Background Thread 2 ] WARN  FXGLAssetLoaderServi - Failed to load IMAGE
18:13:19.184 [FXGL Background Thread 2 ] WARN  GameWorld            - Entity is already attached to world
18:13:19.188 [FXGL Background Thread 2 ] WARN  FXGLAssetLoaderServi - Asset "/assets/textures/jaxKaneatack_special.png" was not found!
18:13:19.189 [FXGL Background Thread 2 ] WARN  FXGLAssetLoaderServi - Failed to load IMAGE
18:13:19.189 [FXGL Background Thread 2 ] DEBUG FXGLAssetLoaderServi - Loading from file system: file:/C:/Users/Dannieris/Desktop/Nueva%20carpeta%20(4)/ForkProyecto/target/classes/assets/textures/jaxKaneatack_basic.png
18:13:19.193 [FXGL Background Thread 2 ] DEBUG FXGLAssetLoaderServi - Loading from file system: file:/C:/Users/Dannieris/Desktop/Nueva%20carpeta%20(4)/ForkProyecto/target/classes/assets/textures/jaxKaneidle.png
18:13:19.195 [FXGL Background Thread 2 ] DEBUG FXGLAssetLoaderServi - Loading from file system: file:/C:/Users/Dannieris/Desktop/Nueva%20carpeta%20(4)/ForkProyecto/target/classes/assets/textures/jaxKanecaminando.png
18:13:19.197 [FXGL Background Thread 2 ] DEBUG FXGLAssetLoaderServi - Loading from file system: file:/C:/Users/Dannieris/Desktop/Nueva%20carpeta%20(4)/ForkProyecto/target/classes/assets/textures/jaxKaneadelante.png
18:13:19.201 [FXGL Background Thread 2 ] DEBUG FXGLAssetLoaderServi - Loading from file system: file:/C:/Users/Dannieris/Desktop/Nueva%20carpeta%20(4)/ForkProyecto/target/classes/assets/textures/jaxKaneatras.png
18:13:19.205 [FXGL Background Thread 2 ] WARN  FXGLAssetLoaderServi - Asset "/assets/textures/jaxKanedeat.png" was not found!
18:13:19.206 [FXGL Background Thread 2 ] WARN  FXGLAssetLoaderServi - Failed to load IMAGE
18:13:19.206 [FXGL Background Thread 2 ] WARN  GameWorld            - Entity is already attached to world
18:13:19.207 [FXGL Background Thread 2 ] DEBUG FXGLAssetLoaderServi - Loading from file system: file:/C:/Users/Dannieris/Desktop/Nueva%20carpeta%20(4)/ForkProyecto/target/classes/assets/textures/cyborgatack_special.png
18:13:19.217 [FXGL Background Thread 2 ] DEBUG FXGLAssetLoaderServi - Loading from file system: file:/C:/Users/Dannieris/Desktop/Nueva%20carpeta%20(4)/ForkProyecto/target/classes/assets/textures/cyborgatack_basic.png
18:13:19.220 [FXGL Background Thread 2 ] DEBUG FXGLAssetLoaderServi - Loading from file system: file:/C:/Users/Dannieris/Desktop/Nueva%20carpeta%20(4)/ForkProyecto/target/classes/assets/textures/cyborgidle.png
18:13:19.222 [FXGL Background Thread 2 ] DEBUG FXGLAssetLoaderServi - Loading from file system: file:/C:/Users/Dannieris/Desktop/Nueva%20carpeta%20(4)/ForkProyecto/target/classes/assets/textures/cyborgcaminando.png
18:13:19.223 [FXGL Background Thread 2 ] DEBUG FXGLAssetLoaderServi - Loading from file system: file:/C:/Users/Dannieris/Desktop/Nueva%20carpeta%20(4)/ForkProyecto/target/classes/assets/textures/cyborgadelante.png
18:13:19.223 [FXGL Background Thread 2 ] DEBUG FXGLAssetLoaderServi - Loading from file system: file:/C:/Users/Dannieris/Desktop/Nueva%20carpeta%20(4)/ForkProyecto/target/classes/assets/textures/cyborgatras.png
18:13:19.225 [FXGL Background Thread 2 ] DEBUG FXGLAssetLoaderServi - Loading from file system: file:/C:/Users/Dannieris/Desktop/Nueva%20carpeta%20(4)/ForkProyecto/target/classes/assets/textures/cyborgdeat.png
18:13:19.226 [FXGL Background Thread 2 ] WARN  GameWorld            - Entity is already attached to world
18:13:19.227 [FXGL Background Thread 2 ] DEBUG FXGLAssetLoaderServi - Loading from file system: file:/C:/Users/Dannieris/Desktop/Nueva%20carpeta%20(4)/ForkProyecto/target/classes/assets/textures/puertaNivelitem.png
18:13:19.228 [FXGL Background Thread 2 ] DEBUG FXGLAssetLoaderServi - Loading from file system: file:/C:/Users/Dannieris/Desktop/Nueva%20carpeta%20(4)/ForkProyecto/target/classes/assets/textures/puertaNiveldisabled.png
18:13:19.231 [FXGL Background Thread 2 ] WARN  GameWorld            - Entity is already attached to world
18:13:19.233 [FXGL Background Thread 2 ] DEBUG FXGLAssetLoaderServi - Loading from file system: file:/C:/Users/Dannieris/Desktop/Nueva%20carpeta%20(4)/ForkProyecto/target/classes/assets/textures/barreraitem.png
18:13:19.242 [FXGL Background Thread 2 ] DEBUG FXGLAssetLoaderServi - Loading from file system: file:/C:/Users/Dannieris/Desktop/Nueva%20carpeta%20(4)/ForkProyecto/target/classes/assets/textures/barreradisabled.png
18:13:19.250 [FXGL Background Thread 2 ] WARN  GameWorld            - Entity is already attached to world
18:13:19.255 [FXGL Background Thread 2 ] WARN  GameWorld            - Entity is already attached to world
18:13:19.259 [FXGL Background Thread 2 ] DEBUG Input                - Registered new binding: Mover Arriba - W
18:13:19.259 [FXGL Background Thread 2 ] DEBUG Input                - Registered new binding: Mover Abajo - S
18:13:19.260 [FXGL Background Thread 2 ] DEBUG Input                - Registered new binding: Mover Izquierda - A
18:13:19.260 [FXGL Background Thread 2 ] DEBUG Input                - Registered new binding: Mover Derecha - D
18:13:19.261 [FXGL Background Thread 2 ] DEBUG FXGLAssetLoaderServi - Loading from file system: file:/C:/Users/Dannieris/Desktop/Nueva%20carpeta%20(4)/ForkProyecto/target/classes/assets/textures/nivel1Texto.png
18:13:19.275 [FXGL Background Thread 2 ] DEBUG FXGLAssetLoaderServi - Loading from file system: file:/C:/Users/Dannieris/Desktop/Nueva%20carpeta%20(4)/ForkProyecto/target/classes/assets/textures/imageBotonResaltar.png
18:13:19.278 [FXGL Background Thread 2 ] DEBUG FXGLAssetLoaderServi - Loading from file system: file:/C:/Users/Dannieris/Desktop/Nueva%20carpeta%20(4)/ForkProyecto/target/classes/assets/textures/coinConteiner.png
18:13:19.280 [FXGL Background Thread 2 ] DEBUG FXGLAssetLoaderServi - Loading from file system: file:/C:/Users/Dannieris/Desktop/Nueva%20carpeta%20(4)/ForkProyecto/target/classes/assets/textures/targetCoin.png
18:13:19.319 [FXGL Background Thread 2 ] DEBUG FXGLAssetLoaderServi - Loading from file system: file:/C:/Users/Dannieris/Desktop/Nueva%20carpeta%20(4)/ForkProyecto/target/classes/assets/textures/latienda.png
18:13:19.327 [FXGL Background Thread 2 ] DEBUG FXGLAssetLoaderServi - Loading from file system: file:/C:/Users/Dannieris/Desktop/Nueva%20carpeta%20(4)/ForkProyecto/target/classes/assets/textures/botonTienda.png
18:13:19.329 [FXGL Background Thread 2 ] DEBUG FXGLAssetLoaderServi - Loading from file system: file:/C:/Users/Dannieris/Desktop/Nueva%20carpeta%20(4)/ForkProyecto/target/classes/assets/textures/botonGameMenu.png
18:13:19.330 [FXGL Background Thread 2 ] DEBUG FXGLAssetLoaderServi - Loading from file system: file:/C:/Users/Dannieris/Desktop/Nueva%20carpeta%20(4)/ForkProyecto/target/classes/assets/textures/buttonMainMenu.png
18:13:19.330 [FXGL Background Thread 2 ] DEBUG FXGLAssetLoaderServi - Loading from file system: file:/C:/Users/Dannieris/Desktop/Nueva%20carpeta%20(4)/ForkProyecto/target/classes/assets/textures/wikiButton.png
18:13:19.332 [FXGL Background Thread 2 ] DEBUG FXGLAssetLoaderServi - Loading from file system: file:/C:/Users/Dannieris/Desktop/Nueva%20carpeta%20(4)/ForkProyecto/target/classes/assets/textures/specialPointBar.png
18:13:19.333 [FXGL Background Thread 2 ] DEBUG FXGLAssetLoaderServi - Loading from file system: file:/C:/Users/Dannieris/Desktop/Nueva%20carpeta%20(4)/ForkProyecto/target/classes/assets/textures/statBar.png
18:13:19.337 [FXGL Background Thread 2 ] DEBUG FXGLAssetLoaderServi - Loading from file system: file:/C:/Users/Dannieris/Desktop/Nueva%20carpeta%20(4)/ForkProyecto/target/classes/assets/textures/statAtackBar.png
18:13:19.338 [FXGL Background Thread 2 ] DEBUG FXGLAssetLoaderServi - Loading from file system: file:/C:/Users/Dannieris/Desktop/Nueva%20carpeta%20(4)/ForkProyecto/target/classes/assets/textures/wiki_image.png
18:13:19.346 [FXGL Background Thread 2 ] DEBUG FXGLAssetLoaderServi - Loading from file system: file:/C:/Users/Dannieris/Desktop/Nueva%20carpeta%20(4)/ForkProyecto/target/classes/assets/textures/iconCyborg.png
18:13:19.347 [FXGL Background Thread 2 ] DEBUG FXGLAssetLoaderServi - Loading from file system: file:/C:/Users/Dannieris/Desktop/Nueva%20carpeta%20(4)/ForkProyecto/target/classes/assets/textures/iconJaxKane.png
18:13:19.349 [FXGL Background Thread 2 ] DEBUG FXGLAssetLoaderServi - Loading from file system: file:/C:/Users/Dannieris/Desktop/Nueva%20carpeta%20(4)/ForkProyecto/target/classes/assets/textures/specialPoint.png
18:13:19.351 [FXGL Background Thread 2 ] DEBUG FXGLAssetLoaderServi - Loading from file system: file:/C:/Users/Dannieris/Desktop/Nueva%20carpeta%20(4)/ForkProyecto/target/classes/assets/textures/special.png
18:13:19.353 [FXGL Background Thread 2 ] DEBUG FXGLAssetLoaderServi - Loading from file system: file:/C:/Users/Dannieris/Desktop/Nueva%20carpeta%20(4)/ForkProyecto/target/classes/assets/textures/barra_enemigo.png
18:13:19.356 [FXGL Background Thread 2 ] DEBUG FXGLAssetLoaderServi - Loading from file system: file:/C:/Users/Dannieris/Desktop/Nueva%20carpeta%20(4)/ForkProyecto/target/classes/assets/textures/life_point_enemi.png
18:13:19.357 [FXGL Background Thread 2 ] DEBUG FXGLAssetLoaderServi - Loading from file system: file:/C:/Users/Dannieris/Desktop/Nueva%20carpeta%20(4)/ForkProyecto/target/classes/assets/textures/life_bar.png
18:13:19.358 [FXGL Background Thread 2 ] DEBUG FXGLAssetLoaderServi - Loading from file system: file:/C:/Users/Dannieris/Desktop/Nueva%20carpeta%20(4)/ForkProyecto/target/classes/assets/textures/life_point.png
18:13:19.358 [FXGL Background Thread 2 ] DEBUG FXGLAssetLoaderServi - Loading from file system: file:/C:/Users/Dannieris/Desktop/Nueva%20carpeta%20(4)/ForkProyecto/target/classes/assets/textures/button_atacck.png
18:13:19.359 [FXGL Background Thread 2 ] DEBUG FXGLAssetLoaderServi - Loading from file system: file:/C:/Users/Dannieris/Desktop/Nueva%20carpeta%20(4)/ForkProyecto/target/classes/assets/textures/combat_panel.png
18:13:19.361 [FXGL Background Thread 2 ] INFO  FXGLApplication      - Game initialization took: 1.002 sec
18:13:19.369 [JavaFX Application Thread] DEBUG Input                - Clearing active input actions
18:13:19.376 [JavaFX Application Thread] DEBUG GameApplicationServi - Removing overlay from FXGLLoadingScene and adding to GameScene
18:13:19.378 [JavaFX Application Thread] DEBUG PrimaryStageWindow   - FXGLLoadingScene -> GameScene
18:13:23.130 [JavaFX Application Thread] DEBUG FXGLApplication      - Exiting FXGL
18:13:23.131 [JavaFX Application Thread] DEBUG LoopRunner           - Stopping loop
18:13:23.131 [JavaFX Application Thread] DEBUG SystemBundleService  - Saving FXGL system data
18:13:23.135 [JavaFX Application Thread] DEBUG FileSystemAccess     - Writing to: C:\Users\Dannieris\Desktop\Nueva carpeta (4)\ForkProyecto\system\fxgl.bundle
18:13:23.139 [JavaFX Application Thread] DEBUG Async                - Shutting down background threads
18:13:23.139 [JavaFX Application Thread] DEBUG PrimaryStageWindow   - Closing main window
18:13:23.171 [JavaFX Application Thread] DEBUG Logger               - Closing Logger
