20:36:19.139 [main                     ] DEBUG Logger               - Configured Logger
20:36:19.172 [main                     ] DEBUG GameApplication      - Logging settings
Title: Pruebas en FXGL
Version: 0.0
Width: 1600
Height: 1000
Fullscreen: false
Intro: false
Profiling: false
Single step:false
App Mode: DEVELOPER
Menu Key: ESCAPE
Stage Style: DECORATED
Scene Factory: class com.almasb.fxgl.app.scene.SceneFactory

20:36:19.475 [JavaFX Application Thread] DEBUG FXGLApplication      - Initializing FXGL
20:36:19.481 [JavaFX Application Thread] INFO  Engine               - FXGL-17.3 (30.03.2023 11.49) on WINDOWS (J:17.0.12 FX:20)
20:36:19.482 [JavaFX Application Thread] DEBUG Engine               - JRE Vendor Name: Oracle Corporation
20:36:19.482 [JavaFX Application Thread] DEBUG Engine               - Running on OS: Windows 11 version 10.0
20:36:19.482 [JavaFX Application Thread] DEBUG Engine               - Architecture: amd64
20:36:19.483 [JavaFX Application Thread] INFO  Engine               - Source code and latest versions at: https://github.com/AlmasB/FXGL
20:36:19.483 [JavaFX Application Thread] INFO  Engine               -       Ask questions and discuss at: https://github.com/AlmasB/FXGL/discussions
20:36:19.483 [JavaFX Application Thread] INFO  Engine               -              Join the FXGL chat at: https://gitter.im/AlmasB/FXGL
20:36:19.565 [JavaFX Application Thread] DEBUG PrimaryStageWindow   - Creating a JavaFX scene
20:36:19.565 [JavaFX Application Thread] DEBUG PrimaryStageWindow   - Target size > screen size
20:36:19.603 [JavaFX Application Thread] DEBUG PrimaryStageWindow   - Target settings size: 1600.0 x 1000.0
20:36:19.603 [JavaFX Application Thread] DEBUG PrimaryStageWindow   - Scaled scene size:    1434.0 x 911.0
20:36:19.603 [JavaFX Application Thread] DEBUG PrimaryStageWindow   - Scaled ratio: (0.89625, 0.911)
20:36:19.604 [JavaFX Application Thread] DEBUG PrimaryStageWindow   - Set initial scene to FXGLStartupScene
20:36:19.609 [JavaFX Application Thread] DEBUG PrimaryStageWindow   - Opening main window
20:36:19.696 [JavaFX Application Thread] DEBUG PrimaryStageWindow   - Window border size: (14.800048828125, 37.79998779296875)
20:36:19.696 [JavaFX Application Thread] DEBUG PrimaryStageWindow   - Scaled size: 1434.0 x 911.0
20:36:19.697 [JavaFX Application Thread] DEBUG PrimaryStageWindow   - Scaled ratio: (0.89625, 0.911)
20:36:19.697 [JavaFX Application Thread] DEBUG PrimaryStageWindow   - Scene size: 1434.0 x 911.0
20:36:19.697 [JavaFX Application Thread] DEBUG PrimaryStageWindow   - Stage size: 1448.800048828125 x 948.7999877929688
20:36:19.711 [FXGL Background Thread 1 ] DEBUG Engine               - Initializing environment variables
20:36:19.780 [FXGL Background Thread 1 ] DEBUG FXGLAssetLoaderServi - User app class for loading assets: class App.Game.GameApp
20:36:19.780 [FXGL Background Thread 1 ] DEBUG GameApplicationServi - Applying CSS: fxgl_dark.css
20:36:19.782 [FXGL Background Thread 1 ] DEBUG FXGLAssetLoaderServi - Loading from file system: jar:file:///C:/Users/Dannieris/.m2/repository/com/github/almasb/fxgl/17.3/fxgl-17.3.jar!/fxglassets/ui/css/fxgl_dark.css
20:36:19.877 [FXGL Background Thread 1 ] DEBUG GameApplicationServi - Initializing application scenes
20:36:19.961 [FXGL Background Thread 1 ] DEBUG GameWorld            - Game world initialized
20:36:20.089 [FXGL Background Thread 1 ] DEBUG PhysicsWorld         - Physics world initialized: appHeight=1000, physics.ppm=50.0
20:36:20.090 [FXGL Background Thread 1 ] DEBUG PhysicsWorld         - Using strategy: BRUTE_FORCE
20:36:20.098 [FXGL Background Thread 1 ] DEBUG GameScene            - Game scene initialized: 1600x1000
20:36:20.118 [FXGL Background Thread 1 ] DEBUG FXGL.DefaultMenu     - createMenuBodyGameMenu()
20:36:20.130 [FXGL Background Thread 1 ] DEBUG FXGL.DefaultMenu     - createOptionsMenu()
20:36:20.142 [FXGL Background Thread 1 ] DEBUG FXGLAssetLoaderServi - Loading from file system: jar:file:///C:/Users/Dannieris/.m2/repository/com/github/almasb/fxgl/17.3/fxgl-17.3.jar!/fxglassets/textures/particles/smoke.png
20:36:20.277 [FXGL Background Thread 1 ] DEBUG FXGLAssetLoaderServi - Loading from file system: jar:file:///C:/Users/Dannieris/.m2/repository/com/github/almasb/fxgl/17.3/fxgl-17.3.jar!/fxglassets/textures/particles/trace_horizontal.png
20:36:20.308 [FXGL Background Thread 1 ] DEBUG GameApplicationServi - Application scenes initialized
20:36:20.327 [FXGL Background Thread 1 ] DEBUG SystemBundleService  - Loading FXGL system data
20:36:20.333 [FXGL Background Thread 1 ] DEBUG FileSystemAccess     - Reading from: C:\Users\Dannieris\Desktop\Proyecto\ForkProyecto\system\fxgl.bundle
20:36:20.340 [FXGL Background Thread 1 ] DEBUG SystemBundleService  - Bundle FXGL: {}
20:36:20.340 [FXGL Background Thread 1 ] DEBUG UpdaterService       - Checking for updates
20:36:20.377 [FXGL Background Thread 4 ] DEBUG FXGLApplication      - Loading fonts
20:36:20.377 [FXGL Background Thread 4 ] DEBUG FXGLAssetLoaderServi - Loading from file system: jar:file:///C:/Users/Dannieris/.m2/repository/com/github/almasb/fxgl/17.3/fxgl-17.3.jar!/fxglassets/ui/fonts/VarelaRound-Regular.ttf
20:36:20.381 [FXGL Background Thread 1 ] DEBUG FXGLApplication      - Loading default localization
20:36:20.384 [FXGL Background Thread 1 ] DEBUG FXGLAssetLoaderServi - Loading from file system: jar:file:///C:/Users/Dannieris/.m2/repository/com/github/almasb/fxgl/17.3/fxgl-17.3.jar!/fxglassets/languages/english.lang
20:36:20.425 [FXGL Background Thread 1 ] INFO  FXGLApplication      - FXGL initialization took: 0.713 sec
20:36:20.427 [JavaFX Application Thread] DEBUG FXGLAssetLoaderServi - Loading from file system: jar:file:///C:/Users/Dannieris/.m2/repository/com/github/almasb/fxgl/17.3/fxgl-17.3.jar!/fxglassets/textures/fxgl_icon.png
20:36:20.429 [FXGL Background Thread 4 ] DEBUG FXGLAssetLoaderServi - Loading from file system: jar:file:///C:/Users/Dannieris/.m2/repository/com/github/almasb/fxgl/17.3/fxgl-17.3.jar!/fxglassets/ui/fonts/Abel-Regular.ttf
20:36:20.433 [FXGL Background Thread 4 ] DEBUG FXGLAssetLoaderServi - Loading from file system: jar:file:///C:/Users/Dannieris/.m2/repository/com/github/almasb/fxgl/17.3/fxgl-17.3.jar!/fxglassets/ui/fonts/TerminalLandMono-Regular.otf
20:36:20.437 [FXGL Background Thread 4 ] DEBUG FXGLAssetLoaderServi - Loading from file system: jar:file:///C:/Users/Dannieris/.m2/repository/com/github/almasb/fxgl/17.3/fxgl-17.3.jar!/fxglassets/ui/fonts/Courier-Prime.ttf
20:36:20.449 [JavaFX Application Thread] DEBUG FXGLAssetLoaderServi - Loading from file system: jar:file:///C:/Users/Dannieris/.m2/repository/com/github/almasb/fxgl/17.3/fxgl-17.3.jar!/fxglassets/textures/fxgl_default_cursor.png
20:36:20.469 [JavaFX Application Thread] DEBUG Input                - Registered new binding: Screenshot - CTRL+8
20:36:20.470 [JavaFX Application Thread] DEBUG Input                - Registered new binding: Dev Options - 1
20:36:20.471 [JavaFX Application Thread] DEBUG Input                - Registered new binding: Dev Console - 2
20:36:20.471 [JavaFX Application Thread] DEBUG Input                - Registered new binding: System info dump - CTRL+9
20:36:20.472 [JavaFX Application Thread] DEBUG Input                - Registered new binding: Restart - CTRL+R
20:36:20.473 [JavaFX Application Thread] DEBUG Input                - Registered new binding: Toggle Debug Camera - CTRL+7
20:36:20.478 [JavaFX Application Thread] DEBUG LoopRunner           - Starting loop
20:36:20.497 [JavaFX Application Thread] DEBUG LoopRunner           - Initializing JavaFX AnimationTimerLoop
20:36:20.502 [JavaFX Application Thread] DEBUG GameApplicationServi - Starting new game
20:36:20.504 [JavaFX Application Thread] DEBUG Input                - Clearing active input actions
20:36:20.520 [JavaFX Application Thread] DEBUG GameApplicationServi - Removing overlay from FXGLStartupScene and adding to FXGLLoadingScene
20:36:20.522 [JavaFX Application Thread] DEBUG PrimaryStageWindow   - FXGLStartupScene -> FXGLLoadingScene
20:36:20.522 [JavaFX Application Thread] DEBUG GameApplicationServi - Clearing previous game
20:36:20.522 [JavaFX Application Thread] DEBUG GameScene            - Clearing game scene
20:36:20.523 [JavaFX Application Thread] DEBUG GameWorld            - Clearing game world
20:36:20.523 [JavaFX Application Thread] DEBUG PhysicsWorld         - Clearing physics world
20:36:20.525 [JavaFX Application Thread] DEBUG FXGLApplication      - Registering font factories with UI factory
20:36:20.525 [FXGL Background Thread 4 ] DEBUG FXGLApplication      - Initializing game
20:36:20.608 [FXGL Background Thread 2 ] WARN  UpdaterService       - Failed to find updates: java.net.SocketException: Permission denied: connect
20:36:20.714 [FXGL Background Thread 4 ] DEBUG FXGLAssetLoaderServi - Loading from file system: file:/C:/Users/Dannieris/Desktop/Proyecto/ForkProyecto/target/classes/assets/music/loading.wav
20:36:20.875 [FXGL Background Thread 4 ] DEBUG AudioPlayer          - Playing music com.almasb.fxgl.audio.Music@c08a578
20:36:20.927 [FXGL Background Thread 4 ] DEBUG TMXLevelLoader       - Parsed TiledMap: file:/C:/Users/Dannieris/Desktop/Proyecto/ForkProyecto/target/classes/assets/levels/level_01.tmx
20:36:20.928 [FXGL Background Thread 4 ] DEBUG TMXLevelLoader       - Creating tile layer entities
20:36:20.930 [FXGL Background Thread 4 ] DEBUG TilesetLoader        - Loading view for layer Capa de patrones 1
20:36:20.933 [FXGL Background Thread 4 ] DEBUG TilesetLoader        - Created buffer with size 2000.0x1500.0
20:36:20.944 [FXGL Background Thread 4 ] WARN  TilesetLoader        - Diagonally flipped tiles are not currently supported
20:36:20.946 [FXGL Background Thread 4 ] WARN  TilesetLoader        - Diagonally flipped tiles are not currently supported
20:36:20.949 [FXGL Background Thread 4 ] WARN  TilesetLoader        - Diagonally flipped tiles are not currently supported
20:36:20.950 [FXGL Background Thread 4 ] WARN  TilesetLoader        - Diagonally flipped tiles are not currently supported
20:36:20.951 [FXGL Background Thread 4 ] WARN  TilesetLoader        - Diagonally flipped tiles are not currently supported
20:36:20.955 [FXGL Background Thread 4 ] WARN  TilesetLoader        - Diagonally flipped tiles are not currently supported
20:36:20.958 [FXGL Background Thread 4 ] WARN  TilesetLoader        - Diagonally flipped tiles are not currently supported
20:36:20.959 [FXGL Background Thread 4 ] WARN  TilesetLoader        - Diagonally flipped tiles are not currently supported
20:36:20.960 [FXGL Background Thread 4 ] WARN  TilesetLoader        - Diagonally flipped tiles are not currently supported
20:36:20.960 [FXGL Background Thread 4 ] WARN  TilesetLoader        - Diagonally flipped tiles are not currently supported
20:36:20.962 [FXGL Background Thread 4 ] WARN  TilesetLoader        - Diagonally flipped tiles are not currently supported
20:36:20.962 [FXGL Background Thread 4 ] WARN  TilesetLoader        - Diagonally flipped tiles are not currently supported
20:36:20.964 [FXGL Background Thread 4 ] WARN  TilesetLoader        - Diagonally flipped tiles are not currently supported
20:36:20.966 [FXGL Background Thread 4 ] WARN  TilesetLoader        - Diagonally flipped tiles are not currently supported
20:36:20.970 [FXGL Background Thread 4 ] WARN  TilesetLoader        - Diagonally flipped tiles are not currently supported
20:36:20.971 [FXGL Background Thread 4 ] DEBUG TilesetLoader        - Loading view for layer Copiar desde Capa de patrones 1
20:36:20.979 [FXGL Background Thread 4 ] DEBUG TilesetLoader        - Created buffer with size 2000.0x1500.0
20:36:20.981 [FXGL Background Thread 4 ] WARN  TilesetLoader        - Diagonally flipped tiles are not currently supported
20:36:20.982 [FXGL Background Thread 4 ] WARN  TilesetLoader        - Diagonally flipped tiles are not currently supported
20:36:20.984 [FXGL Background Thread 4 ] WARN  TilesetLoader        - Diagonally flipped tiles are not currently supported
20:36:20.984 [FXGL Background Thread 4 ] WARN  TilesetLoader        - Diagonally flipped tiles are not currently supported
20:36:20.985 [FXGL Background Thread 4 ] WARN  TilesetLoader        - Diagonally flipped tiles are not currently supported
20:36:20.986 [FXGL Background Thread 4 ] WARN  TilesetLoader        - Diagonally flipped tiles are not currently supported
20:36:20.988 [FXGL Background Thread 4 ] WARN  TilesetLoader        - Diagonally flipped tiles are not currently supported
20:36:20.988 [FXGL Background Thread 4 ] WARN  TilesetLoader        - Diagonally flipped tiles are not currently supported
20:36:20.989 [FXGL Background Thread 4 ] WARN  TilesetLoader        - Diagonally flipped tiles are not currently supported
20:36:20.989 [FXGL Background Thread 4 ] WARN  TilesetLoader        - Diagonally flipped tiles are not currently supported
20:36:20.990 [FXGL Background Thread 4 ] WARN  TilesetLoader        - Diagonally flipped tiles are not currently supported
20:36:20.990 [FXGL Background Thread 4 ] WARN  TilesetLoader        - Diagonally flipped tiles are not currently supported
20:36:21.025 [FXGL Background Thread 4 ] WARN  TilesetLoader        - Diagonally flipped tiles are not currently supported
20:36:21.029 [FXGL Background Thread 4 ] WARN  TilesetLoader        - Diagonally flipped tiles are not currently supported
20:36:21.033 [FXGL Background Thread 4 ] WARN  TilesetLoader        - Diagonally flipped tiles are not currently supported
20:36:21.035 [FXGL Background Thread 4 ] DEBUG TMXLevelLoader       - Creating object layer entities
20:36:21.085 [FXGL Background Thread 4 ] DEBUG GameWorld            - Clearing removable entities
20:36:21.131 [FXGL Background Thread 4 ] DEBUG GameWorld            - Setting level: com.almasb.fxgl.entity.level.Level@f08295b
20:36:21.151 [FXGL Background Thread 4 ] DEBUG FXGLAssetLoaderServi - Loading from file system: file:/C:/Users/Dannieris/Desktop/Proyecto/ForkProyecto/target/classes/assets/textures/cyborgidle.png
20:36:21.155 [FXGL Background Thread 4 ] DEBUG FXGLAssetLoaderServi - Loading from file system: file:/C:/Users/Dannieris/Desktop/Proyecto/ForkProyecto/target/classes/assets/textures/cyborgcaminando.png
20:36:21.157 [FXGL Background Thread 4 ] DEBUG FXGLAssetLoaderServi - Loading from file system: file:/C:/Users/Dannieris/Desktop/Proyecto/ForkProyecto/target/classes/assets/textures/cyborgadelante.png
20:36:21.158 [FXGL Background Thread 4 ] DEBUG FXGLAssetLoaderServi - Loading from file system: file:/C:/Users/Dannieris/Desktop/Proyecto/ForkProyecto/target/classes/assets/textures/cyborgatras.png
20:36:21.170 [FXGL Background Thread 4 ] WARN  GameWorld            - Entity is already attached to world
20:36:21.172 [FXGL Background Thread 4 ] DEBUG FXGLAssetLoaderServi - Loading from file system: file:/C:/Users/Dannieris/Desktop/Proyecto/ForkProyecto/target/classes/assets/textures/cyborgatack_basic.png
20:36:21.175 [FXGL Background Thread 4 ] WARN  GameWorld            - Entity is already attached to world
20:36:21.177 [FXGL Background Thread 4 ] DEBUG Input                - Registered new binding: Mover Arriba - Up
20:36:21.177 [FXGL Background Thread 4 ] DEBUG Input                - Registered new binding: Mover Abajo - Down
20:36:21.177 [FXGL Background Thread 4 ] DEBUG Input                - Registered new binding: Mover Izquierda - Left
20:36:21.178 [FXGL Background Thread 4 ] DEBUG Input                - Registered new binding: Mover Derecha - Right
20:36:21.179 [FXGL Background Thread 4 ] DEBUG FXGLAssetLoaderServi - Loading from file system: file:/C:/Users/Dannieris/Desktop/Proyecto/ForkProyecto/target/classes/assets/textures/life_bar.png
20:36:21.182 [FXGL Background Thread 4 ] DEBUG FXGLAssetLoaderServi - Loading from file system: file:/C:/Users/Dannieris/Desktop/Proyecto/ForkProyecto/target/classes/assets/textures/barra_enemigo.png
20:36:21.184 [FXGL Background Thread 4 ] DEBUG FXGLAssetLoaderServi - Loading from file system: file:/C:/Users/Dannieris/Desktop/Proyecto/ForkProyecto/target/classes/assets/textures/life_point.png
20:36:21.185 [FXGL Background Thread 4 ] DEBUG FXGLAssetLoaderServi - Loading from file system: file:/C:/Users/Dannieris/Desktop/Proyecto/ForkProyecto/target/classes/assets/textures/life_point_enemi.png
20:36:21.186 [FXGL Background Thread 4 ] DEBUG FXGLAssetLoaderServi - Loading from file system: file:/C:/Users/Dannieris/Desktop/Proyecto/ForkProyecto/target/classes/assets/textures/barra_pasos.png
20:36:21.186 [FXGL Background Thread 4 ] DEBUG FXGLAssetLoaderServi - Loading from file system: file:/C:/Users/Dannieris/Desktop/Proyecto/ForkProyecto/target/classes/assets/textures/pasos_point.png
20:36:21.187 [FXGL Background Thread 4 ] DEBUG FXGLAssetLoaderServi - Loading from file system: file:/C:/Users/Dannieris/Desktop/Proyecto/ForkProyecto/target/classes/assets/textures/barra_pasos_ememigo.png
20:36:21.188 [FXGL Background Thread 4 ] DEBUG FXGLAssetLoaderServi - Loading from file system: file:/C:/Users/Dannieris/Desktop/Proyecto/ForkProyecto/target/classes/assets/textures/pasos_point_enemi.png
20:36:21.189 [FXGL Background Thread 4 ] DEBUG FXGLAssetLoaderServi - Loading from file system: file:/C:/Users/Dannieris/Desktop/Proyecto/ForkProyecto/target/classes/assets/textures/button_atacck.png
20:36:21.192 [FXGL Background Thread 4 ] DEBUG FXGLAssetLoaderServi - Loading from file system: file:/C:/Users/Dannieris/Desktop/Proyecto/ForkProyecto/target/classes/assets/textures/combat_panel.png
20:36:21.206 [FXGL Background Thread 4 ] INFO  FXGLApplication      - Game initialization took: 0.681 sec
20:36:21.289 [JavaFX Application Thread] DEBUG Input                - Clearing active input actions
20:36:21.301 [JavaFX Application Thread] DEBUG GameApplicationServi - Removing overlay from FXGLLoadingScene and adding to GameScene
20:36:21.307 [JavaFX Application Thread] DEBUG PrimaryStageWindow   - FXGLLoadingScene -> GameScene
20:36:23.377 [FXGL Background Thread 3 ] DEBUG Engine               - Logging environment variables
20:36:23.378 [FXGL Background Thread 3 ] DEBUG Engine               - achievements: []
20:36:23.379 [FXGL Background Thread 3 ] DEBUG Engine               - actualHeight: 911.0
20:36:23.379 [FXGL Background Thread 3 ] DEBUG Engine               - actualHeightProperty: ReadOnlyDoubleProperty [value: 911.0]
20:36:23.379 [FXGL Background Thread 3 ] DEBUG Engine               - actualWidth: 1434.0
20:36:23.379 [FXGL Background Thread 3 ] DEBUG Engine               - actualWidthProperty: ReadOnlyDoubleProperty [value: 1434.0]
20:36:23.379 [FXGL Background Thread 3 ] DEBUG Engine               - appIcon: fxgl_icon.png
20:36:23.379 [FXGL Background Thread 3 ] DEBUG Engine               - applicationMode: DEVELOPER
20:36:23.379 [FXGL Background Thread 3 ] DEBUG Engine               - cSSList: [fxgl_dark.css]
20:36:23.380 [FXGL Background Thread 3 ] DEBUG Engine               - collisionDetectionStrategy: BRUTE_FORCE
20:36:23.380 [FXGL Background Thread 3 ] DEBUG Engine               - configClass: Optional.empty
20:36:23.380 [FXGL Background Thread 3 ] DEBUG Engine               - credits: []
20:36:23.380 [FXGL Background Thread 3 ] DEBUG Engine               - defaultCursor: CursorInfo(imageName=fxgl_default_cursor.png, hotspotX=7.0, hotspotY=6.0)
20:36:23.381 [FXGL Background Thread 3 ] DEBUG Engine               - devBBoxColorProperty: ObjectProperty [value: 0xff0000ff]
20:36:23.381 [FXGL Background Thread 3 ] DEBUG Engine               - devEnableDebugCameraProperty: BooleanProperty [value: false]
20:36:23.381 [FXGL Background Thread 3 ] DEBUG Engine               - devSensorColorProperty: ObjectProperty [value: 0xffff00ff]
20:36:23.381 [FXGL Background Thread 3 ] DEBUG Engine               - devShowBBoxProperty: BooleanProperty [value: false]
20:36:23.381 [FXGL Background Thread 3 ] DEBUG Engine               - devShowPositionProperty: BooleanProperty [value: false]
20:36:23.382 [FXGL Background Thread 3 ] DEBUG Engine               - enabledMenuItems: []
20:36:23.382 [FXGL Background Thread 3 ] DEBUG Engine               - engineServices: [class com.almasb.fxgl.app.services.FXGLAssetLoaderService, class com.almasb.fxgl.app.FXGLApplication$GameApplicationService, class com.almasb.fxgl.app.services.FXGLDialogService, class com.almasb.fxgl.app.services.IOTaskExecutorService, class com.almasb.fxgl.io.FileSystemService, class com.almasb.fxgl.localization.LocalizationService, class com.almasb.fxgl.app.services.SystemBundleService, class com.almasb.fxgl.profile.SaveLoadService, class com.almasb.fxgl.ui.FXGLUIFactoryServiceProvider, class com.almasb.fxgl.ui.FXGLDialogFactoryServiceProvider, class com.almasb.fxgl.audio.AudioPlayer, class com.almasb.fxgl.notification.impl.NotificationServiceProvider, class com.almasb.fxgl.achievement.AchievementService, class com.almasb.fxgl.cutscene.CutsceneService, class com.almasb.fxgl.minigames.MiniGameService, class com.almasb.fxgl.net.NetService, class com.almasb.fxgl.app.services.UpdaterService, class com.almasb.fxgl.dev.DevService]
20:36:23.385 [FXGL Background Thread 3 ] DEBUG Engine               - fontGame: Abel-Regular.ttf
20:36:23.385 [FXGL Background Thread 3 ] DEBUG Engine               - fontMono: TerminalLandMono-Regular.otf
20:36:23.385 [FXGL Background Thread 3 ] DEBUG Engine               - fontSizeScaleUI: 1.0
20:36:23.385 [FXGL Background Thread 3 ] DEBUG Engine               - fontText: Courier-Prime.ttf
20:36:23.385 [FXGL Background Thread 3 ] DEBUG Engine               - fontUI: VarelaRound-Regular.ttf
20:36:23.385 [FXGL Background Thread 3 ] DEBUG Engine               - fullScreen: BooleanProperty [value: false]
20:36:23.385 [FXGL Background Thread 3 ] DEBUG Engine               - gameDifficulty: MEDIUM
20:36:23.386 [FXGL Background Thread 3 ] DEBUG Engine               - gameDifficultyProperty: ObjectProperty [value: MEDIUM]
20:36:23.386 [FXGL Background Thread 3 ] DEBUG Engine               - globalMusicVolume: 0.5
20:36:23.386 [FXGL Background Thread 3 ] DEBUG Engine               - globalMusicVolumeProperty: DoubleProperty [value: 0.5]
20:36:23.389 [FXGL Background Thread 3 ] DEBUG Engine               - globalSoundVolume: 0.5
20:36:23.389 [FXGL Background Thread 3 ] DEBUG Engine               - globalSoundVolumeProperty: DoubleProperty [value: 0.5]
20:36:23.389 [FXGL Background Thread 3 ] DEBUG Engine               - height: 1000
20:36:23.389 [FXGL Background Thread 3 ] DEBUG Engine               - is3D: false
20:36:23.389 [FXGL Background Thread 3 ] DEBUG Engine               - isAndroid: false
20:36:23.390 [FXGL Background Thread 3 ] DEBUG Engine               - isBrowser: false
20:36:23.390 [FXGL Background Thread 3 ] DEBUG Engine               - isClickFeedbackEnabled: false
20:36:23.390 [FXGL Background Thread 3 ] DEBUG Engine               - isCloseConfirmation: false
20:36:23.390 [FXGL Background Thread 3 ] DEBUG Engine               - isDesktop: true
20:36:23.390 [FXGL Background Thread 3 ] DEBUG Engine               - isDeveloperMenuEnabled: true
20:36:23.390 [FXGL Background Thread 3 ] DEBUG Engine               - isEmbedded: false
20:36:23.390 [FXGL Background Thread 3 ] DEBUG Engine               - isEntityPreloadEnabled: true
20:36:23.390 [FXGL Background Thread 3 ] DEBUG Engine               - isExperimentalTiledLargeMap: false
20:36:23.390 [FXGL Background Thread 3 ] DEBUG Engine               - isFileSystemWriteAllowed: true
20:36:23.391 [FXGL Background Thread 3 ] DEBUG Engine               - isFullScreenAllowed: false
20:36:23.391 [FXGL Background Thread 3 ] DEBUG Engine               - isFullScreenFromStart: false
20:36:23.391 [FXGL Background Thread 3 ] DEBUG Engine               - isGameMenuEnabled: true
20:36:23.391 [FXGL Background Thread 3 ] DEBUG Engine               - isIOS: false
20:36:23.391 [FXGL Background Thread 3 ] DEBUG Engine               - isIntroEnabled: false
20:36:23.391 [FXGL Background Thread 3 ] DEBUG Engine               - isLinux: false
20:36:23.391 [FXGL Background Thread 3 ] DEBUG Engine               - isMac: false
20:36:23.392 [FXGL Background Thread 3 ] DEBUG Engine               - isMainMenuEnabled: false
20:36:23.392 [FXGL Background Thread 3 ] DEBUG Engine               - isManualResizeEnabled: false
20:36:23.392 [FXGL Background Thread 3 ] DEBUG Engine               - isMobile: false
20:36:23.392 [FXGL Background Thread 3 ] DEBUG Engine               - isNative: false
20:36:23.392 [FXGL Background Thread 3 ] DEBUG Engine               - isPauseMusicWhenMinimized: true
20:36:23.392 [FXGL Background Thread 3 ] DEBUG Engine               - isPreserveResizeRatio: false
20:36:23.393 [FXGL Background Thread 3 ] DEBUG Engine               - isProfilingEnabled: false
20:36:23.393 [FXGL Background Thread 3 ] DEBUG Engine               - isScaleAffectedOnResize: true
20:36:23.393 [FXGL Background Thread 3 ] DEBUG Engine               - isSingleStep: false
20:36:23.393 [FXGL Background Thread 3 ] DEBUG Engine               - isUserProfileEnabled: false
20:36:23.393 [FXGL Background Thread 3 ] DEBUG Engine               - isWindows: true
20:36:23.393 [FXGL Background Thread 3 ] DEBUG Engine               - language: ObjectProperty [value: ENGLISH]
20:36:23.393 [FXGL Background Thread 3 ] DEBUG Engine               - menuKey: ESCAPE
20:36:23.394 [FXGL Background Thread 3 ] DEBUG Engine               - mouseSensitivity: 0.2
20:36:23.394 [FXGL Background Thread 3 ] DEBUG Engine               - notificationViewClass: class com.almasb.fxgl.notification.view.XboxNotificationView
20:36:23.394 [FXGL Background Thread 3 ] DEBUG Engine               - pixelsPerMeter: 50.0
20:36:23.394 [FXGL Background Thread 3 ] DEBUG Engine               - platform: WINDOWS
20:36:23.394 [FXGL Background Thread 3 ] DEBUG Engine               - prefHeightProperty: ReadOnlyDoubleProperty [value: 1000.0]
20:36:23.394 [FXGL Background Thread 3 ] DEBUG Engine               - prefWidthProperty: ReadOnlyDoubleProperty [value: 1600.0]
20:36:23.394 [FXGL Background Thread 3 ] DEBUG Engine               - profileDir: profiles/
20:36:23.394 [FXGL Background Thread 3 ] DEBUG Engine               - profileName: StringProperty [value: DEFAULT]
20:36:23.394 [FXGL Background Thread 3 ] DEBUG Engine               - randomSeed: -1
20:36:23.395 [FXGL Background Thread 3 ] DEBUG Engine               - runtimeInfo: RuntimeInfo(platform=WINDOWS, version=17.3, build=30.03.2023 11.49)
20:36:23.395 [FXGL Background Thread 3 ] DEBUG Engine               - saveFileExt: sav
20:36:23.395 [FXGL Background Thread 3 ] DEBUG Engine               - scaledHeightProp$fxgl: DoubleProperty [bound, value: 911.0]
20:36:23.395 [FXGL Background Thread 3 ] DEBUG Engine               - scaledWidthProp$fxgl: DoubleProperty [bound, value: 1434.0]
20:36:23.395 [FXGL Background Thread 3 ] DEBUG Engine               - sceneFactory: com.almasb.fxgl.app.scene.SceneFactory@d24778b
20:36:23.395 [FXGL Background Thread 3 ] DEBUG Engine               - secondsIn24h: 60
20:36:23.395 [FXGL Background Thread 3 ] DEBUG Engine               - soundMenuBack: menu/back.wav
20:36:23.395 [FXGL Background Thread 3 ] DEBUG Engine               - soundMenuPress: menu/press.wav
20:36:23.395 [FXGL Background Thread 3 ] DEBUG Engine               - soundMenuSelect: menu/select.wav
20:36:23.395 [FXGL Background Thread 3 ] DEBUG Engine               - soundNotification: core/notification.wav
20:36:23.395 [FXGL Background Thread 3 ] DEBUG Engine               - stageStyle: DECORATED
20:36:23.395 [FXGL Background Thread 3 ] DEBUG Engine               - supportedLanguages: [ENGLISH, FRENCH, GERMAN, HUNGARIAN, RUSSIAN]
20:36:23.395 [FXGL Background Thread 3 ] DEBUG Engine               - ticksPerSecond: -1
20:36:23.395 [FXGL Background Thread 3 ] DEBUG Engine               - title: Pruebas en FXGL
20:36:23.395 [FXGL Background Thread 3 ] DEBUG Engine               - urlGithub: https://github.com/AlmasB/FXGL
20:36:23.395 [FXGL Background Thread 3 ] DEBUG Engine               - urlLeaderboard: http://fxgl-top.herokuapp.com/
20:36:23.395 [FXGL Background Thread 3 ] DEBUG Engine               - urlPOM: https://raw.githubusercontent.com/AlmasB/FXGL/release/README.md
20:36:23.395 [FXGL Background Thread 3 ] DEBUG Engine               - userAppClass: class App.Game.GameApp
20:36:23.395 [FXGL Background Thread 3 ] DEBUG Engine               - version: 0.0
20:36:23.395 [FXGL Background Thread 3 ] DEBUG Engine               - versionCheckDays: 7
20:36:23.395 [FXGL Background Thread 3 ] DEBUG Engine               - width: 1600
20:36:23.395 [FXGL Background Thread 3 ] DEBUG Engine               - Logging services
20:36:23.395 [FXGL Background Thread 3 ] DEBUG Engine               - class com.almasb.fxgl.app.services.FXGLAssetLoaderService
20:36:23.395 [FXGL Background Thread 3 ] DEBUG Engine               - class com.almasb.fxgl.app.FXGLApplication$GameApplicationService
20:36:23.395 [FXGL Background Thread 3 ] DEBUG Engine               - class com.almasb.fxgl.app.services.FXGLDialogService
20:36:23.395 [FXGL Background Thread 3 ] DEBUG Engine               - class com.almasb.fxgl.app.services.IOTaskExecutorService
20:36:23.395 [FXGL Background Thread 3 ] DEBUG Engine               - class com.almasb.fxgl.io.FileSystemService
20:36:23.395 [FXGL Background Thread 3 ] DEBUG Engine               - class com.almasb.fxgl.localization.LocalizationService
20:36:23.395 [FXGL Background Thread 3 ] DEBUG Engine               - class com.almasb.fxgl.app.services.SystemBundleService
20:36:23.395 [FXGL Background Thread 3 ] DEBUG Engine               - class com.almasb.fxgl.profile.SaveLoadService
20:36:23.395 [FXGL Background Thread 3 ] DEBUG Engine               - class com.almasb.fxgl.ui.FXGLUIFactoryServiceProvider
20:36:23.395 [FXGL Background Thread 3 ] DEBUG Engine               - class com.almasb.fxgl.ui.FXGLDialogFactoryServiceProvider
20:36:23.396 [FXGL Background Thread 3 ] DEBUG Engine               - class com.almasb.fxgl.audio.AudioPlayer
20:36:23.396 [FXGL Background Thread 3 ] DEBUG Engine               - class com.almasb.fxgl.notification.impl.NotificationServiceProvider
20:36:23.396 [FXGL Background Thread 3 ] DEBUG Engine               - class com.almasb.fxgl.achievement.AchievementService
20:36:23.396 [FXGL Background Thread 3 ] DEBUG Engine               - class com.almasb.fxgl.cutscene.CutsceneService
20:36:23.396 [FXGL Background Thread 3 ] DEBUG Engine               - class com.almasb.fxgl.minigames.MiniGameService
20:36:23.396 [FXGL Background Thread 3 ] DEBUG Engine               - class com.almasb.fxgl.net.NetService
20:36:23.396 [FXGL Background Thread 3 ] DEBUG Engine               - class com.almasb.fxgl.app.services.UpdaterService
20:36:23.396 [FXGL Background Thread 3 ] DEBUG Engine               - class com.almasb.fxgl.dev.DevService
20:36:37.074 [JavaFX Application Thread] DEBUG AudioPlayer          - Stopping music com.almasb.fxgl.audio.Music@c08a578
20:36:37.109 [JavaFX Application Thread] DEBUG FXGLAssetLoaderServi - Loading from file system: file:/C:/Users/Dannieris/Desktop/Proyecto/ForkProyecto/target/classes/assets/music/battle.wav
20:36:37.112 [JavaFX Application Thread] DEBUG AudioPlayer          - Playing music com.almasb.fxgl.audio.Music@29e789a9
20:36:39.307 [JavaFX Application Thread] DEBUG FXGLAssetLoaderServi - Loading from file system: file:/C:/Users/Dannieris/Desktop/Proyecto/ForkProyecto/target/classes/assets/music/arma.wav
20:36:39.311 [JavaFX Application Thread] DEBUG AudioPlayer          - Playing music com.almasb.fxgl.audio.Music@6b28b2a5
20:36:39.769 [JavaFX Application Thread] DEBUG AudioPlayer          - Stopping music com.almasb.fxgl.audio.Music@c08a578
20:36:39.770 [JavaFX Application Thread] DEBUG AudioPlayer          - Stopping music com.almasb.fxgl.audio.Music@29e789a9
20:36:39.771 [JavaFX Application Thread] DEBUG AudioPlayer          - Stopping music com.almasb.fxgl.audio.Music@6b28b2a5
20:36:39.774 [JavaFX Application Thread] DEBUG AudioPlayer          - Playing music com.almasb.fxgl.audio.Music@c08a578
20:36:40.677 [JavaFX Application Thread] DEBUG FXGLApplication      - Exiting FXGL
20:36:40.678 [JavaFX Application Thread] DEBUG LoopRunner           - Stopping loop
20:36:40.678 [JavaFX Application Thread] DEBUG SystemBundleService  - Saving FXGL system data
20:36:40.681 [JavaFX Application Thread] DEBUG FileSystemAccess     - Writing to: C:\Users\Dannieris\Desktop\Proyecto\ForkProyecto\system\fxgl.bundle
20:36:40.693 [JavaFX Application Thread] DEBUG Async                - Shutting down background threads
20:36:40.693 [JavaFX Application Thread] DEBUG PrimaryStageWindow   - Closing main window
20:36:40.736 [JavaFX Application Thread] DEBUG Logger               - Closing Logger
