13:37:16.167 [main                     ] DEBUG Logger               - Configured Logger
13:37:16.172 [main                     ] DEBUG GameApplication      - Logging settings
Title: Eclipsis: el legado de la nave abandonada(BetaVer)
Version: 0.0
Width: 1536
Height: 1024
Fullscreen: false
Intro: false
Profiling: false
Single step:false
App Mode: DEVELOPER
Menu Key: ESCAPE
Stage Style: DECORATED
Scene Factory: class App.Game.GameApp$1

13:37:16.278 [JavaFX Application Thread] DEBUG FXGLApplication      - Initializing FXGL
13:37:16.282 [JavaFX Application Thread] INFO  Engine               - FXGL-17.3 (30.03.2023 11.49) on WINDOWS (J:24.0.1 FX:17.0.6)
13:37:16.282 [JavaFX Application Thread] DEBUG Engine               - JRE Vendor Name: Oracle Corporation
13:37:16.282 [JavaFX Application Thread] DEBUG Engine               - Running on OS: Windows 11 version 10.0
13:37:16.282 [JavaFX Application Thread] DEBUG Engine               - Architecture: amd64
13:37:16.282 [JavaFX Application Thread] INFO  Engine               - Source code and latest versions at: https://github.com/AlmasB/FXGL
13:37:16.282 [JavaFX Application Thread] INFO  Engine               -       Ask questions and discuss at: https://github.com/AlmasB/FXGL/discussions
13:37:16.282 [JavaFX Application Thread] INFO  Engine               -              Join the FXGL chat at: https://gitter.im/AlmasB/FXGL
13:37:16.360 [JavaFX Application Thread] DEBUG PrimaryStageWindow   - Creating a JavaFX scene
13:37:16.360 [JavaFX Application Thread] DEBUG PrimaryStageWindow   - Target size > screen size
13:37:16.396 [JavaFX Application Thread] DEBUG PrimaryStageWindow   - Target settings size: 1536.0 x 1024.0
13:37:16.396 [JavaFX Application Thread] DEBUG PrimaryStageWindow   - Scaled scene size:    1343.0 x 912.0
13:37:16.398 [JavaFX Application Thread] DEBUG PrimaryStageWindow   - Scaled ratio: (0.8743489583333334, 0.890625)
13:37:16.398 [JavaFX Application Thread] DEBUG PrimaryStageWindow   - Set initial scene to FXGLStartupScene
13:37:16.404 [JavaFX Application Thread] DEBUG PrimaryStageWindow   - Opening main window
13:37:16.484 [JavaFX Application Thread] DEBUG PrimaryStageWindow   - Window border size: (14.5999755859375, 37.5999755859375)
13:37:16.484 [JavaFX Application Thread] DEBUG PrimaryStageWindow   - Scaled size: 1343.0 x 912.0
13:37:16.484 [JavaFX Application Thread] DEBUG PrimaryStageWindow   - Scaled ratio: (0.8743489583333334, 0.890625)
13:37:16.485 [JavaFX Application Thread] DEBUG PrimaryStageWindow   - Scene size: 1343.0 x 912.0
13:37:16.486 [JavaFX Application Thread] DEBUG PrimaryStageWindow   - Stage size: 1357.5999755859375 x 949.5999755859375
13:37:16.497 [FXGL Background Thread 1 ] DEBUG Engine               - Initializing environment variables
13:37:16.585 [FXGL Background Thread 1 ] DEBUG FXGLAssetLoaderServi - User app class for loading assets: class App.Game.GameApp
13:37:16.585 [FXGL Background Thread 1 ] DEBUG GameApplicationServi - Applying CSS: fxgl_dark.css
13:37:16.586 [FXGL Background Thread 1 ] DEBUG FXGLAssetLoaderServi - Loading from file system: jar:file:///C:/Users/Dannieris/.m2/repository/com/github/almasb/fxgl/17.3/fxgl-17.3.jar!/fxglassets/ui/css/fxgl_dark.css
13:37:16.642 [FXGL Background Thread 1 ] DEBUG GameApplicationServi - Initializing application scenes
13:37:16.690 [FXGL Background Thread 1 ] DEBUG GameWorld            - Game world initialized
13:37:16.788 [FXGL Background Thread 1 ] DEBUG PhysicsWorld         - Physics world initialized: appHeight=1024, physics.ppm=50.0
13:37:16.788 [FXGL Background Thread 1 ] DEBUG PhysicsWorld         - Using strategy: BRUTE_FORCE
13:37:16.793 [FXGL Background Thread 1 ] DEBUG GameScene            - Game scene initialized: 1536x1024
13:37:16.999 [FXGL Background Thread 1 ] DEBUG FXGL.DefaultMenu     - createMenuBodyGameMenu()
13:37:17.006 [FXGL Background Thread 1 ] DEBUG FXGL.DefaultMenu     - createOptionsMenu()
13:37:17.015 [FXGL Background Thread 1 ] DEBUG FXGLAssetLoaderServi - Loading from file system: jar:file:///C:/Users/Dannieris/.m2/repository/com/github/almasb/fxgl/17.3/fxgl-17.3.jar!/fxglassets/textures/particles/smoke.png
13:37:17.107 [FXGL Background Thread 1 ] DEBUG FXGLAssetLoaderServi - Loading from file system: jar:file:///C:/Users/Dannieris/.m2/repository/com/github/almasb/fxgl/17.3/fxgl-17.3.jar!/fxglassets/textures/particles/trace_horizontal.png
13:37:17.126 [FXGL Background Thread 1 ] DEBUG FXGLAssetLoaderServi - Loading from file system: file:/C:/Users/Dannieris/Desktop/Nueva%20carpeta%20(4)/ForkProyecto/target/classes/assets/music/menu.wav
13:37:17.240 [FXGL Background Thread 1 ] DEBUG AudioPlayer          - Playing music com.almasb.fxgl.audio.Music@19bcf914
13:37:17.244 [FXGL Background Thread 1 ] DEBUG AudioPlayer          - Playing music com.almasb.fxgl.audio.Music@19bcf914
13:37:17.245 [FXGL Background Thread 1 ] DEBUG FXGLAssetLoaderServi - Loading from file system: file:/C:/Users/Dannieris/Desktop/Nueva%20carpeta%20(4)/ForkProyecto/target/classes/assets/textures/fondoGameMenu.png
13:37:17.282 [FXGL Background Thread 1 ] DEBUG GameApplicationServi - Application scenes initialized
13:37:17.292 [FXGL Background Thread 1 ] DEBUG SystemBundleService  - Loading FXGL system data
13:37:17.297 [FXGL Background Thread 1 ] DEBUG FileSystemAccess     - Reading from: C:\Users\Dannieris\Desktop\Nueva carpeta (4)\ForkProyecto\system\fxgl.bundle
13:37:17.304 [FXGL Background Thread 1 ] DEBUG SystemBundleService  - Bundle FXGL: {}
13:37:17.304 [FXGL Background Thread 1 ] DEBUG UpdaterService       - Checking for updates
13:37:17.335 [FXGL Background Thread 4 ] DEBUG FXGLApplication      - Loading fonts
13:37:17.336 [FXGL Background Thread 4 ] DEBUG FXGLAssetLoaderServi - Loading from file system: jar:file:///C:/Users/Dannieris/.m2/repository/com/github/almasb/fxgl/17.3/fxgl-17.3.jar!/fxglassets/ui/fonts/VarelaRound-Regular.ttf
13:37:17.336 [FXGL Background Thread 1 ] DEBUG FXGLApplication      - Loading default localization
13:37:17.337 [FXGL Background Thread 1 ] DEBUG FXGLAssetLoaderServi - Loading from file system: jar:file:///C:/Users/Dannieris/.m2/repository/com/github/almasb/fxgl/17.3/fxgl-17.3.jar!/fxglassets/languages/english.lang
13:37:17.365 [FXGL Background Thread 1 ] INFO  FXGLApplication      - FXGL initialization took: 0.867 sec
13:37:17.366 [JavaFX Application Thread] DEBUG FXGLAssetLoaderServi - Loading from file system: jar:file:///C:/Users/Dannieris/.m2/repository/com/github/almasb/fxgl/17.3/fxgl-17.3.jar!/fxglassets/textures/fxgl_icon.png
13:37:17.376 [JavaFX Application Thread] DEBUG FXGLAssetLoaderServi - Loading from file system: file:/C:/Users/Dannieris/Desktop/Nueva%20carpeta%20(4)/ForkProyecto/target/classes/assets/textures/cursor.png
13:37:17.385 [JavaFX Application Thread] DEBUG Input                - Registered new binding: Screenshot - CTRL+8
13:37:17.385 [FXGL Background Thread 4 ] DEBUG FXGLAssetLoaderServi - Loading from file system: jar:file:///C:/Users/Dannieris/.m2/repository/com/github/almasb/fxgl/17.3/fxgl-17.3.jar!/fxglassets/ui/fonts/Abel-Regular.ttf
13:37:17.385 [JavaFX Application Thread] DEBUG Input                - Registered new binding: Dev Options - 1
13:37:17.387 [JavaFX Application Thread] DEBUG Input                - Registered new binding: Dev Console - 2
13:37:17.387 [JavaFX Application Thread] DEBUG Input                - Registered new binding: System info dump - CTRL+9
13:37:17.387 [JavaFX Application Thread] DEBUG Input                - Registered new binding: Restart - CTRL+R
13:37:17.388 [JavaFX Application Thread] DEBUG Input                - Registered new binding: Toggle Debug Camera - CTRL+7
13:37:17.394 [JavaFX Application Thread] DEBUG LoopRunner           - Starting loop
13:37:17.394 [FXGL Background Thread 4 ] DEBUG FXGLAssetLoaderServi - Loading from file system: jar:file:///C:/Users/Dannieris/.m2/repository/com/github/almasb/fxgl/17.3/fxgl-17.3.jar!/fxglassets/ui/fonts/TerminalLandMono-Regular.otf
13:37:17.413 [JavaFX Application Thread] DEBUG LoopRunner           - Initializing JavaFX AnimationTimerLoop
13:37:17.415 [JavaFX Application Thread] DEBUG Input                - Clearing active input actions
13:37:17.419 [FXGL Background Thread 4 ] DEBUG FXGLAssetLoaderServi - Loading from file system: jar:file:///C:/Users/Dannieris/.m2/repository/com/github/almasb/fxgl/17.3/fxgl-17.3.jar!/fxglassets/ui/fonts/Courier-Prime.ttf
13:37:17.428 [JavaFX Application Thread] DEBUG GameApplicationServi - Removing overlay from FXGLStartupScene and adding to FXGLMainMenuDummyScene
13:37:17.433 [JavaFX Application Thread] DEBUG PrimaryStageWindow   - FXGLStartupScene -> FXGLMainMenuDummyScene
13:37:17.433 [JavaFX Application Thread] DEBUG PrimaryStageWindow   - Push state: MyMenu
13:37:17.433 [JavaFX Application Thread] DEBUG Input                - Clearing active input actions
13:37:17.436 [JavaFX Application Thread] DEBUG GameApplicationServi - Removing overlay from FXGLMainMenuDummyScene and adding to MyMenu
13:37:17.438 [JavaFX Application Thread] DEBUG PrimaryStageWindow   - FXGLMainMenuDummyScene -> MyMenu
13:37:17.720 [JavaFX Application Thread] DEBUG FXGLApplication      - Registering font factories with UI factory
13:37:18.067 [FXGL Background Thread 2 ] WARN  UpdaterService       - Failed to find updates: java.net.SocketException: Permission denied: connect
13:37:18.357 [JavaFX Application Thread] DEBUG PrimaryStageWindow   - Push state: EscenaSeleccion
13:37:18.358 [JavaFX Application Thread] DEBUG Input                - Clearing active input actions
13:37:18.369 [JavaFX Application Thread] DEBUG GameApplicationServi - Removing overlay from MyMenu and adding to EscenaSeleccion
13:37:18.387 [JavaFX Application Thread] DEBUG PrimaryStageWindow   - MyMenu -> EscenaSeleccion
13:37:19.103 [JavaFX Application Thread] DEBUG FXGLAssetLoaderServi - Loading from file system: file:/C:/Users/Dannieris/Desktop/Nueva%20carpeta%20(4)/ForkProyecto/target/classes/assets/sounds/key.wav
13:37:20.200 [JavaFX Application Thread] DEBUG GameApplicationServi - Starting new game
13:37:20.202 [JavaFX Application Thread] DEBUG PrimaryStageWindow   - Pop state: EscenaSeleccion
13:37:20.202 [JavaFX Application Thread] DEBUG Input                - Clearing active input actions
13:37:20.204 [JavaFX Application Thread] DEBUG GameApplicationServi - Removing overlay from EscenaSeleccion and adding to MyMenu
13:37:20.215 [JavaFX Application Thread] DEBUG PrimaryStageWindow   - MyMenu <- EscenaSeleccion
13:37:20.216 [JavaFX Application Thread] DEBUG PrimaryStageWindow   - Pop state: MyMenu
13:37:20.216 [JavaFX Application Thread] DEBUG Input                - Clearing active input actions
13:37:20.218 [JavaFX Application Thread] DEBUG GameApplicationServi - Removing overlay from MyMenu and adding to FXGLMainMenuDummyScene
13:37:20.218 [JavaFX Application Thread] DEBUG PrimaryStageWindow   - FXGLMainMenuDummyScene <- MyMenu
13:37:20.219 [JavaFX Application Thread] DEBUG Input                - Clearing active input actions
13:37:20.230 [JavaFX Application Thread] DEBUG GameApplicationServi - Removing overlay from FXGLMainMenuDummyScene and adding to FXGLLoadingScene
13:37:20.242 [JavaFX Application Thread] DEBUG PrimaryStageWindow   - FXGLMainMenuDummyScene -> FXGLLoadingScene
13:37:20.242 [JavaFX Application Thread] DEBUG GameApplicationServi - Clearing previous game
13:37:20.242 [JavaFX Application Thread] DEBUG GameScene            - Clearing game scene
13:37:20.242 [JavaFX Application Thread] DEBUG GameWorld            - Clearing game world
13:37:20.242 [JavaFX Application Thread] DEBUG PhysicsWorld         - Clearing physics world
13:37:20.245 [FXGL Background Thread 2 ] DEBUG FXGLApplication      - Initializing game
13:37:20.333 [FXGL Background Thread 3 ] DEBUG Engine               - Logging environment variables
13:37:20.336 [FXGL Background Thread 3 ] DEBUG Engine               - achievements: []
13:37:20.336 [FXGL Background Thread 3 ] DEBUG Engine               - actualHeight: 912.0
13:37:20.336 [FXGL Background Thread 3 ] DEBUG Engine               - actualHeightProperty: ReadOnlyDoubleProperty [value: 912.0]
13:37:20.337 [FXGL Background Thread 3 ] DEBUG Engine               - actualWidth: 1343.0
13:37:20.337 [FXGL Background Thread 3 ] DEBUG Engine               - actualWidthProperty: ReadOnlyDoubleProperty [value: 1343.0]
13:37:20.337 [FXGL Background Thread 3 ] DEBUG Engine               - appIcon: fxgl_icon.png
13:37:20.337 [FXGL Background Thread 3 ] DEBUG Engine               - applicationMode: DEVELOPER
13:37:20.337 [FXGL Background Thread 3 ] DEBUG Engine               - cSSList: [fxgl_dark.css]
13:37:20.338 [FXGL Background Thread 3 ] DEBUG Engine               - collisionDetectionStrategy: BRUTE_FORCE
13:37:20.338 [FXGL Background Thread 3 ] DEBUG Engine               - configClass: Optional.empty
13:37:20.339 [FXGL Background Thread 3 ] DEBUG Engine               - credits: []
13:37:20.340 [FXGL Background Thread 3 ] DEBUG Engine               - defaultCursor: CursorInfo(imageName=cursor.png, hotspotX=0.0, hotspotY=0.0)
13:37:20.340 [FXGL Background Thread 3 ] DEBUG Engine               - devBBoxColorProperty: ObjectProperty [value: 0xff0000ff]
13:37:20.340 [FXGL Background Thread 3 ] DEBUG Engine               - devEnableDebugCameraProperty: BooleanProperty [value: false]
13:37:20.341 [FXGL Background Thread 3 ] DEBUG Engine               - devSensorColorProperty: ObjectProperty [value: 0xffff00ff]
13:37:20.343 [FXGL Background Thread 3 ] DEBUG Engine               - devShowBBoxProperty: BooleanProperty [value: false]
13:37:20.343 [FXGL Background Thread 3 ] DEBUG Engine               - devShowPositionProperty: BooleanProperty [value: false]
13:37:20.344 [FXGL Background Thread 3 ] DEBUG Engine               - enabledMenuItems: []
13:37:20.344 [FXGL Background Thread 3 ] DEBUG Engine               - engineServices: [class com.almasb.fxgl.app.services.FXGLAssetLoaderService, class com.almasb.fxgl.app.FXGLApplication$GameApplicationService, class com.almasb.fxgl.app.services.FXGLDialogService, class com.almasb.fxgl.app.services.IOTaskExecutorService, class com.almasb.fxgl.io.FileSystemService, class com.almasb.fxgl.localization.LocalizationService, class com.almasb.fxgl.app.services.SystemBundleService, class com.almasb.fxgl.profile.SaveLoadService, class com.almasb.fxgl.ui.FXGLUIFactoryServiceProvider, class com.almasb.fxgl.ui.FXGLDialogFactoryServiceProvider, class com.almasb.fxgl.audio.AudioPlayer, class com.almasb.fxgl.notification.impl.NotificationServiceProvider, class com.almasb.fxgl.achievement.AchievementService, class com.almasb.fxgl.cutscene.CutsceneService, class com.almasb.fxgl.minigames.MiniGameService, class com.almasb.fxgl.net.NetService, class com.almasb.fxgl.app.services.UpdaterService, class com.almasb.fxgl.dev.DevService]
13:37:20.344 [FXGL Background Thread 3 ] DEBUG Engine               - fontGame: Abel-Regular.ttf
13:37:20.344 [FXGL Background Thread 3 ] DEBUG Engine               - fontMono: TerminalLandMono-Regular.otf
13:37:20.344 [FXGL Background Thread 3 ] DEBUG Engine               - fontSizeScaleUI: 1.0
13:37:20.344 [FXGL Background Thread 3 ] DEBUG Engine               - fontText: Courier-Prime.ttf
13:37:20.344 [FXGL Background Thread 3 ] DEBUG Engine               - fontUI: VarelaRound-Regular.ttf
13:37:20.344 [FXGL Background Thread 3 ] DEBUG Engine               - fullScreen: BooleanProperty [value: false]
13:37:20.344 [FXGL Background Thread 3 ] DEBUG Engine               - gameDifficulty: MEDIUM
13:37:20.345 [FXGL Background Thread 3 ] DEBUG Engine               - gameDifficultyProperty: ObjectProperty [value: MEDIUM]
13:37:20.345 [FXGL Background Thread 3 ] DEBUG Engine               - globalMusicVolume: 0.5
13:37:20.345 [FXGL Background Thread 3 ] DEBUG Engine               - globalMusicVolumeProperty: DoubleProperty [value: 0.5]
13:37:20.345 [FXGL Background Thread 3 ] DEBUG Engine               - globalSoundVolume: 0.5
13:37:20.345 [FXGL Background Thread 3 ] DEBUG Engine               - globalSoundVolumeProperty: DoubleProperty [value: 0.5]
13:37:20.345 [FXGL Background Thread 3 ] DEBUG Engine               - height: 1024
13:37:20.345 [FXGL Background Thread 3 ] DEBUG Engine               - is3D: false
13:37:20.349 [FXGL Background Thread 3 ] DEBUG Engine               - isAndroid: false
13:37:20.350 [FXGL Background Thread 3 ] DEBUG Engine               - isBrowser: false
13:37:20.350 [FXGL Background Thread 3 ] DEBUG Engine               - isClickFeedbackEnabled: false
13:37:20.350 [FXGL Background Thread 3 ] DEBUG Engine               - isCloseConfirmation: false
13:37:20.350 [FXGL Background Thread 3 ] DEBUG Engine               - isDesktop: true
13:37:20.351 [FXGL Background Thread 3 ] DEBUG Engine               - isDeveloperMenuEnabled: true
13:37:20.351 [FXGL Background Thread 3 ] DEBUG Engine               - isEmbedded: false
13:37:20.351 [FXGL Background Thread 3 ] DEBUG Engine               - isEntityPreloadEnabled: true
13:37:20.351 [FXGL Background Thread 3 ] DEBUG Engine               - isExperimentalTiledLargeMap: false
13:37:20.351 [FXGL Background Thread 3 ] DEBUG Engine               - isFileSystemWriteAllowed: true
13:37:20.351 [FXGL Background Thread 3 ] DEBUG Engine               - isFullScreenAllowed: false
13:37:20.351 [FXGL Background Thread 3 ] DEBUG Engine               - isFullScreenFromStart: false
13:37:20.351 [FXGL Background Thread 3 ] DEBUG Engine               - isGameMenuEnabled: true
13:37:20.351 [FXGL Background Thread 3 ] DEBUG Engine               - isIOS: false
13:37:20.351 [FXGL Background Thread 3 ] DEBUG Engine               - isIntroEnabled: false
13:37:20.351 [FXGL Background Thread 3 ] DEBUG Engine               - isLinux: false
13:37:20.351 [FXGL Background Thread 3 ] DEBUG Engine               - isMac: false
13:37:20.352 [FXGL Background Thread 3 ] DEBUG Engine               - isMainMenuEnabled: true
13:37:20.352 [FXGL Background Thread 3 ] DEBUG Engine               - isManualResizeEnabled: false
13:37:20.352 [FXGL Background Thread 3 ] DEBUG Engine               - isMobile: false
13:37:20.353 [FXGL Background Thread 3 ] DEBUG Engine               - isNative: false
13:37:20.353 [FXGL Background Thread 3 ] DEBUG Engine               - isPauseMusicWhenMinimized: true
13:37:20.353 [FXGL Background Thread 3 ] DEBUG Engine               - isPreserveResizeRatio: false
13:37:20.353 [FXGL Background Thread 3 ] DEBUG Engine               - isProfilingEnabled: false
13:37:20.353 [FXGL Background Thread 3 ] DEBUG Engine               - isScaleAffectedOnResize: true
13:37:20.353 [FXGL Background Thread 3 ] DEBUG Engine               - isSingleStep: false
13:37:20.353 [FXGL Background Thread 3 ] DEBUG Engine               - isUserProfileEnabled: false
13:37:20.353 [FXGL Background Thread 3 ] DEBUG Engine               - isWindows: true
13:37:20.353 [FXGL Background Thread 3 ] DEBUG Engine               - language: ObjectProperty [value: ENGLISH]
13:37:20.353 [FXGL Background Thread 3 ] DEBUG Engine               - menuKey: ESCAPE
13:37:20.354 [FXGL Background Thread 3 ] DEBUG Engine               - mouseSensitivity: 0.2
13:37:20.354 [FXGL Background Thread 3 ] DEBUG Engine               - notificationViewClass: class com.almasb.fxgl.notification.view.XboxNotificationView
13:37:20.354 [FXGL Background Thread 3 ] DEBUG Engine               - pixelsPerMeter: 50.0
13:37:20.354 [FXGL Background Thread 3 ] DEBUG Engine               - platform: WINDOWS
13:37:20.354 [FXGL Background Thread 3 ] DEBUG Engine               - prefHeightProperty: ReadOnlyDoubleProperty [value: 1024.0]
13:37:20.354 [FXGL Background Thread 3 ] DEBUG Engine               - prefWidthProperty: ReadOnlyDoubleProperty [value: 1536.0]
13:37:20.354 [FXGL Background Thread 3 ] DEBUG Engine               - profileDir: profiles/
13:37:20.354 [FXGL Background Thread 3 ] DEBUG Engine               - profileName: StringProperty [value: DEFAULT]
13:37:20.355 [FXGL Background Thread 3 ] DEBUG Engine               - randomSeed: -1
13:37:20.356 [FXGL Background Thread 3 ] DEBUG Engine               - runtimeInfo: RuntimeInfo(platform=WINDOWS, version=17.3, build=30.03.2023 11.49)
13:37:20.356 [FXGL Background Thread 3 ] DEBUG Engine               - saveFileExt: sav
13:37:20.356 [FXGL Background Thread 3 ] DEBUG Engine               - scaledHeightProp$fxgl: DoubleProperty [bound, value: 912.0]
13:37:20.356 [FXGL Background Thread 3 ] DEBUG Engine               - scaledWidthProp$fxgl: DoubleProperty [bound, value: 1343.0]
13:37:20.356 [FXGL Background Thread 3 ] DEBUG Engine               - sceneFactory: App.Game.GameApp$1@7f4691f5
13:37:20.356 [FXGL Background Thread 3 ] DEBUG Engine               - secondsIn24h: 60
13:37:20.356 [FXGL Background Thread 3 ] DEBUG Engine               - soundMenuBack: menu/back.wav
13:37:20.356 [FXGL Background Thread 3 ] DEBUG Engine               - soundMenuPress: menu/press.wav
13:37:20.356 [FXGL Background Thread 3 ] DEBUG Engine               - soundMenuSelect: menu/select.wav
13:37:20.356 [FXGL Background Thread 3 ] DEBUG Engine               - soundNotification: core/notification.wav
13:37:20.356 [FXGL Background Thread 3 ] DEBUG Engine               - stageStyle: DECORATED
13:37:20.356 [FXGL Background Thread 3 ] DEBUG Engine               - supportedLanguages: [ENGLISH, FRENCH, GERMAN, HUNGARIAN, RUSSIAN]
13:37:20.356 [FXGL Background Thread 3 ] DEBUG Engine               - ticksPerSecond: -1
13:37:20.356 [FXGL Background Thread 3 ] DEBUG Engine               - title: Eclipsis: el legado de la nave abandonada(BetaVer)
13:37:20.356 [FXGL Background Thread 3 ] DEBUG Engine               - urlGithub: https://github.com/AlmasB/FXGL
13:37:20.356 [FXGL Background Thread 3 ] DEBUG Engine               - urlLeaderboard: http://fxgl-top.herokuapp.com/
13:37:20.356 [FXGL Background Thread 3 ] DEBUG Engine               - urlPOM: https://raw.githubusercontent.com/AlmasB/FXGL/release/README.md
13:37:20.358 [FXGL Background Thread 3 ] DEBUG Engine               - userAppClass: class App.Game.GameApp
13:37:20.358 [FXGL Background Thread 3 ] DEBUG Engine               - version: 0.0
13:37:20.358 [FXGL Background Thread 3 ] DEBUG Engine               - versionCheckDays: 7
13:37:20.358 [FXGL Background Thread 3 ] DEBUG Engine               - width: 1536
13:37:20.358 [FXGL Background Thread 3 ] DEBUG Engine               - Logging services
13:37:20.358 [FXGL Background Thread 3 ] DEBUG Engine               - class com.almasb.fxgl.app.services.FXGLAssetLoaderService
13:37:20.358 [FXGL Background Thread 3 ] DEBUG Engine               - class com.almasb.fxgl.app.FXGLApplication$GameApplicationService
13:37:20.358 [FXGL Background Thread 3 ] DEBUG Engine               - class com.almasb.fxgl.app.services.FXGLDialogService
13:37:20.358 [FXGL Background Thread 3 ] DEBUG Engine               - class com.almasb.fxgl.app.services.IOTaskExecutorService
13:37:20.358 [FXGL Background Thread 3 ] DEBUG Engine               - class com.almasb.fxgl.io.FileSystemService
13:37:20.358 [FXGL Background Thread 3 ] DEBUG Engine               - class com.almasb.fxgl.localization.LocalizationService
13:37:20.358 [FXGL Background Thread 3 ] DEBUG Engine               - class com.almasb.fxgl.app.services.SystemBundleService
13:37:20.358 [FXGL Background Thread 3 ] DEBUG Engine               - class com.almasb.fxgl.profile.SaveLoadService
13:37:20.358 [FXGL Background Thread 3 ] DEBUG Engine               - class com.almasb.fxgl.ui.FXGLUIFactoryServiceProvider
13:37:20.359 [FXGL Background Thread 3 ] DEBUG Engine               - class com.almasb.fxgl.ui.FXGLDialogFactoryServiceProvider
13:37:20.359 [FXGL Background Thread 3 ] DEBUG Engine               - class com.almasb.fxgl.audio.AudioPlayer
13:37:20.359 [FXGL Background Thread 3 ] DEBUG Engine               - class com.almasb.fxgl.notification.impl.NotificationServiceProvider
13:37:20.359 [FXGL Background Thread 3 ] DEBUG Engine               - class com.almasb.fxgl.achievement.AchievementService
13:37:20.359 [FXGL Background Thread 3 ] DEBUG Engine               - class com.almasb.fxgl.cutscene.CutsceneService
13:37:20.359 [FXGL Background Thread 3 ] DEBUG Engine               - class com.almasb.fxgl.minigames.MiniGameService
13:37:20.359 [FXGL Background Thread 3 ] DEBUG Engine               - class com.almasb.fxgl.net.NetService
13:37:20.359 [FXGL Background Thread 3 ] DEBUG Engine               - class com.almasb.fxgl.app.services.UpdaterService
13:37:20.359 [FXGL Background Thread 3 ] DEBUG Engine               - class com.almasb.fxgl.dev.DevService
13:37:20.444 [FXGL Background Thread 2 ] DEBUG AudioPlayer          - Stopping music com.almasb.fxgl.audio.Music@19bcf914
13:37:20.445 [FXGL Background Thread 2 ] DEBUG FXGLAssetLoaderServi - Loading from file system: file:/C:/Users/Dannieris/Desktop/Nueva%20carpeta%20(4)/ForkProyecto/target/classes/assets/music/loading.wav
13:37:20.452 [FXGL Background Thread 2 ] DEBUG AudioPlayer          - Playing music com.almasb.fxgl.audio.Music@7a6f1934
13:37:20.508 [FXGL Background Thread 2 ] WARN  TMXLevelLoader       - TiledMap generated from 1.11.2. Supported version: 1.9.0. Some features may not be parsed fully.
13:37:20.527 [FXGL Background Thread 2 ] DEBUG TMXLevelLoader       - Parsed TiledMap: file:/C:/Users/Dannieris/Desktop/Nueva%20carpeta%20(4)/ForkProyecto/target/classes/assets/levels/level_01.tmx
13:37:20.528 [FXGL Background Thread 2 ] DEBUG TMXLevelLoader       - Creating tile layer entities
13:37:20.534 [FXGL Background Thread 2 ] DEBUG TilesetLoader        - Loading view for layer Capa de patrones 1
13:37:20.537 [FXGL Background Thread 2 ] DEBUG TilesetLoader        - Created buffer with size 2000.0x1500.0
13:37:20.588 [FXGL Background Thread 2 ] WARN  TilesetLoader        - Diagonally flipped tiles are not currently supported
13:37:20.590 [FXGL Background Thread 2 ] WARN  TilesetLoader        - Diagonally flipped tiles are not currently supported
13:37:20.590 [FXGL Background Thread 2 ] WARN  TilesetLoader        - Diagonally flipped tiles are not currently supported
13:37:20.594 [FXGL Background Thread 2 ] WARN  TilesetLoader        - Diagonally flipped tiles are not currently supported
13:37:20.603 [FXGL Background Thread 2 ] WARN  TilesetLoader        - Diagonally flipped tiles are not currently supported
13:37:20.604 [FXGL Background Thread 2 ] WARN  TilesetLoader        - Diagonally flipped tiles are not currently supported
13:37:20.605 [FXGL Background Thread 2 ] WARN  TilesetLoader        - Diagonally flipped tiles are not currently supported
13:37:20.605 [FXGL Background Thread 2 ] WARN  TilesetLoader        - Diagonally flipped tiles are not currently supported
13:37:20.606 [FXGL Background Thread 2 ] WARN  TilesetLoader        - Diagonally flipped tiles are not currently supported
13:37:20.608 [FXGL Background Thread 2 ] WARN  TilesetLoader        - Diagonally flipped tiles are not currently supported
13:37:20.609 [FXGL Background Thread 2 ] DEBUG TilesetLoader        - Loading view for layer Capa de Decoracion
13:37:20.620 [FXGL Background Thread 2 ] DEBUG TilesetLoader        - Created buffer with size 2000.0x1500.0
13:37:20.636 [FXGL Background Thread 2 ] WARN  TilesetLoader        - Diagonally flipped tiles are not currently supported
13:37:20.638 [FXGL Background Thread 2 ] WARN  TilesetLoader        - Diagonally flipped tiles are not currently supported
13:37:20.685 [FXGL Background Thread 2 ] WARN  TilesetLoader        - Diagonally flipped tiles are not currently supported
13:37:20.686 [FXGL Background Thread 2 ] WARN  TilesetLoader        - Diagonally flipped tiles are not currently supported
13:37:20.686 [FXGL Background Thread 2 ] WARN  TilesetLoader        - Diagonally flipped tiles are not currently supported
13:37:20.688 [FXGL Background Thread 2 ] WARN  TilesetLoader        - Diagonally flipped tiles are not currently supported
13:37:20.689 [FXGL Background Thread 2 ] WARN  TilesetLoader        - Diagonally flipped tiles are not currently supported
13:37:20.690 [FXGL Background Thread 2 ] WARN  TilesetLoader        - Diagonally flipped tiles are not currently supported
13:37:20.690 [FXGL Background Thread 2 ] WARN  TilesetLoader        - Diagonally flipped tiles are not currently supported
13:37:20.691 [FXGL Background Thread 2 ] WARN  TilesetLoader        - Diagonally flipped tiles are not currently supported
13:37:20.695 [FXGL Background Thread 2 ] DEBUG TMXLevelLoader       - Creating object layer entities
13:37:20.725 [FXGL Background Thread 2 ] DEBUG GameWorld            - Clearing removable entities
13:37:20.771 [FXGL Background Thread 2 ] DEBUG GameWorld            - Setting level: com.almasb.fxgl.entity.level.Level@58ff9db2
13:37:20.790 [FXGL Background Thread 2 ] DEBUG FXGLAssetLoaderServi - Loading from file system: file:/C:/Users/Dannieris/Desktop/Nueva%20carpeta%20(4)/ForkProyecto/target/classes/assets/textures/bossatack_basic.png
13:37:20.805 [FXGL Background Thread 2 ] DEBUG FXGLAssetLoaderServi - Loading from file system: file:/C:/Users/Dannieris/Desktop/Nueva%20carpeta%20(4)/ForkProyecto/target/classes/assets/textures/bossidle.png
13:37:20.809 [FXGL Background Thread 2 ] WARN  FXGLAssetLoaderServi - Asset "/assets/textures/bosscaminando.png" was not found!
13:37:20.809 [FXGL Background Thread 2 ] WARN  FXGLAssetLoaderServi - Failed to load IMAGE
13:37:20.835 [FXGL Background Thread 2 ] WARN  FXGLAssetLoaderServi - Asset "/assets/textures/bossadelante.png" was not found!
13:37:20.835 [FXGL Background Thread 2 ] WARN  FXGLAssetLoaderServi - Failed to load IMAGE
13:37:20.835 [FXGL Background Thread 2 ] WARN  FXGLAssetLoaderServi - Asset "/assets/textures/bossatras.png" was not found!
13:37:20.835 [FXGL Background Thread 2 ] WARN  FXGLAssetLoaderServi - Failed to load IMAGE
13:37:20.836 [FXGL Background Thread 2 ] WARN  FXGLAssetLoaderServi - Asset "/assets/textures/bossdeat.png" was not found!
13:37:20.836 [FXGL Background Thread 2 ] WARN  FXGLAssetLoaderServi - Failed to load IMAGE
13:37:20.854 [FXGL Background Thread 2 ] WARN  GameWorld            - Entity is already attached to world
13:37:20.855 [FXGL Background Thread 2 ] DEBUG FXGLAssetLoaderServi - Loading from file system: file:/C:/Users/Dannieris/Desktop/Nueva%20carpeta%20(4)/ForkProyecto/target/classes/assets/textures/tankeitem.png
13:37:20.856 [FXGL Background Thread 2 ] WARN  FXGLAssetLoaderServi - Asset "/assets/textures/tankedisabled.png" was not found!
13:37:20.856 [FXGL Background Thread 2 ] WARN  FXGLAssetLoaderServi - Failed to load IMAGE
13:37:20.856 [FXGL Background Thread 2 ] WARN  GameWorld            - Entity is already attached to world
13:37:20.858 [FXGL Background Thread 2 ] WARN  FXGLAssetLoaderServi - Asset "/assets/textures/tankedisabled.png" was not found!
13:37:20.858 [FXGL Background Thread 2 ] WARN  FXGLAssetLoaderServi - Failed to load IMAGE
13:37:20.858 [FXGL Background Thread 2 ] WARN  GameWorld            - Entity is already attached to world
13:37:20.859 [FXGL Background Thread 2 ] DEBUG FXGLAssetLoaderServi - Loading from file system: file:/C:/Users/Dannieris/Desktop/Nueva%20carpeta%20(4)/ForkProyecto/target/classes/assets/textures/exploreatack_basic.png
13:37:20.860 [FXGL Background Thread 2 ] DEBUG FXGLAssetLoaderServi - Loading from file system: file:/C:/Users/Dannieris/Desktop/Nueva%20carpeta%20(4)/ForkProyecto/target/classes/assets/textures/exploreidle.png
13:37:20.863 [FXGL Background Thread 2 ] WARN  FXGLAssetLoaderServi - Asset "/assets/textures/explorecaminando.png" was not found!
13:37:20.863 [FXGL Background Thread 2 ] WARN  FXGLAssetLoaderServi - Failed to load IMAGE
13:37:20.863 [FXGL Background Thread 2 ] WARN  FXGLAssetLoaderServi - Asset "/assets/textures/exploreadelante.png" was not found!
13:37:20.863 [FXGL Background Thread 2 ] WARN  FXGLAssetLoaderServi - Failed to load IMAGE
13:37:20.863 [FXGL Background Thread 2 ] WARN  FXGLAssetLoaderServi - Asset "/assets/textures/exploreatras.png" was not found!
13:37:20.865 [FXGL Background Thread 2 ] WARN  FXGLAssetLoaderServi - Failed to load IMAGE
13:37:20.865 [FXGL Background Thread 2 ] DEBUG FXGLAssetLoaderServi - Loading from file system: file:/C:/Users/Dannieris/Desktop/Nueva%20carpeta%20(4)/ForkProyecto/target/classes/assets/textures/exploredeat.png
13:37:20.868 [FXGL Background Thread 2 ] WARN  GameWorld            - Entity is already attached to world
13:37:20.870 [FXGL Background Thread 2 ] WARN  FXGLAssetLoaderServi - Asset "/assets/textures/explorecaminando.png" was not found!
13:37:20.870 [FXGL Background Thread 2 ] WARN  FXGLAssetLoaderServi - Failed to load IMAGE
13:37:20.870 [FXGL Background Thread 2 ] WARN  FXGLAssetLoaderServi - Asset "/assets/textures/exploreadelante.png" was not found!
13:37:20.870 [FXGL Background Thread 2 ] WARN  FXGLAssetLoaderServi - Failed to load IMAGE
13:37:20.871 [FXGL Background Thread 2 ] WARN  FXGLAssetLoaderServi - Asset "/assets/textures/exploreatras.png" was not found!
13:37:20.871 [FXGL Background Thread 2 ] WARN  FXGLAssetLoaderServi - Failed to load IMAGE
13:37:20.871 [FXGL Background Thread 2 ] WARN  GameWorld            - Entity is already attached to world
13:37:20.872 [FXGL Background Thread 2 ] DEBUG FXGLAssetLoaderServi - Loading from file system: file:/C:/Users/Dannieris/Desktop/Nueva%20carpeta%20(4)/ForkProyecto/target/classes/assets/textures/droidatack_basic.png
13:37:20.874 [FXGL Background Thread 2 ] DEBUG FXGLAssetLoaderServi - Loading from file system: file:/C:/Users/Dannieris/Desktop/Nueva%20carpeta%20(4)/ForkProyecto/target/classes/assets/textures/droididle.png
13:37:20.875 [FXGL Background Thread 2 ] WARN  FXGLAssetLoaderServi - Asset "/assets/textures/droidcaminando.png" was not found!
13:37:20.875 [FXGL Background Thread 2 ] WARN  FXGLAssetLoaderServi - Failed to load IMAGE
13:37:20.875 [FXGL Background Thread 2 ] WARN  FXGLAssetLoaderServi - Asset "/assets/textures/droidadelante.png" was not found!
13:37:20.875 [FXGL Background Thread 2 ] WARN  FXGLAssetLoaderServi - Failed to load IMAGE
13:37:20.875 [FXGL Background Thread 2 ] WARN  FXGLAssetLoaderServi - Asset "/assets/textures/droidatras.png" was not found!
13:37:20.875 [FXGL Background Thread 2 ] WARN  FXGLAssetLoaderServi - Failed to load IMAGE
13:37:20.875 [FXGL Background Thread 2 ] DEBUG FXGLAssetLoaderServi - Loading from file system: file:/C:/Users/Dannieris/Desktop/Nueva%20carpeta%20(4)/ForkProyecto/target/classes/assets/textures/droiddeat.png
13:37:20.876 [FXGL Background Thread 2 ] WARN  GameWorld            - Entity is already attached to world
13:37:20.877 [FXGL Background Thread 2 ] WARN  FXGLAssetLoaderServi - Asset "/assets/textures/droidcaminando.png" was not found!
13:37:20.877 [FXGL Background Thread 2 ] WARN  FXGLAssetLoaderServi - Failed to load IMAGE
13:37:20.877 [FXGL Background Thread 2 ] WARN  FXGLAssetLoaderServi - Asset "/assets/textures/droidadelante.png" was not found!
13:37:20.877 [FXGL Background Thread 2 ] WARN  FXGLAssetLoaderServi - Failed to load IMAGE
13:37:20.877 [FXGL Background Thread 2 ] WARN  FXGLAssetLoaderServi - Asset "/assets/textures/droidatras.png" was not found!
13:37:20.877 [FXGL Background Thread 2 ] WARN  FXGLAssetLoaderServi - Failed to load IMAGE
13:37:20.877 [FXGL Background Thread 2 ] WARN  GameWorld            - Entity is already attached to world
13:37:20.879 [FXGL Background Thread 2 ] DEBUG FXGLAssetLoaderServi - Loading from file system: file:/C:/Users/Dannieris/Desktop/Nueva%20carpeta%20(4)/ForkProyecto/target/classes/assets/textures/droid2atack_basic.png
13:37:20.879 [FXGL Background Thread 2 ] DEBUG FXGLAssetLoaderServi - Loading from file system: file:/C:/Users/Dannieris/Desktop/Nueva%20carpeta%20(4)/ForkProyecto/target/classes/assets/textures/droid2idle.png
13:37:20.880 [FXGL Background Thread 2 ] WARN  FXGLAssetLoaderServi - Asset "/assets/textures/droid2caminando.png" was not found!
13:37:20.880 [FXGL Background Thread 2 ] WARN  FXGLAssetLoaderServi - Failed to load IMAGE
13:37:20.881 [FXGL Background Thread 2 ] WARN  FXGLAssetLoaderServi - Asset "/assets/textures/droid2adelante.png" was not found!
13:37:20.881 [FXGL Background Thread 2 ] WARN  FXGLAssetLoaderServi - Failed to load IMAGE
13:37:20.881 [FXGL Background Thread 2 ] WARN  FXGLAssetLoaderServi - Asset "/assets/textures/droid2atras.png" was not found!
13:37:20.881 [FXGL Background Thread 2 ] WARN  FXGLAssetLoaderServi - Failed to load IMAGE
13:37:20.882 [FXGL Background Thread 2 ] DEBUG FXGLAssetLoaderServi - Loading from file system: file:/C:/Users/Dannieris/Desktop/Nueva%20carpeta%20(4)/ForkProyecto/target/classes/assets/textures/droid2deat.png
13:37:20.884 [FXGL Background Thread 2 ] WARN  GameWorld            - Entity is already attached to world
13:37:20.887 [FXGL Background Thread 2 ] WARN  FXGLAssetLoaderServi - Asset "/assets/textures/droid2caminando.png" was not found!
13:37:20.887 [FXGL Background Thread 2 ] WARN  FXGLAssetLoaderServi - Failed to load IMAGE
13:37:20.887 [FXGL Background Thread 2 ] WARN  FXGLAssetLoaderServi - Asset "/assets/textures/droid2adelante.png" was not found!
13:37:20.887 [FXGL Background Thread 2 ] WARN  FXGLAssetLoaderServi - Failed to load IMAGE
13:37:20.888 [FXGL Background Thread 2 ] WARN  FXGLAssetLoaderServi - Asset "/assets/textures/droid2atras.png" was not found!
13:37:20.888 [FXGL Background Thread 2 ] WARN  FXGLAssetLoaderServi - Failed to load IMAGE
13:37:20.888 [FXGL Background Thread 2 ] WARN  GameWorld            - Entity is already attached to world
13:37:20.889 [FXGL Background Thread 2 ] WARN  FXGLAssetLoaderServi - Asset "/assets/textures/droid2caminando.png" was not found!
13:37:20.889 [FXGL Background Thread 2 ] WARN  FXGLAssetLoaderServi - Failed to load IMAGE
13:37:20.889 [FXGL Background Thread 2 ] WARN  FXGLAssetLoaderServi - Asset "/assets/textures/droid2adelante.png" was not found!
13:37:20.889 [FXGL Background Thread 2 ] WARN  FXGLAssetLoaderServi - Failed to load IMAGE
13:37:20.890 [FXGL Background Thread 2 ] WARN  FXGLAssetLoaderServi - Asset "/assets/textures/droid2atras.png" was not found!
13:37:20.890 [FXGL Background Thread 2 ] WARN  FXGLAssetLoaderServi - Failed to load IMAGE
13:37:20.891 [FXGL Background Thread 2 ] WARN  GameWorld            - Entity is already attached to world
13:37:20.893 [FXGL Background Thread 2 ] DEBUG FXGLAssetLoaderServi - Loading from file system: file:/C:/Users/Dannieris/Desktop/Nueva%20carpeta%20(4)/ForkProyecto/target/classes/assets/textures/droid3atack_basic.png
13:37:20.897 [FXGL Background Thread 2 ] DEBUG FXGLAssetLoaderServi - Loading from file system: file:/C:/Users/Dannieris/Desktop/Nueva%20carpeta%20(4)/ForkProyecto/target/classes/assets/textures/droid3idle.png
13:37:20.899 [FXGL Background Thread 2 ] WARN  FXGLAssetLoaderServi - Asset "/assets/textures/droid3caminando.png" was not found!
13:37:20.899 [FXGL Background Thread 2 ] WARN  FXGLAssetLoaderServi - Failed to load IMAGE
13:37:20.899 [FXGL Background Thread 2 ] WARN  FXGLAssetLoaderServi - Asset "/assets/textures/droid3adelante.png" was not found!
13:37:20.899 [FXGL Background Thread 2 ] WARN  FXGLAssetLoaderServi - Failed to load IMAGE
13:37:20.899 [FXGL Background Thread 2 ] WARN  FXGLAssetLoaderServi - Asset "/assets/textures/droid3atras.png" was not found!
13:37:20.899 [FXGL Background Thread 2 ] WARN  FXGLAssetLoaderServi - Failed to load IMAGE
13:37:20.900 [FXGL Background Thread 2 ] DEBUG FXGLAssetLoaderServi - Loading from file system: file:/C:/Users/Dannieris/Desktop/Nueva%20carpeta%20(4)/ForkProyecto/target/classes/assets/textures/droid3deat.png
13:37:20.901 [FXGL Background Thread 2 ] WARN  GameWorld            - Entity is already attached to world
13:37:20.902 [FXGL Background Thread 2 ] WARN  FXGLAssetLoaderServi - Asset "/assets/textures/droid3caminando.png" was not found!
13:37:20.903 [FXGL Background Thread 2 ] WARN  FXGLAssetLoaderServi - Failed to load IMAGE
13:37:20.903 [FXGL Background Thread 2 ] WARN  FXGLAssetLoaderServi - Asset "/assets/textures/droid3adelante.png" was not found!
13:37:20.903 [FXGL Background Thread 2 ] WARN  FXGLAssetLoaderServi - Failed to load IMAGE
13:37:20.903 [FXGL Background Thread 2 ] WARN  FXGLAssetLoaderServi - Asset "/assets/textures/droid3atras.png" was not found!
13:37:20.903 [FXGL Background Thread 2 ] WARN  FXGLAssetLoaderServi - Failed to load IMAGE
13:37:20.904 [FXGL Background Thread 2 ] WARN  GameWorld            - Entity is already attached to world
13:37:20.905 [FXGL Background Thread 2 ] DEBUG FXGLAssetLoaderServi - Loading from file system: file:/C:/Users/Dannieris/Desktop/Nueva%20carpeta%20(4)/ForkProyecto/target/classes/assets/textures/patonatack_basic.png
13:37:20.907 [FXGL Background Thread 2 ] DEBUG FXGLAssetLoaderServi - Loading from file system: file:/C:/Users/Dannieris/Desktop/Nueva%20carpeta%20(4)/ForkProyecto/target/classes/assets/textures/patonidle.png
13:37:20.909 [FXGL Background Thread 2 ] WARN  FXGLAssetLoaderServi - Asset "/assets/textures/patoncaminando.png" was not found!
13:37:20.909 [FXGL Background Thread 2 ] WARN  FXGLAssetLoaderServi - Failed to load IMAGE
13:37:20.910 [FXGL Background Thread 2 ] WARN  FXGLAssetLoaderServi - Asset "/assets/textures/patonadelante.png" was not found!
13:37:20.910 [FXGL Background Thread 2 ] WARN  FXGLAssetLoaderServi - Failed to load IMAGE
13:37:20.910 [FXGL Background Thread 2 ] WARN  FXGLAssetLoaderServi - Asset "/assets/textures/patonatras.png" was not found!
13:37:20.910 [FXGL Background Thread 2 ] WARN  FXGLAssetLoaderServi - Failed to load IMAGE
13:37:20.910 [FXGL Background Thread 2 ] DEBUG FXGLAssetLoaderServi - Loading from file system: file:/C:/Users/Dannieris/Desktop/Nueva%20carpeta%20(4)/ForkProyecto/target/classes/assets/textures/patondeat.png
13:37:20.913 [FXGL Background Thread 2 ] WARN  GameWorld            - Entity is already attached to world
13:37:20.916 [FXGL Background Thread 2 ] WARN  FXGLAssetLoaderServi - Asset "/assets/textures/patoncaminando.png" was not found!
13:37:20.916 [FXGL Background Thread 2 ] WARN  FXGLAssetLoaderServi - Failed to load IMAGE
13:37:20.916 [FXGL Background Thread 2 ] WARN  FXGLAssetLoaderServi - Asset "/assets/textures/patonadelante.png" was not found!
13:37:20.916 [FXGL Background Thread 2 ] WARN  FXGLAssetLoaderServi - Failed to load IMAGE
13:37:20.916 [FXGL Background Thread 2 ] WARN  FXGLAssetLoaderServi - Asset "/assets/textures/patonatras.png" was not found!
13:37:20.916 [FXGL Background Thread 2 ] WARN  FXGLAssetLoaderServi - Failed to load IMAGE
13:37:20.918 [FXGL Background Thread 2 ] WARN  GameWorld            - Entity is already attached to world
13:37:20.921 [FXGL Background Thread 2 ] DEBUG FXGLAssetLoaderServi - Loading from file system: file:/C:/Users/Dannieris/Desktop/Nueva%20carpeta%20(4)/ForkProyecto/target/classes/assets/textures/patrullaatack_basic.png
13:37:20.924 [FXGL Background Thread 2 ] DEBUG FXGLAssetLoaderServi - Loading from file system: file:/C:/Users/Dannieris/Desktop/Nueva%20carpeta%20(4)/ForkProyecto/target/classes/assets/textures/patrullaidle.png
13:37:20.925 [FXGL Background Thread 2 ] WARN  FXGLAssetLoaderServi - Asset "/assets/textures/patrullacaminando.png" was not found!
13:37:20.925 [FXGL Background Thread 2 ] WARN  FXGLAssetLoaderServi - Failed to load IMAGE
13:37:20.926 [FXGL Background Thread 2 ] WARN  FXGLAssetLoaderServi - Asset "/assets/textures/patrullaadelante.png" was not found!
13:37:20.926 [FXGL Background Thread 2 ] WARN  FXGLAssetLoaderServi - Failed to load IMAGE
13:37:20.926 [FXGL Background Thread 2 ] WARN  FXGLAssetLoaderServi - Asset "/assets/textures/patrullaatras.png" was not found!
13:37:20.926 [FXGL Background Thread 2 ] WARN  FXGLAssetLoaderServi - Failed to load IMAGE
13:37:20.926 [FXGL Background Thread 2 ] DEBUG FXGLAssetLoaderServi - Loading from file system: file:/C:/Users/Dannieris/Desktop/Nueva%20carpeta%20(4)/ForkProyecto/target/classes/assets/textures/patrulladeat.png
13:37:20.929 [FXGL Background Thread 2 ] WARN  GameWorld            - Entity is already attached to world
13:37:20.932 [FXGL Background Thread 2 ] DEBUG FXGLAssetLoaderServi - Loading from file system: file:/C:/Users/Dannieris/Desktop/Nueva%20carpeta%20(4)/ForkProyecto/target/classes/assets/textures/coinitem.png
13:37:20.934 [FXGL Background Thread 2 ] WARN  FXGLAssetLoaderServi - Asset "/assets/textures/coindisabled.png" was not found!
13:37:20.934 [FXGL Background Thread 2 ] WARN  FXGLAssetLoaderServi - Failed to load IMAGE
13:37:20.934 [FXGL Background Thread 2 ] WARN  GameWorld            - Entity is already attached to world
13:37:20.935 [FXGL Background Thread 2 ] WARN  FXGLAssetLoaderServi - Asset "/assets/textures/coindisabled.png" was not found!
13:37:20.935 [FXGL Background Thread 2 ] WARN  FXGLAssetLoaderServi - Failed to load IMAGE
13:37:20.936 [FXGL Background Thread 2 ] WARN  GameWorld            - Entity is already attached to world
13:37:20.936 [FXGL Background Thread 2 ] WARN  FXGLAssetLoaderServi - Asset "/assets/textures/coindisabled.png" was not found!
13:37:20.936 [FXGL Background Thread 2 ] WARN  FXGLAssetLoaderServi - Failed to load IMAGE
13:37:20.936 [FXGL Background Thread 2 ] WARN  GameWorld            - Entity is already attached to world
13:37:20.943 [FXGL Background Thread 2 ] DEBUG FXGLAssetLoaderServi - Loading from file system: file:/C:/Users/Dannieris/Desktop/Nueva%20carpeta%20(4)/ForkProyecto/target/classes/assets/textures/barreraDesactivadaitem.png
13:37:20.946 [FXGL Background Thread 2 ] WARN  FXGLAssetLoaderServi - Asset "/assets/textures/barreraDesactivadadisabled.png" was not found!
13:37:20.946 [FXGL Background Thread 2 ] WARN  FXGLAssetLoaderServi - Failed to load IMAGE
13:37:20.948 [FXGL Background Thread 2 ] WARN  GameWorld            - Entity is already attached to world
13:37:20.950 [FXGL Background Thread 2 ] WARN  FXGLAssetLoaderServi - Asset "/assets/textures/barreraDesactivadadisabled.png" was not found!
13:37:20.950 [FXGL Background Thread 2 ] WARN  FXGLAssetLoaderServi - Failed to load IMAGE
13:37:20.951 [FXGL Background Thread 2 ] WARN  GameWorld            - Entity is already attached to world
13:37:20.953 [FXGL Background Thread 2 ] WARN  FXGLAssetLoaderServi - Asset "/assets/textures/barreraDesactivadadisabled.png" was not found!
13:37:20.953 [FXGL Background Thread 2 ] WARN  FXGLAssetLoaderServi - Failed to load IMAGE
13:37:20.953 [FXGL Background Thread 2 ] WARN  GameWorld            - Entity is already attached to world
13:37:20.954 [FXGL Background Thread 2 ] WARN  FXGLAssetLoaderServi - Asset "/assets/textures/barreraDesactivadadisabled.png" was not found!
13:37:20.954 [FXGL Background Thread 2 ] WARN  FXGLAssetLoaderServi - Failed to load IMAGE
13:37:20.954 [FXGL Background Thread 2 ] WARN  GameWorld            - Entity is already attached to world
13:37:20.955 [FXGL Background Thread 2 ] DEBUG FXGLAssetLoaderServi - Loading from file system: file:/C:/Users/Dannieris/Desktop/Nueva%20carpeta%20(4)/ForkProyecto/target/classes/assets/textures/panelitem.png
13:37:20.956 [FXGL Background Thread 2 ] DEBUG FXGLAssetLoaderServi - Loading from file system: file:/C:/Users/Dannieris/Desktop/Nueva%20carpeta%20(4)/ForkProyecto/target/classes/assets/textures/paneldisabled.png
13:37:20.960 [FXGL Background Thread 2 ] WARN  GameWorld            - Entity is already attached to world
13:37:20.963 [FXGL Background Thread 2 ] WARN  GameWorld            - Entity is already attached to world
13:37:20.965 [FXGL Background Thread 2 ] DEBUG FXGLAssetLoaderServi - Loading from file system: file:/C:/Users/Dannieris/Desktop/Nueva%20carpeta%20(4)/ForkProyecto/target/classes/assets/textures/generatorSpecialPointitem.png
13:37:20.969 [FXGL Background Thread 2 ] WARN  FXGLAssetLoaderServi - Asset "/assets/textures/generatorSpecialPointdisabled.png" was not found!
13:37:20.969 [FXGL Background Thread 2 ] WARN  FXGLAssetLoaderServi - Failed to load IMAGE
13:37:20.970 [FXGL Background Thread 2 ] WARN  GameWorld            - Entity is already attached to world
13:37:20.971 [FXGL Background Thread 2 ] WARN  FXGLAssetLoaderServi - Asset "/assets/textures/generatorSpecialPointdisabled.png" was not found!
13:37:20.971 [FXGL Background Thread 2 ] WARN  FXGLAssetLoaderServi - Failed to load IMAGE
13:37:20.971 [FXGL Background Thread 2 ] WARN  GameWorld            - Entity is already attached to world
13:37:20.972 [FXGL Background Thread 2 ] DEBUG FXGLAssetLoaderServi - Loading from file system: file:/C:/Users/Dannieris/Desktop/Nueva%20carpeta%20(4)/ForkProyecto/target/classes/assets/textures/lifeitem.png
13:37:20.974 [FXGL Background Thread 2 ] WARN  FXGLAssetLoaderServi - Asset "/assets/textures/lifedisabled.png" was not found!
13:37:20.975 [FXGL Background Thread 2 ] WARN  FXGLAssetLoaderServi - Failed to load IMAGE
13:37:20.976 [FXGL Background Thread 2 ] WARN  GameWorld            - Entity is already attached to world
13:37:20.976 [FXGL Background Thread 2 ] WARN  FXGLAssetLoaderServi - Asset "/assets/textures/lifedisabled.png" was not found!
13:37:20.976 [FXGL Background Thread 2 ] WARN  FXGLAssetLoaderServi - Failed to load IMAGE
13:37:20.978 [FXGL Background Thread 2 ] WARN  GameWorld            - Entity is already attached to world
13:37:20.978 [FXGL Background Thread 2 ] DEBUG FXGLAssetLoaderServi - Loading from file system: file:/C:/Users/Dannieris/Desktop/Nueva%20carpeta%20(4)/ForkProyecto/target/classes/assets/textures/atackitem.png
13:37:20.982 [FXGL Background Thread 2 ] WARN  FXGLAssetLoaderServi - Asset "/assets/textures/atackdisabled.png" was not found!
13:37:20.982 [FXGL Background Thread 2 ] WARN  FXGLAssetLoaderServi - Failed to load IMAGE
13:37:20.983 [FXGL Background Thread 2 ] WARN  GameWorld            - Entity is already attached to world
13:37:20.985 [FXGL Background Thread 2 ] WARN  FXGLAssetLoaderServi - Asset "/assets/textures/atackdisabled.png" was not found!
13:37:20.985 [FXGL Background Thread 2 ] WARN  FXGLAssetLoaderServi - Failed to load IMAGE
13:37:20.986 [FXGL Background Thread 2 ] WARN  GameWorld            - Entity is already attached to world
13:37:20.988 [FXGL Background Thread 2 ] WARN  FXGLAssetLoaderServi - Asset "/assets/textures/jaxKaneatack_special.png" was not found!
13:37:20.988 [FXGL Background Thread 2 ] WARN  FXGLAssetLoaderServi - Failed to load IMAGE
13:37:20.988 [FXGL Background Thread 2 ] DEBUG FXGLAssetLoaderServi - Loading from file system: file:/C:/Users/Dannieris/Desktop/Nueva%20carpeta%20(4)/ForkProyecto/target/classes/assets/textures/jaxKaneatack_basic.png
13:37:20.990 [FXGL Background Thread 2 ] DEBUG FXGLAssetLoaderServi - Loading from file system: file:/C:/Users/Dannieris/Desktop/Nueva%20carpeta%20(4)/ForkProyecto/target/classes/assets/textures/jaxKaneidle.png
13:37:20.992 [FXGL Background Thread 2 ] DEBUG FXGLAssetLoaderServi - Loading from file system: file:/C:/Users/Dannieris/Desktop/Nueva%20carpeta%20(4)/ForkProyecto/target/classes/assets/textures/jaxKanecaminando.png
13:37:20.992 [FXGL Background Thread 2 ] DEBUG FXGLAssetLoaderServi - Loading from file system: file:/C:/Users/Dannieris/Desktop/Nueva%20carpeta%20(4)/ForkProyecto/target/classes/assets/textures/jaxKaneadelante.png
13:37:20.993 [FXGL Background Thread 2 ] DEBUG FXGLAssetLoaderServi - Loading from file system: file:/C:/Users/Dannieris/Desktop/Nueva%20carpeta%20(4)/ForkProyecto/target/classes/assets/textures/jaxKaneatras.png
13:37:20.994 [FXGL Background Thread 2 ] WARN  FXGLAssetLoaderServi - Asset "/assets/textures/jaxKanedeat.png" was not found!
13:37:20.994 [FXGL Background Thread 2 ] WARN  FXGLAssetLoaderServi - Failed to load IMAGE
13:37:20.994 [FXGL Background Thread 2 ] WARN  GameWorld            - Entity is already attached to world
13:37:20.995 [FXGL Background Thread 2 ] DEBUG FXGLAssetLoaderServi - Loading from file system: file:/C:/Users/Dannieris/Desktop/Nueva%20carpeta%20(4)/ForkProyecto/target/classes/assets/textures/puertaNivelitem.png
13:37:20.996 [FXGL Background Thread 2 ] DEBUG FXGLAssetLoaderServi - Loading from file system: file:/C:/Users/Dannieris/Desktop/Nueva%20carpeta%20(4)/ForkProyecto/target/classes/assets/textures/puertaNiveldisabled.png
13:37:20.999 [FXGL Background Thread 2 ] WARN  GameWorld            - Entity is already attached to world
13:37:21.001 [FXGL Background Thread 2 ] DEBUG FXGLAssetLoaderServi - Loading from file system: file:/C:/Users/Dannieris/Desktop/Nueva%20carpeta%20(4)/ForkProyecto/target/classes/assets/textures/barreraitem.png
13:37:21.005 [FXGL Background Thread 2 ] DEBUG FXGLAssetLoaderServi - Loading from file system: file:/C:/Users/Dannieris/Desktop/Nueva%20carpeta%20(4)/ForkProyecto/target/classes/assets/textures/barreradisabled.png
13:37:21.007 [FXGL Background Thread 2 ] WARN  GameWorld            - Entity is already attached to world
13:37:21.008 [FXGL Background Thread 2 ] WARN  GameWorld            - Entity is already attached to world
13:37:21.008 [FXGL Background Thread 2 ] DEBUG Input                - Registered new binding: Mover Arriba - W
13:37:21.008 [FXGL Background Thread 2 ] DEBUG Input                - Registered new binding: Mover Abajo - S
13:37:21.008 [FXGL Background Thread 2 ] DEBUG Input                - Registered new binding: Mover Izquierda - A
13:37:21.008 [FXGL Background Thread 2 ] DEBUG Input                - Registered new binding: Mover Derecha - D
13:37:21.009 [FXGL Background Thread 2 ] DEBUG FXGLAssetLoaderServi - Loading from file system: file:/C:/Users/Dannieris/Desktop/Nueva%20carpeta%20(4)/ForkProyecto/target/classes/assets/textures/nivel1Texto.png
13:37:21.019 [FXGL Background Thread 2 ] DEBUG FXGLAssetLoaderServi - Loading from file system: file:/C:/Users/Dannieris/Desktop/Nueva%20carpeta%20(4)/ForkProyecto/target/classes/assets/textures/imageBotonResaltar.png
13:37:21.020 [FXGL Background Thread 2 ] DEBUG FXGLAssetLoaderServi - Loading from file system: file:/C:/Users/Dannieris/Desktop/Nueva%20carpeta%20(4)/ForkProyecto/target/classes/assets/textures/coinConteiner.png
13:37:21.021 [FXGL Background Thread 2 ] DEBUG FXGLAssetLoaderServi - Loading from file system: file:/C:/Users/Dannieris/Desktop/Nueva%20carpeta%20(4)/ForkProyecto/target/classes/assets/textures/targetCoin.png
13:37:21.093 [FXGL Background Thread 2 ] DEBUG FXGLAssetLoaderServi - Loading from file system: file:/C:/Users/Dannieris/Desktop/Nueva%20carpeta%20(4)/ForkProyecto/target/classes/assets/textures/latienda.png
13:37:21.105 [FXGL Background Thread 2 ] DEBUG FXGLAssetLoaderServi - Loading from file system: file:/C:/Users/Dannieris/Desktop/Nueva%20carpeta%20(4)/ForkProyecto/target/classes/assets/textures/botonTienda.png
13:37:21.108 [FXGL Background Thread 2 ] DEBUG FXGLAssetLoaderServi - Loading from file system: file:/C:/Users/Dannieris/Desktop/Nueva%20carpeta%20(4)/ForkProyecto/target/classes/assets/textures/botonGameMenu.png
13:37:21.109 [FXGL Background Thread 2 ] DEBUG FXGLAssetLoaderServi - Loading from file system: file:/C:/Users/Dannieris/Desktop/Nueva%20carpeta%20(4)/ForkProyecto/target/classes/assets/textures/buttonMainMenu.png
13:37:21.109 [FXGL Background Thread 2 ] DEBUG FXGLAssetLoaderServi - Loading from file system: file:/C:/Users/Dannieris/Desktop/Nueva%20carpeta%20(4)/ForkProyecto/target/classes/assets/textures/wikiButton.png
13:37:21.110 [FXGL Background Thread 2 ] DEBUG FXGLAssetLoaderServi - Loading from file system: file:/C:/Users/Dannieris/Desktop/Nueva%20carpeta%20(4)/ForkProyecto/target/classes/assets/textures/specialPointBar.png
13:37:21.111 [FXGL Background Thread 2 ] DEBUG FXGLAssetLoaderServi - Loading from file system: file:/C:/Users/Dannieris/Desktop/Nueva%20carpeta%20(4)/ForkProyecto/target/classes/assets/textures/statBar.png
13:37:21.114 [FXGL Background Thread 2 ] DEBUG FXGLAssetLoaderServi - Loading from file system: file:/C:/Users/Dannieris/Desktop/Nueva%20carpeta%20(4)/ForkProyecto/target/classes/assets/textures/statAtackBar.png
13:37:21.115 [FXGL Background Thread 2 ] DEBUG FXGLAssetLoaderServi - Loading from file system: file:/C:/Users/Dannieris/Desktop/Nueva%20carpeta%20(4)/ForkProyecto/target/classes/assets/textures/wiki_image.png
13:37:21.125 [FXGL Background Thread 2 ] DEBUG FXGLAssetLoaderServi - Loading from file system: file:/C:/Users/Dannieris/Desktop/Nueva%20carpeta%20(4)/ForkProyecto/target/classes/assets/textures/iconJaxKane.png
13:37:21.130 [FXGL Background Thread 2 ] DEBUG FXGLAssetLoaderServi - Loading from file system: file:/C:/Users/Dannieris/Desktop/Nueva%20carpeta%20(4)/ForkProyecto/target/classes/assets/textures/specialPoint.png
13:37:21.132 [FXGL Background Thread 2 ] DEBUG FXGLAssetLoaderServi - Loading from file system: file:/C:/Users/Dannieris/Desktop/Nueva%20carpeta%20(4)/ForkProyecto/target/classes/assets/textures/special.png
13:37:21.133 [FXGL Background Thread 2 ] DEBUG FXGLAssetLoaderServi - Loading from file system: file:/C:/Users/Dannieris/Desktop/Nueva%20carpeta%20(4)/ForkProyecto/target/classes/assets/textures/barra_enemigo.png
13:37:21.136 [FXGL Background Thread 2 ] DEBUG FXGLAssetLoaderServi - Loading from file system: file:/C:/Users/Dannieris/Desktop/Nueva%20carpeta%20(4)/ForkProyecto/target/classes/assets/textures/life_point_enemi.png
13:37:21.136 [FXGL Background Thread 2 ] DEBUG FXGLAssetLoaderServi - Loading from file system: file:/C:/Users/Dannieris/Desktop/Nueva%20carpeta%20(4)/ForkProyecto/target/classes/assets/textures/life_bar.png
13:37:21.139 [FXGL Background Thread 2 ] DEBUG FXGLAssetLoaderServi - Loading from file system: file:/C:/Users/Dannieris/Desktop/Nueva%20carpeta%20(4)/ForkProyecto/target/classes/assets/textures/life_point.png
13:37:21.139 [FXGL Background Thread 2 ] DEBUG FXGLAssetLoaderServi - Loading from file system: file:/C:/Users/Dannieris/Desktop/Nueva%20carpeta%20(4)/ForkProyecto/target/classes/assets/textures/button_atacck.png
13:37:21.139 [FXGL Background Thread 2 ] DEBUG FXGLAssetLoaderServi - Loading from file system: file:/C:/Users/Dannieris/Desktop/Nueva%20carpeta%20(4)/ForkProyecto/target/classes/assets/textures/combat_panel.png
13:37:21.141 [FXGL Background Thread 2 ] INFO  FXGLApplication      - Game initialization took: 0.896 sec
13:37:21.143 [JavaFX Application Thread] DEBUG Input                - Clearing active input actions
13:37:21.151 [JavaFX Application Thread] DEBUG GameApplicationServi - Removing overlay from FXGLLoadingScene and adding to GameScene
13:37:21.153 [JavaFX Application Thread] DEBUG PrimaryStageWindow   - FXGLLoadingScene -> GameScene
13:37:23.725 [JavaFX Application Thread] DEBUG FXGLApplication      - Exiting FXGL
13:37:23.725 [JavaFX Application Thread] DEBUG LoopRunner           - Stopping loop
13:37:23.725 [JavaFX Application Thread] DEBUG SystemBundleService  - Saving FXGL system data
13:37:23.731 [JavaFX Application Thread] DEBUG FileSystemAccess     - Writing to: C:\Users\Dannieris\Desktop\Nueva carpeta (4)\ForkProyecto\system\fxgl.bundle
13:37:23.733 [JavaFX Application Thread] DEBUG Async                - Shutting down background threads
13:37:23.734 [JavaFX Application Thread] DEBUG PrimaryStageWindow   - Closing main window
13:37:23.771 [JavaFX Application Thread] DEBUG Logger               - Closing Logger
