08:50:15.736 [main                     ] DEBUG Logger               - Configured Logger
08:50:15.759 [main                     ] DEBUG GameApplication      - Logging settings
Title: Eclipsis: el legado de la nave abandonada(BetaVer)
Version: 0.0
Width: 1536
Height: 1024
Fullscreen: false
Intro: false
Profiling: false
Single step:false
App Mode: DEVELOPER
Menu Key: ESCAPE
Stage Style: DECORATED
Scene Factory: class App.Game.GameApp$1

08:50:15.886 [JavaFX Application Thread] DEBUG FXGLApplication      - Initializing FXGL
08:50:15.892 [JavaFX Application Thread] INFO  Engine               - FXGL-17.3 (30.03.2023 11.49) on WINDOWS (J:17.0.12 FX:20)
08:50:15.893 [JavaFX Application Thread] DEBUG Engine               - JRE Vendor Name: Oracle Corporation
08:50:15.893 [JavaFX Application Thread] DEBUG Engine               - Running on OS: Windows 11 version 10.0
08:50:15.893 [JavaFX Application Thread] DEBUG Engine               - Architecture: amd64
08:50:15.893 [JavaFX Application Thread] INFO  Engine               - Source code and latest versions at: https://github.com/AlmasB/FXGL
08:50:15.893 [JavaFX Application Thread] INFO  Engine               -       Ask questions and discuss at: https://github.com/AlmasB/FXGL/discussions
08:50:15.894 [JavaFX Application Thread] INFO  Engine               -              Join the FXGL chat at: https://gitter.im/AlmasB/FXGL
08:50:15.976 [JavaFX Application Thread] DEBUG PrimaryStageWindow   - Creating a JavaFX scene
08:50:15.976 [JavaFX Application Thread] DEBUG PrimaryStageWindow   - Target size > screen size
08:50:16.012 [JavaFX Application Thread] DEBUG PrimaryStageWindow   - Target settings size: 1536.0 x 1024.0
08:50:16.012 [JavaFX Application Thread] DEBUG PrimaryStageWindow   - Scaled scene size:    1343.0 x 912.0
08:50:16.012 [JavaFX Application Thread] DEBUG PrimaryStageWindow   - Scaled ratio: (0.8743489583333334, 0.890625)
08:50:16.013 [JavaFX Application Thread] DEBUG PrimaryStageWindow   - Set initial scene to FXGLStartupScene
08:50:16.015 [JavaFX Application Thread] DEBUG PrimaryStageWindow   - Opening main window
08:50:16.126 [JavaFX Application Thread] DEBUG PrimaryStageWindow   - Window border size: (14.5999755859375, 37.5999755859375)
08:50:16.127 [JavaFX Application Thread] DEBUG PrimaryStageWindow   - Scaled size: 1343.0 x 912.0
08:50:16.127 [JavaFX Application Thread] DEBUG PrimaryStageWindow   - Scaled ratio: (0.8743489583333334, 0.890625)
08:50:16.128 [JavaFX Application Thread] DEBUG PrimaryStageWindow   - Scene size: 1343.0 x 912.0
08:50:16.128 [JavaFX Application Thread] DEBUG PrimaryStageWindow   - Stage size: 1357.5999755859375 x 949.5999755859375
08:50:16.147 [FXGL Background Thread 1 ] DEBUG Engine               - Initializing environment variables
08:50:16.216 [FXGL Background Thread 1 ] DEBUG FXGLAssetLoaderServi - User app class for loading assets: class App.Game.GameApp
08:50:16.218 [FXGL Background Thread 1 ] DEBUG GameApplicationServi - Applying CSS: fxgl_dark.css
08:50:16.224 [FXGL Background Thread 1 ] DEBUG FXGLAssetLoaderServi - Loading from file system: jar:file:///C:/Users/Dannieris/.m2/repository/com/github/almasb/fxgl/17.3/fxgl-17.3.jar!/fxglassets/ui/css/fxgl_dark.css
08:50:16.293 [FXGL Background Thread 1 ] DEBUG GameApplicationServi - Initializing application scenes
08:50:16.361 [FXGL Background Thread 1 ] DEBUG GameWorld            - Game world initialized
08:50:16.454 [FXGL Background Thread 1 ] DEBUG PhysicsWorld         - Physics world initialized: appHeight=1024, physics.ppm=50.0
08:50:16.455 [FXGL Background Thread 1 ] DEBUG PhysicsWorld         - Using strategy: BRUTE_FORCE
08:50:16.460 [FXGL Background Thread 1 ] DEBUG GameScene            - Game scene initialized: 1536x1024
08:50:16.650 [FXGL Background Thread 1 ] DEBUG FXGL.DefaultMenu     - createMenuBodyGameMenu()
08:50:16.660 [FXGL Background Thread 1 ] DEBUG FXGL.DefaultMenu     - createOptionsMenu()
08:50:16.666 [FXGL Background Thread 1 ] DEBUG FXGLAssetLoaderServi - Loading from file system: jar:file:///C:/Users/Dannieris/.m2/repository/com/github/almasb/fxgl/17.3/fxgl-17.3.jar!/fxglassets/textures/particles/smoke.png
08:50:16.752 [FXGL Background Thread 1 ] DEBUG FXGLAssetLoaderServi - Loading from file system: jar:file:///C:/Users/Dannieris/.m2/repository/com/github/almasb/fxgl/17.3/fxgl-17.3.jar!/fxglassets/textures/particles/trace_horizontal.png
08:50:16.772 [FXGL Background Thread 1 ] DEBUG FXGLAssetLoaderServi - Loading from file system: file:/C:/Users/Dannieris/Desktop/ForkProyecto/ForkProyecto/target/classes/assets/music/menu.wav
08:50:16.882 [FXGL Background Thread 1 ] DEBUG AudioPlayer          - Playing music com.almasb.fxgl.audio.Music@4e843491
08:50:16.884 [FXGL Background Thread 1 ] DEBUG AudioPlayer          - Playing music com.almasb.fxgl.audio.Music@4e843491
08:50:16.884 [FXGL Background Thread 1 ] DEBUG FXGLAssetLoaderServi - Loading from file system: file:/C:/Users/Dannieris/Desktop/ForkProyecto/ForkProyecto/target/classes/assets/textures/fondoGameMenu.png
08:50:16.921 [FXGL Background Thread 1 ] DEBUG GameApplicationServi - Application scenes initialized
08:50:16.930 [FXGL Background Thread 1 ] DEBUG SystemBundleService  - Loading FXGL system data
08:50:16.933 [FXGL Background Thread 1 ] DEBUG FileSystemAccess     - Reading from: C:\Users\Dannieris\Desktop\ForkProyecto\ForkProyecto\system\fxgl.bundle
08:50:16.940 [FXGL Background Thread 1 ] DEBUG SystemBundleService  - Bundle FXGL: {}
08:50:16.941 [FXGL Background Thread 1 ] DEBUG UpdaterService       - Checking for updates
08:50:16.976 [FXGL Background Thread 4 ] DEBUG FXGLApplication      - Loading fonts
08:50:16.977 [FXGL Background Thread 4 ] DEBUG FXGLAssetLoaderServi - Loading from file system: jar:file:///C:/Users/Dannieris/.m2/repository/com/github/almasb/fxgl/17.3/fxgl-17.3.jar!/fxglassets/ui/fonts/VarelaRound-Regular.ttf
08:50:16.981 [FXGL Background Thread 1 ] DEBUG FXGLApplication      - Loading default localization
08:50:16.982 [FXGL Background Thread 1 ] DEBUG FXGLAssetLoaderServi - Loading from file system: jar:file:///C:/Users/Dannieris/.m2/repository/com/github/almasb/fxgl/17.3/fxgl-17.3.jar!/fxglassets/languages/english.lang
08:50:17.016 [FXGL Background Thread 1 ] INFO  FXGLApplication      - FXGL initialization took: 0.868 sec
08:50:17.023 [JavaFX Application Thread] DEBUG FXGLAssetLoaderServi - Loading from file system: jar:file:///C:/Users/Dannieris/.m2/repository/com/github/almasb/fxgl/17.3/fxgl-17.3.jar!/fxglassets/textures/fxgl_icon.png
08:50:17.063 [JavaFX Application Thread] DEBUG FXGLAssetLoaderServi - Loading from file system: file:/C:/Users/Dannieris/Desktop/ForkProyecto/ForkProyecto/target/classes/assets/textures/cursor.png
08:50:17.064 [FXGL Background Thread 4 ] DEBUG FXGLAssetLoaderServi - Loading from file system: jar:file:///C:/Users/Dannieris/.m2/repository/com/github/almasb/fxgl/17.3/fxgl-17.3.jar!/fxglassets/ui/fonts/Abel-Regular.ttf
08:50:17.085 [FXGL Background Thread 4 ] DEBUG FXGLAssetLoaderServi - Loading from file system: jar:file:///C:/Users/Dannieris/.m2/repository/com/github/almasb/fxgl/17.3/fxgl-17.3.jar!/fxglassets/ui/fonts/TerminalLandMono-Regular.otf
08:50:17.090 [JavaFX Application Thread] DEBUG Input                - Registered new binding: Screenshot - CTRL+8
08:50:17.091 [JavaFX Application Thread] DEBUG Input                - Registered new binding: Dev Options - 1
08:50:17.092 [JavaFX Application Thread] DEBUG Input                - Registered new binding: Dev Console - 2
08:50:17.093 [JavaFX Application Thread] DEBUG Input                - Registered new binding: System info dump - CTRL+9
08:50:17.093 [JavaFX Application Thread] DEBUG Input                - Registered new binding: Restart - CTRL+R
08:50:17.094 [JavaFX Application Thread] DEBUG Input                - Registered new binding: Toggle Debug Camera - CTRL+7
08:50:17.104 [JavaFX Application Thread] DEBUG LoopRunner           - Starting loop
08:50:17.107 [FXGL Background Thread 4 ] DEBUG FXGLAssetLoaderServi - Loading from file system: jar:file:///C:/Users/Dannieris/.m2/repository/com/github/almasb/fxgl/17.3/fxgl-17.3.jar!/fxglassets/ui/fonts/Courier-Prime.ttf
08:50:17.132 [JavaFX Application Thread] DEBUG LoopRunner           - Initializing JavaFX AnimationTimerLoop
08:50:17.136 [JavaFX Application Thread] DEBUG Input                - Clearing active input actions
08:50:17.148 [JavaFX Application Thread] DEBUG GameApplicationServi - Removing overlay from FXGLStartupScene and adding to FXGLMainMenuDummyScene
08:50:17.153 [JavaFX Application Thread] DEBUG PrimaryStageWindow   - FXGLStartupScene -> FXGLMainMenuDummyScene
08:50:17.153 [JavaFX Application Thread] DEBUG PrimaryStageWindow   - Push state: MyMenu
08:50:17.154 [JavaFX Application Thread] DEBUG Input                - Clearing active input actions
08:50:17.163 [JavaFX Application Thread] DEBUG GameApplicationServi - Removing overlay from FXGLMainMenuDummyScene and adding to MyMenu
08:50:17.166 [JavaFX Application Thread] DEBUG PrimaryStageWindow   - FXGLMainMenuDummyScene -> MyMenu
08:50:17.298 [FXGL Background Thread 2 ] WARN  UpdaterService       - Failed to find updates: java.net.SocketException: Permission denied: connect
08:50:17.386 [JavaFX Application Thread] DEBUG FXGLApplication      - Registering font factories with UI factory
08:50:17.996 [JavaFX Application Thread] DEBUG GameApplicationServi - Starting new game
08:50:17.997 [JavaFX Application Thread] DEBUG PrimaryStageWindow   - Pop state: MyMenu
08:50:17.997 [JavaFX Application Thread] DEBUG Input                - Clearing active input actions
08:50:17.998 [JavaFX Application Thread] DEBUG GameApplicationServi - Removing overlay from MyMenu and adding to FXGLMainMenuDummyScene
08:50:18.001 [JavaFX Application Thread] DEBUG PrimaryStageWindow   - FXGLMainMenuDummyScene <- MyMenu
08:50:18.001 [JavaFX Application Thread] DEBUG Input                - Clearing active input actions
08:50:18.019 [JavaFX Application Thread] DEBUG GameApplicationServi - Removing overlay from FXGLMainMenuDummyScene and adding to FXGLLoadingScene
08:50:18.022 [JavaFX Application Thread] DEBUG PrimaryStageWindow   - FXGLMainMenuDummyScene -> FXGLLoadingScene
08:50:18.024 [JavaFX Application Thread] DEBUG GameApplicationServi - Clearing previous game
08:50:18.024 [JavaFX Application Thread] DEBUG GameScene            - Clearing game scene
08:50:18.024 [JavaFX Application Thread] DEBUG GameWorld            - Clearing game world
08:50:18.026 [JavaFX Application Thread] DEBUG PhysicsWorld         - Clearing physics world
08:50:18.027 [FXGL Background Thread 2 ] DEBUG FXGLApplication      - Initializing game
08:50:18.306 [FXGL Background Thread 2 ] DEBUG AudioPlayer          - Stopping music com.almasb.fxgl.audio.Music@4e843491
08:50:18.307 [FXGL Background Thread 2 ] DEBUG FXGLAssetLoaderServi - Loading from file system: file:/C:/Users/Dannieris/Desktop/ForkProyecto/ForkProyecto/target/classes/assets/music/loading.wav
08:50:18.311 [FXGL Background Thread 2 ] DEBUG AudioPlayer          - Playing music com.almasb.fxgl.audio.Music@40410268
08:50:18.357 [FXGL Background Thread 2 ] WARN  TMXLevelLoader       - TiledMap generated from 1.11.2. Supported version: 1.9.0. Some features may not be parsed fully.
08:50:18.378 [FXGL Background Thread 2 ] DEBUG TMXLevelLoader       - Parsed TiledMap: file:/C:/Users/Dannieris/Desktop/ForkProyecto/ForkProyecto/target/classes/assets/levels/level_01.tmx
08:50:18.380 [FXGL Background Thread 2 ] DEBUG TMXLevelLoader       - Creating tile layer entities
08:50:18.385 [FXGL Background Thread 2 ] DEBUG TilesetLoader        - Loading view for layer Capa de patrones 1
08:50:18.415 [FXGL Background Thread 2 ] DEBUG TilesetLoader        - Created buffer with size 2000.0x1500.0
08:50:18.446 [FXGL Background Thread 2 ] WARN  TilesetLoader        - Diagonally flipped tiles are not currently supported
08:50:18.459 [FXGL Background Thread 2 ] WARN  TilesetLoader        - Diagonally flipped tiles are not currently supported
08:50:18.461 [FXGL Background Thread 2 ] WARN  TilesetLoader        - Diagonally flipped tiles are not currently supported
08:50:18.462 [FXGL Background Thread 2 ] WARN  TilesetLoader        - Diagonally flipped tiles are not currently supported
08:50:18.471 [FXGL Background Thread 2 ] WARN  TilesetLoader        - Diagonally flipped tiles are not currently supported
08:50:18.475 [FXGL Background Thread 2 ] WARN  TilesetLoader        - Diagonally flipped tiles are not currently supported
08:50:18.476 [FXGL Background Thread 2 ] WARN  TilesetLoader        - Diagonally flipped tiles are not currently supported
08:50:18.476 [FXGL Background Thread 2 ] WARN  TilesetLoader        - Diagonally flipped tiles are not currently supported
08:50:18.478 [FXGL Background Thread 2 ] WARN  TilesetLoader        - Diagonally flipped tiles are not currently supported
08:50:18.480 [FXGL Background Thread 2 ] WARN  TilesetLoader        - Diagonally flipped tiles are not currently supported
08:50:18.481 [FXGL Background Thread 2 ] WARN  TilesetLoader        - Diagonally flipped tiles are not currently supported
08:50:18.484 [FXGL Background Thread 2 ] DEBUG TilesetLoader        - Loading view for layer Capa de Decoracion
08:50:18.503 [FXGL Background Thread 2 ] DEBUG TilesetLoader        - Created buffer with size 2000.0x1500.0
08:50:18.586 [FXGL Background Thread 2 ] DEBUG TMXLevelLoader       - Creating object layer entities
08:50:18.631 [FXGL Background Thread 2 ] DEBUG GameWorld            - Clearing removable entities
08:50:18.675 [FXGL Background Thread 2 ] DEBUG GameWorld            - Setting level: com.almasb.fxgl.entity.level.Level@5d0414aa
08:50:18.702 [FXGL Background Thread 2 ] DEBUG FXGLAssetLoaderServi - Loading from file system: file:/C:/Users/Dannieris/Desktop/ForkProyecto/ForkProyecto/target/classes/assets/textures/tankeitem.png
08:50:18.705 [FXGL Background Thread 2 ] WARN  FXGLAssetLoaderServi - Asset "/assets/textures/tankedisabled.png" was not found!
08:50:18.706 [FXGL Background Thread 2 ] WARN  FXGLAssetLoaderServi - Failed to load IMAGE
08:50:18.740 [FXGL Background Thread 2 ] WARN  GameWorld            - Entity is already attached to world
08:50:18.741 [FXGL Background Thread 2 ] WARN  FXGLAssetLoaderServi - Asset "/assets/textures/tankedisabled.png" was not found!
08:50:18.741 [FXGL Background Thread 2 ] WARN  FXGLAssetLoaderServi - Failed to load IMAGE
08:50:18.743 [FXGL Background Thread 2 ] WARN  GameWorld            - Entity is already attached to world
08:50:18.743 [FXGL Background Thread 2 ] DEBUG FXGLAssetLoaderServi - Loading from file system: file:/C:/Users/Dannieris/Desktop/ForkProyecto/ForkProyecto/target/classes/assets/textures/coinitem.png
08:50:18.744 [FXGL Background Thread 2 ] WARN  FXGLAssetLoaderServi - Asset "/assets/textures/coindisabled.png" was not found!
08:50:18.744 [FXGL Background Thread 2 ] WARN  FXGLAssetLoaderServi - Failed to load IMAGE
08:50:18.744 [FXGL Background Thread 2 ] WARN  GameWorld            - Entity is already attached to world
08:50:18.744 [FXGL Background Thread 2 ] WARN  FXGLAssetLoaderServi - Asset "/assets/textures/coindisabled.png" was not found!
08:50:18.745 [FXGL Background Thread 2 ] WARN  FXGLAssetLoaderServi - Failed to load IMAGE
08:50:18.745 [FXGL Background Thread 2 ] WARN  GameWorld            - Entity is already attached to world
08:50:18.745 [FXGL Background Thread 2 ] WARN  FXGLAssetLoaderServi - Asset "/assets/textures/coindisabled.png" was not found!
08:50:18.745 [FXGL Background Thread 2 ] WARN  FXGLAssetLoaderServi - Failed to load IMAGE
08:50:18.746 [FXGL Background Thread 2 ] WARN  GameWorld            - Entity is already attached to world
08:50:18.746 [FXGL Background Thread 2 ] DEBUG FXGLAssetLoaderServi - Loading from file system: file:/C:/Users/Dannieris/Desktop/ForkProyecto/ForkProyecto/target/classes/assets/textures/exploreatack_basic.png
08:50:18.748 [FXGL Background Thread 2 ] DEBUG FXGLAssetLoaderServi - Loading from file system: file:/C:/Users/Dannieris/Desktop/ForkProyecto/ForkProyecto/target/classes/assets/textures/exploreidle.png
08:50:18.752 [FXGL Background Thread 2 ] WARN  FXGLAssetLoaderServi - Asset "/assets/textures/explorecaminando.png" was not found!
08:50:18.752 [FXGL Background Thread 2 ] WARN  FXGLAssetLoaderServi - Failed to load IMAGE
08:50:18.753 [FXGL Background Thread 2 ] WARN  FXGLAssetLoaderServi - Asset "/assets/textures/exploreadelante.png" was not found!
08:50:18.753 [FXGL Background Thread 2 ] WARN  FXGLAssetLoaderServi - Failed to load IMAGE
08:50:18.753 [FXGL Background Thread 2 ] WARN  FXGLAssetLoaderServi - Asset "/assets/textures/exploreatras.png" was not found!
08:50:18.753 [FXGL Background Thread 2 ] WARN  FXGLAssetLoaderServi - Failed to load IMAGE
08:50:18.754 [FXGL Background Thread 2 ] DEBUG FXGLAssetLoaderServi - Loading from file system: file:/C:/Users/Dannieris/Desktop/ForkProyecto/ForkProyecto/target/classes/assets/textures/exploredeat.png
08:50:18.757 [FXGL Background Thread 2 ] WARN  GameWorld            - Entity is already attached to world
08:50:18.757 [FXGL Background Thread 2 ] WARN  FXGLAssetLoaderServi - Asset "/assets/textures/explorecaminando.png" was not found!
08:50:18.757 [FXGL Background Thread 2 ] WARN  FXGLAssetLoaderServi - Failed to load IMAGE
08:50:18.757 [FXGL Background Thread 2 ] WARN  FXGLAssetLoaderServi - Asset "/assets/textures/exploreadelante.png" was not found!
08:50:18.758 [FXGL Background Thread 2 ] WARN  FXGLAssetLoaderServi - Failed to load IMAGE
08:50:18.758 [FXGL Background Thread 2 ] WARN  FXGLAssetLoaderServi - Asset "/assets/textures/exploreatras.png" was not found!
08:50:18.758 [FXGL Background Thread 2 ] WARN  FXGLAssetLoaderServi - Failed to load IMAGE
08:50:18.759 [FXGL Background Thread 2 ] WARN  GameWorld            - Entity is already attached to world
08:50:18.759 [FXGL Background Thread 2 ] DEBUG FXGLAssetLoaderServi - Loading from file system: file:/C:/Users/Dannieris/Desktop/ForkProyecto/ForkProyecto/target/classes/assets/textures/droidatack_basic.png
08:50:18.761 [FXGL Background Thread 2 ] DEBUG FXGLAssetLoaderServi - Loading from file system: file:/C:/Users/Dannieris/Desktop/ForkProyecto/ForkProyecto/target/classes/assets/textures/droididle.png
08:50:18.763 [FXGL Background Thread 2 ] WARN  FXGLAssetLoaderServi - Asset "/assets/textures/droidcaminando.png" was not found!
08:50:18.763 [FXGL Background Thread 2 ] WARN  FXGLAssetLoaderServi - Failed to load IMAGE
08:50:18.763 [FXGL Background Thread 2 ] WARN  FXGLAssetLoaderServi - Asset "/assets/textures/droidadelante.png" was not found!
08:50:18.764 [FXGL Background Thread 2 ] WARN  FXGLAssetLoaderServi - Failed to load IMAGE
08:50:18.764 [FXGL Background Thread 2 ] WARN  FXGLAssetLoaderServi - Asset "/assets/textures/droidatras.png" was not found!
08:50:18.764 [FXGL Background Thread 2 ] WARN  FXGLAssetLoaderServi - Failed to load IMAGE
08:50:18.764 [FXGL Background Thread 2 ] DEBUG FXGLAssetLoaderServi - Loading from file system: file:/C:/Users/Dannieris/Desktop/ForkProyecto/ForkProyecto/target/classes/assets/textures/droiddeat.png
08:50:18.766 [FXGL Background Thread 2 ] WARN  GameWorld            - Entity is already attached to world
08:50:18.768 [FXGL Background Thread 2 ] WARN  FXGLAssetLoaderServi - Asset "/assets/textures/droidcaminando.png" was not found!
08:50:18.769 [FXGL Background Thread 2 ] WARN  FXGLAssetLoaderServi - Failed to load IMAGE
08:50:18.770 [FXGL Background Thread 2 ] WARN  FXGLAssetLoaderServi - Asset "/assets/textures/droidadelante.png" was not found!
08:50:18.770 [FXGL Background Thread 2 ] WARN  FXGLAssetLoaderServi - Failed to load IMAGE
08:50:18.771 [FXGL Background Thread 2 ] WARN  FXGLAssetLoaderServi - Asset "/assets/textures/droidatras.png" was not found!
08:50:18.771 [FXGL Background Thread 2 ] WARN  FXGLAssetLoaderServi - Failed to load IMAGE
08:50:18.772 [FXGL Background Thread 2 ] WARN  GameWorld            - Entity is already attached to world
08:50:18.772 [FXGL Background Thread 2 ] DEBUG FXGLAssetLoaderServi - Loading from file system: file:/C:/Users/Dannieris/Desktop/ForkProyecto/ForkProyecto/target/classes/assets/textures/droid2atack_basic.png
08:50:18.775 [FXGL Background Thread 2 ] DEBUG FXGLAssetLoaderServi - Loading from file system: file:/C:/Users/Dannieris/Desktop/ForkProyecto/ForkProyecto/target/classes/assets/textures/droid2idle.png
08:50:18.776 [FXGL Background Thread 2 ] WARN  FXGLAssetLoaderServi - Asset "/assets/textures/droid2caminando.png" was not found!
08:50:18.776 [FXGL Background Thread 2 ] WARN  FXGLAssetLoaderServi - Failed to load IMAGE
08:50:18.776 [FXGL Background Thread 2 ] WARN  FXGLAssetLoaderServi - Asset "/assets/textures/droid2adelante.png" was not found!
08:50:18.776 [FXGL Background Thread 2 ] WARN  FXGLAssetLoaderServi - Failed to load IMAGE
08:50:18.777 [FXGL Background Thread 2 ] WARN  FXGLAssetLoaderServi - Asset "/assets/textures/droid2atras.png" was not found!
08:50:18.777 [FXGL Background Thread 2 ] WARN  FXGLAssetLoaderServi - Failed to load IMAGE
08:50:18.777 [FXGL Background Thread 2 ] DEBUG FXGLAssetLoaderServi - Loading from file system: file:/C:/Users/Dannieris/Desktop/ForkProyecto/ForkProyecto/target/classes/assets/textures/droid2deat.png
08:50:18.779 [FXGL Background Thread 2 ] WARN  GameWorld            - Entity is already attached to world
08:50:18.781 [FXGL Background Thread 2 ] WARN  FXGLAssetLoaderServi - Asset "/assets/textures/droid2caminando.png" was not found!
08:50:18.781 [FXGL Background Thread 2 ] WARN  FXGLAssetLoaderServi - Failed to load IMAGE
08:50:18.783 [FXGL Background Thread 2 ] WARN  FXGLAssetLoaderServi - Asset "/assets/textures/droid2adelante.png" was not found!
08:50:18.783 [FXGL Background Thread 2 ] WARN  FXGLAssetLoaderServi - Failed to load IMAGE
08:50:18.784 [FXGL Background Thread 2 ] WARN  FXGLAssetLoaderServi - Asset "/assets/textures/droid2atras.png" was not found!
08:50:18.784 [FXGL Background Thread 2 ] WARN  FXGLAssetLoaderServi - Failed to load IMAGE
08:50:18.786 [FXGL Background Thread 2 ] WARN  GameWorld            - Entity is already attached to world
08:50:18.788 [FXGL Background Thread 2 ] WARN  FXGLAssetLoaderServi - Asset "/assets/textures/droid2caminando.png" was not found!
08:50:18.788 [FXGL Background Thread 2 ] WARN  FXGLAssetLoaderServi - Failed to load IMAGE
08:50:18.788 [FXGL Background Thread 2 ] WARN  FXGLAssetLoaderServi - Asset "/assets/textures/droid2adelante.png" was not found!
08:50:18.788 [FXGL Background Thread 2 ] WARN  FXGLAssetLoaderServi - Failed to load IMAGE
08:50:18.788 [FXGL Background Thread 2 ] WARN  FXGLAssetLoaderServi - Asset "/assets/textures/droid2atras.png" was not found!
08:50:18.788 [FXGL Background Thread 2 ] WARN  FXGLAssetLoaderServi - Failed to load IMAGE
08:50:18.789 [FXGL Background Thread 2 ] WARN  GameWorld            - Entity is already attached to world
08:50:18.791 [FXGL Background Thread 2 ] DEBUG FXGLAssetLoaderServi - Loading from file system: file:/C:/Users/Dannieris/Desktop/ForkProyecto/ForkProyecto/target/classes/assets/textures/droid3atack_basic.png
08:50:18.792 [FXGL Background Thread 2 ] DEBUG FXGLAssetLoaderServi - Loading from file system: file:/C:/Users/Dannieris/Desktop/ForkProyecto/ForkProyecto/target/classes/assets/textures/droid3idle.png
08:50:18.794 [FXGL Background Thread 2 ] WARN  FXGLAssetLoaderServi - Asset "/assets/textures/droid3caminando.png" was not found!
08:50:18.794 [FXGL Background Thread 2 ] WARN  FXGLAssetLoaderServi - Failed to load IMAGE
08:50:18.794 [FXGL Background Thread 2 ] WARN  FXGLAssetLoaderServi - Asset "/assets/textures/droid3adelante.png" was not found!
08:50:18.794 [FXGL Background Thread 2 ] WARN  FXGLAssetLoaderServi - Failed to load IMAGE
08:50:18.794 [FXGL Background Thread 2 ] WARN  FXGLAssetLoaderServi - Asset "/assets/textures/droid3atras.png" was not found!
08:50:18.794 [FXGL Background Thread 2 ] WARN  FXGLAssetLoaderServi - Failed to load IMAGE
08:50:18.795 [FXGL Background Thread 2 ] DEBUG FXGLAssetLoaderServi - Loading from file system: file:/C:/Users/Dannieris/Desktop/ForkProyecto/ForkProyecto/target/classes/assets/textures/droid3deat.png
08:50:18.797 [FXGL Background Thread 2 ] WARN  GameWorld            - Entity is already attached to world
08:50:18.801 [FXGL Background Thread 2 ] WARN  FXGLAssetLoaderServi - Asset "/assets/textures/droid3caminando.png" was not found!
08:50:18.801 [FXGL Background Thread 2 ] WARN  FXGLAssetLoaderServi - Failed to load IMAGE
08:50:18.801 [FXGL Background Thread 2 ] WARN  FXGLAssetLoaderServi - Asset "/assets/textures/droid3adelante.png" was not found!
08:50:18.802 [FXGL Background Thread 2 ] WARN  FXGLAssetLoaderServi - Failed to load IMAGE
08:50:18.802 [FXGL Background Thread 2 ] WARN  FXGLAssetLoaderServi - Asset "/assets/textures/droid3atras.png" was not found!
08:50:18.802 [FXGL Background Thread 2 ] WARN  FXGLAssetLoaderServi - Failed to load IMAGE
08:50:18.804 [FXGL Background Thread 2 ] WARN  GameWorld            - Entity is already attached to world
08:50:18.805 [FXGL Background Thread 2 ] DEBUG FXGLAssetLoaderServi - Loading from file system: file:/C:/Users/Dannieris/Desktop/ForkProyecto/ForkProyecto/target/classes/assets/textures/barreraDesactivadaitem.png
08:50:18.808 [FXGL Background Thread 2 ] WARN  FXGLAssetLoaderServi - Asset "/assets/textures/barreraDesactivadadisabled.png" was not found!
08:50:18.808 [FXGL Background Thread 2 ] WARN  FXGLAssetLoaderServi - Failed to load IMAGE
08:50:18.808 [FXGL Background Thread 2 ] WARN  GameWorld            - Entity is already attached to world
08:50:18.808 [FXGL Background Thread 2 ] WARN  FXGLAssetLoaderServi - Asset "/assets/textures/barreraDesactivadadisabled.png" was not found!
08:50:18.809 [FXGL Background Thread 2 ] WARN  FXGLAssetLoaderServi - Failed to load IMAGE
08:50:18.809 [FXGL Background Thread 2 ] WARN  GameWorld            - Entity is already attached to world
08:50:18.809 [FXGL Background Thread 2 ] WARN  FXGLAssetLoaderServi - Asset "/assets/textures/barreraDesactivadadisabled.png" was not found!
08:50:18.809 [FXGL Background Thread 2 ] WARN  FXGLAssetLoaderServi - Failed to load IMAGE
08:50:18.809 [FXGL Background Thread 2 ] WARN  GameWorld            - Entity is already attached to world
08:50:18.811 [FXGL Background Thread 2 ] WARN  FXGLAssetLoaderServi - Asset "/assets/textures/barreraDesactivadadisabled.png" was not found!
08:50:18.811 [FXGL Background Thread 2 ] WARN  FXGLAssetLoaderServi - Failed to load IMAGE
08:50:18.811 [FXGL Background Thread 2 ] WARN  GameWorld            - Entity is already attached to world
08:50:18.812 [FXGL Background Thread 2 ] DEBUG FXGLAssetLoaderServi - Loading from file system: file:/C:/Users/Dannieris/Desktop/ForkProyecto/ForkProyecto/target/classes/assets/textures/barreraitem.png
08:50:18.816 [FXGL Background Thread 2 ] DEBUG FXGLAssetLoaderServi - Loading from file system: file:/C:/Users/Dannieris/Desktop/ForkProyecto/ForkProyecto/target/classes/assets/textures/barreradisabled.png
08:50:18.823 [FXGL Background Thread 2 ] WARN  GameWorld            - Entity is already attached to world
08:50:18.824 [FXGL Background Thread 2 ] WARN  GameWorld            - Entity is already attached to world
08:50:18.825 [FXGL Background Thread 2 ] DEBUG FXGLAssetLoaderServi - Loading from file system: file:/C:/Users/Dannieris/Desktop/ForkProyecto/ForkProyecto/target/classes/assets/textures/panelitem.png
08:50:18.827 [FXGL Background Thread 2 ] DEBUG FXGLAssetLoaderServi - Loading from file system: file:/C:/Users/Dannieris/Desktop/ForkProyecto/ForkProyecto/target/classes/assets/textures/paneldisabled.png
08:50:18.828 [FXGL Background Thread 2 ] WARN  GameWorld            - Entity is already attached to world
08:50:18.830 [FXGL Background Thread 2 ] WARN  GameWorld            - Entity is already attached to world
08:50:18.830 [FXGL Background Thread 2 ] DEBUG FXGLAssetLoaderServi - Loading from file system: file:/C:/Users/Dannieris/Desktop/ForkProyecto/ForkProyecto/target/classes/assets/textures/generatorSpecialPointitem.png
08:50:18.832 [FXGL Background Thread 2 ] WARN  FXGLAssetLoaderServi - Asset "/assets/textures/generatorSpecialPointdisabled.png" was not found!
08:50:18.832 [FXGL Background Thread 2 ] WARN  FXGLAssetLoaderServi - Failed to load IMAGE
08:50:18.833 [FXGL Background Thread 2 ] WARN  GameWorld            - Entity is already attached to world
08:50:18.835 [FXGL Background Thread 2 ] WARN  FXGLAssetLoaderServi - Asset "/assets/textures/generatorSpecialPointdisabled.png" was not found!
08:50:18.835 [FXGL Background Thread 2 ] WARN  FXGLAssetLoaderServi - Failed to load IMAGE
08:50:18.836 [FXGL Background Thread 2 ] WARN  GameWorld            - Entity is already attached to world
08:50:18.838 [FXGL Background Thread 2 ] DEBUG FXGLAssetLoaderServi - Loading from file system: file:/C:/Users/Dannieris/Desktop/ForkProyecto/ForkProyecto/target/classes/assets/textures/lifeitem.png
08:50:18.839 [FXGL Background Thread 2 ] WARN  FXGLAssetLoaderServi - Asset "/assets/textures/lifedisabled.png" was not found!
08:50:18.839 [FXGL Background Thread 2 ] WARN  FXGLAssetLoaderServi - Failed to load IMAGE
08:50:18.839 [FXGL Background Thread 2 ] WARN  GameWorld            - Entity is already attached to world
08:50:18.841 [FXGL Background Thread 2 ] WARN  FXGLAssetLoaderServi - Asset "/assets/textures/lifedisabled.png" was not found!
08:50:18.841 [FXGL Background Thread 2 ] WARN  FXGLAssetLoaderServi - Failed to load IMAGE
08:50:18.841 [FXGL Background Thread 2 ] WARN  GameWorld            - Entity is already attached to world
08:50:18.842 [FXGL Background Thread 2 ] DEBUG FXGLAssetLoaderServi - Loading from file system: file:/C:/Users/Dannieris/Desktop/ForkProyecto/ForkProyecto/target/classes/assets/textures/atackitem.png
08:50:18.843 [FXGL Background Thread 2 ] WARN  FXGLAssetLoaderServi - Asset "/assets/textures/atackdisabled.png" was not found!
08:50:18.843 [FXGL Background Thread 2 ] WARN  FXGLAssetLoaderServi - Failed to load IMAGE
08:50:18.843 [FXGL Background Thread 2 ] WARN  GameWorld            - Entity is already attached to world
08:50:18.843 [FXGL Background Thread 2 ] WARN  FXGLAssetLoaderServi - Asset "/assets/textures/atackdisabled.png" was not found!
08:50:18.843 [FXGL Background Thread 2 ] WARN  FXGLAssetLoaderServi - Failed to load IMAGE
08:50:18.844 [FXGL Background Thread 2 ] WARN  GameWorld            - Entity is already attached to world
08:50:18.844 [FXGL Background Thread 2 ] DEBUG FXGLAssetLoaderServi - Loading from file system: file:/C:/Users/Dannieris/Desktop/ForkProyecto/ForkProyecto/target/classes/assets/textures/cyborgatack_special.png
08:50:18.847 [FXGL Background Thread 2 ] DEBUG FXGLAssetLoaderServi - Loading from file system: file:/C:/Users/Dannieris/Desktop/ForkProyecto/ForkProyecto/target/classes/assets/textures/cyborgatack_basic.png
08:50:18.849 [FXGL Background Thread 2 ] DEBUG FXGLAssetLoaderServi - Loading from file system: file:/C:/Users/Dannieris/Desktop/ForkProyecto/ForkProyecto/target/classes/assets/textures/cyborgidle.png
08:50:18.852 [FXGL Background Thread 2 ] DEBUG FXGLAssetLoaderServi - Loading from file system: file:/C:/Users/Dannieris/Desktop/ForkProyecto/ForkProyecto/target/classes/assets/textures/cyborgcaminando.png
08:50:18.856 [FXGL Background Thread 2 ] DEBUG FXGLAssetLoaderServi - Loading from file system: file:/C:/Users/Dannieris/Desktop/ForkProyecto/ForkProyecto/target/classes/assets/textures/cyborgadelante.png
08:50:18.858 [FXGL Background Thread 2 ] DEBUG FXGLAssetLoaderServi - Loading from file system: file:/C:/Users/Dannieris/Desktop/ForkProyecto/ForkProyecto/target/classes/assets/textures/cyborgatras.png
08:50:18.859 [FXGL Background Thread 2 ] DEBUG FXGLAssetLoaderServi - Loading from file system: file:/C:/Users/Dannieris/Desktop/ForkProyecto/ForkProyecto/target/classes/assets/textures/cyborgdeat.png
08:50:18.861 [FXGL Background Thread 2 ] WARN  GameWorld            - Entity is already attached to world
08:50:18.862 [FXGL Background Thread 2 ] WARN  FXGLAssetLoaderServi - Asset "/assets/textures/jaxKaneatack_special.png" was not found!
08:50:18.862 [FXGL Background Thread 2 ] WARN  FXGLAssetLoaderServi - Failed to load IMAGE
08:50:18.862 [FXGL Background Thread 2 ] DEBUG FXGLAssetLoaderServi - Loading from file system: file:/C:/Users/Dannieris/Desktop/ForkProyecto/ForkProyecto/target/classes/assets/textures/jaxKaneatack_basic.png
08:50:18.865 [FXGL Background Thread 2 ] DEBUG FXGLAssetLoaderServi - Loading from file system: file:/C:/Users/Dannieris/Desktop/ForkProyecto/ForkProyecto/target/classes/assets/textures/jaxKaneidle.png
08:50:18.866 [FXGL Background Thread 2 ] DEBUG FXGLAssetLoaderServi - Loading from file system: file:/C:/Users/Dannieris/Desktop/ForkProyecto/ForkProyecto/target/classes/assets/textures/jaxKanecaminando.png
08:50:18.870 [FXGL Background Thread 2 ] DEBUG FXGLAssetLoaderServi - Loading from file system: file:/C:/Users/Dannieris/Desktop/ForkProyecto/ForkProyecto/target/classes/assets/textures/jaxKaneadelante.png
08:50:18.872 [FXGL Background Thread 2 ] DEBUG FXGLAssetLoaderServi - Loading from file system: file:/C:/Users/Dannieris/Desktop/ForkProyecto/ForkProyecto/target/classes/assets/textures/jaxKaneatras.png
08:50:18.874 [FXGL Background Thread 2 ] WARN  FXGLAssetLoaderServi - Asset "/assets/textures/jaxKanedeat.png" was not found!
08:50:18.874 [FXGL Background Thread 2 ] WARN  FXGLAssetLoaderServi - Failed to load IMAGE
08:50:18.875 [FXGL Background Thread 2 ] WARN  GameWorld            - Entity is already attached to world
08:50:18.875 [FXGL Background Thread 2 ] DEBUG Input                - Registered new binding: Mover Arriba - W
08:50:18.875 [FXGL Background Thread 2 ] DEBUG Input                - Registered new binding: Mover Abajo - S
08:50:18.875 [FXGL Background Thread 2 ] DEBUG Input                - Registered new binding: Mover Izquierda - A
08:50:18.875 [FXGL Background Thread 2 ] DEBUG Input                - Registered new binding: Mover Derecha - D
08:50:18.876 [FXGL Background Thread 2 ] DEBUG FXGLAssetLoaderServi - Loading from file system: file:/C:/Users/Dannieris/Desktop/ForkProyecto/ForkProyecto/target/classes/assets/textures/latienda.png
08:50:18.885 [FXGL Background Thread 2 ] DEBUG FXGLAssetLoaderServi - Loading from file system: file:/C:/Users/Dannieris/Desktop/ForkProyecto/ForkProyecto/target/classes/assets/textures/botonTienda.png
08:50:18.936 [FXGL Background Thread 2 ] DEBUG FXGLAssetLoaderServi - Loading from file system: file:/C:/Users/Dannieris/Desktop/ForkProyecto/ForkProyecto/target/classes/assets/textures/botonGameMenu.png
08:50:18.950 [FXGL Background Thread 2 ] DEBUG FXGLAssetLoaderServi - Loading from file system: file:/C:/Users/Dannieris/Desktop/ForkProyecto/ForkProyecto/target/classes/assets/textures/buttonMainMenu.png
08:50:18.952 [FXGL Background Thread 2 ] DEBUG FXGLAssetLoaderServi - Loading from file system: file:/C:/Users/Dannieris/Desktop/ForkProyecto/ForkProyecto/target/classes/assets/textures/wikiButton.png
08:50:18.954 [FXGL Background Thread 2 ] DEBUG FXGLAssetLoaderServi - Loading from file system: file:/C:/Users/Dannieris/Desktop/ForkProyecto/ForkProyecto/target/classes/assets/textures/specialPointBar.png
08:50:18.956 [FXGL Background Thread 2 ] DEBUG FXGLAssetLoaderServi - Loading from file system: file:/C:/Users/Dannieris/Desktop/ForkProyecto/ForkProyecto/target/classes/assets/textures/statBar.png
08:50:18.962 [FXGL Background Thread 2 ] DEBUG FXGLAssetLoaderServi - Loading from file system: file:/C:/Users/Dannieris/Desktop/ForkProyecto/ForkProyecto/target/classes/assets/textures/statAtackBar.png
08:50:18.964 [FXGL Background Thread 2 ] DEBUG FXGLAssetLoaderServi - Loading from file system: file:/C:/Users/Dannieris/Desktop/ForkProyecto/ForkProyecto/target/classes/assets/textures/wiki_image.png
08:50:18.981 [FXGL Background Thread 2 ] DEBUG FXGLAssetLoaderServi - Loading from file system: file:/C:/Users/Dannieris/Desktop/ForkProyecto/ForkProyecto/target/classes/assets/textures/iconCyborg.png
08:50:18.984 [FXGL Background Thread 2 ] DEBUG FXGLAssetLoaderServi - Loading from file system: file:/C:/Users/Dannieris/Desktop/ForkProyecto/ForkProyecto/target/classes/assets/textures/iconJaxKane.png
08:50:18.988 [FXGL Background Thread 2 ] DEBUG FXGLAssetLoaderServi - Loading from file system: file:/C:/Users/Dannieris/Desktop/ForkProyecto/ForkProyecto/target/classes/assets/textures/specialPoint.png
08:50:18.990 [FXGL Background Thread 2 ] DEBUG FXGLAssetLoaderServi - Loading from file system: file:/C:/Users/Dannieris/Desktop/ForkProyecto/ForkProyecto/target/classes/assets/textures/special.png
08:50:18.991 [FXGL Background Thread 2 ] DEBUG FXGLAssetLoaderServi - Loading from file system: file:/C:/Users/Dannieris/Desktop/ForkProyecto/ForkProyecto/target/classes/assets/textures/barra_enemigo.png
08:50:19.003 [FXGL Background Thread 2 ] DEBUG FXGLAssetLoaderServi - Loading from file system: file:/C:/Users/Dannieris/Desktop/ForkProyecto/ForkProyecto/target/classes/assets/textures/life_point_enemi.png
08:50:19.008 [FXGL Background Thread 2 ] DEBUG FXGLAssetLoaderServi - Loading from file system: file:/C:/Users/Dannieris/Desktop/ForkProyecto/ForkProyecto/target/classes/assets/textures/life_bar.png
08:50:19.014 [FXGL Background Thread 2 ] DEBUG FXGLAssetLoaderServi - Loading from file system: file:/C:/Users/Dannieris/Desktop/ForkProyecto/ForkProyecto/target/classes/assets/textures/life_point.png
08:50:19.016 [FXGL Background Thread 2 ] DEBUG FXGLAssetLoaderServi - Loading from file system: file:/C:/Users/Dannieris/Desktop/ForkProyecto/ForkProyecto/target/classes/assets/textures/button_atacck.png
08:50:19.023 [FXGL Background Thread 2 ] DEBUG FXGLAssetLoaderServi - Loading from file system: file:/C:/Users/Dannieris/Desktop/ForkProyecto/ForkProyecto/target/classes/assets/textures/combat_panel.png
08:50:19.036 [FXGL Background Thread 2 ] INFO  FXGLApplication      - Game initialization took: 1.006 sec
08:50:19.040 [JavaFX Application Thread] DEBUG Input                - Clearing active input actions
08:50:19.053 [JavaFX Application Thread] DEBUG GameApplicationServi - Removing overlay from FXGLLoadingScene and adding to GameScene
08:50:19.063 [JavaFX Application Thread] DEBUG PrimaryStageWindow   - FXGLLoadingScene -> GameScene
08:50:19.096 [JavaFX Application Thread] DEBUG FXGLAssetLoaderServi - Loading from file system: file:/C:/Users/Dannieris/Desktop/ForkProyecto/ForkProyecto/target/classes/assets/sounds/item.wav
08:50:19.975 [FXGL Background Thread 3 ] DEBUG Engine               - Logging environment variables
08:50:19.976 [FXGL Background Thread 3 ] DEBUG Engine               - achievements: []
08:50:19.976 [FXGL Background Thread 3 ] DEBUG Engine               - actualHeight: 912.0
08:50:19.976 [FXGL Background Thread 3 ] DEBUG Engine               - actualHeightProperty: ReadOnlyDoubleProperty [value: 912.0]
08:50:19.976 [FXGL Background Thread 3 ] DEBUG Engine               - actualWidth: 1343.0
08:50:19.976 [FXGL Background Thread 3 ] DEBUG Engine               - actualWidthProperty: ReadOnlyDoubleProperty [value: 1343.0]
08:50:19.976 [FXGL Background Thread 3 ] DEBUG Engine               - appIcon: fxgl_icon.png
08:50:19.977 [FXGL Background Thread 3 ] DEBUG Engine               - applicationMode: DEVELOPER
08:50:19.978 [FXGL Background Thread 3 ] DEBUG Engine               - cSSList: [fxgl_dark.css]
08:50:19.978 [FXGL Background Thread 3 ] DEBUG Engine               - collisionDetectionStrategy: BRUTE_FORCE
08:50:19.978 [FXGL Background Thread 3 ] DEBUG Engine               - configClass: Optional.empty
08:50:19.978 [FXGL Background Thread 3 ] DEBUG Engine               - credits: []
08:50:19.985 [FXGL Background Thread 3 ] DEBUG Engine               - defaultCursor: CursorInfo(imageName=cursor.png, hotspotX=0.0, hotspotY=0.0)
08:50:19.986 [FXGL Background Thread 3 ] DEBUG Engine               - devBBoxColorProperty: ObjectProperty [value: 0xff0000ff]
08:50:19.986 [FXGL Background Thread 3 ] DEBUG Engine               - devEnableDebugCameraProperty: BooleanProperty [value: false]
08:50:19.986 [FXGL Background Thread 3 ] DEBUG Engine               - devSensorColorProperty: ObjectProperty [value: 0xffff00ff]
08:50:19.986 [FXGL Background Thread 3 ] DEBUG Engine               - devShowBBoxProperty: BooleanProperty [value: false]
08:50:19.986 [FXGL Background Thread 3 ] DEBUG Engine               - devShowPositionProperty: BooleanProperty [value: false]
08:50:19.986 [FXGL Background Thread 3 ] DEBUG Engine               - enabledMenuItems: []
08:50:19.986 [FXGL Background Thread 3 ] DEBUG Engine               - engineServices: [class com.almasb.fxgl.app.services.FXGLAssetLoaderService, class com.almasb.fxgl.app.FXGLApplication$GameApplicationService, class com.almasb.fxgl.app.services.FXGLDialogService, class com.almasb.fxgl.app.services.IOTaskExecutorService, class com.almasb.fxgl.io.FileSystemService, class com.almasb.fxgl.localization.LocalizationService, class com.almasb.fxgl.app.services.SystemBundleService, class com.almasb.fxgl.profile.SaveLoadService, class com.almasb.fxgl.ui.FXGLUIFactoryServiceProvider, class com.almasb.fxgl.ui.FXGLDialogFactoryServiceProvider, class com.almasb.fxgl.audio.AudioPlayer, class com.almasb.fxgl.notification.impl.NotificationServiceProvider, class com.almasb.fxgl.achievement.AchievementService, class com.almasb.fxgl.cutscene.CutsceneService, class com.almasb.fxgl.minigames.MiniGameService, class com.almasb.fxgl.net.NetService, class com.almasb.fxgl.app.services.UpdaterService, class com.almasb.fxgl.dev.DevService]
08:50:19.986 [FXGL Background Thread 3 ] DEBUG Engine               - fontGame: Abel-Regular.ttf
08:50:19.986 [FXGL Background Thread 3 ] DEBUG Engine               - fontMono: TerminalLandMono-Regular.otf
08:50:19.986 [FXGL Background Thread 3 ] DEBUG Engine               - fontSizeScaleUI: 1.0
08:50:19.986 [FXGL Background Thread 3 ] DEBUG Engine               - fontText: Courier-Prime.ttf
08:50:19.986 [FXGL Background Thread 3 ] DEBUG Engine               - fontUI: VarelaRound-Regular.ttf
08:50:19.986 [FXGL Background Thread 3 ] DEBUG Engine               - fullScreen: BooleanProperty [value: false]
08:50:19.986 [FXGL Background Thread 3 ] DEBUG Engine               - gameDifficulty: MEDIUM
08:50:19.988 [FXGL Background Thread 3 ] DEBUG Engine               - gameDifficultyProperty: ObjectProperty [value: MEDIUM]
08:50:19.990 [FXGL Background Thread 3 ] DEBUG Engine               - globalMusicVolume: 0.5
08:50:19.990 [FXGL Background Thread 3 ] DEBUG Engine               - globalMusicVolumeProperty: DoubleProperty [value: 0.5]
08:50:19.990 [FXGL Background Thread 3 ] DEBUG Engine               - globalSoundVolume: 0.5
08:50:19.990 [FXGL Background Thread 3 ] DEBUG Engine               - globalSoundVolumeProperty: DoubleProperty [value: 0.5]
08:50:19.990 [FXGL Background Thread 3 ] DEBUG Engine               - height: 1024
08:50:19.990 [FXGL Background Thread 3 ] DEBUG Engine               - is3D: false
08:50:19.990 [FXGL Background Thread 3 ] DEBUG Engine               - isAndroid: false
08:50:19.990 [FXGL Background Thread 3 ] DEBUG Engine               - isBrowser: false
08:50:19.990 [FXGL Background Thread 3 ] DEBUG Engine               - isClickFeedbackEnabled: false
08:50:19.990 [FXGL Background Thread 3 ] DEBUG Engine               - isCloseConfirmation: false
08:50:19.990 [FXGL Background Thread 3 ] DEBUG Engine               - isDesktop: true
08:50:19.990 [FXGL Background Thread 3 ] DEBUG Engine               - isDeveloperMenuEnabled: true
08:50:19.990 [FXGL Background Thread 3 ] DEBUG Engine               - isEmbedded: false
08:50:19.990 [FXGL Background Thread 3 ] DEBUG Engine               - isEntityPreloadEnabled: true
08:50:19.990 [FXGL Background Thread 3 ] DEBUG Engine               - isExperimentalTiledLargeMap: false
08:50:19.990 [FXGL Background Thread 3 ] DEBUG Engine               - isFileSystemWriteAllowed: true
08:50:19.990 [FXGL Background Thread 3 ] DEBUG Engine               - isFullScreenAllowed: false
08:50:19.990 [FXGL Background Thread 3 ] DEBUG Engine               - isFullScreenFromStart: false
08:50:19.990 [FXGL Background Thread 3 ] DEBUG Engine               - isGameMenuEnabled: true
08:50:19.990 [FXGL Background Thread 3 ] DEBUG Engine               - isIOS: false
08:50:19.990 [FXGL Background Thread 3 ] DEBUG Engine               - isIntroEnabled: false
08:50:19.990 [FXGL Background Thread 3 ] DEBUG Engine               - isLinux: false
08:50:19.990 [FXGL Background Thread 3 ] DEBUG Engine               - isMac: false
08:50:19.990 [FXGL Background Thread 3 ] DEBUG Engine               - isMainMenuEnabled: true
08:50:19.990 [FXGL Background Thread 3 ] DEBUG Engine               - isManualResizeEnabled: false
08:50:19.990 [FXGL Background Thread 3 ] DEBUG Engine               - isMobile: false
08:50:19.990 [FXGL Background Thread 3 ] DEBUG Engine               - isNative: false
08:50:19.990 [FXGL Background Thread 3 ] DEBUG Engine               - isPauseMusicWhenMinimized: true
08:50:19.990 [FXGL Background Thread 3 ] DEBUG Engine               - isPreserveResizeRatio: false
08:50:19.990 [FXGL Background Thread 3 ] DEBUG Engine               - isProfilingEnabled: false
08:50:19.990 [FXGL Background Thread 3 ] DEBUG Engine               - isScaleAffectedOnResize: true
08:50:19.990 [FXGL Background Thread 3 ] DEBUG Engine               - isSingleStep: false
08:50:19.990 [FXGL Background Thread 3 ] DEBUG Engine               - isUserProfileEnabled: false
08:50:19.991 [FXGL Background Thread 3 ] DEBUG Engine               - isWindows: true
08:50:19.991 [FXGL Background Thread 3 ] DEBUG Engine               - language: ObjectProperty [value: ENGLISH]
08:50:19.991 [FXGL Background Thread 3 ] DEBUG Engine               - menuKey: ESCAPE
08:50:19.991 [FXGL Background Thread 3 ] DEBUG Engine               - mouseSensitivity: 0.2
08:50:19.991 [FXGL Background Thread 3 ] DEBUG Engine               - notificationViewClass: class com.almasb.fxgl.notification.view.XboxNotificationView
08:50:19.991 [FXGL Background Thread 3 ] DEBUG Engine               - pixelsPerMeter: 50.0
08:50:19.991 [FXGL Background Thread 3 ] DEBUG Engine               - platform: WINDOWS
08:50:19.991 [FXGL Background Thread 3 ] DEBUG Engine               - prefHeightProperty: ReadOnlyDoubleProperty [value: 1024.0]
08:50:19.991 [FXGL Background Thread 3 ] DEBUG Engine               - prefWidthProperty: ReadOnlyDoubleProperty [value: 1536.0]
08:50:19.991 [FXGL Background Thread 3 ] DEBUG Engine               - profileDir: profiles/
08:50:19.991 [FXGL Background Thread 3 ] DEBUG Engine               - profileName: StringProperty [value: DEFAULT]
08:50:19.991 [FXGL Background Thread 3 ] DEBUG Engine               - randomSeed: -1
08:50:19.992 [FXGL Background Thread 3 ] DEBUG Engine               - runtimeInfo: RuntimeInfo(platform=WINDOWS, version=17.3, build=30.03.2023 11.49)
08:50:19.992 [FXGL Background Thread 3 ] DEBUG Engine               - saveFileExt: sav
08:50:19.992 [FXGL Background Thread 3 ] DEBUG Engine               - scaledHeightProp$fxgl: DoubleProperty [bound, value: 912.0]
08:50:19.992 [FXGL Background Thread 3 ] DEBUG Engine               - scaledWidthProp$fxgl: DoubleProperty [bound, value: 1343.0]
08:50:19.992 [FXGL Background Thread 3 ] DEBUG Engine               - sceneFactory: App.Game.GameApp$1@6dfc6800
08:50:19.992 [FXGL Background Thread 3 ] DEBUG Engine               - secondsIn24h: 60
08:50:19.992 [FXGL Background Thread 3 ] DEBUG Engine               - soundMenuBack: menu/back.wav
08:50:19.993 [FXGL Background Thread 3 ] DEBUG Engine               - soundMenuPress: menu/press.wav
08:50:19.993 [FXGL Background Thread 3 ] DEBUG Engine               - soundMenuSelect: menu/select.wav
08:50:19.993 [FXGL Background Thread 3 ] DEBUG Engine               - soundNotification: core/notification.wav
08:50:19.993 [FXGL Background Thread 3 ] DEBUG Engine               - stageStyle: DECORATED
08:50:19.993 [FXGL Background Thread 3 ] DEBUG Engine               - supportedLanguages: [ENGLISH, FRENCH, GERMAN, HUNGARIAN, RUSSIAN]
08:50:19.993 [FXGL Background Thread 3 ] DEBUG Engine               - ticksPerSecond: -1
08:50:19.993 [FXGL Background Thread 3 ] DEBUG Engine               - title: Eclipsis: el legado de la nave abandonada(BetaVer)
08:50:19.993 [FXGL Background Thread 3 ] DEBUG Engine               - urlGithub: https://github.com/AlmasB/FXGL
08:50:19.993 [FXGL Background Thread 3 ] DEBUG Engine               - urlLeaderboard: http://fxgl-top.herokuapp.com/
08:50:19.993 [FXGL Background Thread 3 ] DEBUG Engine               - urlPOM: https://raw.githubusercontent.com/AlmasB/FXGL/release/README.md
08:50:19.993 [FXGL Background Thread 3 ] DEBUG Engine               - userAppClass: class App.Game.GameApp
08:50:19.993 [FXGL Background Thread 3 ] DEBUG Engine               - version: 0.0
08:50:19.993 [FXGL Background Thread 3 ] DEBUG Engine               - versionCheckDays: 7
08:50:19.993 [FXGL Background Thread 3 ] DEBUG Engine               - width: 1536
08:50:19.993 [FXGL Background Thread 3 ] DEBUG Engine               - Logging services
08:50:19.993 [FXGL Background Thread 3 ] DEBUG Engine               - class com.almasb.fxgl.app.services.FXGLAssetLoaderService
08:50:19.993 [FXGL Background Thread 3 ] DEBUG Engine               - class com.almasb.fxgl.app.FXGLApplication$GameApplicationService
08:50:19.993 [FXGL Background Thread 3 ] DEBUG Engine               - class com.almasb.fxgl.app.services.FXGLDialogService
08:50:19.993 [FXGL Background Thread 3 ] DEBUG Engine               - class com.almasb.fxgl.app.services.IOTaskExecutorService
08:50:19.993 [FXGL Background Thread 3 ] DEBUG Engine               - class com.almasb.fxgl.io.FileSystemService
08:50:19.993 [FXGL Background Thread 3 ] DEBUG Engine               - class com.almasb.fxgl.localization.LocalizationService
08:50:19.993 [FXGL Background Thread 3 ] DEBUG Engine               - class com.almasb.fxgl.app.services.SystemBundleService
08:50:19.993 [FXGL Background Thread 3 ] DEBUG Engine               - class com.almasb.fxgl.profile.SaveLoadService
08:50:19.993 [FXGL Background Thread 3 ] DEBUG Engine               - class com.almasb.fxgl.ui.FXGLUIFactoryServiceProvider
08:50:19.993 [FXGL Background Thread 3 ] DEBUG Engine               - class com.almasb.fxgl.ui.FXGLDialogFactoryServiceProvider
08:50:19.993 [FXGL Background Thread 3 ] DEBUG Engine               - class com.almasb.fxgl.audio.AudioPlayer
08:50:19.993 [FXGL Background Thread 3 ] DEBUG Engine               - class com.almasb.fxgl.notification.impl.NotificationServiceProvider
08:50:19.993 [FXGL Background Thread 3 ] DEBUG Engine               - class com.almasb.fxgl.achievement.AchievementService
08:50:19.993 [FXGL Background Thread 3 ] DEBUG Engine               - class com.almasb.fxgl.cutscene.CutsceneService
08:50:19.993 [FXGL Background Thread 3 ] DEBUG Engine               - class com.almasb.fxgl.minigames.MiniGameService
08:50:19.993 [FXGL Background Thread 3 ] DEBUG Engine               - class com.almasb.fxgl.net.NetService
08:50:19.993 [FXGL Background Thread 3 ] DEBUG Engine               - class com.almasb.fxgl.app.services.UpdaterService
08:50:19.993 [FXGL Background Thread 3 ] DEBUG Engine               - class com.almasb.fxgl.dev.DevService
08:50:20.867 [JavaFX Application Thread] DEBUG FXGLAssetLoaderServi - Loading from file system: file:/C:/Users/Dannieris/Desktop/ForkProyecto/ForkProyecto/target/classes/assets/sounds/cambiarPersonaje.wav
08:50:23.931 [JavaFX Application Thread] DEBUG FXGLApplication      - Exiting FXGL
08:50:23.932 [JavaFX Application Thread] DEBUG LoopRunner           - Stopping loop
08:50:23.932 [JavaFX Application Thread] DEBUG SystemBundleService  - Saving FXGL system data
08:50:23.935 [JavaFX Application Thread] DEBUG FileSystemAccess     - Writing to: C:\Users\Dannieris\Desktop\ForkProyecto\ForkProyecto\system\fxgl.bundle
08:50:23.939 [JavaFX Application Thread] DEBUG Async                - Shutting down background threads
08:50:23.939 [JavaFX Application Thread] DEBUG PrimaryStageWindow   - Closing main window
08:50:23.966 [JavaFX Application Thread] DEBUG Logger               - Closing Logger
