18:10:44.600 [main                     ] DEBUG Logger               - Configured Logger
18:10:44.607 [main                     ] DEBUG GameApplication      - Logging settings
Title: Eclipsis: el legado de la nave abandonada(BetaVer)
Version: 0.0
Width: 1536
Height: 1024
Fullscreen: false
Intro: false
Profiling: false
Single step:false
App Mode: DEVELOPER
Menu Key: ESCAPE
Stage Style: DECORATED
Scene Factory: class App.Game.GameApp$1

18:10:44.720 [JavaFX Application Thread] DEBUG FXGLApplication      - Initializing FXGL
18:10:44.723 [JavaFX Application Thread] INFO  Engine               - FXGL-17.3 (30.03.2023 11.49) on WINDOWS (J:24.0.1 FX:17.0.6)
18:10:44.723 [JavaFX Application Thread] DEBUG Engine               - JRE Vendor Name: Oracle Corporation
18:10:44.723 [JavaFX Application Thread] DEBUG Engine               - Running on OS: Windows 11 version 10.0
18:10:44.723 [JavaFX Application Thread] DEBUG Engine               - Architecture: amd64
18:10:44.724 [JavaFX Application Thread] INFO  Engine               - Source code and latest versions at: https://github.com/AlmasB/FXGL
18:10:44.724 [JavaFX Application Thread] INFO  Engine               -       Ask questions and discuss at: https://github.com/AlmasB/FXGL/discussions
18:10:44.724 [JavaFX Application Thread] INFO  Engine               -              Join the FXGL chat at: https://gitter.im/AlmasB/FXGL
18:10:44.835 [JavaFX Application Thread] DEBUG PrimaryStageWindow   - Creating a JavaFX scene
18:10:44.835 [JavaFX Application Thread] DEBUG PrimaryStageWindow   - Target size > screen size
18:10:44.882 [JavaFX Application Thread] DEBUG PrimaryStageWindow   - Target settings size: 1536.0 x 1024.0
18:10:44.882 [JavaFX Application Thread] DEBUG PrimaryStageWindow   - Scaled scene size:    1343.0 x 912.0
18:10:44.882 [JavaFX Application Thread] DEBUG PrimaryStageWindow   - Scaled ratio: (0.8743489583333334, 0.890625)
18:10:44.883 [JavaFX Application Thread] DEBUG PrimaryStageWindow   - Set initial scene to FXGLStartupScene
18:10:44.888 [JavaFX Application Thread] DEBUG PrimaryStageWindow   - Opening main window
18:10:44.979 [JavaFX Application Thread] DEBUG PrimaryStageWindow   - Window border size: (14.5999755859375, 37.5999755859375)
18:10:44.979 [JavaFX Application Thread] DEBUG PrimaryStageWindow   - Scaled size: 1343.0 x 912.0
18:10:44.980 [JavaFX Application Thread] DEBUG PrimaryStageWindow   - Scaled ratio: (0.8743489583333334, 0.890625)
18:10:44.980 [JavaFX Application Thread] DEBUG PrimaryStageWindow   - Scene size: 1343.0 x 912.0
18:10:44.980 [JavaFX Application Thread] DEBUG PrimaryStageWindow   - Stage size: 1357.5999755859375 x 949.5999755859375
18:10:44.999 [FXGL Background Thread 1 ] DEBUG Engine               - Initializing environment variables
18:10:45.101 [FXGL Background Thread 1 ] DEBUG FXGLAssetLoaderServi - User app class for loading assets: class App.Game.GameApp
18:10:45.101 [FXGL Background Thread 1 ] DEBUG GameApplicationServi - Applying CSS: fxgl_dark.css
18:10:45.103 [FXGL Background Thread 1 ] DEBUG FXGLAssetLoaderServi - Loading from file system: jar:file:///C:/Users/Dannieris/.m2/repository/com/github/almasb/fxgl/17.3/fxgl-17.3.jar!/fxglassets/ui/css/fxgl_dark.css
18:10:45.171 [FXGL Background Thread 1 ] DEBUG GameApplicationServi - Initializing application scenes
18:10:45.236 [FXGL Background Thread 1 ] DEBUG GameWorld            - Game world initialized
18:10:45.316 [FXGL Background Thread 1 ] DEBUG PhysicsWorld         - Physics world initialized: appHeight=1024, physics.ppm=50.0
18:10:45.316 [FXGL Background Thread 1 ] DEBUG PhysicsWorld         - Using strategy: BRUTE_FORCE
18:10:45.321 [FXGL Background Thread 1 ] DEBUG GameScene            - Game scene initialized: 1536x1024
18:10:45.519 [FXGL Background Thread 1 ] DEBUG FXGL.DefaultMenu     - createMenuBodyGameMenu()
18:10:45.526 [FXGL Background Thread 1 ] DEBUG FXGL.DefaultMenu     - createOptionsMenu()
18:10:45.534 [FXGL Background Thread 1 ] DEBUG FXGLAssetLoaderServi - Loading from file system: jar:file:///C:/Users/Dannieris/.m2/repository/com/github/almasb/fxgl/17.3/fxgl-17.3.jar!/fxglassets/textures/particles/smoke.png
18:10:45.631 [FXGL Background Thread 1 ] DEBUG FXGLAssetLoaderServi - Loading from file system: jar:file:///C:/Users/Dannieris/.m2/repository/com/github/almasb/fxgl/17.3/fxgl-17.3.jar!/fxglassets/textures/particles/trace_horizontal.png
18:10:45.644 [FXGL Background Thread 1 ] DEBUG FXGLAssetLoaderServi - Loading from file system: file:/C:/Users/Dannieris/Desktop/Nueva%20carpeta%20(4)/ForkProyecto/target/classes/assets/music/menu.wav
18:10:45.758 [FXGL Background Thread 1 ] DEBUG AudioPlayer          - Playing music com.almasb.fxgl.audio.Music@4331aad1
18:10:45.762 [FXGL Background Thread 1 ] DEBUG AudioPlayer          - Playing music com.almasb.fxgl.audio.Music@4331aad1
18:10:45.762 [FXGL Background Thread 1 ] DEBUG FXGLAssetLoaderServi - Loading from file system: file:/C:/Users/Dannieris/Desktop/Nueva%20carpeta%20(4)/ForkProyecto/target/classes/assets/textures/fondoGameMenu.png
18:10:45.798 [FXGL Background Thread 1 ] DEBUG GameApplicationServi - Application scenes initialized
18:10:45.809 [FXGL Background Thread 1 ] DEBUG SystemBundleService  - Loading FXGL system data
18:10:45.814 [FXGL Background Thread 1 ] DEBUG FileSystemAccess     - Reading from: C:\Users\Dannieris\Desktop\Nueva carpeta (4)\ForkProyecto\system\fxgl.bundle
18:10:45.820 [FXGL Background Thread 1 ] DEBUG SystemBundleService  - Bundle FXGL: {}
18:10:45.820 [FXGL Background Thread 1 ] DEBUG UpdaterService       - Checking for updates
18:10:45.852 [FXGL Background Thread 1 ] DEBUG FXGLApplication      - Loading default localization
18:10:45.853 [FXGL Background Thread 1 ] DEBUG FXGLAssetLoaderServi - Loading from file system: jar:file:///C:/Users/Dannieris/.m2/repository/com/github/almasb/fxgl/17.3/fxgl-17.3.jar!/fxglassets/languages/english.lang
18:10:45.856 [FXGL Background Thread 4 ] DEBUG FXGLApplication      - Loading fonts
18:10:45.857 [FXGL Background Thread 4 ] DEBUG FXGLAssetLoaderServi - Loading from file system: jar:file:///C:/Users/Dannieris/.m2/repository/com/github/almasb/fxgl/17.3/fxgl-17.3.jar!/fxglassets/ui/fonts/VarelaRound-Regular.ttf
18:10:45.884 [FXGL Background Thread 1 ] INFO  FXGLApplication      - FXGL initialization took: 0.884 sec
18:10:45.886 [JavaFX Application Thread] DEBUG FXGLAssetLoaderServi - Loading from file system: jar:file:///C:/Users/Dannieris/.m2/repository/com/github/almasb/fxgl/17.3/fxgl-17.3.jar!/fxglassets/textures/fxgl_icon.png
18:10:45.901 [JavaFX Application Thread] DEBUG FXGLAssetLoaderServi - Loading from file system: file:/C:/Users/Dannieris/Desktop/Nueva%20carpeta%20(4)/ForkProyecto/target/classes/assets/textures/cursor.png
18:10:45.909 [FXGL Background Thread 4 ] DEBUG FXGLAssetLoaderServi - Loading from file system: jar:file:///C:/Users/Dannieris/.m2/repository/com/github/almasb/fxgl/17.3/fxgl-17.3.jar!/fxglassets/ui/fonts/Abel-Regular.ttf
18:10:45.916 [JavaFX Application Thread] DEBUG Input                - Registered new binding: Screenshot - CTRL+8
18:10:45.917 [JavaFX Application Thread] DEBUG Input                - Registered new binding: Dev Options - 1
18:10:45.917 [JavaFX Application Thread] DEBUG Input                - Registered new binding: Dev Console - 2
18:10:45.918 [JavaFX Application Thread] DEBUG Input                - Registered new binding: System info dump - CTRL+9
18:10:45.918 [JavaFX Application Thread] DEBUG Input                - Registered new binding: Restart - CTRL+R
18:10:45.918 [FXGL Background Thread 4 ] DEBUG FXGLAssetLoaderServi - Loading from file system: jar:file:///C:/Users/Dannieris/.m2/repository/com/github/almasb/fxgl/17.3/fxgl-17.3.jar!/fxglassets/ui/fonts/TerminalLandMono-Regular.otf
18:10:45.920 [JavaFX Application Thread] DEBUG Input                - Registered new binding: Toggle Debug Camera - CTRL+7
18:10:45.924 [JavaFX Application Thread] DEBUG LoopRunner           - Starting loop
18:10:45.926 [FXGL Background Thread 4 ] DEBUG FXGLAssetLoaderServi - Loading from file system: jar:file:///C:/Users/Dannieris/.m2/repository/com/github/almasb/fxgl/17.3/fxgl-17.3.jar!/fxglassets/ui/fonts/Courier-Prime.ttf
18:10:45.955 [JavaFX Application Thread] DEBUG LoopRunner           - Initializing JavaFX AnimationTimerLoop
18:10:45.959 [JavaFX Application Thread] DEBUG Input                - Clearing active input actions
18:10:45.970 [JavaFX Application Thread] DEBUG GameApplicationServi - Removing overlay from FXGLStartupScene and adding to FXGLMainMenuDummyScene
18:10:45.974 [JavaFX Application Thread] DEBUG PrimaryStageWindow   - FXGLStartupScene -> FXGLMainMenuDummyScene
18:10:45.974 [JavaFX Application Thread] DEBUG PrimaryStageWindow   - Push state: MyMenu
18:10:45.974 [JavaFX Application Thread] DEBUG Input                - Clearing active input actions
18:10:45.981 [JavaFX Application Thread] DEBUG GameApplicationServi - Removing overlay from FXGLMainMenuDummyScene and adding to MyMenu
18:10:45.983 [JavaFX Application Thread] DEBUG PrimaryStageWindow   - FXGLMainMenuDummyScene -> MyMenu
18:10:45.994 [JavaFX Application Thread] DEBUG FXGLApplication      - Registering font factories with UI factory
18:10:46.125 [FXGL Background Thread 2 ] WARN  UpdaterService       - Failed to find updates: java.net.SocketException: Permission denied: connect
18:10:47.139 [JavaFX Application Thread] DEBUG PrimaryStageWindow   - Push state: EscenaSeleccion
18:10:47.139 [JavaFX Application Thread] DEBUG Input                - Clearing active input actions
18:10:47.147 [JavaFX Application Thread] DEBUG GameApplicationServi - Removing overlay from MyMenu and adding to EscenaSeleccion
18:10:47.152 [JavaFX Application Thread] DEBUG PrimaryStageWindow   - MyMenu -> EscenaSeleccion
18:10:48.176 [JavaFX Application Thread] DEBUG FXGLAssetLoaderServi - Loading from file system: file:/C:/Users/Dannieris/Desktop/Nueva%20carpeta%20(4)/ForkProyecto/target/classes/assets/sounds/key.wav
18:10:48.849 [FXGL Background Thread 3 ] DEBUG Engine               - Logging environment variables
18:10:48.851 [FXGL Background Thread 3 ] DEBUG Engine               - achievements: []
18:10:48.852 [FXGL Background Thread 3 ] DEBUG Engine               - actualHeight: 912.0
18:10:48.852 [FXGL Background Thread 3 ] DEBUG Engine               - actualHeightProperty: ReadOnlyDoubleProperty [value: 912.0]
18:10:48.852 [FXGL Background Thread 3 ] DEBUG Engine               - actualWidth: 1343.0
18:10:48.852 [FXGL Background Thread 3 ] DEBUG Engine               - actualWidthProperty: ReadOnlyDoubleProperty [value: 1343.0]
18:10:48.852 [FXGL Background Thread 3 ] DEBUG Engine               - appIcon: fxgl_icon.png
18:10:48.853 [FXGL Background Thread 3 ] DEBUG Engine               - applicationMode: DEVELOPER
18:10:48.853 [FXGL Background Thread 3 ] DEBUG Engine               - cSSList: [fxgl_dark.css]
18:10:48.853 [FXGL Background Thread 3 ] DEBUG Engine               - collisionDetectionStrategy: BRUTE_FORCE
18:10:48.853 [FXGL Background Thread 3 ] DEBUG Engine               - configClass: Optional.empty
18:10:48.853 [FXGL Background Thread 3 ] DEBUG Engine               - credits: []
18:10:48.854 [FXGL Background Thread 3 ] DEBUG Engine               - defaultCursor: CursorInfo(imageName=cursor.png, hotspotX=0.0, hotspotY=0.0)
18:10:48.854 [FXGL Background Thread 3 ] DEBUG Engine               - devBBoxColorProperty: ObjectProperty [value: 0xff0000ff]
18:10:48.854 [FXGL Background Thread 3 ] DEBUG Engine               - devEnableDebugCameraProperty: BooleanProperty [value: false]
18:10:48.855 [FXGL Background Thread 3 ] DEBUG Engine               - devSensorColorProperty: ObjectProperty [value: 0xffff00ff]
18:10:48.855 [FXGL Background Thread 3 ] DEBUG Engine               - devShowBBoxProperty: BooleanProperty [value: false]
18:10:48.855 [FXGL Background Thread 3 ] DEBUG Engine               - devShowPositionProperty: BooleanProperty [value: false]
18:10:48.855 [FXGL Background Thread 3 ] DEBUG Engine               - enabledMenuItems: []
18:10:48.855 [FXGL Background Thread 3 ] DEBUG Engine               - engineServices: [class com.almasb.fxgl.app.services.FXGLAssetLoaderService, class com.almasb.fxgl.app.FXGLApplication$GameApplicationService, class com.almasb.fxgl.app.services.FXGLDialogService, class com.almasb.fxgl.app.services.IOTaskExecutorService, class com.almasb.fxgl.io.FileSystemService, class com.almasb.fxgl.localization.LocalizationService, class com.almasb.fxgl.app.services.SystemBundleService, class com.almasb.fxgl.profile.SaveLoadService, class com.almasb.fxgl.ui.FXGLUIFactoryServiceProvider, class com.almasb.fxgl.ui.FXGLDialogFactoryServiceProvider, class com.almasb.fxgl.audio.AudioPlayer, class com.almasb.fxgl.notification.impl.NotificationServiceProvider, class com.almasb.fxgl.achievement.AchievementService, class com.almasb.fxgl.cutscene.CutsceneService, class com.almasb.fxgl.minigames.MiniGameService, class com.almasb.fxgl.net.NetService, class com.almasb.fxgl.app.services.UpdaterService, class com.almasb.fxgl.dev.DevService]
18:10:48.856 [FXGL Background Thread 3 ] DEBUG Engine               - fontGame: Abel-Regular.ttf
18:10:48.857 [FXGL Background Thread 3 ] DEBUG Engine               - fontMono: TerminalLandMono-Regular.otf
18:10:48.857 [FXGL Background Thread 3 ] DEBUG Engine               - fontSizeScaleUI: 1.0
18:10:48.857 [FXGL Background Thread 3 ] DEBUG Engine               - fontText: Courier-Prime.ttf
18:10:48.857 [FXGL Background Thread 3 ] DEBUG Engine               - fontUI: VarelaRound-Regular.ttf
18:10:48.857 [FXGL Background Thread 3 ] DEBUG Engine               - fullScreen: BooleanProperty [value: false]
18:10:48.857 [FXGL Background Thread 3 ] DEBUG Engine               - gameDifficulty: MEDIUM
18:10:48.857 [FXGL Background Thread 3 ] DEBUG Engine               - gameDifficultyProperty: ObjectProperty [value: MEDIUM]
18:10:48.857 [FXGL Background Thread 3 ] DEBUG Engine               - globalMusicVolume: 0.5
18:10:48.858 [FXGL Background Thread 3 ] DEBUG Engine               - globalMusicVolumeProperty: DoubleProperty [value: 0.5]
18:10:48.858 [FXGL Background Thread 3 ] DEBUG Engine               - globalSoundVolume: 0.5
18:10:48.858 [FXGL Background Thread 3 ] DEBUG Engine               - globalSoundVolumeProperty: DoubleProperty [value: 0.5]
18:10:48.858 [FXGL Background Thread 3 ] DEBUG Engine               - height: 1024
18:10:48.858 [FXGL Background Thread 3 ] DEBUG Engine               - is3D: false
18:10:48.859 [FXGL Background Thread 3 ] DEBUG Engine               - isAndroid: false
18:10:48.860 [FXGL Background Thread 3 ] DEBUG Engine               - isBrowser: false
18:10:48.860 [FXGL Background Thread 3 ] DEBUG Engine               - isClickFeedbackEnabled: false
18:10:48.860 [FXGL Background Thread 3 ] DEBUG Engine               - isCloseConfirmation: false
18:10:48.860 [FXGL Background Thread 3 ] DEBUG Engine               - isDesktop: true
18:10:48.860 [FXGL Background Thread 3 ] DEBUG Engine               - isDeveloperMenuEnabled: true
18:10:48.861 [FXGL Background Thread 3 ] DEBUG Engine               - isEmbedded: false
18:10:48.861 [FXGL Background Thread 3 ] DEBUG Engine               - isEntityPreloadEnabled: true
18:10:48.861 [FXGL Background Thread 3 ] DEBUG Engine               - isExperimentalTiledLargeMap: false
18:10:48.861 [FXGL Background Thread 3 ] DEBUG Engine               - isFileSystemWriteAllowed: true
18:10:48.861 [FXGL Background Thread 3 ] DEBUG Engine               - isFullScreenAllowed: false
18:10:48.862 [FXGL Background Thread 3 ] DEBUG Engine               - isFullScreenFromStart: false
18:10:48.862 [FXGL Background Thread 3 ] DEBUG Engine               - isGameMenuEnabled: true
18:10:48.862 [FXGL Background Thread 3 ] DEBUG Engine               - isIOS: false
18:10:48.862 [FXGL Background Thread 3 ] DEBUG Engine               - isIntroEnabled: false
18:10:48.862 [FXGL Background Thread 3 ] DEBUG Engine               - isLinux: false
18:10:48.862 [FXGL Background Thread 3 ] DEBUG Engine               - isMac: false
18:10:48.866 [FXGL Background Thread 3 ] DEBUG Engine               - isMainMenuEnabled: true
18:10:48.868 [FXGL Background Thread 3 ] DEBUG Engine               - isManualResizeEnabled: false
18:10:48.868 [FXGL Background Thread 3 ] DEBUG Engine               - isMobile: false
18:10:48.868 [FXGL Background Thread 3 ] DEBUG Engine               - isNative: false
18:10:48.869 [FXGL Background Thread 3 ] DEBUG Engine               - isPauseMusicWhenMinimized: true
18:10:48.869 [FXGL Background Thread 3 ] DEBUG Engine               - isPreserveResizeRatio: false
18:10:48.869 [FXGL Background Thread 3 ] DEBUG Engine               - isProfilingEnabled: false
18:10:48.869 [FXGL Background Thread 3 ] DEBUG Engine               - isScaleAffectedOnResize: true
18:10:48.869 [FXGL Background Thread 3 ] DEBUG Engine               - isSingleStep: false
18:10:48.869 [FXGL Background Thread 3 ] DEBUG Engine               - isUserProfileEnabled: false
18:10:48.869 [FXGL Background Thread 3 ] DEBUG Engine               - isWindows: true
18:10:48.869 [FXGL Background Thread 3 ] DEBUG Engine               - language: ObjectProperty [value: ENGLISH]
18:10:48.869 [FXGL Background Thread 3 ] DEBUG Engine               - menuKey: ESCAPE
18:10:48.869 [FXGL Background Thread 3 ] DEBUG Engine               - mouseSensitivity: 0.2
18:10:48.870 [FXGL Background Thread 3 ] DEBUG Engine               - notificationViewClass: class com.almasb.fxgl.notification.view.XboxNotificationView
18:10:48.870 [FXGL Background Thread 3 ] DEBUG Engine               - pixelsPerMeter: 50.0
18:10:48.870 [FXGL Background Thread 3 ] DEBUG Engine               - platform: WINDOWS
18:10:48.870 [FXGL Background Thread 3 ] DEBUG Engine               - prefHeightProperty: ReadOnlyDoubleProperty [value: 1024.0]
18:10:48.870 [FXGL Background Thread 3 ] DEBUG Engine               - prefWidthProperty: ReadOnlyDoubleProperty [value: 1536.0]
18:10:48.870 [FXGL Background Thread 3 ] DEBUG Engine               - profileDir: profiles/
18:10:48.870 [FXGL Background Thread 3 ] DEBUG Engine               - profileName: StringProperty [value: DEFAULT]
18:10:48.870 [FXGL Background Thread 3 ] DEBUG Engine               - randomSeed: -1
18:10:48.870 [FXGL Background Thread 3 ] DEBUG Engine               - runtimeInfo: RuntimeInfo(platform=WINDOWS, version=17.3, build=30.03.2023 11.49)
18:10:48.870 [FXGL Background Thread 3 ] DEBUG Engine               - saveFileExt: sav
18:10:48.870 [FXGL Background Thread 3 ] DEBUG Engine               - scaledHeightProp$fxgl: DoubleProperty [bound, value: 912.0]
18:10:48.871 [FXGL Background Thread 3 ] DEBUG Engine               - scaledWidthProp$fxgl: DoubleProperty [bound, value: 1343.0]
18:10:48.871 [FXGL Background Thread 3 ] DEBUG Engine               - sceneFactory: App.Game.GameApp$1@20d5e147
18:10:48.871 [FXGL Background Thread 3 ] DEBUG Engine               - secondsIn24h: 60
18:10:48.871 [FXGL Background Thread 3 ] DEBUG Engine               - soundMenuBack: menu/back.wav
18:10:48.871 [FXGL Background Thread 3 ] DEBUG Engine               - soundMenuPress: menu/press.wav
18:10:48.871 [FXGL Background Thread 3 ] DEBUG Engine               - soundMenuSelect: menu/select.wav
18:10:48.871 [FXGL Background Thread 3 ] DEBUG Engine               - soundNotification: core/notification.wav
18:10:48.871 [FXGL Background Thread 3 ] DEBUG Engine               - stageStyle: DECORATED
18:10:48.871 [FXGL Background Thread 3 ] DEBUG Engine               - supportedLanguages: [ENGLISH, FRENCH, GERMAN, HUNGARIAN, RUSSIAN]
18:10:48.871 [FXGL Background Thread 3 ] DEBUG Engine               - ticksPerSecond: -1
18:10:48.871 [FXGL Background Thread 3 ] DEBUG Engine               - title: Eclipsis: el legado de la nave abandonada(BetaVer)
18:10:48.871 [FXGL Background Thread 3 ] DEBUG Engine               - urlGithub: https://github.com/AlmasB/FXGL
18:10:48.871 [FXGL Background Thread 3 ] DEBUG Engine               - urlLeaderboard: http://fxgl-top.herokuapp.com/
18:10:48.871 [FXGL Background Thread 3 ] DEBUG Engine               - urlPOM: https://raw.githubusercontent.com/AlmasB/FXGL/release/README.md
18:10:48.871 [FXGL Background Thread 3 ] DEBUG Engine               - userAppClass: class App.Game.GameApp
18:10:48.871 [FXGL Background Thread 3 ] DEBUG Engine               - version: 0.0
18:10:48.873 [FXGL Background Thread 3 ] DEBUG Engine               - versionCheckDays: 7
18:10:48.873 [FXGL Background Thread 3 ] DEBUG Engine               - width: 1536
18:10:48.873 [FXGL Background Thread 3 ] DEBUG Engine               - Logging services
18:10:48.873 [FXGL Background Thread 3 ] DEBUG Engine               - class com.almasb.fxgl.app.services.FXGLAssetLoaderService
18:10:48.873 [FXGL Background Thread 3 ] DEBUG Engine               - class com.almasb.fxgl.app.FXGLApplication$GameApplicationService
18:10:48.873 [FXGL Background Thread 3 ] DEBUG Engine               - class com.almasb.fxgl.app.services.FXGLDialogService
18:10:48.873 [FXGL Background Thread 3 ] DEBUG Engine               - class com.almasb.fxgl.app.services.IOTaskExecutorService
18:10:48.873 [FXGL Background Thread 3 ] DEBUG Engine               - class com.almasb.fxgl.io.FileSystemService
18:10:48.873 [FXGL Background Thread 3 ] DEBUG Engine               - class com.almasb.fxgl.localization.LocalizationService
18:10:48.873 [FXGL Background Thread 3 ] DEBUG Engine               - class com.almasb.fxgl.app.services.SystemBundleService
18:10:48.873 [FXGL Background Thread 3 ] DEBUG Engine               - class com.almasb.fxgl.profile.SaveLoadService
18:10:48.873 [FXGL Background Thread 3 ] DEBUG Engine               - class com.almasb.fxgl.ui.FXGLUIFactoryServiceProvider
18:10:48.873 [FXGL Background Thread 3 ] DEBUG Engine               - class com.almasb.fxgl.ui.FXGLDialogFactoryServiceProvider
18:10:48.873 [FXGL Background Thread 3 ] DEBUG Engine               - class com.almasb.fxgl.audio.AudioPlayer
18:10:48.873 [FXGL Background Thread 3 ] DEBUG Engine               - class com.almasb.fxgl.notification.impl.NotificationServiceProvider
18:10:48.873 [FXGL Background Thread 3 ] DEBUG Engine               - class com.almasb.fxgl.achievement.AchievementService
18:10:48.873 [FXGL Background Thread 3 ] DEBUG Engine               - class com.almasb.fxgl.cutscene.CutsceneService
18:10:48.873 [FXGL Background Thread 3 ] DEBUG Engine               - class com.almasb.fxgl.minigames.MiniGameService
18:10:48.875 [FXGL Background Thread 3 ] DEBUG Engine               - class com.almasb.fxgl.net.NetService
18:10:48.875 [FXGL Background Thread 3 ] DEBUG Engine               - class com.almasb.fxgl.app.services.UpdaterService
18:10:48.876 [FXGL Background Thread 3 ] DEBUG Engine               - class com.almasb.fxgl.dev.DevService
18:10:49.207 [JavaFX Application Thread] DEBUG GameApplicationServi - Starting new game
18:10:49.208 [JavaFX Application Thread] DEBUG PrimaryStageWindow   - Pop state: EscenaSeleccion
18:10:49.208 [JavaFX Application Thread] DEBUG Input                - Clearing active input actions
18:10:49.209 [JavaFX Application Thread] DEBUG GameApplicationServi - Removing overlay from EscenaSeleccion and adding to MyMenu
18:10:49.211 [JavaFX Application Thread] DEBUG PrimaryStageWindow   - MyMenu <- EscenaSeleccion
18:10:49.211 [JavaFX Application Thread] DEBUG PrimaryStageWindow   - Pop state: MyMenu
18:10:49.212 [JavaFX Application Thread] DEBUG Input                - Clearing active input actions
18:10:49.212 [JavaFX Application Thread] DEBUG GameApplicationServi - Removing overlay from MyMenu and adding to FXGLMainMenuDummyScene
18:10:49.212 [JavaFX Application Thread] DEBUG PrimaryStageWindow   - FXGLMainMenuDummyScene <- MyMenu
18:10:49.212 [JavaFX Application Thread] DEBUG Input                - Clearing active input actions
18:10:49.216 [JavaFX Application Thread] DEBUG GameApplicationServi - Removing overlay from FXGLMainMenuDummyScene and adding to FXGLLoadingScene
18:10:49.221 [JavaFX Application Thread] DEBUG PrimaryStageWindow   - FXGLMainMenuDummyScene -> FXGLLoadingScene
18:10:49.222 [JavaFX Application Thread] DEBUG GameApplicationServi - Clearing previous game
18:10:49.222 [JavaFX Application Thread] DEBUG GameScene            - Clearing game scene
18:10:49.222 [JavaFX Application Thread] DEBUG GameWorld            - Clearing game world
18:10:49.222 [JavaFX Application Thread] DEBUG PhysicsWorld         - Clearing physics world
18:10:49.223 [FXGL Background Thread 2 ] DEBUG FXGLApplication      - Initializing game
18:10:49.418 [FXGL Background Thread 2 ] DEBUG AudioPlayer          - Stopping music com.almasb.fxgl.audio.Music@4331aad1
18:10:49.420 [FXGL Background Thread 2 ] DEBUG FXGLAssetLoaderServi - Loading from file system: file:/C:/Users/Dannieris/Desktop/Nueva%20carpeta%20(4)/ForkProyecto/target/classes/assets/music/loading.wav
18:10:49.427 [FXGL Background Thread 2 ] DEBUG AudioPlayer          - Playing music com.almasb.fxgl.audio.Music@3ea17682
18:10:49.428 [FXGL Background Thread 2 ] DEBUG FXGLAssetLoaderServi - Loading from file system: file:/C:/Users/Dannieris/Desktop/Nueva%20carpeta%20(4)/ForkProyecto/target/classes/assets/textures/nivel1Texto.png
18:10:49.498 [FXGL Background Thread 2 ] WARN  TMXLevelLoader       - TiledMap generated from 1.11.2. Supported version: 1.9.0. Some features may not be parsed fully.
18:10:49.527 [FXGL Background Thread 2 ] DEBUG TMXLevelLoader       - Parsed TiledMap: file:/C:/Users/Dannieris/Desktop/Nueva%20carpeta%20(4)/ForkProyecto/target/classes/assets/levels/level_01.tmx
18:10:49.528 [FXGL Background Thread 2 ] DEBUG TMXLevelLoader       - Creating tile layer entities
18:10:49.530 [FXGL Background Thread 2 ] DEBUG TilesetLoader        - Loading view for layer Capa de patrones 1
18:10:49.535 [FXGL Background Thread 2 ] DEBUG TilesetLoader        - Created buffer with size 2000.0x1500.0
18:10:49.581 [FXGL Background Thread 2 ] WARN  TilesetLoader        - Diagonally flipped tiles are not currently supported
18:10:49.582 [FXGL Background Thread 2 ] WARN  TilesetLoader        - Diagonally flipped tiles are not currently supported
18:10:49.584 [FXGL Background Thread 2 ] WARN  TilesetLoader        - Diagonally flipped tiles are not currently supported
18:10:49.591 [FXGL Background Thread 2 ] WARN  TilesetLoader        - Diagonally flipped tiles are not currently supported
18:10:49.608 [FXGL Background Thread 2 ] WARN  TilesetLoader        - Diagonally flipped tiles are not currently supported
18:10:49.610 [FXGL Background Thread 2 ] WARN  TilesetLoader        - Diagonally flipped tiles are not currently supported
18:10:49.613 [FXGL Background Thread 2 ] WARN  TilesetLoader        - Diagonally flipped tiles are not currently supported
18:10:49.615 [FXGL Background Thread 2 ] WARN  TilesetLoader        - Diagonally flipped tiles are not currently supported
18:10:49.617 [FXGL Background Thread 2 ] WARN  TilesetLoader        - Diagonally flipped tiles are not currently supported
18:10:49.623 [FXGL Background Thread 2 ] WARN  TilesetLoader        - Diagonally flipped tiles are not currently supported
18:10:49.625 [FXGL Background Thread 2 ] DEBUG TilesetLoader        - Loading view for layer Capa de Decoracion
18:10:49.639 [FXGL Background Thread 2 ] DEBUG TilesetLoader        - Created buffer with size 2000.0x1500.0
18:10:49.681 [FXGL Background Thread 2 ] WARN  TilesetLoader        - Diagonally flipped tiles are not currently supported
18:10:49.682 [FXGL Background Thread 2 ] WARN  TilesetLoader        - Diagonally flipped tiles are not currently supported
18:10:49.738 [FXGL Background Thread 2 ] WARN  TilesetLoader        - Diagonally flipped tiles are not currently supported
18:10:49.739 [FXGL Background Thread 2 ] WARN  TilesetLoader        - Diagonally flipped tiles are not currently supported
18:10:49.742 [FXGL Background Thread 2 ] WARN  TilesetLoader        - Diagonally flipped tiles are not currently supported
18:10:49.743 [FXGL Background Thread 2 ] WARN  TilesetLoader        - Diagonally flipped tiles are not currently supported
18:10:49.743 [FXGL Background Thread 2 ] WARN  TilesetLoader        - Diagonally flipped tiles are not currently supported
18:10:49.744 [FXGL Background Thread 2 ] WARN  TilesetLoader        - Diagonally flipped tiles are not currently supported
18:10:49.745 [FXGL Background Thread 2 ] WARN  TilesetLoader        - Diagonally flipped tiles are not currently supported
18:10:49.745 [FXGL Background Thread 2 ] WARN  TilesetLoader        - Diagonally flipped tiles are not currently supported
18:10:49.750 [FXGL Background Thread 2 ] DEBUG TMXLevelLoader       - Creating object layer entities
18:10:49.786 [FXGL Background Thread 2 ] DEBUG GameWorld            - Clearing removable entities
18:10:49.823 [FXGL Background Thread 2 ] DEBUG GameWorld            - Setting level: com.almasb.fxgl.entity.level.Level@733b4533
18:10:49.851 [FXGL Background Thread 2 ] DEBUG FXGLAssetLoaderServi - Loading from file system: file:/C:/Users/Dannieris/Desktop/Nueva%20carpeta%20(4)/ForkProyecto/target/classes/assets/textures/bossatack_basic.png
18:10:49.859 [FXGL Background Thread 2 ] DEBUG FXGLAssetLoaderServi - Loading from file system: file:/C:/Users/Dannieris/Desktop/Nueva%20carpeta%20(4)/ForkProyecto/target/classes/assets/textures/bossidle.png
18:10:49.861 [FXGL Background Thread 2 ] WARN  FXGLAssetLoaderServi - Asset "/assets/textures/bosscaminando.png" was not found!
18:10:49.861 [FXGL Background Thread 2 ] WARN  FXGLAssetLoaderServi - Failed to load IMAGE
18:10:49.893 [FXGL Background Thread 2 ] WARN  FXGLAssetLoaderServi - Asset "/assets/textures/bossadelante.png" was not found!
18:10:49.893 [FXGL Background Thread 2 ] WARN  FXGLAssetLoaderServi - Failed to load IMAGE
18:10:49.893 [FXGL Background Thread 2 ] WARN  FXGLAssetLoaderServi - Asset "/assets/textures/bossatras.png" was not found!
18:10:49.894 [FXGL Background Thread 2 ] WARN  FXGLAssetLoaderServi - Failed to load IMAGE
18:10:49.894 [FXGL Background Thread 2 ] WARN  FXGLAssetLoaderServi - Asset "/assets/textures/bossdeat.png" was not found!
18:10:49.894 [FXGL Background Thread 2 ] WARN  FXGLAssetLoaderServi - Failed to load IMAGE
18:10:49.909 [FXGL Background Thread 2 ] WARN  GameWorld            - Entity is already attached to world
18:10:49.910 [FXGL Background Thread 2 ] DEBUG FXGLAssetLoaderServi - Loading from file system: file:/C:/Users/Dannieris/Desktop/Nueva%20carpeta%20(4)/ForkProyecto/target/classes/assets/textures/tankeitem.png
18:10:49.911 [FXGL Background Thread 2 ] WARN  FXGLAssetLoaderServi - Asset "/assets/textures/tankedisabled.png" was not found!
18:10:49.912 [FXGL Background Thread 2 ] WARN  FXGLAssetLoaderServi - Failed to load IMAGE
18:10:49.912 [FXGL Background Thread 2 ] WARN  GameWorld            - Entity is already attached to world
18:10:49.913 [FXGL Background Thread 2 ] WARN  FXGLAssetLoaderServi - Asset "/assets/textures/tankedisabled.png" was not found!
18:10:49.913 [FXGL Background Thread 2 ] WARN  FXGLAssetLoaderServi - Failed to load IMAGE
18:10:49.914 [FXGL Background Thread 2 ] WARN  GameWorld            - Entity is already attached to world
18:10:49.915 [FXGL Background Thread 2 ] DEBUG FXGLAssetLoaderServi - Loading from file system: file:/C:/Users/Dannieris/Desktop/Nueva%20carpeta%20(4)/ForkProyecto/target/classes/assets/textures/exploreatack_basic.png
18:10:49.920 [FXGL Background Thread 2 ] DEBUG FXGLAssetLoaderServi - Loading from file system: file:/C:/Users/Dannieris/Desktop/Nueva%20carpeta%20(4)/ForkProyecto/target/classes/assets/textures/exploreidle.png
18:10:49.923 [FXGL Background Thread 2 ] WARN  FXGLAssetLoaderServi - Asset "/assets/textures/explorecaminando.png" was not found!
18:10:49.923 [FXGL Background Thread 2 ] WARN  FXGLAssetLoaderServi - Failed to load IMAGE
18:10:49.923 [FXGL Background Thread 2 ] WARN  FXGLAssetLoaderServi - Asset "/assets/textures/exploreadelante.png" was not found!
18:10:49.923 [FXGL Background Thread 2 ] WARN  FXGLAssetLoaderServi - Failed to load IMAGE
18:10:49.923 [FXGL Background Thread 2 ] WARN  FXGLAssetLoaderServi - Asset "/assets/textures/exploreatras.png" was not found!
18:10:49.923 [FXGL Background Thread 2 ] WARN  FXGLAssetLoaderServi - Failed to load IMAGE
18:10:49.924 [FXGL Background Thread 2 ] DEBUG FXGLAssetLoaderServi - Loading from file system: file:/C:/Users/Dannieris/Desktop/Nueva%20carpeta%20(4)/ForkProyecto/target/classes/assets/textures/exploredeat.png
18:10:49.925 [FXGL Background Thread 2 ] WARN  GameWorld            - Entity is already attached to world
18:10:49.926 [FXGL Background Thread 2 ] WARN  FXGLAssetLoaderServi - Asset "/assets/textures/explorecaminando.png" was not found!
18:10:49.926 [FXGL Background Thread 2 ] WARN  FXGLAssetLoaderServi - Failed to load IMAGE
18:10:49.927 [FXGL Background Thread 2 ] WARN  FXGLAssetLoaderServi - Asset "/assets/textures/exploreadelante.png" was not found!
18:10:49.927 [FXGL Background Thread 2 ] WARN  FXGLAssetLoaderServi - Failed to load IMAGE
18:10:49.927 [FXGL Background Thread 2 ] WARN  FXGLAssetLoaderServi - Asset "/assets/textures/exploreatras.png" was not found!
18:10:49.927 [FXGL Background Thread 2 ] WARN  FXGLAssetLoaderServi - Failed to load IMAGE
18:10:49.928 [FXGL Background Thread 2 ] WARN  GameWorld            - Entity is already attached to world
18:10:49.928 [FXGL Background Thread 2 ] DEBUG FXGLAssetLoaderServi - Loading from file system: file:/C:/Users/Dannieris/Desktop/Nueva%20carpeta%20(4)/ForkProyecto/target/classes/assets/textures/droidatack_basic.png
18:10:49.932 [FXGL Background Thread 2 ] DEBUG FXGLAssetLoaderServi - Loading from file system: file:/C:/Users/Dannieris/Desktop/Nueva%20carpeta%20(4)/ForkProyecto/target/classes/assets/textures/droididle.png
18:10:49.934 [FXGL Background Thread 2 ] WARN  FXGLAssetLoaderServi - Asset "/assets/textures/droidcaminando.png" was not found!
18:10:49.935 [FXGL Background Thread 2 ] WARN  FXGLAssetLoaderServi - Failed to load IMAGE
18:10:49.935 [FXGL Background Thread 2 ] WARN  FXGLAssetLoaderServi - Asset "/assets/textures/droidadelante.png" was not found!
18:10:49.935 [FXGL Background Thread 2 ] WARN  FXGLAssetLoaderServi - Failed to load IMAGE
18:10:49.936 [FXGL Background Thread 2 ] WARN  FXGLAssetLoaderServi - Asset "/assets/textures/droidatras.png" was not found!
18:10:49.936 [FXGL Background Thread 2 ] WARN  FXGLAssetLoaderServi - Failed to load IMAGE
18:10:49.937 [FXGL Background Thread 2 ] DEBUG FXGLAssetLoaderServi - Loading from file system: file:/C:/Users/Dannieris/Desktop/Nueva%20carpeta%20(4)/ForkProyecto/target/classes/assets/textures/droiddeat.png
18:10:49.941 [FXGL Background Thread 2 ] WARN  GameWorld            - Entity is already attached to world
18:10:49.944 [FXGL Background Thread 2 ] WARN  FXGLAssetLoaderServi - Asset "/assets/textures/droidcaminando.png" was not found!
18:10:49.944 [FXGL Background Thread 2 ] WARN  FXGLAssetLoaderServi - Failed to load IMAGE
18:10:49.944 [FXGL Background Thread 2 ] WARN  FXGLAssetLoaderServi - Asset "/assets/textures/droidadelante.png" was not found!
18:10:49.944 [FXGL Background Thread 2 ] WARN  FXGLAssetLoaderServi - Failed to load IMAGE
18:10:49.944 [FXGL Background Thread 2 ] WARN  FXGLAssetLoaderServi - Asset "/assets/textures/droidatras.png" was not found!
18:10:49.945 [FXGL Background Thread 2 ] WARN  FXGLAssetLoaderServi - Failed to load IMAGE
18:10:49.946 [FXGL Background Thread 2 ] WARN  GameWorld            - Entity is already attached to world
18:10:49.947 [FXGL Background Thread 2 ] DEBUG FXGLAssetLoaderServi - Loading from file system: file:/C:/Users/Dannieris/Desktop/Nueva%20carpeta%20(4)/ForkProyecto/target/classes/assets/textures/droid2atack_basic.png
18:10:49.953 [FXGL Background Thread 2 ] DEBUG FXGLAssetLoaderServi - Loading from file system: file:/C:/Users/Dannieris/Desktop/Nueva%20carpeta%20(4)/ForkProyecto/target/classes/assets/textures/droid2idle.png
18:10:49.959 [FXGL Background Thread 2 ] WARN  FXGLAssetLoaderServi - Asset "/assets/textures/droid2caminando.png" was not found!
18:10:49.959 [FXGL Background Thread 2 ] WARN  FXGLAssetLoaderServi - Failed to load IMAGE
18:10:49.960 [FXGL Background Thread 2 ] WARN  FXGLAssetLoaderServi - Asset "/assets/textures/droid2adelante.png" was not found!
18:10:49.960 [FXGL Background Thread 2 ] WARN  FXGLAssetLoaderServi - Failed to load IMAGE
18:10:49.960 [FXGL Background Thread 2 ] WARN  FXGLAssetLoaderServi - Asset "/assets/textures/droid2atras.png" was not found!
18:10:49.960 [FXGL Background Thread 2 ] WARN  FXGLAssetLoaderServi - Failed to load IMAGE
18:10:49.961 [FXGL Background Thread 2 ] DEBUG FXGLAssetLoaderServi - Loading from file system: file:/C:/Users/Dannieris/Desktop/Nueva%20carpeta%20(4)/ForkProyecto/target/classes/assets/textures/droid2deat.png
18:10:49.966 [FXGL Background Thread 2 ] WARN  GameWorld            - Entity is already attached to world
18:10:49.968 [FXGL Background Thread 2 ] WARN  FXGLAssetLoaderServi - Asset "/assets/textures/droid2caminando.png" was not found!
18:10:49.969 [FXGL Background Thread 2 ] WARN  FXGLAssetLoaderServi - Failed to load IMAGE
18:10:49.970 [FXGL Background Thread 2 ] WARN  FXGLAssetLoaderServi - Asset "/assets/textures/droid2adelante.png" was not found!
18:10:49.970 [FXGL Background Thread 2 ] WARN  FXGLAssetLoaderServi - Failed to load IMAGE
18:10:49.971 [FXGL Background Thread 2 ] WARN  FXGLAssetLoaderServi - Asset "/assets/textures/droid2atras.png" was not found!
18:10:49.971 [FXGL Background Thread 2 ] WARN  FXGLAssetLoaderServi - Failed to load IMAGE
18:10:49.974 [FXGL Background Thread 2 ] WARN  GameWorld            - Entity is already attached to world
18:10:49.976 [FXGL Background Thread 2 ] WARN  FXGLAssetLoaderServi - Asset "/assets/textures/droid2caminando.png" was not found!
18:10:49.976 [FXGL Background Thread 2 ] WARN  FXGLAssetLoaderServi - Failed to load IMAGE
18:10:49.978 [FXGL Background Thread 2 ] WARN  FXGLAssetLoaderServi - Asset "/assets/textures/droid2adelante.png" was not found!
18:10:49.978 [FXGL Background Thread 2 ] WARN  FXGLAssetLoaderServi - Failed to load IMAGE
18:10:49.979 [FXGL Background Thread 2 ] WARN  FXGLAssetLoaderServi - Asset "/assets/textures/droid2atras.png" was not found!
18:10:49.979 [FXGL Background Thread 2 ] WARN  FXGLAssetLoaderServi - Failed to load IMAGE
18:10:49.981 [FXGL Background Thread 2 ] WARN  GameWorld            - Entity is already attached to world
18:10:49.990 [FXGL Background Thread 2 ] DEBUG FXGLAssetLoaderServi - Loading from file system: file:/C:/Users/Dannieris/Desktop/Nueva%20carpeta%20(4)/ForkProyecto/target/classes/assets/textures/droid3atack_basic.png
18:10:49.998 [FXGL Background Thread 2 ] DEBUG FXGLAssetLoaderServi - Loading from file system: file:/C:/Users/Dannieris/Desktop/Nueva%20carpeta%20(4)/ForkProyecto/target/classes/assets/textures/droid3idle.png
18:10:50.001 [FXGL Background Thread 2 ] WARN  FXGLAssetLoaderServi - Asset "/assets/textures/droid3caminando.png" was not found!
18:10:50.002 [FXGL Background Thread 2 ] WARN  FXGLAssetLoaderServi - Failed to load IMAGE
18:10:50.002 [FXGL Background Thread 2 ] WARN  FXGLAssetLoaderServi - Asset "/assets/textures/droid3adelante.png" was not found!
18:10:50.002 [FXGL Background Thread 2 ] WARN  FXGLAssetLoaderServi - Failed to load IMAGE
18:10:50.003 [FXGL Background Thread 2 ] WARN  FXGLAssetLoaderServi - Asset "/assets/textures/droid3atras.png" was not found!
18:10:50.003 [FXGL Background Thread 2 ] WARN  FXGLAssetLoaderServi - Failed to load IMAGE
18:10:50.003 [FXGL Background Thread 2 ] DEBUG FXGLAssetLoaderServi - Loading from file system: file:/C:/Users/Dannieris/Desktop/Nueva%20carpeta%20(4)/ForkProyecto/target/classes/assets/textures/droid3deat.png
18:10:50.016 [FXGL Background Thread 2 ] WARN  GameWorld            - Entity is already attached to world
18:10:50.021 [FXGL Background Thread 2 ] WARN  FXGLAssetLoaderServi - Asset "/assets/textures/droid3caminando.png" was not found!
18:10:50.021 [FXGL Background Thread 2 ] WARN  FXGLAssetLoaderServi - Failed to load IMAGE
18:10:50.021 [FXGL Background Thread 2 ] WARN  FXGLAssetLoaderServi - Asset "/assets/textures/droid3adelante.png" was not found!
18:10:50.023 [FXGL Background Thread 2 ] WARN  FXGLAssetLoaderServi - Failed to load IMAGE
18:10:50.023 [FXGL Background Thread 2 ] WARN  FXGLAssetLoaderServi - Asset "/assets/textures/droid3atras.png" was not found!
18:10:50.023 [FXGL Background Thread 2 ] WARN  FXGLAssetLoaderServi - Failed to load IMAGE
18:10:50.024 [FXGL Background Thread 2 ] WARN  GameWorld            - Entity is already attached to world
18:10:50.027 [FXGL Background Thread 2 ] DEBUG FXGLAssetLoaderServi - Loading from file system: file:/C:/Users/Dannieris/Desktop/Nueva%20carpeta%20(4)/ForkProyecto/target/classes/assets/textures/patonatack_basic.png
18:10:50.029 [FXGL Background Thread 2 ] DEBUG FXGLAssetLoaderServi - Loading from file system: file:/C:/Users/Dannieris/Desktop/Nueva%20carpeta%20(4)/ForkProyecto/target/classes/assets/textures/patonidle.png
18:10:50.032 [FXGL Background Thread 2 ] WARN  FXGLAssetLoaderServi - Asset "/assets/textures/patoncaminando.png" was not found!
18:10:50.032 [FXGL Background Thread 2 ] WARN  FXGLAssetLoaderServi - Failed to load IMAGE
18:10:50.032 [FXGL Background Thread 2 ] WARN  FXGLAssetLoaderServi - Asset "/assets/textures/patonadelante.png" was not found!
18:10:50.032 [FXGL Background Thread 2 ] WARN  FXGLAssetLoaderServi - Failed to load IMAGE
18:10:50.033 [FXGL Background Thread 2 ] WARN  FXGLAssetLoaderServi - Asset "/assets/textures/patonatras.png" was not found!
18:10:50.033 [FXGL Background Thread 2 ] WARN  FXGLAssetLoaderServi - Failed to load IMAGE
18:10:50.033 [FXGL Background Thread 2 ] DEBUG FXGLAssetLoaderServi - Loading from file system: file:/C:/Users/Dannieris/Desktop/Nueva%20carpeta%20(4)/ForkProyecto/target/classes/assets/textures/patondeat.png
18:10:50.040 [FXGL Background Thread 2 ] WARN  GameWorld            - Entity is already attached to world
18:10:50.042 [FXGL Background Thread 2 ] WARN  FXGLAssetLoaderServi - Asset "/assets/textures/patoncaminando.png" was not found!
18:10:50.042 [FXGL Background Thread 2 ] WARN  FXGLAssetLoaderServi - Failed to load IMAGE
18:10:50.044 [FXGL Background Thread 2 ] WARN  FXGLAssetLoaderServi - Asset "/assets/textures/patonadelante.png" was not found!
18:10:50.044 [FXGL Background Thread 2 ] WARN  FXGLAssetLoaderServi - Failed to load IMAGE
18:10:50.044 [FXGL Background Thread 2 ] WARN  FXGLAssetLoaderServi - Asset "/assets/textures/patonatras.png" was not found!
18:10:50.044 [FXGL Background Thread 2 ] WARN  FXGLAssetLoaderServi - Failed to load IMAGE
18:10:50.045 [FXGL Background Thread 2 ] WARN  GameWorld            - Entity is already attached to world
18:10:50.051 [FXGL Background Thread 2 ] DEBUG FXGLAssetLoaderServi - Loading from file system: file:/C:/Users/Dannieris/Desktop/Nueva%20carpeta%20(4)/ForkProyecto/target/classes/assets/textures/patrullaatack_basic.png
18:10:50.055 [FXGL Background Thread 2 ] DEBUG FXGLAssetLoaderServi - Loading from file system: file:/C:/Users/Dannieris/Desktop/Nueva%20carpeta%20(4)/ForkProyecto/target/classes/assets/textures/patrullaidle.png
18:10:50.060 [FXGL Background Thread 2 ] WARN  FXGLAssetLoaderServi - Asset "/assets/textures/patrullacaminando.png" was not found!
18:10:50.060 [FXGL Background Thread 2 ] WARN  FXGLAssetLoaderServi - Failed to load IMAGE
18:10:50.060 [FXGL Background Thread 2 ] WARN  FXGLAssetLoaderServi - Asset "/assets/textures/patrullaadelante.png" was not found!
18:10:50.060 [FXGL Background Thread 2 ] WARN  FXGLAssetLoaderServi - Failed to load IMAGE
18:10:50.060 [FXGL Background Thread 2 ] WARN  FXGLAssetLoaderServi - Asset "/assets/textures/patrullaatras.png" was not found!
18:10:50.060 [FXGL Background Thread 2 ] WARN  FXGLAssetLoaderServi - Failed to load IMAGE
18:10:50.061 [FXGL Background Thread 2 ] DEBUG FXGLAssetLoaderServi - Loading from file system: file:/C:/Users/Dannieris/Desktop/Nueva%20carpeta%20(4)/ForkProyecto/target/classes/assets/textures/patrulladeat.png
18:10:50.063 [FXGL Background Thread 2 ] WARN  GameWorld            - Entity is already attached to world
18:10:50.064 [FXGL Background Thread 2 ] WARN  FXGLAssetLoaderServi - Asset "/assets/textures/patrullacaminando.png" was not found!
18:10:50.065 [FXGL Background Thread 2 ] WARN  FXGLAssetLoaderServi - Failed to load IMAGE
18:10:50.065 [FXGL Background Thread 2 ] WARN  FXGLAssetLoaderServi - Asset "/assets/textures/patrullaadelante.png" was not found!
18:10:50.065 [FXGL Background Thread 2 ] WARN  FXGLAssetLoaderServi - Failed to load IMAGE
18:10:50.065 [FXGL Background Thread 2 ] WARN  FXGLAssetLoaderServi - Asset "/assets/textures/patrullaatras.png" was not found!
18:10:50.065 [FXGL Background Thread 2 ] WARN  FXGLAssetLoaderServi - Failed to load IMAGE
18:10:50.065 [FXGL Background Thread 2 ] WARN  GameWorld            - Entity is already attached to world
18:10:50.066 [FXGL Background Thread 2 ] WARN  FXGLAssetLoaderServi - Asset "/assets/textures/patrullacaminando.png" was not found!
18:10:50.066 [FXGL Background Thread 2 ] WARN  FXGLAssetLoaderServi - Failed to load IMAGE
18:10:50.066 [FXGL Background Thread 2 ] WARN  FXGLAssetLoaderServi - Asset "/assets/textures/patrullaadelante.png" was not found!
18:10:50.066 [FXGL Background Thread 2 ] WARN  FXGLAssetLoaderServi - Failed to load IMAGE
18:10:50.066 [FXGL Background Thread 2 ] WARN  FXGLAssetLoaderServi - Asset "/assets/textures/patrullaatras.png" was not found!
18:10:50.066 [FXGL Background Thread 2 ] WARN  FXGLAssetLoaderServi - Failed to load IMAGE
18:10:50.067 [FXGL Background Thread 2 ] WARN  GameWorld            - Entity is already attached to world
18:10:50.067 [FXGL Background Thread 2 ] DEBUG FXGLAssetLoaderServi - Loading from file system: file:/C:/Users/Dannieris/Desktop/Nueva%20carpeta%20(4)/ForkProyecto/target/classes/assets/textures/coinitem.png
18:10:50.069 [FXGL Background Thread 2 ] WARN  FXGLAssetLoaderServi - Asset "/assets/textures/coindisabled.png" was not found!
18:10:50.070 [FXGL Background Thread 2 ] WARN  FXGLAssetLoaderServi - Failed to load IMAGE
18:10:50.071 [FXGL Background Thread 2 ] WARN  GameWorld            - Entity is already attached to world
18:10:50.074 [FXGL Background Thread 2 ] WARN  FXGLAssetLoaderServi - Asset "/assets/textures/coindisabled.png" was not found!
18:10:50.076 [FXGL Background Thread 2 ] WARN  FXGLAssetLoaderServi - Failed to load IMAGE
18:10:50.078 [FXGL Background Thread 2 ] WARN  GameWorld            - Entity is already attached to world
18:10:50.079 [FXGL Background Thread 2 ] WARN  FXGLAssetLoaderServi - Asset "/assets/textures/coindisabled.png" was not found!
18:10:50.079 [FXGL Background Thread 2 ] WARN  FXGLAssetLoaderServi - Failed to load IMAGE
18:10:50.080 [FXGL Background Thread 2 ] WARN  GameWorld            - Entity is already attached to world
18:10:50.081 [FXGL Background Thread 2 ] DEBUG FXGLAssetLoaderServi - Loading from file system: file:/C:/Users/Dannieris/Desktop/Nueva%20carpeta%20(4)/ForkProyecto/target/classes/assets/textures/barreraDesactivadaitem.png
18:10:50.089 [FXGL Background Thread 2 ] WARN  FXGLAssetLoaderServi - Asset "/assets/textures/barreraDesactivadadisabled.png" was not found!
18:10:50.090 [FXGL Background Thread 2 ] WARN  FXGLAssetLoaderServi - Failed to load IMAGE
18:10:50.092 [FXGL Background Thread 2 ] WARN  GameWorld            - Entity is already attached to world
18:10:50.095 [FXGL Background Thread 2 ] WARN  FXGLAssetLoaderServi - Asset "/assets/textures/barreraDesactivadadisabled.png" was not found!
18:10:50.095 [FXGL Background Thread 2 ] WARN  FXGLAssetLoaderServi - Failed to load IMAGE
18:10:50.095 [FXGL Background Thread 2 ] WARN  GameWorld            - Entity is already attached to world
18:10:50.096 [FXGL Background Thread 2 ] WARN  FXGLAssetLoaderServi - Asset "/assets/textures/barreraDesactivadadisabled.png" was not found!
18:10:50.097 [FXGL Background Thread 2 ] WARN  FXGLAssetLoaderServi - Failed to load IMAGE
18:10:50.097 [FXGL Background Thread 2 ] WARN  GameWorld            - Entity is already attached to world
18:10:50.098 [FXGL Background Thread 2 ] WARN  FXGLAssetLoaderServi - Asset "/assets/textures/barreraDesactivadadisabled.png" was not found!
18:10:50.098 [FXGL Background Thread 2 ] WARN  FXGLAssetLoaderServi - Failed to load IMAGE
18:10:50.099 [FXGL Background Thread 2 ] WARN  GameWorld            - Entity is already attached to world
18:10:50.101 [FXGL Background Thread 2 ] DEBUG FXGLAssetLoaderServi - Loading from file system: file:/C:/Users/Dannieris/Desktop/Nueva%20carpeta%20(4)/ForkProyecto/target/classes/assets/textures/panelitem.png
18:10:50.106 [FXGL Background Thread 2 ] DEBUG FXGLAssetLoaderServi - Loading from file system: file:/C:/Users/Dannieris/Desktop/Nueva%20carpeta%20(4)/ForkProyecto/target/classes/assets/textures/paneldisabled.png
18:10:50.110 [FXGL Background Thread 2 ] WARN  GameWorld            - Entity is already attached to world
18:10:50.112 [FXGL Background Thread 2 ] WARN  GameWorld            - Entity is already attached to world
18:10:50.112 [FXGL Background Thread 2 ] DEBUG FXGLAssetLoaderServi - Loading from file system: file:/C:/Users/Dannieris/Desktop/Nueva%20carpeta%20(4)/ForkProyecto/target/classes/assets/textures/generatorSpecialPointitem.png
18:10:50.115 [FXGL Background Thread 2 ] WARN  FXGLAssetLoaderServi - Asset "/assets/textures/generatorSpecialPointdisabled.png" was not found!
18:10:50.115 [FXGL Background Thread 2 ] WARN  FXGLAssetLoaderServi - Failed to load IMAGE
18:10:50.115 [FXGL Background Thread 2 ] WARN  GameWorld            - Entity is already attached to world
18:10:50.118 [FXGL Background Thread 2 ] WARN  FXGLAssetLoaderServi - Asset "/assets/textures/generatorSpecialPointdisabled.png" was not found!
18:10:50.118 [FXGL Background Thread 2 ] WARN  FXGLAssetLoaderServi - Failed to load IMAGE
18:10:50.119 [FXGL Background Thread 2 ] WARN  GameWorld            - Entity is already attached to world
18:10:50.120 [FXGL Background Thread 2 ] DEBUG FXGLAssetLoaderServi - Loading from file system: file:/C:/Users/Dannieris/Desktop/Nueva%20carpeta%20(4)/ForkProyecto/target/classes/assets/textures/lifeitem.png
18:10:50.123 [FXGL Background Thread 2 ] WARN  FXGLAssetLoaderServi - Asset "/assets/textures/lifedisabled.png" was not found!
18:10:50.123 [FXGL Background Thread 2 ] WARN  FXGLAssetLoaderServi - Failed to load IMAGE
18:10:50.125 [FXGL Background Thread 2 ] WARN  GameWorld            - Entity is already attached to world
18:10:50.125 [FXGL Background Thread 2 ] WARN  FXGLAssetLoaderServi - Asset "/assets/textures/lifedisabled.png" was not found!
18:10:50.125 [FXGL Background Thread 2 ] WARN  FXGLAssetLoaderServi - Failed to load IMAGE
18:10:50.125 [FXGL Background Thread 2 ] WARN  GameWorld            - Entity is already attached to world
18:10:50.126 [FXGL Background Thread 2 ] DEBUG FXGLAssetLoaderServi - Loading from file system: file:/C:/Users/Dannieris/Desktop/Nueva%20carpeta%20(4)/ForkProyecto/target/classes/assets/textures/atackitem.png
18:10:50.127 [FXGL Background Thread 2 ] WARN  FXGLAssetLoaderServi - Asset "/assets/textures/atackdisabled.png" was not found!
18:10:50.127 [FXGL Background Thread 2 ] WARN  FXGLAssetLoaderServi - Failed to load IMAGE
18:10:50.129 [FXGL Background Thread 2 ] WARN  GameWorld            - Entity is already attached to world
18:10:50.129 [FXGL Background Thread 2 ] WARN  FXGLAssetLoaderServi - Asset "/assets/textures/atackdisabled.png" was not found!
18:10:50.129 [FXGL Background Thread 2 ] WARN  FXGLAssetLoaderServi - Failed to load IMAGE
18:10:50.129 [FXGL Background Thread 2 ] WARN  GameWorld            - Entity is already attached to world
18:10:50.131 [FXGL Background Thread 2 ] DEBUG FXGLAssetLoaderServi - Loading from file system: file:/C:/Users/Dannieris/Desktop/Nueva%20carpeta%20(4)/ForkProyecto/target/classes/assets/textures/cyborgatack_special.png
18:10:50.133 [FXGL Background Thread 2 ] DEBUG FXGLAssetLoaderServi - Loading from file system: file:/C:/Users/Dannieris/Desktop/Nueva%20carpeta%20(4)/ForkProyecto/target/classes/assets/textures/cyborgatack_basic.png
18:10:50.135 [FXGL Background Thread 2 ] DEBUG FXGLAssetLoaderServi - Loading from file system: file:/C:/Users/Dannieris/Desktop/Nueva%20carpeta%20(4)/ForkProyecto/target/classes/assets/textures/cyborgidle.png
18:10:50.139 [FXGL Background Thread 2 ] DEBUG FXGLAssetLoaderServi - Loading from file system: file:/C:/Users/Dannieris/Desktop/Nueva%20carpeta%20(4)/ForkProyecto/target/classes/assets/textures/cyborgcaminando.png
18:10:50.144 [FXGL Background Thread 2 ] DEBUG FXGLAssetLoaderServi - Loading from file system: file:/C:/Users/Dannieris/Desktop/Nueva%20carpeta%20(4)/ForkProyecto/target/classes/assets/textures/cyborgadelante.png
18:10:50.146 [FXGL Background Thread 2 ] DEBUG FXGLAssetLoaderServi - Loading from file system: file:/C:/Users/Dannieris/Desktop/Nueva%20carpeta%20(4)/ForkProyecto/target/classes/assets/textures/cyborgatras.png
18:10:50.148 [FXGL Background Thread 2 ] DEBUG FXGLAssetLoaderServi - Loading from file system: file:/C:/Users/Dannieris/Desktop/Nueva%20carpeta%20(4)/ForkProyecto/target/classes/assets/textures/cyborgdeat.png
18:10:50.152 [FXGL Background Thread 2 ] WARN  GameWorld            - Entity is already attached to world
18:10:50.157 [FXGL Background Thread 2 ] DEBUG FXGLAssetLoaderServi - Loading from file system: file:/C:/Users/Dannieris/Desktop/Nueva%20carpeta%20(4)/ForkProyecto/target/classes/assets/textures/puertaNivelitem.png
18:10:50.159 [FXGL Background Thread 2 ] DEBUG FXGLAssetLoaderServi - Loading from file system: file:/C:/Users/Dannieris/Desktop/Nueva%20carpeta%20(4)/ForkProyecto/target/classes/assets/textures/puertaNiveldisabled.png
18:10:50.161 [FXGL Background Thread 2 ] WARN  GameWorld            - Entity is already attached to world
18:10:50.162 [FXGL Background Thread 2 ] DEBUG FXGLAssetLoaderServi - Loading from file system: file:/C:/Users/Dannieris/Desktop/Nueva%20carpeta%20(4)/ForkProyecto/target/classes/assets/textures/barreraitem.png
18:10:50.164 [FXGL Background Thread 2 ] DEBUG FXGLAssetLoaderServi - Loading from file system: file:/C:/Users/Dannieris/Desktop/Nueva%20carpeta%20(4)/ForkProyecto/target/classes/assets/textures/barreradisabled.png
18:10:50.169 [FXGL Background Thread 2 ] WARN  GameWorld            - Entity is already attached to world
18:10:50.175 [FXGL Background Thread 2 ] WARN  GameWorld            - Entity is already attached to world
18:10:50.176 [FXGL Background Thread 2 ] DEBUG Input                - Registered new binding: Mover Arriba - W
18:10:50.177 [FXGL Background Thread 2 ] DEBUG Input                - Registered new binding: Mover Abajo - S
18:10:50.177 [FXGL Background Thread 2 ] DEBUG Input                - Registered new binding: Mover Izquierda - A
18:10:50.177 [FXGL Background Thread 2 ] DEBUG Input                - Registered new binding: Mover Derecha - D
18:10:50.178 [FXGL Background Thread 2 ] DEBUG FXGLAssetLoaderServi - Loading from file system: file:/C:/Users/Dannieris/Desktop/Nueva%20carpeta%20(4)/ForkProyecto/target/classes/assets/textures/imageBotonResaltar.png
18:10:50.181 [FXGL Background Thread 2 ] DEBUG FXGLAssetLoaderServi - Loading from file system: file:/C:/Users/Dannieris/Desktop/Nueva%20carpeta%20(4)/ForkProyecto/target/classes/assets/textures/coinConteiner.png
18:10:50.185 [FXGL Background Thread 2 ] DEBUG FXGLAssetLoaderServi - Loading from file system: file:/C:/Users/Dannieris/Desktop/Nueva%20carpeta%20(4)/ForkProyecto/target/classes/assets/textures/targetCoin.png
18:10:50.284 [FXGL Background Thread 2 ] DEBUG FXGLAssetLoaderServi - Loading from file system: file:/C:/Users/Dannieris/Desktop/Nueva%20carpeta%20(4)/ForkProyecto/target/classes/assets/textures/latienda.png
18:10:50.311 [FXGL Background Thread 2 ] DEBUG FXGLAssetLoaderServi - Loading from file system: file:/C:/Users/Dannieris/Desktop/Nueva%20carpeta%20(4)/ForkProyecto/target/classes/assets/textures/botonTienda.png
18:10:50.317 [FXGL Background Thread 2 ] DEBUG FXGLAssetLoaderServi - Loading from file system: file:/C:/Users/Dannieris/Desktop/Nueva%20carpeta%20(4)/ForkProyecto/target/classes/assets/textures/botonGameMenu.png
18:10:50.319 [FXGL Background Thread 2 ] DEBUG FXGLAssetLoaderServi - Loading from file system: file:/C:/Users/Dannieris/Desktop/Nueva%20carpeta%20(4)/ForkProyecto/target/classes/assets/textures/buttonMainMenu.png
18:10:50.322 [FXGL Background Thread 2 ] DEBUG FXGLAssetLoaderServi - Loading from file system: file:/C:/Users/Dannieris/Desktop/Nueva%20carpeta%20(4)/ForkProyecto/target/classes/assets/textures/wikiButton.png
18:10:50.324 [FXGL Background Thread 2 ] DEBUG FXGLAssetLoaderServi - Loading from file system: file:/C:/Users/Dannieris/Desktop/Nueva%20carpeta%20(4)/ForkProyecto/target/classes/assets/textures/specialPointBar.png
18:10:50.325 [FXGL Background Thread 2 ] DEBUG FXGLAssetLoaderServi - Loading from file system: file:/C:/Users/Dannieris/Desktop/Nueva%20carpeta%20(4)/ForkProyecto/target/classes/assets/textures/statBar.png
18:10:50.326 [FXGL Background Thread 2 ] DEBUG FXGLAssetLoaderServi - Loading from file system: file:/C:/Users/Dannieris/Desktop/Nueva%20carpeta%20(4)/ForkProyecto/target/classes/assets/textures/statAtackBar.png
18:10:50.328 [FXGL Background Thread 2 ] DEBUG FXGLAssetLoaderServi - Loading from file system: file:/C:/Users/Dannieris/Desktop/Nueva%20carpeta%20(4)/ForkProyecto/target/classes/assets/textures/wiki_image.png
18:10:50.338 [FXGL Background Thread 2 ] DEBUG FXGLAssetLoaderServi - Loading from file system: file:/C:/Users/Dannieris/Desktop/Nueva%20carpeta%20(4)/ForkProyecto/target/classes/assets/textures/iconCyborg.png
18:10:50.341 [FXGL Background Thread 2 ] DEBUG FXGLAssetLoaderServi - Loading from file system: file:/C:/Users/Dannieris/Desktop/Nueva%20carpeta%20(4)/ForkProyecto/target/classes/assets/textures/specialPoint.png
18:10:50.342 [FXGL Background Thread 2 ] DEBUG FXGLAssetLoaderServi - Loading from file system: file:/C:/Users/Dannieris/Desktop/Nueva%20carpeta%20(4)/ForkProyecto/target/classes/assets/textures/special.png
18:10:50.342 [FXGL Background Thread 2 ] DEBUG FXGLAssetLoaderServi - Loading from file system: file:/C:/Users/Dannieris/Desktop/Nueva%20carpeta%20(4)/ForkProyecto/target/classes/assets/textures/barra_enemigo.png
18:10:50.344 [FXGL Background Thread 2 ] DEBUG FXGLAssetLoaderServi - Loading from file system: file:/C:/Users/Dannieris/Desktop/Nueva%20carpeta%20(4)/ForkProyecto/target/classes/assets/textures/life_point_enemi.png
18:10:50.344 [FXGL Background Thread 2 ] DEBUG FXGLAssetLoaderServi - Loading from file system: file:/C:/Users/Dannieris/Desktop/Nueva%20carpeta%20(4)/ForkProyecto/target/classes/assets/textures/life_bar.png
18:10:50.345 [FXGL Background Thread 2 ] DEBUG FXGLAssetLoaderServi - Loading from file system: file:/C:/Users/Dannieris/Desktop/Nueva%20carpeta%20(4)/ForkProyecto/target/classes/assets/textures/life_point.png
18:10:50.345 [FXGL Background Thread 2 ] DEBUG FXGLAssetLoaderServi - Loading from file system: file:/C:/Users/Dannieris/Desktop/Nueva%20carpeta%20(4)/ForkProyecto/target/classes/assets/textures/button_atacck.png
18:10:50.346 [FXGL Background Thread 2 ] DEBUG FXGLAssetLoaderServi - Loading from file system: file:/C:/Users/Dannieris/Desktop/Nueva%20carpeta%20(4)/ForkProyecto/target/classes/assets/textures/combat_panel.png
18:10:50.354 [FXGL Background Thread 2 ] INFO  FXGLApplication      - Game initialization took: 1.131 sec
18:10:50.369 [JavaFX Application Thread] DEBUG Input                - Clearing active input actions
18:10:50.374 [JavaFX Application Thread] DEBUG GameApplicationServi - Removing overlay from FXGLLoadingScene and adding to GameScene
18:10:50.376 [JavaFX Application Thread] DEBUG PrimaryStageWindow   - FXGLLoadingScene -> GameScene
18:10:52.304 [JavaFX Application Thread] DEBUG FXGLApplication      - Exiting FXGL
18:10:52.305 [JavaFX Application Thread] DEBUG LoopRunner           - Stopping loop
18:10:52.305 [JavaFX Application Thread] DEBUG SystemBundleService  - Saving FXGL system data
18:10:52.310 [JavaFX Application Thread] DEBUG FileSystemAccess     - Writing to: C:\Users\Dannieris\Desktop\Nueva carpeta (4)\ForkProyecto\system\fxgl.bundle
18:10:52.314 [JavaFX Application Thread] DEBUG Async                - Shutting down background threads
18:10:52.314 [JavaFX Application Thread] DEBUG PrimaryStageWindow   - Closing main window
18:10:52.356 [JavaFX Application Thread] DEBUG Logger               - Closing Logger
