20:27:07.974 [main                     ] DEBUG Logger               - Configured Logger
20:27:08.024 [main                     ] DEBUG GameApplication      - Logging settings
Title: Pruebas en FXGL
Version: 0.0
Width: 1600
Height: 1000
Fullscreen: false
Intro: false
Profiling: false
Single step:false
App Mode: DEVELOPER
Menu Key: ESCAPE
Stage Style: DECORATED
Scene Factory: class com.almasb.fxgl.app.scene.SceneFactory

20:27:08.347 [JavaFX Application Thread] DEBUG FXGLApplication      - Initializing FXGL
20:27:08.356 [JavaFX Application Thread] INFO  Engine               - FXGL-17.3 (30.03.2023 11.49) on WINDOWS (J:17.0.12 FX:20)
20:27:08.357 [JavaFX Application Thread] DEBUG Engine               - JRE Vendor Name: Oracle Corporation
20:27:08.357 [JavaFX Application Thread] DEBUG Engine               - Running on OS: Windows 11 version 10.0
20:27:08.357 [JavaFX Application Thread] DEBUG Engine               - Architecture: amd64
20:27:08.358 [JavaFX Application Thread] INFO  Engine               - Source code and latest versions at: https://github.com/AlmasB/FXGL
20:27:08.358 [JavaFX Application Thread] INFO  Engine               -       Ask questions and discuss at: https://github.com/AlmasB/FXGL/discussions
20:27:08.358 [JavaFX Application Thread] INFO  Engine               -              Join the FXGL chat at: https://gitter.im/AlmasB/FXGL
20:27:08.440 [JavaFX Application Thread] DEBUG PrimaryStageWindow   - Creating a JavaFX scene
20:27:08.440 [JavaFX Application Thread] DEBUG PrimaryStageWindow   - Target size > screen size
20:27:08.477 [JavaFX Application Thread] DEBUG PrimaryStageWindow   - Target settings size: 1600.0 x 1000.0
20:27:08.478 [JavaFX Application Thread] DEBUG PrimaryStageWindow   - Scaled scene size:    1434.0 x 911.0
20:27:08.478 [JavaFX Application Thread] DEBUG PrimaryStageWindow   - Scaled ratio: (0.89625, 0.911)
20:27:08.478 [JavaFX Application Thread] DEBUG PrimaryStageWindow   - Set initial scene to FXGLStartupScene
20:27:08.482 [JavaFX Application Thread] DEBUG PrimaryStageWindow   - Opening main window
20:27:08.555 [JavaFX Application Thread] DEBUG PrimaryStageWindow   - Window border size: (14.800048828125, 37.79998779296875)
20:27:08.556 [JavaFX Application Thread] DEBUG PrimaryStageWindow   - Scaled size: 1434.0 x 911.0
20:27:08.556 [JavaFX Application Thread] DEBUG PrimaryStageWindow   - Scaled ratio: (0.89625, 0.911)
20:27:08.556 [JavaFX Application Thread] DEBUG PrimaryStageWindow   - Scene size: 1434.0 x 911.0
20:27:08.557 [JavaFX Application Thread] DEBUG PrimaryStageWindow   - Stage size: 1448.800048828125 x 948.7999877929688
20:27:08.571 [FXGL Background Thread 1 ] DEBUG Engine               - Initializing environment variables
20:27:08.641 [FXGL Background Thread 1 ] DEBUG FXGLAssetLoaderServi - User app class for loading assets: class App.Game.GameApp
20:27:08.641 [FXGL Background Thread 1 ] DEBUG GameApplicationServi - Applying CSS: fxgl_dark.css
20:27:08.642 [FXGL Background Thread 1 ] DEBUG FXGLAssetLoaderServi - Loading from file system: jar:file:///C:/Users/Dannieris/.m2/repository/com/github/almasb/fxgl/17.3/fxgl-17.3.jar!/fxglassets/ui/css/fxgl_dark.css
20:27:08.724 [FXGL Background Thread 1 ] DEBUG GameApplicationServi - Initializing application scenes
20:27:08.815 [FXGL Background Thread 1 ] DEBUG GameWorld            - Game world initialized
20:27:08.941 [FXGL Background Thread 1 ] DEBUG PhysicsWorld         - Physics world initialized: appHeight=1000, physics.ppm=50.0
20:27:08.941 [FXGL Background Thread 1 ] DEBUG PhysicsWorld         - Using strategy: BRUTE_FORCE
20:27:08.946 [FXGL Background Thread 1 ] DEBUG GameScene            - Game scene initialized: 1600x1000
20:27:08.961 [FXGL Background Thread 1 ] DEBUG FXGL.DefaultMenu     - createMenuBodyGameMenu()
20:27:08.974 [FXGL Background Thread 1 ] DEBUG FXGL.DefaultMenu     - createOptionsMenu()
20:27:08.987 [FXGL Background Thread 1 ] DEBUG FXGLAssetLoaderServi - Loading from file system: jar:file:///C:/Users/Dannieris/.m2/repository/com/github/almasb/fxgl/17.3/fxgl-17.3.jar!/fxglassets/textures/particles/smoke.png
20:27:09.131 [FXGL Background Thread 1 ] DEBUG FXGLAssetLoaderServi - Loading from file system: jar:file:///C:/Users/Dannieris/.m2/repository/com/github/almasb/fxgl/17.3/fxgl-17.3.jar!/fxglassets/textures/particles/trace_horizontal.png
20:27:09.181 [FXGL Background Thread 1 ] DEBUG GameApplicationServi - Application scenes initialized
20:27:09.205 [FXGL Background Thread 1 ] DEBUG SystemBundleService  - Loading FXGL system data
20:27:09.209 [FXGL Background Thread 1 ] DEBUG FileSystemAccess     - Reading from: C:\Users\Dannieris\Desktop\Proyecto\ForkProyecto\system\fxgl.bundle
20:27:09.218 [FXGL Background Thread 1 ] DEBUG SystemBundleService  - Bundle FXGL: {}
20:27:09.219 [FXGL Background Thread 1 ] DEBUG UpdaterService       - Checking for updates
20:27:09.253 [FXGL Background Thread 4 ] DEBUG FXGLApplication      - Loading fonts
20:27:09.254 [FXGL Background Thread 4 ] DEBUG FXGLAssetLoaderServi - Loading from file system: jar:file:///C:/Users/Dannieris/.m2/repository/com/github/almasb/fxgl/17.3/fxgl-17.3.jar!/fxglassets/ui/fonts/VarelaRound-Regular.ttf
20:27:09.255 [FXGL Background Thread 1 ] DEBUG FXGLApplication      - Loading default localization
20:27:09.257 [FXGL Background Thread 1 ] DEBUG FXGLAssetLoaderServi - Loading from file system: jar:file:///C:/Users/Dannieris/.m2/repository/com/github/almasb/fxgl/17.3/fxgl-17.3.jar!/fxglassets/languages/english.lang
20:27:09.283 [FXGL Background Thread 1 ] INFO  FXGLApplication      - FXGL initialization took: 0.712 sec
20:27:09.287 [JavaFX Application Thread] DEBUG FXGLAssetLoaderServi - Loading from file system: jar:file:///C:/Users/Dannieris/.m2/repository/com/github/almasb/fxgl/17.3/fxgl-17.3.jar!/fxglassets/textures/fxgl_icon.png
20:27:09.300 [FXGL Background Thread 4 ] DEBUG FXGLAssetLoaderServi - Loading from file system: jar:file:///C:/Users/Dannieris/.m2/repository/com/github/almasb/fxgl/17.3/fxgl-17.3.jar!/fxglassets/ui/fonts/Abel-Regular.ttf
20:27:09.304 [FXGL Background Thread 4 ] DEBUG FXGLAssetLoaderServi - Loading from file system: jar:file:///C:/Users/Dannieris/.m2/repository/com/github/almasb/fxgl/17.3/fxgl-17.3.jar!/fxglassets/ui/fonts/TerminalLandMono-Regular.otf
20:27:09.306 [JavaFX Application Thread] DEBUG FXGLAssetLoaderServi - Loading from file system: jar:file:///C:/Users/Dannieris/.m2/repository/com/github/almasb/fxgl/17.3/fxgl-17.3.jar!/fxglassets/textures/fxgl_default_cursor.png
20:27:09.306 [FXGL Background Thread 4 ] DEBUG FXGLAssetLoaderServi - Loading from file system: jar:file:///C:/Users/Dannieris/.m2/repository/com/github/almasb/fxgl/17.3/fxgl-17.3.jar!/fxglassets/ui/fonts/Courier-Prime.ttf
20:27:09.317 [JavaFX Application Thread] DEBUG Input                - Registered new binding: Screenshot - CTRL+8
20:27:09.318 [JavaFX Application Thread] DEBUG Input                - Registered new binding: Dev Options - 1
20:27:09.318 [JavaFX Application Thread] DEBUG Input                - Registered new binding: Dev Console - 2
20:27:09.319 [JavaFX Application Thread] DEBUG Input                - Registered new binding: System info dump - CTRL+9
20:27:09.319 [JavaFX Application Thread] DEBUG Input                - Registered new binding: Restart - CTRL+R
20:27:09.320 [JavaFX Application Thread] DEBUG Input                - Registered new binding: Toggle Debug Camera - CTRL+7
20:27:09.323 [JavaFX Application Thread] DEBUG LoopRunner           - Starting loop
20:27:09.335 [JavaFX Application Thread] DEBUG LoopRunner           - Initializing JavaFX AnimationTimerLoop
20:27:09.336 [JavaFX Application Thread] DEBUG GameApplicationServi - Starting new game
20:27:09.338 [JavaFX Application Thread] DEBUG Input                - Clearing active input actions
20:27:09.348 [JavaFX Application Thread] DEBUG GameApplicationServi - Removing overlay from FXGLStartupScene and adding to FXGLLoadingScene
20:27:09.352 [JavaFX Application Thread] DEBUG PrimaryStageWindow   - FXGLStartupScene -> FXGLLoadingScene
20:27:09.352 [JavaFX Application Thread] DEBUG GameApplicationServi - Clearing previous game
20:27:09.352 [JavaFX Application Thread] DEBUG GameScene            - Clearing game scene
20:27:09.352 [JavaFX Application Thread] DEBUG GameWorld            - Clearing game world
20:27:09.352 [JavaFX Application Thread] DEBUG PhysicsWorld         - Clearing physics world
20:27:09.354 [JavaFX Application Thread] DEBUG FXGLApplication      - Registering font factories with UI factory
20:27:09.354 [FXGL Background Thread 4 ] DEBUG FXGLApplication      - Initializing game
20:27:09.507 [FXGL Background Thread 2 ] WARN  UpdaterService       - Failed to find updates: java.net.SocketException: Permission denied: connect
20:27:09.541 [FXGL Background Thread 4 ] DEBUG FXGLAssetLoaderServi - Loading from file system: file:/C:/Users/Dannieris/Desktop/Proyecto/ForkProyecto/target/classes/assets/music/loading.wav
20:27:09.703 [FXGL Background Thread 4 ] DEBUG AudioPlayer          - Playing music com.almasb.fxgl.audio.Music@54ec92a3
20:27:09.733 [FXGL Background Thread 4 ] DEBUG TMXLevelLoader       - Parsed TiledMap: file:/C:/Users/Dannieris/Desktop/Proyecto/ForkProyecto/target/classes/assets/levels/level_01.tmx
20:27:09.734 [FXGL Background Thread 4 ] DEBUG TMXLevelLoader       - Creating tile layer entities
20:27:09.736 [FXGL Background Thread 4 ] DEBUG TilesetLoader        - Loading view for layer Capa de patrones 1
20:27:09.739 [FXGL Background Thread 4 ] DEBUG TilesetLoader        - Created buffer with size 2000.0x1500.0
20:27:09.767 [FXGL Background Thread 4 ] WARN  TilesetLoader        - Diagonally flipped tiles are not currently supported
20:27:09.769 [FXGL Background Thread 4 ] WARN  TilesetLoader        - Diagonally flipped tiles are not currently supported
20:27:09.772 [FXGL Background Thread 4 ] WARN  TilesetLoader        - Diagonally flipped tiles are not currently supported
20:27:09.773 [FXGL Background Thread 4 ] WARN  TilesetLoader        - Diagonally flipped tiles are not currently supported
20:27:09.773 [FXGL Background Thread 4 ] WARN  TilesetLoader        - Diagonally flipped tiles are not currently supported
20:27:09.778 [FXGL Background Thread 4 ] WARN  TilesetLoader        - Diagonally flipped tiles are not currently supported
20:27:09.788 [FXGL Background Thread 4 ] WARN  TilesetLoader        - Diagonally flipped tiles are not currently supported
20:27:09.790 [FXGL Background Thread 4 ] WARN  TilesetLoader        - Diagonally flipped tiles are not currently supported
20:27:09.790 [FXGL Background Thread 4 ] WARN  TilesetLoader        - Diagonally flipped tiles are not currently supported
20:27:09.790 [FXGL Background Thread 4 ] WARN  TilesetLoader        - Diagonally flipped tiles are not currently supported
20:27:09.795 [FXGL Background Thread 4 ] WARN  TilesetLoader        - Diagonally flipped tiles are not currently supported
20:27:09.798 [FXGL Background Thread 4 ] WARN  TilesetLoader        - Diagonally flipped tiles are not currently supported
20:27:09.801 [FXGL Background Thread 4 ] WARN  TilesetLoader        - Diagonally flipped tiles are not currently supported
20:27:09.804 [FXGL Background Thread 4 ] WARN  TilesetLoader        - Diagonally flipped tiles are not currently supported
20:27:09.813 [FXGL Background Thread 4 ] WARN  TilesetLoader        - Diagonally flipped tiles are not currently supported
20:27:09.814 [FXGL Background Thread 4 ] DEBUG TilesetLoader        - Loading view for layer Copiar desde Capa de patrones 1
20:27:09.818 [FXGL Background Thread 4 ] DEBUG TilesetLoader        - Created buffer with size 2000.0x1500.0
20:27:09.819 [FXGL Background Thread 4 ] WARN  TilesetLoader        - Diagonally flipped tiles are not currently supported
20:27:09.820 [FXGL Background Thread 4 ] WARN  TilesetLoader        - Diagonally flipped tiles are not currently supported
20:27:09.822 [FXGL Background Thread 4 ] WARN  TilesetLoader        - Diagonally flipped tiles are not currently supported
20:27:09.823 [FXGL Background Thread 4 ] WARN  TilesetLoader        - Diagonally flipped tiles are not currently supported
20:27:09.823 [FXGL Background Thread 4 ] WARN  TilesetLoader        - Diagonally flipped tiles are not currently supported
20:27:09.825 [FXGL Background Thread 4 ] WARN  TilesetLoader        - Diagonally flipped tiles are not currently supported
20:27:09.830 [FXGL Background Thread 4 ] WARN  TilesetLoader        - Diagonally flipped tiles are not currently supported
20:27:09.833 [FXGL Background Thread 4 ] WARN  TilesetLoader        - Diagonally flipped tiles are not currently supported
20:27:09.834 [FXGL Background Thread 4 ] WARN  TilesetLoader        - Diagonally flipped tiles are not currently supported
20:27:09.835 [FXGL Background Thread 4 ] WARN  TilesetLoader        - Diagonally flipped tiles are not currently supported
20:27:09.837 [FXGL Background Thread 4 ] WARN  TilesetLoader        - Diagonally flipped tiles are not currently supported
20:27:09.838 [FXGL Background Thread 4 ] WARN  TilesetLoader        - Diagonally flipped tiles are not currently supported
20:27:09.859 [FXGL Background Thread 4 ] WARN  TilesetLoader        - Diagonally flipped tiles are not currently supported
20:27:09.862 [FXGL Background Thread 4 ] WARN  TilesetLoader        - Diagonally flipped tiles are not currently supported
20:27:09.864 [FXGL Background Thread 4 ] WARN  TilesetLoader        - Diagonally flipped tiles are not currently supported
20:27:09.866 [FXGL Background Thread 4 ] DEBUG TMXLevelLoader       - Creating object layer entities
20:27:09.897 [FXGL Background Thread 4 ] DEBUG GameWorld            - Clearing removable entities
20:27:09.929 [FXGL Background Thread 4 ] DEBUG GameWorld            - Setting level: com.almasb.fxgl.entity.level.Level@5ea36b23
20:27:09.939 [FXGL Background Thread 4 ] DEBUG FXGLAssetLoaderServi - Loading from file system: file:/C:/Users/Dannieris/Desktop/Proyecto/ForkProyecto/target/classes/assets/textures/cyborgidle.png
20:27:09.944 [FXGL Background Thread 4 ] DEBUG FXGLAssetLoaderServi - Loading from file system: file:/C:/Users/Dannieris/Desktop/Proyecto/ForkProyecto/target/classes/assets/textures/cyborgcaminando.png
20:27:09.946 [FXGL Background Thread 4 ] DEBUG FXGLAssetLoaderServi - Loading from file system: file:/C:/Users/Dannieris/Desktop/Proyecto/ForkProyecto/target/classes/assets/textures/cyborgadelante.png
20:27:09.947 [FXGL Background Thread 4 ] DEBUG FXGLAssetLoaderServi - Loading from file system: file:/C:/Users/Dannieris/Desktop/Proyecto/ForkProyecto/target/classes/assets/textures/cyborgatras.png
20:27:09.956 [FXGL Background Thread 4 ] WARN  GameWorld            - Entity is already attached to world
20:27:09.957 [FXGL Background Thread 4 ] DEBUG FXGLAssetLoaderServi - Loading from file system: file:/C:/Users/Dannieris/Desktop/Proyecto/ForkProyecto/target/classes/assets/textures/cyborgatack_basic.png
20:27:09.959 [FXGL Background Thread 4 ] WARN  GameWorld            - Entity is already attached to world
20:27:09.960 [FXGL Background Thread 4 ] DEBUG Input                - Registered new binding: Mover Arriba - Up
20:27:09.960 [FXGL Background Thread 4 ] DEBUG Input                - Registered new binding: Mover Abajo - Down
20:27:09.960 [FXGL Background Thread 4 ] DEBUG Input                - Registered new binding: Mover Izquierda - Left
20:27:09.960 [FXGL Background Thread 4 ] DEBUG Input                - Registered new binding: Mover Derecha - Right
20:27:09.962 [FXGL Background Thread 4 ] DEBUG FXGLAssetLoaderServi - Loading from file system: file:/C:/Users/Dannieris/Desktop/Proyecto/ForkProyecto/target/classes/assets/textures/life_bar.png
20:27:09.963 [FXGL Background Thread 4 ] DEBUG FXGLAssetLoaderServi - Loading from file system: file:/C:/Users/Dannieris/Desktop/Proyecto/ForkProyecto/target/classes/assets/textures/barra_enemigo.png
20:27:09.964 [FXGL Background Thread 4 ] DEBUG FXGLAssetLoaderServi - Loading from file system: file:/C:/Users/Dannieris/Desktop/Proyecto/ForkProyecto/target/classes/assets/textures/life_point.png
20:27:09.965 [FXGL Background Thread 4 ] DEBUG FXGLAssetLoaderServi - Loading from file system: file:/C:/Users/Dannieris/Desktop/Proyecto/ForkProyecto/target/classes/assets/textures/life_point_enemi.png
20:27:09.965 [FXGL Background Thread 4 ] DEBUG FXGLAssetLoaderServi - Loading from file system: file:/C:/Users/Dannieris/Desktop/Proyecto/ForkProyecto/target/classes/assets/textures/barra_pasos.png
20:27:09.966 [FXGL Background Thread 4 ] DEBUG FXGLAssetLoaderServi - Loading from file system: file:/C:/Users/Dannieris/Desktop/Proyecto/ForkProyecto/target/classes/assets/textures/pasos_point.png
20:27:09.967 [FXGL Background Thread 4 ] DEBUG FXGLAssetLoaderServi - Loading from file system: file:/C:/Users/Dannieris/Desktop/Proyecto/ForkProyecto/target/classes/assets/textures/barra_pasos_ememigo.png
20:27:09.967 [FXGL Background Thread 4 ] DEBUG FXGLAssetLoaderServi - Loading from file system: file:/C:/Users/Dannieris/Desktop/Proyecto/ForkProyecto/target/classes/assets/textures/pasos_point_enemi.png
20:27:09.969 [FXGL Background Thread 4 ] DEBUG FXGLAssetLoaderServi - Loading from file system: file:/C:/Users/Dannieris/Desktop/Proyecto/ForkProyecto/target/classes/assets/textures/button_atacck.png
20:27:09.970 [FXGL Background Thread 4 ] DEBUG FXGLAssetLoaderServi - Loading from file system: file:/C:/Users/Dannieris/Desktop/Proyecto/ForkProyecto/target/classes/assets/textures/combat_panel.png
20:27:09.978 [FXGL Background Thread 4 ] INFO  FXGLApplication      - Game initialization took: 0.624 sec
20:27:10.080 [JavaFX Application Thread] DEBUG Input                - Clearing active input actions
20:27:10.087 [JavaFX Application Thread] DEBUG GameApplicationServi - Removing overlay from FXGLLoadingScene and adding to GameScene
20:27:10.099 [JavaFX Application Thread] DEBUG PrimaryStageWindow   - FXGLLoadingScene -> GameScene
20:27:12.252 [FXGL Background Thread 3 ] DEBUG Engine               - Logging environment variables
20:27:12.255 [FXGL Background Thread 3 ] DEBUG Engine               - achievements: []
20:27:12.262 [FXGL Background Thread 3 ] DEBUG Engine               - actualHeight: 911.0
20:27:12.262 [FXGL Background Thread 3 ] DEBUG Engine               - actualHeightProperty: ReadOnlyDoubleProperty [value: 911.0]
20:27:12.263 [FXGL Background Thread 3 ] DEBUG Engine               - actualWidth: 1434.0
20:27:12.264 [FXGL Background Thread 3 ] DEBUG Engine               - actualWidthProperty: ReadOnlyDoubleProperty [value: 1434.0]
20:27:12.266 [FXGL Background Thread 3 ] DEBUG Engine               - appIcon: fxgl_icon.png
20:27:12.266 [FXGL Background Thread 3 ] DEBUG Engine               - applicationMode: DEVELOPER
20:27:12.267 [FXGL Background Thread 3 ] DEBUG Engine               - cSSList: [fxgl_dark.css]
20:27:12.268 [FXGL Background Thread 3 ] DEBUG Engine               - collisionDetectionStrategy: BRUTE_FORCE
20:27:12.268 [FXGL Background Thread 3 ] DEBUG Engine               - configClass: Optional.empty
20:27:12.269 [FXGL Background Thread 3 ] DEBUG Engine               - credits: []
20:27:12.270 [FXGL Background Thread 3 ] DEBUG Engine               - defaultCursor: CursorInfo(imageName=fxgl_default_cursor.png, hotspotX=7.0, hotspotY=6.0)
20:27:12.270 [FXGL Background Thread 3 ] DEBUG Engine               - devBBoxColorProperty: ObjectProperty [value: 0xff0000ff]
20:27:12.271 [FXGL Background Thread 3 ] DEBUG Engine               - devEnableDebugCameraProperty: BooleanProperty [value: false]
20:27:12.272 [FXGL Background Thread 3 ] DEBUG Engine               - devSensorColorProperty: ObjectProperty [value: 0xffff00ff]
20:27:12.272 [FXGL Background Thread 3 ] DEBUG Engine               - devShowBBoxProperty: BooleanProperty [value: false]
20:27:12.273 [FXGL Background Thread 3 ] DEBUG Engine               - devShowPositionProperty: BooleanProperty [value: false]
20:27:12.273 [FXGL Background Thread 3 ] DEBUG Engine               - enabledMenuItems: []
20:27:12.273 [FXGL Background Thread 3 ] DEBUG Engine               - engineServices: [class com.almasb.fxgl.app.services.FXGLAssetLoaderService, class com.almasb.fxgl.app.FXGLApplication$GameApplicationService, class com.almasb.fxgl.app.services.FXGLDialogService, class com.almasb.fxgl.app.services.IOTaskExecutorService, class com.almasb.fxgl.io.FileSystemService, class com.almasb.fxgl.localization.LocalizationService, class com.almasb.fxgl.app.services.SystemBundleService, class com.almasb.fxgl.profile.SaveLoadService, class com.almasb.fxgl.ui.FXGLUIFactoryServiceProvider, class com.almasb.fxgl.ui.FXGLDialogFactoryServiceProvider, class com.almasb.fxgl.audio.AudioPlayer, class com.almasb.fxgl.notification.impl.NotificationServiceProvider, class com.almasb.fxgl.achievement.AchievementService, class com.almasb.fxgl.cutscene.CutsceneService, class com.almasb.fxgl.minigames.MiniGameService, class com.almasb.fxgl.net.NetService, class com.almasb.fxgl.app.services.UpdaterService, class com.almasb.fxgl.dev.DevService]
20:27:12.273 [FXGL Background Thread 3 ] DEBUG Engine               - fontGame: Abel-Regular.ttf
20:27:12.273 [FXGL Background Thread 3 ] DEBUG Engine               - fontMono: TerminalLandMono-Regular.otf
20:27:12.273 [FXGL Background Thread 3 ] DEBUG Engine               - fontSizeScaleUI: 1.0
20:27:12.273 [FXGL Background Thread 3 ] DEBUG Engine               - fontText: Courier-Prime.ttf
20:27:12.273 [FXGL Background Thread 3 ] DEBUG Engine               - fontUI: VarelaRound-Regular.ttf
20:27:12.276 [FXGL Background Thread 3 ] DEBUG Engine               - fullScreen: BooleanProperty [value: false]
20:27:12.277 [FXGL Background Thread 3 ] DEBUG Engine               - gameDifficulty: MEDIUM
20:27:12.277 [FXGL Background Thread 3 ] DEBUG Engine               - gameDifficultyProperty: ObjectProperty [value: MEDIUM]
20:27:12.278 [FXGL Background Thread 3 ] DEBUG Engine               - globalMusicVolume: 0.5
20:27:12.279 [FXGL Background Thread 3 ] DEBUG Engine               - globalMusicVolumeProperty: DoubleProperty [value: 0.5]
20:27:12.279 [FXGL Background Thread 3 ] DEBUG Engine               - globalSoundVolume: 0.5
20:27:12.280 [FXGL Background Thread 3 ] DEBUG Engine               - globalSoundVolumeProperty: DoubleProperty [value: 0.5]
20:27:12.282 [FXGL Background Thread 3 ] DEBUG Engine               - height: 1000
20:27:12.283 [FXGL Background Thread 3 ] DEBUG Engine               - is3D: false
20:27:12.283 [FXGL Background Thread 3 ] DEBUG Engine               - isAndroid: false
20:27:12.283 [FXGL Background Thread 3 ] DEBUG Engine               - isBrowser: false
20:27:12.284 [FXGL Background Thread 3 ] DEBUG Engine               - isClickFeedbackEnabled: false
20:27:12.285 [FXGL Background Thread 3 ] DEBUG Engine               - isCloseConfirmation: false
20:27:12.285 [FXGL Background Thread 3 ] DEBUG Engine               - isDesktop: true
20:27:12.285 [FXGL Background Thread 3 ] DEBUG Engine               - isDeveloperMenuEnabled: true
20:27:12.285 [FXGL Background Thread 3 ] DEBUG Engine               - isEmbedded: false
20:27:12.287 [FXGL Background Thread 3 ] DEBUG Engine               - isEntityPreloadEnabled: true
20:27:12.287 [FXGL Background Thread 3 ] DEBUG Engine               - isExperimentalTiledLargeMap: false
20:27:12.287 [FXGL Background Thread 3 ] DEBUG Engine               - isFileSystemWriteAllowed: true
20:27:12.287 [FXGL Background Thread 3 ] DEBUG Engine               - isFullScreenAllowed: false
20:27:12.287 [FXGL Background Thread 3 ] DEBUG Engine               - isFullScreenFromStart: false
20:27:12.287 [FXGL Background Thread 3 ] DEBUG Engine               - isGameMenuEnabled: true
20:27:12.287 [FXGL Background Thread 3 ] DEBUG Engine               - isIOS: false
20:27:12.287 [FXGL Background Thread 3 ] DEBUG Engine               - isIntroEnabled: false
20:27:12.287 [FXGL Background Thread 3 ] DEBUG Engine               - isLinux: false
20:27:12.287 [FXGL Background Thread 3 ] DEBUG Engine               - isMac: false
20:27:12.287 [FXGL Background Thread 3 ] DEBUG Engine               - isMainMenuEnabled: false
20:27:12.287 [FXGL Background Thread 3 ] DEBUG Engine               - isManualResizeEnabled: false
20:27:12.287 [FXGL Background Thread 3 ] DEBUG Engine               - isMobile: false
20:27:12.287 [FXGL Background Thread 3 ] DEBUG Engine               - isNative: false
20:27:12.287 [FXGL Background Thread 3 ] DEBUG Engine               - isPauseMusicWhenMinimized: true
20:27:12.287 [FXGL Background Thread 3 ] DEBUG Engine               - isPreserveResizeRatio: false
20:27:12.288 [FXGL Background Thread 3 ] DEBUG Engine               - isProfilingEnabled: false
20:27:12.288 [FXGL Background Thread 3 ] DEBUG Engine               - isScaleAffectedOnResize: true
20:27:12.289 [FXGL Background Thread 3 ] DEBUG Engine               - isSingleStep: false
20:27:12.289 [FXGL Background Thread 3 ] DEBUG Engine               - isUserProfileEnabled: false
20:27:12.289 [FXGL Background Thread 3 ] DEBUG Engine               - isWindows: true
20:27:12.289 [FXGL Background Thread 3 ] DEBUG Engine               - language: ObjectProperty [value: ENGLISH]
20:27:12.289 [FXGL Background Thread 3 ] DEBUG Engine               - menuKey: ESCAPE
20:27:12.289 [FXGL Background Thread 3 ] DEBUG Engine               - mouseSensitivity: 0.2
20:27:12.289 [FXGL Background Thread 3 ] DEBUG Engine               - notificationViewClass: class com.almasb.fxgl.notification.view.XboxNotificationView
20:27:12.289 [FXGL Background Thread 3 ] DEBUG Engine               - pixelsPerMeter: 50.0
20:27:12.289 [FXGL Background Thread 3 ] DEBUG Engine               - platform: WINDOWS
20:27:12.289 [FXGL Background Thread 3 ] DEBUG Engine               - prefHeightProperty: ReadOnlyDoubleProperty [value: 1000.0]
20:27:12.289 [FXGL Background Thread 3 ] DEBUG Engine               - prefWidthProperty: ReadOnlyDoubleProperty [value: 1600.0]
20:27:12.289 [FXGL Background Thread 3 ] DEBUG Engine               - profileDir: profiles/
20:27:12.289 [FXGL Background Thread 3 ] DEBUG Engine               - profileName: StringProperty [value: DEFAULT]
20:27:12.289 [FXGL Background Thread 3 ] DEBUG Engine               - randomSeed: -1
20:27:12.291 [FXGL Background Thread 3 ] DEBUG Engine               - runtimeInfo: RuntimeInfo(platform=WINDOWS, version=17.3, build=30.03.2023 11.49)
20:27:12.291 [FXGL Background Thread 3 ] DEBUG Engine               - saveFileExt: sav
20:27:12.291 [FXGL Background Thread 3 ] DEBUG Engine               - scaledHeightProp$fxgl: DoubleProperty [bound, value: 911.0]
20:27:12.291 [FXGL Background Thread 3 ] DEBUG Engine               - scaledWidthProp$fxgl: DoubleProperty [bound, value: 1434.0]
20:27:12.291 [FXGL Background Thread 3 ] DEBUG Engine               - sceneFactory: com.almasb.fxgl.app.scene.SceneFactory@7ba3d91f
20:27:12.291 [FXGL Background Thread 3 ] DEBUG Engine               - secondsIn24h: 60
20:27:12.293 [FXGL Background Thread 3 ] DEBUG Engine               - soundMenuBack: menu/back.wav
20:27:12.293 [FXGL Background Thread 3 ] DEBUG Engine               - soundMenuPress: menu/press.wav
20:27:12.293 [FXGL Background Thread 3 ] DEBUG Engine               - soundMenuSelect: menu/select.wav
20:27:12.293 [FXGL Background Thread 3 ] DEBUG Engine               - soundNotification: core/notification.wav
20:27:12.293 [FXGL Background Thread 3 ] DEBUG Engine               - stageStyle: DECORATED
20:27:12.293 [FXGL Background Thread 3 ] DEBUG Engine               - supportedLanguages: [ENGLISH, FRENCH, GERMAN, HUNGARIAN, RUSSIAN]
20:27:12.293 [FXGL Background Thread 3 ] DEBUG Engine               - ticksPerSecond: -1
20:27:12.293 [FXGL Background Thread 3 ] DEBUG Engine               - title: Pruebas en FXGL
20:27:12.293 [FXGL Background Thread 3 ] DEBUG Engine               - urlGithub: https://github.com/AlmasB/FXGL
20:27:12.293 [FXGL Background Thread 3 ] DEBUG Engine               - urlLeaderboard: http://fxgl-top.herokuapp.com/
20:27:12.293 [FXGL Background Thread 3 ] DEBUG Engine               - urlPOM: https://raw.githubusercontent.com/AlmasB/FXGL/release/README.md
20:27:12.293 [FXGL Background Thread 3 ] DEBUG Engine               - userAppClass: class App.Game.GameApp
20:27:12.293 [FXGL Background Thread 3 ] DEBUG Engine               - version: 0.0
20:27:12.293 [FXGL Background Thread 3 ] DEBUG Engine               - versionCheckDays: 7
20:27:12.293 [FXGL Background Thread 3 ] DEBUG Engine               - width: 1600
20:27:12.293 [FXGL Background Thread 3 ] DEBUG Engine               - Logging services
20:27:12.293 [FXGL Background Thread 3 ] DEBUG Engine               - class com.almasb.fxgl.app.services.FXGLAssetLoaderService
20:27:12.293 [FXGL Background Thread 3 ] DEBUG Engine               - class com.almasb.fxgl.app.FXGLApplication$GameApplicationService
20:27:12.293 [FXGL Background Thread 3 ] DEBUG Engine               - class com.almasb.fxgl.app.services.FXGLDialogService
20:27:12.293 [FXGL Background Thread 3 ] DEBUG Engine               - class com.almasb.fxgl.app.services.IOTaskExecutorService
20:27:12.293 [FXGL Background Thread 3 ] DEBUG Engine               - class com.almasb.fxgl.io.FileSystemService
20:27:12.293 [FXGL Background Thread 3 ] DEBUG Engine               - class com.almasb.fxgl.localization.LocalizationService
20:27:12.293 [FXGL Background Thread 3 ] DEBUG Engine               - class com.almasb.fxgl.app.services.SystemBundleService
20:27:12.294 [FXGL Background Thread 3 ] DEBUG Engine               - class com.almasb.fxgl.profile.SaveLoadService
20:27:12.294 [FXGL Background Thread 3 ] DEBUG Engine               - class com.almasb.fxgl.ui.FXGLUIFactoryServiceProvider
20:27:12.294 [FXGL Background Thread 3 ] DEBUG Engine               - class com.almasb.fxgl.ui.FXGLDialogFactoryServiceProvider
20:27:12.294 [FXGL Background Thread 3 ] DEBUG Engine               - class com.almasb.fxgl.audio.AudioPlayer
20:27:12.294 [FXGL Background Thread 3 ] DEBUG Engine               - class com.almasb.fxgl.notification.impl.NotificationServiceProvider
20:27:12.294 [FXGL Background Thread 3 ] DEBUG Engine               - class com.almasb.fxgl.achievement.AchievementService
20:27:12.294 [FXGL Background Thread 3 ] DEBUG Engine               - class com.almasb.fxgl.cutscene.CutsceneService
20:27:12.294 [FXGL Background Thread 3 ] DEBUG Engine               - class com.almasb.fxgl.minigames.MiniGameService
20:27:12.294 [FXGL Background Thread 3 ] DEBUG Engine               - class com.almasb.fxgl.net.NetService
20:27:12.294 [FXGL Background Thread 3 ] DEBUG Engine               - class com.almasb.fxgl.app.services.UpdaterService
20:27:12.294 [FXGL Background Thread 3 ] DEBUG Engine               - class com.almasb.fxgl.dev.DevService
20:27:21.384 [JavaFX Application Thread] DEBUG AudioPlayer          - Stopping music com.almasb.fxgl.audio.Music@54ec92a3
20:27:21.387 [JavaFX Application Thread] DEBUG FXGLAssetLoaderServi - Loading from file system: file:/C:/Users/Dannieris/Desktop/Proyecto/ForkProyecto/target/classes/assets/music/battle.wav
20:27:21.401 [JavaFX Application Thread] DEBUG AudioPlayer          - Playing music com.almasb.fxgl.audio.Music@17b1bf37
20:27:23.641 [JavaFX Application Thread] DEBUG FXGLAssetLoaderServi - Loading from file system: file:/C:/Users/Dannieris/Desktop/Proyecto/ForkProyecto/target/classes/assets/music/arma.wav
20:27:23.643 [JavaFX Application Thread] DEBUG AudioPlayer          - Playing music com.almasb.fxgl.audio.Music@5f7d9f82
20:27:24.164 [JavaFX Application Thread] DEBUG AudioPlayer          - Stopping music com.almasb.fxgl.audio.Music@54ec92a3
20:27:24.164 [JavaFX Application Thread] DEBUG AudioPlayer          - Stopping music com.almasb.fxgl.audio.Music@17b1bf37
20:27:24.166 [JavaFX Application Thread] DEBUG AudioPlayer          - Stopping music com.almasb.fxgl.audio.Music@5f7d9f82
20:27:24.168 [JavaFX Application Thread] DEBUG AudioPlayer          - Playing music com.almasb.fxgl.audio.Music@54ec92a3
20:27:24.366 [JavaFX Application Thread] DEBUG AudioPlayer          - Playing music com.almasb.fxgl.audio.Music@5f7d9f82
20:27:24.896 [JavaFX Application Thread] DEBUG AudioPlayer          - Stopping music com.almasb.fxgl.audio.Music@54ec92a3
20:27:24.897 [JavaFX Application Thread] DEBUG AudioPlayer          - Stopping music com.almasb.fxgl.audio.Music@17b1bf37
20:27:24.898 [JavaFX Application Thread] DEBUG AudioPlayer          - Stopping music com.almasb.fxgl.audio.Music@5f7d9f82
20:27:24.900 [JavaFX Application Thread] DEBUG AudioPlayer          - Playing music com.almasb.fxgl.audio.Music@54ec92a3
20:27:26.082 [JavaFX Application Thread] DEBUG FXGLApplication      - Exiting FXGL
20:27:26.082 [JavaFX Application Thread] DEBUG LoopRunner           - Stopping loop
20:27:26.083 [JavaFX Application Thread] DEBUG SystemBundleService  - Saving FXGL system data
20:27:26.088 [JavaFX Application Thread] DEBUG FileSystemAccess     - Writing to: C:\Users\Dannieris\Desktop\Proyecto\ForkProyecto\system\fxgl.bundle
20:27:26.090 [JavaFX Application Thread] DEBUG Async                - Shutting down background threads
20:27:26.091 [JavaFX Application Thread] DEBUG PrimaryStageWindow   - Closing main window
20:27:26.136 [JavaFX Application Thread] DEBUG Logger               - Closing Logger
