17:47:58.610 [main                     ] DEBUG Logger               - Configured Logger
17:47:58.616 [main                     ] DEBUG GameApplication      - Logging settings
Title: Eclipsis: el legado de la nave abandonada(BetaVer)
Version: 0.0
Width: 1536
Height: 1024
Fullscreen: false
Intro: false
Profiling: false
Single step:false
App Mode: DEVELOPER
Menu Key: ESCAPE
Stage Style: DECORATED
Scene Factory: class App.Game.GameApp$1

17:47:58.708 [JavaFX Application Thread] DEBUG FXGLApplication      - Initializing FXGL
17:47:58.711 [JavaFX Application Thread] INFO  Engine               - FXGL-17.3 (30.03.2023 11.49) on WINDOWS (J:24.0.1 FX:17.0.6)
17:47:58.712 [JavaFX Application Thread] DEBUG Engine               - JRE Vendor Name: Oracle Corporation
17:47:58.712 [JavaFX Application Thread] DEBUG Engine               - Running on OS: Windows 11 version 10.0
17:47:58.712 [JavaFX Application Thread] DEBUG Engine               - Architecture: amd64
17:47:58.712 [JavaFX Application Thread] INFO  Engine               - Source code and latest versions at: https://github.com/AlmasB/FXGL
17:47:58.712 [JavaFX Application Thread] INFO  Engine               -       Ask questions and discuss at: https://github.com/AlmasB/FXGL/discussions
17:47:58.712 [JavaFX Application Thread] INFO  Engine               -              Join the FXGL chat at: https://gitter.im/AlmasB/FXGL
17:47:58.786 [JavaFX Application Thread] DEBUG PrimaryStageWindow   - Creating a JavaFX scene
17:47:58.786 [JavaFX Application Thread] DEBUG PrimaryStageWindow   - Target size > screen size
17:47:58.824 [JavaFX Application Thread] DEBUG PrimaryStageWindow   - Target settings size: 1536.0 x 1024.0
17:47:58.825 [JavaFX Application Thread] DEBUG PrimaryStageWindow   - Scaled scene size:    1343.0 x 912.0
17:47:58.825 [JavaFX Application Thread] DEBUG PrimaryStageWindow   - Scaled ratio: (0.8743489583333334, 0.890625)
17:47:58.826 [JavaFX Application Thread] DEBUG PrimaryStageWindow   - Set initial scene to FXGLStartupScene
17:47:58.831 [JavaFX Application Thread] DEBUG PrimaryStageWindow   - Opening main window
17:47:58.918 [JavaFX Application Thread] DEBUG PrimaryStageWindow   - Window border size: (14.5999755859375, 37.5999755859375)
17:47:58.918 [JavaFX Application Thread] DEBUG PrimaryStageWindow   - Scaled size: 1343.0 x 912.0
17:47:58.918 [JavaFX Application Thread] DEBUG PrimaryStageWindow   - Scaled ratio: (0.8743489583333334, 0.890625)
17:47:58.918 [JavaFX Application Thread] DEBUG PrimaryStageWindow   - Scene size: 1343.0 x 912.0
17:47:58.919 [JavaFX Application Thread] DEBUG PrimaryStageWindow   - Stage size: 1357.5999755859375 x 949.5999755859375
17:47:58.931 [FXGL Background Thread 1 ] DEBUG Engine               - Initializing environment variables
17:47:59.029 [FXGL Background Thread 1 ] DEBUG FXGLAssetLoaderServi - User app class for loading assets: class App.Game.GameApp
17:47:59.029 [FXGL Background Thread 1 ] DEBUG GameApplicationServi - Applying CSS: fxgl_dark.css
17:47:59.030 [FXGL Background Thread 1 ] DEBUG FXGLAssetLoaderServi - Loading from file system: jar:file:///C:/Users/Dannieris/.m2/repository/com/github/almasb/fxgl/17.3/fxgl-17.3.jar!/fxglassets/ui/css/fxgl_dark.css
17:47:59.091 [FXGL Background Thread 1 ] DEBUG GameApplicationServi - Initializing application scenes
17:47:59.145 [FXGL Background Thread 1 ] DEBUG GameWorld            - Game world initialized
17:47:59.224 [FXGL Background Thread 1 ] DEBUG PhysicsWorld         - Physics world initialized: appHeight=1024, physics.ppm=50.0
17:47:59.225 [FXGL Background Thread 1 ] DEBUG PhysicsWorld         - Using strategy: BRUTE_FORCE
17:47:59.229 [FXGL Background Thread 1 ] DEBUG GameScene            - Game scene initialized: 1536x1024
17:47:59.425 [FXGL Background Thread 1 ] DEBUG FXGL.DefaultMenu     - createMenuBodyGameMenu()
17:47:59.435 [FXGL Background Thread 1 ] DEBUG FXGL.DefaultMenu     - createOptionsMenu()
17:47:59.444 [FXGL Background Thread 1 ] DEBUG FXGLAssetLoaderServi - Loading from file system: jar:file:///C:/Users/Dannieris/.m2/repository/com/github/almasb/fxgl/17.3/fxgl-17.3.jar!/fxglassets/textures/particles/smoke.png
17:47:59.527 [FXGL Background Thread 1 ] DEBUG FXGLAssetLoaderServi - Loading from file system: jar:file:///C:/Users/Dannieris/.m2/repository/com/github/almasb/fxgl/17.3/fxgl-17.3.jar!/fxglassets/textures/particles/trace_horizontal.png
17:47:59.542 [FXGL Background Thread 1 ] DEBUG FXGLAssetLoaderServi - Loading from file system: file:/C:/Users/Dannieris/Desktop/Nueva%20carpeta%20(4)/ForkProyecto/target/classes/assets/music/menu.wav
17:47:59.655 [FXGL Background Thread 1 ] DEBUG AudioPlayer          - Playing music com.almasb.fxgl.audio.Music@63e5a907
17:47:59.657 [FXGL Background Thread 1 ] DEBUG AudioPlayer          - Playing music com.almasb.fxgl.audio.Music@63e5a907
17:47:59.658 [FXGL Background Thread 1 ] DEBUG FXGLAssetLoaderServi - Loading from file system: file:/C:/Users/Dannieris/Desktop/Nueva%20carpeta%20(4)/ForkProyecto/target/classes/assets/textures/fondoGameMenu.png
17:47:59.694 [FXGL Background Thread 1 ] DEBUG GameApplicationServi - Application scenes initialized
17:47:59.703 [FXGL Background Thread 1 ] DEBUG SystemBundleService  - Loading FXGL system data
17:47:59.708 [FXGL Background Thread 1 ] DEBUG FileSystemAccess     - Reading from: C:\Users\Dannieris\Desktop\Nueva carpeta (4)\ForkProyecto\system\fxgl.bundle
17:47:59.715 [FXGL Background Thread 1 ] DEBUG SystemBundleService  - Bundle FXGL: {}
17:47:59.715 [FXGL Background Thread 1 ] DEBUG UpdaterService       - Checking for updates
17:47:59.747 [FXGL Background Thread 1 ] DEBUG FXGLApplication      - Loading default localization
17:47:59.747 [FXGL Background Thread 4 ] DEBUG FXGLApplication      - Loading fonts
17:47:59.748 [FXGL Background Thread 4 ] DEBUG FXGLAssetLoaderServi - Loading from file system: jar:file:///C:/Users/Dannieris/.m2/repository/com/github/almasb/fxgl/17.3/fxgl-17.3.jar!/fxglassets/ui/fonts/VarelaRound-Regular.ttf
17:47:59.748 [FXGL Background Thread 1 ] DEBUG FXGLAssetLoaderServi - Loading from file system: jar:file:///C:/Users/Dannieris/.m2/repository/com/github/almasb/fxgl/17.3/fxgl-17.3.jar!/fxglassets/languages/english.lang
17:47:59.773 [FXGL Background Thread 1 ] INFO  FXGLApplication      - FXGL initialization took: 0.842 sec
17:47:59.775 [JavaFX Application Thread] DEBUG FXGLAssetLoaderServi - Loading from file system: jar:file:///C:/Users/Dannieris/.m2/repository/com/github/almasb/fxgl/17.3/fxgl-17.3.jar!/fxglassets/textures/fxgl_icon.png
17:47:59.795 [JavaFX Application Thread] DEBUG FXGLAssetLoaderServi - Loading from file system: file:/C:/Users/Dannieris/Desktop/Nueva%20carpeta%20(4)/ForkProyecto/target/classes/assets/textures/cursor.png
17:47:59.805 [FXGL Background Thread 4 ] DEBUG FXGLAssetLoaderServi - Loading from file system: jar:file:///C:/Users/Dannieris/.m2/repository/com/github/almasb/fxgl/17.3/fxgl-17.3.jar!/fxglassets/ui/fonts/Abel-Regular.ttf
17:47:59.809 [FXGL Background Thread 4 ] DEBUG FXGLAssetLoaderServi - Loading from file system: jar:file:///C:/Users/Dannieris/.m2/repository/com/github/almasb/fxgl/17.3/fxgl-17.3.jar!/fxglassets/ui/fonts/TerminalLandMono-Regular.otf
17:47:59.810 [JavaFX Application Thread] DEBUG Input                - Registered new binding: Screenshot - CTRL+8
17:47:59.810 [JavaFX Application Thread] DEBUG Input                - Registered new binding: Dev Options - 1
17:47:59.811 [JavaFX Application Thread] DEBUG Input                - Registered new binding: Dev Console - 2
17:47:59.811 [JavaFX Application Thread] DEBUG Input                - Registered new binding: System info dump - CTRL+9
17:47:59.811 [JavaFX Application Thread] DEBUG Input                - Registered new binding: Restart - CTRL+R
17:47:59.812 [JavaFX Application Thread] DEBUG Input                - Registered new binding: Toggle Debug Camera - CTRL+7
17:47:59.814 [FXGL Background Thread 4 ] DEBUG FXGLAssetLoaderServi - Loading from file system: jar:file:///C:/Users/Dannieris/.m2/repository/com/github/almasb/fxgl/17.3/fxgl-17.3.jar!/fxglassets/ui/fonts/Courier-Prime.ttf
17:47:59.817 [JavaFX Application Thread] DEBUG LoopRunner           - Starting loop
17:47:59.838 [JavaFX Application Thread] DEBUG LoopRunner           - Initializing JavaFX AnimationTimerLoop
17:47:59.842 [JavaFX Application Thread] DEBUG Input                - Clearing active input actions
17:47:59.849 [JavaFX Application Thread] DEBUG GameApplicationServi - Removing overlay from FXGLStartupScene and adding to FXGLMainMenuDummyScene
17:47:59.859 [JavaFX Application Thread] DEBUG PrimaryStageWindow   - FXGLStartupScene -> FXGLMainMenuDummyScene
17:47:59.860 [JavaFX Application Thread] DEBUG PrimaryStageWindow   - Push state: MyMenu
17:47:59.860 [JavaFX Application Thread] DEBUG Input                - Clearing active input actions
17:47:59.869 [JavaFX Application Thread] DEBUG GameApplicationServi - Removing overlay from FXGLMainMenuDummyScene and adding to MyMenu
17:47:59.871 [JavaFX Application Thread] DEBUG PrimaryStageWindow   - FXGLMainMenuDummyScene -> MyMenu
17:47:59.877 [JavaFX Application Thread] DEBUG FXGLApplication      - Registering font factories with UI factory
17:47:59.997 [FXGL Background Thread 2 ] WARN  UpdaterService       - Failed to find updates: java.net.SocketException: Permission denied: connect
17:48:00.934 [JavaFX Application Thread] DEBUG PrimaryStageWindow   - Push state: EscenaSeleccion
17:48:00.935 [JavaFX Application Thread] DEBUG Input                - Clearing active input actions
17:48:00.945 [JavaFX Application Thread] DEBUG GameApplicationServi - Removing overlay from MyMenu and adding to EscenaSeleccion
17:48:00.954 [JavaFX Application Thread] DEBUG PrimaryStageWindow   - MyMenu -> EscenaSeleccion
17:48:01.996 [JavaFX Application Thread] DEBUG FXGLAssetLoaderServi - Loading from file system: file:/C:/Users/Dannieris/Desktop/Nueva%20carpeta%20(4)/ForkProyecto/target/classes/assets/sounds/key.wav
17:48:02.746 [FXGL Background Thread 3 ] DEBUG Engine               - Logging environment variables
17:48:02.748 [FXGL Background Thread 3 ] DEBUG Engine               - achievements: []
17:48:02.748 [FXGL Background Thread 3 ] DEBUG Engine               - actualHeight: 912.0
17:48:02.748 [FXGL Background Thread 3 ] DEBUG Engine               - actualHeightProperty: ReadOnlyDoubleProperty [value: 912.0]
17:48:02.748 [FXGL Background Thread 3 ] DEBUG Engine               - actualWidth: 1343.0
17:48:02.749 [FXGL Background Thread 3 ] DEBUG Engine               - actualWidthProperty: ReadOnlyDoubleProperty [value: 1343.0]
17:48:02.749 [FXGL Background Thread 3 ] DEBUG Engine               - appIcon: fxgl_icon.png
17:48:02.749 [FXGL Background Thread 3 ] DEBUG Engine               - applicationMode: DEVELOPER
17:48:02.749 [FXGL Background Thread 3 ] DEBUG Engine               - cSSList: [fxgl_dark.css]
17:48:02.749 [FXGL Background Thread 3 ] DEBUG Engine               - collisionDetectionStrategy: BRUTE_FORCE
17:48:02.749 [FXGL Background Thread 3 ] DEBUG Engine               - configClass: Optional.empty
17:48:02.750 [FXGL Background Thread 3 ] DEBUG Engine               - credits: []
17:48:02.750 [FXGL Background Thread 3 ] DEBUG Engine               - defaultCursor: CursorInfo(imageName=cursor.png, hotspotX=0.0, hotspotY=0.0)
17:48:02.750 [FXGL Background Thread 3 ] DEBUG Engine               - devBBoxColorProperty: ObjectProperty [value: 0xff0000ff]
17:48:02.751 [FXGL Background Thread 3 ] DEBUG Engine               - devEnableDebugCameraProperty: BooleanProperty [value: false]
17:48:02.751 [FXGL Background Thread 3 ] DEBUG Engine               - devSensorColorProperty: ObjectProperty [value: 0xffff00ff]
17:48:02.751 [FXGL Background Thread 3 ] DEBUG Engine               - devShowBBoxProperty: BooleanProperty [value: false]
17:48:02.751 [FXGL Background Thread 3 ] DEBUG Engine               - devShowPositionProperty: BooleanProperty [value: false]
17:48:02.752 [FXGL Background Thread 3 ] DEBUG Engine               - enabledMenuItems: []
17:48:02.752 [FXGL Background Thread 3 ] DEBUG Engine               - engineServices: [class com.almasb.fxgl.app.services.FXGLAssetLoaderService, class com.almasb.fxgl.app.FXGLApplication$GameApplicationService, class com.almasb.fxgl.app.services.FXGLDialogService, class com.almasb.fxgl.app.services.IOTaskExecutorService, class com.almasb.fxgl.io.FileSystemService, class com.almasb.fxgl.localization.LocalizationService, class com.almasb.fxgl.app.services.SystemBundleService, class com.almasb.fxgl.profile.SaveLoadService, class com.almasb.fxgl.ui.FXGLUIFactoryServiceProvider, class com.almasb.fxgl.ui.FXGLDialogFactoryServiceProvider, class com.almasb.fxgl.audio.AudioPlayer, class com.almasb.fxgl.notification.impl.NotificationServiceProvider, class com.almasb.fxgl.achievement.AchievementService, class com.almasb.fxgl.cutscene.CutsceneService, class com.almasb.fxgl.minigames.MiniGameService, class com.almasb.fxgl.net.NetService, class com.almasb.fxgl.app.services.UpdaterService, class com.almasb.fxgl.dev.DevService]
17:48:02.752 [FXGL Background Thread 3 ] DEBUG Engine               - fontGame: Abel-Regular.ttf
17:48:02.752 [FXGL Background Thread 3 ] DEBUG Engine               - fontMono: TerminalLandMono-Regular.otf
17:48:02.752 [FXGL Background Thread 3 ] DEBUG Engine               - fontSizeScaleUI: 1.0
17:48:02.752 [FXGL Background Thread 3 ] DEBUG Engine               - fontText: Courier-Prime.ttf
17:48:02.752 [FXGL Background Thread 3 ] DEBUG Engine               - fontUI: VarelaRound-Regular.ttf
17:48:02.752 [FXGL Background Thread 3 ] DEBUG Engine               - fullScreen: BooleanProperty [value: false]
17:48:02.753 [FXGL Background Thread 3 ] DEBUG Engine               - gameDifficulty: MEDIUM
17:48:02.753 [FXGL Background Thread 3 ] DEBUG Engine               - gameDifficultyProperty: ObjectProperty [value: MEDIUM]
17:48:02.753 [FXGL Background Thread 3 ] DEBUG Engine               - globalMusicVolume: 0.5
17:48:02.753 [FXGL Background Thread 3 ] DEBUG Engine               - globalMusicVolumeProperty: DoubleProperty [value: 0.5]
17:48:02.753 [FXGL Background Thread 3 ] DEBUG Engine               - globalSoundVolume: 0.5
17:48:02.753 [FXGL Background Thread 3 ] DEBUG Engine               - globalSoundVolumeProperty: DoubleProperty [value: 0.5]
17:48:02.754 [FXGL Background Thread 3 ] DEBUG Engine               - height: 1024
17:48:02.754 [FXGL Background Thread 3 ] DEBUG Engine               - is3D: false
17:48:02.754 [FXGL Background Thread 3 ] DEBUG Engine               - isAndroid: false
17:48:02.754 [FXGL Background Thread 3 ] DEBUG Engine               - isBrowser: false
17:48:02.754 [FXGL Background Thread 3 ] DEBUG Engine               - isClickFeedbackEnabled: false
17:48:02.754 [FXGL Background Thread 3 ] DEBUG Engine               - isCloseConfirmation: false
17:48:02.754 [FXGL Background Thread 3 ] DEBUG Engine               - isDesktop: true
17:48:02.754 [FXGL Background Thread 3 ] DEBUG Engine               - isDeveloperMenuEnabled: true
17:48:02.755 [FXGL Background Thread 3 ] DEBUG Engine               - isEmbedded: false
17:48:02.755 [FXGL Background Thread 3 ] DEBUG Engine               - isEntityPreloadEnabled: true
17:48:02.755 [FXGL Background Thread 3 ] DEBUG Engine               - isExperimentalTiledLargeMap: false
17:48:02.755 [FXGL Background Thread 3 ] DEBUG Engine               - isFileSystemWriteAllowed: true
17:48:02.755 [FXGL Background Thread 3 ] DEBUG Engine               - isFullScreenAllowed: false
17:48:02.755 [FXGL Background Thread 3 ] DEBUG Engine               - isFullScreenFromStart: false
17:48:02.755 [FXGL Background Thread 3 ] DEBUG Engine               - isGameMenuEnabled: true
17:48:02.755 [FXGL Background Thread 3 ] DEBUG Engine               - isIOS: false
17:48:02.756 [FXGL Background Thread 3 ] DEBUG Engine               - isIntroEnabled: false
17:48:02.756 [FXGL Background Thread 3 ] DEBUG Engine               - isLinux: false
17:48:02.756 [FXGL Background Thread 3 ] DEBUG Engine               - isMac: false
17:48:02.757 [FXGL Background Thread 3 ] DEBUG Engine               - isMainMenuEnabled: true
17:48:02.757 [FXGL Background Thread 3 ] DEBUG Engine               - isManualResizeEnabled: false
17:48:02.757 [FXGL Background Thread 3 ] DEBUG Engine               - isMobile: false
17:48:02.757 [FXGL Background Thread 3 ] DEBUG Engine               - isNative: false
17:48:02.757 [FXGL Background Thread 3 ] DEBUG Engine               - isPauseMusicWhenMinimized: true
17:48:02.757 [FXGL Background Thread 3 ] DEBUG Engine               - isPreserveResizeRatio: false
17:48:02.758 [FXGL Background Thread 3 ] DEBUG Engine               - isProfilingEnabled: false
17:48:02.758 [FXGL Background Thread 3 ] DEBUG Engine               - isScaleAffectedOnResize: true
17:48:02.758 [FXGL Background Thread 3 ] DEBUG Engine               - isSingleStep: false
17:48:02.758 [FXGL Background Thread 3 ] DEBUG Engine               - isUserProfileEnabled: false
17:48:02.758 [FXGL Background Thread 3 ] DEBUG Engine               - isWindows: true
17:48:02.758 [FXGL Background Thread 3 ] DEBUG Engine               - language: ObjectProperty [value: ENGLISH]
17:48:02.758 [FXGL Background Thread 3 ] DEBUG Engine               - menuKey: ESCAPE
17:48:02.759 [FXGL Background Thread 3 ] DEBUG Engine               - mouseSensitivity: 0.2
17:48:02.759 [FXGL Background Thread 3 ] DEBUG Engine               - notificationViewClass: class com.almasb.fxgl.notification.view.XboxNotificationView
17:48:02.759 [FXGL Background Thread 3 ] DEBUG Engine               - pixelsPerMeter: 50.0
17:48:02.759 [FXGL Background Thread 3 ] DEBUG Engine               - platform: WINDOWS
17:48:02.759 [FXGL Background Thread 3 ] DEBUG Engine               - prefHeightProperty: ReadOnlyDoubleProperty [value: 1024.0]
17:48:02.759 [FXGL Background Thread 3 ] DEBUG Engine               - prefWidthProperty: ReadOnlyDoubleProperty [value: 1536.0]
17:48:02.760 [FXGL Background Thread 3 ] DEBUG Engine               - profileDir: profiles/
17:48:02.760 [FXGL Background Thread 3 ] DEBUG Engine               - profileName: StringProperty [value: DEFAULT]
17:48:02.760 [FXGL Background Thread 3 ] DEBUG Engine               - randomSeed: -1
17:48:02.760 [FXGL Background Thread 3 ] DEBUG Engine               - runtimeInfo: RuntimeInfo(platform=WINDOWS, version=17.3, build=30.03.2023 11.49)
17:48:02.760 [FXGL Background Thread 3 ] DEBUG Engine               - saveFileExt: sav
17:48:02.760 [FXGL Background Thread 3 ] DEBUG Engine               - scaledHeightProp$fxgl: DoubleProperty [bound, value: 912.0]
17:48:02.761 [FXGL Background Thread 3 ] DEBUG Engine               - scaledWidthProp$fxgl: DoubleProperty [bound, value: 1343.0]
17:48:02.761 [FXGL Background Thread 3 ] DEBUG Engine               - sceneFactory: App.Game.GameApp$1@5ceed435
17:48:02.761 [FXGL Background Thread 3 ] DEBUG Engine               - secondsIn24h: 60
17:48:02.761 [FXGL Background Thread 3 ] DEBUG Engine               - soundMenuBack: menu/back.wav
17:48:02.761 [FXGL Background Thread 3 ] DEBUG Engine               - soundMenuPress: menu/press.wav
17:48:02.761 [FXGL Background Thread 3 ] DEBUG Engine               - soundMenuSelect: menu/select.wav
17:48:02.761 [FXGL Background Thread 3 ] DEBUG Engine               - soundNotification: core/notification.wav
17:48:02.761 [FXGL Background Thread 3 ] DEBUG Engine               - stageStyle: DECORATED
17:48:02.761 [FXGL Background Thread 3 ] DEBUG Engine               - supportedLanguages: [ENGLISH, FRENCH, GERMAN, HUNGARIAN, RUSSIAN]
17:48:02.761 [FXGL Background Thread 3 ] DEBUG Engine               - ticksPerSecond: -1
17:48:02.762 [FXGL Background Thread 3 ] DEBUG Engine               - title: Eclipsis: el legado de la nave abandonada(BetaVer)
17:48:02.762 [FXGL Background Thread 3 ] DEBUG Engine               - urlGithub: https://github.com/AlmasB/FXGL
17:48:02.762 [FXGL Background Thread 3 ] DEBUG Engine               - urlLeaderboard: http://fxgl-top.herokuapp.com/
17:48:02.762 [FXGL Background Thread 3 ] DEBUG Engine               - urlPOM: https://raw.githubusercontent.com/AlmasB/FXGL/release/README.md
17:48:02.762 [FXGL Background Thread 3 ] DEBUG Engine               - userAppClass: class App.Game.GameApp
17:48:02.762 [FXGL Background Thread 3 ] DEBUG Engine               - version: 0.0
17:48:02.762 [FXGL Background Thread 3 ] DEBUG Engine               - versionCheckDays: 7
17:48:02.762 [FXGL Background Thread 3 ] DEBUG Engine               - width: 1536
17:48:02.763 [FXGL Background Thread 3 ] DEBUG Engine               - Logging services
17:48:02.763 [FXGL Background Thread 3 ] DEBUG Engine               - class com.almasb.fxgl.app.services.FXGLAssetLoaderService
17:48:02.763 [FXGL Background Thread 3 ] DEBUG Engine               - class com.almasb.fxgl.app.FXGLApplication$GameApplicationService
17:48:02.763 [FXGL Background Thread 3 ] DEBUG Engine               - class com.almasb.fxgl.app.services.FXGLDialogService
17:48:02.763 [FXGL Background Thread 3 ] DEBUG Engine               - class com.almasb.fxgl.app.services.IOTaskExecutorService
17:48:02.763 [FXGL Background Thread 3 ] DEBUG Engine               - class com.almasb.fxgl.io.FileSystemService
17:48:02.763 [FXGL Background Thread 3 ] DEBUG Engine               - class com.almasb.fxgl.localization.LocalizationService
17:48:02.763 [FXGL Background Thread 3 ] DEBUG Engine               - class com.almasb.fxgl.app.services.SystemBundleService
17:48:02.763 [FXGL Background Thread 3 ] DEBUG Engine               - class com.almasb.fxgl.profile.SaveLoadService
17:48:02.763 [FXGL Background Thread 3 ] DEBUG Engine               - class com.almasb.fxgl.ui.FXGLUIFactoryServiceProvider
17:48:02.763 [FXGL Background Thread 3 ] DEBUG Engine               - class com.almasb.fxgl.ui.FXGLDialogFactoryServiceProvider
17:48:02.764 [FXGL Background Thread 3 ] DEBUG Engine               - class com.almasb.fxgl.audio.AudioPlayer
17:48:02.764 [FXGL Background Thread 3 ] DEBUG Engine               - class com.almasb.fxgl.notification.impl.NotificationServiceProvider
17:48:02.764 [FXGL Background Thread 3 ] DEBUG Engine               - class com.almasb.fxgl.achievement.AchievementService
17:48:02.764 [FXGL Background Thread 3 ] DEBUG Engine               - class com.almasb.fxgl.cutscene.CutsceneService
17:48:02.764 [FXGL Background Thread 3 ] DEBUG Engine               - class com.almasb.fxgl.minigames.MiniGameService
17:48:02.764 [FXGL Background Thread 3 ] DEBUG Engine               - class com.almasb.fxgl.net.NetService
17:48:02.764 [FXGL Background Thread 3 ] DEBUG Engine               - class com.almasb.fxgl.app.services.UpdaterService
17:48:02.764 [FXGL Background Thread 3 ] DEBUG Engine               - class com.almasb.fxgl.dev.DevService
17:48:03.214 [JavaFX Application Thread] DEBUG GameApplicationServi - Starting new game
17:48:03.215 [JavaFX Application Thread] DEBUG PrimaryStageWindow   - Pop state: EscenaSeleccion
17:48:03.215 [JavaFX Application Thread] DEBUG Input                - Clearing active input actions
17:48:03.219 [JavaFX Application Thread] DEBUG GameApplicationServi - Removing overlay from EscenaSeleccion and adding to MyMenu
17:48:03.233 [JavaFX Application Thread] DEBUG PrimaryStageWindow   - MyMenu <- EscenaSeleccion
17:48:03.233 [JavaFX Application Thread] DEBUG PrimaryStageWindow   - Pop state: MyMenu
17:48:03.235 [JavaFX Application Thread] DEBUG Input                - Clearing active input actions
17:48:03.236 [JavaFX Application Thread] DEBUG GameApplicationServi - Removing overlay from MyMenu and adding to FXGLMainMenuDummyScene
17:48:03.236 [JavaFX Application Thread] DEBUG PrimaryStageWindow   - FXGLMainMenuDummyScene <- MyMenu
17:48:03.237 [JavaFX Application Thread] DEBUG Input                - Clearing active input actions
17:48:03.250 [JavaFX Application Thread] DEBUG GameApplicationServi - Removing overlay from FXGLMainMenuDummyScene and adding to FXGLLoadingScene
17:48:03.264 [JavaFX Application Thread] DEBUG PrimaryStageWindow   - FXGLMainMenuDummyScene -> FXGLLoadingScene
17:48:03.265 [JavaFX Application Thread] DEBUG GameApplicationServi - Clearing previous game
17:48:03.265 [JavaFX Application Thread] DEBUG GameScene            - Clearing game scene
17:48:03.265 [JavaFX Application Thread] DEBUG GameWorld            - Clearing game world
17:48:03.265 [JavaFX Application Thread] DEBUG PhysicsWorld         - Clearing physics world
17:48:03.270 [FXGL Background Thread 2 ] DEBUG FXGLApplication      - Initializing game
17:48:03.443 [FXGL Background Thread 2 ] DEBUG AudioPlayer          - Stopping music com.almasb.fxgl.audio.Music@63e5a907
17:48:03.444 [FXGL Background Thread 2 ] DEBUG FXGLAssetLoaderServi - Loading from file system: file:/C:/Users/Dannieris/Desktop/Nueva%20carpeta%20(4)/ForkProyecto/target/classes/assets/music/loading.wav
17:48:03.447 [FXGL Background Thread 2 ] DEBUG AudioPlayer          - Playing music com.almasb.fxgl.audio.Music@7866152f
17:48:03.501 [FXGL Background Thread 2 ] WARN  TMXLevelLoader       - TiledMap generated from 1.11.2. Supported version: 1.9.0. Some features may not be parsed fully.
17:48:03.522 [FXGL Background Thread 2 ] DEBUG TMXLevelLoader       - Parsed TiledMap: file:/C:/Users/Dannieris/Desktop/Nueva%20carpeta%20(4)/ForkProyecto/target/classes/assets/levels/level_01.tmx
17:48:03.524 [FXGL Background Thread 2 ] DEBUG TMXLevelLoader       - Creating tile layer entities
17:48:03.526 [FXGL Background Thread 2 ] DEBUG TilesetLoader        - Loading view for layer Capa de patrones 1
17:48:03.530 [FXGL Background Thread 2 ] DEBUG TilesetLoader        - Created buffer with size 2000.0x1500.0
17:48:03.572 [FXGL Background Thread 2 ] WARN  TilesetLoader        - Diagonally flipped tiles are not currently supported
17:48:03.574 [FXGL Background Thread 2 ] WARN  TilesetLoader        - Diagonally flipped tiles are not currently supported
17:48:03.575 [FXGL Background Thread 2 ] WARN  TilesetLoader        - Diagonally flipped tiles are not currently supported
17:48:03.580 [FXGL Background Thread 2 ] WARN  TilesetLoader        - Diagonally flipped tiles are not currently supported
17:48:03.583 [FXGL Background Thread 2 ] WARN  TilesetLoader        - Diagonally flipped tiles are not currently supported
17:48:03.583 [FXGL Background Thread 2 ] WARN  TilesetLoader        - Diagonally flipped tiles are not currently supported
17:48:03.585 [FXGL Background Thread 2 ] WARN  TilesetLoader        - Diagonally flipped tiles are not currently supported
17:48:03.590 [FXGL Background Thread 2 ] WARN  TilesetLoader        - Diagonally flipped tiles are not currently supported
17:48:03.594 [FXGL Background Thread 2 ] WARN  TilesetLoader        - Diagonally flipped tiles are not currently supported
17:48:03.596 [FXGL Background Thread 2 ] WARN  TilesetLoader        - Diagonally flipped tiles are not currently supported
17:48:03.597 [FXGL Background Thread 2 ] DEBUG TilesetLoader        - Loading view for layer Capa de Decoracion
17:48:03.603 [FXGL Background Thread 2 ] DEBUG TilesetLoader        - Created buffer with size 2000.0x1500.0
17:48:03.617 [FXGL Background Thread 2 ] WARN  TilesetLoader        - Diagonally flipped tiles are not currently supported
17:48:03.618 [FXGL Background Thread 2 ] WARN  TilesetLoader        - Diagonally flipped tiles are not currently supported
17:48:03.657 [FXGL Background Thread 2 ] WARN  TilesetLoader        - Diagonally flipped tiles are not currently supported
17:48:03.658 [FXGL Background Thread 2 ] WARN  TilesetLoader        - Diagonally flipped tiles are not currently supported
17:48:03.660 [FXGL Background Thread 2 ] WARN  TilesetLoader        - Diagonally flipped tiles are not currently supported
17:48:03.660 [FXGL Background Thread 2 ] WARN  TilesetLoader        - Diagonally flipped tiles are not currently supported
17:48:03.661 [FXGL Background Thread 2 ] WARN  TilesetLoader        - Diagonally flipped tiles are not currently supported
17:48:03.661 [FXGL Background Thread 2 ] WARN  TilesetLoader        - Diagonally flipped tiles are not currently supported
17:48:03.662 [FXGL Background Thread 2 ] WARN  TilesetLoader        - Diagonally flipped tiles are not currently supported
17:48:03.662 [FXGL Background Thread 2 ] WARN  TilesetLoader        - Diagonally flipped tiles are not currently supported
17:48:03.666 [FXGL Background Thread 2 ] DEBUG TMXLevelLoader       - Creating object layer entities
17:48:03.705 [FXGL Background Thread 2 ] DEBUG GameWorld            - Clearing removable entities
17:48:03.740 [FXGL Background Thread 2 ] DEBUG GameWorld            - Setting level: com.almasb.fxgl.entity.level.Level@4009ef4d
17:48:03.768 [FXGL Background Thread 2 ] DEBUG FXGLAssetLoaderServi - Loading from file system: file:/C:/Users/Dannieris/Desktop/Nueva%20carpeta%20(4)/ForkProyecto/target/classes/assets/textures/bossatack_basic.png
17:48:03.785 [FXGL Background Thread 2 ] DEBUG FXGLAssetLoaderServi - Loading from file system: file:/C:/Users/Dannieris/Desktop/Nueva%20carpeta%20(4)/ForkProyecto/target/classes/assets/textures/bossidle.png
17:48:03.792 [FXGL Background Thread 2 ] WARN  FXGLAssetLoaderServi - Asset "/assets/textures/bosscaminando.png" was not found!
17:48:03.793 [FXGL Background Thread 2 ] WARN  FXGLAssetLoaderServi - Failed to load IMAGE
17:48:03.829 [FXGL Background Thread 2 ] WARN  FXGLAssetLoaderServi - Asset "/assets/textures/bossadelante.png" was not found!
17:48:03.830 [FXGL Background Thread 2 ] WARN  FXGLAssetLoaderServi - Failed to load IMAGE
17:48:03.830 [FXGL Background Thread 2 ] WARN  FXGLAssetLoaderServi - Asset "/assets/textures/bossatras.png" was not found!
17:48:03.830 [FXGL Background Thread 2 ] WARN  FXGLAssetLoaderServi - Failed to load IMAGE
17:48:03.830 [FXGL Background Thread 2 ] WARN  FXGLAssetLoaderServi - Asset "/assets/textures/bossdeat.png" was not found!
17:48:03.830 [FXGL Background Thread 2 ] WARN  FXGLAssetLoaderServi - Failed to load IMAGE
17:48:03.841 [FXGL Background Thread 2 ] WARN  GameWorld            - Entity is already attached to world
17:48:03.842 [FXGL Background Thread 2 ] DEBUG FXGLAssetLoaderServi - Loading from file system: file:/C:/Users/Dannieris/Desktop/Nueva%20carpeta%20(4)/ForkProyecto/target/classes/assets/textures/tankeitem.png
17:48:03.843 [FXGL Background Thread 2 ] WARN  FXGLAssetLoaderServi - Asset "/assets/textures/tankedisabled.png" was not found!
17:48:03.843 [FXGL Background Thread 2 ] WARN  FXGLAssetLoaderServi - Failed to load IMAGE
17:48:03.844 [FXGL Background Thread 2 ] WARN  GameWorld            - Entity is already attached to world
17:48:03.844 [FXGL Background Thread 2 ] WARN  FXGLAssetLoaderServi - Asset "/assets/textures/tankedisabled.png" was not found!
17:48:03.844 [FXGL Background Thread 2 ] WARN  FXGLAssetLoaderServi - Failed to load IMAGE
17:48:03.845 [FXGL Background Thread 2 ] WARN  GameWorld            - Entity is already attached to world
17:48:03.845 [FXGL Background Thread 2 ] DEBUG FXGLAssetLoaderServi - Loading from file system: file:/C:/Users/Dannieris/Desktop/Nueva%20carpeta%20(4)/ForkProyecto/target/classes/assets/textures/exploreatack_basic.png
17:48:03.846 [FXGL Background Thread 2 ] DEBUG FXGLAssetLoaderServi - Loading from file system: file:/C:/Users/Dannieris/Desktop/Nueva%20carpeta%20(4)/ForkProyecto/target/classes/assets/textures/exploreidle.png
17:48:03.849 [FXGL Background Thread 2 ] WARN  FXGLAssetLoaderServi - Asset "/assets/textures/explorecaminando.png" was not found!
17:48:03.849 [FXGL Background Thread 2 ] WARN  FXGLAssetLoaderServi - Failed to load IMAGE
17:48:03.849 [FXGL Background Thread 2 ] WARN  FXGLAssetLoaderServi - Asset "/assets/textures/exploreadelante.png" was not found!
17:48:03.849 [FXGL Background Thread 2 ] WARN  FXGLAssetLoaderServi - Failed to load IMAGE
17:48:03.849 [FXGL Background Thread 2 ] WARN  FXGLAssetLoaderServi - Asset "/assets/textures/exploreatras.png" was not found!
17:48:03.850 [FXGL Background Thread 2 ] WARN  FXGLAssetLoaderServi - Failed to load IMAGE
17:48:03.850 [FXGL Background Thread 2 ] DEBUG FXGLAssetLoaderServi - Loading from file system: file:/C:/Users/Dannieris/Desktop/Nueva%20carpeta%20(4)/ForkProyecto/target/classes/assets/textures/exploredeat.png
17:48:03.854 [FXGL Background Thread 2 ] WARN  GameWorld            - Entity is already attached to world
17:48:03.855 [FXGL Background Thread 2 ] WARN  FXGLAssetLoaderServi - Asset "/assets/textures/explorecaminando.png" was not found!
17:48:03.855 [FXGL Background Thread 2 ] WARN  FXGLAssetLoaderServi - Failed to load IMAGE
17:48:03.857 [FXGL Background Thread 2 ] WARN  FXGLAssetLoaderServi - Asset "/assets/textures/exploreadelante.png" was not found!
17:48:03.857 [FXGL Background Thread 2 ] WARN  FXGLAssetLoaderServi - Failed to load IMAGE
17:48:03.857 [FXGL Background Thread 2 ] WARN  FXGLAssetLoaderServi - Asset "/assets/textures/exploreatras.png" was not found!
17:48:03.858 [FXGL Background Thread 2 ] WARN  FXGLAssetLoaderServi - Failed to load IMAGE
17:48:03.860 [FXGL Background Thread 2 ] WARN  GameWorld            - Entity is already attached to world
17:48:03.860 [FXGL Background Thread 2 ] DEBUG FXGLAssetLoaderServi - Loading from file system: file:/C:/Users/Dannieris/Desktop/Nueva%20carpeta%20(4)/ForkProyecto/target/classes/assets/textures/droidatack_basic.png
17:48:03.863 [FXGL Background Thread 2 ] DEBUG FXGLAssetLoaderServi - Loading from file system: file:/C:/Users/Dannieris/Desktop/Nueva%20carpeta%20(4)/ForkProyecto/target/classes/assets/textures/droididle.png
17:48:03.865 [FXGL Background Thread 2 ] WARN  FXGLAssetLoaderServi - Asset "/assets/textures/droidcaminando.png" was not found!
17:48:03.865 [FXGL Background Thread 2 ] WARN  FXGLAssetLoaderServi - Failed to load IMAGE
17:48:03.865 [FXGL Background Thread 2 ] WARN  FXGLAssetLoaderServi - Asset "/assets/textures/droidadelante.png" was not found!
17:48:03.865 [FXGL Background Thread 2 ] WARN  FXGLAssetLoaderServi - Failed to load IMAGE
17:48:03.865 [FXGL Background Thread 2 ] WARN  FXGLAssetLoaderServi - Asset "/assets/textures/droidatras.png" was not found!
17:48:03.865 [FXGL Background Thread 2 ] WARN  FXGLAssetLoaderServi - Failed to load IMAGE
17:48:03.865 [FXGL Background Thread 2 ] DEBUG FXGLAssetLoaderServi - Loading from file system: file:/C:/Users/Dannieris/Desktop/Nueva%20carpeta%20(4)/ForkProyecto/target/classes/assets/textures/droiddeat.png
17:48:03.867 [FXGL Background Thread 2 ] WARN  GameWorld            - Entity is already attached to world
17:48:03.868 [FXGL Background Thread 2 ] WARN  FXGLAssetLoaderServi - Asset "/assets/textures/droidcaminando.png" was not found!
17:48:03.869 [FXGL Background Thread 2 ] WARN  FXGLAssetLoaderServi - Failed to load IMAGE
17:48:03.869 [FXGL Background Thread 2 ] WARN  FXGLAssetLoaderServi - Asset "/assets/textures/droidadelante.png" was not found!
17:48:03.869 [FXGL Background Thread 2 ] WARN  FXGLAssetLoaderServi - Failed to load IMAGE
17:48:03.870 [FXGL Background Thread 2 ] WARN  FXGLAssetLoaderServi - Asset "/assets/textures/droidatras.png" was not found!
17:48:03.870 [FXGL Background Thread 2 ] WARN  FXGLAssetLoaderServi - Failed to load IMAGE
17:48:03.871 [FXGL Background Thread 2 ] WARN  GameWorld            - Entity is already attached to world
17:48:03.872 [FXGL Background Thread 2 ] DEBUG FXGLAssetLoaderServi - Loading from file system: file:/C:/Users/Dannieris/Desktop/Nueva%20carpeta%20(4)/ForkProyecto/target/classes/assets/textures/droid2atack_basic.png
17:48:03.877 [FXGL Background Thread 2 ] DEBUG FXGLAssetLoaderServi - Loading from file system: file:/C:/Users/Dannieris/Desktop/Nueva%20carpeta%20(4)/ForkProyecto/target/classes/assets/textures/droid2idle.png
17:48:03.879 [FXGL Background Thread 2 ] WARN  FXGLAssetLoaderServi - Asset "/assets/textures/droid2caminando.png" was not found!
17:48:03.879 [FXGL Background Thread 2 ] WARN  FXGLAssetLoaderServi - Failed to load IMAGE
17:48:03.879 [FXGL Background Thread 2 ] WARN  FXGLAssetLoaderServi - Asset "/assets/textures/droid2adelante.png" was not found!
17:48:03.879 [FXGL Background Thread 2 ] WARN  FXGLAssetLoaderServi - Failed to load IMAGE
17:48:03.879 [FXGL Background Thread 2 ] WARN  FXGLAssetLoaderServi - Asset "/assets/textures/droid2atras.png" was not found!
17:48:03.879 [FXGL Background Thread 2 ] WARN  FXGLAssetLoaderServi - Failed to load IMAGE
17:48:03.880 [FXGL Background Thread 2 ] DEBUG FXGLAssetLoaderServi - Loading from file system: file:/C:/Users/Dannieris/Desktop/Nueva%20carpeta%20(4)/ForkProyecto/target/classes/assets/textures/droid2deat.png
17:48:03.881 [FXGL Background Thread 2 ] WARN  GameWorld            - Entity is already attached to world
17:48:03.883 [FXGL Background Thread 2 ] WARN  FXGLAssetLoaderServi - Asset "/assets/textures/droid2caminando.png" was not found!
17:48:03.883 [FXGL Background Thread 2 ] WARN  FXGLAssetLoaderServi - Failed to load IMAGE
17:48:03.883 [FXGL Background Thread 2 ] WARN  FXGLAssetLoaderServi - Asset "/assets/textures/droid2adelante.png" was not found!
17:48:03.884 [FXGL Background Thread 2 ] WARN  FXGLAssetLoaderServi - Failed to load IMAGE
17:48:03.884 [FXGL Background Thread 2 ] WARN  FXGLAssetLoaderServi - Asset "/assets/textures/droid2atras.png" was not found!
17:48:03.884 [FXGL Background Thread 2 ] WARN  FXGLAssetLoaderServi - Failed to load IMAGE
17:48:03.885 [FXGL Background Thread 2 ] WARN  GameWorld            - Entity is already attached to world
17:48:03.885 [FXGL Background Thread 2 ] WARN  FXGLAssetLoaderServi - Asset "/assets/textures/droid2caminando.png" was not found!
17:48:03.886 [FXGL Background Thread 2 ] WARN  FXGLAssetLoaderServi - Failed to load IMAGE
17:48:03.886 [FXGL Background Thread 2 ] WARN  FXGLAssetLoaderServi - Asset "/assets/textures/droid2adelante.png" was not found!
17:48:03.886 [FXGL Background Thread 2 ] WARN  FXGLAssetLoaderServi - Failed to load IMAGE
17:48:03.887 [FXGL Background Thread 2 ] WARN  FXGLAssetLoaderServi - Asset "/assets/textures/droid2atras.png" was not found!
17:48:03.887 [FXGL Background Thread 2 ] WARN  FXGLAssetLoaderServi - Failed to load IMAGE
17:48:03.888 [FXGL Background Thread 2 ] WARN  GameWorld            - Entity is already attached to world
17:48:03.890 [FXGL Background Thread 2 ] DEBUG FXGLAssetLoaderServi - Loading from file system: file:/C:/Users/Dannieris/Desktop/Nueva%20carpeta%20(4)/ForkProyecto/target/classes/assets/textures/droid3atack_basic.png
17:48:03.894 [FXGL Background Thread 2 ] DEBUG FXGLAssetLoaderServi - Loading from file system: file:/C:/Users/Dannieris/Desktop/Nueva%20carpeta%20(4)/ForkProyecto/target/classes/assets/textures/droid3idle.png
17:48:03.895 [FXGL Background Thread 2 ] WARN  FXGLAssetLoaderServi - Asset "/assets/textures/droid3caminando.png" was not found!
17:48:03.895 [FXGL Background Thread 2 ] WARN  FXGLAssetLoaderServi - Failed to load IMAGE
17:48:03.895 [FXGL Background Thread 2 ] WARN  FXGLAssetLoaderServi - Asset "/assets/textures/droid3adelante.png" was not found!
17:48:03.895 [FXGL Background Thread 2 ] WARN  FXGLAssetLoaderServi - Failed to load IMAGE
17:48:03.896 [FXGL Background Thread 2 ] WARN  FXGLAssetLoaderServi - Asset "/assets/textures/droid3atras.png" was not found!
17:48:03.896 [FXGL Background Thread 2 ] WARN  FXGLAssetLoaderServi - Failed to load IMAGE
17:48:03.896 [FXGL Background Thread 2 ] DEBUG FXGLAssetLoaderServi - Loading from file system: file:/C:/Users/Dannieris/Desktop/Nueva%20carpeta%20(4)/ForkProyecto/target/classes/assets/textures/droid3deat.png
17:48:03.900 [FXGL Background Thread 2 ] WARN  GameWorld            - Entity is already attached to world
17:48:03.901 [FXGL Background Thread 2 ] WARN  FXGLAssetLoaderServi - Asset "/assets/textures/droid3caminando.png" was not found!
17:48:03.901 [FXGL Background Thread 2 ] WARN  FXGLAssetLoaderServi - Failed to load IMAGE
17:48:03.902 [FXGL Background Thread 2 ] WARN  FXGLAssetLoaderServi - Asset "/assets/textures/droid3adelante.png" was not found!
17:48:03.902 [FXGL Background Thread 2 ] WARN  FXGLAssetLoaderServi - Failed to load IMAGE
17:48:03.902 [FXGL Background Thread 2 ] WARN  FXGLAssetLoaderServi - Asset "/assets/textures/droid3atras.png" was not found!
17:48:03.902 [FXGL Background Thread 2 ] WARN  FXGLAssetLoaderServi - Failed to load IMAGE
17:48:03.905 [FXGL Background Thread 2 ] WARN  GameWorld            - Entity is already attached to world
17:48:03.909 [FXGL Background Thread 2 ] DEBUG FXGLAssetLoaderServi - Loading from file system: file:/C:/Users/Dannieris/Desktop/Nueva%20carpeta%20(4)/ForkProyecto/target/classes/assets/textures/patonatack_basic.png
17:48:03.911 [FXGL Background Thread 2 ] DEBUG FXGLAssetLoaderServi - Loading from file system: file:/C:/Users/Dannieris/Desktop/Nueva%20carpeta%20(4)/ForkProyecto/target/classes/assets/textures/patonidle.png
17:48:03.912 [FXGL Background Thread 2 ] WARN  FXGLAssetLoaderServi - Asset "/assets/textures/patoncaminando.png" was not found!
17:48:03.913 [FXGL Background Thread 2 ] WARN  FXGLAssetLoaderServi - Failed to load IMAGE
17:48:03.913 [FXGL Background Thread 2 ] WARN  FXGLAssetLoaderServi - Asset "/assets/textures/patonadelante.png" was not found!
17:48:03.913 [FXGL Background Thread 2 ] WARN  FXGLAssetLoaderServi - Failed to load IMAGE
17:48:03.913 [FXGL Background Thread 2 ] WARN  FXGLAssetLoaderServi - Asset "/assets/textures/patonatras.png" was not found!
17:48:03.913 [FXGL Background Thread 2 ] WARN  FXGLAssetLoaderServi - Failed to load IMAGE
17:48:03.913 [FXGL Background Thread 2 ] DEBUG FXGLAssetLoaderServi - Loading from file system: file:/C:/Users/Dannieris/Desktop/Nueva%20carpeta%20(4)/ForkProyecto/target/classes/assets/textures/patondeat.png
17:48:03.915 [FXGL Background Thread 2 ] WARN  GameWorld            - Entity is already attached to world
17:48:03.916 [FXGL Background Thread 2 ] WARN  FXGLAssetLoaderServi - Asset "/assets/textures/patoncaminando.png" was not found!
17:48:03.916 [FXGL Background Thread 2 ] WARN  FXGLAssetLoaderServi - Failed to load IMAGE
17:48:03.917 [FXGL Background Thread 2 ] WARN  FXGLAssetLoaderServi - Asset "/assets/textures/patonadelante.png" was not found!
17:48:03.917 [FXGL Background Thread 2 ] WARN  FXGLAssetLoaderServi - Failed to load IMAGE
17:48:03.917 [FXGL Background Thread 2 ] WARN  FXGLAssetLoaderServi - Asset "/assets/textures/patonatras.png" was not found!
17:48:03.917 [FXGL Background Thread 2 ] WARN  FXGLAssetLoaderServi - Failed to load IMAGE
17:48:03.919 [FXGL Background Thread 2 ] WARN  GameWorld            - Entity is already attached to world
17:48:03.922 [FXGL Background Thread 2 ] DEBUG FXGLAssetLoaderServi - Loading from file system: file:/C:/Users/Dannieris/Desktop/Nueva%20carpeta%20(4)/ForkProyecto/target/classes/assets/textures/patrullaatack_basic.png
17:48:03.926 [FXGL Background Thread 2 ] DEBUG FXGLAssetLoaderServi - Loading from file system: file:/C:/Users/Dannieris/Desktop/Nueva%20carpeta%20(4)/ForkProyecto/target/classes/assets/textures/patrullaidle.png
17:48:03.928 [FXGL Background Thread 2 ] WARN  FXGLAssetLoaderServi - Asset "/assets/textures/patrullacaminando.png" was not found!
17:48:03.928 [FXGL Background Thread 2 ] WARN  FXGLAssetLoaderServi - Failed to load IMAGE
17:48:03.928 [FXGL Background Thread 2 ] WARN  FXGLAssetLoaderServi - Asset "/assets/textures/patrullaadelante.png" was not found!
17:48:03.929 [FXGL Background Thread 2 ] WARN  FXGLAssetLoaderServi - Failed to load IMAGE
17:48:03.929 [FXGL Background Thread 2 ] WARN  FXGLAssetLoaderServi - Asset "/assets/textures/patrullaatras.png" was not found!
17:48:03.929 [FXGL Background Thread 2 ] WARN  FXGLAssetLoaderServi - Failed to load IMAGE
17:48:03.929 [FXGL Background Thread 2 ] DEBUG FXGLAssetLoaderServi - Loading from file system: file:/C:/Users/Dannieris/Desktop/Nueva%20carpeta%20(4)/ForkProyecto/target/classes/assets/textures/patrulladeat.png
17:48:03.931 [FXGL Background Thread 2 ] WARN  GameWorld            - Entity is already attached to world
17:48:03.932 [FXGL Background Thread 2 ] WARN  FXGLAssetLoaderServi - Asset "/assets/textures/patrullacaminando.png" was not found!
17:48:03.932 [FXGL Background Thread 2 ] WARN  FXGLAssetLoaderServi - Failed to load IMAGE
17:48:03.932 [FXGL Background Thread 2 ] WARN  FXGLAssetLoaderServi - Asset "/assets/textures/patrullaadelante.png" was not found!
17:48:03.932 [FXGL Background Thread 2 ] WARN  FXGLAssetLoaderServi - Failed to load IMAGE
17:48:03.932 [FXGL Background Thread 2 ] WARN  FXGLAssetLoaderServi - Asset "/assets/textures/patrullaatras.png" was not found!
17:48:03.932 [FXGL Background Thread 2 ] WARN  FXGLAssetLoaderServi - Failed to load IMAGE
17:48:03.933 [FXGL Background Thread 2 ] WARN  GameWorld            - Entity is already attached to world
17:48:03.935 [FXGL Background Thread 2 ] WARN  FXGLAssetLoaderServi - Asset "/assets/textures/patrullacaminando.png" was not found!
17:48:03.935 [FXGL Background Thread 2 ] WARN  FXGLAssetLoaderServi - Failed to load IMAGE
17:48:03.935 [FXGL Background Thread 2 ] WARN  FXGLAssetLoaderServi - Asset "/assets/textures/patrullaadelante.png" was not found!
17:48:03.935 [FXGL Background Thread 2 ] WARN  FXGLAssetLoaderServi - Failed to load IMAGE
17:48:03.935 [FXGL Background Thread 2 ] WARN  FXGLAssetLoaderServi - Asset "/assets/textures/patrullaatras.png" was not found!
17:48:03.935 [FXGL Background Thread 2 ] WARN  FXGLAssetLoaderServi - Failed to load IMAGE
17:48:03.937 [FXGL Background Thread 2 ] WARN  GameWorld            - Entity is already attached to world
17:48:03.939 [FXGL Background Thread 2 ] DEBUG FXGLAssetLoaderServi - Loading from file system: file:/C:/Users/Dannieris/Desktop/Nueva%20carpeta%20(4)/ForkProyecto/target/classes/assets/textures/coinitem.png
17:48:03.942 [FXGL Background Thread 2 ] WARN  FXGLAssetLoaderServi - Asset "/assets/textures/coindisabled.png" was not found!
17:48:03.942 [FXGL Background Thread 2 ] WARN  FXGLAssetLoaderServi - Failed to load IMAGE
17:48:03.942 [FXGL Background Thread 2 ] WARN  GameWorld            - Entity is already attached to world
17:48:03.943 [FXGL Background Thread 2 ] WARN  FXGLAssetLoaderServi - Asset "/assets/textures/coindisabled.png" was not found!
17:48:03.943 [FXGL Background Thread 2 ] WARN  FXGLAssetLoaderServi - Failed to load IMAGE
17:48:03.943 [FXGL Background Thread 2 ] WARN  GameWorld            - Entity is already attached to world
17:48:03.944 [FXGL Background Thread 2 ] WARN  FXGLAssetLoaderServi - Asset "/assets/textures/coindisabled.png" was not found!
17:48:03.944 [FXGL Background Thread 2 ] WARN  FXGLAssetLoaderServi - Failed to load IMAGE
17:48:03.944 [FXGL Background Thread 2 ] WARN  GameWorld            - Entity is already attached to world
17:48:03.945 [FXGL Background Thread 2 ] DEBUG FXGLAssetLoaderServi - Loading from file system: file:/C:/Users/Dannieris/Desktop/Nueva%20carpeta%20(4)/ForkProyecto/target/classes/assets/textures/barreraDesactivadaitem.png
17:48:03.949 [FXGL Background Thread 2 ] WARN  FXGLAssetLoaderServi - Asset "/assets/textures/barreraDesactivadadisabled.png" was not found!
17:48:03.949 [FXGL Background Thread 2 ] WARN  FXGLAssetLoaderServi - Failed to load IMAGE
17:48:03.950 [FXGL Background Thread 2 ] WARN  GameWorld            - Entity is already attached to world
17:48:03.951 [FXGL Background Thread 2 ] WARN  FXGLAssetLoaderServi - Asset "/assets/textures/barreraDesactivadadisabled.png" was not found!
17:48:03.951 [FXGL Background Thread 2 ] WARN  FXGLAssetLoaderServi - Failed to load IMAGE
17:48:03.952 [FXGL Background Thread 2 ] WARN  GameWorld            - Entity is already attached to world
17:48:03.954 [FXGL Background Thread 2 ] WARN  FXGLAssetLoaderServi - Asset "/assets/textures/barreraDesactivadadisabled.png" was not found!
17:48:03.954 [FXGL Background Thread 2 ] WARN  FXGLAssetLoaderServi - Failed to load IMAGE
17:48:03.954 [FXGL Background Thread 2 ] WARN  GameWorld            - Entity is already attached to world
17:48:03.955 [FXGL Background Thread 2 ] WARN  FXGLAssetLoaderServi - Asset "/assets/textures/barreraDesactivadadisabled.png" was not found!
17:48:03.955 [FXGL Background Thread 2 ] WARN  FXGLAssetLoaderServi - Failed to load IMAGE
17:48:03.955 [FXGL Background Thread 2 ] WARN  GameWorld            - Entity is already attached to world
17:48:03.957 [FXGL Background Thread 2 ] DEBUG FXGLAssetLoaderServi - Loading from file system: file:/C:/Users/Dannieris/Desktop/Nueva%20carpeta%20(4)/ForkProyecto/target/classes/assets/textures/panelitem.png
17:48:03.962 [FXGL Background Thread 2 ] DEBUG FXGLAssetLoaderServi - Loading from file system: file:/C:/Users/Dannieris/Desktop/Nueva%20carpeta%20(4)/ForkProyecto/target/classes/assets/textures/paneldisabled.png
17:48:03.966 [FXGL Background Thread 2 ] WARN  GameWorld            - Entity is already attached to world
17:48:03.971 [FXGL Background Thread 2 ] WARN  GameWorld            - Entity is already attached to world
17:48:03.974 [FXGL Background Thread 2 ] DEBUG FXGLAssetLoaderServi - Loading from file system: file:/C:/Users/Dannieris/Desktop/Nueva%20carpeta%20(4)/ForkProyecto/target/classes/assets/textures/generatorSpecialPointitem.png
17:48:03.977 [FXGL Background Thread 2 ] WARN  FXGLAssetLoaderServi - Asset "/assets/textures/generatorSpecialPointdisabled.png" was not found!
17:48:03.978 [FXGL Background Thread 2 ] WARN  FXGLAssetLoaderServi - Failed to load IMAGE
17:48:03.979 [FXGL Background Thread 2 ] WARN  GameWorld            - Entity is already attached to world
17:48:03.980 [FXGL Background Thread 2 ] WARN  FXGLAssetLoaderServi - Asset "/assets/textures/generatorSpecialPointdisabled.png" was not found!
17:48:03.981 [FXGL Background Thread 2 ] WARN  FXGLAssetLoaderServi - Failed to load IMAGE
17:48:03.981 [FXGL Background Thread 2 ] WARN  GameWorld            - Entity is already attached to world
17:48:03.982 [FXGL Background Thread 2 ] DEBUG FXGLAssetLoaderServi - Loading from file system: file:/C:/Users/Dannieris/Desktop/Nueva%20carpeta%20(4)/ForkProyecto/target/classes/assets/textures/lifeitem.png
17:48:03.983 [FXGL Background Thread 2 ] WARN  FXGLAssetLoaderServi - Asset "/assets/textures/lifedisabled.png" was not found!
17:48:03.983 [FXGL Background Thread 2 ] WARN  FXGLAssetLoaderServi - Failed to load IMAGE
17:48:03.984 [FXGL Background Thread 2 ] WARN  GameWorld            - Entity is already attached to world
17:48:03.985 [FXGL Background Thread 2 ] WARN  FXGLAssetLoaderServi - Asset "/assets/textures/lifedisabled.png" was not found!
17:48:03.985 [FXGL Background Thread 2 ] WARN  FXGLAssetLoaderServi - Failed to load IMAGE
17:48:03.986 [FXGL Background Thread 2 ] WARN  GameWorld            - Entity is already attached to world
17:48:03.988 [FXGL Background Thread 2 ] DEBUG FXGLAssetLoaderServi - Loading from file system: file:/C:/Users/Dannieris/Desktop/Nueva%20carpeta%20(4)/ForkProyecto/target/classes/assets/textures/atackitem.png
17:48:03.990 [FXGL Background Thread 2 ] WARN  FXGLAssetLoaderServi - Asset "/assets/textures/atackdisabled.png" was not found!
17:48:03.991 [FXGL Background Thread 2 ] WARN  FXGLAssetLoaderServi - Failed to load IMAGE
17:48:03.992 [FXGL Background Thread 2 ] WARN  GameWorld            - Entity is already attached to world
17:48:03.993 [FXGL Background Thread 2 ] WARN  FXGLAssetLoaderServi - Asset "/assets/textures/atackdisabled.png" was not found!
17:48:03.993 [FXGL Background Thread 2 ] WARN  FXGLAssetLoaderServi - Failed to load IMAGE
17:48:03.994 [FXGL Background Thread 2 ] WARN  GameWorld            - Entity is already attached to world
17:48:03.994 [FXGL Background Thread 2 ] DEBUG FXGLAssetLoaderServi - Loading from file system: file:/C:/Users/Dannieris/Desktop/Nueva%20carpeta%20(4)/ForkProyecto/target/classes/assets/textures/cyborgatack_special.png
17:48:04.006 [FXGL Background Thread 2 ] DEBUG FXGLAssetLoaderServi - Loading from file system: file:/C:/Users/Dannieris/Desktop/Nueva%20carpeta%20(4)/ForkProyecto/target/classes/assets/textures/cyborgatack_basic.png
17:48:04.010 [FXGL Background Thread 2 ] DEBUG FXGLAssetLoaderServi - Loading from file system: file:/C:/Users/Dannieris/Desktop/Nueva%20carpeta%20(4)/ForkProyecto/target/classes/assets/textures/cyborgidle.png
17:48:04.012 [FXGL Background Thread 2 ] DEBUG FXGLAssetLoaderServi - Loading from file system: file:/C:/Users/Dannieris/Desktop/Nueva%20carpeta%20(4)/ForkProyecto/target/classes/assets/textures/cyborgcaminando.png
17:48:04.015 [FXGL Background Thread 2 ] DEBUG FXGLAssetLoaderServi - Loading from file system: file:/C:/Users/Dannieris/Desktop/Nueva%20carpeta%20(4)/ForkProyecto/target/classes/assets/textures/cyborgadelante.png
17:48:04.016 [FXGL Background Thread 2 ] DEBUG FXGLAssetLoaderServi - Loading from file system: file:/C:/Users/Dannieris/Desktop/Nueva%20carpeta%20(4)/ForkProyecto/target/classes/assets/textures/cyborgatras.png
17:48:04.018 [FXGL Background Thread 2 ] DEBUG FXGLAssetLoaderServi - Loading from file system: file:/C:/Users/Dannieris/Desktop/Nueva%20carpeta%20(4)/ForkProyecto/target/classes/assets/textures/cyborgdeat.png
17:48:04.024 [FXGL Background Thread 2 ] WARN  GameWorld            - Entity is already attached to world
17:48:04.026 [FXGL Background Thread 2 ] DEBUG FXGLAssetLoaderServi - Loading from file system: file:/C:/Users/Dannieris/Desktop/Nueva%20carpeta%20(4)/ForkProyecto/target/classes/assets/textures/puertaNivelitem.png
17:48:04.029 [FXGL Background Thread 2 ] DEBUG FXGLAssetLoaderServi - Loading from file system: file:/C:/Users/Dannieris/Desktop/Nueva%20carpeta%20(4)/ForkProyecto/target/classes/assets/textures/puertaNiveldisabled.png
17:48:04.030 [FXGL Background Thread 2 ] WARN  GameWorld            - Entity is already attached to world
17:48:04.031 [FXGL Background Thread 2 ] DEBUG FXGLAssetLoaderServi - Loading from file system: file:/C:/Users/Dannieris/Desktop/Nueva%20carpeta%20(4)/ForkProyecto/target/classes/assets/textures/barreraitem.png
17:48:04.032 [FXGL Background Thread 2 ] DEBUG FXGLAssetLoaderServi - Loading from file system: file:/C:/Users/Dannieris/Desktop/Nueva%20carpeta%20(4)/ForkProyecto/target/classes/assets/textures/barreradisabled.png
17:48:04.035 [FXGL Background Thread 2 ] WARN  GameWorld            - Entity is already attached to world
17:48:04.039 [FXGL Background Thread 2 ] WARN  GameWorld            - Entity is already attached to world
17:48:04.042 [FXGL Background Thread 2 ] DEBUG Input                - Registered new binding: Mover Arriba - W
17:48:04.043 [FXGL Background Thread 2 ] DEBUG Input                - Registered new binding: Mover Abajo - S
17:48:04.043 [FXGL Background Thread 2 ] DEBUG Input                - Registered new binding: Mover Izquierda - A
17:48:04.043 [FXGL Background Thread 2 ] DEBUG Input                - Registered new binding: Mover Derecha - D
17:48:04.043 [FXGL Background Thread 2 ] DEBUG FXGLAssetLoaderServi - Loading from file system: file:/C:/Users/Dannieris/Desktop/Nueva%20carpeta%20(4)/ForkProyecto/target/classes/assets/textures/nivel1Texto.png
17:48:04.052 [FXGL Background Thread 2 ] DEBUG FXGLAssetLoaderServi - Loading from file system: file:/C:/Users/Dannieris/Desktop/Nueva%20carpeta%20(4)/ForkProyecto/target/classes/assets/textures/imageBotonResaltar.png
17:48:04.059 [FXGL Background Thread 2 ] DEBUG FXGLAssetLoaderServi - Loading from file system: file:/C:/Users/Dannieris/Desktop/Nueva%20carpeta%20(4)/ForkProyecto/target/classes/assets/textures/coinConteiner.png
17:48:04.062 [FXGL Background Thread 2 ] DEBUG FXGLAssetLoaderServi - Loading from file system: file:/C:/Users/Dannieris/Desktop/Nueva%20carpeta%20(4)/ForkProyecto/target/classes/assets/textures/targetCoin.png
17:48:04.110 [FXGL Background Thread 2 ] DEBUG FXGLAssetLoaderServi - Loading from file system: file:/C:/Users/Dannieris/Desktop/Nueva%20carpeta%20(4)/ForkProyecto/target/classes/assets/textures/latienda.png
17:48:04.121 [FXGL Background Thread 2 ] DEBUG FXGLAssetLoaderServi - Loading from file system: file:/C:/Users/Dannieris/Desktop/Nueva%20carpeta%20(4)/ForkProyecto/target/classes/assets/textures/botonTienda.png
17:48:04.125 [FXGL Background Thread 2 ] DEBUG FXGLAssetLoaderServi - Loading from file system: file:/C:/Users/Dannieris/Desktop/Nueva%20carpeta%20(4)/ForkProyecto/target/classes/assets/textures/botonGameMenu.png
17:48:04.126 [FXGL Background Thread 2 ] DEBUG FXGLAssetLoaderServi - Loading from file system: file:/C:/Users/Dannieris/Desktop/Nueva%20carpeta%20(4)/ForkProyecto/target/classes/assets/textures/buttonMainMenu.png
17:48:04.127 [FXGL Background Thread 2 ] DEBUG FXGLAssetLoaderServi - Loading from file system: file:/C:/Users/Dannieris/Desktop/Nueva%20carpeta%20(4)/ForkProyecto/target/classes/assets/textures/wikiButton.png
17:48:04.128 [FXGL Background Thread 2 ] DEBUG FXGLAssetLoaderServi - Loading from file system: file:/C:/Users/Dannieris/Desktop/Nueva%20carpeta%20(4)/ForkProyecto/target/classes/assets/textures/specialPointBar.png
17:48:04.130 [FXGL Background Thread 2 ] DEBUG FXGLAssetLoaderServi - Loading from file system: file:/C:/Users/Dannieris/Desktop/Nueva%20carpeta%20(4)/ForkProyecto/target/classes/assets/textures/statBar.png
17:48:04.131 [FXGL Background Thread 2 ] DEBUG FXGLAssetLoaderServi - Loading from file system: file:/C:/Users/Dannieris/Desktop/Nueva%20carpeta%20(4)/ForkProyecto/target/classes/assets/textures/statAtackBar.png
17:48:04.132 [FXGL Background Thread 2 ] DEBUG FXGLAssetLoaderServi - Loading from file system: file:/C:/Users/Dannieris/Desktop/Nueva%20carpeta%20(4)/ForkProyecto/target/classes/assets/textures/wiki_image.png
17:48:04.144 [FXGL Background Thread 2 ] DEBUG FXGLAssetLoaderServi - Loading from file system: file:/C:/Users/Dannieris/Desktop/Nueva%20carpeta%20(4)/ForkProyecto/target/classes/assets/textures/iconCyborg.png
17:48:04.146 [FXGL Background Thread 2 ] DEBUG FXGLAssetLoaderServi - Loading from file system: file:/C:/Users/Dannieris/Desktop/Nueva%20carpeta%20(4)/ForkProyecto/target/classes/assets/textures/specialPoint.png
17:48:04.146 [FXGL Background Thread 2 ] DEBUG FXGLAssetLoaderServi - Loading from file system: file:/C:/Users/Dannieris/Desktop/Nueva%20carpeta%20(4)/ForkProyecto/target/classes/assets/textures/special.png
17:48:04.148 [FXGL Background Thread 2 ] DEBUG FXGLAssetLoaderServi - Loading from file system: file:/C:/Users/Dannieris/Desktop/Nueva%20carpeta%20(4)/ForkProyecto/target/classes/assets/textures/barra_enemigo.png
17:48:04.149 [FXGL Background Thread 2 ] DEBUG FXGLAssetLoaderServi - Loading from file system: file:/C:/Users/Dannieris/Desktop/Nueva%20carpeta%20(4)/ForkProyecto/target/classes/assets/textures/life_point_enemi.png
17:48:04.150 [FXGL Background Thread 2 ] DEBUG FXGLAssetLoaderServi - Loading from file system: file:/C:/Users/Dannieris/Desktop/Nueva%20carpeta%20(4)/ForkProyecto/target/classes/assets/textures/life_bar.png
17:48:04.153 [FXGL Background Thread 2 ] DEBUG FXGLAssetLoaderServi - Loading from file system: file:/C:/Users/Dannieris/Desktop/Nueva%20carpeta%20(4)/ForkProyecto/target/classes/assets/textures/life_point.png
17:48:04.155 [FXGL Background Thread 2 ] DEBUG FXGLAssetLoaderServi - Loading from file system: file:/C:/Users/Dannieris/Desktop/Nueva%20carpeta%20(4)/ForkProyecto/target/classes/assets/textures/button_atacck.png
17:48:04.157 [FXGL Background Thread 2 ] DEBUG FXGLAssetLoaderServi - Loading from file system: file:/C:/Users/Dannieris/Desktop/Nueva%20carpeta%20(4)/ForkProyecto/target/classes/assets/textures/combat_panel.png
17:48:04.160 [FXGL Background Thread 2 ] INFO  FXGLApplication      - Game initialization took: 0.891 sec
17:48:04.161 [JavaFX Application Thread] DEBUG Input                - Clearing active input actions
17:48:04.166 [JavaFX Application Thread] DEBUG GameApplicationServi - Removing overlay from FXGLLoadingScene and adding to GameScene
17:48:04.167 [JavaFX Application Thread] DEBUG PrimaryStageWindow   - FXGLLoadingScene -> GameScene
17:48:06.309 [JavaFX Application Thread] DEBUG FXGLAssetLoaderServi - Loading from file system: file:/C:/Users/Dannieris/Desktop/Nueva%20carpeta%20(4)/ForkProyecto/target/classes/assets/sounds/cambiarPersonaje.wav
17:48:11.828 [JavaFX Application Thread] DEBUG FXGLAssetLoaderServi - Loading from file system: file:/C:/Users/Dannieris/Desktop/Nueva%20carpeta%20(4)/ForkProyecto/target/classes/assets/sounds/item.wav
17:48:19.504 [JavaFX Application Thread] DEBUG AudioPlayer          - Stopping music com.almasb.fxgl.audio.Music@7866152f
17:48:19.506 [JavaFX Application Thread] DEBUG FXGLAssetLoaderServi - Loading from file system: file:/C:/Users/Dannieris/Desktop/Nueva%20carpeta%20(4)/ForkProyecto/target/classes/assets/music/battle.wav
17:48:19.514 [JavaFX Application Thread] DEBUG AudioPlayer          - Playing music com.almasb.fxgl.audio.Music@26a94852
17:48:22.593 [JavaFX Application Thread] DEBUG FXGLAssetLoaderServi - Loading from file system: file:/C:/Users/Dannieris/Desktop/Nueva%20carpeta%20(4)/ForkProyecto/target/classes/assets/sounds/arma.wav
17:48:23.289 [JavaFX Application Thread] DEBUG AudioPlayer          - Playing music com.almasb.fxgl.audio.Music@26a94852
17:48:23.625 [JavaFX Application Thread] DEBUG FXGLAssetLoaderServi - Loading from file system: file:/C:/Users/Dannieris/Desktop/Nueva%20carpeta%20(4)/ForkProyecto/target/classes/assets/sounds/armaEnemigos.wav
17:48:24.248 [JavaFX Application Thread] DEBUG AudioPlayer          - Playing music com.almasb.fxgl.audio.Music@26a94852
17:48:25.513 [JavaFX Application Thread] DEBUG AudioPlayer          - Playing music com.almasb.fxgl.audio.Music@26a94852
17:48:26.423 [JavaFX Application Thread] DEBUG AudioPlayer          - Playing music com.almasb.fxgl.audio.Music@26a94852
17:48:26.713 [JavaFX Application Thread] DEBUG AudioPlayer          - Stopping music com.almasb.fxgl.audio.Music@26a94852
17:48:26.714 [JavaFX Application Thread] DEBUG AudioPlayer          - Playing music com.almasb.fxgl.audio.Music@7866152f
17:48:26.719 [JavaFX Application Thread] DEBUG FXGLAssetLoaderServi - Loading from file system: file:/C:/Users/Dannieris/Desktop/Nueva%20carpeta%20(4)/ForkProyecto/target/classes/assets/textures/playerDead.png
17:48:26.728 [JavaFX Application Thread] DEBUG AudioPlayer          - Playing music com.almasb.fxgl.audio.Music@7866152f
17:48:26.730 [JavaFX Application Thread] WARN  FXGLAssetLoaderServi - Asset "/assets/textures/coindisabled.png" was not found!
17:48:26.730 [JavaFX Application Thread] WARN  FXGLAssetLoaderServi - Failed to load IMAGE
17:48:26.731 [JavaFX Application Thread] WARN  GameWorld            - Entity is already attached to world
17:48:26.731 [JavaFX Application Thread] DEBUG FXGLAssetLoaderServi - Loading from file system: file:/C:/Users/Dannieris/Desktop/Nueva%20carpeta%20(4)/ForkProyecto/target/classes/assets/sounds/coin.wav
17:48:28.457 [JavaFX Application Thread] DEBUG FXGLApplication      - Exiting FXGL
17:48:28.457 [JavaFX Application Thread] DEBUG LoopRunner           - Stopping loop
17:48:28.457 [JavaFX Application Thread] DEBUG SystemBundleService  - Saving FXGL system data
17:48:28.462 [JavaFX Application Thread] DEBUG FileSystemAccess     - Writing to: C:\Users\Dannieris\Desktop\Nueva carpeta (4)\ForkProyecto\system\fxgl.bundle
17:48:28.465 [JavaFX Application Thread] DEBUG Async                - Shutting down background threads
17:48:28.465 [JavaFX Application Thread] DEBUG PrimaryStageWindow   - Closing main window
17:48:28.494 [JavaFX Application Thread] DEBUG Logger               - Closing Logger
