04:24:59.986 [main                     ] DEBUG Logger               - Configured Logger
04:25:00.004 [main                     ] DEBUG GameApplication      - Logging settings
Title: Pruebas en FXGL
Version: 0.0
Width: 1920
Height: 1080
Fullscreen: false
Intro: false
Profiling: false
Single step:false
App Mode: DEVELOPER
Menu Key: ESCAPE
Stage Style: DECORATED
Scene Factory: class App.Game.GameApp$1

04:25:00.180 [JavaFX Application Thread] DEBUG FXGLApplication      - Initializing FXGL
04:25:00.183 [JavaFX Application Thread] INFO  Engine               - FXGL-21.1 (27.03.2024 07.52) on LINUX (J:21.0.6 FX:21.0.1)
04:25:00.184 [JavaFX Application Thread] DEBUG Engine               - JRE Vendor Name: Oracle Corporation
04:25:00.184 [JavaFX Application Thread] DEBUG Engine               - Running on OS: Linux version 6.8.0-55-generic
04:25:00.184 [JavaFX Application Thread] DEBUG Engine               - Architecture: amd64
04:25:00.184 [JavaFX Application Thread] INFO  Engine               - Source code and latest versions at: https://github.com/AlmasB/FXGL
04:25:00.185 [JavaFX Application Thread] INFO  Engine               -       Ask questions and discuss at: https://github.com/AlmasB/FXGL/discussions
04:25:00.185 [JavaFX Application Thread] INFO  Engine               -              Join the FXGL chat at: https://gitter.im/AlmasB/FXGL
04:25:00.261 [JavaFX Application Thread] DEBUG PrimaryStageWindow   - Creating a JavaFX scene
04:25:00.261 [JavaFX Application Thread] DEBUG PrimaryStageWindow   - Target size > screen size
04:25:00.330 [JavaFX Application Thread] DEBUG PrimaryStageWindow   - Target settings size: 1920.0 x 1080.0
04:25:00.331 [JavaFX Application Thread] DEBUG PrimaryStageWindow   - Scaled scene size:    1660.0 x 947.0
04:25:00.331 [JavaFX Application Thread] DEBUG PrimaryStageWindow   - Scaled ratio: (0.8645833333333334, 0.8768518518518519)
04:25:00.332 [JavaFX Application Thread] DEBUG PrimaryStageWindow   - Set initial scene to FXGLStartupScene
04:25:00.335 [JavaFX Application Thread] DEBUG PrimaryStageWindow   - Opening main window
04:25:00.365 [JavaFX Application Thread] DEBUG PrimaryStageWindow   - Window border size: (0.006103515625, 35.0)
04:25:00.365 [JavaFX Application Thread] DEBUG PrimaryStageWindow   - Scaled size: 1660.0 x 912.2761840820312
04:25:00.365 [JavaFX Application Thread] DEBUG PrimaryStageWindow   - Scaled ratio: (0.8645833333333334, 0.8447001704463253)
04:25:00.365 [JavaFX Application Thread] DEBUG PrimaryStageWindow   - Scene size: 1660.0 x 947.0
04:25:00.365 [JavaFX Application Thread] DEBUG PrimaryStageWindow   - Stage size: 1660.006103515625 x 947.2761840820312
04:25:00.369 [FXGL Background Thread 1 ] DEBUG Engine               - Initializing environment variables
04:25:00.427 [FXGL Background Thread 1 ] DEBUG FXGLAssetLoaderServi - User app class for loading assets: class App.Game.GameApp
04:25:00.427 [FXGL Background Thread 1 ] DEBUG GameApplicationServi - Applying CSS: fxgl_dark.css
04:25:00.428 [FXGL Background Thread 1 ] DEBUG FXGLAssetLoaderServi - Loading from file system: jar:file:///home/avrann/.m2/repository/com/github/almasb/fxgl/21.1/fxgl-21.1.jar!/fxglassets/ui/css/fxgl_dark.css
04:25:00.473 [FXGL Background Thread 1 ] DEBUG GameApplicationServi - Initializing application scenes
04:25:00.537 [FXGL Background Thread 1 ] DEBUG GameWorld            - Game world initialized
04:25:00.581 [FXGL Background Thread 1 ] DEBUG PhysicsWorld         - Physics world initialized: appHeight=1080, physics.ppm=50.0
04:25:00.581 [FXGL Background Thread 1 ] DEBUG PhysicsWorld         - Using strategy: BRUTE_FORCE
04:25:00.585 [FXGL Background Thread 1 ] DEBUG GameScene            - Game scene initialized: 1920x1080
04:25:00.591 [FXGL Background Thread 1 ] DEBUG FXGL.DefaultMenu     - createMenuBodyMainMenu()
04:25:00.599 [FXGL Background Thread 1 ] DEBUG FXGL.DefaultMenu     - createOptionsMenu()
04:25:00.613 [FXGL Background Thread 1 ] DEBUG FXGLAssetLoaderServi - Loading from file system: jar:file:///home/avrann/.m2/repository/com/github/almasb/fxgl/21.1/fxgl-21.1.jar!/fxglassets/textures/particles/smoke.png
04:25:00.675 [FXGL Background Thread 1 ] DEBUG FXGLAssetLoaderServi - Loading from file system: jar:file:///home/avrann/.m2/repository/com/github/almasb/fxgl/21.1/fxgl-21.1.jar!/fxglassets/textures/particles/trace_horizontal.png
04:25:00.694 [FXGL Background Thread 1 ] DEBUG FXGLAssetLoaderServi - Loading from file system: file:/home/avrann/Escritorio/Repo%20Proyecto%20DPOO/jorge.carrillo-Proyecto-POO-2025/target/classes/assets/music/menu.wav
04:25:00.764 [FXGL Background Thread 1 ] DEBUG AudioPlayer          - Playing music com.almasb.fxgl.audio.Music@3fe02e33
04:25:00.767 [FXGL Background Thread 1 ] DEBUG FXGLAssetLoaderServi - Loading from file system: file:/home/avrann/Escritorio/Repo%20Proyecto%20DPOO/jorge.carrillo-Proyecto-POO-2025/target/classes/assets/textures/fondo.png
04:25:00.865 [FXGL Background Thread 1 ] DEBUG FXGL.DefaultMenu     - createMenuBodyGameMenu()
04:25:00.866 [FXGL Background Thread 1 ] DEBUG FXGL.DefaultMenu     - createOptionsMenu()
04:25:00.878 [FXGL Background Thread 1 ] DEBUG GameApplicationServi - Application scenes initialized
04:25:00.885 [FXGL Background Thread 1 ] DEBUG SystemBundleService  - Loading FXGL system data
04:25:00.887 [FXGL Background Thread 1 ] DEBUG FileSystemAccess     - Reading from: /home/avrann/Escritorio/Repo Proyecto DPOO/jorge.carrillo-Proyecto-POO-2025/system/fxgl.bundle
04:25:00.894 [FXGL Background Thread 1 ] DEBUG SystemBundleService  - Bundle FXGL: {}
04:25:00.894 [FXGL Background Thread 1 ] DEBUG UpdaterService       - Checking for updates
04:25:00.914 [FXGL Background Thread 4 ] DEBUG FXGLApplication      - Loading fonts
04:25:00.914 [FXGL Background Thread 4 ] DEBUG FXGLAssetLoaderServi - Loading from file system: jar:file:///home/avrann/.m2/repository/com/github/almasb/fxgl/21.1/fxgl-21.1.jar!/fxglassets/ui/fonts/VarelaRound-Regular.ttf
04:25:00.915 [FXGL Background Thread 1 ] DEBUG FXGLApplication      - Loading default localization
04:25:00.915 [FXGL Background Thread 1 ] DEBUG FXGLAssetLoaderServi - Loading from file system: jar:file:///home/avrann/.m2/repository/com/github/almasb/fxgl/21.1/fxgl-21.1.jar!/fxglassets/languages/english.lang
04:25:00.923 [FXGL Background Thread 4 ] DEBUG FXGLAssetLoaderServi - Loading from file system: jar:file:///home/avrann/.m2/repository/com/github/almasb/fxgl/21.1/fxgl-21.1.jar!/fxglassets/ui/fonts/Abel-Regular.ttf
04:25:00.925 [FXGL Background Thread 4 ] DEBUG FXGLAssetLoaderServi - Loading from file system: jar:file:///home/avrann/.m2/repository/com/github/almasb/fxgl/21.1/fxgl-21.1.jar!/fxglassets/ui/fonts/TerminalLandMono-Regular.otf
04:25:00.926 [FXGL Background Thread 4 ] DEBUG FXGLAssetLoaderServi - Loading from file system: jar:file:///home/avrann/.m2/repository/com/github/almasb/fxgl/21.1/fxgl-21.1.jar!/fxglassets/ui/fonts/Courier-Prime.ttf
04:25:00.932 [FXGL Background Thread 1 ] INFO  FXGLApplication      - FXGL initialization took: 0.562 sec
04:25:00.932 [JavaFX Application Thread] DEBUG FXGLApplication      - Registering font factories with UI factory
04:25:00.934 [JavaFX Application Thread] DEBUG FXGLAssetLoaderServi - Loading from file system: jar:file:///home/avrann/.m2/repository/com/github/almasb/fxgl/21.1/fxgl-21.1.jar!/fxglassets/textures/fxgl_icon.png
04:25:00.947 [JavaFX Application Thread] DEBUG FXGLAssetLoaderServi - Loading from file system: jar:file:///home/avrann/.m2/repository/com/github/almasb/fxgl/21.1/fxgl-21.1.jar!/fxglassets/textures/fxgl_default_cursor.png
04:25:00.958 [JavaFX Application Thread] DEBUG Input                - Registered new binding: Screenshot - CTRL+8
04:25:00.958 [JavaFX Application Thread] DEBUG Input                - Registered new binding: Dev Options - 1
04:25:00.958 [JavaFX Application Thread] DEBUG Input                - Registered new binding: Dev Console - 2
04:25:00.959 [JavaFX Application Thread] DEBUG Input                - Registered new binding: System info dump - CTRL+9
04:25:00.959 [JavaFX Application Thread] DEBUG Input                - Registered new binding: Restart - CTRL+R
04:25:00.959 [JavaFX Application Thread] DEBUG Input                - Registered new binding: Toggle Debug Camera - CTRL+7
04:25:00.962 [JavaFX Application Thread] DEBUG LoopRunner           - Starting loop
04:25:00.976 [JavaFX Application Thread] DEBUG LoopRunner           - Initializing JavaFX AnimationTimerLoop
04:25:00.978 [JavaFX Application Thread] DEBUG Input                - Clearing active input actions
04:25:01.004 [JavaFX Application Thread] DEBUG GameApplicationServi - Removing overlay from FXGLStartupScene and adding to FXGLMainMenuDummyScene
04:25:01.009 [JavaFX Application Thread] DEBUG PrimaryStageWindow   - FXGLStartupScene -> FXGLMainMenuDummyScene
04:25:01.009 [JavaFX Application Thread] DEBUG PrimaryStageWindow   - Push state: MyMenu
04:25:01.014 [JavaFX Application Thread] DEBUG Input                - Clearing active input actions
04:25:01.024 [JavaFX Application Thread] DEBUG GameApplicationServi - Removing overlay from FXGLMainMenuDummyScene and adding to MyMenu
04:25:01.024 [JavaFX Application Thread] DEBUG PrimaryStageWindow   - FXGLMainMenuDummyScene -> MyMenu
04:25:03.678 [JavaFX Application Thread] DEBUG Menu                 - fireNewGame()
04:25:03.678 [JavaFX Application Thread] DEBUG GameApplicationServi - Starting new game
04:25:03.681 [JavaFX Application Thread] DEBUG PrimaryStageWindow   - Pop state: MyMenu
04:25:03.681 [JavaFX Application Thread] DEBUG Input                - Clearing active input actions
04:25:03.684 [JavaFX Application Thread] DEBUG GameApplicationServi - Removing overlay from MyMenu and adding to FXGLMainMenuDummyScene
04:25:03.690 [JavaFX Application Thread] DEBUG PrimaryStageWindow   - FXGLMainMenuDummyScene <- MyMenu
04:25:03.691 [JavaFX Application Thread] DEBUG Input                - Clearing active input actions
04:25:03.700 [JavaFX Application Thread] DEBUG GameApplicationServi - Removing overlay from FXGLMainMenuDummyScene and adding to FXGLLoadingScene
04:25:03.700 [JavaFX Application Thread] DEBUG PrimaryStageWindow   - FXGLMainMenuDummyScene -> FXGLLoadingScene
04:25:03.700 [JavaFX Application Thread] DEBUG GameApplicationServi - Clearing previous game
04:25:03.700 [JavaFX Application Thread] DEBUG GameScene            - Clearing game scene
04:25:03.700 [JavaFX Application Thread] DEBUG GameWorld            - Clearing game world
04:25:03.700 [JavaFX Application Thread] DEBUG PhysicsWorld         - Clearing physics world
04:25:03.701 [FXGL Background Thread 2 ] DEBUG FXGLApplication      - Initializing game
04:25:03.864 [FXGL Background Thread 2 ] DEBUG AudioPlayer          - Stopping music com.almasb.fxgl.audio.Music@3fe02e33
04:25:03.900 [FXGL Background Thread 2 ] DEBUG FXGLAssetLoaderServi - Loading from file system: file:/home/avrann/Escritorio/Repo%20Proyecto%20DPOO/jorge.carrillo-Proyecto-POO-2025/target/classes/assets/music/loading.wav
04:25:03.910 [FXGL Background Thread 3 ] DEBUG Engine               - Logging environment variables
04:25:03.911 [FXGL Background Thread 3 ] DEBUG Engine               - achievements: []
04:25:03.911 [FXGL Background Thread 3 ] DEBUG Engine               - actualHeight: 912.2761840820312
04:25:03.911 [FXGL Background Thread 3 ] DEBUG Engine               - actualHeightProperty: ReadOnlyDoubleProperty [value: 941.3671875]
04:25:03.911 [FXGL Background Thread 3 ] DEBUG Engine               - actualWidth: 1660.0
04:25:03.913 [FXGL Background Thread 2 ] DEBUG AudioPlayer          - Playing music com.almasb.fxgl.audio.Music@23327ad6
04:25:03.913 [FXGL Background Thread 3 ] DEBUG Engine               - actualWidthProperty: ReadOnlyDoubleProperty [value: 1660.0]
04:25:03.913 [FXGL Background Thread 3 ] DEBUG Engine               - appIcon: fxgl_icon.png
04:25:03.913 [FXGL Background Thread 3 ] DEBUG Engine               - applicationMode: DEVELOPER
04:25:03.913 [FXGL Background Thread 3 ] DEBUG Engine               - cSSList: [fxgl_dark.css]
04:25:03.913 [FXGL Background Thread 3 ] DEBUG Engine               - collisionDetectionStrategy: BRUTE_FORCE
04:25:03.913 [FXGL Background Thread 3 ] DEBUG Engine               - configClass: Optional.empty
04:25:03.914 [FXGL Background Thread 3 ] DEBUG Engine               - credits: []
04:25:03.916 [FXGL Background Thread 3 ] DEBUG Engine               - defaultCursor: CursorInfo(imageName=fxgl_default_cursor.png, hotspotX=7.0, hotspotY=6.0)
04:25:03.916 [FXGL Background Thread 3 ] DEBUG Engine               - devBBoxColorProperty: ObjectProperty [value: 0xff0000ff]
04:25:03.916 [FXGL Background Thread 3 ] DEBUG Engine               - devEnableDebugCameraProperty: BooleanProperty [value: false]
04:25:03.916 [FXGL Background Thread 3 ] DEBUG Engine               - devSensorColorProperty: ObjectProperty [value: 0xffff00ff]
04:25:03.916 [FXGL Background Thread 3 ] DEBUG Engine               - devShowBBoxProperty: BooleanProperty [value: false]
04:25:03.918 [FXGL Background Thread 3 ] DEBUG Engine               - devShowPositionProperty: BooleanProperty [value: false]
04:25:03.918 [FXGL Background Thread 3 ] DEBUG Engine               - enabledMenuItems: []
04:25:03.919 [FXGL Background Thread 3 ] DEBUG Engine               - engineServices: [class com.almasb.fxgl.app.services.FXGLAssetLoaderService, class com.almasb.fxgl.app.FXGLApplication$GameApplicationService, class com.almasb.fxgl.app.services.FXGLDialogService, class com.almasb.fxgl.app.services.IOTaskExecutorService, class com.almasb.fxgl.io.FileSystemService, class com.almasb.fxgl.localization.LocalizationService, class com.almasb.fxgl.app.services.SystemBundleService, class com.almasb.fxgl.profile.SaveLoadService, class com.almasb.fxgl.ui.FXGLUIFactoryServiceProvider, class com.almasb.fxgl.ui.FXGLDialogFactoryServiceProvider, class com.almasb.fxgl.audio.AudioPlayer, class com.almasb.fxgl.notification.impl.NotificationServiceProvider, class com.almasb.fxgl.achievement.AchievementService, class com.almasb.fxgl.cutscene.CutsceneService, class com.almasb.fxgl.minigames.MiniGameService, class com.almasb.fxgl.net.NetService, class com.almasb.fxgl.app.services.UpdaterService, class com.almasb.fxgl.dev.DevService]
04:25:03.919 [FXGL Background Thread 3 ] DEBUG Engine               - fontGame: Abel-Regular.ttf
04:25:03.919 [FXGL Background Thread 3 ] DEBUG Engine               - fontMono: TerminalLandMono-Regular.otf
04:25:03.920 [FXGL Background Thread 3 ] DEBUG Engine               - fontSizeScaleUI: 1.0
04:25:03.920 [FXGL Background Thread 3 ] DEBUG Engine               - fontText: Courier-Prime.ttf
04:25:03.920 [FXGL Background Thread 3 ] DEBUG Engine               - fontUI: VarelaRound-Regular.ttf
04:25:03.920 [FXGL Background Thread 3 ] DEBUG Engine               - fullScreen: BooleanProperty [value: false]
04:25:03.920 [FXGL Background Thread 3 ] DEBUG Engine               - gameDifficulty: MEDIUM
04:25:03.920 [FXGL Background Thread 3 ] DEBUG Engine               - gameDifficultyProperty: ObjectProperty [value: MEDIUM]
04:25:03.920 [FXGL Background Thread 3 ] DEBUG Engine               - globalMusicVolume: 0.5
04:25:03.920 [FXGL Background Thread 3 ] DEBUG Engine               - globalMusicVolumeProperty: DoubleProperty [value: 0.5]
04:25:03.921 [FXGL Background Thread 3 ] DEBUG Engine               - globalSoundVolume: 0.5
04:25:03.921 [FXGL Background Thread 3 ] DEBUG Engine               - globalSoundVolumeProperty: DoubleProperty [value: 0.5]
04:25:03.921 [FXGL Background Thread 3 ] DEBUG Engine               - height: 1080
04:25:03.921 [FXGL Background Thread 3 ] DEBUG Engine               - is3D: false
04:25:03.921 [FXGL Background Thread 3 ] DEBUG Engine               - isAndroid: false
04:25:03.921 [FXGL Background Thread 3 ] DEBUG Engine               - isBrowser: false
04:25:03.921 [FXGL Background Thread 3 ] DEBUG Engine               - isClickFeedbackEnabled: false
04:25:03.921 [FXGL Background Thread 3 ] DEBUG Engine               - isCloseConfirmation: false
04:25:03.921 [FXGL Background Thread 3 ] DEBUG Engine               - isDesktop: true
04:25:03.921 [FXGL Background Thread 3 ] DEBUG Engine               - isDeveloperMenuEnabled: true
04:25:03.921 [FXGL Background Thread 3 ] DEBUG Engine               - isEmbedded: false
04:25:03.921 [FXGL Background Thread 3 ] DEBUG Engine               - isEntityPreloadEnabled: true
04:25:03.921 [FXGL Background Thread 3 ] DEBUG Engine               - isExperimentalTiledLargeMap: false
04:25:03.921 [FXGL Background Thread 3 ] DEBUG Engine               - isFileSystemWriteAllowed: true
04:25:03.921 [FXGL Background Thread 3 ] DEBUG Engine               - isFullScreenAllowed: false
04:25:03.921 [FXGL Background Thread 3 ] DEBUG Engine               - isFullScreenFromStart: false
04:25:03.923 [FXGL Background Thread 3 ] DEBUG Engine               - isGameMenuEnabled: true
04:25:03.923 [FXGL Background Thread 3 ] DEBUG Engine               - isIOS: false
04:25:03.924 [FXGL Background Thread 3 ] DEBUG Engine               - isIntroEnabled: false
04:25:03.924 [FXGL Background Thread 3 ] DEBUG Engine               - isLinux: true
04:25:03.924 [FXGL Background Thread 3 ] DEBUG Engine               - isMac: false
04:25:03.924 [FXGL Background Thread 3 ] DEBUG Engine               - isMainMenuEnabled: true
04:25:03.924 [FXGL Background Thread 3 ] DEBUG Engine               - isManualResizeEnabled: false
04:25:03.924 [FXGL Background Thread 3 ] DEBUG Engine               - isMobile: false
04:25:03.924 [FXGL Background Thread 3 ] DEBUG Engine               - isNative: false
04:25:03.924 [FXGL Background Thread 3 ] DEBUG Engine               - isPauseMusicWhenMinimized: true
04:25:03.924 [FXGL Background Thread 3 ] DEBUG Engine               - isPreserveResizeRatio: false
04:25:03.924 [FXGL Background Thread 3 ] DEBUG Engine               - isProfilingEnabled: false
04:25:03.924 [FXGL Background Thread 3 ] DEBUG Engine               - isScaleAffectedOnResize: true
04:25:03.924 [FXGL Background Thread 3 ] DEBUG Engine               - isSingleStep: false
04:25:03.924 [FXGL Background Thread 3 ] DEBUG Engine               - isUserProfileEnabled: false
04:25:03.925 [FXGL Background Thread 3 ] DEBUG Engine               - isWindows: false
04:25:03.925 [FXGL Background Thread 3 ] DEBUG Engine               - language: ObjectProperty [value: ENGLISH]
04:25:03.925 [FXGL Background Thread 3 ] DEBUG Engine               - menuKey: ESCAPE
04:25:03.925 [FXGL Background Thread 3 ] DEBUG Engine               - mouseSensitivity: 0.2
04:25:03.925 [FXGL Background Thread 3 ] DEBUG Engine               - notificationViewClass: class com.almasb.fxgl.notification.view.XboxNotificationView
04:25:03.925 [FXGL Background Thread 3 ] DEBUG Engine               - pixelsPerMeter: 50.0
04:25:03.925 [FXGL Background Thread 3 ] DEBUG Engine               - platform: LINUX
04:25:03.925 [FXGL Background Thread 3 ] DEBUG Engine               - prefHeightProperty: ReadOnlyDoubleProperty [value: 1080.0]
04:25:03.925 [FXGL Background Thread 3 ] DEBUG Engine               - prefWidthProperty: ReadOnlyDoubleProperty [value: 1920.0]
04:25:03.926 [FXGL Background Thread 3 ] DEBUG Engine               - profileDir: profiles/
04:25:03.926 [FXGL Background Thread 3 ] DEBUG Engine               - profileName: StringProperty [value: DEFAULT]
04:25:03.926 [FXGL Background Thread 3 ] DEBUG Engine               - randomSeed: -1
04:25:03.927 [FXGL Background Thread 3 ] DEBUG Engine               - runtimeInfo: RuntimeInfo(platform=LINUX, version=21.1, build=27.03.2024 07.52)
04:25:03.928 [FXGL Background Thread 3 ] DEBUG Engine               - saveFileExt: sav
04:25:03.928 [FXGL Background Thread 3 ] DEBUG Engine               - scaledHeightProp$fxgl: DoubleProperty [bound, value: 941.3671875]
04:25:03.929 [FXGL Background Thread 3 ] DEBUG Engine               - scaledWidthProp$fxgl: DoubleProperty [bound, value: 1660.0]
04:25:03.929 [FXGL Background Thread 3 ] DEBUG Engine               - sceneFactory: App.Game.GameApp$1@4ab779fa
04:25:03.929 [FXGL Background Thread 3 ] DEBUG Engine               - secondsIn24h: 60
04:25:03.929 [FXGL Background Thread 3 ] DEBUG Engine               - soundMenuBack: menu/back.wav
04:25:03.929 [FXGL Background Thread 3 ] DEBUG Engine               - soundMenuPress: menu/press.wav
04:25:03.929 [FXGL Background Thread 3 ] DEBUG Engine               - soundMenuSelect: menu/select.wav
04:25:03.929 [FXGL Background Thread 3 ] DEBUG Engine               - soundNotification: core/notification.wav
04:25:03.930 [FXGL Background Thread 3 ] DEBUG Engine               - stageStyle: DECORATED
04:25:03.930 [FXGL Background Thread 3 ] DEBUG Engine               - supportedLanguages: [ENGLISH, FRENCH, GERMAN, HUNGARIAN, RUSSIAN]
04:25:03.930 [FXGL Background Thread 3 ] DEBUG Engine               - ticksPerSecond: -1
04:25:03.930 [FXGL Background Thread 3 ] DEBUG Engine               - title: Pruebas en FXGL
04:25:03.930 [FXGL Background Thread 3 ] DEBUG Engine               - urlGithub: https://github.com/AlmasB/FXGL
04:25:03.931 [FXGL Background Thread 3 ] DEBUG Engine               - urlLeaderboard: http://fxgl-top.herokuapp.com/
04:25:03.931 [FXGL Background Thread 3 ] DEBUG Engine               - urlPOM: https://raw.githubusercontent.com/AlmasB/FXGL/release/README.md
04:25:03.931 [FXGL Background Thread 3 ] DEBUG Engine               - userAppClass: class App.Game.GameApp
04:25:03.931 [FXGL Background Thread 3 ] DEBUG Engine               - version: 0.0
04:25:03.931 [FXGL Background Thread 3 ] DEBUG Engine               - versionCheckDays: 7
04:25:03.931 [FXGL Background Thread 3 ] DEBUG Engine               - width: 1920
04:25:03.931 [FXGL Background Thread 3 ] DEBUG Engine               - Logging services
04:25:03.931 [FXGL Background Thread 3 ] DEBUG Engine               - class com.almasb.fxgl.app.services.FXGLAssetLoaderService
04:25:03.931 [FXGL Background Thread 3 ] DEBUG Engine               - class com.almasb.fxgl.app.FXGLApplication$GameApplicationService
04:25:03.931 [FXGL Background Thread 3 ] DEBUG Engine               - class com.almasb.fxgl.app.services.FXGLDialogService
04:25:03.931 [FXGL Background Thread 3 ] DEBUG Engine               - class com.almasb.fxgl.app.services.IOTaskExecutorService
04:25:03.931 [FXGL Background Thread 3 ] DEBUG Engine               - class com.almasb.fxgl.io.FileSystemService
04:25:03.931 [FXGL Background Thread 3 ] DEBUG Engine               - class com.almasb.fxgl.localization.LocalizationService
04:25:03.931 [FXGL Background Thread 3 ] DEBUG Engine               - class com.almasb.fxgl.app.services.SystemBundleService
04:25:03.931 [FXGL Background Thread 3 ] DEBUG Engine               - class com.almasb.fxgl.profile.SaveLoadService
04:25:03.931 [FXGL Background Thread 3 ] DEBUG Engine               - class com.almasb.fxgl.ui.FXGLUIFactoryServiceProvider
04:25:03.931 [FXGL Background Thread 3 ] DEBUG Engine               - class com.almasb.fxgl.ui.FXGLDialogFactoryServiceProvider
04:25:03.936 [FXGL Background Thread 3 ] DEBUG Engine               - class com.almasb.fxgl.audio.AudioPlayer
04:25:03.936 [FXGL Background Thread 3 ] DEBUG Engine               - class com.almasb.fxgl.notification.impl.NotificationServiceProvider
04:25:03.936 [FXGL Background Thread 3 ] DEBUG Engine               - class com.almasb.fxgl.achievement.AchievementService
04:25:03.936 [FXGL Background Thread 3 ] DEBUG Engine               - class com.almasb.fxgl.cutscene.CutsceneService
04:25:03.936 [FXGL Background Thread 3 ] DEBUG Engine               - class com.almasb.fxgl.minigames.MiniGameService
04:25:03.936 [FXGL Background Thread 3 ] DEBUG Engine               - class com.almasb.fxgl.net.NetService
04:25:03.936 [FXGL Background Thread 3 ] DEBUG Engine               - class com.almasb.fxgl.app.services.UpdaterService
04:25:03.936 [FXGL Background Thread 3 ] DEBUG Engine               - class com.almasb.fxgl.dev.DevService
04:25:03.968 [FXGL Background Thread 2 ] DEBUG TMXLevelLoader       - Parsed TiledMap: file:/home/avrann/Escritorio/Repo%20Proyecto%20DPOO/jorge.carrillo-Proyecto-POO-2025/target/classes/assets/levels/level_01.tmx
04:25:03.969 [FXGL Background Thread 2 ] DEBUG TMXLevelLoader       - Creating tile layer entities
04:25:03.971 [FXGL Background Thread 2 ] DEBUG TilesetLoader        - Loading view for layer Capa de patrones 1
04:25:03.973 [FXGL Background Thread 2 ] DEBUG TilesetLoader        - Created buffer with size 2000.0x1500.0
04:25:03.997 [FXGL Background Thread 2 ] WARN  TilesetLoader        - Diagonally flipped tiles are not currently supported
04:25:03.999 [FXGL Background Thread 2 ] WARN  TilesetLoader        - Diagonally flipped tiles are not currently supported
04:25:04.000 [FXGL Background Thread 2 ] WARN  TilesetLoader        - Diagonally flipped tiles are not currently supported
04:25:04.001 [FXGL Background Thread 2 ] WARN  TilesetLoader        - Diagonally flipped tiles are not currently supported
04:25:04.003 [FXGL Background Thread 2 ] WARN  TilesetLoader        - Diagonally flipped tiles are not currently supported
04:25:04.012 [FXGL Background Thread 2 ] WARN  TilesetLoader        - Diagonally flipped tiles are not currently supported
04:25:04.014 [FXGL Background Thread 2 ] WARN  TilesetLoader        - Diagonally flipped tiles are not currently supported
04:25:04.019 [FXGL Background Thread 2 ] WARN  TilesetLoader        - Diagonally flipped tiles are not currently supported
04:25:04.021 [FXGL Background Thread 2 ] WARN  TilesetLoader        - Diagonally flipped tiles are not currently supported
04:25:04.023 [FXGL Background Thread 2 ] WARN  TilesetLoader        - Diagonally flipped tiles are not currently supported
04:25:04.026 [FXGL Background Thread 2 ] WARN  TilesetLoader        - Diagonally flipped tiles are not currently supported
04:25:04.027 [FXGL Background Thread 2 ] DEBUG TilesetLoader        - Loading view for layer Capa de Decoracion
04:25:04.032 [FXGL Background Thread 2 ] DEBUG TilesetLoader        - Created buffer with size 2000.0x1500.0
04:25:04.053 [FXGL Background Thread 2 ] WARN  TilesetLoader        - Diagonally flipped tiles are not currently supported
04:25:04.054 [FXGL Background Thread 2 ] WARN  TilesetLoader        - Diagonally flipped tiles are not currently supported
04:25:04.077 [FXGL Background Thread 2 ] WARN  TilesetLoader        - Diagonally flipped tiles are not currently supported
04:25:04.078 [FXGL Background Thread 2 ] WARN  TilesetLoader        - Diagonally flipped tiles are not currently supported
04:25:04.080 [FXGL Background Thread 2 ] DEBUG TMXLevelLoader       - Creating object layer entities
04:25:04.113 [FXGL Background Thread 2 ] DEBUG GameWorld            - Clearing removable entities
04:25:04.161 [FXGL Background Thread 2 ] DEBUG GameWorld            - Setting level: com.almasb.fxgl.entity.level.Level@29701b3c
04:25:04.184 [FXGL Background Thread 2 ] DEBUG FXGLAssetLoaderServi - Loading from file system: file:/home/avrann/Escritorio/Repo%20Proyecto%20DPOO/jorge.carrillo-Proyecto-POO-2025/target/classes/assets/textures/droidatack_basic.png
04:25:04.188 [FXGL Background Thread 2 ] DEBUG FXGLAssetLoaderServi - Loading from file system: file:/home/avrann/Escritorio/Repo%20Proyecto%20DPOO/jorge.carrillo-Proyecto-POO-2025/target/classes/assets/textures/droididle.png
04:25:04.189 [FXGL Background Thread 2 ] WARN  FXGLAssetLoaderServi - Asset "/assets/textures/droidcaminando.png" was not found!
04:25:04.190 [FXGL Background Thread 2 ] WARN  FXGLAssetLoaderServi - Failed to load IMAGE
04:25:04.197 [FXGL Background Thread 2 ] WARN  FXGLAssetLoaderServi - Asset "/assets/textures/droidadelante.png" was not found!
04:25:04.197 [FXGL Background Thread 2 ] WARN  FXGLAssetLoaderServi - Failed to load IMAGE
04:25:04.197 [FXGL Background Thread 2 ] WARN  FXGLAssetLoaderServi - Asset "/assets/textures/droidatras.png" was not found!
04:25:04.197 [FXGL Background Thread 2 ] WARN  FXGLAssetLoaderServi - Failed to load IMAGE
04:25:04.198 [FXGL Background Thread 2 ] DEBUG FXGLAssetLoaderServi - Loading from file system: file:/home/avrann/Escritorio/Repo%20Proyecto%20DPOO/jorge.carrillo-Proyecto-POO-2025/target/classes/assets/textures/droiddeat.png
04:25:04.201 [FXGL Background Thread 2 ] WARN  GameWorld            - Entity is already attached to world
04:25:04.202 [FXGL Background Thread 2 ] WARN  FXGLAssetLoaderServi - Asset "/assets/textures/droidcaminando.png" was not found!
04:25:04.202 [FXGL Background Thread 2 ] WARN  FXGLAssetLoaderServi - Failed to load IMAGE
04:25:04.202 [FXGL Background Thread 2 ] WARN  FXGLAssetLoaderServi - Asset "/assets/textures/droidadelante.png" was not found!
04:25:04.203 [FXGL Background Thread 2 ] WARN  FXGLAssetLoaderServi - Failed to load IMAGE
04:25:04.203 [FXGL Background Thread 2 ] WARN  FXGLAssetLoaderServi - Asset "/assets/textures/droidatras.png" was not found!
04:25:04.203 [FXGL Background Thread 2 ] WARN  FXGLAssetLoaderServi - Failed to load IMAGE
04:25:04.204 [FXGL Background Thread 2 ] WARN  GameWorld            - Entity is already attached to world
04:25:04.206 [FXGL Background Thread 2 ] DEBUG FXGLAssetLoaderServi - Loading from file system: file:/home/avrann/Escritorio/Repo%20Proyecto%20DPOO/jorge.carrillo-Proyecto-POO-2025/target/classes/assets/textures/droid2atack_basic.png
04:25:04.207 [FXGL Background Thread 2 ] DEBUG FXGLAssetLoaderServi - Loading from file system: file:/home/avrann/Escritorio/Repo%20Proyecto%20DPOO/jorge.carrillo-Proyecto-POO-2025/target/classes/assets/textures/droid2idle.png
04:25:04.208 [FXGL Background Thread 2 ] WARN  FXGLAssetLoaderServi - Asset "/assets/textures/droid2caminando.png" was not found!
04:25:04.208 [FXGL Background Thread 2 ] WARN  FXGLAssetLoaderServi - Failed to load IMAGE
04:25:04.208 [FXGL Background Thread 2 ] WARN  FXGLAssetLoaderServi - Asset "/assets/textures/droid2adelante.png" was not found!
04:25:04.208 [FXGL Background Thread 2 ] WARN  FXGLAssetLoaderServi - Failed to load IMAGE
04:25:04.208 [FXGL Background Thread 2 ] WARN  FXGLAssetLoaderServi - Asset "/assets/textures/droid2atras.png" was not found!
04:25:04.208 [FXGL Background Thread 2 ] WARN  FXGLAssetLoaderServi - Failed to load IMAGE
04:25:04.209 [FXGL Background Thread 2 ] DEBUG FXGLAssetLoaderServi - Loading from file system: file:/home/avrann/Escritorio/Repo%20Proyecto%20DPOO/jorge.carrillo-Proyecto-POO-2025/target/classes/assets/textures/droid2deat.png
04:25:04.210 [FXGL Background Thread 2 ] WARN  GameWorld            - Entity is already attached to world
04:25:04.211 [FXGL Background Thread 2 ] WARN  FXGLAssetLoaderServi - Asset "/assets/textures/droid2caminando.png" was not found!
04:25:04.211 [FXGL Background Thread 2 ] WARN  FXGLAssetLoaderServi - Failed to load IMAGE
04:25:04.211 [FXGL Background Thread 2 ] WARN  FXGLAssetLoaderServi - Asset "/assets/textures/droid2adelante.png" was not found!
04:25:04.212 [FXGL Background Thread 2 ] WARN  FXGLAssetLoaderServi - Failed to load IMAGE
04:25:04.212 [FXGL Background Thread 2 ] WARN  FXGLAssetLoaderServi - Asset "/assets/textures/droid2atras.png" was not found!
04:25:04.212 [FXGL Background Thread 2 ] WARN  FXGLAssetLoaderServi - Failed to load IMAGE
04:25:04.212 [FXGL Background Thread 2 ] WARN  GameWorld            - Entity is already attached to world
04:25:04.213 [FXGL Background Thread 2 ] DEBUG FXGLAssetLoaderServi - Loading from file system: file:/home/avrann/Escritorio/Repo%20Proyecto%20DPOO/jorge.carrillo-Proyecto-POO-2025/target/classes/assets/textures/droid3atack_basic.png
04:25:04.215 [FXGL Background Thread 2 ] DEBUG FXGLAssetLoaderServi - Loading from file system: file:/home/avrann/Escritorio/Repo%20Proyecto%20DPOO/jorge.carrillo-Proyecto-POO-2025/target/classes/assets/textures/droid3idle.png
04:25:04.216 [FXGL Background Thread 2 ] WARN  FXGLAssetLoaderServi - Asset "/assets/textures/droid3caminando.png" was not found!
04:25:04.216 [FXGL Background Thread 2 ] WARN  FXGLAssetLoaderServi - Failed to load IMAGE
04:25:04.216 [FXGL Background Thread 2 ] WARN  FXGLAssetLoaderServi - Asset "/assets/textures/droid3adelante.png" was not found!
04:25:04.216 [FXGL Background Thread 2 ] WARN  FXGLAssetLoaderServi - Failed to load IMAGE
04:25:04.216 [FXGL Background Thread 2 ] WARN  FXGLAssetLoaderServi - Asset "/assets/textures/droid3atras.png" was not found!
04:25:04.217 [FXGL Background Thread 2 ] WARN  FXGLAssetLoaderServi - Failed to load IMAGE
04:25:04.217 [FXGL Background Thread 2 ] DEBUG FXGLAssetLoaderServi - Loading from file system: file:/home/avrann/Escritorio/Repo%20Proyecto%20DPOO/jorge.carrillo-Proyecto-POO-2025/target/classes/assets/textures/droid3deat.png
04:25:04.219 [FXGL Background Thread 2 ] WARN  GameWorld            - Entity is already attached to world
04:25:04.220 [FXGL Background Thread 2 ] WARN  FXGLAssetLoaderServi - Asset "/assets/textures/droid3caminando.png" was not found!
04:25:04.220 [FXGL Background Thread 2 ] WARN  FXGLAssetLoaderServi - Failed to load IMAGE
04:25:04.220 [FXGL Background Thread 2 ] WARN  FXGLAssetLoaderServi - Asset "/assets/textures/droid3adelante.png" was not found!
04:25:04.220 [FXGL Background Thread 2 ] WARN  FXGLAssetLoaderServi - Failed to load IMAGE
04:25:04.221 [FXGL Background Thread 2 ] WARN  FXGLAssetLoaderServi - Asset "/assets/textures/droid3atras.png" was not found!
04:25:04.221 [FXGL Background Thread 2 ] WARN  FXGLAssetLoaderServi - Failed to load IMAGE
04:25:04.222 [FXGL Background Thread 2 ] WARN  GameWorld            - Entity is already attached to world
04:25:04.222 [FXGL Background Thread 2 ] DEBUG FXGLAssetLoaderServi - Loading from file system: file:/home/avrann/Escritorio/Repo%20Proyecto%20DPOO/jorge.carrillo-Proyecto-POO-2025/target/classes/assets/textures/cyborgatack_special.png
04:25:04.225 [FXGL Background Thread 2 ] DEBUG FXGLAssetLoaderServi - Loading from file system: file:/home/avrann/Escritorio/Repo%20Proyecto%20DPOO/jorge.carrillo-Proyecto-POO-2025/target/classes/assets/textures/cyborgatack_basic.png
04:25:04.226 [FXGL Background Thread 2 ] DEBUG FXGLAssetLoaderServi - Loading from file system: file:/home/avrann/Escritorio/Repo%20Proyecto%20DPOO/jorge.carrillo-Proyecto-POO-2025/target/classes/assets/textures/cyborgidle.png
04:25:04.229 [FXGL Background Thread 2 ] DEBUG FXGLAssetLoaderServi - Loading from file system: file:/home/avrann/Escritorio/Repo%20Proyecto%20DPOO/jorge.carrillo-Proyecto-POO-2025/target/classes/assets/textures/cyborgcaminando.png
04:25:04.230 [FXGL Background Thread 2 ] DEBUG FXGLAssetLoaderServi - Loading from file system: file:/home/avrann/Escritorio/Repo%20Proyecto%20DPOO/jorge.carrillo-Proyecto-POO-2025/target/classes/assets/textures/cyborgadelante.png
04:25:04.231 [FXGL Background Thread 2 ] DEBUG FXGLAssetLoaderServi - Loading from file system: file:/home/avrann/Escritorio/Repo%20Proyecto%20DPOO/jorge.carrillo-Proyecto-POO-2025/target/classes/assets/textures/cyborgatras.png
04:25:04.233 [FXGL Background Thread 2 ] DEBUG FXGLAssetLoaderServi - Loading from file system: file:/home/avrann/Escritorio/Repo%20Proyecto%20DPOO/jorge.carrillo-Proyecto-POO-2025/target/classes/assets/textures/cyborgdeat.png
04:25:04.234 [FXGL Background Thread 2 ] WARN  GameWorld            - Entity is already attached to world
04:25:04.235 [FXGL Background Thread 2 ] DEBUG FXGLAssetLoaderServi - Loading from file system: file:/home/avrann/Escritorio/Repo%20Proyecto%20DPOO/jorge.carrillo-Proyecto-POO-2025/target/classes/assets/textures/lifeitem.png
04:25:04.236 [FXGL Background Thread 2 ] WARN  GameWorld            - Entity is already attached to world
04:25:04.237 [FXGL Background Thread 2 ] WARN  GameWorld            - Entity is already attached to world
04:25:04.237 [FXGL Background Thread 2 ] DEBUG FXGLAssetLoaderServi - Loading from file system: file:/home/avrann/Escritorio/Repo%20Proyecto%20DPOO/jorge.carrillo-Proyecto-POO-2025/target/classes/assets/textures/atackitem.png
04:25:04.239 [FXGL Background Thread 2 ] WARN  GameWorld            - Entity is already attached to world
04:25:04.240 [FXGL Background Thread 2 ] WARN  GameWorld            - Entity is already attached to world
04:25:04.240 [FXGL Background Thread 2 ] DEBUG Input                - Registered new binding: Mover Arriba - W
04:25:04.240 [FXGL Background Thread 2 ] DEBUG Input                - Registered new binding: Mover Abajo - S
04:25:04.240 [FXGL Background Thread 2 ] DEBUG Input                - Registered new binding: Mover Izquierda - A
04:25:04.240 [FXGL Background Thread 2 ] DEBUG Input                - Registered new binding: Mover Derecha - D
04:25:04.241 [FXGL Background Thread 2 ] DEBUG FXGLAssetLoaderServi - Loading from file system: file:/home/avrann/Escritorio/Repo%20Proyecto%20DPOO/jorge.carrillo-Proyecto-POO-2025/target/classes/assets/textures/botonGameMenu.png
04:25:04.242 [FXGL Background Thread 2 ] DEBUG FXGLAssetLoaderServi - Loading from file system: file:/home/avrann/Escritorio/Repo%20Proyecto%20DPOO/jorge.carrillo-Proyecto-POO-2025/target/classes/assets/textures/buttonMainMenu.png
04:25:04.242 [FXGL Background Thread 2 ] DEBUG FXGLAssetLoaderServi - Loading from file system: file:/home/avrann/Escritorio/Repo%20Proyecto%20DPOO/jorge.carrillo-Proyecto-POO-2025/target/classes/assets/textures/specialPointBar.png
04:25:04.243 [FXGL Background Thread 2 ] DEBUG FXGLAssetLoaderServi - Loading from file system: file:/home/avrann/Escritorio/Repo%20Proyecto%20DPOO/jorge.carrillo-Proyecto-POO-2025/target/classes/assets/textures/statBar.png
04:25:04.243 [FXGL Background Thread 2 ] DEBUG FXGLAssetLoaderServi - Loading from file system: file:/home/avrann/Escritorio/Repo%20Proyecto%20DPOO/jorge.carrillo-Proyecto-POO-2025/target/classes/assets/textures/statAtackBar.png
04:25:04.245 [FXGL Background Thread 2 ] DEBUG FXGLAssetLoaderServi - Loading from file system: file:/home/avrann/Escritorio/Repo%20Proyecto%20DPOO/jorge.carrillo-Proyecto-POO-2025/target/classes/assets/textures/specialPoint.png
04:25:04.245 [FXGL Background Thread 2 ] DEBUG FXGLAssetLoaderServi - Loading from file system: file:/home/avrann/Escritorio/Repo%20Proyecto%20DPOO/jorge.carrillo-Proyecto-POO-2025/target/classes/assets/textures/atackSpecialButton.png
04:25:04.245 [FXGL Background Thread 2 ] DEBUG FXGLAssetLoaderServi - Loading from file system: file:/home/avrann/Escritorio/Repo%20Proyecto%20DPOO/jorge.carrillo-Proyecto-POO-2025/target/classes/assets/textures/barra_enemigo.png
04:25:04.247 [FXGL Background Thread 2 ] DEBUG FXGLAssetLoaderServi - Loading from file system: file:/home/avrann/Escritorio/Repo%20Proyecto%20DPOO/jorge.carrillo-Proyecto-POO-2025/target/classes/assets/textures/life_point_enemi.png
04:25:04.247 [FXGL Background Thread 2 ] DEBUG FXGLAssetLoaderServi - Loading from file system: file:/home/avrann/Escritorio/Repo%20Proyecto%20DPOO/jorge.carrillo-Proyecto-POO-2025/target/classes/assets/textures/life_bar.png
04:25:04.249 [FXGL Background Thread 2 ] DEBUG FXGLAssetLoaderServi - Loading from file system: file:/home/avrann/Escritorio/Repo%20Proyecto%20DPOO/jorge.carrillo-Proyecto-POO-2025/target/classes/assets/textures/life_point.png
04:25:04.249 [FXGL Background Thread 2 ] DEBUG FXGLAssetLoaderServi - Loading from file system: file:/home/avrann/Escritorio/Repo%20Proyecto%20DPOO/jorge.carrillo-Proyecto-POO-2025/target/classes/assets/textures/atackBasicButton.png
04:25:04.251 [FXGL Background Thread 2 ] DEBUG FXGLAssetLoaderServi - Loading from file system: file:/home/avrann/Escritorio/Repo%20Proyecto%20DPOO/jorge.carrillo-Proyecto-POO-2025/target/classes/assets/textures/combat_panel.png
04:25:04.269 [FXGL Background Thread 2 ] INFO  FXGLApplication      - Game initialization took: 0.567 sec
04:25:04.290 [JavaFX Application Thread] DEBUG Input                - Clearing active input actions
04:25:04.306 [JavaFX Application Thread] DEBUG GameApplicationServi - Removing overlay from FXGLLoadingScene and adding to GameScene
04:25:04.314 [JavaFX Application Thread] DEBUG PrimaryStageWindow   - FXGLLoadingScene -> GameScene
04:25:05.455 [JavaFX Application Thread] DEBUG FXGLApplication      - Exiting FXGL
04:25:05.455 [JavaFX Application Thread] DEBUG LoopRunner           - Stopping loop
04:25:05.455 [JavaFX Application Thread] DEBUG SystemBundleService  - Saving FXGL system data
04:25:05.456 [JavaFX Application Thread] DEBUG FileSystemAccess     - Writing to: /home/avrann/Escritorio/Repo Proyecto DPOO/jorge.carrillo-Proyecto-POO-2025/system/fxgl.bundle
04:25:05.457 [JavaFX Application Thread] DEBUG Async                - Shutting down background threads
04:25:05.457 [JavaFX Application Thread] DEBUG PrimaryStageWindow   - Closing main window
04:25:05.459 [JavaFX Application Thread] DEBUG Logger               - Closing Logger
