04:26:33.484 [main                     ] DEBUG Logger               - Configured Logger
04:26:33.506 [main                     ] DEBUG GameApplication      - Logging settings
Title: Pruebas en FXGL
Version: 0.0
Width: 1920
Height: 1080
Fullscreen: false
Intro: false
Profiling: false
Single step:false
App Mode: DEVELOPER
Menu Key: ESCAPE
Stage Style: DECORATED
Scene Factory: class App.Game.GameApp$1

04:26:33.665 [JavaFX Application Thread] DEBUG FXGLApplication      - Initializing FXGL
04:26:33.669 [JavaFX Application Thread] INFO  Engine               - FXGL-21.1 (27.03.2024 07.52) on LINUX (J:21.0.6 FX:21.0.1)
04:26:33.669 [JavaFX Application Thread] DEBUG Engine               - JRE Vendor Name: Oracle Corporation
04:26:33.669 [JavaFX Application Thread] DEBUG Engine               - Running on OS: Linux version 6.8.0-55-generic
04:26:33.670 [JavaFX Application Thread] DEBUG Engine               - Architecture: amd64
04:26:33.670 [JavaFX Application Thread] INFO  Engine               - Source code and latest versions at: https://github.com/AlmasB/FXGL
04:26:33.670 [JavaFX Application Thread] INFO  Engine               -       Ask questions and discuss at: https://github.com/AlmasB/FXGL/discussions
04:26:33.670 [JavaFX Application Thread] INFO  Engine               -              Join the FXGL chat at: https://gitter.im/AlmasB/FXGL
04:26:33.745 [JavaFX Application Thread] DEBUG PrimaryStageWindow   - Creating a JavaFX scene
04:26:33.745 [JavaFX Application Thread] DEBUG PrimaryStageWindow   - Target size > screen size
04:26:33.811 [JavaFX Application Thread] DEBUG PrimaryStageWindow   - Target settings size: 1920.0 x 1080.0
04:26:33.812 [JavaFX Application Thread] DEBUG PrimaryStageWindow   - Scaled scene size:    1660.0 x 947.0
04:26:33.812 [JavaFX Application Thread] DEBUG PrimaryStageWindow   - Scaled ratio: (0.8645833333333334, 0.8768518518518519)
04:26:33.813 [JavaFX Application Thread] DEBUG PrimaryStageWindow   - Set initial scene to FXGLStartupScene
04:26:33.815 [JavaFX Application Thread] DEBUG PrimaryStageWindow   - Opening main window
04:26:33.841 [JavaFX Application Thread] DEBUG PrimaryStageWindow   - Window border size: (0.006103515625, 35.0)
04:26:33.841 [JavaFX Application Thread] DEBUG PrimaryStageWindow   - Scaled size: 1660.0 x 912.2761840820312
04:26:33.842 [JavaFX Application Thread] DEBUG PrimaryStageWindow   - Scaled ratio: (0.8645833333333334, 0.8447001704463253)
04:26:33.842 [JavaFX Application Thread] DEBUG PrimaryStageWindow   - Scene size: 1660.0 x 947.0
04:26:33.842 [JavaFX Application Thread] DEBUG PrimaryStageWindow   - Stage size: 1660.006103515625 x 947.2761840820312
04:26:33.846 [FXGL Background Thread 1 ] DEBUG Engine               - Initializing environment variables
04:26:33.899 [FXGL Background Thread 1 ] DEBUG FXGLAssetLoaderServi - User app class for loading assets: class App.Game.GameApp
04:26:33.899 [FXGL Background Thread 1 ] DEBUG GameApplicationServi - Applying CSS: fxgl_dark.css
04:26:33.900 [FXGL Background Thread 1 ] DEBUG FXGLAssetLoaderServi - Loading from file system: jar:file:///home/avrann/.m2/repository/com/github/almasb/fxgl/21.1/fxgl-21.1.jar!/fxglassets/ui/css/fxgl_dark.css
04:26:33.954 [FXGL Background Thread 1 ] DEBUG GameApplicationServi - Initializing application scenes
04:26:34.001 [FXGL Background Thread 1 ] DEBUG GameWorld            - Game world initialized
04:26:34.058 [FXGL Background Thread 1 ] DEBUG PhysicsWorld         - Physics world initialized: appHeight=1080, physics.ppm=50.0
04:26:34.058 [FXGL Background Thread 1 ] DEBUG PhysicsWorld         - Using strategy: BRUTE_FORCE
04:26:34.061 [FXGL Background Thread 1 ] DEBUG GameScene            - Game scene initialized: 1920x1080
04:26:34.067 [FXGL Background Thread 1 ] DEBUG FXGL.DefaultMenu     - createMenuBodyMainMenu()
04:26:34.081 [FXGL Background Thread 1 ] DEBUG FXGL.DefaultMenu     - createOptionsMenu()
04:26:34.088 [FXGL Background Thread 1 ] DEBUG FXGLAssetLoaderServi - Loading from file system: jar:file:///home/avrann/.m2/repository/com/github/almasb/fxgl/21.1/fxgl-21.1.jar!/fxglassets/textures/particles/smoke.png
04:26:34.147 [FXGL Background Thread 1 ] DEBUG FXGLAssetLoaderServi - Loading from file system: jar:file:///home/avrann/.m2/repository/com/github/almasb/fxgl/21.1/fxgl-21.1.jar!/fxglassets/textures/particles/trace_horizontal.png
04:26:34.170 [FXGL Background Thread 1 ] DEBUG FXGLAssetLoaderServi - Loading from file system: file:/home/avrann/Escritorio/Repo%20Proyecto%20DPOO/jorge.carrillo-Proyecto-POO-2025/target/classes/assets/music/menu.wav
04:26:34.238 [FXGL Background Thread 1 ] DEBUG AudioPlayer          - Playing music com.almasb.fxgl.audio.Music@4cdd3fc8
04:26:34.240 [FXGL Background Thread 1 ] DEBUG FXGLAssetLoaderServi - Loading from file system: file:/home/avrann/Escritorio/Repo%20Proyecto%20DPOO/jorge.carrillo-Proyecto-POO-2025/target/classes/assets/textures/fondo.png
04:26:34.339 [FXGL Background Thread 1 ] DEBUG FXGL.DefaultMenu     - createMenuBodyGameMenu()
04:26:34.340 [FXGL Background Thread 1 ] DEBUG FXGL.DefaultMenu     - createOptionsMenu()
04:26:34.352 [FXGL Background Thread 1 ] DEBUG GameApplicationServi - Application scenes initialized
04:26:34.359 [FXGL Background Thread 1 ] DEBUG SystemBundleService  - Loading FXGL system data
04:26:34.361 [FXGL Background Thread 1 ] DEBUG FileSystemAccess     - Reading from: /home/avrann/Escritorio/Repo Proyecto DPOO/jorge.carrillo-Proyecto-POO-2025/system/fxgl.bundle
04:26:34.367 [FXGL Background Thread 1 ] DEBUG SystemBundleService  - Bundle FXGL: {}
04:26:34.368 [FXGL Background Thread 1 ] DEBUG UpdaterService       - Checking for updates
04:26:34.393 [FXGL Background Thread 4 ] DEBUG FXGLApplication      - Loading fonts
04:26:34.393 [FXGL Background Thread 4 ] DEBUG FXGLAssetLoaderServi - Loading from file system: jar:file:///home/avrann/.m2/repository/com/github/almasb/fxgl/21.1/fxgl-21.1.jar!/fxglassets/ui/fonts/VarelaRound-Regular.ttf
04:26:34.394 [FXGL Background Thread 1 ] DEBUG FXGLApplication      - Loading default localization
04:26:34.394 [FXGL Background Thread 1 ] DEBUG FXGLAssetLoaderServi - Loading from file system: jar:file:///home/avrann/.m2/repository/com/github/almasb/fxgl/21.1/fxgl-21.1.jar!/fxglassets/languages/english.lang
04:26:34.404 [FXGL Background Thread 4 ] DEBUG FXGLAssetLoaderServi - Loading from file system: jar:file:///home/avrann/.m2/repository/com/github/almasb/fxgl/21.1/fxgl-21.1.jar!/fxglassets/ui/fonts/Abel-Regular.ttf
04:26:34.406 [FXGL Background Thread 4 ] DEBUG FXGLAssetLoaderServi - Loading from file system: jar:file:///home/avrann/.m2/repository/com/github/almasb/fxgl/21.1/fxgl-21.1.jar!/fxglassets/ui/fonts/TerminalLandMono-Regular.otf
04:26:34.408 [FXGL Background Thread 4 ] DEBUG FXGLAssetLoaderServi - Loading from file system: jar:file:///home/avrann/.m2/repository/com/github/almasb/fxgl/21.1/fxgl-21.1.jar!/fxglassets/ui/fonts/Courier-Prime.ttf
04:26:34.411 [FXGL Background Thread 1 ] INFO  FXGLApplication      - FXGL initialization took: 0.565 sec
04:26:34.412 [JavaFX Application Thread] DEBUG FXGLAssetLoaderServi - Loading from file system: jar:file:///home/avrann/.m2/repository/com/github/almasb/fxgl/21.1/fxgl-21.1.jar!/fxglassets/textures/fxgl_icon.png
04:26:34.429 [JavaFX Application Thread] DEBUG FXGLAssetLoaderServi - Loading from file system: jar:file:///home/avrann/.m2/repository/com/github/almasb/fxgl/21.1/fxgl-21.1.jar!/fxglassets/textures/fxgl_default_cursor.png
04:26:34.437 [JavaFX Application Thread] DEBUG Input                - Registered new binding: Screenshot - CTRL+8
04:26:34.438 [JavaFX Application Thread] DEBUG Input                - Registered new binding: Dev Options - 1
04:26:34.438 [JavaFX Application Thread] DEBUG Input                - Registered new binding: Dev Console - 2
04:26:34.438 [JavaFX Application Thread] DEBUG Input                - Registered new binding: System info dump - CTRL+9
04:26:34.438 [JavaFX Application Thread] DEBUG Input                - Registered new binding: Restart - CTRL+R
04:26:34.439 [JavaFX Application Thread] DEBUG Input                - Registered new binding: Toggle Debug Camera - CTRL+7
04:26:34.442 [JavaFX Application Thread] DEBUG LoopRunner           - Starting loop
04:26:34.474 [JavaFX Application Thread] DEBUG LoopRunner           - Initializing JavaFX AnimationTimerLoop
04:26:34.476 [JavaFX Application Thread] DEBUG Input                - Clearing active input actions
04:26:34.485 [JavaFX Application Thread] DEBUG GameApplicationServi - Removing overlay from FXGLStartupScene and adding to FXGLMainMenuDummyScene
04:26:34.492 [JavaFX Application Thread] DEBUG PrimaryStageWindow   - FXGLStartupScene -> FXGLMainMenuDummyScene
04:26:34.492 [JavaFX Application Thread] DEBUG PrimaryStageWindow   - Push state: MyMenu
04:26:34.495 [JavaFX Application Thread] DEBUG Input                - Clearing active input actions
04:26:34.501 [JavaFX Application Thread] DEBUG GameApplicationServi - Removing overlay from FXGLMainMenuDummyScene and adding to MyMenu
04:26:34.501 [JavaFX Application Thread] DEBUG PrimaryStageWindow   - FXGLMainMenuDummyScene -> MyMenu
04:26:34.502 [JavaFX Application Thread] DEBUG FXGLApplication      - Registering font factories with UI factory
04:26:35.755 [JavaFX Application Thread] DEBUG Menu                 - fireNewGame()
04:26:35.755 [JavaFX Application Thread] DEBUG GameApplicationServi - Starting new game
04:26:35.758 [JavaFX Application Thread] DEBUG PrimaryStageWindow   - Pop state: MyMenu
04:26:35.758 [JavaFX Application Thread] DEBUG Input                - Clearing active input actions
04:26:35.760 [JavaFX Application Thread] DEBUG GameApplicationServi - Removing overlay from MyMenu and adding to FXGLMainMenuDummyScene
04:26:35.765 [JavaFX Application Thread] DEBUG PrimaryStageWindow   - FXGLMainMenuDummyScene <- MyMenu
04:26:35.766 [JavaFX Application Thread] DEBUG Input                - Clearing active input actions
04:26:35.785 [JavaFX Application Thread] DEBUG GameApplicationServi - Removing overlay from FXGLMainMenuDummyScene and adding to FXGLLoadingScene
04:26:35.785 [JavaFX Application Thread] DEBUG PrimaryStageWindow   - FXGLMainMenuDummyScene -> FXGLLoadingScene
04:26:35.786 [JavaFX Application Thread] DEBUG GameApplicationServi - Clearing previous game
04:26:35.786 [JavaFX Application Thread] DEBUG GameScene            - Clearing game scene
04:26:35.786 [JavaFX Application Thread] DEBUG GameWorld            - Clearing game world
04:26:35.786 [JavaFX Application Thread] DEBUG PhysicsWorld         - Clearing physics world
04:26:35.790 [FXGL Background Thread 2 ] DEBUG FXGLApplication      - Initializing game
04:26:36.017 [FXGL Background Thread 2 ] DEBUG AudioPlayer          - Stopping music com.almasb.fxgl.audio.Music@4cdd3fc8
04:26:36.054 [FXGL Background Thread 2 ] DEBUG FXGLAssetLoaderServi - Loading from file system: file:/home/avrann/Escritorio/Repo%20Proyecto%20DPOO/jorge.carrillo-Proyecto-POO-2025/target/classes/assets/music/loading.wav
04:26:36.063 [FXGL Background Thread 2 ] DEBUG AudioPlayer          - Playing music com.almasb.fxgl.audio.Music@3849ccf0
04:26:36.117 [FXGL Background Thread 2 ] DEBUG TMXLevelLoader       - Parsed TiledMap: file:/home/avrann/Escritorio/Repo%20Proyecto%20DPOO/jorge.carrillo-Proyecto-POO-2025/target/classes/assets/levels/level_01.tmx
04:26:36.118 [FXGL Background Thread 2 ] DEBUG TMXLevelLoader       - Creating tile layer entities
04:26:36.120 [FXGL Background Thread 2 ] DEBUG TilesetLoader        - Loading view for layer Capa de patrones 1
04:26:36.124 [FXGL Background Thread 2 ] DEBUG TilesetLoader        - Created buffer with size 2000.0x1500.0
04:26:36.156 [FXGL Background Thread 2 ] WARN  TilesetLoader        - Diagonally flipped tiles are not currently supported
04:26:36.157 [FXGL Background Thread 2 ] WARN  TilesetLoader        - Diagonally flipped tiles are not currently supported
04:26:36.158 [FXGL Background Thread 2 ] WARN  TilesetLoader        - Diagonally flipped tiles are not currently supported
04:26:36.159 [FXGL Background Thread 2 ] WARN  TilesetLoader        - Diagonally flipped tiles are not currently supported
04:26:36.162 [FXGL Background Thread 2 ] WARN  TilesetLoader        - Diagonally flipped tiles are not currently supported
04:26:36.166 [FXGL Background Thread 2 ] WARN  TilesetLoader        - Diagonally flipped tiles are not currently supported
04:26:36.166 [FXGL Background Thread 2 ] WARN  TilesetLoader        - Diagonally flipped tiles are not currently supported
04:26:36.168 [FXGL Background Thread 2 ] WARN  TilesetLoader        - Diagonally flipped tiles are not currently supported
04:26:36.169 [FXGL Background Thread 2 ] WARN  TilesetLoader        - Diagonally flipped tiles are not currently supported
04:26:36.170 [FXGL Background Thread 2 ] WARN  TilesetLoader        - Diagonally flipped tiles are not currently supported
04:26:36.173 [FXGL Background Thread 2 ] WARN  TilesetLoader        - Diagonally flipped tiles are not currently supported
04:26:36.175 [FXGL Background Thread 2 ] DEBUG TilesetLoader        - Loading view for layer Capa de Decoracion
04:26:36.177 [FXGL Background Thread 2 ] DEBUG TilesetLoader        - Created buffer with size 2000.0x1500.0
04:26:36.195 [FXGL Background Thread 2 ] WARN  TilesetLoader        - Diagonally flipped tiles are not currently supported
04:26:36.196 [FXGL Background Thread 2 ] WARN  TilesetLoader        - Diagonally flipped tiles are not currently supported
04:26:36.197 [FXGL Background Thread 2 ] WARN  TilesetLoader        - Diagonally flipped tiles are not currently supported
04:26:36.218 [FXGL Background Thread 2 ] WARN  TilesetLoader        - Diagonally flipped tiles are not currently supported
04:26:36.220 [FXGL Background Thread 2 ] DEBUG TMXLevelLoader       - Creating object layer entities
04:26:36.257 [FXGL Background Thread 2 ] DEBUG GameWorld            - Clearing removable entities
04:26:36.327 [FXGL Background Thread 2 ] DEBUG GameWorld            - Setting level: com.almasb.fxgl.entity.level.Level@6dc710b6
04:26:36.347 [FXGL Background Thread 2 ] DEBUG FXGLAssetLoaderServi - Loading from file system: file:/home/avrann/Escritorio/Repo%20Proyecto%20DPOO/jorge.carrillo-Proyecto-POO-2025/target/classes/assets/textures/droidatack_basic.png
04:26:36.353 [FXGL Background Thread 2 ] DEBUG FXGLAssetLoaderServi - Loading from file system: file:/home/avrann/Escritorio/Repo%20Proyecto%20DPOO/jorge.carrillo-Proyecto-POO-2025/target/classes/assets/textures/droididle.png
04:26:36.356 [FXGL Background Thread 2 ] WARN  FXGLAssetLoaderServi - Asset "/assets/textures/droidcaminando.png" was not found!
04:26:36.358 [FXGL Background Thread 2 ] WARN  FXGLAssetLoaderServi - Failed to load IMAGE
04:26:36.369 [FXGL Background Thread 2 ] WARN  FXGLAssetLoaderServi - Asset "/assets/textures/droidadelante.png" was not found!
04:26:36.369 [FXGL Background Thread 2 ] WARN  FXGLAssetLoaderServi - Failed to load IMAGE
04:26:36.369 [FXGL Background Thread 2 ] WARN  FXGLAssetLoaderServi - Asset "/assets/textures/droidatras.png" was not found!
04:26:36.369 [FXGL Background Thread 2 ] WARN  FXGLAssetLoaderServi - Failed to load IMAGE
04:26:36.370 [FXGL Background Thread 2 ] DEBUG FXGLAssetLoaderServi - Loading from file system: file:/home/avrann/Escritorio/Repo%20Proyecto%20DPOO/jorge.carrillo-Proyecto-POO-2025/target/classes/assets/textures/droiddeat.png
04:26:36.373 [FXGL Background Thread 2 ] WARN  GameWorld            - Entity is already attached to world
04:26:36.376 [FXGL Background Thread 2 ] WARN  FXGLAssetLoaderServi - Asset "/assets/textures/droidcaminando.png" was not found!
04:26:36.377 [FXGL Background Thread 2 ] WARN  FXGLAssetLoaderServi - Failed to load IMAGE
04:26:36.377 [FXGL Background Thread 2 ] WARN  FXGLAssetLoaderServi - Asset "/assets/textures/droidadelante.png" was not found!
04:26:36.377 [FXGL Background Thread 2 ] WARN  FXGLAssetLoaderServi - Failed to load IMAGE
04:26:36.377 [FXGL Background Thread 2 ] WARN  FXGLAssetLoaderServi - Asset "/assets/textures/droidatras.png" was not found!
04:26:36.377 [FXGL Background Thread 2 ] WARN  FXGLAssetLoaderServi - Failed to load IMAGE
04:26:36.380 [FXGL Background Thread 2 ] WARN  GameWorld            - Entity is already attached to world
04:26:36.382 [FXGL Background Thread 2 ] DEBUG FXGLAssetLoaderServi - Loading from file system: file:/home/avrann/Escritorio/Repo%20Proyecto%20DPOO/jorge.carrillo-Proyecto-POO-2025/target/classes/assets/textures/droid2atack_basic.png
04:26:36.383 [FXGL Background Thread 2 ] DEBUG FXGLAssetLoaderServi - Loading from file system: file:/home/avrann/Escritorio/Repo%20Proyecto%20DPOO/jorge.carrillo-Proyecto-POO-2025/target/classes/assets/textures/droid2idle.png
04:26:36.384 [FXGL Background Thread 2 ] WARN  FXGLAssetLoaderServi - Asset "/assets/textures/droid2caminando.png" was not found!
04:26:36.385 [FXGL Background Thread 2 ] WARN  FXGLAssetLoaderServi - Failed to load IMAGE
04:26:36.386 [FXGL Background Thread 2 ] WARN  FXGLAssetLoaderServi - Asset "/assets/textures/droid2adelante.png" was not found!
04:26:36.386 [FXGL Background Thread 2 ] WARN  FXGLAssetLoaderServi - Failed to load IMAGE
04:26:36.386 [FXGL Background Thread 2 ] WARN  FXGLAssetLoaderServi - Asset "/assets/textures/droid2atras.png" was not found!
04:26:36.386 [FXGL Background Thread 2 ] WARN  FXGLAssetLoaderServi - Failed to load IMAGE
04:26:36.386 [FXGL Background Thread 2 ] DEBUG FXGLAssetLoaderServi - Loading from file system: file:/home/avrann/Escritorio/Repo%20Proyecto%20DPOO/jorge.carrillo-Proyecto-POO-2025/target/classes/assets/textures/droid2deat.png
04:26:36.388 [FXGL Background Thread 2 ] WARN  GameWorld            - Entity is already attached to world
04:26:36.391 [FXGL Background Thread 2 ] WARN  FXGLAssetLoaderServi - Asset "/assets/textures/droid2caminando.png" was not found!
04:26:36.391 [FXGL Background Thread 2 ] WARN  FXGLAssetLoaderServi - Failed to load IMAGE
04:26:36.391 [FXGL Background Thread 2 ] WARN  FXGLAssetLoaderServi - Asset "/assets/textures/droid2adelante.png" was not found!
04:26:36.391 [FXGL Background Thread 2 ] WARN  FXGLAssetLoaderServi - Failed to load IMAGE
04:26:36.392 [FXGL Background Thread 2 ] WARN  FXGLAssetLoaderServi - Asset "/assets/textures/droid2atras.png" was not found!
04:26:36.392 [FXGL Background Thread 2 ] WARN  FXGLAssetLoaderServi - Failed to load IMAGE
04:26:36.392 [FXGL Background Thread 2 ] WARN  GameWorld            - Entity is already attached to world
04:26:36.395 [FXGL Background Thread 2 ] DEBUG FXGLAssetLoaderServi - Loading from file system: file:/home/avrann/Escritorio/Repo%20Proyecto%20DPOO/jorge.carrillo-Proyecto-POO-2025/target/classes/assets/textures/droid3atack_basic.png
04:26:36.398 [FXGL Background Thread 2 ] DEBUG FXGLAssetLoaderServi - Loading from file system: file:/home/avrann/Escritorio/Repo%20Proyecto%20DPOO/jorge.carrillo-Proyecto-POO-2025/target/classes/assets/textures/droid3idle.png
04:26:36.400 [FXGL Background Thread 2 ] WARN  FXGLAssetLoaderServi - Asset "/assets/textures/droid3caminando.png" was not found!
04:26:36.401 [FXGL Background Thread 2 ] WARN  FXGLAssetLoaderServi - Failed to load IMAGE
04:26:36.401 [FXGL Background Thread 2 ] WARN  FXGLAssetLoaderServi - Asset "/assets/textures/droid3adelante.png" was not found!
04:26:36.402 [FXGL Background Thread 2 ] WARN  FXGLAssetLoaderServi - Failed to load IMAGE
04:26:36.403 [FXGL Background Thread 2 ] WARN  FXGLAssetLoaderServi - Asset "/assets/textures/droid3atras.png" was not found!
04:26:36.403 [FXGL Background Thread 2 ] WARN  FXGLAssetLoaderServi - Failed to load IMAGE
04:26:36.403 [FXGL Background Thread 2 ] DEBUG FXGLAssetLoaderServi - Loading from file system: file:/home/avrann/Escritorio/Repo%20Proyecto%20DPOO/jorge.carrillo-Proyecto-POO-2025/target/classes/assets/textures/droid3deat.png
04:26:36.408 [FXGL Background Thread 2 ] WARN  GameWorld            - Entity is already attached to world
04:26:36.409 [FXGL Background Thread 2 ] WARN  FXGLAssetLoaderServi - Asset "/assets/textures/droid3caminando.png" was not found!
04:26:36.409 [FXGL Background Thread 2 ] WARN  FXGLAssetLoaderServi - Failed to load IMAGE
04:26:36.410 [FXGL Background Thread 2 ] WARN  FXGLAssetLoaderServi - Asset "/assets/textures/droid3adelante.png" was not found!
04:26:36.410 [FXGL Background Thread 2 ] WARN  FXGLAssetLoaderServi - Failed to load IMAGE
04:26:36.410 [FXGL Background Thread 2 ] WARN  FXGLAssetLoaderServi - Asset "/assets/textures/droid3atras.png" was not found!
04:26:36.410 [FXGL Background Thread 2 ] WARN  FXGLAssetLoaderServi - Failed to load IMAGE
04:26:36.412 [FXGL Background Thread 2 ] WARN  GameWorld            - Entity is already attached to world
04:26:36.413 [FXGL Background Thread 2 ] DEBUG FXGLAssetLoaderServi - Loading from file system: file:/home/avrann/Escritorio/Repo%20Proyecto%20DPOO/jorge.carrillo-Proyecto-POO-2025/target/classes/assets/textures/cyborgatack_special.png
04:26:36.416 [FXGL Background Thread 2 ] DEBUG FXGLAssetLoaderServi - Loading from file system: file:/home/avrann/Escritorio/Repo%20Proyecto%20DPOO/jorge.carrillo-Proyecto-POO-2025/target/classes/assets/textures/cyborgatack_basic.png
04:26:36.419 [FXGL Background Thread 2 ] DEBUG FXGLAssetLoaderServi - Loading from file system: file:/home/avrann/Escritorio/Repo%20Proyecto%20DPOO/jorge.carrillo-Proyecto-POO-2025/target/classes/assets/textures/cyborgidle.png
04:26:36.420 [FXGL Background Thread 2 ] DEBUG FXGLAssetLoaderServi - Loading from file system: file:/home/avrann/Escritorio/Repo%20Proyecto%20DPOO/jorge.carrillo-Proyecto-POO-2025/target/classes/assets/textures/cyborgcaminando.png
04:26:36.423 [FXGL Background Thread 2 ] DEBUG FXGLAssetLoaderServi - Loading from file system: file:/home/avrann/Escritorio/Repo%20Proyecto%20DPOO/jorge.carrillo-Proyecto-POO-2025/target/classes/assets/textures/cyborgadelante.png
04:26:36.424 [FXGL Background Thread 2 ] DEBUG FXGLAssetLoaderServi - Loading from file system: file:/home/avrann/Escritorio/Repo%20Proyecto%20DPOO/jorge.carrillo-Proyecto-POO-2025/target/classes/assets/textures/cyborgatras.png
04:26:36.425 [FXGL Background Thread 2 ] DEBUG FXGLAssetLoaderServi - Loading from file system: file:/home/avrann/Escritorio/Repo%20Proyecto%20DPOO/jorge.carrillo-Proyecto-POO-2025/target/classes/assets/textures/cyborgdeat.png
04:26:36.427 [FXGL Background Thread 2 ] WARN  GameWorld            - Entity is already attached to world
04:26:36.428 [FXGL Background Thread 2 ] DEBUG FXGLAssetLoaderServi - Loading from file system: file:/home/avrann/Escritorio/Repo%20Proyecto%20DPOO/jorge.carrillo-Proyecto-POO-2025/target/classes/assets/textures/lifeitem.png
04:26:36.433 [FXGL Background Thread 2 ] WARN  GameWorld            - Entity is already attached to world
04:26:36.435 [FXGL Background Thread 2 ] WARN  GameWorld            - Entity is already attached to world
04:26:36.436 [FXGL Background Thread 2 ] DEBUG FXGLAssetLoaderServi - Loading from file system: file:/home/avrann/Escritorio/Repo%20Proyecto%20DPOO/jorge.carrillo-Proyecto-POO-2025/target/classes/assets/textures/atackitem.png
04:26:36.442 [FXGL Background Thread 2 ] WARN  GameWorld            - Entity is already attached to world
04:26:36.443 [FXGL Background Thread 2 ] WARN  GameWorld            - Entity is already attached to world
04:26:36.443 [FXGL Background Thread 2 ] DEBUG Input                - Registered new binding: Mover Arriba - W
04:26:36.445 [FXGL Background Thread 2 ] DEBUG Input                - Registered new binding: Mover Abajo - S
04:26:36.446 [FXGL Background Thread 2 ] DEBUG Input                - Registered new binding: Mover Izquierda - A
04:26:36.446 [FXGL Background Thread 2 ] DEBUG Input                - Registered new binding: Mover Derecha - D
04:26:36.450 [FXGL Background Thread 2 ] DEBUG FXGLAssetLoaderServi - Loading from file system: file:/home/avrann/Escritorio/Repo%20Proyecto%20DPOO/jorge.carrillo-Proyecto-POO-2025/target/classes/assets/textures/botonGameMenu.png
04:26:36.451 [FXGL Background Thread 2 ] DEBUG FXGLAssetLoaderServi - Loading from file system: file:/home/avrann/Escritorio/Repo%20Proyecto%20DPOO/jorge.carrillo-Proyecto-POO-2025/target/classes/assets/textures/buttonMainMenu.png
04:26:36.452 [FXGL Background Thread 2 ] DEBUG FXGLAssetLoaderServi - Loading from file system: file:/home/avrann/Escritorio/Repo%20Proyecto%20DPOO/jorge.carrillo-Proyecto-POO-2025/target/classes/assets/textures/specialPointBar.png
04:26:36.453 [FXGL Background Thread 2 ] DEBUG FXGLAssetLoaderServi - Loading from file system: file:/home/avrann/Escritorio/Repo%20Proyecto%20DPOO/jorge.carrillo-Proyecto-POO-2025/target/classes/assets/textures/statBar.png
04:26:36.454 [FXGL Background Thread 2 ] DEBUG FXGLAssetLoaderServi - Loading from file system: file:/home/avrann/Escritorio/Repo%20Proyecto%20DPOO/jorge.carrillo-Proyecto-POO-2025/target/classes/assets/textures/statAtackBar.png
04:26:36.457 [FXGL Background Thread 2 ] DEBUG FXGLAssetLoaderServi - Loading from file system: file:/home/avrann/Escritorio/Repo%20Proyecto%20DPOO/jorge.carrillo-Proyecto-POO-2025/target/classes/assets/textures/specialPoint.png
04:26:36.460 [FXGL Background Thread 2 ] DEBUG FXGLAssetLoaderServi - Loading from file system: file:/home/avrann/Escritorio/Repo%20Proyecto%20DPOO/jorge.carrillo-Proyecto-POO-2025/target/classes/assets/textures/atackSpecialButton.png
04:26:36.461 [FXGL Background Thread 2 ] DEBUG FXGLAssetLoaderServi - Loading from file system: file:/home/avrann/Escritorio/Repo%20Proyecto%20DPOO/jorge.carrillo-Proyecto-POO-2025/target/classes/assets/textures/barra_enemigo.png
04:26:36.462 [FXGL Background Thread 2 ] DEBUG FXGLAssetLoaderServi - Loading from file system: file:/home/avrann/Escritorio/Repo%20Proyecto%20DPOO/jorge.carrillo-Proyecto-POO-2025/target/classes/assets/textures/life_point_enemi.png
04:26:36.463 [FXGL Background Thread 2 ] DEBUG FXGLAssetLoaderServi - Loading from file system: file:/home/avrann/Escritorio/Repo%20Proyecto%20DPOO/jorge.carrillo-Proyecto-POO-2025/target/classes/assets/textures/life_bar.png
04:26:36.466 [FXGL Background Thread 2 ] DEBUG FXGLAssetLoaderServi - Loading from file system: file:/home/avrann/Escritorio/Repo%20Proyecto%20DPOO/jorge.carrillo-Proyecto-POO-2025/target/classes/assets/textures/life_point.png
04:26:36.467 [FXGL Background Thread 2 ] DEBUG FXGLAssetLoaderServi - Loading from file system: file:/home/avrann/Escritorio/Repo%20Proyecto%20DPOO/jorge.carrillo-Proyecto-POO-2025/target/classes/assets/textures/atackBasicButton.png
04:26:36.468 [FXGL Background Thread 2 ] DEBUG FXGLAssetLoaderServi - Loading from file system: file:/home/avrann/Escritorio/Repo%20Proyecto%20DPOO/jorge.carrillo-Proyecto-POO-2025/target/classes/assets/textures/combat_panel.png
04:26:36.484 [FXGL Background Thread 2 ] INFO  FXGLApplication      - Game initialization took: 0.693 sec
04:26:36.489 [JavaFX Application Thread] DEBUG Input                - Clearing active input actions
04:26:36.508 [JavaFX Application Thread] DEBUG GameApplicationServi - Removing overlay from FXGLLoadingScene and adding to GameScene
04:26:36.520 [JavaFX Application Thread] DEBUG PrimaryStageWindow   - FXGLLoadingScene -> GameScene
04:26:37.392 [FXGL Background Thread 3 ] DEBUG Engine               - Logging environment variables
04:26:37.393 [FXGL Background Thread 3 ] DEBUG Engine               - achievements: []
04:26:37.394 [FXGL Background Thread 3 ] DEBUG Engine               - actualHeight: 912.2761840820312
04:26:37.394 [FXGL Background Thread 3 ] DEBUG Engine               - actualHeightProperty: ReadOnlyDoubleProperty [value: 941.3671875]
04:26:37.394 [FXGL Background Thread 3 ] DEBUG Engine               - actualWidth: 1660.0
04:26:37.394 [FXGL Background Thread 3 ] DEBUG Engine               - actualWidthProperty: ReadOnlyDoubleProperty [value: 1660.0]
04:26:37.394 [FXGL Background Thread 3 ] DEBUG Engine               - appIcon: fxgl_icon.png
04:26:37.395 [FXGL Background Thread 3 ] DEBUG Engine               - applicationMode: DEVELOPER
04:26:37.395 [FXGL Background Thread 3 ] DEBUG Engine               - cSSList: [fxgl_dark.css]
04:26:37.395 [FXGL Background Thread 3 ] DEBUG Engine               - collisionDetectionStrategy: BRUTE_FORCE
04:26:37.395 [FXGL Background Thread 3 ] DEBUG Engine               - configClass: Optional.empty
04:26:37.395 [FXGL Background Thread 3 ] DEBUG Engine               - credits: []
04:26:37.396 [FXGL Background Thread 3 ] DEBUG Engine               - defaultCursor: CursorInfo(imageName=fxgl_default_cursor.png, hotspotX=7.0, hotspotY=6.0)
04:26:37.396 [FXGL Background Thread 3 ] DEBUG Engine               - devBBoxColorProperty: ObjectProperty [value: 0xff0000ff]
04:26:37.397 [FXGL Background Thread 3 ] DEBUG Engine               - devEnableDebugCameraProperty: BooleanProperty [value: false]
04:26:37.397 [FXGL Background Thread 3 ] DEBUG Engine               - devSensorColorProperty: ObjectProperty [value: 0xffff00ff]
04:26:37.397 [FXGL Background Thread 3 ] DEBUG Engine               - devShowBBoxProperty: BooleanProperty [value: false]
04:26:37.397 [FXGL Background Thread 3 ] DEBUG Engine               - devShowPositionProperty: BooleanProperty [value: false]
04:26:37.397 [FXGL Background Thread 3 ] DEBUG Engine               - enabledMenuItems: []
04:26:37.397 [FXGL Background Thread 3 ] DEBUG Engine               - engineServices: [class com.almasb.fxgl.app.services.FXGLAssetLoaderService, class com.almasb.fxgl.app.FXGLApplication$GameApplicationService, class com.almasb.fxgl.app.services.FXGLDialogService, class com.almasb.fxgl.app.services.IOTaskExecutorService, class com.almasb.fxgl.io.FileSystemService, class com.almasb.fxgl.localization.LocalizationService, class com.almasb.fxgl.app.services.SystemBundleService, class com.almasb.fxgl.profile.SaveLoadService, class com.almasb.fxgl.ui.FXGLUIFactoryServiceProvider, class com.almasb.fxgl.ui.FXGLDialogFactoryServiceProvider, class com.almasb.fxgl.audio.AudioPlayer, class com.almasb.fxgl.notification.impl.NotificationServiceProvider, class com.almasb.fxgl.achievement.AchievementService, class com.almasb.fxgl.cutscene.CutsceneService, class com.almasb.fxgl.minigames.MiniGameService, class com.almasb.fxgl.net.NetService, class com.almasb.fxgl.app.services.UpdaterService, class com.almasb.fxgl.dev.DevService]
04:26:37.397 [FXGL Background Thread 3 ] DEBUG Engine               - fontGame: Abel-Regular.ttf
04:26:37.398 [FXGL Background Thread 3 ] DEBUG Engine               - fontMono: TerminalLandMono-Regular.otf
04:26:37.398 [FXGL Background Thread 3 ] DEBUG Engine               - fontSizeScaleUI: 1.0
04:26:37.398 [FXGL Background Thread 3 ] DEBUG Engine               - fontText: Courier-Prime.ttf
04:26:37.398 [FXGL Background Thread 3 ] DEBUG Engine               - fontUI: VarelaRound-Regular.ttf
04:26:37.398 [FXGL Background Thread 3 ] DEBUG Engine               - fullScreen: BooleanProperty [value: false]
04:26:37.398 [FXGL Background Thread 3 ] DEBUG Engine               - gameDifficulty: MEDIUM
04:26:37.398 [FXGL Background Thread 3 ] DEBUG Engine               - gameDifficultyProperty: ObjectProperty [value: MEDIUM]
04:26:37.399 [FXGL Background Thread 3 ] DEBUG Engine               - globalMusicVolume: 0.5
04:26:37.399 [FXGL Background Thread 3 ] DEBUG Engine               - globalMusicVolumeProperty: DoubleProperty [value: 0.5]
04:26:37.399 [FXGL Background Thread 3 ] DEBUG Engine               - globalSoundVolume: 0.5
04:26:37.399 [FXGL Background Thread 3 ] DEBUG Engine               - globalSoundVolumeProperty: DoubleProperty [value: 0.5]
04:26:37.399 [FXGL Background Thread 3 ] DEBUG Engine               - height: 1080
04:26:37.399 [FXGL Background Thread 3 ] DEBUG Engine               - is3D: false
04:26:37.399 [FXGL Background Thread 3 ] DEBUG Engine               - isAndroid: false
04:26:37.400 [FXGL Background Thread 3 ] DEBUG Engine               - isBrowser: false
04:26:37.400 [FXGL Background Thread 3 ] DEBUG Engine               - isClickFeedbackEnabled: false
04:26:37.400 [FXGL Background Thread 3 ] DEBUG Engine               - isCloseConfirmation: false
04:26:37.400 [FXGL Background Thread 3 ] DEBUG Engine               - isDesktop: true
04:26:37.400 [FXGL Background Thread 3 ] DEBUG Engine               - isDeveloperMenuEnabled: true
04:26:37.400 [FXGL Background Thread 3 ] DEBUG Engine               - isEmbedded: false
04:26:37.400 [FXGL Background Thread 3 ] DEBUG Engine               - isEntityPreloadEnabled: true
04:26:37.400 [FXGL Background Thread 3 ] DEBUG Engine               - isExperimentalTiledLargeMap: false
04:26:37.400 [FXGL Background Thread 3 ] DEBUG Engine               - isFileSystemWriteAllowed: true
04:26:37.401 [FXGL Background Thread 3 ] DEBUG Engine               - isFullScreenAllowed: false
04:26:37.401 [FXGL Background Thread 3 ] DEBUG Engine               - isFullScreenFromStart: false
04:26:37.401 [FXGL Background Thread 3 ] DEBUG Engine               - isGameMenuEnabled: true
04:26:37.401 [FXGL Background Thread 3 ] DEBUG Engine               - isIOS: false
04:26:37.401 [FXGL Background Thread 3 ] DEBUG Engine               - isIntroEnabled: false
04:26:37.401 [FXGL Background Thread 3 ] DEBUG Engine               - isLinux: true
04:26:37.401 [FXGL Background Thread 3 ] DEBUG Engine               - isMac: false
04:26:37.401 [FXGL Background Thread 3 ] DEBUG Engine               - isMainMenuEnabled: true
04:26:37.401 [FXGL Background Thread 3 ] DEBUG Engine               - isManualResizeEnabled: false
04:26:37.402 [FXGL Background Thread 3 ] DEBUG Engine               - isMobile: false
04:26:37.402 [FXGL Background Thread 3 ] DEBUG Engine               - isNative: false
04:26:37.402 [FXGL Background Thread 3 ] DEBUG Engine               - isPauseMusicWhenMinimized: true
04:26:37.402 [FXGL Background Thread 3 ] DEBUG Engine               - isPreserveResizeRatio: false
04:26:37.402 [FXGL Background Thread 3 ] DEBUG Engine               - isProfilingEnabled: false
04:26:37.402 [FXGL Background Thread 3 ] DEBUG Engine               - isScaleAffectedOnResize: true
04:26:37.402 [FXGL Background Thread 3 ] DEBUG Engine               - isSingleStep: false
04:26:37.402 [FXGL Background Thread 3 ] DEBUG Engine               - isUserProfileEnabled: false
04:26:37.403 [FXGL Background Thread 3 ] DEBUG Engine               - isWindows: false
04:26:37.403 [FXGL Background Thread 3 ] DEBUG Engine               - language: ObjectProperty [value: ENGLISH]
04:26:37.403 [FXGL Background Thread 3 ] DEBUG Engine               - menuKey: ESCAPE
04:26:37.403 [FXGL Background Thread 3 ] DEBUG Engine               - mouseSensitivity: 0.2
04:26:37.403 [FXGL Background Thread 3 ] DEBUG Engine               - notificationViewClass: class com.almasb.fxgl.notification.view.XboxNotificationView
04:26:37.404 [FXGL Background Thread 3 ] DEBUG Engine               - pixelsPerMeter: 50.0
04:26:37.404 [FXGL Background Thread 3 ] DEBUG Engine               - platform: LINUX
04:26:37.404 [FXGL Background Thread 3 ] DEBUG Engine               - prefHeightProperty: ReadOnlyDoubleProperty [value: 1080.0]
04:26:37.404 [FXGL Background Thread 3 ] DEBUG Engine               - prefWidthProperty: ReadOnlyDoubleProperty [value: 1920.0]
04:26:37.404 [FXGL Background Thread 3 ] DEBUG Engine               - profileDir: profiles/
04:26:37.404 [FXGL Background Thread 3 ] DEBUG Engine               - profileName: StringProperty [value: DEFAULT]
04:26:37.404 [FXGL Background Thread 3 ] DEBUG Engine               - randomSeed: -1
04:26:37.405 [FXGL Background Thread 3 ] DEBUG Engine               - runtimeInfo: RuntimeInfo(platform=LINUX, version=21.1, build=27.03.2024 07.52)
04:26:37.405 [FXGL Background Thread 3 ] DEBUG Engine               - saveFileExt: sav
04:26:37.405 [FXGL Background Thread 3 ] DEBUG Engine               - scaledHeightProp$fxgl: DoubleProperty [bound, value: 941.3671875]
04:26:37.406 [FXGL Background Thread 3 ] DEBUG Engine               - scaledWidthProp$fxgl: DoubleProperty [bound, value: 1660.0]
04:26:37.406 [FXGL Background Thread 3 ] DEBUG Engine               - sceneFactory: App.Game.GameApp$1@18a8c0f2
04:26:37.406 [FXGL Background Thread 3 ] DEBUG Engine               - secondsIn24h: 60
04:26:37.406 [FXGL Background Thread 3 ] DEBUG Engine               - soundMenuBack: menu/back.wav
04:26:37.406 [FXGL Background Thread 3 ] DEBUG Engine               - soundMenuPress: menu/press.wav
04:26:37.406 [FXGL Background Thread 3 ] DEBUG Engine               - soundMenuSelect: menu/select.wav
04:26:37.406 [FXGL Background Thread 3 ] DEBUG Engine               - soundNotification: core/notification.wav
04:26:37.406 [FXGL Background Thread 3 ] DEBUG Engine               - stageStyle: DECORATED
04:26:37.407 [FXGL Background Thread 3 ] DEBUG Engine               - supportedLanguages: [ENGLISH, FRENCH, GERMAN, HUNGARIAN, RUSSIAN]
04:26:37.407 [FXGL Background Thread 3 ] DEBUG Engine               - ticksPerSecond: -1
04:26:37.407 [FXGL Background Thread 3 ] DEBUG Engine               - title: Pruebas en FXGL
04:26:37.407 [FXGL Background Thread 3 ] DEBUG Engine               - urlGithub: https://github.com/AlmasB/FXGL
04:26:37.407 [FXGL Background Thread 3 ] DEBUG Engine               - urlLeaderboard: http://fxgl-top.herokuapp.com/
04:26:37.408 [FXGL Background Thread 3 ] DEBUG Engine               - urlPOM: https://raw.githubusercontent.com/AlmasB/FXGL/release/README.md
04:26:37.408 [FXGL Background Thread 3 ] DEBUG Engine               - userAppClass: class App.Game.GameApp
04:26:37.408 [FXGL Background Thread 3 ] DEBUG Engine               - version: 0.0
04:26:37.408 [FXGL Background Thread 3 ] DEBUG Engine               - versionCheckDays: 7
04:26:37.408 [FXGL Background Thread 3 ] DEBUG Engine               - width: 1920
04:26:37.408 [FXGL Background Thread 3 ] DEBUG Engine               - Logging services
04:26:37.408 [FXGL Background Thread 3 ] DEBUG Engine               - class com.almasb.fxgl.app.services.FXGLAssetLoaderService
04:26:37.408 [FXGL Background Thread 3 ] DEBUG Engine               - class com.almasb.fxgl.app.FXGLApplication$GameApplicationService
04:26:37.408 [FXGL Background Thread 3 ] DEBUG Engine               - class com.almasb.fxgl.app.services.FXGLDialogService
04:26:37.409 [FXGL Background Thread 3 ] DEBUG Engine               - class com.almasb.fxgl.app.services.IOTaskExecutorService
04:26:37.409 [FXGL Background Thread 3 ] DEBUG Engine               - class com.almasb.fxgl.io.FileSystemService
04:26:37.409 [FXGL Background Thread 3 ] DEBUG Engine               - class com.almasb.fxgl.localization.LocalizationService
04:26:37.409 [FXGL Background Thread 3 ] DEBUG Engine               - class com.almasb.fxgl.app.services.SystemBundleService
04:26:37.409 [FXGL Background Thread 3 ] DEBUG Engine               - class com.almasb.fxgl.profile.SaveLoadService
04:26:37.409 [FXGL Background Thread 3 ] DEBUG Engine               - class com.almasb.fxgl.ui.FXGLUIFactoryServiceProvider
04:26:37.409 [FXGL Background Thread 3 ] DEBUG Engine               - class com.almasb.fxgl.ui.FXGLDialogFactoryServiceProvider
04:26:37.409 [FXGL Background Thread 3 ] DEBUG Engine               - class com.almasb.fxgl.audio.AudioPlayer
04:26:37.409 [FXGL Background Thread 3 ] DEBUG Engine               - class com.almasb.fxgl.notification.impl.NotificationServiceProvider
04:26:37.409 [FXGL Background Thread 3 ] DEBUG Engine               - class com.almasb.fxgl.achievement.AchievementService
04:26:37.409 [FXGL Background Thread 3 ] DEBUG Engine               - class com.almasb.fxgl.cutscene.CutsceneService
04:26:37.410 [FXGL Background Thread 3 ] DEBUG Engine               - class com.almasb.fxgl.minigames.MiniGameService
04:26:37.410 [FXGL Background Thread 3 ] DEBUG Engine               - class com.almasb.fxgl.net.NetService
04:26:37.410 [FXGL Background Thread 3 ] DEBUG Engine               - class com.almasb.fxgl.app.services.UpdaterService
04:26:37.410 [FXGL Background Thread 3 ] DEBUG Engine               - class com.almasb.fxgl.dev.DevService
04:26:38.359 [JavaFX Application Thread] DEBUG FXGLApplication      - Exiting FXGL
04:26:38.359 [JavaFX Application Thread] DEBUG LoopRunner           - Stopping loop
04:26:38.359 [JavaFX Application Thread] DEBUG SystemBundleService  - Saving FXGL system data
04:26:38.360 [JavaFX Application Thread] DEBUG FileSystemAccess     - Writing to: /home/avrann/Escritorio/Repo Proyecto DPOO/jorge.carrillo-Proyecto-POO-2025/system/fxgl.bundle
04:26:38.362 [JavaFX Application Thread] DEBUG Async                - Shutting down background threads
04:26:38.362 [JavaFX Application Thread] DEBUG PrimaryStageWindow   - Closing main window
04:26:38.364 [JavaFX Application Thread] DEBUG Logger               - Closing Logger
