21:19:22.710 [main                     ] DEBUG Logger               - Configured Logger
21:19:22.766 [main                     ] DEBUG GameApplication      - Logging settings
Title: Eclipsis: el legado de la nave abandonada(BetaVer)
Version: 0.0
Width: 1536
Height: 1024
Fullscreen: false
Intro: false
Profiling: false
Single step:false
App Mode: DEVELOPER
Menu Key: ESCAPE
Stage Style: DECORATED
Scene Factory: class App.Game.GameApp$1

21:19:23.207 [JavaFX Application Thread] DEBUG FXGLApplication      - Initializing FXGL
21:19:23.213 [JavaFX Application Thread] INFO  Engine               - FXGL-21.1 (27.03.2024 07.52) on LINUX (J:21.0.6 FX:21.0.1)
21:19:23.213 [JavaFX Application Thread] DEBUG Engine               - JRE Vendor Name: Oracle Corporation
21:19:23.214 [JavaFX Application Thread] DEBUG Engine               - Running on OS: Linux version 6.8.0-58-generic
21:19:23.214 [JavaFX Application Thread] DEBUG Engine               - Architecture: amd64
21:19:23.214 [JavaFX Application Thread] INFO  Engine               - Source code and latest versions at: https://github.com/AlmasB/FXGL
21:19:23.215 [JavaFX Application Thread] INFO  Engine               -       Ask questions and discuss at: https://github.com/AlmasB/FXGL/discussions
21:19:23.216 [JavaFX Application Thread] INFO  Engine               -              Join the FXGL chat at: https://gitter.im/AlmasB/FXGL
21:19:23.330 [JavaFX Application Thread] DEBUG PrimaryStageWindow   - Creating a JavaFX scene
21:19:23.330 [JavaFX Application Thread] DEBUG PrimaryStageWindow   - Target size > screen size
21:19:23.471 [JavaFX Application Thread] DEBUG PrimaryStageWindow   - Target settings size: 1536.0 x 1024.0
21:19:23.472 [JavaFX Application Thread] DEBUG PrimaryStageWindow   - Scaled scene size:    1391.0 x 944.0
21:19:23.474 [JavaFX Application Thread] DEBUG PrimaryStageWindow   - Scaled ratio: (0.9055989583333334, 0.921875)
21:19:23.475 [JavaFX Application Thread] DEBUG PrimaryStageWindow   - Set initial scene to FXGLStartupScene
21:19:23.480 [JavaFX Application Thread] DEBUG PrimaryStageWindow   - Opening main window
21:19:23.542 [JavaFX Application Thread] DEBUG PrimaryStageWindow   - Window border size: (0.8232421875, 0.54888916015625)
21:19:23.542 [JavaFX Application Thread] DEBUG PrimaryStageWindow   - Scaled size: 1391.0 x 944.0
21:19:23.543 [JavaFX Application Thread] DEBUG PrimaryStageWindow   - Scaled ratio: (0.9055989583333334, 0.921875)
21:19:23.543 [JavaFX Application Thread] DEBUG PrimaryStageWindow   - Scene size: 1391.0 x 944.0
21:19:23.543 [JavaFX Application Thread] DEBUG PrimaryStageWindow   - Stage size: 1391.8232421875 x 944.5488891601562
21:19:23.552 [FXGL Background Thread 1 ] DEBUG Engine               - Initializing environment variables
21:19:23.699 [FXGL Background Thread 1 ] DEBUG FXGLAssetLoaderServi - User app class for loading assets: class App.Game.GameApp
21:19:23.700 [FXGL Background Thread 1 ] DEBUG GameApplicationServi - Applying CSS: fxgl_dark.css
21:19:23.701 [FXGL Background Thread 1 ] DEBUG FXGLAssetLoaderServi - Loading from file system: jar:file:///home/avrann/.m2/repository/com/github/almasb/fxgl/21.1/fxgl-21.1.jar!/fxglassets/ui/css/fxgl_dark.css
21:19:23.788 [FXGL Background Thread 1 ] DEBUG GameApplicationServi - Initializing application scenes
21:19:23.852 [FXGL Background Thread 1 ] DEBUG GameWorld            - Game world initialized
21:19:24.007 [FXGL Background Thread 1 ] DEBUG PhysicsWorld         - Physics world initialized: appHeight=1024, physics.ppm=50.0
21:19:24.009 [FXGL Background Thread 1 ] DEBUG PhysicsWorld         - Using strategy: BRUTE_FORCE
21:19:24.017 [FXGL Background Thread 1 ] DEBUG GameScene            - Game scene initialized: 1536x1024
21:19:24.395 [FXGL Background Thread 1 ] DEBUG FXGL.DefaultMenu     - createMenuBodyGameMenu()
21:19:24.413 [FXGL Background Thread 1 ] DEBUG FXGL.DefaultMenu     - createOptionsMenu()
21:19:24.442 [FXGL Background Thread 1 ] DEBUG FXGLAssetLoaderServi - Loading from file system: jar:file:///home/avrann/.m2/repository/com/github/almasb/fxgl/21.1/fxgl-21.1.jar!/fxglassets/textures/particles/smoke.png
21:19:24.583 [FXGL Background Thread 1 ] DEBUG FXGLAssetLoaderServi - Loading from file system: jar:file:///home/avrann/.m2/repository/com/github/almasb/fxgl/21.1/fxgl-21.1.jar!/fxglassets/textures/particles/trace_horizontal.png
21:19:24.610 [FXGL Background Thread 1 ] DEBUG FXGLAssetLoaderServi - Loading from file system: file:/home/avrann/Escritorio/Proyecto%20POO/jorge.carrillo-Proyecto-POO-2025/target/classes/assets/music/menu.wav
21:19:24.758 [FXGL Background Thread 1 ] DEBUG AudioPlayer          - Playing music com.almasb.fxgl.audio.Music@1bb77776
21:19:24.760 [FXGL Background Thread 1 ] DEBUG AudioPlayer          - Playing music com.almasb.fxgl.audio.Music@1bb77776
21:19:24.760 [FXGL Background Thread 1 ] DEBUG FXGLAssetLoaderServi - Loading from file system: file:/home/avrann/Escritorio/Proyecto%20POO/jorge.carrillo-Proyecto-POO-2025/target/classes/assets/textures/fondoGameMenu.png
21:19:24.855 [FXGL Background Thread 1 ] DEBUG GameApplicationServi - Application scenes initialized
21:19:24.898 [FXGL Background Thread 1 ] DEBUG SystemBundleService  - Loading FXGL system data
21:19:24.904 [FXGL Background Thread 1 ] DEBUG FileSystemAccess     - Reading from: /home/avrann/Escritorio/Proyecto POO/jorge.carrillo-Proyecto-POO-2025/system/fxgl.bundle
21:19:24.916 [FXGL Background Thread 1 ] DEBUG SystemBundleService  - Bundle FXGL: {}
21:19:24.916 [FXGL Background Thread 1 ] DEBUG UpdaterService       - Checking for updates
21:19:25.024 [FXGL Background Thread 1 ] DEBUG FXGLApplication      - Loading default localization
21:19:25.024 [FXGL Background Thread 1 ] DEBUG FXGLAssetLoaderServi - Loading from file system: jar:file:///home/avrann/.m2/repository/com/github/almasb/fxgl/21.1/fxgl-21.1.jar!/fxglassets/languages/english.lang
21:19:25.025 [FXGL Background Thread 4 ] DEBUG FXGLApplication      - Loading fonts
21:19:25.026 [FXGL Background Thread 4 ] DEBUG FXGLAssetLoaderServi - Loading from file system: jar:file:///home/avrann/.m2/repository/com/github/almasb/fxgl/21.1/fxgl-21.1.jar!/fxglassets/ui/fonts/VarelaRound-Regular.ttf
21:19:25.048 [FXGL Background Thread 4 ] DEBUG FXGLAssetLoaderServi - Loading from file system: jar:file:///home/avrann/.m2/repository/com/github/almasb/fxgl/21.1/fxgl-21.1.jar!/fxglassets/ui/fonts/Abel-Regular.ttf
21:19:25.053 [FXGL Background Thread 4 ] DEBUG FXGLAssetLoaderServi - Loading from file system: jar:file:///home/avrann/.m2/repository/com/github/almasb/fxgl/21.1/fxgl-21.1.jar!/fxglassets/ui/fonts/TerminalLandMono-Regular.otf
21:19:25.068 [FXGL Background Thread 4 ] DEBUG FXGLAssetLoaderServi - Loading from file system: jar:file:///home/avrann/.m2/repository/com/github/almasb/fxgl/21.1/fxgl-21.1.jar!/fxglassets/ui/fonts/Courier-Prime.ttf
21:19:25.077 [JavaFX Application Thread] DEBUG FXGLApplication      - Registering font factories with UI factory
21:19:25.083 [FXGL Background Thread 1 ] INFO  FXGLApplication      - FXGL initialization took: 1.530 sec
21:19:25.084 [JavaFX Application Thread] DEBUG FXGLAssetLoaderServi - Loading from file system: jar:file:///home/avrann/.m2/repository/com/github/almasb/fxgl/21.1/fxgl-21.1.jar!/fxglassets/textures/fxgl_icon.png
21:19:25.125 [JavaFX Application Thread] DEBUG FXGLAssetLoaderServi - Loading from file system: jar:file:///home/avrann/.m2/repository/com/github/almasb/fxgl/21.1/fxgl-21.1.jar!/fxglassets/textures/fxgl_default_cursor.png
21:19:25.159 [JavaFX Application Thread] DEBUG Input                - Registered new binding: Screenshot - CTRL+8
21:19:25.159 [JavaFX Application Thread] DEBUG Input                - Registered new binding: Dev Options - 1
21:19:25.160 [JavaFX Application Thread] DEBUG Input                - Registered new binding: Dev Console - 2
21:19:25.160 [JavaFX Application Thread] DEBUG Input                - Registered new binding: System info dump - CTRL+9
21:19:25.160 [JavaFX Application Thread] DEBUG Input                - Registered new binding: Restart - CTRL+R
21:19:25.161 [JavaFX Application Thread] DEBUG Input                - Registered new binding: Toggle Debug Camera - CTRL+7
21:19:25.164 [JavaFX Application Thread] DEBUG LoopRunner           - Starting loop
21:19:25.211 [JavaFX Application Thread] DEBUG LoopRunner           - Initializing JavaFX AnimationTimerLoop
21:19:25.213 [JavaFX Application Thread] DEBUG Input                - Clearing active input actions
21:19:25.226 [JavaFX Application Thread] DEBUG GameApplicationServi - Removing overlay from FXGLStartupScene and adding to FXGLMainMenuDummyScene
21:19:25.231 [JavaFX Application Thread] DEBUG PrimaryStageWindow   - FXGLStartupScene -> FXGLMainMenuDummyScene
21:19:25.231 [JavaFX Application Thread] DEBUG PrimaryStageWindow   - Push state: MyMenu
21:19:25.232 [JavaFX Application Thread] DEBUG Input                - Clearing active input actions
21:19:25.240 [JavaFX Application Thread] DEBUG GameApplicationServi - Removing overlay from FXGLMainMenuDummyScene and adding to MyMenu
21:19:25.241 [JavaFX Application Thread] DEBUG PrimaryStageWindow   - FXGLMainMenuDummyScene -> MyMenu
21:19:26.958 [JavaFX Application Thread] DEBUG GameApplicationServi - Starting new game
21:19:26.958 [JavaFX Application Thread] DEBUG PrimaryStageWindow   - Pop state: MyMenu
21:19:26.959 [JavaFX Application Thread] DEBUG Input                - Clearing active input actions
21:19:26.960 [JavaFX Application Thread] DEBUG GameApplicationServi - Removing overlay from MyMenu and adding to FXGLMainMenuDummyScene
21:19:26.965 [JavaFX Application Thread] DEBUG PrimaryStageWindow   - FXGLMainMenuDummyScene <- MyMenu
21:19:26.966 [JavaFX Application Thread] DEBUG Input                - Clearing active input actions
21:19:26.982 [JavaFX Application Thread] DEBUG GameApplicationServi - Removing overlay from FXGLMainMenuDummyScene and adding to FXGLLoadingScene
21:19:26.983 [JavaFX Application Thread] DEBUG PrimaryStageWindow   - FXGLMainMenuDummyScene -> FXGLLoadingScene
21:19:26.983 [JavaFX Application Thread] DEBUG GameApplicationServi - Clearing previous game
21:19:26.983 [JavaFX Application Thread] DEBUG GameScene            - Clearing game scene
21:19:26.983 [JavaFX Application Thread] DEBUG GameWorld            - Clearing game world
21:19:26.984 [JavaFX Application Thread] DEBUG PhysicsWorld         - Clearing physics world
21:19:26.986 [FXGL Background Thread 1 ] DEBUG FXGLApplication      - Initializing game
21:19:27.258 [FXGL Background Thread 1 ] DEBUG AudioPlayer          - Stopping music com.almasb.fxgl.audio.Music@1bb77776
21:19:27.304 [FXGL Background Thread 1 ] DEBUG FXGLAssetLoaderServi - Loading from file system: file:/home/avrann/Escritorio/Proyecto%20POO/jorge.carrillo-Proyecto-POO-2025/target/classes/assets/music/loading.wav
21:19:27.318 [FXGL Background Thread 1 ] DEBUG AudioPlayer          - Playing music com.almasb.fxgl.audio.Music@7256637c
21:19:27.422 [FXGL Background Thread 1 ] DEBUG TMXLevelLoader       - Parsed TiledMap: file:/home/avrann/Escritorio/Proyecto%20POO/jorge.carrillo-Proyecto-POO-2025/target/classes/assets/levels/level_01.tmx
21:19:27.424 [FXGL Background Thread 1 ] DEBUG TMXLevelLoader       - Creating tile layer entities
21:19:27.426 [FXGL Background Thread 1 ] DEBUG TilesetLoader        - Loading view for layer Capa de patrones 1
21:19:27.431 [FXGL Background Thread 1 ] DEBUG TilesetLoader        - Created buffer with size 2000.0x1500.0
21:19:27.473 [FXGL Background Thread 1 ] WARN  TilesetLoader        - Diagonally flipped tiles are not currently supported
21:19:27.476 [FXGL Background Thread 1 ] WARN  TilesetLoader        - Diagonally flipped tiles are not currently supported
21:19:27.478 [FXGL Background Thread 1 ] WARN  TilesetLoader        - Diagonally flipped tiles are not currently supported
21:19:27.479 [FXGL Background Thread 1 ] WARN  TilesetLoader        - Diagonally flipped tiles are not currently supported
21:19:27.489 [FXGL Background Thread 1 ] WARN  TilesetLoader        - Diagonally flipped tiles are not currently supported
21:19:27.502 [FXGL Background Thread 1 ] WARN  TilesetLoader        - Diagonally flipped tiles are not currently supported
21:19:27.507 [FXGL Background Thread 1 ] WARN  TilesetLoader        - Diagonally flipped tiles are not currently supported
21:19:27.514 [FXGL Background Thread 1 ] WARN  TilesetLoader        - Diagonally flipped tiles are not currently supported
21:19:27.520 [FXGL Background Thread 1 ] WARN  TilesetLoader        - Diagonally flipped tiles are not currently supported
21:19:27.525 [FXGL Background Thread 1 ] WARN  TilesetLoader        - Diagonally flipped tiles are not currently supported
21:19:27.533 [FXGL Background Thread 1 ] WARN  TilesetLoader        - Diagonally flipped tiles are not currently supported
21:19:27.533 [FXGL Background Thread 1 ] DEBUG TilesetLoader        - Loading view for layer Capa de Decoracion
21:19:27.535 [FXGL Background Thread 1 ] DEBUG TilesetLoader        - Created buffer with size 2000.0x1500.0
21:19:27.575 [FXGL Background Thread 1 ] DEBUG TMXLevelLoader       - Creating object layer entities
21:19:27.615 [FXGL Background Thread 1 ] DEBUG GameWorld            - Clearing removable entities
21:19:27.698 [FXGL Background Thread 1 ] DEBUG GameWorld            - Setting level: com.almasb.fxgl.entity.level.Level@27d71320
21:19:27.737 [FXGL Background Thread 1 ] DEBUG FXGLAssetLoaderServi - Loading from file system: file:/home/avrann/Escritorio/Proyecto%20POO/jorge.carrillo-Proyecto-POO-2025/target/classes/assets/textures/exploreatack_basic.png
21:19:27.739 [FXGL Background Thread 1 ] DEBUG FXGLAssetLoaderServi - Loading from file system: file:/home/avrann/Escritorio/Proyecto%20POO/jorge.carrillo-Proyecto-POO-2025/target/classes/assets/textures/exploreidle.png
21:19:27.741 [FXGL Background Thread 1 ] WARN  FXGLAssetLoaderServi - Asset "/assets/textures/explorecaminando.png" was not found!
21:19:27.742 [FXGL Background Thread 1 ] WARN  FXGLAssetLoaderServi - Failed to load IMAGE
21:19:27.774 [FXGL Background Thread 1 ] WARN  FXGLAssetLoaderServi - Asset "/assets/textures/exploreadelante.png" was not found!
21:19:27.775 [FXGL Background Thread 1 ] WARN  FXGLAssetLoaderServi - Failed to load IMAGE
21:19:27.776 [FXGL Background Thread 1 ] WARN  FXGLAssetLoaderServi - Asset "/assets/textures/exploreatras.png" was not found!
21:19:27.778 [FXGL Background Thread 1 ] WARN  FXGLAssetLoaderServi - Failed to load IMAGE
21:19:27.779 [FXGL Background Thread 1 ] DEBUG FXGLAssetLoaderServi - Loading from file system: file:/home/avrann/Escritorio/Proyecto%20POO/jorge.carrillo-Proyecto-POO-2025/target/classes/assets/textures/exploredeat.png
21:19:27.798 [FXGL Background Thread 1 ] WARN  GameWorld            - Entity is already attached to world
21:19:27.802 [FXGL Background Thread 1 ] WARN  FXGLAssetLoaderServi - Asset "/assets/textures/explorecaminando.png" was not found!
21:19:27.802 [FXGL Background Thread 1 ] WARN  FXGLAssetLoaderServi - Failed to load IMAGE
21:19:27.803 [FXGL Background Thread 1 ] WARN  FXGLAssetLoaderServi - Asset "/assets/textures/exploreadelante.png" was not found!
21:19:27.803 [FXGL Background Thread 1 ] WARN  FXGLAssetLoaderServi - Failed to load IMAGE
21:19:27.803 [FXGL Background Thread 1 ] WARN  FXGLAssetLoaderServi - Asset "/assets/textures/exploreatras.png" was not found!
21:19:27.803 [FXGL Background Thread 1 ] WARN  FXGLAssetLoaderServi - Failed to load IMAGE
21:19:27.804 [FXGL Background Thread 1 ] WARN  GameWorld            - Entity is already attached to world
21:19:27.805 [FXGL Background Thread 1 ] DEBUG FXGLAssetLoaderServi - Loading from file system: file:/home/avrann/Escritorio/Proyecto%20POO/jorge.carrillo-Proyecto-POO-2025/target/classes/assets/textures/droidatack_basic.png
21:19:27.812 [FXGL Background Thread 1 ] DEBUG FXGLAssetLoaderServi - Loading from file system: file:/home/avrann/Escritorio/Proyecto%20POO/jorge.carrillo-Proyecto-POO-2025/target/classes/assets/textures/droididle.png
21:19:27.814 [FXGL Background Thread 1 ] WARN  FXGLAssetLoaderServi - Asset "/assets/textures/droidcaminando.png" was not found!
21:19:27.814 [FXGL Background Thread 1 ] WARN  FXGLAssetLoaderServi - Failed to load IMAGE
21:19:27.816 [FXGL Background Thread 1 ] WARN  FXGLAssetLoaderServi - Asset "/assets/textures/droidadelante.png" was not found!
21:19:27.816 [FXGL Background Thread 1 ] WARN  FXGLAssetLoaderServi - Failed to load IMAGE
21:19:27.816 [FXGL Background Thread 1 ] WARN  FXGLAssetLoaderServi - Asset "/assets/textures/droidatras.png" was not found!
21:19:27.816 [FXGL Background Thread 1 ] WARN  FXGLAssetLoaderServi - Failed to load IMAGE
21:19:27.816 [FXGL Background Thread 1 ] DEBUG FXGLAssetLoaderServi - Loading from file system: file:/home/avrann/Escritorio/Proyecto%20POO/jorge.carrillo-Proyecto-POO-2025/target/classes/assets/textures/droiddeat.png
21:19:27.822 [FXGL Background Thread 1 ] WARN  GameWorld            - Entity is already attached to world
21:19:27.825 [FXGL Background Thread 1 ] WARN  FXGLAssetLoaderServi - Asset "/assets/textures/droidcaminando.png" was not found!
21:19:27.825 [FXGL Background Thread 1 ] WARN  FXGLAssetLoaderServi - Failed to load IMAGE
21:19:27.825 [FXGL Background Thread 1 ] WARN  FXGLAssetLoaderServi - Asset "/assets/textures/droidadelante.png" was not found!
21:19:27.828 [FXGL Background Thread 1 ] WARN  FXGLAssetLoaderServi - Failed to load IMAGE
21:19:27.829 [FXGL Background Thread 1 ] WARN  FXGLAssetLoaderServi - Asset "/assets/textures/droidatras.png" was not found!
21:19:27.829 [FXGL Background Thread 1 ] WARN  FXGLAssetLoaderServi - Failed to load IMAGE
21:19:27.830 [FXGL Background Thread 1 ] WARN  GameWorld            - Entity is already attached to world
21:19:27.831 [FXGL Background Thread 1 ] DEBUG FXGLAssetLoaderServi - Loading from file system: file:/home/avrann/Escritorio/Proyecto%20POO/jorge.carrillo-Proyecto-POO-2025/target/classes/assets/textures/droid2atack_basic.png
21:19:27.834 [FXGL Background Thread 1 ] DEBUG FXGLAssetLoaderServi - Loading from file system: file:/home/avrann/Escritorio/Proyecto%20POO/jorge.carrillo-Proyecto-POO-2025/target/classes/assets/textures/droid2idle.png
21:19:27.838 [FXGL Background Thread 1 ] WARN  FXGLAssetLoaderServi - Asset "/assets/textures/droid2caminando.png" was not found!
21:19:27.838 [FXGL Background Thread 1 ] WARN  FXGLAssetLoaderServi - Failed to load IMAGE
21:19:27.838 [FXGL Background Thread 1 ] WARN  FXGLAssetLoaderServi - Asset "/assets/textures/droid2adelante.png" was not found!
21:19:27.838 [FXGL Background Thread 1 ] WARN  FXGLAssetLoaderServi - Failed to load IMAGE
21:19:27.839 [FXGL Background Thread 1 ] WARN  FXGLAssetLoaderServi - Asset "/assets/textures/droid2atras.png" was not found!
21:19:27.839 [FXGL Background Thread 1 ] WARN  FXGLAssetLoaderServi - Failed to load IMAGE
21:19:27.839 [FXGL Background Thread 1 ] DEBUG FXGLAssetLoaderServi - Loading from file system: file:/home/avrann/Escritorio/Proyecto%20POO/jorge.carrillo-Proyecto-POO-2025/target/classes/assets/textures/droid2deat.png
21:19:27.847 [FXGL Background Thread 1 ] WARN  GameWorld            - Entity is already attached to world
21:19:27.850 [FXGL Background Thread 1 ] WARN  FXGLAssetLoaderServi - Asset "/assets/textures/droid2caminando.png" was not found!
21:19:27.850 [FXGL Background Thread 1 ] WARN  FXGLAssetLoaderServi - Failed to load IMAGE
21:19:27.850 [FXGL Background Thread 1 ] WARN  FXGLAssetLoaderServi - Asset "/assets/textures/droid2adelante.png" was not found!
21:19:27.850 [FXGL Background Thread 1 ] WARN  FXGLAssetLoaderServi - Failed to load IMAGE
21:19:27.851 [FXGL Background Thread 1 ] WARN  FXGLAssetLoaderServi - Asset "/assets/textures/droid2atras.png" was not found!
21:19:27.851 [FXGL Background Thread 1 ] WARN  FXGLAssetLoaderServi - Failed to load IMAGE
21:19:27.852 [FXGL Background Thread 1 ] WARN  GameWorld            - Entity is already attached to world
21:19:27.862 [FXGL Background Thread 1 ] WARN  FXGLAssetLoaderServi - Asset "/assets/textures/droid2caminando.png" was not found!
21:19:27.863 [FXGL Background Thread 1 ] WARN  FXGLAssetLoaderServi - Failed to load IMAGE
21:19:27.863 [FXGL Background Thread 1 ] WARN  FXGLAssetLoaderServi - Asset "/assets/textures/droid2adelante.png" was not found!
21:19:27.868 [FXGL Background Thread 1 ] WARN  FXGLAssetLoaderServi - Failed to load IMAGE
21:19:27.869 [FXGL Background Thread 1 ] WARN  FXGLAssetLoaderServi - Asset "/assets/textures/droid2atras.png" was not found!
21:19:27.869 [FXGL Background Thread 1 ] WARN  FXGLAssetLoaderServi - Failed to load IMAGE
21:19:27.870 [FXGL Background Thread 1 ] WARN  GameWorld            - Entity is already attached to world
21:19:27.871 [FXGL Background Thread 1 ] DEBUG FXGLAssetLoaderServi - Loading from file system: file:/home/avrann/Escritorio/Proyecto%20POO/jorge.carrillo-Proyecto-POO-2025/target/classes/assets/textures/droid3atack_basic.png
21:19:27.873 [FXGL Background Thread 1 ] DEBUG FXGLAssetLoaderServi - Loading from file system: file:/home/avrann/Escritorio/Proyecto%20POO/jorge.carrillo-Proyecto-POO-2025/target/classes/assets/textures/droid3idle.png
21:19:27.874 [FXGL Background Thread 1 ] WARN  FXGLAssetLoaderServi - Asset "/assets/textures/droid3caminando.png" was not found!
21:19:27.876 [FXGL Background Thread 1 ] WARN  FXGLAssetLoaderServi - Failed to load IMAGE
21:19:27.877 [FXGL Background Thread 1 ] WARN  FXGLAssetLoaderServi - Asset "/assets/textures/droid3adelante.png" was not found!
21:19:27.877 [FXGL Background Thread 1 ] WARN  FXGLAssetLoaderServi - Failed to load IMAGE
21:19:27.877 [FXGL Background Thread 1 ] WARN  FXGLAssetLoaderServi - Asset "/assets/textures/droid3atras.png" was not found!
21:19:27.878 [FXGL Background Thread 1 ] WARN  FXGLAssetLoaderServi - Failed to load IMAGE
21:19:27.878 [FXGL Background Thread 1 ] DEBUG FXGLAssetLoaderServi - Loading from file system: file:/home/avrann/Escritorio/Proyecto%20POO/jorge.carrillo-Proyecto-POO-2025/target/classes/assets/textures/droid3deat.png
21:19:27.881 [FXGL Background Thread 1 ] WARN  GameWorld            - Entity is already attached to world
21:19:27.882 [FXGL Background Thread 1 ] WARN  FXGLAssetLoaderServi - Asset "/assets/textures/droid3caminando.png" was not found!
21:19:27.882 [FXGL Background Thread 1 ] WARN  FXGLAssetLoaderServi - Failed to load IMAGE
21:19:27.882 [FXGL Background Thread 1 ] WARN  FXGLAssetLoaderServi - Asset "/assets/textures/droid3adelante.png" was not found!
21:19:27.883 [FXGL Background Thread 1 ] WARN  FXGLAssetLoaderServi - Failed to load IMAGE
21:19:27.883 [FXGL Background Thread 1 ] WARN  FXGLAssetLoaderServi - Asset "/assets/textures/droid3atras.png" was not found!
21:19:27.883 [FXGL Background Thread 1 ] WARN  FXGLAssetLoaderServi - Failed to load IMAGE
21:19:27.883 [FXGL Background Thread 1 ] WARN  GameWorld            - Entity is already attached to world
21:19:27.884 [FXGL Background Thread 1 ] DEBUG FXGLAssetLoaderServi - Loading from file system: file:/home/avrann/Escritorio/Proyecto%20POO/jorge.carrillo-Proyecto-POO-2025/target/classes/assets/textures/barreraDesactivadaitem.png
21:19:27.890 [FXGL Background Thread 1 ] WARN  FXGLAssetLoaderServi - Asset "/assets/textures/barreraDesactivadadisabled.png" was not found!
21:19:27.891 [FXGL Background Thread 1 ] WARN  FXGLAssetLoaderServi - Failed to load IMAGE
21:19:27.892 [FXGL Background Thread 1 ] WARN  GameWorld            - Entity is already attached to world
21:19:27.892 [FXGL Background Thread 1 ] WARN  FXGLAssetLoaderServi - Asset "/assets/textures/barreraDesactivadadisabled.png" was not found!
21:19:27.893 [FXGL Background Thread 1 ] WARN  FXGLAssetLoaderServi - Failed to load IMAGE
21:19:27.893 [FXGL Background Thread 1 ] WARN  GameWorld            - Entity is already attached to world
21:19:27.893 [FXGL Background Thread 1 ] WARN  FXGLAssetLoaderServi - Asset "/assets/textures/barreraDesactivadadisabled.png" was not found!
21:19:27.894 [FXGL Background Thread 1 ] WARN  FXGLAssetLoaderServi - Failed to load IMAGE
21:19:27.894 [FXGL Background Thread 1 ] WARN  GameWorld            - Entity is already attached to world
21:19:27.895 [FXGL Background Thread 1 ] WARN  FXGLAssetLoaderServi - Asset "/assets/textures/barreraDesactivadadisabled.png" was not found!
21:19:27.895 [FXGL Background Thread 1 ] WARN  FXGLAssetLoaderServi - Failed to load IMAGE
21:19:27.896 [FXGL Background Thread 1 ] WARN  GameWorld            - Entity is already attached to world
21:19:27.896 [FXGL Background Thread 1 ] DEBUG FXGLAssetLoaderServi - Loading from file system: file:/home/avrann/Escritorio/Proyecto%20POO/jorge.carrillo-Proyecto-POO-2025/target/classes/assets/textures/barreraitem.png
21:19:27.902 [FXGL Background Thread 1 ] DEBUG FXGLAssetLoaderServi - Loading from file system: file:/home/avrann/Escritorio/Proyecto%20POO/jorge.carrillo-Proyecto-POO-2025/target/classes/assets/textures/barreradisabled.png
21:19:27.907 [FXGL Background Thread 1 ] WARN  GameWorld            - Entity is already attached to world
21:19:27.908 [FXGL Background Thread 1 ] WARN  GameWorld            - Entity is already attached to world
21:19:27.909 [FXGL Background Thread 1 ] DEBUG FXGLAssetLoaderServi - Loading from file system: file:/home/avrann/Escritorio/Proyecto%20POO/jorge.carrillo-Proyecto-POO-2025/target/classes/assets/textures/panelitem.png
21:19:27.911 [FXGL Background Thread 1 ] DEBUG FXGLAssetLoaderServi - Loading from file system: file:/home/avrann/Escritorio/Proyecto%20POO/jorge.carrillo-Proyecto-POO-2025/target/classes/assets/textures/paneldisabled.png
21:19:27.914 [FXGL Background Thread 1 ] WARN  GameWorld            - Entity is already attached to world
21:19:27.915 [FXGL Background Thread 1 ] WARN  GameWorld            - Entity is already attached to world
21:19:27.916 [FXGL Background Thread 1 ] DEBUG FXGLAssetLoaderServi - Loading from file system: file:/home/avrann/Escritorio/Proyecto%20POO/jorge.carrillo-Proyecto-POO-2025/target/classes/assets/textures/generatorSpecialPointitem.png
21:19:27.917 [FXGL Background Thread 1 ] WARN  FXGLAssetLoaderServi - Asset "/assets/textures/generatorSpecialPointdisabled.png" was not found!
21:19:27.918 [FXGL Background Thread 1 ] WARN  FXGLAssetLoaderServi - Failed to load IMAGE
21:19:27.918 [FXGL Background Thread 1 ] WARN  GameWorld            - Entity is already attached to world
21:19:27.919 [FXGL Background Thread 1 ] WARN  FXGLAssetLoaderServi - Asset "/assets/textures/generatorSpecialPointdisabled.png" was not found!
21:19:27.919 [FXGL Background Thread 1 ] WARN  FXGLAssetLoaderServi - Failed to load IMAGE
21:19:27.919 [FXGL Background Thread 1 ] WARN  GameWorld            - Entity is already attached to world
21:19:27.920 [FXGL Background Thread 1 ] DEBUG FXGLAssetLoaderServi - Loading from file system: file:/home/avrann/Escritorio/Proyecto%20POO/jorge.carrillo-Proyecto-POO-2025/target/classes/assets/textures/lifeitem.png
21:19:27.921 [FXGL Background Thread 1 ] WARN  FXGLAssetLoaderServi - Asset "/assets/textures/lifedisabled.png" was not found!
21:19:27.921 [FXGL Background Thread 1 ] WARN  FXGLAssetLoaderServi - Failed to load IMAGE
21:19:27.922 [FXGL Background Thread 1 ] WARN  GameWorld            - Entity is already attached to world
21:19:27.923 [FXGL Background Thread 1 ] WARN  FXGLAssetLoaderServi - Asset "/assets/textures/lifedisabled.png" was not found!
21:19:27.923 [FXGL Background Thread 1 ] WARN  FXGLAssetLoaderServi - Failed to load IMAGE
21:19:27.924 [FXGL Background Thread 1 ] WARN  GameWorld            - Entity is already attached to world
21:19:27.924 [FXGL Background Thread 1 ] DEBUG FXGLAssetLoaderServi - Loading from file system: file:/home/avrann/Escritorio/Proyecto%20POO/jorge.carrillo-Proyecto-POO-2025/target/classes/assets/textures/atackitem.png
21:19:27.926 [FXGL Background Thread 1 ] WARN  FXGLAssetLoaderServi - Asset "/assets/textures/atackdisabled.png" was not found!
21:19:27.926 [FXGL Background Thread 1 ] WARN  FXGLAssetLoaderServi - Failed to load IMAGE
21:19:27.926 [FXGL Background Thread 1 ] WARN  GameWorld            - Entity is already attached to world
21:19:27.927 [FXGL Background Thread 1 ] WARN  FXGLAssetLoaderServi - Asset "/assets/textures/atackdisabled.png" was not found!
21:19:27.928 [FXGL Background Thread 1 ] WARN  FXGLAssetLoaderServi - Failed to load IMAGE
21:19:27.928 [FXGL Background Thread 1 ] WARN  GameWorld            - Entity is already attached to world
21:19:27.930 [FXGL Background Thread 1 ] DEBUG FXGLAssetLoaderServi - Loading from file system: file:/home/avrann/Escritorio/Proyecto%20POO/jorge.carrillo-Proyecto-POO-2025/target/classes/assets/textures/cyborgatack_special.png
21:19:27.933 [FXGL Background Thread 1 ] DEBUG FXGLAssetLoaderServi - Loading from file system: file:/home/avrann/Escritorio/Proyecto%20POO/jorge.carrillo-Proyecto-POO-2025/target/classes/assets/textures/cyborgatack_basic.png
21:19:27.935 [FXGL Background Thread 1 ] DEBUG FXGLAssetLoaderServi - Loading from file system: file:/home/avrann/Escritorio/Proyecto%20POO/jorge.carrillo-Proyecto-POO-2025/target/classes/assets/textures/cyborgidle.png
21:19:27.936 [FXGL Background Thread 1 ] DEBUG FXGLAssetLoaderServi - Loading from file system: file:/home/avrann/Escritorio/Proyecto%20POO/jorge.carrillo-Proyecto-POO-2025/target/classes/assets/textures/cyborgcaminando.png
21:19:27.937 [FXGL Background Thread 1 ] DEBUG FXGLAssetLoaderServi - Loading from file system: file:/home/avrann/Escritorio/Proyecto%20POO/jorge.carrillo-Proyecto-POO-2025/target/classes/assets/textures/cyborgadelante.png
21:19:27.938 [FXGL Background Thread 1 ] DEBUG FXGLAssetLoaderServi - Loading from file system: file:/home/avrann/Escritorio/Proyecto%20POO/jorge.carrillo-Proyecto-POO-2025/target/classes/assets/textures/cyborgatras.png
21:19:27.939 [FXGL Background Thread 1 ] DEBUG FXGLAssetLoaderServi - Loading from file system: file:/home/avrann/Escritorio/Proyecto%20POO/jorge.carrillo-Proyecto-POO-2025/target/classes/assets/textures/cyborgdeat.png
21:19:27.941 [FXGL Background Thread 1 ] WARN  GameWorld            - Entity is already attached to world
21:19:27.941 [FXGL Background Thread 1 ] DEBUG Input                - Registered new binding: Mover Arriba - W
21:19:27.941 [FXGL Background Thread 1 ] DEBUG Input                - Registered new binding: Mover Abajo - S
21:19:27.942 [FXGL Background Thread 1 ] DEBUG Input                - Registered new binding: Mover Izquierda - A
21:19:27.942 [FXGL Background Thread 1 ] DEBUG Input                - Registered new binding: Mover Derecha - D
21:19:27.943 [FXGL Background Thread 1 ] DEBUG FXGLAssetLoaderServi - Loading from file system: file:/home/avrann/Escritorio/Proyecto%20POO/jorge.carrillo-Proyecto-POO-2025/target/classes/assets/textures/botonGameMenu.png
21:19:27.944 [FXGL Background Thread 1 ] DEBUG FXGLAssetLoaderServi - Loading from file system: file:/home/avrann/Escritorio/Proyecto%20POO/jorge.carrillo-Proyecto-POO-2025/target/classes/assets/textures/buttonMainMenu.png
21:19:27.945 [FXGL Background Thread 1 ] DEBUG FXGLAssetLoaderServi - Loading from file system: file:/home/avrann/Escritorio/Proyecto%20POO/jorge.carrillo-Proyecto-POO-2025/target/classes/assets/textures/wikiButton.png
21:19:27.945 [FXGL Background Thread 1 ] DEBUG FXGLAssetLoaderServi - Loading from file system: file:/home/avrann/Escritorio/Proyecto%20POO/jorge.carrillo-Proyecto-POO-2025/target/classes/assets/textures/specialPointBar.png
21:19:27.946 [FXGL Background Thread 1 ] DEBUG FXGLAssetLoaderServi - Loading from file system: file:/home/avrann/Escritorio/Proyecto%20POO/jorge.carrillo-Proyecto-POO-2025/target/classes/assets/textures/statBar.png
21:19:27.948 [FXGL Background Thread 1 ] DEBUG FXGLAssetLoaderServi - Loading from file system: file:/home/avrann/Escritorio/Proyecto%20POO/jorge.carrillo-Proyecto-POO-2025/target/classes/assets/textures/statAtackBar.png
21:19:27.948 [FXGL Background Thread 1 ] DEBUG FXGLAssetLoaderServi - Loading from file system: file:/home/avrann/Escritorio/Proyecto%20POO/jorge.carrillo-Proyecto-POO-2025/target/classes/assets/textures/wiki_image.png
21:19:27.998 [FXGL Background Thread 3 ] DEBUG Engine               - Logging environment variables
21:19:27.999 [FXGL Background Thread 3 ] DEBUG Engine               - achievements: []
21:19:27.999 [FXGL Background Thread 3 ] DEBUG Engine               - actualHeight: 944.0
21:19:27.999 [FXGL Background Thread 3 ] DEBUG Engine               - actualHeightProperty: ReadOnlyDoubleProperty [value: 973.091064453125]
21:19:27.999 [FXGL Background Thread 3 ] DEBUG Engine               - actualWidth: 1391.0
21:19:27.999 [FXGL Background Thread 3 ] DEBUG Engine               - actualWidthProperty: ReadOnlyDoubleProperty [value: 1391.0]
21:19:27.999 [FXGL Background Thread 3 ] DEBUG Engine               - appIcon: fxgl_icon.png
21:19:27.999 [FXGL Background Thread 3 ] DEBUG Engine               - applicationMode: DEVELOPER
21:19:27.999 [FXGL Background Thread 3 ] DEBUG Engine               - cSSList: [fxgl_dark.css]
21:19:28.000 [FXGL Background Thread 3 ] DEBUG Engine               - collisionDetectionStrategy: BRUTE_FORCE
21:19:28.002 [FXGL Background Thread 3 ] DEBUG Engine               - configClass: Optional.empty
21:19:28.002 [FXGL Background Thread 3 ] DEBUG Engine               - credits: []
21:19:28.005 [FXGL Background Thread 3 ] DEBUG Engine               - defaultCursor: CursorInfo(imageName=fxgl_default_cursor.png, hotspotX=7.0, hotspotY=6.0)
21:19:28.005 [FXGL Background Thread 3 ] DEBUG Engine               - devBBoxColorProperty: ObjectProperty [value: 0xff0000ff]
21:19:28.005 [FXGL Background Thread 3 ] DEBUG Engine               - devEnableDebugCameraProperty: BooleanProperty [value: false]
21:19:28.005 [FXGL Background Thread 3 ] DEBUG Engine               - devSensorColorProperty: ObjectProperty [value: 0xffff00ff]
21:19:28.008 [FXGL Background Thread 3 ] DEBUG Engine               - devShowBBoxProperty: BooleanProperty [value: false]
21:19:28.009 [FXGL Background Thread 3 ] DEBUG Engine               - devShowPositionProperty: BooleanProperty [value: false]
21:19:28.009 [FXGL Background Thread 3 ] DEBUG Engine               - enabledMenuItems: []
21:19:28.009 [FXGL Background Thread 3 ] DEBUG Engine               - engineServices: [class com.almasb.fxgl.app.services.FXGLAssetLoaderService, class com.almasb.fxgl.app.FXGLApplication$GameApplicationService, class com.almasb.fxgl.app.services.FXGLDialogService, class com.almasb.fxgl.app.services.IOTaskExecutorService, class com.almasb.fxgl.io.FileSystemService, class com.almasb.fxgl.localization.LocalizationService, class com.almasb.fxgl.app.services.SystemBundleService, class com.almasb.fxgl.profile.SaveLoadService, class com.almasb.fxgl.ui.FXGLUIFactoryServiceProvider, class com.almasb.fxgl.ui.FXGLDialogFactoryServiceProvider, class com.almasb.fxgl.audio.AudioPlayer, class com.almasb.fxgl.notification.impl.NotificationServiceProvider, class com.almasb.fxgl.achievement.AchievementService, class com.almasb.fxgl.cutscene.CutsceneService, class com.almasb.fxgl.minigames.MiniGameService, class com.almasb.fxgl.net.NetService, class com.almasb.fxgl.app.services.UpdaterService, class com.almasb.fxgl.dev.DevService]
21:19:28.009 [FXGL Background Thread 3 ] DEBUG Engine               - fontGame: Abel-Regular.ttf
21:19:28.009 [FXGL Background Thread 3 ] DEBUG Engine               - fontMono: TerminalLandMono-Regular.otf
21:19:28.009 [FXGL Background Thread 3 ] DEBUG Engine               - fontSizeScaleUI: 1.0
21:19:28.009 [FXGL Background Thread 3 ] DEBUG Engine               - fontText: Courier-Prime.ttf
21:19:28.009 [FXGL Background Thread 3 ] DEBUG Engine               - fontUI: VarelaRound-Regular.ttf
21:19:28.009 [FXGL Background Thread 3 ] DEBUG Engine               - fullScreen: BooleanProperty [value: false]
21:19:28.009 [FXGL Background Thread 3 ] DEBUG Engine               - gameDifficulty: MEDIUM
21:19:28.009 [FXGL Background Thread 3 ] DEBUG Engine               - gameDifficultyProperty: ObjectProperty [value: MEDIUM]
21:19:28.009 [FXGL Background Thread 3 ] DEBUG Engine               - globalMusicVolume: 0.5
21:19:28.009 [FXGL Background Thread 3 ] DEBUG Engine               - globalMusicVolumeProperty: DoubleProperty [value: 0.5]
21:19:28.009 [FXGL Background Thread 3 ] DEBUG Engine               - globalSoundVolume: 0.5
21:19:28.010 [FXGL Background Thread 3 ] DEBUG Engine               - globalSoundVolumeProperty: DoubleProperty [value: 0.5]
21:19:28.010 [FXGL Background Thread 3 ] DEBUG Engine               - height: 1024
21:19:28.010 [FXGL Background Thread 3 ] DEBUG Engine               - is3D: false
21:19:28.010 [FXGL Background Thread 3 ] DEBUG Engine               - isAndroid: false
21:19:28.010 [FXGL Background Thread 3 ] DEBUG Engine               - isBrowser: false
21:19:28.010 [FXGL Background Thread 3 ] DEBUG Engine               - isClickFeedbackEnabled: false
21:19:28.010 [FXGL Background Thread 3 ] DEBUG Engine               - isCloseConfirmation: false
21:19:28.010 [FXGL Background Thread 3 ] DEBUG Engine               - isDesktop: true
21:19:28.010 [FXGL Background Thread 3 ] DEBUG Engine               - isDeveloperMenuEnabled: true
21:19:28.010 [FXGL Background Thread 3 ] DEBUG Engine               - isEmbedded: false
21:19:28.010 [FXGL Background Thread 3 ] DEBUG Engine               - isEntityPreloadEnabled: true
21:19:28.010 [FXGL Background Thread 3 ] DEBUG Engine               - isExperimentalTiledLargeMap: false
21:19:28.013 [FXGL Background Thread 3 ] DEBUG Engine               - isFileSystemWriteAllowed: true
21:19:28.013 [FXGL Background Thread 3 ] DEBUG Engine               - isFullScreenAllowed: false
21:19:28.013 [FXGL Background Thread 3 ] DEBUG Engine               - isFullScreenFromStart: false
21:19:28.014 [FXGL Background Thread 3 ] DEBUG Engine               - isGameMenuEnabled: true
21:19:28.014 [FXGL Background Thread 3 ] DEBUG Engine               - isIOS: false
21:19:28.014 [FXGL Background Thread 3 ] DEBUG Engine               - isIntroEnabled: false
21:19:28.014 [FXGL Background Thread 3 ] DEBUG Engine               - isLinux: true
21:19:28.014 [FXGL Background Thread 3 ] DEBUG Engine               - isMac: false
21:19:28.014 [FXGL Background Thread 3 ] DEBUG Engine               - isMainMenuEnabled: true
21:19:28.014 [FXGL Background Thread 3 ] DEBUG Engine               - isManualResizeEnabled: false
21:19:28.014 [FXGL Background Thread 3 ] DEBUG Engine               - isMobile: false
21:19:28.014 [FXGL Background Thread 3 ] DEBUG Engine               - isNative: false
21:19:28.014 [FXGL Background Thread 3 ] DEBUG Engine               - isPauseMusicWhenMinimized: true
21:19:28.014 [FXGL Background Thread 3 ] DEBUG Engine               - isPreserveResizeRatio: false
21:19:28.014 [FXGL Background Thread 3 ] DEBUG Engine               - isProfilingEnabled: false
21:19:28.018 [FXGL Background Thread 1 ] DEBUG FXGLAssetLoaderServi - Loading from file system: file:/home/avrann/Escritorio/Proyecto%20POO/jorge.carrillo-Proyecto-POO-2025/target/classes/assets/textures/specialPoint.png
21:19:28.019 [FXGL Background Thread 1 ] DEBUG FXGLAssetLoaderServi - Loading from file system: file:/home/avrann/Escritorio/Proyecto%20POO/jorge.carrillo-Proyecto-POO-2025/target/classes/assets/textures/special.png
21:19:28.019 [FXGL Background Thread 3 ] DEBUG Engine               - isScaleAffectedOnResize: true
21:19:28.019 [FXGL Background Thread 3 ] DEBUG Engine               - isSingleStep: false
21:19:28.019 [FXGL Background Thread 3 ] DEBUG Engine               - isUserProfileEnabled: false
21:19:28.019 [FXGL Background Thread 3 ] DEBUG Engine               - isWindows: false
21:19:28.019 [FXGL Background Thread 3 ] DEBUG Engine               - language: ObjectProperty [value: ENGLISH]
21:19:28.019 [FXGL Background Thread 3 ] DEBUG Engine               - menuKey: ESCAPE
21:19:28.019 [FXGL Background Thread 3 ] DEBUG Engine               - mouseSensitivity: 0.2
21:19:28.019 [FXGL Background Thread 3 ] DEBUG Engine               - notificationViewClass: class com.almasb.fxgl.notification.view.XboxNotificationView
21:19:28.020 [FXGL Background Thread 3 ] DEBUG Engine               - pixelsPerMeter: 50.0
21:19:28.020 [FXGL Background Thread 3 ] DEBUG Engine               - platform: LINUX
21:19:28.020 [FXGL Background Thread 3 ] DEBUG Engine               - prefHeightProperty: ReadOnlyDoubleProperty [value: 1024.0]
21:19:28.020 [FXGL Background Thread 3 ] DEBUG Engine               - prefWidthProperty: ReadOnlyDoubleProperty [value: 1536.0]
21:19:28.020 [FXGL Background Thread 3 ] DEBUG Engine               - profileDir: profiles/
21:19:28.020 [FXGL Background Thread 3 ] DEBUG Engine               - profileName: StringProperty [value: DEFAULT]
21:19:28.020 [FXGL Background Thread 3 ] DEBUG Engine               - randomSeed: -1
21:19:28.020 [FXGL Background Thread 3 ] DEBUG Engine               - runtimeInfo: RuntimeInfo(platform=LINUX, version=21.1, build=27.03.2024 07.52)
21:19:28.020 [FXGL Background Thread 3 ] DEBUG Engine               - saveFileExt: sav
21:19:28.021 [FXGL Background Thread 3 ] DEBUG Engine               - scaledHeightProp$fxgl: DoubleProperty [bound, value: 973.091064453125]
21:19:28.021 [FXGL Background Thread 3 ] DEBUG Engine               - scaledWidthProp$fxgl: DoubleProperty [bound, value: 1391.0]
21:19:28.021 [FXGL Background Thread 3 ] DEBUG Engine               - sceneFactory: App.Game.GameApp$1@6d835d99
21:19:28.021 [FXGL Background Thread 3 ] DEBUG Engine               - secondsIn24h: 60
21:19:28.021 [FXGL Background Thread 3 ] DEBUG Engine               - soundMenuBack: menu/back.wav
21:19:28.021 [FXGL Background Thread 3 ] DEBUG Engine               - soundMenuPress: menu/press.wav
21:19:28.021 [FXGL Background Thread 3 ] DEBUG Engine               - soundMenuSelect: menu/select.wav
21:19:28.021 [FXGL Background Thread 3 ] DEBUG Engine               - soundNotification: core/notification.wav
21:19:28.021 [FXGL Background Thread 3 ] DEBUG Engine               - stageStyle: DECORATED
21:19:28.023 [FXGL Background Thread 3 ] DEBUG Engine               - supportedLanguages: [ENGLISH, FRENCH, GERMAN, HUNGARIAN, RUSSIAN]
21:19:28.023 [FXGL Background Thread 3 ] DEBUG Engine               - ticksPerSecond: -1
21:19:28.023 [FXGL Background Thread 3 ] DEBUG Engine               - title: Eclipsis: el legado de la nave abandonada(BetaVer)
21:19:28.023 [FXGL Background Thread 3 ] DEBUG Engine               - urlGithub: https://github.com/AlmasB/FXGL
21:19:28.023 [FXGL Background Thread 3 ] DEBUG Engine               - urlLeaderboard: http://fxgl-top.herokuapp.com/
21:19:28.024 [FXGL Background Thread 3 ] DEBUG Engine               - urlPOM: https://raw.githubusercontent.com/AlmasB/FXGL/release/README.md
21:19:28.024 [FXGL Background Thread 3 ] DEBUG Engine               - userAppClass: class App.Game.GameApp
21:19:28.024 [FXGL Background Thread 3 ] DEBUG Engine               - version: 0.0
21:19:28.024 [FXGL Background Thread 3 ] DEBUG Engine               - versionCheckDays: 7
21:19:28.024 [FXGL Background Thread 3 ] DEBUG Engine               - width: 1536
21:19:28.024 [FXGL Background Thread 3 ] DEBUG Engine               - Logging services
21:19:28.024 [FXGL Background Thread 3 ] DEBUG Engine               - class com.almasb.fxgl.app.services.FXGLAssetLoaderService
21:19:28.024 [FXGL Background Thread 3 ] DEBUG Engine               - class com.almasb.fxgl.app.FXGLApplication$GameApplicationService
21:19:28.024 [FXGL Background Thread 3 ] DEBUG Engine               - class com.almasb.fxgl.app.services.FXGLDialogService
21:19:28.024 [FXGL Background Thread 3 ] DEBUG Engine               - class com.almasb.fxgl.app.services.IOTaskExecutorService
21:19:28.024 [FXGL Background Thread 3 ] DEBUG Engine               - class com.almasb.fxgl.io.FileSystemService
21:19:28.024 [FXGL Background Thread 3 ] DEBUG Engine               - class com.almasb.fxgl.localization.LocalizationService
21:19:28.024 [FXGL Background Thread 3 ] DEBUG Engine               - class com.almasb.fxgl.app.services.SystemBundleService
21:19:28.024 [FXGL Background Thread 3 ] DEBUG Engine               - class com.almasb.fxgl.profile.SaveLoadService
21:19:28.024 [FXGL Background Thread 3 ] DEBUG Engine               - class com.almasb.fxgl.ui.FXGLUIFactoryServiceProvider
21:19:28.024 [FXGL Background Thread 3 ] DEBUG Engine               - class com.almasb.fxgl.ui.FXGLDialogFactoryServiceProvider
21:19:28.024 [FXGL Background Thread 3 ] DEBUG Engine               - class com.almasb.fxgl.audio.AudioPlayer
21:19:28.024 [FXGL Background Thread 1 ] DEBUG FXGLAssetLoaderServi - Loading from file system: file:/home/avrann/Escritorio/Proyecto%20POO/jorge.carrillo-Proyecto-POO-2025/target/classes/assets/textures/barra_enemigo.png
21:19:28.024 [FXGL Background Thread 3 ] DEBUG Engine               - class com.almasb.fxgl.notification.impl.NotificationServiceProvider
21:19:28.024 [FXGL Background Thread 3 ] DEBUG Engine               - class com.almasb.fxgl.achievement.AchievementService
21:19:28.025 [FXGL Background Thread 3 ] DEBUG Engine               - class com.almasb.fxgl.cutscene.CutsceneService
21:19:28.025 [FXGL Background Thread 3 ] DEBUG Engine               - class com.almasb.fxgl.minigames.MiniGameService
21:19:28.025 [FXGL Background Thread 3 ] DEBUG Engine               - class com.almasb.fxgl.net.NetService
21:19:28.025 [FXGL Background Thread 3 ] DEBUG Engine               - class com.almasb.fxgl.app.services.UpdaterService
21:19:28.025 [FXGL Background Thread 3 ] DEBUG Engine               - class com.almasb.fxgl.dev.DevService
21:19:28.028 [FXGL Background Thread 1 ] DEBUG FXGLAssetLoaderServi - Loading from file system: file:/home/avrann/Escritorio/Proyecto%20POO/jorge.carrillo-Proyecto-POO-2025/target/classes/assets/textures/life_point_enemi.png
21:19:28.030 [FXGL Background Thread 1 ] DEBUG FXGLAssetLoaderServi - Loading from file system: file:/home/avrann/Escritorio/Proyecto%20POO/jorge.carrillo-Proyecto-POO-2025/target/classes/assets/textures/life_bar.png
21:19:28.037 [FXGL Background Thread 1 ] DEBUG FXGLAssetLoaderServi - Loading from file system: file:/home/avrann/Escritorio/Proyecto%20POO/jorge.carrillo-Proyecto-POO-2025/target/classes/assets/textures/life_point.png
21:19:28.040 [FXGL Background Thread 1 ] DEBUG FXGLAssetLoaderServi - Loading from file system: file:/home/avrann/Escritorio/Proyecto%20POO/jorge.carrillo-Proyecto-POO-2025/target/classes/assets/textures/button_atacck.png
21:19:28.041 [FXGL Background Thread 1 ] DEBUG FXGLAssetLoaderServi - Loading from file system: file:/home/avrann/Escritorio/Proyecto%20POO/jorge.carrillo-Proyecto-POO-2025/target/classes/assets/textures/combat_panel.png
21:19:28.077 [FXGL Background Thread 1 ] INFO  FXGLApplication      - Game initialization took: 1.091 sec
21:19:28.196 [JavaFX Application Thread] DEBUG Input                - Clearing active input actions
21:19:28.206 [JavaFX Application Thread] DEBUG GameApplicationServi - Removing overlay from FXGLLoadingScene and adding to GameScene
21:19:28.212 [JavaFX Application Thread] DEBUG PrimaryStageWindow   - FXGLLoadingScene -> GameScene
21:19:34.120 [JavaFX Application Thread] DEBUG FXGLApplication      - Exiting FXGL
21:19:34.120 [JavaFX Application Thread] DEBUG LoopRunner           - Stopping loop
21:19:34.120 [JavaFX Application Thread] DEBUG SystemBundleService  - Saving FXGL system data
21:19:34.123 [JavaFX Application Thread] DEBUG FileSystemAccess     - Writing to: /home/avrann/Escritorio/Proyecto POO/jorge.carrillo-Proyecto-POO-2025/system/fxgl.bundle
21:19:34.127 [JavaFX Application Thread] DEBUG Async                - Shutting down background threads
21:19:34.128 [JavaFX Application Thread] DEBUG PrimaryStageWindow   - Closing main window
21:19:34.132 [JavaFX Application Thread] DEBUG Logger               - Closing Logger
