10:30:14.259 [main                     ] DEBUG Logger               - Configured Logger
10:30:14.273 [main                     ] DEBUG GameApplication      - Logging settings
Title: Eclipsis: el legado de la nave abandonada(BetaVer)
Version: 0.0
Width: 1536
Height: 1024
Fullscreen: false
Intro: false
Profiling: false
Single step:false
App Mode: DEVELOPER
Menu Key: ESCAPE
Stage Style: DECORATED
Scene Factory: class App.Game.GameApp$1

10:30:14.356 [JavaFX Application Thread] DEBUG FXGLApplication      - Initializing FXGL
10:30:14.360 [JavaFX Application Thread] INFO  Engine               - FXGL-17.3 (30.03.2023 11.49) on WINDOWS (J:17.0.12 FX:20)
10:30:14.360 [JavaFX Application Thread] DEBUG Engine               - JRE Vendor Name: Oracle Corporation
10:30:14.360 [JavaFX Application Thread] DEBUG Engine               - Running on OS: Windows 11 version 10.0
10:30:14.360 [JavaFX Application Thread] DEBUG Engine               - Architecture: amd64
10:30:14.360 [JavaFX Application Thread] INFO  Engine               - Source code and latest versions at: https://github.com/AlmasB/FXGL
10:30:14.360 [JavaFX Application Thread] INFO  Engine               -       Ask questions and discuss at: https://github.com/AlmasB/FXGL/discussions
10:30:14.360 [JavaFX Application Thread] INFO  Engine               -              Join the FXGL chat at: https://gitter.im/AlmasB/FXGL
10:30:14.409 [JavaFX Application Thread] DEBUG PrimaryStageWindow   - Creating a JavaFX scene
10:30:14.409 [JavaFX Application Thread] DEBUG PrimaryStageWindow   - Target size > screen size
10:30:14.442 [JavaFX Application Thread] DEBUG PrimaryStageWindow   - Target settings size: 1536.0 x 1024.0
10:30:14.443 [JavaFX Application Thread] DEBUG PrimaryStageWindow   - Scaled scene size:    1343.0 x 912.0
10:30:14.443 [JavaFX Application Thread] DEBUG PrimaryStageWindow   - Scaled ratio: (0.8743489583333334, 0.890625)
10:30:14.444 [JavaFX Application Thread] DEBUG PrimaryStageWindow   - Set initial scene to FXGLStartupScene
10:30:14.446 [JavaFX Application Thread] DEBUG PrimaryStageWindow   - Opening main window
10:30:14.506 [JavaFX Application Thread] DEBUG PrimaryStageWindow   - Window border size: (14.5999755859375, 37.5999755859375)
10:30:14.507 [JavaFX Application Thread] DEBUG PrimaryStageWindow   - Scaled size: 1343.0 x 912.0
10:30:14.507 [JavaFX Application Thread] DEBUG PrimaryStageWindow   - Scaled ratio: (0.8743489583333334, 0.890625)
10:30:14.507 [JavaFX Application Thread] DEBUG PrimaryStageWindow   - Scene size: 1343.0 x 912.0
10:30:14.507 [JavaFX Application Thread] DEBUG PrimaryStageWindow   - Stage size: 1357.5999755859375 x 949.5999755859375
10:30:14.512 [FXGL Background Thread 1 ] DEBUG Engine               - Initializing environment variables
10:30:14.550 [FXGL Background Thread 1 ] DEBUG FXGLAssetLoaderServi - User app class for loading assets: class App.Game.GameApp
10:30:14.551 [FXGL Background Thread 1 ] DEBUG GameApplicationServi - Applying CSS: fxgl_dark.css
10:30:14.552 [FXGL Background Thread 1 ] DEBUG FXGLAssetLoaderServi - Loading from file system: jar:file:///C:/Users/Dannieris/.m2/repository/com/github/almasb/fxgl/17.3/fxgl-17.3.jar!/fxglassets/ui/css/fxgl_dark.css
10:30:14.610 [FXGL Background Thread 1 ] DEBUG GameApplicationServi - Initializing application scenes
10:30:14.662 [FXGL Background Thread 1 ] DEBUG GameWorld            - Game world initialized
10:30:14.728 [FXGL Background Thread 1 ] DEBUG PhysicsWorld         - Physics world initialized: appHeight=1024, physics.ppm=50.0
10:30:14.729 [FXGL Background Thread 1 ] DEBUG PhysicsWorld         - Using strategy: BRUTE_FORCE
10:30:14.732 [FXGL Background Thread 1 ] DEBUG GameScene            - Game scene initialized: 1536x1024
10:30:14.849 [FXGL Background Thread 1 ] DEBUG FXGL.DefaultMenu     - createMenuBodyGameMenu()
10:30:14.856 [FXGL Background Thread 1 ] DEBUG FXGL.DefaultMenu     - createOptionsMenu()
10:30:14.861 [FXGL Background Thread 1 ] DEBUG FXGLAssetLoaderServi - Loading from file system: jar:file:///C:/Users/Dannieris/.m2/repository/com/github/almasb/fxgl/17.3/fxgl-17.3.jar!/fxglassets/textures/particles/smoke.png
10:30:14.905 [FXGL Background Thread 1 ] DEBUG FXGLAssetLoaderServi - Loading from file system: jar:file:///C:/Users/Dannieris/.m2/repository/com/github/almasb/fxgl/17.3/fxgl-17.3.jar!/fxglassets/textures/particles/trace_horizontal.png
10:30:14.915 [FXGL Background Thread 1 ] DEBUG FXGLAssetLoaderServi - Loading from file system: file:/C:/Users/Dannieris/Desktop/ForkProyecto/ForkProyecto/target/classes/assets/music/menu.wav
10:30:14.979 [FXGL Background Thread 1 ] DEBUG AudioPlayer          - Playing music com.almasb.fxgl.audio.Music@f1f6019
10:30:14.981 [FXGL Background Thread 1 ] DEBUG AudioPlayer          - Playing music com.almasb.fxgl.audio.Music@f1f6019
10:30:14.981 [FXGL Background Thread 1 ] DEBUG FXGLAssetLoaderServi - Loading from file system: file:/C:/Users/Dannieris/Desktop/ForkProyecto/ForkProyecto/target/classes/assets/textures/fondoGameMenu.png
10:30:15.008 [FXGL Background Thread 1 ] DEBUG GameApplicationServi - Application scenes initialized
10:30:15.014 [FXGL Background Thread 1 ] DEBUG SystemBundleService  - Loading FXGL system data
10:30:15.016 [FXGL Background Thread 1 ] DEBUG FileSystemAccess     - Reading from: C:\Users\Dannieris\Desktop\ForkProyecto\ForkProyecto\system\fxgl.bundle
10:30:15.020 [FXGL Background Thread 1 ] DEBUG SystemBundleService  - Bundle FXGL: {}
10:30:15.020 [FXGL Background Thread 1 ] DEBUG UpdaterService       - Checking for updates
10:30:15.046 [FXGL Background Thread 4 ] DEBUG FXGLApplication      - Loading fonts
10:30:15.047 [FXGL Background Thread 1 ] DEBUG FXGLApplication      - Loading default localization
10:30:15.047 [FXGL Background Thread 4 ] DEBUG FXGLAssetLoaderServi - Loading from file system: jar:file:///C:/Users/Dannieris/.m2/repository/com/github/almasb/fxgl/17.3/fxgl-17.3.jar!/fxglassets/ui/fonts/VarelaRound-Regular.ttf
10:30:15.047 [FXGL Background Thread 1 ] DEBUG FXGLAssetLoaderServi - Loading from file system: jar:file:///C:/Users/Dannieris/.m2/repository/com/github/almasb/fxgl/17.3/fxgl-17.3.jar!/fxglassets/languages/english.lang
10:30:15.078 [FXGL Background Thread 1 ] INFO  FXGLApplication      - FXGL initialization took: 0.565 sec
10:30:15.081 [JavaFX Application Thread] DEBUG FXGLAssetLoaderServi - Loading from file system: jar:file:///C:/Users/Dannieris/.m2/repository/com/github/almasb/fxgl/17.3/fxgl-17.3.jar!/fxglassets/textures/fxgl_icon.png
10:30:15.098 [JavaFX Application Thread] DEBUG FXGLAssetLoaderServi - Loading from file system: file:/C:/Users/Dannieris/Desktop/ForkProyecto/ForkProyecto/target/classes/assets/textures/cursor.png
10:30:15.099 [FXGL Background Thread 4 ] DEBUG FXGLAssetLoaderServi - Loading from file system: jar:file:///C:/Users/Dannieris/.m2/repository/com/github/almasb/fxgl/17.3/fxgl-17.3.jar!/fxglassets/ui/fonts/Abel-Regular.ttf
10:30:15.112 [JavaFX Application Thread] DEBUG Input                - Registered new binding: Screenshot - CTRL+8
10:30:15.113 [JavaFX Application Thread] DEBUG Input                - Registered new binding: Dev Options - 1
10:30:15.113 [JavaFX Application Thread] DEBUG Input                - Registered new binding: Dev Console - 2
10:30:15.115 [JavaFX Application Thread] DEBUG Input                - Registered new binding: System info dump - CTRL+9
10:30:15.115 [JavaFX Application Thread] DEBUG Input                - Registered new binding: Restart - CTRL+R
10:30:15.116 [JavaFX Application Thread] DEBUG Input                - Registered new binding: Toggle Debug Camera - CTRL+7
10:30:15.116 [FXGL Background Thread 4 ] DEBUG FXGLAssetLoaderServi - Loading from file system: jar:file:///C:/Users/Dannieris/.m2/repository/com/github/almasb/fxgl/17.3/fxgl-17.3.jar!/fxglassets/ui/fonts/TerminalLandMono-Regular.otf
10:30:15.120 [JavaFX Application Thread] DEBUG LoopRunner           - Starting loop
10:30:15.131 [FXGL Background Thread 4 ] DEBUG FXGLAssetLoaderServi - Loading from file system: jar:file:///C:/Users/Dannieris/.m2/repository/com/github/almasb/fxgl/17.3/fxgl-17.3.jar!/fxglassets/ui/fonts/Courier-Prime.ttf
10:30:15.134 [JavaFX Application Thread] DEBUG LoopRunner           - Initializing JavaFX AnimationTimerLoop
10:30:15.138 [JavaFX Application Thread] DEBUG Input                - Clearing active input actions
10:30:15.141 [JavaFX Application Thread] DEBUG GameApplicationServi - Removing overlay from FXGLStartupScene and adding to FXGLMainMenuDummyScene
10:30:15.147 [JavaFX Application Thread] DEBUG PrimaryStageWindow   - FXGLStartupScene -> FXGLMainMenuDummyScene
10:30:15.147 [JavaFX Application Thread] DEBUG PrimaryStageWindow   - Push state: MyMenu
10:30:15.147 [JavaFX Application Thread] DEBUG Input                - Clearing active input actions
10:30:15.150 [JavaFX Application Thread] DEBUG GameApplicationServi - Removing overlay from FXGLMainMenuDummyScene and adding to MyMenu
10:30:15.152 [JavaFX Application Thread] DEBUG PrimaryStageWindow   - FXGLMainMenuDummyScene -> MyMenu
10:30:15.161 [JavaFX Application Thread] DEBUG FXGLApplication      - Registering font factories with UI factory
10:30:15.216 [FXGL Background Thread 2 ] WARN  UpdaterService       - Failed to find updates: java.net.SocketException: Permission denied: connect
10:30:16.407 [JavaFX Application Thread] DEBUG GameApplicationServi - Starting new game
10:30:16.408 [JavaFX Application Thread] DEBUG PrimaryStageWindow   - Pop state: MyMenu
10:30:16.408 [JavaFX Application Thread] DEBUG Input                - Clearing active input actions
10:30:16.409 [JavaFX Application Thread] DEBUG GameApplicationServi - Removing overlay from MyMenu and adding to FXGLMainMenuDummyScene
10:30:16.411 [JavaFX Application Thread] DEBUG PrimaryStageWindow   - FXGLMainMenuDummyScene <- MyMenu
10:30:16.412 [JavaFX Application Thread] DEBUG Input                - Clearing active input actions
10:30:16.421 [JavaFX Application Thread] DEBUG GameApplicationServi - Removing overlay from FXGLMainMenuDummyScene and adding to FXGLLoadingScene
10:30:16.422 [JavaFX Application Thread] DEBUG PrimaryStageWindow   - FXGLMainMenuDummyScene -> FXGLLoadingScene
10:30:16.422 [JavaFX Application Thread] DEBUG GameApplicationServi - Clearing previous game
10:30:16.422 [JavaFX Application Thread] DEBUG GameScene            - Clearing game scene
10:30:16.422 [JavaFX Application Thread] DEBUG GameWorld            - Clearing game world
10:30:16.422 [JavaFX Application Thread] DEBUG PhysicsWorld         - Clearing physics world
10:30:16.423 [FXGL Background Thread 2 ] DEBUG FXGLApplication      - Initializing game
10:30:16.566 [FXGL Background Thread 2 ] DEBUG AudioPlayer          - Stopping music com.almasb.fxgl.audio.Music@f1f6019
10:30:16.566 [FXGL Background Thread 2 ] DEBUG FXGLAssetLoaderServi - Loading from file system: file:/C:/Users/Dannieris/Desktop/ForkProyecto/ForkProyecto/target/classes/assets/music/loading.wav
10:30:16.569 [FXGL Background Thread 2 ] DEBUG AudioPlayer          - Playing music com.almasb.fxgl.audio.Music@519c0688
10:30:16.604 [FXGL Background Thread 2 ] WARN  TMXLevelLoader       - TiledMap generated from 1.11.2. Supported version: 1.9.0. Some features may not be parsed fully.
10:30:16.622 [FXGL Background Thread 2 ] DEBUG TMXLevelLoader       - Parsed TiledMap: file:/C:/Users/Dannieris/Desktop/ForkProyecto/ForkProyecto/target/classes/assets/levels/level_01.tmx
10:30:16.623 [FXGL Background Thread 2 ] DEBUG TMXLevelLoader       - Creating tile layer entities
10:30:16.624 [FXGL Background Thread 2 ] DEBUG TilesetLoader        - Loading view for layer Capa de patrones 1
10:30:16.629 [FXGL Background Thread 2 ] DEBUG TilesetLoader        - Created buffer with size 2000.0x1500.0
10:30:16.648 [FXGL Background Thread 2 ] WARN  TilesetLoader        - Diagonally flipped tiles are not currently supported
10:30:16.649 [FXGL Background Thread 2 ] WARN  TilesetLoader        - Diagonally flipped tiles are not currently supported
10:30:16.650 [FXGL Background Thread 2 ] WARN  TilesetLoader        - Diagonally flipped tiles are not currently supported
10:30:16.651 [FXGL Background Thread 2 ] WARN  TilesetLoader        - Diagonally flipped tiles are not currently supported
10:30:16.656 [FXGL Background Thread 2 ] WARN  TilesetLoader        - Diagonally flipped tiles are not currently supported
10:30:16.661 [FXGL Background Thread 2 ] WARN  TilesetLoader        - Diagonally flipped tiles are not currently supported
10:30:16.661 [FXGL Background Thread 2 ] WARN  TilesetLoader        - Diagonally flipped tiles are not currently supported
10:30:16.662 [FXGL Background Thread 2 ] WARN  TilesetLoader        - Diagonally flipped tiles are not currently supported
10:30:16.663 [FXGL Background Thread 2 ] WARN  TilesetLoader        - Diagonally flipped tiles are not currently supported
10:30:16.664 [FXGL Background Thread 2 ] WARN  TilesetLoader        - Diagonally flipped tiles are not currently supported
10:30:16.667 [FXGL Background Thread 2 ] WARN  TilesetLoader        - Diagonally flipped tiles are not currently supported
10:30:16.667 [FXGL Background Thread 2 ] DEBUG TilesetLoader        - Loading view for layer Capa de Decoracion
10:30:16.672 [FXGL Background Thread 2 ] DEBUG TilesetLoader        - Created buffer with size 2000.0x1500.0
10:30:16.734 [FXGL Background Thread 2 ] DEBUG TMXLevelLoader       - Creating object layer entities
10:30:16.749 [FXGL Background Thread 2 ] DEBUG GameWorld            - Clearing removable entities
10:30:16.769 [FXGL Background Thread 2 ] DEBUG GameWorld            - Setting level: com.almasb.fxgl.entity.level.Level@7104e6bb
10:30:16.779 [FXGL Background Thread 2 ] DEBUG FXGLAssetLoaderServi - Loading from file system: file:/C:/Users/Dannieris/Desktop/ForkProyecto/ForkProyecto/target/classes/assets/textures/tankeitem.png
10:30:16.782 [FXGL Background Thread 2 ] WARN  FXGLAssetLoaderServi - Asset "/assets/textures/tankedisabled.png" was not found!
10:30:16.782 [FXGL Background Thread 2 ] WARN  FXGLAssetLoaderServi - Failed to load IMAGE
10:30:16.812 [FXGL Background Thread 2 ] WARN  GameWorld            - Entity is already attached to world
10:30:16.813 [FXGL Background Thread 2 ] WARN  FXGLAssetLoaderServi - Asset "/assets/textures/tankedisabled.png" was not found!
10:30:16.813 [FXGL Background Thread 2 ] WARN  FXGLAssetLoaderServi - Failed to load IMAGE
10:30:16.813 [FXGL Background Thread 2 ] WARN  GameWorld            - Entity is already attached to world
10:30:16.814 [FXGL Background Thread 2 ] DEBUG FXGLAssetLoaderServi - Loading from file system: file:/C:/Users/Dannieris/Desktop/ForkProyecto/ForkProyecto/target/classes/assets/textures/coinitem.png
10:30:16.815 [FXGL Background Thread 2 ] WARN  FXGLAssetLoaderServi - Asset "/assets/textures/coindisabled.png" was not found!
10:30:16.815 [FXGL Background Thread 2 ] WARN  FXGLAssetLoaderServi - Failed to load IMAGE
10:30:16.817 [FXGL Background Thread 2 ] WARN  GameWorld            - Entity is already attached to world
10:30:16.817 [FXGL Background Thread 2 ] WARN  FXGLAssetLoaderServi - Asset "/assets/textures/coindisabled.png" was not found!
10:30:16.818 [FXGL Background Thread 2 ] WARN  FXGLAssetLoaderServi - Failed to load IMAGE
10:30:16.818 [FXGL Background Thread 2 ] WARN  GameWorld            - Entity is already attached to world
10:30:16.819 [FXGL Background Thread 2 ] WARN  FXGLAssetLoaderServi - Asset "/assets/textures/coindisabled.png" was not found!
10:30:16.819 [FXGL Background Thread 2 ] WARN  FXGLAssetLoaderServi - Failed to load IMAGE
10:30:16.820 [FXGL Background Thread 2 ] WARN  GameWorld            - Entity is already attached to world
10:30:16.821 [FXGL Background Thread 2 ] DEBUG FXGLAssetLoaderServi - Loading from file system: file:/C:/Users/Dannieris/Desktop/ForkProyecto/ForkProyecto/target/classes/assets/textures/exploreatack_basic.png
10:30:16.824 [FXGL Background Thread 2 ] DEBUG FXGLAssetLoaderServi - Loading from file system: file:/C:/Users/Dannieris/Desktop/ForkProyecto/ForkProyecto/target/classes/assets/textures/exploreidle.png
10:30:16.826 [FXGL Background Thread 2 ] WARN  FXGLAssetLoaderServi - Asset "/assets/textures/explorecaminando.png" was not found!
10:30:16.826 [FXGL Background Thread 2 ] WARN  FXGLAssetLoaderServi - Failed to load IMAGE
10:30:16.827 [FXGL Background Thread 2 ] WARN  FXGLAssetLoaderServi - Asset "/assets/textures/exploreadelante.png" was not found!
10:30:16.827 [FXGL Background Thread 2 ] WARN  FXGLAssetLoaderServi - Failed to load IMAGE
10:30:16.827 [FXGL Background Thread 2 ] WARN  FXGLAssetLoaderServi - Asset "/assets/textures/exploreatras.png" was not found!
10:30:16.827 [FXGL Background Thread 2 ] WARN  FXGLAssetLoaderServi - Failed to load IMAGE
10:30:16.827 [FXGL Background Thread 2 ] DEBUG FXGLAssetLoaderServi - Loading from file system: file:/C:/Users/Dannieris/Desktop/ForkProyecto/ForkProyecto/target/classes/assets/textures/exploredeat.png
10:30:16.829 [FXGL Background Thread 2 ] WARN  GameWorld            - Entity is already attached to world
10:30:16.830 [FXGL Background Thread 2 ] WARN  FXGLAssetLoaderServi - Asset "/assets/textures/explorecaminando.png" was not found!
10:30:16.830 [FXGL Background Thread 2 ] WARN  FXGLAssetLoaderServi - Failed to load IMAGE
10:30:16.830 [FXGL Background Thread 2 ] WARN  FXGLAssetLoaderServi - Asset "/assets/textures/exploreadelante.png" was not found!
10:30:16.830 [FXGL Background Thread 2 ] WARN  FXGLAssetLoaderServi - Failed to load IMAGE
10:30:16.831 [FXGL Background Thread 2 ] WARN  FXGLAssetLoaderServi - Asset "/assets/textures/exploreatras.png" was not found!
10:30:16.831 [FXGL Background Thread 2 ] WARN  FXGLAssetLoaderServi - Failed to load IMAGE
10:30:16.831 [FXGL Background Thread 2 ] WARN  GameWorld            - Entity is already attached to world
10:30:16.831 [FXGL Background Thread 2 ] DEBUG FXGLAssetLoaderServi - Loading from file system: file:/C:/Users/Dannieris/Desktop/ForkProyecto/ForkProyecto/target/classes/assets/textures/droidatack_basic.png
10:30:16.833 [FXGL Background Thread 2 ] DEBUG FXGLAssetLoaderServi - Loading from file system: file:/C:/Users/Dannieris/Desktop/ForkProyecto/ForkProyecto/target/classes/assets/textures/droididle.png
10:30:16.833 [FXGL Background Thread 2 ] WARN  FXGLAssetLoaderServi - Asset "/assets/textures/droidcaminando.png" was not found!
10:30:16.834 [FXGL Background Thread 2 ] WARN  FXGLAssetLoaderServi - Failed to load IMAGE
10:30:16.834 [FXGL Background Thread 2 ] WARN  FXGLAssetLoaderServi - Asset "/assets/textures/droidadelante.png" was not found!
10:30:16.834 [FXGL Background Thread 2 ] WARN  FXGLAssetLoaderServi - Failed to load IMAGE
10:30:16.834 [FXGL Background Thread 2 ] WARN  FXGLAssetLoaderServi - Asset "/assets/textures/droidatras.png" was not found!
10:30:16.834 [FXGL Background Thread 2 ] WARN  FXGLAssetLoaderServi - Failed to load IMAGE
10:30:16.834 [FXGL Background Thread 2 ] DEBUG FXGLAssetLoaderServi - Loading from file system: file:/C:/Users/Dannieris/Desktop/ForkProyecto/ForkProyecto/target/classes/assets/textures/droiddeat.png
10:30:16.837 [FXGL Background Thread 2 ] WARN  GameWorld            - Entity is already attached to world
10:30:16.838 [FXGL Background Thread 2 ] WARN  FXGLAssetLoaderServi - Asset "/assets/textures/droidcaminando.png" was not found!
10:30:16.839 [FXGL Background Thread 2 ] WARN  FXGLAssetLoaderServi - Failed to load IMAGE
10:30:16.839 [FXGL Background Thread 2 ] WARN  FXGLAssetLoaderServi - Asset "/assets/textures/droidadelante.png" was not found!
10:30:16.840 [FXGL Background Thread 2 ] WARN  FXGLAssetLoaderServi - Failed to load IMAGE
10:30:16.840 [FXGL Background Thread 2 ] WARN  FXGLAssetLoaderServi - Asset "/assets/textures/droidatras.png" was not found!
10:30:16.840 [FXGL Background Thread 2 ] WARN  FXGLAssetLoaderServi - Failed to load IMAGE
10:30:16.843 [FXGL Background Thread 2 ] WARN  GameWorld            - Entity is already attached to world
10:30:16.844 [FXGL Background Thread 2 ] DEBUG FXGLAssetLoaderServi - Loading from file system: file:/C:/Users/Dannieris/Desktop/ForkProyecto/ForkProyecto/target/classes/assets/textures/droid2atack_basic.png
10:30:16.847 [FXGL Background Thread 2 ] DEBUG FXGLAssetLoaderServi - Loading from file system: file:/C:/Users/Dannieris/Desktop/ForkProyecto/ForkProyecto/target/classes/assets/textures/droid2idle.png
10:30:16.849 [FXGL Background Thread 2 ] WARN  FXGLAssetLoaderServi - Asset "/assets/textures/droid2caminando.png" was not found!
10:30:16.849 [FXGL Background Thread 2 ] WARN  FXGLAssetLoaderServi - Failed to load IMAGE
10:30:16.850 [FXGL Background Thread 2 ] WARN  FXGLAssetLoaderServi - Asset "/assets/textures/droid2adelante.png" was not found!
10:30:16.850 [FXGL Background Thread 2 ] WARN  FXGLAssetLoaderServi - Failed to load IMAGE
10:30:16.850 [FXGL Background Thread 2 ] WARN  FXGLAssetLoaderServi - Asset "/assets/textures/droid2atras.png" was not found!
10:30:16.850 [FXGL Background Thread 2 ] WARN  FXGLAssetLoaderServi - Failed to load IMAGE
10:30:16.850 [FXGL Background Thread 2 ] DEBUG FXGLAssetLoaderServi - Loading from file system: file:/C:/Users/Dannieris/Desktop/ForkProyecto/ForkProyecto/target/classes/assets/textures/droid2deat.png
10:30:16.852 [FXGL Background Thread 2 ] WARN  GameWorld            - Entity is already attached to world
10:30:16.853 [FXGL Background Thread 2 ] WARN  FXGLAssetLoaderServi - Asset "/assets/textures/droid2caminando.png" was not found!
10:30:16.853 [FXGL Background Thread 2 ] WARN  FXGLAssetLoaderServi - Failed to load IMAGE
10:30:16.853 [FXGL Background Thread 2 ] WARN  FXGLAssetLoaderServi - Asset "/assets/textures/droid2adelante.png" was not found!
10:30:16.854 [FXGL Background Thread 2 ] WARN  FXGLAssetLoaderServi - Failed to load IMAGE
10:30:16.854 [FXGL Background Thread 2 ] WARN  FXGLAssetLoaderServi - Asset "/assets/textures/droid2atras.png" was not found!
10:30:16.854 [FXGL Background Thread 2 ] WARN  FXGLAssetLoaderServi - Failed to load IMAGE
10:30:16.854 [FXGL Background Thread 2 ] WARN  GameWorld            - Entity is already attached to world
10:30:16.855 [FXGL Background Thread 2 ] WARN  FXGLAssetLoaderServi - Asset "/assets/textures/droid2caminando.png" was not found!
10:30:16.855 [FXGL Background Thread 2 ] WARN  FXGLAssetLoaderServi - Failed to load IMAGE
10:30:16.855 [FXGL Background Thread 2 ] WARN  FXGLAssetLoaderServi - Asset "/assets/textures/droid2adelante.png" was not found!
10:30:16.855 [FXGL Background Thread 2 ] WARN  FXGLAssetLoaderServi - Failed to load IMAGE
10:30:16.855 [FXGL Background Thread 2 ] WARN  FXGLAssetLoaderServi - Asset "/assets/textures/droid2atras.png" was not found!
10:30:16.855 [FXGL Background Thread 2 ] WARN  FXGLAssetLoaderServi - Failed to load IMAGE
10:30:16.856 [FXGL Background Thread 2 ] WARN  GameWorld            - Entity is already attached to world
10:30:16.857 [FXGL Background Thread 2 ] DEBUG FXGLAssetLoaderServi - Loading from file system: file:/C:/Users/Dannieris/Desktop/ForkProyecto/ForkProyecto/target/classes/assets/textures/droid3atack_basic.png
10:30:16.860 [FXGL Background Thread 2 ] DEBUG FXGLAssetLoaderServi - Loading from file system: file:/C:/Users/Dannieris/Desktop/ForkProyecto/ForkProyecto/target/classes/assets/textures/droid3idle.png
10:30:16.862 [FXGL Background Thread 2 ] WARN  FXGLAssetLoaderServi - Asset "/assets/textures/droid3caminando.png" was not found!
10:30:16.862 [FXGL Background Thread 2 ] WARN  FXGLAssetLoaderServi - Failed to load IMAGE
10:30:16.863 [FXGL Background Thread 2 ] WARN  FXGLAssetLoaderServi - Asset "/assets/textures/droid3adelante.png" was not found!
10:30:16.863 [FXGL Background Thread 2 ] WARN  FXGLAssetLoaderServi - Failed to load IMAGE
10:30:16.864 [FXGL Background Thread 2 ] WARN  FXGLAssetLoaderServi - Asset "/assets/textures/droid3atras.png" was not found!
10:30:16.864 [FXGL Background Thread 2 ] WARN  FXGLAssetLoaderServi - Failed to load IMAGE
10:30:16.864 [FXGL Background Thread 2 ] DEBUG FXGLAssetLoaderServi - Loading from file system: file:/C:/Users/Dannieris/Desktop/ForkProyecto/ForkProyecto/target/classes/assets/textures/droid3deat.png
10:30:16.865 [FXGL Background Thread 2 ] WARN  GameWorld            - Entity is already attached to world
10:30:16.866 [FXGL Background Thread 2 ] WARN  FXGLAssetLoaderServi - Asset "/assets/textures/droid3caminando.png" was not found!
10:30:16.866 [FXGL Background Thread 2 ] WARN  FXGLAssetLoaderServi - Failed to load IMAGE
10:30:16.866 [FXGL Background Thread 2 ] WARN  FXGLAssetLoaderServi - Asset "/assets/textures/droid3adelante.png" was not found!
10:30:16.866 [FXGL Background Thread 2 ] WARN  FXGLAssetLoaderServi - Failed to load IMAGE
10:30:16.866 [FXGL Background Thread 2 ] WARN  FXGLAssetLoaderServi - Asset "/assets/textures/droid3atras.png" was not found!
10:30:16.866 [FXGL Background Thread 2 ] WARN  FXGLAssetLoaderServi - Failed to load IMAGE
10:30:16.867 [FXGL Background Thread 2 ] WARN  GameWorld            - Entity is already attached to world
10:30:16.867 [FXGL Background Thread 2 ] DEBUG FXGLAssetLoaderServi - Loading from file system: file:/C:/Users/Dannieris/Desktop/ForkProyecto/ForkProyecto/target/classes/assets/textures/barreraDesactivadaitem.png
10:30:16.876 [FXGL Background Thread 2 ] WARN  FXGLAssetLoaderServi - Asset "/assets/textures/barreraDesactivadadisabled.png" was not found!
10:30:16.876 [FXGL Background Thread 2 ] WARN  FXGLAssetLoaderServi - Failed to load IMAGE
10:30:16.878 [FXGL Background Thread 2 ] WARN  GameWorld            - Entity is already attached to world
10:30:16.878 [FXGL Background Thread 2 ] WARN  FXGLAssetLoaderServi - Asset "/assets/textures/barreraDesactivadadisabled.png" was not found!
10:30:16.879 [FXGL Background Thread 2 ] WARN  FXGLAssetLoaderServi - Failed to load IMAGE
10:30:16.879 [FXGL Background Thread 2 ] WARN  GameWorld            - Entity is already attached to world
10:30:16.879 [FXGL Background Thread 2 ] WARN  FXGLAssetLoaderServi - Asset "/assets/textures/barreraDesactivadadisabled.png" was not found!
10:30:16.879 [FXGL Background Thread 2 ] WARN  FXGLAssetLoaderServi - Failed to load IMAGE
10:30:16.879 [FXGL Background Thread 2 ] WARN  GameWorld            - Entity is already attached to world
10:30:16.880 [FXGL Background Thread 2 ] WARN  FXGLAssetLoaderServi - Asset "/assets/textures/barreraDesactivadadisabled.png" was not found!
10:30:16.880 [FXGL Background Thread 2 ] WARN  FXGLAssetLoaderServi - Failed to load IMAGE
10:30:16.880 [FXGL Background Thread 2 ] WARN  GameWorld            - Entity is already attached to world
10:30:16.880 [FXGL Background Thread 2 ] DEBUG FXGLAssetLoaderServi - Loading from file system: file:/C:/Users/Dannieris/Desktop/ForkProyecto/ForkProyecto/target/classes/assets/textures/barreraitem.png
10:30:16.883 [FXGL Background Thread 2 ] DEBUG FXGLAssetLoaderServi - Loading from file system: file:/C:/Users/Dannieris/Desktop/ForkProyecto/ForkProyecto/target/classes/assets/textures/barreradisabled.png
10:30:16.884 [FXGL Background Thread 2 ] WARN  GameWorld            - Entity is already attached to world
10:30:16.886 [FXGL Background Thread 2 ] WARN  GameWorld            - Entity is already attached to world
10:30:16.886 [FXGL Background Thread 2 ] DEBUG FXGLAssetLoaderServi - Loading from file system: file:/C:/Users/Dannieris/Desktop/ForkProyecto/ForkProyecto/target/classes/assets/textures/panelitem.png
10:30:16.887 [FXGL Background Thread 2 ] DEBUG FXGLAssetLoaderServi - Loading from file system: file:/C:/Users/Dannieris/Desktop/ForkProyecto/ForkProyecto/target/classes/assets/textures/paneldisabled.png
10:30:16.889 [FXGL Background Thread 2 ] WARN  GameWorld            - Entity is already attached to world
10:30:16.891 [FXGL Background Thread 2 ] WARN  GameWorld            - Entity is already attached to world
10:30:16.892 [FXGL Background Thread 2 ] DEBUG FXGLAssetLoaderServi - Loading from file system: file:/C:/Users/Dannieris/Desktop/ForkProyecto/ForkProyecto/target/classes/assets/textures/generatorSpecialPointitem.png
10:30:16.894 [FXGL Background Thread 2 ] WARN  FXGLAssetLoaderServi - Asset "/assets/textures/generatorSpecialPointdisabled.png" was not found!
10:30:16.894 [FXGL Background Thread 2 ] WARN  FXGLAssetLoaderServi - Failed to load IMAGE
10:30:16.894 [FXGL Background Thread 2 ] WARN  GameWorld            - Entity is already attached to world
10:30:16.894 [FXGL Background Thread 2 ] WARN  FXGLAssetLoaderServi - Asset "/assets/textures/generatorSpecialPointdisabled.png" was not found!
10:30:16.894 [FXGL Background Thread 2 ] WARN  FXGLAssetLoaderServi - Failed to load IMAGE
10:30:16.895 [FXGL Background Thread 2 ] WARN  GameWorld            - Entity is already attached to world
10:30:16.895 [FXGL Background Thread 2 ] DEBUG FXGLAssetLoaderServi - Loading from file system: file:/C:/Users/Dannieris/Desktop/ForkProyecto/ForkProyecto/target/classes/assets/textures/lifeitem.png
10:30:16.896 [FXGL Background Thread 2 ] WARN  FXGLAssetLoaderServi - Asset "/assets/textures/lifedisabled.png" was not found!
10:30:16.896 [FXGL Background Thread 2 ] WARN  FXGLAssetLoaderServi - Failed to load IMAGE
10:30:16.896 [FXGL Background Thread 2 ] WARN  GameWorld            - Entity is already attached to world
10:30:16.897 [FXGL Background Thread 2 ] WARN  FXGLAssetLoaderServi - Asset "/assets/textures/lifedisabled.png" was not found!
10:30:16.897 [FXGL Background Thread 2 ] WARN  FXGLAssetLoaderServi - Failed to load IMAGE
10:30:16.897 [FXGL Background Thread 2 ] WARN  GameWorld            - Entity is already attached to world
10:30:16.897 [FXGL Background Thread 2 ] DEBUG FXGLAssetLoaderServi - Loading from file system: file:/C:/Users/Dannieris/Desktop/ForkProyecto/ForkProyecto/target/classes/assets/textures/atackitem.png
10:30:16.898 [FXGL Background Thread 2 ] WARN  FXGLAssetLoaderServi - Asset "/assets/textures/atackdisabled.png" was not found!
10:30:16.898 [FXGL Background Thread 2 ] WARN  FXGLAssetLoaderServi - Failed to load IMAGE
10:30:16.898 [FXGL Background Thread 2 ] WARN  GameWorld            - Entity is already attached to world
10:30:16.899 [FXGL Background Thread 2 ] WARN  FXGLAssetLoaderServi - Asset "/assets/textures/atackdisabled.png" was not found!
10:30:16.899 [FXGL Background Thread 2 ] WARN  FXGLAssetLoaderServi - Failed to load IMAGE
10:30:16.899 [FXGL Background Thread 2 ] WARN  GameWorld            - Entity is already attached to world
10:30:16.899 [FXGL Background Thread 2 ] DEBUG FXGLAssetLoaderServi - Loading from file system: file:/C:/Users/Dannieris/Desktop/ForkProyecto/ForkProyecto/target/classes/assets/textures/cyborgatack_special.png
10:30:16.901 [FXGL Background Thread 2 ] DEBUG FXGLAssetLoaderServi - Loading from file system: file:/C:/Users/Dannieris/Desktop/ForkProyecto/ForkProyecto/target/classes/assets/textures/cyborgatack_basic.png
10:30:16.903 [FXGL Background Thread 2 ] DEBUG FXGLAssetLoaderServi - Loading from file system: file:/C:/Users/Dannieris/Desktop/ForkProyecto/ForkProyecto/target/classes/assets/textures/cyborgidle.png
10:30:16.906 [FXGL Background Thread 2 ] DEBUG FXGLAssetLoaderServi - Loading from file system: file:/C:/Users/Dannieris/Desktop/ForkProyecto/ForkProyecto/target/classes/assets/textures/cyborgcaminando.png
10:30:16.908 [FXGL Background Thread 2 ] DEBUG FXGLAssetLoaderServi - Loading from file system: file:/C:/Users/Dannieris/Desktop/ForkProyecto/ForkProyecto/target/classes/assets/textures/cyborgadelante.png
10:30:16.910 [FXGL Background Thread 2 ] DEBUG FXGLAssetLoaderServi - Loading from file system: file:/C:/Users/Dannieris/Desktop/ForkProyecto/ForkProyecto/target/classes/assets/textures/cyborgatras.png
10:30:16.912 [FXGL Background Thread 2 ] DEBUG FXGLAssetLoaderServi - Loading from file system: file:/C:/Users/Dannieris/Desktop/ForkProyecto/ForkProyecto/target/classes/assets/textures/cyborgdeat.png
10:30:16.914 [FXGL Background Thread 2 ] WARN  GameWorld            - Entity is already attached to world
10:30:16.914 [FXGL Background Thread 2 ] WARN  FXGLAssetLoaderServi - Asset "/assets/textures/jaxKaneatack_special.png" was not found!
10:30:16.914 [FXGL Background Thread 2 ] WARN  FXGLAssetLoaderServi - Failed to load IMAGE
10:30:16.914 [FXGL Background Thread 2 ] DEBUG FXGLAssetLoaderServi - Loading from file system: file:/C:/Users/Dannieris/Desktop/ForkProyecto/ForkProyecto/target/classes/assets/textures/jaxKaneatack_basic.png
10:30:16.915 [FXGL Background Thread 2 ] DEBUG FXGLAssetLoaderServi - Loading from file system: file:/C:/Users/Dannieris/Desktop/ForkProyecto/ForkProyecto/target/classes/assets/textures/jaxKaneidle.png
10:30:16.916 [FXGL Background Thread 2 ] DEBUG FXGLAssetLoaderServi - Loading from file system: file:/C:/Users/Dannieris/Desktop/ForkProyecto/ForkProyecto/target/classes/assets/textures/jaxKanecaminando.png
10:30:16.916 [FXGL Background Thread 2 ] DEBUG FXGLAssetLoaderServi - Loading from file system: file:/C:/Users/Dannieris/Desktop/ForkProyecto/ForkProyecto/target/classes/assets/textures/jaxKaneadelante.png
10:30:16.918 [FXGL Background Thread 2 ] DEBUG FXGLAssetLoaderServi - Loading from file system: file:/C:/Users/Dannieris/Desktop/ForkProyecto/ForkProyecto/target/classes/assets/textures/jaxKaneatras.png
10:30:16.919 [FXGL Background Thread 2 ] WARN  FXGLAssetLoaderServi - Asset "/assets/textures/jaxKanedeat.png" was not found!
10:30:16.919 [FXGL Background Thread 2 ] WARN  FXGLAssetLoaderServi - Failed to load IMAGE
10:30:16.920 [FXGL Background Thread 2 ] WARN  GameWorld            - Entity is already attached to world
10:30:16.920 [FXGL Background Thread 2 ] DEBUG Input                - Registered new binding: Mover Arriba - W
10:30:16.920 [FXGL Background Thread 2 ] DEBUG Input                - Registered new binding: Mover Abajo - S
10:30:16.921 [FXGL Background Thread 2 ] DEBUG Input                - Registered new binding: Mover Izquierda - A
10:30:16.921 [FXGL Background Thread 2 ] DEBUG Input                - Registered new binding: Mover Derecha - D
10:30:16.922 [FXGL Background Thread 2 ] DEBUG FXGLAssetLoaderServi - Loading from file system: file:/C:/Users/Dannieris/Desktop/ForkProyecto/ForkProyecto/target/classes/assets/textures/coinConteiner.png
10:30:16.924 [FXGL Background Thread 2 ] DEBUG FXGLAssetLoaderServi - Loading from file system: file:/C:/Users/Dannieris/Desktop/ForkProyecto/ForkProyecto/target/classes/assets/textures/targetCoin.png
10:30:16.947 [FXGL Background Thread 2 ] DEBUG FXGLAssetLoaderServi - Loading from file system: file:/C:/Users/Dannieris/Desktop/ForkProyecto/ForkProyecto/target/classes/assets/textures/latienda.png
10:30:16.952 [FXGL Background Thread 2 ] DEBUG FXGLAssetLoaderServi - Loading from file system: file:/C:/Users/Dannieris/Desktop/ForkProyecto/ForkProyecto/target/classes/assets/textures/botonTienda.png
10:30:16.956 [FXGL Background Thread 2 ] DEBUG FXGLAssetLoaderServi - Loading from file system: file:/C:/Users/Dannieris/Desktop/ForkProyecto/ForkProyecto/target/classes/assets/textures/botonGameMenu.png
10:30:16.958 [FXGL Background Thread 2 ] DEBUG FXGLAssetLoaderServi - Loading from file system: file:/C:/Users/Dannieris/Desktop/ForkProyecto/ForkProyecto/target/classes/assets/textures/buttonMainMenu.png
10:30:16.959 [FXGL Background Thread 2 ] DEBUG FXGLAssetLoaderServi - Loading from file system: file:/C:/Users/Dannieris/Desktop/ForkProyecto/ForkProyecto/target/classes/assets/textures/wikiButton.png
10:30:16.960 [FXGL Background Thread 2 ] DEBUG FXGLAssetLoaderServi - Loading from file system: file:/C:/Users/Dannieris/Desktop/ForkProyecto/ForkProyecto/target/classes/assets/textures/specialPointBar.png
10:30:16.961 [FXGL Background Thread 2 ] DEBUG FXGLAssetLoaderServi - Loading from file system: file:/C:/Users/Dannieris/Desktop/ForkProyecto/ForkProyecto/target/classes/assets/textures/statBar.png
10:30:16.962 [FXGL Background Thread 2 ] DEBUG FXGLAssetLoaderServi - Loading from file system: file:/C:/Users/Dannieris/Desktop/ForkProyecto/ForkProyecto/target/classes/assets/textures/statAtackBar.png
10:30:16.963 [FXGL Background Thread 2 ] DEBUG FXGLAssetLoaderServi - Loading from file system: file:/C:/Users/Dannieris/Desktop/ForkProyecto/ForkProyecto/target/classes/assets/textures/wiki_image.png
10:30:16.974 [FXGL Background Thread 2 ] DEBUG FXGLAssetLoaderServi - Loading from file system: file:/C:/Users/Dannieris/Desktop/ForkProyecto/ForkProyecto/target/classes/assets/textures/iconCyborg.png
10:30:16.977 [FXGL Background Thread 2 ] DEBUG FXGLAssetLoaderServi - Loading from file system: file:/C:/Users/Dannieris/Desktop/ForkProyecto/ForkProyecto/target/classes/assets/textures/iconJaxKane.png
10:30:16.979 [FXGL Background Thread 2 ] DEBUG FXGLAssetLoaderServi - Loading from file system: file:/C:/Users/Dannieris/Desktop/ForkProyecto/ForkProyecto/target/classes/assets/textures/specialPoint.png
10:30:16.979 [FXGL Background Thread 2 ] DEBUG FXGLAssetLoaderServi - Loading from file system: file:/C:/Users/Dannieris/Desktop/ForkProyecto/ForkProyecto/target/classes/assets/textures/special.png
10:30:16.980 [FXGL Background Thread 2 ] DEBUG FXGLAssetLoaderServi - Loading from file system: file:/C:/Users/Dannieris/Desktop/ForkProyecto/ForkProyecto/target/classes/assets/textures/barra_enemigo.png
10:30:16.981 [FXGL Background Thread 2 ] DEBUG FXGLAssetLoaderServi - Loading from file system: file:/C:/Users/Dannieris/Desktop/ForkProyecto/ForkProyecto/target/classes/assets/textures/life_point_enemi.png
10:30:16.982 [FXGL Background Thread 2 ] DEBUG FXGLAssetLoaderServi - Loading from file system: file:/C:/Users/Dannieris/Desktop/ForkProyecto/ForkProyecto/target/classes/assets/textures/life_bar.png
10:30:16.983 [FXGL Background Thread 2 ] DEBUG FXGLAssetLoaderServi - Loading from file system: file:/C:/Users/Dannieris/Desktop/ForkProyecto/ForkProyecto/target/classes/assets/textures/life_point.png
10:30:16.983 [FXGL Background Thread 2 ] DEBUG FXGLAssetLoaderServi - Loading from file system: file:/C:/Users/Dannieris/Desktop/ForkProyecto/ForkProyecto/target/classes/assets/textures/button_atacck.png
10:30:16.984 [FXGL Background Thread 2 ] DEBUG FXGLAssetLoaderServi - Loading from file system: file:/C:/Users/Dannieris/Desktop/ForkProyecto/ForkProyecto/target/classes/assets/textures/combat_panel.png
10:30:16.993 [FXGL Background Thread 2 ] INFO  FXGLApplication      - Game initialization took: 0.569 sec
10:30:16.994 [JavaFX Application Thread] DEBUG Input                - Clearing active input actions
10:30:16.998 [JavaFX Application Thread] DEBUG GameApplicationServi - Removing overlay from FXGLLoadingScene and adding to GameScene
10:30:17.002 [JavaFX Application Thread] DEBUG PrimaryStageWindow   - FXGLLoadingScene -> GameScene
10:30:17.021 [JavaFX Application Thread] DEBUG FXGLAssetLoaderServi - Loading from file system: file:/C:/Users/Dannieris/Desktop/ForkProyecto/ForkProyecto/target/classes/assets/sounds/item.wav
10:30:18.045 [FXGL Background Thread 3 ] DEBUG Engine               - Logging environment variables
10:30:18.046 [FXGL Background Thread 3 ] DEBUG Engine               - achievements: []
10:30:18.046 [FXGL Background Thread 3 ] DEBUG Engine               - actualHeight: 912.0
10:30:18.046 [FXGL Background Thread 3 ] DEBUG Engine               - actualHeightProperty: ReadOnlyDoubleProperty [value: 912.0]
10:30:18.046 [FXGL Background Thread 3 ] DEBUG Engine               - actualWidth: 1343.0
10:30:18.046 [FXGL Background Thread 3 ] DEBUG Engine               - actualWidthProperty: ReadOnlyDoubleProperty [value: 1343.0]
10:30:18.046 [FXGL Background Thread 3 ] DEBUG Engine               - appIcon: fxgl_icon.png
10:30:18.046 [FXGL Background Thread 3 ] DEBUG Engine               - applicationMode: DEVELOPER
10:30:18.046 [FXGL Background Thread 3 ] DEBUG Engine               - cSSList: [fxgl_dark.css]
10:30:18.046 [FXGL Background Thread 3 ] DEBUG Engine               - collisionDetectionStrategy: BRUTE_FORCE
10:30:18.046 [FXGL Background Thread 3 ] DEBUG Engine               - configClass: Optional.empty
10:30:18.046 [FXGL Background Thread 3 ] DEBUG Engine               - credits: []
10:30:18.046 [FXGL Background Thread 3 ] DEBUG Engine               - defaultCursor: CursorInfo(imageName=cursor.png, hotspotX=0.0, hotspotY=0.0)
10:30:18.046 [FXGL Background Thread 3 ] DEBUG Engine               - devBBoxColorProperty: ObjectProperty [value: 0xff0000ff]
10:30:18.046 [FXGL Background Thread 3 ] DEBUG Engine               - devEnableDebugCameraProperty: BooleanProperty [value: false]
10:30:18.046 [FXGL Background Thread 3 ] DEBUG Engine               - devSensorColorProperty: ObjectProperty [value: 0xffff00ff]
10:30:18.048 [FXGL Background Thread 3 ] DEBUG Engine               - devShowBBoxProperty: BooleanProperty [value: false]
10:30:18.048 [FXGL Background Thread 3 ] DEBUG Engine               - devShowPositionProperty: BooleanProperty [value: false]
10:30:18.048 [FXGL Background Thread 3 ] DEBUG Engine               - enabledMenuItems: []
10:30:18.048 [FXGL Background Thread 3 ] DEBUG Engine               - engineServices: [class com.almasb.fxgl.app.services.FXGLAssetLoaderService, class com.almasb.fxgl.app.FXGLApplication$GameApplicationService, class com.almasb.fxgl.app.services.FXGLDialogService, class com.almasb.fxgl.app.services.IOTaskExecutorService, class com.almasb.fxgl.io.FileSystemService, class com.almasb.fxgl.localization.LocalizationService, class com.almasb.fxgl.app.services.SystemBundleService, class com.almasb.fxgl.profile.SaveLoadService, class com.almasb.fxgl.ui.FXGLUIFactoryServiceProvider, class com.almasb.fxgl.ui.FXGLDialogFactoryServiceProvider, class com.almasb.fxgl.audio.AudioPlayer, class com.almasb.fxgl.notification.impl.NotificationServiceProvider, class com.almasb.fxgl.achievement.AchievementService, class com.almasb.fxgl.cutscene.CutsceneService, class com.almasb.fxgl.minigames.MiniGameService, class com.almasb.fxgl.net.NetService, class com.almasb.fxgl.app.services.UpdaterService, class com.almasb.fxgl.dev.DevService]
10:30:18.048 [FXGL Background Thread 3 ] DEBUG Engine               - fontGame: Abel-Regular.ttf
10:30:18.048 [FXGL Background Thread 3 ] DEBUG Engine               - fontMono: TerminalLandMono-Regular.otf
10:30:18.048 [FXGL Background Thread 3 ] DEBUG Engine               - fontSizeScaleUI: 1.0
10:30:18.048 [FXGL Background Thread 3 ] DEBUG Engine               - fontText: Courier-Prime.ttf
10:30:18.048 [FXGL Background Thread 3 ] DEBUG Engine               - fontUI: VarelaRound-Regular.ttf
10:30:18.048 [FXGL Background Thread 3 ] DEBUG Engine               - fullScreen: BooleanProperty [value: false]
10:30:18.048 [FXGL Background Thread 3 ] DEBUG Engine               - gameDifficulty: MEDIUM
10:30:18.048 [FXGL Background Thread 3 ] DEBUG Engine               - gameDifficultyProperty: ObjectProperty [value: MEDIUM]
10:30:18.048 [FXGL Background Thread 3 ] DEBUG Engine               - globalMusicVolume: 0.5
10:30:18.048 [FXGL Background Thread 3 ] DEBUG Engine               - globalMusicVolumeProperty: DoubleProperty [value: 0.5]
10:30:18.048 [FXGL Background Thread 3 ] DEBUG Engine               - globalSoundVolume: 0.5
10:30:18.048 [FXGL Background Thread 3 ] DEBUG Engine               - globalSoundVolumeProperty: DoubleProperty [value: 0.5]
10:30:18.048 [FXGL Background Thread 3 ] DEBUG Engine               - height: 1024
10:30:18.048 [FXGL Background Thread 3 ] DEBUG Engine               - is3D: false
10:30:18.048 [FXGL Background Thread 3 ] DEBUG Engine               - isAndroid: false
10:30:18.048 [FXGL Background Thread 3 ] DEBUG Engine               - isBrowser: false
10:30:18.048 [FXGL Background Thread 3 ] DEBUG Engine               - isClickFeedbackEnabled: false
10:30:18.048 [FXGL Background Thread 3 ] DEBUG Engine               - isCloseConfirmation: false
10:30:18.048 [FXGL Background Thread 3 ] DEBUG Engine               - isDesktop: true
10:30:18.048 [FXGL Background Thread 3 ] DEBUG Engine               - isDeveloperMenuEnabled: true
10:30:18.048 [FXGL Background Thread 3 ] DEBUG Engine               - isEmbedded: false
10:30:18.048 [FXGL Background Thread 3 ] DEBUG Engine               - isEntityPreloadEnabled: true
10:30:18.048 [FXGL Background Thread 3 ] DEBUG Engine               - isExperimentalTiledLargeMap: false
10:30:18.048 [FXGL Background Thread 3 ] DEBUG Engine               - isFileSystemWriteAllowed: true
10:30:18.048 [FXGL Background Thread 3 ] DEBUG Engine               - isFullScreenAllowed: false
10:30:18.048 [FXGL Background Thread 3 ] DEBUG Engine               - isFullScreenFromStart: false
10:30:18.048 [FXGL Background Thread 3 ] DEBUG Engine               - isGameMenuEnabled: true
10:30:18.048 [FXGL Background Thread 3 ] DEBUG Engine               - isIOS: false
10:30:18.048 [FXGL Background Thread 3 ] DEBUG Engine               - isIntroEnabled: false
10:30:18.048 [FXGL Background Thread 3 ] DEBUG Engine               - isLinux: false
10:30:18.048 [FXGL Background Thread 3 ] DEBUG Engine               - isMac: false
10:30:18.048 [FXGL Background Thread 3 ] DEBUG Engine               - isMainMenuEnabled: true
10:30:18.048 [FXGL Background Thread 3 ] DEBUG Engine               - isManualResizeEnabled: false
10:30:18.048 [FXGL Background Thread 3 ] DEBUG Engine               - isMobile: false
10:30:18.048 [FXGL Background Thread 3 ] DEBUG Engine               - isNative: false
10:30:18.048 [FXGL Background Thread 3 ] DEBUG Engine               - isPauseMusicWhenMinimized: true
10:30:18.048 [FXGL Background Thread 3 ] DEBUG Engine               - isPreserveResizeRatio: false
10:30:18.048 [FXGL Background Thread 3 ] DEBUG Engine               - isProfilingEnabled: false
10:30:18.049 [FXGL Background Thread 3 ] DEBUG Engine               - isScaleAffectedOnResize: true
10:30:18.049 [FXGL Background Thread 3 ] DEBUG Engine               - isSingleStep: false
10:30:18.049 [FXGL Background Thread 3 ] DEBUG Engine               - isUserProfileEnabled: false
10:30:18.049 [FXGL Background Thread 3 ] DEBUG Engine               - isWindows: true
10:30:18.049 [FXGL Background Thread 3 ] DEBUG Engine               - language: ObjectProperty [value: ENGLISH]
10:30:18.049 [FXGL Background Thread 3 ] DEBUG Engine               - menuKey: ESCAPE
10:30:18.049 [FXGL Background Thread 3 ] DEBUG Engine               - mouseSensitivity: 0.2
10:30:18.049 [FXGL Background Thread 3 ] DEBUG Engine               - notificationViewClass: class com.almasb.fxgl.notification.view.XboxNotificationView
10:30:18.049 [FXGL Background Thread 3 ] DEBUG Engine               - pixelsPerMeter: 50.0
10:30:18.049 [FXGL Background Thread 3 ] DEBUG Engine               - platform: WINDOWS
10:30:18.049 [FXGL Background Thread 3 ] DEBUG Engine               - prefHeightProperty: ReadOnlyDoubleProperty [value: 1024.0]
10:30:18.049 [FXGL Background Thread 3 ] DEBUG Engine               - prefWidthProperty: ReadOnlyDoubleProperty [value: 1536.0]
10:30:18.049 [FXGL Background Thread 3 ] DEBUG Engine               - profileDir: profiles/
10:30:18.049 [FXGL Background Thread 3 ] DEBUG Engine               - profileName: StringProperty [value: DEFAULT]
10:30:18.049 [FXGL Background Thread 3 ] DEBUG Engine               - randomSeed: -1
10:30:18.049 [FXGL Background Thread 3 ] DEBUG Engine               - runtimeInfo: RuntimeInfo(platform=WINDOWS, version=17.3, build=30.03.2023 11.49)
10:30:18.050 [FXGL Background Thread 3 ] DEBUG Engine               - saveFileExt: sav
10:30:18.050 [FXGL Background Thread 3 ] DEBUG Engine               - scaledHeightProp$fxgl: DoubleProperty [bound, value: 912.0]
10:30:18.050 [FXGL Background Thread 3 ] DEBUG Engine               - scaledWidthProp$fxgl: DoubleProperty [bound, value: 1343.0]
10:30:18.050 [FXGL Background Thread 3 ] DEBUG Engine               - sceneFactory: App.Game.GameApp$1@44a8ec3b
10:30:18.050 [FXGL Background Thread 3 ] DEBUG Engine               - secondsIn24h: 60
10:30:18.050 [FXGL Background Thread 3 ] DEBUG Engine               - soundMenuBack: menu/back.wav
10:30:18.050 [FXGL Background Thread 3 ] DEBUG Engine               - soundMenuPress: menu/press.wav
10:30:18.050 [FXGL Background Thread 3 ] DEBUG Engine               - soundMenuSelect: menu/select.wav
10:30:18.050 [FXGL Background Thread 3 ] DEBUG Engine               - soundNotification: core/notification.wav
10:30:18.050 [FXGL Background Thread 3 ] DEBUG Engine               - stageStyle: DECORATED
10:30:18.050 [FXGL Background Thread 3 ] DEBUG Engine               - supportedLanguages: [ENGLISH, FRENCH, GERMAN, HUNGARIAN, RUSSIAN]
10:30:18.050 [FXGL Background Thread 3 ] DEBUG Engine               - ticksPerSecond: -1
10:30:18.050 [FXGL Background Thread 3 ] DEBUG Engine               - title: Eclipsis: el legado de la nave abandonada(BetaVer)
10:30:18.050 [FXGL Background Thread 3 ] DEBUG Engine               - urlGithub: https://github.com/AlmasB/FXGL
10:30:18.050 [FXGL Background Thread 3 ] DEBUG Engine               - urlLeaderboard: http://fxgl-top.herokuapp.com/
10:30:18.050 [FXGL Background Thread 3 ] DEBUG Engine               - urlPOM: https://raw.githubusercontent.com/AlmasB/FXGL/release/README.md
10:30:18.050 [FXGL Background Thread 3 ] DEBUG Engine               - userAppClass: class App.Game.GameApp
10:30:18.050 [FXGL Background Thread 3 ] DEBUG Engine               - version: 0.0
10:30:18.050 [FXGL Background Thread 3 ] DEBUG Engine               - versionCheckDays: 7
10:30:18.050 [FXGL Background Thread 3 ] DEBUG Engine               - width: 1536
10:30:18.050 [FXGL Background Thread 3 ] DEBUG Engine               - Logging services
10:30:18.050 [FXGL Background Thread 3 ] DEBUG Engine               - class com.almasb.fxgl.app.services.FXGLAssetLoaderService
10:30:18.050 [FXGL Background Thread 3 ] DEBUG Engine               - class com.almasb.fxgl.app.FXGLApplication$GameApplicationService
10:30:18.050 [FXGL Background Thread 3 ] DEBUG Engine               - class com.almasb.fxgl.app.services.FXGLDialogService
10:30:18.050 [FXGL Background Thread 3 ] DEBUG Engine               - class com.almasb.fxgl.app.services.IOTaskExecutorService
10:30:18.050 [FXGL Background Thread 3 ] DEBUG Engine               - class com.almasb.fxgl.io.FileSystemService
10:30:18.050 [FXGL Background Thread 3 ] DEBUG Engine               - class com.almasb.fxgl.localization.LocalizationService
10:30:18.050 [FXGL Background Thread 3 ] DEBUG Engine               - class com.almasb.fxgl.app.services.SystemBundleService
10:30:18.050 [FXGL Background Thread 3 ] DEBUG Engine               - class com.almasb.fxgl.profile.SaveLoadService
10:30:18.050 [FXGL Background Thread 3 ] DEBUG Engine               - class com.almasb.fxgl.ui.FXGLUIFactoryServiceProvider
10:30:18.050 [FXGL Background Thread 3 ] DEBUG Engine               - class com.almasb.fxgl.ui.FXGLDialogFactoryServiceProvider
10:30:18.050 [FXGL Background Thread 3 ] DEBUG Engine               - class com.almasb.fxgl.audio.AudioPlayer
10:30:18.050 [FXGL Background Thread 3 ] DEBUG Engine               - class com.almasb.fxgl.notification.impl.NotificationServiceProvider
10:30:18.050 [FXGL Background Thread 3 ] DEBUG Engine               - class com.almasb.fxgl.achievement.AchievementService
10:30:18.050 [FXGL Background Thread 3 ] DEBUG Engine               - class com.almasb.fxgl.cutscene.CutsceneService
10:30:18.050 [FXGL Background Thread 3 ] DEBUG Engine               - class com.almasb.fxgl.minigames.MiniGameService
10:30:18.050 [FXGL Background Thread 3 ] DEBUG Engine               - class com.almasb.fxgl.net.NetService
10:30:18.050 [FXGL Background Thread 3 ] DEBUG Engine               - class com.almasb.fxgl.app.services.UpdaterService
10:30:18.050 [FXGL Background Thread 3 ] DEBUG Engine               - class com.almasb.fxgl.dev.DevService
10:30:30.262 [JavaFX Application Thread] DEBUG FXGLApplication      - Exiting FXGL
10:30:30.262 [JavaFX Application Thread] DEBUG LoopRunner           - Stopping loop
10:30:30.262 [JavaFX Application Thread] DEBUG SystemBundleService  - Saving FXGL system data
10:30:30.263 [JavaFX Application Thread] DEBUG FileSystemAccess     - Writing to: C:\Users\Dannieris\Desktop\ForkProyecto\ForkProyecto\system\fxgl.bundle
10:30:30.264 [JavaFX Application Thread] DEBUG Async                - Shutting down background threads
10:30:30.265 [JavaFX Application Thread] DEBUG PrimaryStageWindow   - Closing main window
10:30:30.276 [JavaFX Application Thread] DEBUG Logger               - Closing Logger
