20:50:27.940 [main                     ] DEBUG Logger               - Configured Logger
20:50:27.956 [main                     ] DEBUG GameApplication      - Logging settings
Title: Eclipsis: el legado de la nave abandonada(BetaVer)
Version: 0.0
Width: 1536
Height: 1024
Fullscreen: false
Intro: false
Profiling: false
Single step:false
App Mode: DEVELOPER
Menu Key: ESCAPE
Stage Style: DECORATED
Scene Factory: class App.Game.GameApp$1

20:50:28.039 [JavaFX Application Thread] DEBUG FXGLApplication      - Initializing FXGL
20:50:28.044 [JavaFX Application Thread] INFO  Engine               - FXGL-17.3 (30.03.2023 11.49) on WINDOWS (J:17.0.12 FX:20)
20:50:28.044 [JavaFX Application Thread] DEBUG Engine               - JRE Vendor Name: Oracle Corporation
20:50:28.045 [JavaFX Application Thread] DEBUG Engine               - Running on OS: Windows 11 version 10.0
20:50:28.045 [JavaFX Application Thread] DEBUG Engine               - Architecture: amd64
20:50:28.045 [JavaFX Application Thread] INFO  Engine               - Source code and latest versions at: https://github.com/AlmasB/FXGL
20:50:28.045 [JavaFX Application Thread] INFO  Engine               -       Ask questions and discuss at: https://github.com/AlmasB/FXGL/discussions
20:50:28.045 [JavaFX Application Thread] INFO  Engine               -              Join the FXGL chat at: https://gitter.im/AlmasB/FXGL
20:50:28.099 [JavaFX Application Thread] DEBUG PrimaryStageWindow   - Creating a JavaFX scene
20:50:28.099 [JavaFX Application Thread] DEBUG PrimaryStageWindow   - Target size > screen size
20:50:28.129 [JavaFX Application Thread] DEBUG PrimaryStageWindow   - Target settings size: 1536.0 x 1024.0
20:50:28.130 [JavaFX Application Thread] DEBUG PrimaryStageWindow   - Scaled scene size:    1343.0 x 912.0
20:50:28.130 [JavaFX Application Thread] DEBUG PrimaryStageWindow   - Scaled ratio: (0.8743489583333334, 0.890625)
20:50:28.131 [JavaFX Application Thread] DEBUG PrimaryStageWindow   - Set initial scene to FXGLStartupScene
20:50:28.133 [JavaFX Application Thread] DEBUG PrimaryStageWindow   - Opening main window
20:50:28.192 [JavaFX Application Thread] DEBUG PrimaryStageWindow   - Window border size: (14.5999755859375, 37.5999755859375)
20:50:28.192 [JavaFX Application Thread] DEBUG PrimaryStageWindow   - Scaled size: 1343.0 x 912.0
20:50:28.192 [JavaFX Application Thread] DEBUG PrimaryStageWindow   - Scaled ratio: (0.8743489583333334, 0.890625)
20:50:28.192 [JavaFX Application Thread] DEBUG PrimaryStageWindow   - Scene size: 1343.0 x 912.0
20:50:28.193 [JavaFX Application Thread] DEBUG PrimaryStageWindow   - Stage size: 1357.5999755859375 x 949.5999755859375
20:50:28.199 [FXGL Background Thread 1 ] DEBUG Engine               - Initializing environment variables
20:50:28.244 [FXGL Background Thread 1 ] DEBUG FXGLAssetLoaderServi - User app class for loading assets: class App.Game.GameApp
20:50:28.245 [FXGL Background Thread 1 ] DEBUG GameApplicationServi - Applying CSS: fxgl_dark.css
20:50:28.245 [FXGL Background Thread 1 ] DEBUG FXGLAssetLoaderServi - Loading from file system: jar:file:///C:/Users/Dannieris/.m2/repository/com/github/almasb/fxgl/17.3/fxgl-17.3.jar!/fxglassets/ui/css/fxgl_dark.css
20:50:28.288 [FXGL Background Thread 1 ] DEBUG GameApplicationServi - Initializing application scenes
20:50:28.327 [FXGL Background Thread 1 ] DEBUG GameWorld            - Game world initialized
20:50:28.381 [FXGL Background Thread 1 ] DEBUG PhysicsWorld         - Physics world initialized: appHeight=1024, physics.ppm=50.0
20:50:28.381 [FXGL Background Thread 1 ] DEBUG PhysicsWorld         - Using strategy: BRUTE_FORCE
20:50:28.384 [FXGL Background Thread 1 ] DEBUG GameScene            - Game scene initialized: 1536x1024
20:50:28.529 [FXGL Background Thread 1 ] DEBUG FXGL.DefaultMenu     - createMenuBodyGameMenu()
20:50:28.540 [FXGL Background Thread 1 ] DEBUG FXGL.DefaultMenu     - createOptionsMenu()
20:50:28.546 [FXGL Background Thread 1 ] DEBUG FXGLAssetLoaderServi - Loading from file system: jar:file:///C:/Users/Dannieris/.m2/repository/com/github/almasb/fxgl/17.3/fxgl-17.3.jar!/fxglassets/textures/particles/smoke.png
20:50:28.598 [FXGL Background Thread 1 ] DEBUG FXGLAssetLoaderServi - Loading from file system: jar:file:///C:/Users/Dannieris/.m2/repository/com/github/almasb/fxgl/17.3/fxgl-17.3.jar!/fxglassets/textures/particles/trace_horizontal.png
20:50:28.612 [FXGL Background Thread 1 ] DEBUG FXGLAssetLoaderServi - Loading from file system: file:/C:/Users/Dannieris/Desktop/ForkProyecto/ForkProyecto/target/classes/assets/music/menu.wav
20:50:28.674 [FXGL Background Thread 1 ] DEBUG AudioPlayer          - Playing music com.almasb.fxgl.audio.Music@5fd51bd9
20:50:28.676 [FXGL Background Thread 1 ] DEBUG AudioPlayer          - Playing music com.almasb.fxgl.audio.Music@5fd51bd9
20:50:28.677 [FXGL Background Thread 1 ] DEBUG FXGLAssetLoaderServi - Loading from file system: file:/C:/Users/Dannieris/Desktop/ForkProyecto/ForkProyecto/target/classes/assets/textures/fondoGameMenu.png
20:50:28.706 [FXGL Background Thread 1 ] DEBUG GameApplicationServi - Application scenes initialized
20:50:28.712 [FXGL Background Thread 1 ] DEBUG SystemBundleService  - Loading FXGL system data
20:50:28.715 [FXGL Background Thread 1 ] DEBUG FileSystemAccess     - Reading from: C:\Users\Dannieris\Desktop\ForkProyecto\ForkProyecto\system\fxgl.bundle
20:50:28.720 [FXGL Background Thread 1 ] DEBUG SystemBundleService  - Bundle FXGL: {}
20:50:28.721 [FXGL Background Thread 1 ] DEBUG UpdaterService       - Checking for updates
20:50:28.744 [FXGL Background Thread 4 ] DEBUG FXGLApplication      - Loading fonts
20:50:28.744 [FXGL Background Thread 1 ] DEBUG FXGLApplication      - Loading default localization
20:50:28.744 [FXGL Background Thread 1 ] DEBUG FXGLAssetLoaderServi - Loading from file system: jar:file:///C:/Users/Dannieris/.m2/repository/com/github/almasb/fxgl/17.3/fxgl-17.3.jar!/fxglassets/languages/english.lang
20:50:28.744 [FXGL Background Thread 4 ] DEBUG FXGLAssetLoaderServi - Loading from file system: jar:file:///C:/Users/Dannieris/.m2/repository/com/github/almasb/fxgl/17.3/fxgl-17.3.jar!/fxglassets/ui/fonts/VarelaRound-Regular.ttf
20:50:28.785 [FXGL Background Thread 1 ] INFO  FXGLApplication      - FXGL initialization took: 0.585 sec
20:50:28.787 [JavaFX Application Thread] DEBUG FXGLAssetLoaderServi - Loading from file system: jar:file:///C:/Users/Dannieris/.m2/repository/com/github/almasb/fxgl/17.3/fxgl-17.3.jar!/fxglassets/textures/fxgl_icon.png
20:50:28.806 [JavaFX Application Thread] DEBUG FXGLAssetLoaderServi - Loading from file system: file:/C:/Users/Dannieris/Desktop/ForkProyecto/ForkProyecto/target/classes/assets/textures/cursor.png
20:50:28.814 [FXGL Background Thread 4 ] DEBUG FXGLAssetLoaderServi - Loading from file system: jar:file:///C:/Users/Dannieris/.m2/repository/com/github/almasb/fxgl/17.3/fxgl-17.3.jar!/fxglassets/ui/fonts/Abel-Regular.ttf
20:50:28.822 [JavaFX Application Thread] DEBUG Input                - Registered new binding: Screenshot - CTRL+8
20:50:28.823 [JavaFX Application Thread] DEBUG Input                - Registered new binding: Dev Options - 1
20:50:28.823 [JavaFX Application Thread] DEBUG Input                - Registered new binding: Dev Console - 2
20:50:28.824 [JavaFX Application Thread] DEBUG Input                - Registered new binding: System info dump - CTRL+9
20:50:28.824 [JavaFX Application Thread] DEBUG Input                - Registered new binding: Restart - CTRL+R
20:50:28.825 [JavaFX Application Thread] DEBUG Input                - Registered new binding: Toggle Debug Camera - CTRL+7
20:50:28.832 [JavaFX Application Thread] DEBUG LoopRunner           - Starting loop
20:50:28.834 [FXGL Background Thread 4 ] DEBUG FXGLAssetLoaderServi - Loading from file system: jar:file:///C:/Users/Dannieris/.m2/repository/com/github/almasb/fxgl/17.3/fxgl-17.3.jar!/fxglassets/ui/fonts/TerminalLandMono-Regular.otf
20:50:28.847 [JavaFX Application Thread] DEBUG LoopRunner           - Initializing JavaFX AnimationTimerLoop
20:50:28.850 [JavaFX Application Thread] DEBUG Input                - Clearing active input actions
20:50:28.858 [JavaFX Application Thread] DEBUG GameApplicationServi - Removing overlay from FXGLStartupScene and adding to FXGLMainMenuDummyScene
20:50:28.859 [FXGL Background Thread 4 ] DEBUG FXGLAssetLoaderServi - Loading from file system: jar:file:///C:/Users/Dannieris/.m2/repository/com/github/almasb/fxgl/17.3/fxgl-17.3.jar!/fxglassets/ui/fonts/Courier-Prime.ttf
20:50:28.862 [JavaFX Application Thread] DEBUG PrimaryStageWindow   - FXGLStartupScene -> FXGLMainMenuDummyScene
20:50:28.863 [JavaFX Application Thread] DEBUG PrimaryStageWindow   - Push state: MyMenu
20:50:28.863 [JavaFX Application Thread] DEBUG Input                - Clearing active input actions
20:50:28.869 [JavaFX Application Thread] DEBUG GameApplicationServi - Removing overlay from FXGLMainMenuDummyScene and adding to MyMenu
20:50:28.870 [JavaFX Application Thread] DEBUG PrimaryStageWindow   - FXGLMainMenuDummyScene -> MyMenu
20:50:28.944 [FXGL Background Thread 2 ] WARN  UpdaterService       - Failed to find updates: java.net.SocketException: Permission denied: connect
20:50:29.005 [JavaFX Application Thread] DEBUG FXGLApplication      - Registering font factories with UI factory
20:50:29.521 [JavaFX Application Thread] DEBUG GameApplicationServi - Starting new game
20:50:29.522 [JavaFX Application Thread] DEBUG PrimaryStageWindow   - Pop state: MyMenu
20:50:29.522 [JavaFX Application Thread] DEBUG Input                - Clearing active input actions
20:50:29.523 [JavaFX Application Thread] DEBUG GameApplicationServi - Removing overlay from MyMenu and adding to FXGLMainMenuDummyScene
20:50:29.524 [JavaFX Application Thread] DEBUG PrimaryStageWindow   - FXGLMainMenuDummyScene <- MyMenu
20:50:29.525 [JavaFX Application Thread] DEBUG Input                - Clearing active input actions
20:50:29.533 [JavaFX Application Thread] DEBUG GameApplicationServi - Removing overlay from FXGLMainMenuDummyScene and adding to FXGLLoadingScene
20:50:29.534 [JavaFX Application Thread] DEBUG PrimaryStageWindow   - FXGLMainMenuDummyScene -> FXGLLoadingScene
20:50:29.534 [JavaFX Application Thread] DEBUG GameApplicationServi - Clearing previous game
20:50:29.534 [JavaFX Application Thread] DEBUG GameScene            - Clearing game scene
20:50:29.535 [JavaFX Application Thread] DEBUG GameWorld            - Clearing game world
20:50:29.535 [JavaFX Application Thread] DEBUG PhysicsWorld         - Clearing physics world
20:50:29.536 [FXGL Background Thread 2 ] DEBUG FXGLApplication      - Initializing game
20:50:29.690 [FXGL Background Thread 2 ] DEBUG AudioPlayer          - Stopping music com.almasb.fxgl.audio.Music@5fd51bd9
20:50:29.692 [FXGL Background Thread 2 ] DEBUG FXGLAssetLoaderServi - Loading from file system: file:/C:/Users/Dannieris/Desktop/ForkProyecto/ForkProyecto/target/classes/assets/music/loading.wav
20:50:29.696 [FXGL Background Thread 2 ] DEBUG AudioPlayer          - Playing music com.almasb.fxgl.audio.Music@786a547f
20:50:29.720 [FXGL Background Thread 2 ] WARN  TMXLevelLoader       - TiledMap generated from 1.11.2. Supported version: 1.9.0. Some features may not be parsed fully.
20:50:29.731 [FXGL Background Thread 2 ] DEBUG TMXLevelLoader       - Parsed TiledMap: file:/C:/Users/Dannieris/Desktop/ForkProyecto/ForkProyecto/target/classes/assets/levels/level_01.tmx
20:50:29.732 [FXGL Background Thread 2 ] DEBUG TMXLevelLoader       - Creating tile layer entities
20:50:29.734 [FXGL Background Thread 2 ] DEBUG TilesetLoader        - Loading view for layer Capa de patrones 1
20:50:29.761 [FXGL Background Thread 2 ] DEBUG TilesetLoader        - Created buffer with size 2000.0x1500.0
20:50:29.783 [FXGL Background Thread 2 ] WARN  TilesetLoader        - Diagonally flipped tiles are not currently supported
20:50:29.792 [FXGL Background Thread 2 ] WARN  TilesetLoader        - Diagonally flipped tiles are not currently supported
20:50:29.793 [FXGL Background Thread 2 ] WARN  TilesetLoader        - Diagonally flipped tiles are not currently supported
20:50:29.793 [FXGL Background Thread 2 ] WARN  TilesetLoader        - Diagonally flipped tiles are not currently supported
20:50:29.796 [FXGL Background Thread 2 ] WARN  TilesetLoader        - Diagonally flipped tiles are not currently supported
20:50:29.803 [FXGL Background Thread 2 ] WARN  TilesetLoader        - Diagonally flipped tiles are not currently supported
20:50:29.804 [FXGL Background Thread 2 ] WARN  TilesetLoader        - Diagonally flipped tiles are not currently supported
20:50:29.806 [FXGL Background Thread 2 ] WARN  TilesetLoader        - Diagonally flipped tiles are not currently supported
20:50:29.807 [FXGL Background Thread 2 ] WARN  TilesetLoader        - Diagonally flipped tiles are not currently supported
20:50:29.808 [FXGL Background Thread 2 ] WARN  TilesetLoader        - Diagonally flipped tiles are not currently supported
20:50:29.809 [FXGL Background Thread 2 ] WARN  TilesetLoader        - Diagonally flipped tiles are not currently supported
20:50:29.810 [FXGL Background Thread 2 ] DEBUG TilesetLoader        - Loading view for layer Capa de Decoracion
20:50:29.814 [FXGL Background Thread 2 ] DEBUG TilesetLoader        - Created buffer with size 2000.0x1500.0
20:50:29.841 [FXGL Background Thread 2 ] DEBUG TMXLevelLoader       - Creating object layer entities
20:50:29.856 [FXGL Background Thread 2 ] DEBUG GameWorld            - Clearing removable entities
20:50:29.882 [FXGL Background Thread 2 ] DEBUG GameWorld            - Setting level: com.almasb.fxgl.entity.level.Level@18e00e73
20:50:29.894 [FXGL Background Thread 2 ] DEBUG FXGLAssetLoaderServi - Loading from file system: file:/C:/Users/Dannieris/Desktop/ForkProyecto/ForkProyecto/target/classes/assets/textures/tankeitem.png
20:50:29.895 [FXGL Background Thread 2 ] WARN  FXGLAssetLoaderServi - Asset "/assets/textures/tankedisabled.png" was not found!
20:50:29.895 [FXGL Background Thread 2 ] WARN  FXGLAssetLoaderServi - Failed to load IMAGE
20:50:29.907 [FXGL Background Thread 2 ] WARN  GameWorld            - Entity is already attached to world
20:50:29.908 [FXGL Background Thread 2 ] WARN  FXGLAssetLoaderServi - Asset "/assets/textures/tankedisabled.png" was not found!
20:50:29.908 [FXGL Background Thread 2 ] WARN  FXGLAssetLoaderServi - Failed to load IMAGE
20:50:29.908 [FXGL Background Thread 2 ] WARN  GameWorld            - Entity is already attached to world
20:50:29.908 [FXGL Background Thread 2 ] DEBUG FXGLAssetLoaderServi - Loading from file system: file:/C:/Users/Dannieris/Desktop/ForkProyecto/ForkProyecto/target/classes/assets/textures/coinitem.png
20:50:29.909 [FXGL Background Thread 2 ] WARN  FXGLAssetLoaderServi - Asset "/assets/textures/coindisabled.png" was not found!
20:50:29.909 [FXGL Background Thread 2 ] WARN  FXGLAssetLoaderServi - Failed to load IMAGE
20:50:29.909 [FXGL Background Thread 2 ] WARN  GameWorld            - Entity is already attached to world
20:50:29.910 [FXGL Background Thread 2 ] WARN  FXGLAssetLoaderServi - Asset "/assets/textures/coindisabled.png" was not found!
20:50:29.910 [FXGL Background Thread 2 ] WARN  FXGLAssetLoaderServi - Failed to load IMAGE
20:50:29.910 [FXGL Background Thread 2 ] WARN  GameWorld            - Entity is already attached to world
20:50:29.910 [FXGL Background Thread 2 ] WARN  FXGLAssetLoaderServi - Asset "/assets/textures/coindisabled.png" was not found!
20:50:29.910 [FXGL Background Thread 2 ] WARN  FXGLAssetLoaderServi - Failed to load IMAGE
20:50:29.911 [FXGL Background Thread 2 ] WARN  GameWorld            - Entity is already attached to world
20:50:29.911 [FXGL Background Thread 2 ] DEBUG FXGLAssetLoaderServi - Loading from file system: file:/C:/Users/Dannieris/Desktop/ForkProyecto/ForkProyecto/target/classes/assets/textures/exploreatack_basic.png
20:50:29.911 [FXGL Background Thread 2 ] DEBUG FXGLAssetLoaderServi - Loading from file system: file:/C:/Users/Dannieris/Desktop/ForkProyecto/ForkProyecto/target/classes/assets/textures/exploreidle.png
20:50:29.914 [FXGL Background Thread 2 ] WARN  FXGLAssetLoaderServi - Asset "/assets/textures/explorecaminando.png" was not found!
20:50:29.914 [FXGL Background Thread 2 ] WARN  FXGLAssetLoaderServi - Failed to load IMAGE
20:50:29.914 [FXGL Background Thread 2 ] WARN  FXGLAssetLoaderServi - Asset "/assets/textures/exploreadelante.png" was not found!
20:50:29.914 [FXGL Background Thread 2 ] WARN  FXGLAssetLoaderServi - Failed to load IMAGE
20:50:29.915 [FXGL Background Thread 2 ] WARN  FXGLAssetLoaderServi - Asset "/assets/textures/exploreatras.png" was not found!
20:50:29.915 [FXGL Background Thread 2 ] WARN  FXGLAssetLoaderServi - Failed to load IMAGE
20:50:29.915 [FXGL Background Thread 2 ] DEBUG FXGLAssetLoaderServi - Loading from file system: file:/C:/Users/Dannieris/Desktop/ForkProyecto/ForkProyecto/target/classes/assets/textures/exploredeat.png
20:50:29.917 [FXGL Background Thread 2 ] WARN  GameWorld            - Entity is already attached to world
20:50:29.920 [FXGL Background Thread 2 ] WARN  FXGLAssetLoaderServi - Asset "/assets/textures/explorecaminando.png" was not found!
20:50:29.920 [FXGL Background Thread 2 ] WARN  FXGLAssetLoaderServi - Failed to load IMAGE
20:50:29.920 [FXGL Background Thread 2 ] WARN  FXGLAssetLoaderServi - Asset "/assets/textures/exploreadelante.png" was not found!
20:50:29.920 [FXGL Background Thread 2 ] WARN  FXGLAssetLoaderServi - Failed to load IMAGE
20:50:29.920 [FXGL Background Thread 2 ] WARN  FXGLAssetLoaderServi - Asset "/assets/textures/exploreatras.png" was not found!
20:50:29.920 [FXGL Background Thread 2 ] WARN  FXGLAssetLoaderServi - Failed to load IMAGE
20:50:29.921 [FXGL Background Thread 2 ] WARN  GameWorld            - Entity is already attached to world
20:50:29.921 [FXGL Background Thread 2 ] DEBUG FXGLAssetLoaderServi - Loading from file system: file:/C:/Users/Dannieris/Desktop/ForkProyecto/ForkProyecto/target/classes/assets/textures/droidatack_basic.png
20:50:29.923 [FXGL Background Thread 2 ] DEBUG FXGLAssetLoaderServi - Loading from file system: file:/C:/Users/Dannieris/Desktop/ForkProyecto/ForkProyecto/target/classes/assets/textures/droididle.png
20:50:29.924 [FXGL Background Thread 2 ] WARN  FXGLAssetLoaderServi - Asset "/assets/textures/droidcaminando.png" was not found!
20:50:29.924 [FXGL Background Thread 2 ] WARN  FXGLAssetLoaderServi - Failed to load IMAGE
20:50:29.924 [FXGL Background Thread 2 ] WARN  FXGLAssetLoaderServi - Asset "/assets/textures/droidadelante.png" was not found!
20:50:29.924 [FXGL Background Thread 2 ] WARN  FXGLAssetLoaderServi - Failed to load IMAGE
20:50:29.924 [FXGL Background Thread 2 ] WARN  FXGLAssetLoaderServi - Asset "/assets/textures/droidatras.png" was not found!
20:50:29.924 [FXGL Background Thread 2 ] WARN  FXGLAssetLoaderServi - Failed to load IMAGE
20:50:29.924 [FXGL Background Thread 2 ] DEBUG FXGLAssetLoaderServi - Loading from file system: file:/C:/Users/Dannieris/Desktop/ForkProyecto/ForkProyecto/target/classes/assets/textures/droiddeat.png
20:50:29.925 [FXGL Background Thread 2 ] WARN  GameWorld            - Entity is already attached to world
20:50:29.926 [FXGL Background Thread 2 ] WARN  FXGLAssetLoaderServi - Asset "/assets/textures/droidcaminando.png" was not found!
20:50:29.926 [FXGL Background Thread 2 ] WARN  FXGLAssetLoaderServi - Failed to load IMAGE
20:50:29.926 [FXGL Background Thread 2 ] WARN  FXGLAssetLoaderServi - Asset "/assets/textures/droidadelante.png" was not found!
20:50:29.926 [FXGL Background Thread 2 ] WARN  FXGLAssetLoaderServi - Failed to load IMAGE
20:50:29.926 [FXGL Background Thread 2 ] WARN  FXGLAssetLoaderServi - Asset "/assets/textures/droidatras.png" was not found!
20:50:29.926 [FXGL Background Thread 2 ] WARN  FXGLAssetLoaderServi - Failed to load IMAGE
20:50:29.927 [FXGL Background Thread 2 ] WARN  GameWorld            - Entity is already attached to world
20:50:29.927 [FXGL Background Thread 2 ] DEBUG FXGLAssetLoaderServi - Loading from file system: file:/C:/Users/Dannieris/Desktop/ForkProyecto/ForkProyecto/target/classes/assets/textures/droid2atack_basic.png
20:50:29.928 [FXGL Background Thread 2 ] DEBUG FXGLAssetLoaderServi - Loading from file system: file:/C:/Users/Dannieris/Desktop/ForkProyecto/ForkProyecto/target/classes/assets/textures/droid2idle.png
20:50:29.931 [FXGL Background Thread 2 ] WARN  FXGLAssetLoaderServi - Asset "/assets/textures/droid2caminando.png" was not found!
20:50:29.931 [FXGL Background Thread 2 ] WARN  FXGLAssetLoaderServi - Failed to load IMAGE
20:50:29.931 [FXGL Background Thread 2 ] WARN  FXGLAssetLoaderServi - Asset "/assets/textures/droid2adelante.png" was not found!
20:50:29.931 [FXGL Background Thread 2 ] WARN  FXGLAssetLoaderServi - Failed to load IMAGE
20:50:29.931 [FXGL Background Thread 2 ] WARN  FXGLAssetLoaderServi - Asset "/assets/textures/droid2atras.png" was not found!
20:50:29.932 [FXGL Background Thread 2 ] WARN  FXGLAssetLoaderServi - Failed to load IMAGE
20:50:29.932 [FXGL Background Thread 2 ] DEBUG FXGLAssetLoaderServi - Loading from file system: file:/C:/Users/Dannieris/Desktop/ForkProyecto/ForkProyecto/target/classes/assets/textures/droid2deat.png
20:50:29.934 [FXGL Background Thread 2 ] WARN  GameWorld            - Entity is already attached to world
20:50:29.935 [FXGL Background Thread 2 ] WARN  FXGLAssetLoaderServi - Asset "/assets/textures/droid2caminando.png" was not found!
20:50:29.935 [FXGL Background Thread 2 ] WARN  FXGLAssetLoaderServi - Failed to load IMAGE
20:50:29.936 [FXGL Background Thread 2 ] WARN  FXGLAssetLoaderServi - Asset "/assets/textures/droid2adelante.png" was not found!
20:50:29.936 [FXGL Background Thread 2 ] WARN  FXGLAssetLoaderServi - Failed to load IMAGE
20:50:29.936 [FXGL Background Thread 2 ] WARN  FXGLAssetLoaderServi - Asset "/assets/textures/droid2atras.png" was not found!
20:50:29.936 [FXGL Background Thread 2 ] WARN  FXGLAssetLoaderServi - Failed to load IMAGE
20:50:29.937 [FXGL Background Thread 2 ] WARN  GameWorld            - Entity is already attached to world
20:50:29.937 [FXGL Background Thread 2 ] WARN  FXGLAssetLoaderServi - Asset "/assets/textures/droid2caminando.png" was not found!
20:50:29.937 [FXGL Background Thread 2 ] WARN  FXGLAssetLoaderServi - Failed to load IMAGE
20:50:29.937 [FXGL Background Thread 2 ] WARN  FXGLAssetLoaderServi - Asset "/assets/textures/droid2adelante.png" was not found!
20:50:29.937 [FXGL Background Thread 2 ] WARN  FXGLAssetLoaderServi - Failed to load IMAGE
20:50:29.938 [FXGL Background Thread 2 ] WARN  FXGLAssetLoaderServi - Asset "/assets/textures/droid2atras.png" was not found!
20:50:29.938 [FXGL Background Thread 2 ] WARN  FXGLAssetLoaderServi - Failed to load IMAGE
20:50:29.938 [FXGL Background Thread 2 ] WARN  GameWorld            - Entity is already attached to world
20:50:29.938 [FXGL Background Thread 2 ] DEBUG FXGLAssetLoaderServi - Loading from file system: file:/C:/Users/Dannieris/Desktop/ForkProyecto/ForkProyecto/target/classes/assets/textures/droid3atack_basic.png
20:50:29.941 [FXGL Background Thread 2 ] DEBUG FXGLAssetLoaderServi - Loading from file system: file:/C:/Users/Dannieris/Desktop/ForkProyecto/ForkProyecto/target/classes/assets/textures/droid3idle.png
20:50:29.942 [FXGL Background Thread 2 ] WARN  FXGLAssetLoaderServi - Asset "/assets/textures/droid3caminando.png" was not found!
20:50:29.942 [FXGL Background Thread 2 ] WARN  FXGLAssetLoaderServi - Failed to load IMAGE
20:50:29.943 [FXGL Background Thread 2 ] WARN  FXGLAssetLoaderServi - Asset "/assets/textures/droid3adelante.png" was not found!
20:50:29.943 [FXGL Background Thread 2 ] WARN  FXGLAssetLoaderServi - Failed to load IMAGE
20:50:29.943 [FXGL Background Thread 2 ] WARN  FXGLAssetLoaderServi - Asset "/assets/textures/droid3atras.png" was not found!
20:50:29.943 [FXGL Background Thread 2 ] WARN  FXGLAssetLoaderServi - Failed to load IMAGE
20:50:29.945 [FXGL Background Thread 2 ] DEBUG FXGLAssetLoaderServi - Loading from file system: file:/C:/Users/Dannieris/Desktop/ForkProyecto/ForkProyecto/target/classes/assets/textures/droid3deat.png
20:50:29.946 [FXGL Background Thread 2 ] WARN  GameWorld            - Entity is already attached to world
20:50:29.946 [FXGL Background Thread 2 ] WARN  FXGLAssetLoaderServi - Asset "/assets/textures/droid3caminando.png" was not found!
20:50:29.946 [FXGL Background Thread 2 ] WARN  FXGLAssetLoaderServi - Failed to load IMAGE
20:50:29.946 [FXGL Background Thread 2 ] WARN  FXGLAssetLoaderServi - Asset "/assets/textures/droid3adelante.png" was not found!
20:50:29.946 [FXGL Background Thread 2 ] WARN  FXGLAssetLoaderServi - Failed to load IMAGE
20:50:29.946 [FXGL Background Thread 2 ] WARN  FXGLAssetLoaderServi - Asset "/assets/textures/droid3atras.png" was not found!
20:50:29.946 [FXGL Background Thread 2 ] WARN  FXGLAssetLoaderServi - Failed to load IMAGE
20:50:29.947 [FXGL Background Thread 2 ] WARN  GameWorld            - Entity is already attached to world
20:50:29.947 [FXGL Background Thread 2 ] DEBUG FXGLAssetLoaderServi - Loading from file system: file:/C:/Users/Dannieris/Desktop/ForkProyecto/ForkProyecto/target/classes/assets/textures/barreraDesactivadaitem.png
20:50:29.950 [FXGL Background Thread 2 ] WARN  FXGLAssetLoaderServi - Asset "/assets/textures/barreraDesactivadadisabled.png" was not found!
20:50:29.950 [FXGL Background Thread 2 ] WARN  FXGLAssetLoaderServi - Failed to load IMAGE
20:50:29.952 [FXGL Background Thread 2 ] WARN  GameWorld            - Entity is already attached to world
20:50:29.952 [FXGL Background Thread 2 ] WARN  FXGLAssetLoaderServi - Asset "/assets/textures/barreraDesactivadadisabled.png" was not found!
20:50:29.953 [FXGL Background Thread 2 ] WARN  FXGLAssetLoaderServi - Failed to load IMAGE
20:50:29.953 [FXGL Background Thread 2 ] WARN  GameWorld            - Entity is already attached to world
20:50:29.953 [FXGL Background Thread 2 ] WARN  FXGLAssetLoaderServi - Asset "/assets/textures/barreraDesactivadadisabled.png" was not found!
20:50:29.954 [FXGL Background Thread 2 ] WARN  FXGLAssetLoaderServi - Failed to load IMAGE
20:50:29.954 [FXGL Background Thread 2 ] WARN  GameWorld            - Entity is already attached to world
20:50:29.954 [FXGL Background Thread 2 ] WARN  FXGLAssetLoaderServi - Asset "/assets/textures/barreraDesactivadadisabled.png" was not found!
20:50:29.954 [FXGL Background Thread 2 ] WARN  FXGLAssetLoaderServi - Failed to load IMAGE
20:50:29.954 [FXGL Background Thread 2 ] WARN  GameWorld            - Entity is already attached to world
20:50:29.954 [FXGL Background Thread 2 ] DEBUG FXGLAssetLoaderServi - Loading from file system: file:/C:/Users/Dannieris/Desktop/ForkProyecto/ForkProyecto/target/classes/assets/textures/barreraitem.png
20:50:29.958 [FXGL Background Thread 2 ] DEBUG FXGLAssetLoaderServi - Loading from file system: file:/C:/Users/Dannieris/Desktop/ForkProyecto/ForkProyecto/target/classes/assets/textures/barreradisabled.png
20:50:29.965 [FXGL Background Thread 2 ] WARN  GameWorld            - Entity is already attached to world
20:50:29.966 [FXGL Background Thread 2 ] WARN  GameWorld            - Entity is already attached to world
20:50:29.967 [FXGL Background Thread 2 ] DEBUG FXGLAssetLoaderServi - Loading from file system: file:/C:/Users/Dannieris/Desktop/ForkProyecto/ForkProyecto/target/classes/assets/textures/panelitem.png
20:50:29.970 [FXGL Background Thread 2 ] DEBUG FXGLAssetLoaderServi - Loading from file system: file:/C:/Users/Dannieris/Desktop/ForkProyecto/ForkProyecto/target/classes/assets/textures/paneldisabled.png
20:50:29.971 [FXGL Background Thread 2 ] WARN  GameWorld            - Entity is already attached to world
20:50:29.973 [FXGL Background Thread 2 ] WARN  GameWorld            - Entity is already attached to world
20:50:29.973 [FXGL Background Thread 2 ] DEBUG FXGLAssetLoaderServi - Loading from file system: file:/C:/Users/Dannieris/Desktop/ForkProyecto/ForkProyecto/target/classes/assets/textures/generatorSpecialPointitem.png
20:50:29.975 [FXGL Background Thread 2 ] WARN  FXGLAssetLoaderServi - Asset "/assets/textures/generatorSpecialPointdisabled.png" was not found!
20:50:29.975 [FXGL Background Thread 2 ] WARN  FXGLAssetLoaderServi - Failed to load IMAGE
20:50:29.976 [FXGL Background Thread 2 ] WARN  GameWorld            - Entity is already attached to world
20:50:29.976 [FXGL Background Thread 2 ] WARN  FXGLAssetLoaderServi - Asset "/assets/textures/generatorSpecialPointdisabled.png" was not found!
20:50:29.976 [FXGL Background Thread 2 ] WARN  FXGLAssetLoaderServi - Failed to load IMAGE
20:50:29.977 [FXGL Background Thread 2 ] WARN  GameWorld            - Entity is already attached to world
20:50:29.977 [FXGL Background Thread 2 ] DEBUG FXGLAssetLoaderServi - Loading from file system: file:/C:/Users/Dannieris/Desktop/ForkProyecto/ForkProyecto/target/classes/assets/textures/lifeitem.png
20:50:29.978 [FXGL Background Thread 2 ] WARN  FXGLAssetLoaderServi - Asset "/assets/textures/lifedisabled.png" was not found!
20:50:29.978 [FXGL Background Thread 2 ] WARN  FXGLAssetLoaderServi - Failed to load IMAGE
20:50:29.979 [FXGL Background Thread 2 ] WARN  GameWorld            - Entity is already attached to world
20:50:29.979 [FXGL Background Thread 2 ] WARN  FXGLAssetLoaderServi - Asset "/assets/textures/lifedisabled.png" was not found!
20:50:29.979 [FXGL Background Thread 2 ] WARN  FXGLAssetLoaderServi - Failed to load IMAGE
20:50:29.979 [FXGL Background Thread 2 ] WARN  GameWorld            - Entity is already attached to world
20:50:29.980 [FXGL Background Thread 2 ] DEBUG FXGLAssetLoaderServi - Loading from file system: file:/C:/Users/Dannieris/Desktop/ForkProyecto/ForkProyecto/target/classes/assets/textures/atackitem.png
20:50:29.981 [FXGL Background Thread 2 ] WARN  FXGLAssetLoaderServi - Asset "/assets/textures/atackdisabled.png" was not found!
20:50:29.982 [FXGL Background Thread 2 ] WARN  FXGLAssetLoaderServi - Failed to load IMAGE
20:50:29.982 [FXGL Background Thread 2 ] WARN  GameWorld            - Entity is already attached to world
20:50:29.984 [FXGL Background Thread 2 ] WARN  FXGLAssetLoaderServi - Asset "/assets/textures/atackdisabled.png" was not found!
20:50:29.984 [FXGL Background Thread 2 ] WARN  FXGLAssetLoaderServi - Failed to load IMAGE
20:50:29.986 [FXGL Background Thread 2 ] WARN  GameWorld            - Entity is already attached to world
20:50:29.987 [FXGL Background Thread 2 ] DEBUG FXGLAssetLoaderServi - Loading from file system: file:/C:/Users/Dannieris/Desktop/ForkProyecto/ForkProyecto/target/classes/assets/textures/cyborgatack_special.png
20:50:29.989 [FXGL Background Thread 2 ] DEBUG FXGLAssetLoaderServi - Loading from file system: file:/C:/Users/Dannieris/Desktop/ForkProyecto/ForkProyecto/target/classes/assets/textures/cyborgatack_basic.png
20:50:29.990 [FXGL Background Thread 2 ] DEBUG FXGLAssetLoaderServi - Loading from file system: file:/C:/Users/Dannieris/Desktop/ForkProyecto/ForkProyecto/target/classes/assets/textures/cyborgidle.png
20:50:29.991 [FXGL Background Thread 2 ] DEBUG FXGLAssetLoaderServi - Loading from file system: file:/C:/Users/Dannieris/Desktop/ForkProyecto/ForkProyecto/target/classes/assets/textures/cyborgcaminando.png
20:50:29.992 [FXGL Background Thread 2 ] DEBUG FXGLAssetLoaderServi - Loading from file system: file:/C:/Users/Dannieris/Desktop/ForkProyecto/ForkProyecto/target/classes/assets/textures/cyborgadelante.png
20:50:29.993 [FXGL Background Thread 2 ] DEBUG FXGLAssetLoaderServi - Loading from file system: file:/C:/Users/Dannieris/Desktop/ForkProyecto/ForkProyecto/target/classes/assets/textures/cyborgatras.png
20:50:29.995 [FXGL Background Thread 2 ] DEBUG FXGLAssetLoaderServi - Loading from file system: file:/C:/Users/Dannieris/Desktop/ForkProyecto/ForkProyecto/target/classes/assets/textures/cyborgdeat.png
20:50:29.995 [FXGL Background Thread 2 ] WARN  GameWorld            - Entity is already attached to world
20:50:29.996 [FXGL Background Thread 2 ] WARN  FXGLAssetLoaderServi - Asset "/assets/textures/jaxKaneatack_special.png" was not found!
20:50:29.996 [FXGL Background Thread 2 ] WARN  FXGLAssetLoaderServi - Failed to load IMAGE
20:50:29.996 [FXGL Background Thread 2 ] DEBUG FXGLAssetLoaderServi - Loading from file system: file:/C:/Users/Dannieris/Desktop/ForkProyecto/ForkProyecto/target/classes/assets/textures/jaxKaneatack_basic.png
20:50:29.997 [FXGL Background Thread 2 ] DEBUG FXGLAssetLoaderServi - Loading from file system: file:/C:/Users/Dannieris/Desktop/ForkProyecto/ForkProyecto/target/classes/assets/textures/jaxKaneidle.png
20:50:29.997 [FXGL Background Thread 2 ] DEBUG FXGLAssetLoaderServi - Loading from file system: file:/C:/Users/Dannieris/Desktop/ForkProyecto/ForkProyecto/target/classes/assets/textures/jaxKanecaminando.png
20:50:29.998 [FXGL Background Thread 2 ] DEBUG FXGLAssetLoaderServi - Loading from file system: file:/C:/Users/Dannieris/Desktop/ForkProyecto/ForkProyecto/target/classes/assets/textures/jaxKaneadelante.png
20:50:29.999 [FXGL Background Thread 2 ] DEBUG FXGLAssetLoaderServi - Loading from file system: file:/C:/Users/Dannieris/Desktop/ForkProyecto/ForkProyecto/target/classes/assets/textures/jaxKaneatras.png
20:50:30.000 [FXGL Background Thread 2 ] WARN  FXGLAssetLoaderServi - Asset "/assets/textures/jaxKanedeat.png" was not found!
20:50:30.000 [FXGL Background Thread 2 ] WARN  FXGLAssetLoaderServi - Failed to load IMAGE
20:50:30.002 [FXGL Background Thread 2 ] WARN  GameWorld            - Entity is already attached to world
20:50:30.002 [FXGL Background Thread 2 ] DEBUG Input                - Registered new binding: Mover Arriba - W
20:50:30.003 [FXGL Background Thread 2 ] DEBUG Input                - Registered new binding: Mover Abajo - S
20:50:30.003 [FXGL Background Thread 2 ] DEBUG Input                - Registered new binding: Mover Izquierda - A
20:50:30.003 [FXGL Background Thread 2 ] DEBUG Input                - Registered new binding: Mover Derecha - D
20:50:30.004 [FXGL Background Thread 2 ] DEBUG FXGLAssetLoaderServi - Loading from file system: file:/C:/Users/Dannieris/Desktop/ForkProyecto/ForkProyecto/target/classes/assets/textures/latienda.png
20:50:30.015 [FXGL Background Thread 2 ] DEBUG FXGLAssetLoaderServi - Loading from file system: file:/C:/Users/Dannieris/Desktop/ForkProyecto/ForkProyecto/target/classes/assets/textures/botonTienda.png
20:50:30.045 [FXGL Background Thread 2 ] DEBUG FXGLAssetLoaderServi - Loading from file system: file:/C:/Users/Dannieris/Desktop/ForkProyecto/ForkProyecto/target/classes/assets/textures/botonGameMenu.png
20:50:30.046 [FXGL Background Thread 2 ] DEBUG FXGLAssetLoaderServi - Loading from file system: file:/C:/Users/Dannieris/Desktop/ForkProyecto/ForkProyecto/target/classes/assets/textures/buttonMainMenu.png
20:50:30.047 [FXGL Background Thread 2 ] DEBUG FXGLAssetLoaderServi - Loading from file system: file:/C:/Users/Dannieris/Desktop/ForkProyecto/ForkProyecto/target/classes/assets/textures/wikiButton.png
20:50:30.047 [FXGL Background Thread 2 ] DEBUG FXGLAssetLoaderServi - Loading from file system: file:/C:/Users/Dannieris/Desktop/ForkProyecto/ForkProyecto/target/classes/assets/textures/specialPointBar.png
20:50:30.048 [FXGL Background Thread 2 ] DEBUG FXGLAssetLoaderServi - Loading from file system: file:/C:/Users/Dannieris/Desktop/ForkProyecto/ForkProyecto/target/classes/assets/textures/statBar.png
20:50:30.049 [FXGL Background Thread 2 ] DEBUG FXGLAssetLoaderServi - Loading from file system: file:/C:/Users/Dannieris/Desktop/ForkProyecto/ForkProyecto/target/classes/assets/textures/statAtackBar.png
20:50:30.051 [FXGL Background Thread 2 ] DEBUG FXGLAssetLoaderServi - Loading from file system: file:/C:/Users/Dannieris/Desktop/ForkProyecto/ForkProyecto/target/classes/assets/textures/wiki_image.png
20:50:30.059 [FXGL Background Thread 2 ] DEBUG FXGLAssetLoaderServi - Loading from file system: file:/C:/Users/Dannieris/Desktop/ForkProyecto/ForkProyecto/target/classes/assets/textures/iconCyborg.png
20:50:30.060 [FXGL Background Thread 2 ] DEBUG FXGLAssetLoaderServi - Loading from file system: file:/C:/Users/Dannieris/Desktop/ForkProyecto/ForkProyecto/target/classes/assets/textures/iconJaxKane.png
20:50:30.061 [FXGL Background Thread 2 ] DEBUG FXGLAssetLoaderServi - Loading from file system: file:/C:/Users/Dannieris/Desktop/ForkProyecto/ForkProyecto/target/classes/assets/textures/specialPoint.png
20:50:30.061 [FXGL Background Thread 2 ] DEBUG FXGLAssetLoaderServi - Loading from file system: file:/C:/Users/Dannieris/Desktop/ForkProyecto/ForkProyecto/target/classes/assets/textures/special.png
20:50:30.062 [FXGL Background Thread 2 ] DEBUG FXGLAssetLoaderServi - Loading from file system: file:/C:/Users/Dannieris/Desktop/ForkProyecto/ForkProyecto/target/classes/assets/textures/barra_enemigo.png
20:50:30.063 [FXGL Background Thread 2 ] DEBUG FXGLAssetLoaderServi - Loading from file system: file:/C:/Users/Dannieris/Desktop/ForkProyecto/ForkProyecto/target/classes/assets/textures/life_point_enemi.png
20:50:30.065 [FXGL Background Thread 2 ] DEBUG FXGLAssetLoaderServi - Loading from file system: file:/C:/Users/Dannieris/Desktop/ForkProyecto/ForkProyecto/target/classes/assets/textures/life_bar.png
20:50:30.068 [FXGL Background Thread 2 ] DEBUG FXGLAssetLoaderServi - Loading from file system: file:/C:/Users/Dannieris/Desktop/ForkProyecto/ForkProyecto/target/classes/assets/textures/life_point.png
20:50:30.069 [FXGL Background Thread 2 ] DEBUG FXGLAssetLoaderServi - Loading from file system: file:/C:/Users/Dannieris/Desktop/ForkProyecto/ForkProyecto/target/classes/assets/textures/button_atacck.png
20:50:30.072 [FXGL Background Thread 2 ] DEBUG FXGLAssetLoaderServi - Loading from file system: file:/C:/Users/Dannieris/Desktop/ForkProyecto/ForkProyecto/target/classes/assets/textures/combat_panel.png
20:50:30.076 [FXGL Background Thread 2 ] INFO  FXGLApplication      - Game initialization took: 0.539 sec
20:50:30.085 [JavaFX Application Thread] DEBUG Input                - Clearing active input actions
20:50:30.090 [JavaFX Application Thread] DEBUG GameApplicationServi - Removing overlay from FXGLLoadingScene and adding to GameScene
20:50:30.091 [JavaFX Application Thread] DEBUG PrimaryStageWindow   - FXGLLoadingScene -> GameScene
20:50:30.106 [JavaFX Application Thread] DEBUG FXGLAssetLoaderServi - Loading from file system: file:/C:/Users/Dannieris/Desktop/ForkProyecto/ForkProyecto/target/classes/assets/sounds/item.wav
20:50:31.744 [FXGL Background Thread 3 ] DEBUG Engine               - Logging environment variables
20:50:31.745 [FXGL Background Thread 3 ] DEBUG Engine               - achievements: []
20:50:31.745 [FXGL Background Thread 3 ] DEBUG Engine               - actualHeight: 912.0
20:50:31.746 [FXGL Background Thread 3 ] DEBUG Engine               - actualHeightProperty: ReadOnlyDoubleProperty [value: 912.0]
20:50:31.746 [FXGL Background Thread 3 ] DEBUG Engine               - actualWidth: 1343.0
20:50:31.746 [FXGL Background Thread 3 ] DEBUG Engine               - actualWidthProperty: ReadOnlyDoubleProperty [value: 1343.0]
20:50:31.746 [FXGL Background Thread 3 ] DEBUG Engine               - appIcon: fxgl_icon.png
20:50:31.746 [FXGL Background Thread 3 ] DEBUG Engine               - applicationMode: DEVELOPER
20:50:31.746 [FXGL Background Thread 3 ] DEBUG Engine               - cSSList: [fxgl_dark.css]
20:50:31.746 [FXGL Background Thread 3 ] DEBUG Engine               - collisionDetectionStrategy: BRUTE_FORCE
20:50:31.747 [FXGL Background Thread 3 ] DEBUG Engine               - configClass: Optional.empty
20:50:31.747 [FXGL Background Thread 3 ] DEBUG Engine               - credits: []
20:50:31.749 [FXGL Background Thread 3 ] DEBUG Engine               - defaultCursor: CursorInfo(imageName=cursor.png, hotspotX=0.0, hotspotY=0.0)
20:50:31.749 [FXGL Background Thread 3 ] DEBUG Engine               - devBBoxColorProperty: ObjectProperty [value: 0xff0000ff]
20:50:31.750 [FXGL Background Thread 3 ] DEBUG Engine               - devEnableDebugCameraProperty: BooleanProperty [value: false]
20:50:31.750 [FXGL Background Thread 3 ] DEBUG Engine               - devSensorColorProperty: ObjectProperty [value: 0xffff00ff]
20:50:31.750 [FXGL Background Thread 3 ] DEBUG Engine               - devShowBBoxProperty: BooleanProperty [value: false]
20:50:31.750 [FXGL Background Thread 3 ] DEBUG Engine               - devShowPositionProperty: BooleanProperty [value: false]
20:50:31.751 [FXGL Background Thread 3 ] DEBUG Engine               - enabledMenuItems: []
20:50:31.751 [FXGL Background Thread 3 ] DEBUG Engine               - engineServices: [class com.almasb.fxgl.app.services.FXGLAssetLoaderService, class com.almasb.fxgl.app.FXGLApplication$GameApplicationService, class com.almasb.fxgl.app.services.FXGLDialogService, class com.almasb.fxgl.app.services.IOTaskExecutorService, class com.almasb.fxgl.io.FileSystemService, class com.almasb.fxgl.localization.LocalizationService, class com.almasb.fxgl.app.services.SystemBundleService, class com.almasb.fxgl.profile.SaveLoadService, class com.almasb.fxgl.ui.FXGLUIFactoryServiceProvider, class com.almasb.fxgl.ui.FXGLDialogFactoryServiceProvider, class com.almasb.fxgl.audio.AudioPlayer, class com.almasb.fxgl.notification.impl.NotificationServiceProvider, class com.almasb.fxgl.achievement.AchievementService, class com.almasb.fxgl.cutscene.CutsceneService, class com.almasb.fxgl.minigames.MiniGameService, class com.almasb.fxgl.net.NetService, class com.almasb.fxgl.app.services.UpdaterService, class com.almasb.fxgl.dev.DevService]
20:50:31.751 [FXGL Background Thread 3 ] DEBUG Engine               - fontGame: Abel-Regular.ttf
20:50:31.751 [FXGL Background Thread 3 ] DEBUG Engine               - fontMono: TerminalLandMono-Regular.otf
20:50:31.751 [FXGL Background Thread 3 ] DEBUG Engine               - fontSizeScaleUI: 1.0
20:50:31.751 [FXGL Background Thread 3 ] DEBUG Engine               - fontText: Courier-Prime.ttf
20:50:31.751 [FXGL Background Thread 3 ] DEBUG Engine               - fontUI: VarelaRound-Regular.ttf
20:50:31.752 [FXGL Background Thread 3 ] DEBUG Engine               - fullScreen: BooleanProperty [value: false]
20:50:31.752 [FXGL Background Thread 3 ] DEBUG Engine               - gameDifficulty: MEDIUM
20:50:31.752 [FXGL Background Thread 3 ] DEBUG Engine               - gameDifficultyProperty: ObjectProperty [value: MEDIUM]
20:50:31.752 [FXGL Background Thread 3 ] DEBUG Engine               - globalMusicVolume: 0.5
20:50:31.752 [FXGL Background Thread 3 ] DEBUG Engine               - globalMusicVolumeProperty: DoubleProperty [value: 0.5]
20:50:31.752 [FXGL Background Thread 3 ] DEBUG Engine               - globalSoundVolume: 0.5
20:50:31.752 [FXGL Background Thread 3 ] DEBUG Engine               - globalSoundVolumeProperty: DoubleProperty [value: 0.5]
20:50:31.752 [FXGL Background Thread 3 ] DEBUG Engine               - height: 1024
20:50:31.752 [FXGL Background Thread 3 ] DEBUG Engine               - is3D: false
20:50:31.752 [FXGL Background Thread 3 ] DEBUG Engine               - isAndroid: false
20:50:31.752 [FXGL Background Thread 3 ] DEBUG Engine               - isBrowser: false
20:50:31.752 [FXGL Background Thread 3 ] DEBUG Engine               - isClickFeedbackEnabled: false
20:50:31.752 [FXGL Background Thread 3 ] DEBUG Engine               - isCloseConfirmation: false
20:50:31.752 [FXGL Background Thread 3 ] DEBUG Engine               - isDesktop: true
20:50:31.752 [FXGL Background Thread 3 ] DEBUG Engine               - isDeveloperMenuEnabled: true
20:50:31.752 [FXGL Background Thread 3 ] DEBUG Engine               - isEmbedded: false
20:50:31.752 [FXGL Background Thread 3 ] DEBUG Engine               - isEntityPreloadEnabled: true
20:50:31.753 [FXGL Background Thread 3 ] DEBUG Engine               - isExperimentalTiledLargeMap: false
20:50:31.753 [FXGL Background Thread 3 ] DEBUG Engine               - isFileSystemWriteAllowed: true
20:50:31.753 [FXGL Background Thread 3 ] DEBUG Engine               - isFullScreenAllowed: false
20:50:31.753 [FXGL Background Thread 3 ] DEBUG Engine               - isFullScreenFromStart: false
20:50:31.753 [FXGL Background Thread 3 ] DEBUG Engine               - isGameMenuEnabled: true
20:50:31.753 [FXGL Background Thread 3 ] DEBUG Engine               - isIOS: false
20:50:31.753 [FXGL Background Thread 3 ] DEBUG Engine               - isIntroEnabled: false
20:50:31.753 [FXGL Background Thread 3 ] DEBUG Engine               - isLinux: false
20:50:31.753 [FXGL Background Thread 3 ] DEBUG Engine               - isMac: false
20:50:31.753 [FXGL Background Thread 3 ] DEBUG Engine               - isMainMenuEnabled: true
20:50:31.753 [FXGL Background Thread 3 ] DEBUG Engine               - isManualResizeEnabled: false
20:50:31.753 [FXGL Background Thread 3 ] DEBUG Engine               - isMobile: false
20:50:31.753 [FXGL Background Thread 3 ] DEBUG Engine               - isNative: false
20:50:31.753 [FXGL Background Thread 3 ] DEBUG Engine               - isPauseMusicWhenMinimized: true
20:50:31.753 [FXGL Background Thread 3 ] DEBUG Engine               - isPreserveResizeRatio: false
20:50:31.753 [FXGL Background Thread 3 ] DEBUG Engine               - isProfilingEnabled: false
20:50:31.753 [FXGL Background Thread 3 ] DEBUG Engine               - isScaleAffectedOnResize: true
20:50:31.753 [FXGL Background Thread 3 ] DEBUG Engine               - isSingleStep: false
20:50:31.753 [FXGL Background Thread 3 ] DEBUG Engine               - isUserProfileEnabled: false
20:50:31.753 [FXGL Background Thread 3 ] DEBUG Engine               - isWindows: true
20:50:31.753 [FXGL Background Thread 3 ] DEBUG Engine               - language: ObjectProperty [value: ENGLISH]
20:50:31.754 [FXGL Background Thread 3 ] DEBUG Engine               - menuKey: ESCAPE
20:50:31.754 [FXGL Background Thread 3 ] DEBUG Engine               - mouseSensitivity: 0.2
20:50:31.754 [FXGL Background Thread 3 ] DEBUG Engine               - notificationViewClass: class com.almasb.fxgl.notification.view.XboxNotificationView
20:50:31.754 [FXGL Background Thread 3 ] DEBUG Engine               - pixelsPerMeter: 50.0
20:50:31.754 [FXGL Background Thread 3 ] DEBUG Engine               - platform: WINDOWS
20:50:31.754 [FXGL Background Thread 3 ] DEBUG Engine               - prefHeightProperty: ReadOnlyDoubleProperty [value: 1024.0]
20:50:31.754 [FXGL Background Thread 3 ] DEBUG Engine               - prefWidthProperty: ReadOnlyDoubleProperty [value: 1536.0]
20:50:31.754 [FXGL Background Thread 3 ] DEBUG Engine               - profileDir: profiles/
20:50:31.754 [FXGL Background Thread 3 ] DEBUG Engine               - profileName: StringProperty [value: DEFAULT]
20:50:31.754 [FXGL Background Thread 3 ] DEBUG Engine               - randomSeed: -1
20:50:31.755 [FXGL Background Thread 3 ] DEBUG Engine               - runtimeInfo: RuntimeInfo(platform=WINDOWS, version=17.3, build=30.03.2023 11.49)
20:50:31.755 [FXGL Background Thread 3 ] DEBUG Engine               - saveFileExt: sav
20:50:31.755 [FXGL Background Thread 3 ] DEBUG Engine               - scaledHeightProp$fxgl: DoubleProperty [bound, value: 912.0]
20:50:31.755 [FXGL Background Thread 3 ] DEBUG Engine               - scaledWidthProp$fxgl: DoubleProperty [bound, value: 1343.0]
20:50:31.755 [FXGL Background Thread 3 ] DEBUG Engine               - sceneFactory: App.Game.GameApp$1@b1497d
20:50:31.755 [FXGL Background Thread 3 ] DEBUG Engine               - secondsIn24h: 60
20:50:31.755 [FXGL Background Thread 3 ] DEBUG Engine               - soundMenuBack: menu/back.wav
20:50:31.755 [FXGL Background Thread 3 ] DEBUG Engine               - soundMenuPress: menu/press.wav
20:50:31.755 [FXGL Background Thread 3 ] DEBUG Engine               - soundMenuSelect: menu/select.wav
20:50:31.756 [FXGL Background Thread 3 ] DEBUG Engine               - soundNotification: core/notification.wav
20:50:31.756 [FXGL Background Thread 3 ] DEBUG Engine               - stageStyle: DECORATED
20:50:31.756 [FXGL Background Thread 3 ] DEBUG Engine               - supportedLanguages: [ENGLISH, FRENCH, GERMAN, HUNGARIAN, RUSSIAN]
20:50:31.756 [FXGL Background Thread 3 ] DEBUG Engine               - ticksPerSecond: -1
20:50:31.756 [FXGL Background Thread 3 ] DEBUG Engine               - title: Eclipsis: el legado de la nave abandonada(BetaVer)
20:50:31.756 [FXGL Background Thread 3 ] DEBUG Engine               - urlGithub: https://github.com/AlmasB/FXGL
20:50:31.756 [FXGL Background Thread 3 ] DEBUG Engine               - urlLeaderboard: http://fxgl-top.herokuapp.com/
20:50:31.756 [FXGL Background Thread 3 ] DEBUG Engine               - urlPOM: https://raw.githubusercontent.com/AlmasB/FXGL/release/README.md
20:50:31.756 [FXGL Background Thread 3 ] DEBUG Engine               - userAppClass: class App.Game.GameApp
20:50:31.756 [FXGL Background Thread 3 ] DEBUG Engine               - version: 0.0
20:50:31.756 [FXGL Background Thread 3 ] DEBUG Engine               - versionCheckDays: 7
20:50:31.756 [FXGL Background Thread 3 ] DEBUG Engine               - width: 1536
20:50:31.756 [FXGL Background Thread 3 ] DEBUG Engine               - Logging services
20:50:31.756 [FXGL Background Thread 3 ] DEBUG Engine               - class com.almasb.fxgl.app.services.FXGLAssetLoaderService
20:50:31.756 [FXGL Background Thread 3 ] DEBUG Engine               - class com.almasb.fxgl.app.FXGLApplication$GameApplicationService
20:50:31.756 [FXGL Background Thread 3 ] DEBUG Engine               - class com.almasb.fxgl.app.services.FXGLDialogService
20:50:31.756 [FXGL Background Thread 3 ] DEBUG Engine               - class com.almasb.fxgl.app.services.IOTaskExecutorService
20:50:31.756 [FXGL Background Thread 3 ] DEBUG Engine               - class com.almasb.fxgl.io.FileSystemService
20:50:31.756 [FXGL Background Thread 3 ] DEBUG Engine               - class com.almasb.fxgl.localization.LocalizationService
20:50:31.756 [FXGL Background Thread 3 ] DEBUG Engine               - class com.almasb.fxgl.app.services.SystemBundleService
20:50:31.756 [FXGL Background Thread 3 ] DEBUG Engine               - class com.almasb.fxgl.profile.SaveLoadService
20:50:31.756 [FXGL Background Thread 3 ] DEBUG Engine               - class com.almasb.fxgl.ui.FXGLUIFactoryServiceProvider
20:50:31.756 [FXGL Background Thread 3 ] DEBUG Engine               - class com.almasb.fxgl.ui.FXGLDialogFactoryServiceProvider
20:50:31.756 [FXGL Background Thread 3 ] DEBUG Engine               - class com.almasb.fxgl.audio.AudioPlayer
20:50:31.756 [FXGL Background Thread 3 ] DEBUG Engine               - class com.almasb.fxgl.notification.impl.NotificationServiceProvider
20:50:31.756 [FXGL Background Thread 3 ] DEBUG Engine               - class com.almasb.fxgl.achievement.AchievementService
20:50:31.756 [FXGL Background Thread 3 ] DEBUG Engine               - class com.almasb.fxgl.cutscene.CutsceneService
20:50:31.756 [FXGL Background Thread 3 ] DEBUG Engine               - class com.almasb.fxgl.minigames.MiniGameService
20:50:31.756 [FXGL Background Thread 3 ] DEBUG Engine               - class com.almasb.fxgl.net.NetService
20:50:31.756 [FXGL Background Thread 3 ] DEBUG Engine               - class com.almasb.fxgl.app.services.UpdaterService
20:50:31.756 [FXGL Background Thread 3 ] DEBUG Engine               - class com.almasb.fxgl.dev.DevService
20:50:36.396 [JavaFX Application Thread] DEBUG FXGLAssetLoaderServi - Loading from file system: file:/C:/Users/Dannieris/Desktop/ForkProyecto/ForkProyecto/target/classes/assets/sounds/coin.wav
20:51:06.711 [JavaFX Application Thread] DEBUG FXGLAssetLoaderServi - Loading from file system: file:/C:/Users/Dannieris/Desktop/ForkProyecto/ForkProyecto/target/classes/assets/sounds/key.wav
20:51:14.587 [JavaFX Application Thread] DEBUG FXGLApplication      - Exiting FXGL
20:51:14.588 [JavaFX Application Thread] DEBUG LoopRunner           - Stopping loop
20:51:14.588 [JavaFX Application Thread] DEBUG SystemBundleService  - Saving FXGL system data
20:51:14.593 [JavaFX Application Thread] DEBUG FileSystemAccess     - Writing to: C:\Users\Dannieris\Desktop\ForkProyecto\ForkProyecto\system\fxgl.bundle
20:51:14.595 [JavaFX Application Thread] DEBUG Async                - Shutting down background threads
20:51:14.596 [JavaFX Application Thread] DEBUG PrimaryStageWindow   - Closing main window
20:51:14.618 [JavaFX Application Thread] DEBUG Logger               - Closing Logger
