20:28:30.385 [main                     ] DEBUG Logger               - Configured Logger
20:28:30.401 [main                     ] DEBUG GameApplication      - Logging settings
Title: Eclipsis: el legado de la nave abandonada(BetaVer)
Version: 0.0
Width: 1536
Height: 1024
Fullscreen: false
Intro: false
Profiling: false
Single step:false
App Mode: DEVELOPER
Menu Key: ESCAPE
Stage Style: DECORATED
Scene Factory: class App.Game.GameApp$1

20:28:30.490 [JavaFX Application Thread] DEBUG FXGLApplication      - Initializing FXGL
20:28:30.496 [JavaFX Application Thread] INFO  Engine               - FXGL-17.3 (30.03.2023 11.49) on WINDOWS (J:17.0.12 FX:20)
20:28:30.497 [JavaFX Application Thread] DEBUG Engine               - JRE Vendor Name: Oracle Corporation
20:28:30.497 [JavaFX Application Thread] DEBUG Engine               - Running on OS: Windows 11 version 10.0
20:28:30.497 [JavaFX Application Thread] DEBUG Engine               - Architecture: amd64
20:28:30.497 [JavaFX Application Thread] INFO  Engine               - Source code and latest versions at: https://github.com/AlmasB/FXGL
20:28:30.497 [JavaFX Application Thread] INFO  Engine               -       Ask questions and discuss at: https://github.com/AlmasB/FXGL/discussions
20:28:30.497 [JavaFX Application Thread] INFO  Engine               -              Join the FXGL chat at: https://gitter.im/AlmasB/FXGL
20:28:30.556 [JavaFX Application Thread] DEBUG PrimaryStageWindow   - Creating a JavaFX scene
20:28:30.556 [JavaFX Application Thread] DEBUG PrimaryStageWindow   - Target size > screen size
20:28:30.585 [JavaFX Application Thread] DEBUG PrimaryStageWindow   - Target settings size: 1536.0 x 1024.0
20:28:30.586 [JavaFX Application Thread] DEBUG PrimaryStageWindow   - Scaled scene size:    1343.0 x 912.0
20:28:30.586 [JavaFX Application Thread] DEBUG PrimaryStageWindow   - Scaled ratio: (0.8743489583333334, 0.890625)
20:28:30.586 [JavaFX Application Thread] DEBUG PrimaryStageWindow   - Set initial scene to FXGLStartupScene
20:28:30.588 [JavaFX Application Thread] DEBUG PrimaryStageWindow   - Opening main window
20:28:30.653 [JavaFX Application Thread] DEBUG PrimaryStageWindow   - Window border size: (14.5999755859375, 37.5999755859375)
20:28:30.653 [JavaFX Application Thread] DEBUG PrimaryStageWindow   - Scaled size: 1343.0 x 912.0
20:28:30.653 [JavaFX Application Thread] DEBUG PrimaryStageWindow   - Scaled ratio: (0.8743489583333334, 0.890625)
20:28:30.653 [JavaFX Application Thread] DEBUG PrimaryStageWindow   - Scene size: 1343.0 x 912.0
20:28:30.653 [JavaFX Application Thread] DEBUG PrimaryStageWindow   - Stage size: 1357.5999755859375 x 949.5999755859375
20:28:30.658 [FXGL Background Thread 1 ] DEBUG Engine               - Initializing environment variables
20:28:30.693 [FXGL Background Thread 1 ] DEBUG FXGLAssetLoaderServi - User app class for loading assets: class App.Game.GameApp
20:28:30.694 [FXGL Background Thread 1 ] DEBUG GameApplicationServi - Applying CSS: fxgl_dark.css
20:28:30.695 [FXGL Background Thread 1 ] DEBUG FXGLAssetLoaderServi - Loading from file system: jar:file:///C:/Users/Dannieris/.m2/repository/com/github/almasb/fxgl/17.3/fxgl-17.3.jar!/fxglassets/ui/css/fxgl_dark.css
20:28:30.741 [FXGL Background Thread 1 ] DEBUG GameApplicationServi - Initializing application scenes
20:28:30.790 [FXGL Background Thread 1 ] DEBUG GameWorld            - Game world initialized
20:28:30.847 [FXGL Background Thread 1 ] DEBUG PhysicsWorld         - Physics world initialized: appHeight=1024, physics.ppm=50.0
20:28:30.847 [FXGL Background Thread 1 ] DEBUG PhysicsWorld         - Using strategy: BRUTE_FORCE
20:28:30.857 [FXGL Background Thread 1 ] DEBUG GameScene            - Game scene initialized: 1536x1024
20:28:30.988 [FXGL Background Thread 1 ] DEBUG FXGL.DefaultMenu     - createMenuBodyGameMenu()
20:28:30.997 [FXGL Background Thread 1 ] DEBUG FXGL.DefaultMenu     - createOptionsMenu()
20:28:31.004 [FXGL Background Thread 1 ] DEBUG FXGLAssetLoaderServi - Loading from file system: jar:file:///C:/Users/Dannieris/.m2/repository/com/github/almasb/fxgl/17.3/fxgl-17.3.jar!/fxglassets/textures/particles/smoke.png
20:28:31.057 [FXGL Background Thread 1 ] DEBUG FXGLAssetLoaderServi - Loading from file system: jar:file:///C:/Users/Dannieris/.m2/repository/com/github/almasb/fxgl/17.3/fxgl-17.3.jar!/fxglassets/textures/particles/trace_horizontal.png
20:28:31.076 [FXGL Background Thread 1 ] DEBUG FXGLAssetLoaderServi - Loading from file system: file:/C:/Users/Dannieris/Desktop/ForkProyecto/ForkProyecto/target/classes/assets/music/menu.wav
20:28:31.140 [FXGL Background Thread 1 ] DEBUG AudioPlayer          - Playing music com.almasb.fxgl.audio.Music@6aa0d93f
20:28:31.141 [FXGL Background Thread 1 ] DEBUG AudioPlayer          - Playing music com.almasb.fxgl.audio.Music@6aa0d93f
20:28:31.142 [FXGL Background Thread 1 ] DEBUG FXGLAssetLoaderServi - Loading from file system: file:/C:/Users/Dannieris/Desktop/ForkProyecto/ForkProyecto/target/classes/assets/textures/fondoGameMenu.png
20:28:31.168 [FXGL Background Thread 1 ] DEBUG GameApplicationServi - Application scenes initialized
20:28:31.174 [FXGL Background Thread 1 ] DEBUG SystemBundleService  - Loading FXGL system data
20:28:31.176 [FXGL Background Thread 1 ] DEBUG FileSystemAccess     - Reading from: C:\Users\Dannieris\Desktop\ForkProyecto\ForkProyecto\system\fxgl.bundle
20:28:31.179 [FXGL Background Thread 1 ] DEBUG SystemBundleService  - Bundle FXGL: {}
20:28:31.179 [FXGL Background Thread 1 ] DEBUG UpdaterService       - Checking for updates
20:28:31.199 [FXGL Background Thread 4 ] DEBUG FXGLApplication      - Loading fonts
20:28:31.200 [FXGL Background Thread 1 ] DEBUG FXGLApplication      - Loading default localization
20:28:31.200 [FXGL Background Thread 4 ] DEBUG FXGLAssetLoaderServi - Loading from file system: jar:file:///C:/Users/Dannieris/.m2/repository/com/github/almasb/fxgl/17.3/fxgl-17.3.jar!/fxglassets/ui/fonts/VarelaRound-Regular.ttf
20:28:31.200 [FXGL Background Thread 1 ] DEBUG FXGLAssetLoaderServi - Loading from file system: jar:file:///C:/Users/Dannieris/.m2/repository/com/github/almasb/fxgl/17.3/fxgl-17.3.jar!/fxglassets/languages/english.lang
20:28:31.223 [FXGL Background Thread 1 ] INFO  FXGLApplication      - FXGL initialization took: 0.564 sec
20:28:31.224 [JavaFX Application Thread] DEBUG FXGLAssetLoaderServi - Loading from file system: jar:file:///C:/Users/Dannieris/.m2/repository/com/github/almasb/fxgl/17.3/fxgl-17.3.jar!/fxglassets/textures/fxgl_icon.png
20:28:31.240 [JavaFX Application Thread] DEBUG FXGLAssetLoaderServi - Loading from file system: file:/C:/Users/Dannieris/Desktop/ForkProyecto/ForkProyecto/target/classes/assets/textures/cursor.png
20:28:31.249 [FXGL Background Thread 4 ] DEBUG FXGLAssetLoaderServi - Loading from file system: jar:file:///C:/Users/Dannieris/.m2/repository/com/github/almasb/fxgl/17.3/fxgl-17.3.jar!/fxglassets/ui/fonts/Abel-Regular.ttf
20:28:31.254 [JavaFX Application Thread] DEBUG Input                - Registered new binding: Screenshot - CTRL+8
20:28:31.254 [JavaFX Application Thread] DEBUG Input                - Registered new binding: Dev Options - 1
20:28:31.255 [JavaFX Application Thread] DEBUG Input                - Registered new binding: Dev Console - 2
20:28:31.255 [JavaFX Application Thread] DEBUG Input                - Registered new binding: System info dump - CTRL+9
20:28:31.256 [JavaFX Application Thread] DEBUG Input                - Registered new binding: Restart - CTRL+R
20:28:31.256 [JavaFX Application Thread] DEBUG Input                - Registered new binding: Toggle Debug Camera - CTRL+7
20:28:31.258 [FXGL Background Thread 4 ] DEBUG FXGLAssetLoaderServi - Loading from file system: jar:file:///C:/Users/Dannieris/.m2/repository/com/github/almasb/fxgl/17.3/fxgl-17.3.jar!/fxglassets/ui/fonts/TerminalLandMono-Regular.otf
20:28:31.259 [JavaFX Application Thread] DEBUG LoopRunner           - Starting loop
20:28:31.267 [FXGL Background Thread 4 ] DEBUG FXGLAssetLoaderServi - Loading from file system: jar:file:///C:/Users/Dannieris/.m2/repository/com/github/almasb/fxgl/17.3/fxgl-17.3.jar!/fxglassets/ui/fonts/Courier-Prime.ttf
20:28:31.273 [JavaFX Application Thread] DEBUG LoopRunner           - Initializing JavaFX AnimationTimerLoop
20:28:31.276 [JavaFX Application Thread] DEBUG Input                - Clearing active input actions
20:28:31.280 [JavaFX Application Thread] DEBUG GameApplicationServi - Removing overlay from FXGLStartupScene and adding to FXGLMainMenuDummyScene
20:28:31.285 [JavaFX Application Thread] DEBUG PrimaryStageWindow   - FXGLStartupScene -> FXGLMainMenuDummyScene
20:28:31.286 [JavaFX Application Thread] DEBUG PrimaryStageWindow   - Push state: MyMenu
20:28:31.286 [JavaFX Application Thread] DEBUG Input                - Clearing active input actions
20:28:31.289 [JavaFX Application Thread] DEBUG GameApplicationServi - Removing overlay from FXGLMainMenuDummyScene and adding to MyMenu
20:28:31.291 [JavaFX Application Thread] DEBUG PrimaryStageWindow   - FXGLMainMenuDummyScene -> MyMenu
20:28:31.362 [FXGL Background Thread 2 ] WARN  UpdaterService       - Failed to find updates: java.net.SocketException: Permission denied: connect
20:28:31.449 [JavaFX Application Thread] DEBUG FXGLApplication      - Registering font factories with UI factory
20:28:32.045 [JavaFX Application Thread] DEBUG GameApplicationServi - Starting new game
20:28:32.046 [JavaFX Application Thread] DEBUG PrimaryStageWindow   - Pop state: MyMenu
20:28:32.046 [JavaFX Application Thread] DEBUG Input                - Clearing active input actions
20:28:32.046 [JavaFX Application Thread] DEBUG GameApplicationServi - Removing overlay from MyMenu and adding to FXGLMainMenuDummyScene
20:28:32.047 [JavaFX Application Thread] DEBUG PrimaryStageWindow   - FXGLMainMenuDummyScene <- MyMenu
20:28:32.048 [JavaFX Application Thread] DEBUG Input                - Clearing active input actions
20:28:32.054 [JavaFX Application Thread] DEBUG GameApplicationServi - Removing overlay from FXGLMainMenuDummyScene and adding to FXGLLoadingScene
20:28:32.055 [JavaFX Application Thread] DEBUG PrimaryStageWindow   - FXGLMainMenuDummyScene -> FXGLLoadingScene
20:28:32.055 [JavaFX Application Thread] DEBUG GameApplicationServi - Clearing previous game
20:28:32.055 [JavaFX Application Thread] DEBUG GameScene            - Clearing game scene
20:28:32.056 [JavaFX Application Thread] DEBUG GameWorld            - Clearing game world
20:28:32.056 [JavaFX Application Thread] DEBUG PhysicsWorld         - Clearing physics world
20:28:32.058 [FXGL Background Thread 2 ] DEBUG FXGLApplication      - Initializing game
20:28:32.191 [FXGL Background Thread 2 ] DEBUG AudioPlayer          - Stopping music com.almasb.fxgl.audio.Music@6aa0d93f
20:28:32.192 [FXGL Background Thread 2 ] DEBUG FXGLAssetLoaderServi - Loading from file system: file:/C:/Users/Dannieris/Desktop/ForkProyecto/ForkProyecto/target/classes/assets/music/loading.wav
20:28:32.194 [FXGL Background Thread 2 ] DEBUG AudioPlayer          - Playing music com.almasb.fxgl.audio.Music@4aec4086
20:28:32.243 [FXGL Background Thread 2 ] DEBUG TMXLevelLoader       - Parsed TiledMap: file:/C:/Users/Dannieris/Desktop/ForkProyecto/ForkProyecto/target/classes/assets/levels/level_01.tmx
20:28:32.244 [FXGL Background Thread 2 ] DEBUG TMXLevelLoader       - Creating tile layer entities
20:28:32.245 [FXGL Background Thread 2 ] DEBUG TilesetLoader        - Loading view for layer Capa de patrones 1
20:28:32.250 [FXGL Background Thread 2 ] DEBUG TilesetLoader        - Created buffer with size 2000.0x1500.0
20:28:32.280 [FXGL Background Thread 2 ] WARN  TilesetLoader        - Diagonally flipped tiles are not currently supported
20:28:32.282 [FXGL Background Thread 2 ] WARN  TilesetLoader        - Diagonally flipped tiles are not currently supported
20:28:32.284 [FXGL Background Thread 2 ] WARN  TilesetLoader        - Diagonally flipped tiles are not currently supported
20:28:32.285 [FXGL Background Thread 2 ] WARN  TilesetLoader        - Diagonally flipped tiles are not currently supported
20:28:32.289 [FXGL Background Thread 2 ] WARN  TilesetLoader        - Diagonally flipped tiles are not currently supported
20:28:32.292 [FXGL Background Thread 2 ] WARN  TilesetLoader        - Diagonally flipped tiles are not currently supported
20:28:32.292 [FXGL Background Thread 2 ] WARN  TilesetLoader        - Diagonally flipped tiles are not currently supported
20:28:32.293 [FXGL Background Thread 2 ] WARN  TilesetLoader        - Diagonally flipped tiles are not currently supported
20:28:32.293 [FXGL Background Thread 2 ] WARN  TilesetLoader        - Diagonally flipped tiles are not currently supported
20:28:32.294 [FXGL Background Thread 2 ] WARN  TilesetLoader        - Diagonally flipped tiles are not currently supported
20:28:32.296 [FXGL Background Thread 2 ] WARN  TilesetLoader        - Diagonally flipped tiles are not currently supported
20:28:32.296 [FXGL Background Thread 2 ] DEBUG TilesetLoader        - Loading view for layer Capa de Decoracion
20:28:32.300 [FXGL Background Thread 2 ] DEBUG TilesetLoader        - Created buffer with size 2000.0x1500.0
20:28:32.358 [FXGL Background Thread 2 ] DEBUG TMXLevelLoader       - Creating object layer entities
20:28:32.377 [FXGL Background Thread 2 ] DEBUG GameWorld            - Clearing removable entities
20:28:32.410 [FXGL Background Thread 2 ] DEBUG GameWorld            - Setting level: com.almasb.fxgl.entity.level.Level@75e99003
20:28:32.425 [FXGL Background Thread 2 ] DEBUG FXGLAssetLoaderServi - Loading from file system: file:/C:/Users/Dannieris/Desktop/ForkProyecto/ForkProyecto/target/classes/assets/textures/coinitem.png
20:28:32.427 [FXGL Background Thread 2 ] WARN  FXGLAssetLoaderServi - Asset "/assets/textures/coindisabled.png" was not found!
20:28:32.427 [FXGL Background Thread 2 ] WARN  FXGLAssetLoaderServi - Failed to load IMAGE
20:28:32.441 [FXGL Background Thread 2 ] WARN  GameWorld            - Entity is already attached to world
20:28:32.442 [FXGL Background Thread 2 ] DEBUG FXGLAssetLoaderServi - Loading from file system: file:/C:/Users/Dannieris/Desktop/ForkProyecto/ForkProyecto/target/classes/assets/textures/exploreatack_basic.png
20:28:32.442 [FXGL Background Thread 2 ] DEBUG FXGLAssetLoaderServi - Loading from file system: file:/C:/Users/Dannieris/Desktop/ForkProyecto/ForkProyecto/target/classes/assets/textures/exploreidle.png
20:28:32.443 [FXGL Background Thread 2 ] WARN  FXGLAssetLoaderServi - Asset "/assets/textures/explorecaminando.png" was not found!
20:28:32.443 [FXGL Background Thread 2 ] WARN  FXGLAssetLoaderServi - Failed to load IMAGE
20:28:32.444 [FXGL Background Thread 2 ] WARN  FXGLAssetLoaderServi - Asset "/assets/textures/exploreadelante.png" was not found!
20:28:32.444 [FXGL Background Thread 2 ] WARN  FXGLAssetLoaderServi - Failed to load IMAGE
20:28:32.444 [FXGL Background Thread 2 ] WARN  FXGLAssetLoaderServi - Asset "/assets/textures/exploreatras.png" was not found!
20:28:32.444 [FXGL Background Thread 2 ] WARN  FXGLAssetLoaderServi - Failed to load IMAGE
20:28:32.444 [FXGL Background Thread 2 ] DEBUG FXGLAssetLoaderServi - Loading from file system: file:/C:/Users/Dannieris/Desktop/ForkProyecto/ForkProyecto/target/classes/assets/textures/exploredeat.png
20:28:32.445 [FXGL Background Thread 2 ] WARN  GameWorld            - Entity is already attached to world
20:28:32.446 [FXGL Background Thread 2 ] WARN  FXGLAssetLoaderServi - Asset "/assets/textures/explorecaminando.png" was not found!
20:28:32.446 [FXGL Background Thread 2 ] WARN  FXGLAssetLoaderServi - Failed to load IMAGE
20:28:32.446 [FXGL Background Thread 2 ] WARN  FXGLAssetLoaderServi - Asset "/assets/textures/exploreadelante.png" was not found!
20:28:32.446 [FXGL Background Thread 2 ] WARN  FXGLAssetLoaderServi - Failed to load IMAGE
20:28:32.446 [FXGL Background Thread 2 ] WARN  FXGLAssetLoaderServi - Asset "/assets/textures/exploreatras.png" was not found!
20:28:32.446 [FXGL Background Thread 2 ] WARN  FXGLAssetLoaderServi - Failed to load IMAGE
20:28:32.447 [FXGL Background Thread 2 ] WARN  GameWorld            - Entity is already attached to world
20:28:32.447 [FXGL Background Thread 2 ] DEBUG FXGLAssetLoaderServi - Loading from file system: file:/C:/Users/Dannieris/Desktop/ForkProyecto/ForkProyecto/target/classes/assets/textures/droidatack_basic.png
20:28:32.449 [FXGL Background Thread 2 ] DEBUG FXGLAssetLoaderServi - Loading from file system: file:/C:/Users/Dannieris/Desktop/ForkProyecto/ForkProyecto/target/classes/assets/textures/droididle.png
20:28:32.450 [FXGL Background Thread 2 ] WARN  FXGLAssetLoaderServi - Asset "/assets/textures/droidcaminando.png" was not found!
20:28:32.450 [FXGL Background Thread 2 ] WARN  FXGLAssetLoaderServi - Failed to load IMAGE
20:28:32.451 [FXGL Background Thread 2 ] WARN  FXGLAssetLoaderServi - Asset "/assets/textures/droidadelante.png" was not found!
20:28:32.451 [FXGL Background Thread 2 ] WARN  FXGLAssetLoaderServi - Failed to load IMAGE
20:28:32.451 [FXGL Background Thread 2 ] WARN  FXGLAssetLoaderServi - Asset "/assets/textures/droidatras.png" was not found!
20:28:32.451 [FXGL Background Thread 2 ] WARN  FXGLAssetLoaderServi - Failed to load IMAGE
20:28:32.452 [FXGL Background Thread 2 ] DEBUG FXGLAssetLoaderServi - Loading from file system: file:/C:/Users/Dannieris/Desktop/ForkProyecto/ForkProyecto/target/classes/assets/textures/droiddeat.png
20:28:32.454 [FXGL Background Thread 2 ] WARN  GameWorld            - Entity is already attached to world
20:28:32.455 [FXGL Background Thread 2 ] WARN  FXGLAssetLoaderServi - Asset "/assets/textures/droidcaminando.png" was not found!
20:28:32.455 [FXGL Background Thread 2 ] WARN  FXGLAssetLoaderServi - Failed to load IMAGE
20:28:32.455 [FXGL Background Thread 2 ] WARN  FXGLAssetLoaderServi - Asset "/assets/textures/droidadelante.png" was not found!
20:28:32.455 [FXGL Background Thread 2 ] WARN  FXGLAssetLoaderServi - Failed to load IMAGE
20:28:32.456 [FXGL Background Thread 2 ] WARN  FXGLAssetLoaderServi - Asset "/assets/textures/droidatras.png" was not found!
20:28:32.456 [FXGL Background Thread 2 ] WARN  FXGLAssetLoaderServi - Failed to load IMAGE
20:28:32.456 [FXGL Background Thread 2 ] WARN  GameWorld            - Entity is already attached to world
20:28:32.457 [FXGL Background Thread 2 ] DEBUG FXGLAssetLoaderServi - Loading from file system: file:/C:/Users/Dannieris/Desktop/ForkProyecto/ForkProyecto/target/classes/assets/textures/droid2atack_basic.png
20:28:32.458 [FXGL Background Thread 2 ] DEBUG FXGLAssetLoaderServi - Loading from file system: file:/C:/Users/Dannieris/Desktop/ForkProyecto/ForkProyecto/target/classes/assets/textures/droid2idle.png
20:28:32.460 [FXGL Background Thread 2 ] WARN  FXGLAssetLoaderServi - Asset "/assets/textures/droid2caminando.png" was not found!
20:28:32.460 [FXGL Background Thread 2 ] WARN  FXGLAssetLoaderServi - Failed to load IMAGE
20:28:32.460 [FXGL Background Thread 2 ] WARN  FXGLAssetLoaderServi - Asset "/assets/textures/droid2adelante.png" was not found!
20:28:32.460 [FXGL Background Thread 2 ] WARN  FXGLAssetLoaderServi - Failed to load IMAGE
20:28:32.461 [FXGL Background Thread 2 ] WARN  FXGLAssetLoaderServi - Asset "/assets/textures/droid2atras.png" was not found!
20:28:32.461 [FXGL Background Thread 2 ] WARN  FXGLAssetLoaderServi - Failed to load IMAGE
20:28:32.461 [FXGL Background Thread 2 ] DEBUG FXGLAssetLoaderServi - Loading from file system: file:/C:/Users/Dannieris/Desktop/ForkProyecto/ForkProyecto/target/classes/assets/textures/droid2deat.png
20:28:32.462 [FXGL Background Thread 2 ] WARN  GameWorld            - Entity is already attached to world
20:28:32.463 [FXGL Background Thread 2 ] WARN  FXGLAssetLoaderServi - Asset "/assets/textures/droid2caminando.png" was not found!
20:28:32.463 [FXGL Background Thread 2 ] WARN  FXGLAssetLoaderServi - Failed to load IMAGE
20:28:32.463 [FXGL Background Thread 2 ] WARN  FXGLAssetLoaderServi - Asset "/assets/textures/droid2adelante.png" was not found!
20:28:32.463 [FXGL Background Thread 2 ] WARN  FXGLAssetLoaderServi - Failed to load IMAGE
20:28:32.463 [FXGL Background Thread 2 ] WARN  FXGLAssetLoaderServi - Asset "/assets/textures/droid2atras.png" was not found!
20:28:32.464 [FXGL Background Thread 2 ] WARN  FXGLAssetLoaderServi - Failed to load IMAGE
20:28:32.464 [FXGL Background Thread 2 ] WARN  GameWorld            - Entity is already attached to world
20:28:32.465 [FXGL Background Thread 2 ] WARN  FXGLAssetLoaderServi - Asset "/assets/textures/droid2caminando.png" was not found!
20:28:32.465 [FXGL Background Thread 2 ] WARN  FXGLAssetLoaderServi - Failed to load IMAGE
20:28:32.466 [FXGL Background Thread 2 ] WARN  FXGLAssetLoaderServi - Asset "/assets/textures/droid2adelante.png" was not found!
20:28:32.466 [FXGL Background Thread 2 ] WARN  FXGLAssetLoaderServi - Failed to load IMAGE
20:28:32.466 [FXGL Background Thread 2 ] WARN  FXGLAssetLoaderServi - Asset "/assets/textures/droid2atras.png" was not found!
20:28:32.466 [FXGL Background Thread 2 ] WARN  FXGLAssetLoaderServi - Failed to load IMAGE
20:28:32.468 [FXGL Background Thread 2 ] WARN  GameWorld            - Entity is already attached to world
20:28:32.470 [FXGL Background Thread 2 ] DEBUG FXGLAssetLoaderServi - Loading from file system: file:/C:/Users/Dannieris/Desktop/ForkProyecto/ForkProyecto/target/classes/assets/textures/droid3atack_basic.png
20:28:32.473 [FXGL Background Thread 2 ] DEBUG FXGLAssetLoaderServi - Loading from file system: file:/C:/Users/Dannieris/Desktop/ForkProyecto/ForkProyecto/target/classes/assets/textures/droid3idle.png
20:28:32.474 [FXGL Background Thread 2 ] WARN  FXGLAssetLoaderServi - Asset "/assets/textures/droid3caminando.png" was not found!
20:28:32.474 [FXGL Background Thread 2 ] WARN  FXGLAssetLoaderServi - Failed to load IMAGE
20:28:32.474 [FXGL Background Thread 2 ] WARN  FXGLAssetLoaderServi - Asset "/assets/textures/droid3adelante.png" was not found!
20:28:32.474 [FXGL Background Thread 2 ] WARN  FXGLAssetLoaderServi - Failed to load IMAGE
20:28:32.474 [FXGL Background Thread 2 ] WARN  FXGLAssetLoaderServi - Asset "/assets/textures/droid3atras.png" was not found!
20:28:32.474 [FXGL Background Thread 2 ] WARN  FXGLAssetLoaderServi - Failed to load IMAGE
20:28:32.475 [FXGL Background Thread 2 ] DEBUG FXGLAssetLoaderServi - Loading from file system: file:/C:/Users/Dannieris/Desktop/ForkProyecto/ForkProyecto/target/classes/assets/textures/droid3deat.png
20:28:32.476 [FXGL Background Thread 2 ] WARN  GameWorld            - Entity is already attached to world
20:28:32.476 [FXGL Background Thread 2 ] WARN  FXGLAssetLoaderServi - Asset "/assets/textures/droid3caminando.png" was not found!
20:28:32.476 [FXGL Background Thread 2 ] WARN  FXGLAssetLoaderServi - Failed to load IMAGE
20:28:32.476 [FXGL Background Thread 2 ] WARN  FXGLAssetLoaderServi - Asset "/assets/textures/droid3adelante.png" was not found!
20:28:32.476 [FXGL Background Thread 2 ] WARN  FXGLAssetLoaderServi - Failed to load IMAGE
20:28:32.476 [FXGL Background Thread 2 ] WARN  FXGLAssetLoaderServi - Asset "/assets/textures/droid3atras.png" was not found!
20:28:32.477 [FXGL Background Thread 2 ] WARN  FXGLAssetLoaderServi - Failed to load IMAGE
20:28:32.477 [FXGL Background Thread 2 ] WARN  GameWorld            - Entity is already attached to world
20:28:32.477 [FXGL Background Thread 2 ] DEBUG FXGLAssetLoaderServi - Loading from file system: file:/C:/Users/Dannieris/Desktop/ForkProyecto/ForkProyecto/target/classes/assets/textures/barreraDesactivadaitem.png
20:28:32.483 [FXGL Background Thread 2 ] WARN  FXGLAssetLoaderServi - Asset "/assets/textures/barreraDesactivadadisabled.png" was not found!
20:28:32.484 [FXGL Background Thread 2 ] WARN  FXGLAssetLoaderServi - Failed to load IMAGE
20:28:32.485 [FXGL Background Thread 2 ] WARN  GameWorld            - Entity is already attached to world
20:28:32.488 [FXGL Background Thread 2 ] WARN  FXGLAssetLoaderServi - Asset "/assets/textures/barreraDesactivadadisabled.png" was not found!
20:28:32.488 [FXGL Background Thread 2 ] WARN  FXGLAssetLoaderServi - Failed to load IMAGE
20:28:32.488 [FXGL Background Thread 2 ] WARN  GameWorld            - Entity is already attached to world
20:28:32.492 [FXGL Background Thread 2 ] WARN  FXGLAssetLoaderServi - Asset "/assets/textures/barreraDesactivadadisabled.png" was not found!
20:28:32.492 [FXGL Background Thread 2 ] WARN  FXGLAssetLoaderServi - Failed to load IMAGE
20:28:32.493 [FXGL Background Thread 2 ] WARN  GameWorld            - Entity is already attached to world
20:28:32.493 [FXGL Background Thread 2 ] WARN  FXGLAssetLoaderServi - Asset "/assets/textures/barreraDesactivadadisabled.png" was not found!
20:28:32.494 [FXGL Background Thread 2 ] WARN  FXGLAssetLoaderServi - Failed to load IMAGE
20:28:32.494 [FXGL Background Thread 2 ] WARN  GameWorld            - Entity is already attached to world
20:28:32.495 [FXGL Background Thread 2 ] DEBUG FXGLAssetLoaderServi - Loading from file system: file:/C:/Users/Dannieris/Desktop/ForkProyecto/ForkProyecto/target/classes/assets/textures/barreraitem.png
20:28:32.498 [FXGL Background Thread 2 ] DEBUG FXGLAssetLoaderServi - Loading from file system: file:/C:/Users/Dannieris/Desktop/ForkProyecto/ForkProyecto/target/classes/assets/textures/barreradisabled.png
20:28:32.502 [FXGL Background Thread 2 ] WARN  GameWorld            - Entity is already attached to world
20:28:32.505 [FXGL Background Thread 2 ] WARN  GameWorld            - Entity is already attached to world
20:28:32.506 [FXGL Background Thread 2 ] DEBUG FXGLAssetLoaderServi - Loading from file system: file:/C:/Users/Dannieris/Desktop/ForkProyecto/ForkProyecto/target/classes/assets/textures/panelitem.png
20:28:32.507 [FXGL Background Thread 2 ] DEBUG FXGLAssetLoaderServi - Loading from file system: file:/C:/Users/Dannieris/Desktop/ForkProyecto/ForkProyecto/target/classes/assets/textures/paneldisabled.png
20:28:32.509 [FXGL Background Thread 2 ] WARN  GameWorld            - Entity is already attached to world
20:28:32.509 [FXGL Background Thread 2 ] WARN  GameWorld            - Entity is already attached to world
20:28:32.510 [FXGL Background Thread 2 ] DEBUG FXGLAssetLoaderServi - Loading from file system: file:/C:/Users/Dannieris/Desktop/ForkProyecto/ForkProyecto/target/classes/assets/textures/generatorSpecialPointitem.png
20:28:32.510 [FXGL Background Thread 2 ] WARN  FXGLAssetLoaderServi - Asset "/assets/textures/generatorSpecialPointdisabled.png" was not found!
20:28:32.510 [FXGL Background Thread 2 ] WARN  FXGLAssetLoaderServi - Failed to load IMAGE
20:28:32.510 [FXGL Background Thread 2 ] WARN  GameWorld            - Entity is already attached to world
20:28:32.510 [FXGL Background Thread 2 ] WARN  FXGLAssetLoaderServi - Asset "/assets/textures/generatorSpecialPointdisabled.png" was not found!
20:28:32.510 [FXGL Background Thread 2 ] WARN  FXGLAssetLoaderServi - Failed to load IMAGE
20:28:32.511 [FXGL Background Thread 2 ] WARN  GameWorld            - Entity is already attached to world
20:28:32.511 [FXGL Background Thread 2 ] DEBUG FXGLAssetLoaderServi - Loading from file system: file:/C:/Users/Dannieris/Desktop/ForkProyecto/ForkProyecto/target/classes/assets/textures/lifeitem.png
20:28:32.512 [FXGL Background Thread 2 ] WARN  FXGLAssetLoaderServi - Asset "/assets/textures/lifedisabled.png" was not found!
20:28:32.512 [FXGL Background Thread 2 ] WARN  FXGLAssetLoaderServi - Failed to load IMAGE
20:28:32.512 [FXGL Background Thread 2 ] WARN  GameWorld            - Entity is already attached to world
20:28:32.512 [FXGL Background Thread 2 ] WARN  FXGLAssetLoaderServi - Asset "/assets/textures/lifedisabled.png" was not found!
20:28:32.512 [FXGL Background Thread 2 ] WARN  FXGLAssetLoaderServi - Failed to load IMAGE
20:28:32.512 [FXGL Background Thread 2 ] WARN  GameWorld            - Entity is already attached to world
20:28:32.513 [FXGL Background Thread 2 ] DEBUG FXGLAssetLoaderServi - Loading from file system: file:/C:/Users/Dannieris/Desktop/ForkProyecto/ForkProyecto/target/classes/assets/textures/atackitem.png
20:28:32.513 [FXGL Background Thread 2 ] WARN  FXGLAssetLoaderServi - Asset "/assets/textures/atackdisabled.png" was not found!
20:28:32.513 [FXGL Background Thread 2 ] WARN  FXGLAssetLoaderServi - Failed to load IMAGE
20:28:32.513 [FXGL Background Thread 2 ] WARN  GameWorld            - Entity is already attached to world
20:28:32.514 [FXGL Background Thread 2 ] WARN  FXGLAssetLoaderServi - Asset "/assets/textures/atackdisabled.png" was not found!
20:28:32.514 [FXGL Background Thread 2 ] WARN  FXGLAssetLoaderServi - Failed to load IMAGE
20:28:32.514 [FXGL Background Thread 2 ] WARN  GameWorld            - Entity is already attached to world
20:28:32.515 [FXGL Background Thread 2 ] DEBUG FXGLAssetLoaderServi - Loading from file system: file:/C:/Users/Dannieris/Desktop/ForkProyecto/ForkProyecto/target/classes/assets/textures/cyborgatack_special.png
20:28:32.517 [FXGL Background Thread 2 ] DEBUG FXGLAssetLoaderServi - Loading from file system: file:/C:/Users/Dannieris/Desktop/ForkProyecto/ForkProyecto/target/classes/assets/textures/cyborgatack_basic.png
20:28:32.520 [FXGL Background Thread 2 ] DEBUG FXGLAssetLoaderServi - Loading from file system: file:/C:/Users/Dannieris/Desktop/ForkProyecto/ForkProyecto/target/classes/assets/textures/cyborgidle.png
20:28:32.523 [FXGL Background Thread 2 ] DEBUG FXGLAssetLoaderServi - Loading from file system: file:/C:/Users/Dannieris/Desktop/ForkProyecto/ForkProyecto/target/classes/assets/textures/cyborgcaminando.png
20:28:32.524 [FXGL Background Thread 2 ] DEBUG FXGLAssetLoaderServi - Loading from file system: file:/C:/Users/Dannieris/Desktop/ForkProyecto/ForkProyecto/target/classes/assets/textures/cyborgadelante.png
20:28:32.525 [FXGL Background Thread 2 ] DEBUG FXGLAssetLoaderServi - Loading from file system: file:/C:/Users/Dannieris/Desktop/ForkProyecto/ForkProyecto/target/classes/assets/textures/cyborgatras.png
20:28:32.526 [FXGL Background Thread 2 ] DEBUG FXGLAssetLoaderServi - Loading from file system: file:/C:/Users/Dannieris/Desktop/ForkProyecto/ForkProyecto/target/classes/assets/textures/cyborgdeat.png
20:28:32.527 [FXGL Background Thread 2 ] WARN  GameWorld            - Entity is already attached to world
20:28:32.527 [FXGL Background Thread 2 ] WARN  FXGLAssetLoaderServi - Asset "/assets/textures/jaxKaneatack_special.png" was not found!
20:28:32.527 [FXGL Background Thread 2 ] WARN  FXGLAssetLoaderServi - Failed to load IMAGE
20:28:32.527 [FXGL Background Thread 2 ] DEBUG FXGLAssetLoaderServi - Loading from file system: file:/C:/Users/Dannieris/Desktop/ForkProyecto/ForkProyecto/target/classes/assets/textures/jaxKaneatack_basic.png
20:28:32.528 [FXGL Background Thread 2 ] DEBUG FXGLAssetLoaderServi - Loading from file system: file:/C:/Users/Dannieris/Desktop/ForkProyecto/ForkProyecto/target/classes/assets/textures/jaxKaneidle.png
20:28:32.528 [FXGL Background Thread 2 ] DEBUG FXGLAssetLoaderServi - Loading from file system: file:/C:/Users/Dannieris/Desktop/ForkProyecto/ForkProyecto/target/classes/assets/textures/jaxKanecaminando.png
20:28:32.530 [FXGL Background Thread 2 ] DEBUG FXGLAssetLoaderServi - Loading from file system: file:/C:/Users/Dannieris/Desktop/ForkProyecto/ForkProyecto/target/classes/assets/textures/jaxKaneadelante.png
20:28:32.531 [FXGL Background Thread 2 ] DEBUG FXGLAssetLoaderServi - Loading from file system: file:/C:/Users/Dannieris/Desktop/ForkProyecto/ForkProyecto/target/classes/assets/textures/jaxKaneatras.png
20:28:32.532 [FXGL Background Thread 2 ] WARN  FXGLAssetLoaderServi - Asset "/assets/textures/jaxKanedeat.png" was not found!
20:28:32.532 [FXGL Background Thread 2 ] WARN  FXGLAssetLoaderServi - Failed to load IMAGE
20:28:32.533 [FXGL Background Thread 2 ] WARN  GameWorld            - Entity is already attached to world
20:28:32.533 [FXGL Background Thread 2 ] DEBUG Input                - Registered new binding: Mover Arriba - W
20:28:32.533 [FXGL Background Thread 2 ] DEBUG Input                - Registered new binding: Mover Abajo - S
20:28:32.533 [FXGL Background Thread 2 ] DEBUG Input                - Registered new binding: Mover Izquierda - A
20:28:32.533 [FXGL Background Thread 2 ] DEBUG Input                - Registered new binding: Mover Derecha - D
20:28:32.535 [FXGL Background Thread 2 ] DEBUG FXGLAssetLoaderServi - Loading from file system: file:/C:/Users/Dannieris/Desktop/ForkProyecto/ForkProyecto/target/classes/assets/textures/latienda.png
20:28:32.543 [FXGL Background Thread 2 ] DEBUG FXGLAssetLoaderServi - Loading from file system: file:/C:/Users/Dannieris/Desktop/ForkProyecto/ForkProyecto/target/classes/assets/textures/botonTienda.png
20:28:32.574 [FXGL Background Thread 2 ] DEBUG FXGLAssetLoaderServi - Loading from file system: file:/C:/Users/Dannieris/Desktop/ForkProyecto/ForkProyecto/target/classes/assets/textures/botonGameMenu.png
20:28:32.575 [FXGL Background Thread 2 ] DEBUG FXGLAssetLoaderServi - Loading from file system: file:/C:/Users/Dannieris/Desktop/ForkProyecto/ForkProyecto/target/classes/assets/textures/buttonMainMenu.png
20:28:32.576 [FXGL Background Thread 2 ] DEBUG FXGLAssetLoaderServi - Loading from file system: file:/C:/Users/Dannieris/Desktop/ForkProyecto/ForkProyecto/target/classes/assets/textures/wikiButton.png
20:28:32.576 [FXGL Background Thread 2 ] DEBUG FXGLAssetLoaderServi - Loading from file system: file:/C:/Users/Dannieris/Desktop/ForkProyecto/ForkProyecto/target/classes/assets/textures/specialPointBar.png
20:28:32.577 [FXGL Background Thread 2 ] DEBUG FXGLAssetLoaderServi - Loading from file system: file:/C:/Users/Dannieris/Desktop/ForkProyecto/ForkProyecto/target/classes/assets/textures/statBar.png
20:28:32.578 [FXGL Background Thread 2 ] DEBUG FXGLAssetLoaderServi - Loading from file system: file:/C:/Users/Dannieris/Desktop/ForkProyecto/ForkProyecto/target/classes/assets/textures/statAtackBar.png
20:28:32.578 [FXGL Background Thread 2 ] DEBUG FXGLAssetLoaderServi - Loading from file system: file:/C:/Users/Dannieris/Desktop/ForkProyecto/ForkProyecto/target/classes/assets/textures/wiki_image.png
20:28:32.586 [FXGL Background Thread 2 ] DEBUG FXGLAssetLoaderServi - Loading from file system: file:/C:/Users/Dannieris/Desktop/ForkProyecto/ForkProyecto/target/classes/assets/textures/iconCyborg.png
20:28:32.588 [FXGL Background Thread 2 ] DEBUG FXGLAssetLoaderServi - Loading from file system: file:/C:/Users/Dannieris/Desktop/ForkProyecto/ForkProyecto/target/classes/assets/textures/iconJaxKane.png
20:28:32.590 [FXGL Background Thread 2 ] DEBUG FXGLAssetLoaderServi - Loading from file system: file:/C:/Users/Dannieris/Desktop/ForkProyecto/ForkProyecto/target/classes/assets/textures/specialPoint.png
20:28:32.591 [FXGL Background Thread 2 ] DEBUG FXGLAssetLoaderServi - Loading from file system: file:/C:/Users/Dannieris/Desktop/ForkProyecto/ForkProyecto/target/classes/assets/textures/special.png
20:28:32.592 [FXGL Background Thread 2 ] DEBUG FXGLAssetLoaderServi - Loading from file system: file:/C:/Users/Dannieris/Desktop/ForkProyecto/ForkProyecto/target/classes/assets/textures/barra_enemigo.png
20:28:32.594 [FXGL Background Thread 2 ] DEBUG FXGLAssetLoaderServi - Loading from file system: file:/C:/Users/Dannieris/Desktop/ForkProyecto/ForkProyecto/target/classes/assets/textures/life_point_enemi.png
20:28:32.596 [FXGL Background Thread 2 ] DEBUG FXGLAssetLoaderServi - Loading from file system: file:/C:/Users/Dannieris/Desktop/ForkProyecto/ForkProyecto/target/classes/assets/textures/life_bar.png
20:28:32.599 [FXGL Background Thread 2 ] DEBUG FXGLAssetLoaderServi - Loading from file system: file:/C:/Users/Dannieris/Desktop/ForkProyecto/ForkProyecto/target/classes/assets/textures/life_point.png
20:28:32.600 [FXGL Background Thread 2 ] DEBUG FXGLAssetLoaderServi - Loading from file system: file:/C:/Users/Dannieris/Desktop/ForkProyecto/ForkProyecto/target/classes/assets/textures/button_atacck.png
20:28:32.601 [FXGL Background Thread 2 ] DEBUG FXGLAssetLoaderServi - Loading from file system: file:/C:/Users/Dannieris/Desktop/ForkProyecto/ForkProyecto/target/classes/assets/textures/combat_panel.png
20:28:32.605 [FXGL Background Thread 2 ] INFO  FXGLApplication      - Game initialization took: 0.548 sec
20:28:32.608 [JavaFX Application Thread] DEBUG Input                - Clearing active input actions
20:28:32.613 [JavaFX Application Thread] DEBUG GameApplicationServi - Removing overlay from FXGLLoadingScene and adding to GameScene
20:28:32.618 [JavaFX Application Thread] DEBUG PrimaryStageWindow   - FXGLLoadingScene -> GameScene
20:28:32.631 [JavaFX Application Thread] DEBUG FXGLAssetLoaderServi - Loading from file system: file:/C:/Users/Dannieris/Desktop/ForkProyecto/ForkProyecto/target/classes/assets/sounds/item.wav
20:28:34.198 [FXGL Background Thread 3 ] DEBUG Engine               - Logging environment variables
20:28:34.199 [FXGL Background Thread 3 ] DEBUG Engine               - achievements: []
20:28:34.199 [FXGL Background Thread 3 ] DEBUG Engine               - actualHeight: 912.0
20:28:34.199 [FXGL Background Thread 3 ] DEBUG Engine               - actualHeightProperty: ReadOnlyDoubleProperty [value: 912.0]
20:28:34.199 [FXGL Background Thread 3 ] DEBUG Engine               - actualWidth: 1343.0
20:28:34.199 [FXGL Background Thread 3 ] DEBUG Engine               - actualWidthProperty: ReadOnlyDoubleProperty [value: 1343.0]
20:28:34.199 [FXGL Background Thread 3 ] DEBUG Engine               - appIcon: fxgl_icon.png
20:28:34.199 [FXGL Background Thread 3 ] DEBUG Engine               - applicationMode: DEVELOPER
20:28:34.199 [FXGL Background Thread 3 ] DEBUG Engine               - cSSList: [fxgl_dark.css]
20:28:34.199 [FXGL Background Thread 3 ] DEBUG Engine               - collisionDetectionStrategy: BRUTE_FORCE
20:28:34.199 [FXGL Background Thread 3 ] DEBUG Engine               - configClass: Optional.empty
20:28:34.199 [FXGL Background Thread 3 ] DEBUG Engine               - credits: []
20:28:34.199 [FXGL Background Thread 3 ] DEBUG Engine               - defaultCursor: CursorInfo(imageName=cursor.png, hotspotX=0.0, hotspotY=0.0)
20:28:34.200 [FXGL Background Thread 3 ] DEBUG Engine               - devBBoxColorProperty: ObjectProperty [value: 0xff0000ff]
20:28:34.200 [FXGL Background Thread 3 ] DEBUG Engine               - devEnableDebugCameraProperty: BooleanProperty [value: false]
20:28:34.200 [FXGL Background Thread 3 ] DEBUG Engine               - devSensorColorProperty: ObjectProperty [value: 0xffff00ff]
20:28:34.200 [FXGL Background Thread 3 ] DEBUG Engine               - devShowBBoxProperty: BooleanProperty [value: false]
20:28:34.200 [FXGL Background Thread 3 ] DEBUG Engine               - devShowPositionProperty: BooleanProperty [value: false]
20:28:34.200 [FXGL Background Thread 3 ] DEBUG Engine               - enabledMenuItems: []
20:28:34.200 [FXGL Background Thread 3 ] DEBUG Engine               - engineServices: [class com.almasb.fxgl.app.services.FXGLAssetLoaderService, class com.almasb.fxgl.app.FXGLApplication$GameApplicationService, class com.almasb.fxgl.app.services.FXGLDialogService, class com.almasb.fxgl.app.services.IOTaskExecutorService, class com.almasb.fxgl.io.FileSystemService, class com.almasb.fxgl.localization.LocalizationService, class com.almasb.fxgl.app.services.SystemBundleService, class com.almasb.fxgl.profile.SaveLoadService, class com.almasb.fxgl.ui.FXGLUIFactoryServiceProvider, class com.almasb.fxgl.ui.FXGLDialogFactoryServiceProvider, class com.almasb.fxgl.audio.AudioPlayer, class com.almasb.fxgl.notification.impl.NotificationServiceProvider, class com.almasb.fxgl.achievement.AchievementService, class com.almasb.fxgl.cutscene.CutsceneService, class com.almasb.fxgl.minigames.MiniGameService, class com.almasb.fxgl.net.NetService, class com.almasb.fxgl.app.services.UpdaterService, class com.almasb.fxgl.dev.DevService]
20:28:34.200 [FXGL Background Thread 3 ] DEBUG Engine               - fontGame: Abel-Regular.ttf
20:28:34.200 [FXGL Background Thread 3 ] DEBUG Engine               - fontMono: TerminalLandMono-Regular.otf
20:28:34.201 [FXGL Background Thread 3 ] DEBUG Engine               - fontSizeScaleUI: 1.0
20:28:34.201 [FXGL Background Thread 3 ] DEBUG Engine               - fontText: Courier-Prime.ttf
20:28:34.201 [FXGL Background Thread 3 ] DEBUG Engine               - fontUI: VarelaRound-Regular.ttf
20:28:34.201 [FXGL Background Thread 3 ] DEBUG Engine               - fullScreen: BooleanProperty [value: false]
20:28:34.201 [FXGL Background Thread 3 ] DEBUG Engine               - gameDifficulty: MEDIUM
20:28:34.201 [FXGL Background Thread 3 ] DEBUG Engine               - gameDifficultyProperty: ObjectProperty [value: MEDIUM]
20:28:34.201 [FXGL Background Thread 3 ] DEBUG Engine               - globalMusicVolume: 0.5
20:28:34.201 [FXGL Background Thread 3 ] DEBUG Engine               - globalMusicVolumeProperty: DoubleProperty [value: 0.5]
20:28:34.201 [FXGL Background Thread 3 ] DEBUG Engine               - globalSoundVolume: 0.5
20:28:34.201 [FXGL Background Thread 3 ] DEBUG Engine               - globalSoundVolumeProperty: DoubleProperty [value: 0.5]
20:28:34.201 [FXGL Background Thread 3 ] DEBUG Engine               - height: 1024
20:28:34.201 [FXGL Background Thread 3 ] DEBUG Engine               - is3D: false
20:28:34.201 [FXGL Background Thread 3 ] DEBUG Engine               - isAndroid: false
20:28:34.201 [FXGL Background Thread 3 ] DEBUG Engine               - isBrowser: false
20:28:34.201 [FXGL Background Thread 3 ] DEBUG Engine               - isClickFeedbackEnabled: false
20:28:34.201 [FXGL Background Thread 3 ] DEBUG Engine               - isCloseConfirmation: false
20:28:34.201 [FXGL Background Thread 3 ] DEBUG Engine               - isDesktop: true
20:28:34.201 [FXGL Background Thread 3 ] DEBUG Engine               - isDeveloperMenuEnabled: true
20:28:34.201 [FXGL Background Thread 3 ] DEBUG Engine               - isEmbedded: false
20:28:34.201 [FXGL Background Thread 3 ] DEBUG Engine               - isEntityPreloadEnabled: true
20:28:34.201 [FXGL Background Thread 3 ] DEBUG Engine               - isExperimentalTiledLargeMap: false
20:28:34.201 [FXGL Background Thread 3 ] DEBUG Engine               - isFileSystemWriteAllowed: true
20:28:34.202 [FXGL Background Thread 3 ] DEBUG Engine               - isFullScreenAllowed: false
20:28:34.202 [FXGL Background Thread 3 ] DEBUG Engine               - isFullScreenFromStart: false
20:28:34.202 [FXGL Background Thread 3 ] DEBUG Engine               - isGameMenuEnabled: true
20:28:34.202 [FXGL Background Thread 3 ] DEBUG Engine               - isIOS: false
20:28:34.202 [FXGL Background Thread 3 ] DEBUG Engine               - isIntroEnabled: false
20:28:34.202 [FXGL Background Thread 3 ] DEBUG Engine               - isLinux: false
20:28:34.202 [FXGL Background Thread 3 ] DEBUG Engine               - isMac: false
20:28:34.202 [FXGL Background Thread 3 ] DEBUG Engine               - isMainMenuEnabled: true
20:28:34.202 [FXGL Background Thread 3 ] DEBUG Engine               - isManualResizeEnabled: false
20:28:34.202 [FXGL Background Thread 3 ] DEBUG Engine               - isMobile: false
20:28:34.202 [FXGL Background Thread 3 ] DEBUG Engine               - isNative: false
20:28:34.202 [FXGL Background Thread 3 ] DEBUG Engine               - isPauseMusicWhenMinimized: true
20:28:34.202 [FXGL Background Thread 3 ] DEBUG Engine               - isPreserveResizeRatio: false
20:28:34.202 [FXGL Background Thread 3 ] DEBUG Engine               - isProfilingEnabled: false
20:28:34.202 [FXGL Background Thread 3 ] DEBUG Engine               - isScaleAffectedOnResize: true
20:28:34.202 [FXGL Background Thread 3 ] DEBUG Engine               - isSingleStep: false
20:28:34.202 [FXGL Background Thread 3 ] DEBUG Engine               - isUserProfileEnabled: false
20:28:34.202 [FXGL Background Thread 3 ] DEBUG Engine               - isWindows: true
20:28:34.202 [FXGL Background Thread 3 ] DEBUG Engine               - language: ObjectProperty [value: ENGLISH]
20:28:34.202 [FXGL Background Thread 3 ] DEBUG Engine               - menuKey: ESCAPE
20:28:34.202 [FXGL Background Thread 3 ] DEBUG Engine               - mouseSensitivity: 0.2
20:28:34.202 [FXGL Background Thread 3 ] DEBUG Engine               - notificationViewClass: class com.almasb.fxgl.notification.view.XboxNotificationView
20:28:34.207 [FXGL Background Thread 3 ] DEBUG Engine               - pixelsPerMeter: 50.0
20:28:34.207 [FXGL Background Thread 3 ] DEBUG Engine               - platform: WINDOWS
20:28:34.207 [FXGL Background Thread 3 ] DEBUG Engine               - prefHeightProperty: ReadOnlyDoubleProperty [value: 1024.0]
20:28:34.207 [FXGL Background Thread 3 ] DEBUG Engine               - prefWidthProperty: ReadOnlyDoubleProperty [value: 1536.0]
20:28:34.207 [FXGL Background Thread 3 ] DEBUG Engine               - profileDir: profiles/
20:28:34.207 [FXGL Background Thread 3 ] DEBUG Engine               - profileName: StringProperty [value: DEFAULT]
20:28:34.207 [FXGL Background Thread 3 ] DEBUG Engine               - randomSeed: -1
20:28:34.207 [FXGL Background Thread 3 ] DEBUG Engine               - runtimeInfo: RuntimeInfo(platform=WINDOWS, version=17.3, build=30.03.2023 11.49)
20:28:34.207 [FXGL Background Thread 3 ] DEBUG Engine               - saveFileExt: sav
20:28:34.207 [FXGL Background Thread 3 ] DEBUG Engine               - scaledHeightProp$fxgl: DoubleProperty [bound, value: 912.0]
20:28:34.207 [FXGL Background Thread 3 ] DEBUG Engine               - scaledWidthProp$fxgl: DoubleProperty [bound, value: 1343.0]
20:28:34.207 [FXGL Background Thread 3 ] DEBUG Engine               - sceneFactory: App.Game.GameApp$1@5bdbd907
20:28:34.207 [FXGL Background Thread 3 ] DEBUG Engine               - secondsIn24h: 60
20:28:34.207 [FXGL Background Thread 3 ] DEBUG Engine               - soundMenuBack: menu/back.wav
20:28:34.207 [FXGL Background Thread 3 ] DEBUG Engine               - soundMenuPress: menu/press.wav
20:28:34.207 [FXGL Background Thread 3 ] DEBUG Engine               - soundMenuSelect: menu/select.wav
20:28:34.207 [FXGL Background Thread 3 ] DEBUG Engine               - soundNotification: core/notification.wav
20:28:34.207 [FXGL Background Thread 3 ] DEBUG Engine               - stageStyle: DECORATED
20:28:34.207 [FXGL Background Thread 3 ] DEBUG Engine               - supportedLanguages: [ENGLISH, FRENCH, GERMAN, HUNGARIAN, RUSSIAN]
20:28:34.207 [FXGL Background Thread 3 ] DEBUG Engine               - ticksPerSecond: -1
20:28:34.207 [FXGL Background Thread 3 ] DEBUG Engine               - title: Eclipsis: el legado de la nave abandonada(BetaVer)
20:28:34.207 [FXGL Background Thread 3 ] DEBUG Engine               - urlGithub: https://github.com/AlmasB/FXGL
20:28:34.209 [FXGL Background Thread 3 ] DEBUG Engine               - urlLeaderboard: http://fxgl-top.herokuapp.com/
20:28:34.209 [FXGL Background Thread 3 ] DEBUG Engine               - urlPOM: https://raw.githubusercontent.com/AlmasB/FXGL/release/README.md
20:28:34.209 [FXGL Background Thread 3 ] DEBUG Engine               - userAppClass: class App.Game.GameApp
20:28:34.209 [FXGL Background Thread 3 ] DEBUG Engine               - version: 0.0
20:28:34.209 [FXGL Background Thread 3 ] DEBUG Engine               - versionCheckDays: 7
20:28:34.209 [FXGL Background Thread 3 ] DEBUG Engine               - width: 1536
20:28:34.209 [FXGL Background Thread 3 ] DEBUG Engine               - Logging services
20:28:34.209 [FXGL Background Thread 3 ] DEBUG Engine               - class com.almasb.fxgl.app.services.FXGLAssetLoaderService
20:28:34.209 [FXGL Background Thread 3 ] DEBUG Engine               - class com.almasb.fxgl.app.FXGLApplication$GameApplicationService
20:28:34.209 [FXGL Background Thread 3 ] DEBUG Engine               - class com.almasb.fxgl.app.services.FXGLDialogService
20:28:34.209 [FXGL Background Thread 3 ] DEBUG Engine               - class com.almasb.fxgl.app.services.IOTaskExecutorService
20:28:34.209 [FXGL Background Thread 3 ] DEBUG Engine               - class com.almasb.fxgl.io.FileSystemService
20:28:34.209 [FXGL Background Thread 3 ] DEBUG Engine               - class com.almasb.fxgl.localization.LocalizationService
20:28:34.209 [FXGL Background Thread 3 ] DEBUG Engine               - class com.almasb.fxgl.app.services.SystemBundleService
20:28:34.209 [FXGL Background Thread 3 ] DEBUG Engine               - class com.almasb.fxgl.profile.SaveLoadService
20:28:34.209 [FXGL Background Thread 3 ] DEBUG Engine               - class com.almasb.fxgl.ui.FXGLUIFactoryServiceProvider
20:28:34.209 [FXGL Background Thread 3 ] DEBUG Engine               - class com.almasb.fxgl.ui.FXGLDialogFactoryServiceProvider
20:28:34.209 [FXGL Background Thread 3 ] DEBUG Engine               - class com.almasb.fxgl.audio.AudioPlayer
20:28:34.209 [FXGL Background Thread 3 ] DEBUG Engine               - class com.almasb.fxgl.notification.impl.NotificationServiceProvider
20:28:34.209 [FXGL Background Thread 3 ] DEBUG Engine               - class com.almasb.fxgl.achievement.AchievementService
20:28:34.209 [FXGL Background Thread 3 ] DEBUG Engine               - class com.almasb.fxgl.cutscene.CutsceneService
20:28:34.209 [FXGL Background Thread 3 ] DEBUG Engine               - class com.almasb.fxgl.minigames.MiniGameService
20:28:34.209 [FXGL Background Thread 3 ] DEBUG Engine               - class com.almasb.fxgl.net.NetService
20:28:34.209 [FXGL Background Thread 3 ] DEBUG Engine               - class com.almasb.fxgl.app.services.UpdaterService
20:28:34.209 [FXGL Background Thread 3 ] DEBUG Engine               - class com.almasb.fxgl.dev.DevService
20:28:35.024 [JavaFX Application Thread] DEBUG FXGLAssetLoaderServi - Loading from file system: file:/C:/Users/Dannieris/Desktop/ForkProyecto/ForkProyecto/target/classes/assets/sounds/coin.wav
20:28:41.987 [JavaFX Application Thread] DEBUG AudioPlayer          - Stopping music com.almasb.fxgl.audio.Music@4aec4086
20:28:41.989 [JavaFX Application Thread] DEBUG FXGLAssetLoaderServi - Loading from file system: file:/C:/Users/Dannieris/Desktop/ForkProyecto/ForkProyecto/target/classes/assets/music/battle.wav
20:28:41.993 [JavaFX Application Thread] DEBUG AudioPlayer          - Playing music com.almasb.fxgl.audio.Music@212917f2
20:28:43.941 [JavaFX Application Thread] DEBUG FXGLAssetLoaderServi - Loading from file system: file:/C:/Users/Dannieris/Desktop/ForkProyecto/ForkProyecto/target/classes/assets/sounds/arma.wav
20:28:44.885 [JavaFX Application Thread] DEBUG AudioPlayer          - Playing music com.almasb.fxgl.audio.Music@212917f2
20:28:44.960 [JavaFX Application Thread] DEBUG FXGLAssetLoaderServi - Loading from file system: file:/C:/Users/Dannieris/Desktop/ForkProyecto/ForkProyecto/target/classes/assets/sounds/armaEnemigos.wav
20:28:45.646 [JavaFX Application Thread] DEBUG AudioPlayer          - Playing music com.almasb.fxgl.audio.Music@212917f2
20:28:46.392 [JavaFX Application Thread] DEBUG FXGLAssetLoaderServi - Loading from file system: file:/C:/Users/Dannieris/Desktop/ForkProyecto/ForkProyecto/target/classes/assets/sounds/muerte.wav
20:28:47.320 [JavaFX Application Thread] DEBUG AudioPlayer          - Playing music com.almasb.fxgl.audio.Music@212917f2
20:28:47.321 [JavaFX Application Thread] DEBUG AudioPlayer          - Stopping music com.almasb.fxgl.audio.Music@212917f2
20:28:47.323 [JavaFX Application Thread] DEBUG AudioPlayer          - Playing music com.almasb.fxgl.audio.Music@4aec4086
20:28:47.324 [JavaFX Application Thread] DEBUG AudioPlayer          - Playing music com.almasb.fxgl.audio.Music@4aec4086
20:28:47.325 [JavaFX Application Thread] WARN  FXGLAssetLoaderServi - Asset "/assets/textures/coindisabled.png" was not found!
20:28:47.325 [JavaFX Application Thread] WARN  FXGLAssetLoaderServi - Failed to load IMAGE
20:28:47.326 [JavaFX Application Thread] WARN  GameWorld            - Entity is already attached to world
20:28:49.768 [JavaFX Application Thread] DEBUG FXGLApplication      - Exiting FXGL
20:28:49.768 [JavaFX Application Thread] DEBUG LoopRunner           - Stopping loop
20:28:49.770 [JavaFX Application Thread] DEBUG SystemBundleService  - Saving FXGL system data
20:28:49.773 [JavaFX Application Thread] DEBUG FileSystemAccess     - Writing to: C:\Users\Dannieris\Desktop\ForkProyecto\ForkProyecto\system\fxgl.bundle
20:28:49.775 [JavaFX Application Thread] DEBUG Async                - Shutting down background threads
20:28:49.776 [JavaFX Application Thread] DEBUG PrimaryStageWindow   - Closing main window
20:28:49.791 [JavaFX Application Thread] DEBUG Logger               - Closing Logger
