20:39:16.234 [main                     ] DEBUG Logger               - Configured Logger
20:39:16.250 [main                     ] DEBUG GameApplication      - Logging settings
Title: Eclipsis: el legado de la nave abandonada(BetaVer)
Version: 0.0
Width: 1536
Height: 1024
Fullscreen: false
Intro: false
Profiling: false
Single step:false
App Mode: DEVELOPER
Menu Key: ESCAPE
Stage Style: DECORATED
Scene Factory: class App.Game.GameApp$1

20:39:16.327 [JavaFX Application Thread] DEBUG FXGLApplication      - Initializing FXGL
20:39:16.332 [JavaFX Application Thread] INFO  Engine               - FXGL-17.3 (30.03.2023 11.49) on WINDOWS (J:17.0.12 FX:20)
20:39:16.333 [JavaFX Application Thread] DEBUG Engine               - JRE Vendor Name: Oracle Corporation
20:39:16.333 [JavaFX Application Thread] DEBUG Engine               - Running on OS: Windows 11 version 10.0
20:39:16.333 [JavaFX Application Thread] DEBUG Engine               - Architecture: amd64
20:39:16.333 [JavaFX Application Thread] INFO  Engine               - Source code and latest versions at: https://github.com/AlmasB/FXGL
20:39:16.333 [JavaFX Application Thread] INFO  Engine               -       Ask questions and discuss at: https://github.com/AlmasB/FXGL/discussions
20:39:16.333 [JavaFX Application Thread] INFO  Engine               -              Join the FXGL chat at: https://gitter.im/AlmasB/FXGL
20:39:16.388 [JavaFX Application Thread] DEBUG PrimaryStageWindow   - Creating a JavaFX scene
20:39:16.388 [JavaFX Application Thread] DEBUG PrimaryStageWindow   - Target size > screen size
20:39:16.415 [JavaFX Application Thread] DEBUG PrimaryStageWindow   - Target settings size: 1536.0 x 1024.0
20:39:16.416 [JavaFX Application Thread] DEBUG PrimaryStageWindow   - Scaled scene size:    1343.0 x 912.0
20:39:16.416 [JavaFX Application Thread] DEBUG PrimaryStageWindow   - Scaled ratio: (0.8743489583333334, 0.890625)
20:39:16.416 [JavaFX Application Thread] DEBUG PrimaryStageWindow   - Set initial scene to FXGLStartupScene
20:39:16.418 [JavaFX Application Thread] DEBUG PrimaryStageWindow   - Opening main window
20:39:16.484 [JavaFX Application Thread] DEBUG PrimaryStageWindow   - Window border size: (14.5999755859375, 37.5999755859375)
20:39:16.485 [JavaFX Application Thread] DEBUG PrimaryStageWindow   - Scaled size: 1343.0 x 912.0
20:39:16.485 [JavaFX Application Thread] DEBUG PrimaryStageWindow   - Scaled ratio: (0.8743489583333334, 0.890625)
20:39:16.485 [JavaFX Application Thread] DEBUG PrimaryStageWindow   - Scene size: 1343.0 x 912.0
20:39:16.486 [JavaFX Application Thread] DEBUG PrimaryStageWindow   - Stage size: 1357.5999755859375 x 949.5999755859375
20:39:16.494 [FXGL Background Thread 1 ] DEBUG Engine               - Initializing environment variables
20:39:16.528 [FXGL Background Thread 1 ] DEBUG FXGLAssetLoaderServi - User app class for loading assets: class App.Game.GameApp
20:39:16.529 [FXGL Background Thread 1 ] DEBUG GameApplicationServi - Applying CSS: fxgl_dark.css
20:39:16.530 [FXGL Background Thread 1 ] DEBUG FXGLAssetLoaderServi - Loading from file system: jar:file:///C:/Users/Dannieris/.m2/repository/com/github/almasb/fxgl/17.3/fxgl-17.3.jar!/fxglassets/ui/css/fxgl_dark.css
20:39:16.571 [FXGL Background Thread 1 ] DEBUG GameApplicationServi - Initializing application scenes
20:39:16.621 [FXGL Background Thread 1 ] DEBUG GameWorld            - Game world initialized
20:39:16.685 [FXGL Background Thread 1 ] DEBUG PhysicsWorld         - Physics world initialized: appHeight=1024, physics.ppm=50.0
20:39:16.686 [FXGL Background Thread 1 ] DEBUG PhysicsWorld         - Using strategy: BRUTE_FORCE
20:39:16.691 [FXGL Background Thread 1 ] DEBUG GameScene            - Game scene initialized: 1536x1024
20:39:16.848 [FXGL Background Thread 1 ] DEBUG FXGL.DefaultMenu     - createMenuBodyGameMenu()
20:39:16.862 [FXGL Background Thread 1 ] DEBUG FXGL.DefaultMenu     - createOptionsMenu()
20:39:16.868 [FXGL Background Thread 1 ] DEBUG FXGLAssetLoaderServi - Loading from file system: jar:file:///C:/Users/Dannieris/.m2/repository/com/github/almasb/fxgl/17.3/fxgl-17.3.jar!/fxglassets/textures/particles/smoke.png
20:39:16.921 [FXGL Background Thread 1 ] DEBUG FXGLAssetLoaderServi - Loading from file system: jar:file:///C:/Users/Dannieris/.m2/repository/com/github/almasb/fxgl/17.3/fxgl-17.3.jar!/fxglassets/textures/particles/trace_horizontal.png
20:39:16.934 [FXGL Background Thread 1 ] DEBUG FXGLAssetLoaderServi - Loading from file system: file:/C:/Users/Dannieris/Desktop/ForkProyecto/ForkProyecto/target/classes/assets/music/menu.wav
20:39:17.004 [FXGL Background Thread 1 ] DEBUG AudioPlayer          - Playing music com.almasb.fxgl.audio.Music@27f686a9
20:39:17.006 [FXGL Background Thread 1 ] DEBUG AudioPlayer          - Playing music com.almasb.fxgl.audio.Music@27f686a9
20:39:17.008 [FXGL Background Thread 1 ] DEBUG FXGLAssetLoaderServi - Loading from file system: file:/C:/Users/Dannieris/Desktop/ForkProyecto/ForkProyecto/target/classes/assets/textures/fondoGameMenu.png
20:39:17.036 [FXGL Background Thread 1 ] DEBUG GameApplicationServi - Application scenes initialized
20:39:17.044 [FXGL Background Thread 1 ] DEBUG SystemBundleService  - Loading FXGL system data
20:39:17.046 [FXGL Background Thread 1 ] DEBUG FileSystemAccess     - Reading from: C:\Users\Dannieris\Desktop\ForkProyecto\ForkProyecto\system\fxgl.bundle
20:39:17.052 [FXGL Background Thread 1 ] DEBUG SystemBundleService  - Bundle FXGL: {}
20:39:17.052 [FXGL Background Thread 1 ] DEBUG UpdaterService       - Checking for updates
20:39:17.074 [FXGL Background Thread 4 ] DEBUG FXGLApplication      - Loading fonts
20:39:17.075 [FXGL Background Thread 1 ] DEBUG FXGLApplication      - Loading default localization
20:39:17.075 [FXGL Background Thread 4 ] DEBUG FXGLAssetLoaderServi - Loading from file system: jar:file:///C:/Users/Dannieris/.m2/repository/com/github/almasb/fxgl/17.3/fxgl-17.3.jar!/fxglassets/ui/fonts/VarelaRound-Regular.ttf
20:39:17.076 [FXGL Background Thread 1 ] DEBUG FXGLAssetLoaderServi - Loading from file system: jar:file:///C:/Users/Dannieris/.m2/repository/com/github/almasb/fxgl/17.3/fxgl-17.3.jar!/fxglassets/languages/english.lang
20:39:17.104 [FXGL Background Thread 1 ] INFO  FXGLApplication      - FXGL initialization took: 0.609 sec
20:39:17.135 [FXGL Background Thread 4 ] DEBUG FXGLAssetLoaderServi - Loading from file system: jar:file:///C:/Users/Dannieris/.m2/repository/com/github/almasb/fxgl/17.3/fxgl-17.3.jar!/fxglassets/ui/fonts/Abel-Regular.ttf
20:39:17.141 [JavaFX Application Thread] DEBUG FXGLAssetLoaderServi - Loading from file system: jar:file:///C:/Users/Dannieris/.m2/repository/com/github/almasb/fxgl/17.3/fxgl-17.3.jar!/fxglassets/textures/fxgl_icon.png
20:39:17.151 [FXGL Background Thread 4 ] DEBUG FXGLAssetLoaderServi - Loading from file system: jar:file:///C:/Users/Dannieris/.m2/repository/com/github/almasb/fxgl/17.3/fxgl-17.3.jar!/fxglassets/ui/fonts/TerminalLandMono-Regular.otf
20:39:17.157 [JavaFX Application Thread] DEBUG FXGLAssetLoaderServi - Loading from file system: file:/C:/Users/Dannieris/Desktop/ForkProyecto/ForkProyecto/target/classes/assets/textures/cursor.png
20:39:17.164 [FXGL Background Thread 4 ] DEBUG FXGLAssetLoaderServi - Loading from file system: jar:file:///C:/Users/Dannieris/.m2/repository/com/github/almasb/fxgl/17.3/fxgl-17.3.jar!/fxglassets/ui/fonts/Courier-Prime.ttf
20:39:17.168 [JavaFX Application Thread] DEBUG Input                - Registered new binding: Screenshot - CTRL+8
20:39:17.170 [JavaFX Application Thread] DEBUG Input                - Registered new binding: Dev Options - 1
20:39:17.170 [JavaFX Application Thread] DEBUG Input                - Registered new binding: Dev Console - 2
20:39:17.171 [JavaFX Application Thread] DEBUG Input                - Registered new binding: System info dump - CTRL+9
20:39:17.171 [JavaFX Application Thread] DEBUG Input                - Registered new binding: Restart - CTRL+R
20:39:17.172 [JavaFX Application Thread] DEBUG Input                - Registered new binding: Toggle Debug Camera - CTRL+7
20:39:17.176 [JavaFX Application Thread] DEBUG LoopRunner           - Starting loop
20:39:17.192 [JavaFX Application Thread] DEBUG LoopRunner           - Initializing JavaFX AnimationTimerLoop
20:39:17.194 [JavaFX Application Thread] DEBUG Input                - Clearing active input actions
20:39:17.199 [JavaFX Application Thread] DEBUG GameApplicationServi - Removing overlay from FXGLStartupScene and adding to FXGLMainMenuDummyScene
20:39:17.201 [JavaFX Application Thread] DEBUG PrimaryStageWindow   - FXGLStartupScene -> FXGLMainMenuDummyScene
20:39:17.201 [JavaFX Application Thread] DEBUG PrimaryStageWindow   - Push state: MyMenu
20:39:17.201 [JavaFX Application Thread] DEBUG Input                - Clearing active input actions
20:39:17.205 [JavaFX Application Thread] DEBUG GameApplicationServi - Removing overlay from FXGLMainMenuDummyScene and adding to MyMenu
20:39:17.212 [JavaFX Application Thread] DEBUG PrimaryStageWindow   - FXGLMainMenuDummyScene -> MyMenu
20:39:17.213 [JavaFX Application Thread] DEBUG FXGLApplication      - Registering font factories with UI factory
20:39:17.245 [FXGL Background Thread 2 ] WARN  UpdaterService       - Failed to find updates: java.net.SocketException: Permission denied: connect
20:39:17.569 [JavaFX Application Thread] DEBUG GameApplicationServi - Starting new game
20:39:17.569 [JavaFX Application Thread] DEBUG PrimaryStageWindow   - Pop state: MyMenu
20:39:17.570 [JavaFX Application Thread] DEBUG Input                - Clearing active input actions
20:39:17.571 [JavaFX Application Thread] DEBUG GameApplicationServi - Removing overlay from MyMenu and adding to FXGLMainMenuDummyScene
20:39:17.574 [JavaFX Application Thread] DEBUG PrimaryStageWindow   - FXGLMainMenuDummyScene <- MyMenu
20:39:17.574 [JavaFX Application Thread] DEBUG Input                - Clearing active input actions
20:39:17.583 [JavaFX Application Thread] DEBUG GameApplicationServi - Removing overlay from FXGLMainMenuDummyScene and adding to FXGLLoadingScene
20:39:17.584 [JavaFX Application Thread] DEBUG PrimaryStageWindow   - FXGLMainMenuDummyScene -> FXGLLoadingScene
20:39:17.584 [JavaFX Application Thread] DEBUG GameApplicationServi - Clearing previous game
20:39:17.584 [JavaFX Application Thread] DEBUG GameScene            - Clearing game scene
20:39:17.584 [JavaFX Application Thread] DEBUG GameWorld            - Clearing game world
20:39:17.584 [JavaFX Application Thread] DEBUG PhysicsWorld         - Clearing physics world
20:39:17.585 [FXGL Background Thread 2 ] DEBUG FXGLApplication      - Initializing game
20:39:17.722 [FXGL Background Thread 2 ] DEBUG AudioPlayer          - Stopping music com.almasb.fxgl.audio.Music@27f686a9
20:39:17.762 [FXGL Background Thread 2 ] DEBUG FXGLAssetLoaderServi - Loading from file system: file:/C:/Users/Dannieris/Desktop/ForkProyecto/ForkProyecto/target/classes/assets/music/loading.wav
20:39:17.764 [FXGL Background Thread 2 ] DEBUG AudioPlayer          - Playing music com.almasb.fxgl.audio.Music@7b8d693c
20:39:17.796 [FXGL Background Thread 2 ] DEBUG TMXLevelLoader       - Parsed TiledMap: file:/C:/Users/Dannieris/Desktop/ForkProyecto/ForkProyecto/target/classes/assets/levels/level_01.tmx
20:39:17.797 [FXGL Background Thread 2 ] DEBUG TMXLevelLoader       - Creating tile layer entities
20:39:17.798 [FXGL Background Thread 2 ] DEBUG TilesetLoader        - Loading view for layer Capa de patrones 1
20:39:17.818 [FXGL Background Thread 2 ] DEBUG TilesetLoader        - Created buffer with size 2000.0x1500.0
20:39:17.851 [FXGL Background Thread 2 ] WARN  TilesetLoader        - Diagonally flipped tiles are not currently supported
20:39:17.853 [FXGL Background Thread 2 ] WARN  TilesetLoader        - Diagonally flipped tiles are not currently supported
20:39:17.854 [FXGL Background Thread 2 ] WARN  TilesetLoader        - Diagonally flipped tiles are not currently supported
20:39:17.854 [FXGL Background Thread 2 ] WARN  TilesetLoader        - Diagonally flipped tiles are not currently supported
20:39:17.856 [FXGL Background Thread 2 ] WARN  TilesetLoader        - Diagonally flipped tiles are not currently supported
20:39:17.860 [FXGL Background Thread 2 ] WARN  TilesetLoader        - Diagonally flipped tiles are not currently supported
20:39:17.861 [FXGL Background Thread 2 ] WARN  TilesetLoader        - Diagonally flipped tiles are not currently supported
20:39:17.863 [FXGL Background Thread 2 ] WARN  TilesetLoader        - Diagonally flipped tiles are not currently supported
20:39:17.864 [FXGL Background Thread 2 ] WARN  TilesetLoader        - Diagonally flipped tiles are not currently supported
20:39:17.867 [FXGL Background Thread 2 ] WARN  TilesetLoader        - Diagonally flipped tiles are not currently supported
20:39:17.868 [FXGL Background Thread 2 ] WARN  TilesetLoader        - Diagonally flipped tiles are not currently supported
20:39:17.868 [FXGL Background Thread 2 ] DEBUG TilesetLoader        - Loading view for layer Capa de Decoracion
20:39:17.874 [FXGL Background Thread 2 ] DEBUG TilesetLoader        - Created buffer with size 2000.0x1500.0
20:39:17.899 [FXGL Background Thread 2 ] DEBUG TMXLevelLoader       - Creating object layer entities
20:39:17.916 [FXGL Background Thread 2 ] DEBUG GameWorld            - Clearing removable entities
20:39:17.936 [FXGL Background Thread 2 ] DEBUG GameWorld            - Setting level: com.almasb.fxgl.entity.level.Level@1098062b
20:39:17.948 [FXGL Background Thread 2 ] DEBUG FXGLAssetLoaderServi - Loading from file system: file:/C:/Users/Dannieris/Desktop/ForkProyecto/ForkProyecto/target/classes/assets/textures/coinitem.png
20:39:17.950 [FXGL Background Thread 2 ] WARN  FXGLAssetLoaderServi - Asset "/assets/textures/coindisabled.png" was not found!
20:39:17.950 [FXGL Background Thread 2 ] WARN  FXGLAssetLoaderServi - Failed to load IMAGE
20:39:17.984 [FXGL Background Thread 2 ] WARN  GameWorld            - Entity is already attached to world
20:39:17.985 [FXGL Background Thread 2 ] WARN  FXGLAssetLoaderServi - Asset "/assets/textures/coindisabled.png" was not found!
20:39:17.985 [FXGL Background Thread 2 ] WARN  FXGLAssetLoaderServi - Failed to load IMAGE
20:39:17.985 [FXGL Background Thread 2 ] WARN  GameWorld            - Entity is already attached to world
20:39:17.986 [FXGL Background Thread 2 ] WARN  FXGLAssetLoaderServi - Asset "/assets/textures/coindisabled.png" was not found!
20:39:17.986 [FXGL Background Thread 2 ] WARN  FXGLAssetLoaderServi - Failed to load IMAGE
20:39:17.986 [FXGL Background Thread 2 ] WARN  GameWorld            - Entity is already attached to world
20:39:17.986 [FXGL Background Thread 2 ] DEBUG FXGLAssetLoaderServi - Loading from file system: file:/C:/Users/Dannieris/Desktop/ForkProyecto/ForkProyecto/target/classes/assets/textures/exploreatack_basic.png
20:39:17.987 [FXGL Background Thread 2 ] DEBUG FXGLAssetLoaderServi - Loading from file system: file:/C:/Users/Dannieris/Desktop/ForkProyecto/ForkProyecto/target/classes/assets/textures/exploreidle.png
20:39:17.989 [FXGL Background Thread 2 ] WARN  FXGLAssetLoaderServi - Asset "/assets/textures/explorecaminando.png" was not found!
20:39:17.989 [FXGL Background Thread 2 ] WARN  FXGLAssetLoaderServi - Failed to load IMAGE
20:39:17.989 [FXGL Background Thread 2 ] WARN  FXGLAssetLoaderServi - Asset "/assets/textures/exploreadelante.png" was not found!
20:39:17.989 [FXGL Background Thread 2 ] WARN  FXGLAssetLoaderServi - Failed to load IMAGE
20:39:17.989 [FXGL Background Thread 2 ] WARN  FXGLAssetLoaderServi - Asset "/assets/textures/exploreatras.png" was not found!
20:39:17.989 [FXGL Background Thread 2 ] WARN  FXGLAssetLoaderServi - Failed to load IMAGE
20:39:17.990 [FXGL Background Thread 2 ] DEBUG FXGLAssetLoaderServi - Loading from file system: file:/C:/Users/Dannieris/Desktop/ForkProyecto/ForkProyecto/target/classes/assets/textures/exploredeat.png
20:39:17.992 [FXGL Background Thread 2 ] WARN  GameWorld            - Entity is already attached to world
20:39:17.993 [FXGL Background Thread 2 ] WARN  FXGLAssetLoaderServi - Asset "/assets/textures/explorecaminando.png" was not found!
20:39:17.993 [FXGL Background Thread 2 ] WARN  FXGLAssetLoaderServi - Failed to load IMAGE
20:39:17.994 [FXGL Background Thread 2 ] WARN  FXGLAssetLoaderServi - Asset "/assets/textures/exploreadelante.png" was not found!
20:39:17.994 [FXGL Background Thread 2 ] WARN  FXGLAssetLoaderServi - Failed to load IMAGE
20:39:17.994 [FXGL Background Thread 2 ] WARN  FXGLAssetLoaderServi - Asset "/assets/textures/exploreatras.png" was not found!
20:39:17.994 [FXGL Background Thread 2 ] WARN  FXGLAssetLoaderServi - Failed to load IMAGE
20:39:17.997 [FXGL Background Thread 2 ] WARN  GameWorld            - Entity is already attached to world
20:39:17.998 [FXGL Background Thread 2 ] DEBUG FXGLAssetLoaderServi - Loading from file system: file:/C:/Users/Dannieris/Desktop/ForkProyecto/ForkProyecto/target/classes/assets/textures/droidatack_basic.png
20:39:18.000 [FXGL Background Thread 2 ] DEBUG FXGLAssetLoaderServi - Loading from file system: file:/C:/Users/Dannieris/Desktop/ForkProyecto/ForkProyecto/target/classes/assets/textures/droididle.png
20:39:18.001 [FXGL Background Thread 2 ] WARN  FXGLAssetLoaderServi - Asset "/assets/textures/droidcaminando.png" was not found!
20:39:18.001 [FXGL Background Thread 2 ] WARN  FXGLAssetLoaderServi - Failed to load IMAGE
20:39:18.001 [FXGL Background Thread 2 ] WARN  FXGLAssetLoaderServi - Asset "/assets/textures/droidadelante.png" was not found!
20:39:18.001 [FXGL Background Thread 2 ] WARN  FXGLAssetLoaderServi - Failed to load IMAGE
20:39:18.001 [FXGL Background Thread 2 ] WARN  FXGLAssetLoaderServi - Asset "/assets/textures/droidatras.png" was not found!
20:39:18.001 [FXGL Background Thread 2 ] WARN  FXGLAssetLoaderServi - Failed to load IMAGE
20:39:18.001 [FXGL Background Thread 2 ] DEBUG FXGLAssetLoaderServi - Loading from file system: file:/C:/Users/Dannieris/Desktop/ForkProyecto/ForkProyecto/target/classes/assets/textures/droiddeat.png
20:39:18.003 [FXGL Background Thread 2 ] WARN  GameWorld            - Entity is already attached to world
20:39:18.004 [FXGL Background Thread 2 ] WARN  FXGLAssetLoaderServi - Asset "/assets/textures/droidcaminando.png" was not found!
20:39:18.004 [FXGL Background Thread 2 ] WARN  FXGLAssetLoaderServi - Failed to load IMAGE
20:39:18.004 [FXGL Background Thread 2 ] WARN  FXGLAssetLoaderServi - Asset "/assets/textures/droidadelante.png" was not found!
20:39:18.004 [FXGL Background Thread 2 ] WARN  FXGLAssetLoaderServi - Failed to load IMAGE
20:39:18.004 [FXGL Background Thread 2 ] WARN  FXGLAssetLoaderServi - Asset "/assets/textures/droidatras.png" was not found!
20:39:18.004 [FXGL Background Thread 2 ] WARN  FXGLAssetLoaderServi - Failed to load IMAGE
20:39:18.004 [FXGL Background Thread 2 ] WARN  GameWorld            - Entity is already attached to world
20:39:18.005 [FXGL Background Thread 2 ] DEBUG FXGLAssetLoaderServi - Loading from file system: file:/C:/Users/Dannieris/Desktop/ForkProyecto/ForkProyecto/target/classes/assets/textures/droid2atack_basic.png
20:39:18.005 [FXGL Background Thread 2 ] DEBUG FXGLAssetLoaderServi - Loading from file system: file:/C:/Users/Dannieris/Desktop/ForkProyecto/ForkProyecto/target/classes/assets/textures/droid2idle.png
20:39:18.006 [FXGL Background Thread 2 ] WARN  FXGLAssetLoaderServi - Asset "/assets/textures/droid2caminando.png" was not found!
20:39:18.006 [FXGL Background Thread 2 ] WARN  FXGLAssetLoaderServi - Failed to load IMAGE
20:39:18.006 [FXGL Background Thread 2 ] WARN  FXGLAssetLoaderServi - Asset "/assets/textures/droid2adelante.png" was not found!
20:39:18.006 [FXGL Background Thread 2 ] WARN  FXGLAssetLoaderServi - Failed to load IMAGE
20:39:18.006 [FXGL Background Thread 2 ] WARN  FXGLAssetLoaderServi - Asset "/assets/textures/droid2atras.png" was not found!
20:39:18.006 [FXGL Background Thread 2 ] WARN  FXGLAssetLoaderServi - Failed to load IMAGE
20:39:18.006 [FXGL Background Thread 2 ] DEBUG FXGLAssetLoaderServi - Loading from file system: file:/C:/Users/Dannieris/Desktop/ForkProyecto/ForkProyecto/target/classes/assets/textures/droid2deat.png
20:39:18.008 [FXGL Background Thread 2 ] WARN  GameWorld            - Entity is already attached to world
20:39:18.010 [FXGL Background Thread 2 ] WARN  FXGLAssetLoaderServi - Asset "/assets/textures/droid2caminando.png" was not found!
20:39:18.010 [FXGL Background Thread 2 ] WARN  FXGLAssetLoaderServi - Failed to load IMAGE
20:39:18.010 [FXGL Background Thread 2 ] WARN  FXGLAssetLoaderServi - Asset "/assets/textures/droid2adelante.png" was not found!
20:39:18.010 [FXGL Background Thread 2 ] WARN  FXGLAssetLoaderServi - Failed to load IMAGE
20:39:18.010 [FXGL Background Thread 2 ] WARN  FXGLAssetLoaderServi - Asset "/assets/textures/droid2atras.png" was not found!
20:39:18.011 [FXGL Background Thread 2 ] WARN  FXGLAssetLoaderServi - Failed to load IMAGE
20:39:18.011 [FXGL Background Thread 2 ] WARN  GameWorld            - Entity is already attached to world
20:39:18.012 [FXGL Background Thread 2 ] WARN  FXGLAssetLoaderServi - Asset "/assets/textures/droid2caminando.png" was not found!
20:39:18.013 [FXGL Background Thread 2 ] WARN  FXGLAssetLoaderServi - Failed to load IMAGE
20:39:18.013 [FXGL Background Thread 2 ] WARN  FXGLAssetLoaderServi - Asset "/assets/textures/droid2adelante.png" was not found!
20:39:18.013 [FXGL Background Thread 2 ] WARN  FXGLAssetLoaderServi - Failed to load IMAGE
20:39:18.015 [FXGL Background Thread 2 ] WARN  FXGLAssetLoaderServi - Asset "/assets/textures/droid2atras.png" was not found!
20:39:18.015 [FXGL Background Thread 2 ] WARN  FXGLAssetLoaderServi - Failed to load IMAGE
20:39:18.016 [FXGL Background Thread 2 ] WARN  GameWorld            - Entity is already attached to world
20:39:18.016 [FXGL Background Thread 2 ] DEBUG FXGLAssetLoaderServi - Loading from file system: file:/C:/Users/Dannieris/Desktop/ForkProyecto/ForkProyecto/target/classes/assets/textures/droid3atack_basic.png
20:39:18.018 [FXGL Background Thread 2 ] DEBUG FXGLAssetLoaderServi - Loading from file system: file:/C:/Users/Dannieris/Desktop/ForkProyecto/ForkProyecto/target/classes/assets/textures/droid3idle.png
20:39:18.020 [FXGL Background Thread 2 ] WARN  FXGLAssetLoaderServi - Asset "/assets/textures/droid3caminando.png" was not found!
20:39:18.020 [FXGL Background Thread 2 ] WARN  FXGLAssetLoaderServi - Failed to load IMAGE
20:39:18.020 [FXGL Background Thread 2 ] WARN  FXGLAssetLoaderServi - Asset "/assets/textures/droid3adelante.png" was not found!
20:39:18.020 [FXGL Background Thread 2 ] WARN  FXGLAssetLoaderServi - Failed to load IMAGE
20:39:18.021 [FXGL Background Thread 2 ] WARN  FXGLAssetLoaderServi - Asset "/assets/textures/droid3atras.png" was not found!
20:39:18.021 [FXGL Background Thread 2 ] WARN  FXGLAssetLoaderServi - Failed to load IMAGE
20:39:18.021 [FXGL Background Thread 2 ] DEBUG FXGLAssetLoaderServi - Loading from file system: file:/C:/Users/Dannieris/Desktop/ForkProyecto/ForkProyecto/target/classes/assets/textures/droid3deat.png
20:39:18.022 [FXGL Background Thread 2 ] WARN  GameWorld            - Entity is already attached to world
20:39:18.023 [FXGL Background Thread 2 ] WARN  FXGLAssetLoaderServi - Asset "/assets/textures/droid3caminando.png" was not found!
20:39:18.024 [FXGL Background Thread 2 ] WARN  FXGLAssetLoaderServi - Failed to load IMAGE
20:39:18.024 [FXGL Background Thread 2 ] WARN  FXGLAssetLoaderServi - Asset "/assets/textures/droid3adelante.png" was not found!
20:39:18.024 [FXGL Background Thread 2 ] WARN  FXGLAssetLoaderServi - Failed to load IMAGE
20:39:18.024 [FXGL Background Thread 2 ] WARN  FXGLAssetLoaderServi - Asset "/assets/textures/droid3atras.png" was not found!
20:39:18.024 [FXGL Background Thread 2 ] WARN  FXGLAssetLoaderServi - Failed to load IMAGE
20:39:18.026 [FXGL Background Thread 2 ] WARN  GameWorld            - Entity is already attached to world
20:39:18.027 [FXGL Background Thread 2 ] DEBUG FXGLAssetLoaderServi - Loading from file system: file:/C:/Users/Dannieris/Desktop/ForkProyecto/ForkProyecto/target/classes/assets/textures/barreraDesactivadaitem.png
20:39:18.034 [FXGL Background Thread 2 ] WARN  FXGLAssetLoaderServi - Asset "/assets/textures/barreraDesactivadadisabled.png" was not found!
20:39:18.034 [FXGL Background Thread 2 ] WARN  FXGLAssetLoaderServi - Failed to load IMAGE
20:39:18.035 [FXGL Background Thread 2 ] WARN  GameWorld            - Entity is already attached to world
20:39:18.035 [FXGL Background Thread 2 ] WARN  FXGLAssetLoaderServi - Asset "/assets/textures/barreraDesactivadadisabled.png" was not found!
20:39:18.036 [FXGL Background Thread 2 ] WARN  FXGLAssetLoaderServi - Failed to load IMAGE
20:39:18.037 [FXGL Background Thread 2 ] WARN  GameWorld            - Entity is already attached to world
20:39:18.038 [FXGL Background Thread 2 ] WARN  FXGLAssetLoaderServi - Asset "/assets/textures/barreraDesactivadadisabled.png" was not found!
20:39:18.039 [FXGL Background Thread 2 ] WARN  FXGLAssetLoaderServi - Failed to load IMAGE
20:39:18.041 [FXGL Background Thread 2 ] WARN  GameWorld            - Entity is already attached to world
20:39:18.042 [FXGL Background Thread 2 ] WARN  FXGLAssetLoaderServi - Asset "/assets/textures/barreraDesactivadadisabled.png" was not found!
20:39:18.043 [FXGL Background Thread 2 ] WARN  FXGLAssetLoaderServi - Failed to load IMAGE
20:39:18.044 [FXGL Background Thread 2 ] WARN  GameWorld            - Entity is already attached to world
20:39:18.046 [FXGL Background Thread 2 ] DEBUG FXGLAssetLoaderServi - Loading from file system: file:/C:/Users/Dannieris/Desktop/ForkProyecto/ForkProyecto/target/classes/assets/textures/barreraitem.png
20:39:18.049 [FXGL Background Thread 2 ] DEBUG FXGLAssetLoaderServi - Loading from file system: file:/C:/Users/Dannieris/Desktop/ForkProyecto/ForkProyecto/target/classes/assets/textures/barreradisabled.png
20:39:18.051 [FXGL Background Thread 2 ] WARN  GameWorld            - Entity is already attached to world
20:39:18.052 [FXGL Background Thread 2 ] WARN  GameWorld            - Entity is already attached to world
20:39:18.052 [FXGL Background Thread 2 ] DEBUG FXGLAssetLoaderServi - Loading from file system: file:/C:/Users/Dannieris/Desktop/ForkProyecto/ForkProyecto/target/classes/assets/textures/panelitem.png
20:39:18.053 [FXGL Background Thread 2 ] DEBUG FXGLAssetLoaderServi - Loading from file system: file:/C:/Users/Dannieris/Desktop/ForkProyecto/ForkProyecto/target/classes/assets/textures/paneldisabled.png
20:39:18.055 [FXGL Background Thread 2 ] WARN  GameWorld            - Entity is already attached to world
20:39:18.055 [FXGL Background Thread 2 ] WARN  GameWorld            - Entity is already attached to world
20:39:18.055 [FXGL Background Thread 2 ] DEBUG FXGLAssetLoaderServi - Loading from file system: file:/C:/Users/Dannieris/Desktop/ForkProyecto/ForkProyecto/target/classes/assets/textures/generatorSpecialPointitem.png
20:39:18.055 [FXGL Background Thread 2 ] WARN  FXGLAssetLoaderServi - Asset "/assets/textures/generatorSpecialPointdisabled.png" was not found!
20:39:18.055 [FXGL Background Thread 2 ] WARN  FXGLAssetLoaderServi - Failed to load IMAGE
20:39:18.055 [FXGL Background Thread 2 ] WARN  GameWorld            - Entity is already attached to world
20:39:18.056 [FXGL Background Thread 2 ] WARN  FXGLAssetLoaderServi - Asset "/assets/textures/generatorSpecialPointdisabled.png" was not found!
20:39:18.056 [FXGL Background Thread 2 ] WARN  FXGLAssetLoaderServi - Failed to load IMAGE
20:39:18.056 [FXGL Background Thread 2 ] WARN  GameWorld            - Entity is already attached to world
20:39:18.056 [FXGL Background Thread 2 ] DEBUG FXGLAssetLoaderServi - Loading from file system: file:/C:/Users/Dannieris/Desktop/ForkProyecto/ForkProyecto/target/classes/assets/textures/lifeitem.png
20:39:18.058 [FXGL Background Thread 2 ] WARN  FXGLAssetLoaderServi - Asset "/assets/textures/lifedisabled.png" was not found!
20:39:18.059 [FXGL Background Thread 2 ] WARN  FXGLAssetLoaderServi - Failed to load IMAGE
20:39:18.059 [FXGL Background Thread 2 ] WARN  GameWorld            - Entity is already attached to world
20:39:18.060 [FXGL Background Thread 2 ] WARN  FXGLAssetLoaderServi - Asset "/assets/textures/lifedisabled.png" was not found!
20:39:18.060 [FXGL Background Thread 2 ] WARN  FXGLAssetLoaderServi - Failed to load IMAGE
20:39:18.060 [FXGL Background Thread 2 ] WARN  GameWorld            - Entity is already attached to world
20:39:18.060 [FXGL Background Thread 2 ] DEBUG FXGLAssetLoaderServi - Loading from file system: file:/C:/Users/Dannieris/Desktop/ForkProyecto/ForkProyecto/target/classes/assets/textures/atackitem.png
20:39:18.062 [FXGL Background Thread 2 ] WARN  FXGLAssetLoaderServi - Asset "/assets/textures/atackdisabled.png" was not found!
20:39:18.062 [FXGL Background Thread 2 ] WARN  FXGLAssetLoaderServi - Failed to load IMAGE
20:39:18.062 [FXGL Background Thread 2 ] WARN  GameWorld            - Entity is already attached to world
20:39:18.063 [FXGL Background Thread 2 ] WARN  FXGLAssetLoaderServi - Asset "/assets/textures/atackdisabled.png" was not found!
20:39:18.063 [FXGL Background Thread 2 ] WARN  FXGLAssetLoaderServi - Failed to load IMAGE
20:39:18.063 [FXGL Background Thread 2 ] WARN  GameWorld            - Entity is already attached to world
20:39:18.064 [FXGL Background Thread 2 ] DEBUG FXGLAssetLoaderServi - Loading from file system: file:/C:/Users/Dannieris/Desktop/ForkProyecto/ForkProyecto/target/classes/assets/textures/cyborgatack_special.png
20:39:18.066 [FXGL Background Thread 2 ] DEBUG FXGLAssetLoaderServi - Loading from file system: file:/C:/Users/Dannieris/Desktop/ForkProyecto/ForkProyecto/target/classes/assets/textures/cyborgatack_basic.png
20:39:18.067 [FXGL Background Thread 2 ] DEBUG FXGLAssetLoaderServi - Loading from file system: file:/C:/Users/Dannieris/Desktop/ForkProyecto/ForkProyecto/target/classes/assets/textures/cyborgidle.png
20:39:18.067 [FXGL Background Thread 2 ] DEBUG FXGLAssetLoaderServi - Loading from file system: file:/C:/Users/Dannieris/Desktop/ForkProyecto/ForkProyecto/target/classes/assets/textures/cyborgcaminando.png
20:39:18.068 [FXGL Background Thread 2 ] DEBUG FXGLAssetLoaderServi - Loading from file system: file:/C:/Users/Dannieris/Desktop/ForkProyecto/ForkProyecto/target/classes/assets/textures/cyborgadelante.png
20:39:18.069 [FXGL Background Thread 2 ] DEBUG FXGLAssetLoaderServi - Loading from file system: file:/C:/Users/Dannieris/Desktop/ForkProyecto/ForkProyecto/target/classes/assets/textures/cyborgatras.png
20:39:18.071 [FXGL Background Thread 2 ] DEBUG FXGLAssetLoaderServi - Loading from file system: file:/C:/Users/Dannieris/Desktop/ForkProyecto/ForkProyecto/target/classes/assets/textures/cyborgdeat.png
20:39:18.072 [FXGL Background Thread 2 ] WARN  GameWorld            - Entity is already attached to world
20:39:18.072 [FXGL Background Thread 2 ] WARN  FXGLAssetLoaderServi - Asset "/assets/textures/jaxKaneatack_special.png" was not found!
20:39:18.072 [FXGL Background Thread 2 ] WARN  FXGLAssetLoaderServi - Failed to load IMAGE
20:39:18.072 [FXGL Background Thread 2 ] DEBUG FXGLAssetLoaderServi - Loading from file system: file:/C:/Users/Dannieris/Desktop/ForkProyecto/ForkProyecto/target/classes/assets/textures/jaxKaneatack_basic.png
20:39:18.073 [FXGL Background Thread 2 ] DEBUG FXGLAssetLoaderServi - Loading from file system: file:/C:/Users/Dannieris/Desktop/ForkProyecto/ForkProyecto/target/classes/assets/textures/jaxKaneidle.png
20:39:18.073 [FXGL Background Thread 2 ] DEBUG FXGLAssetLoaderServi - Loading from file system: file:/C:/Users/Dannieris/Desktop/ForkProyecto/ForkProyecto/target/classes/assets/textures/jaxKanecaminando.png
20:39:18.075 [FXGL Background Thread 2 ] DEBUG FXGLAssetLoaderServi - Loading from file system: file:/C:/Users/Dannieris/Desktop/ForkProyecto/ForkProyecto/target/classes/assets/textures/jaxKaneadelante.png
20:39:18.077 [FXGL Background Thread 2 ] DEBUG FXGLAssetLoaderServi - Loading from file system: file:/C:/Users/Dannieris/Desktop/ForkProyecto/ForkProyecto/target/classes/assets/textures/jaxKaneatras.png
20:39:18.078 [FXGL Background Thread 2 ] WARN  FXGLAssetLoaderServi - Asset "/assets/textures/jaxKanedeat.png" was not found!
20:39:18.080 [FXGL Background Thread 2 ] WARN  FXGLAssetLoaderServi - Failed to load IMAGE
20:39:18.081 [FXGL Background Thread 2 ] WARN  GameWorld            - Entity is already attached to world
20:39:18.081 [FXGL Background Thread 2 ] DEBUG Input                - Registered new binding: Mover Arriba - W
20:39:18.081 [FXGL Background Thread 2 ] DEBUG Input                - Registered new binding: Mover Abajo - S
20:39:18.081 [FXGL Background Thread 2 ] DEBUG Input                - Registered new binding: Mover Izquierda - A
20:39:18.082 [FXGL Background Thread 2 ] DEBUG Input                - Registered new binding: Mover Derecha - D
20:39:18.083 [FXGL Background Thread 2 ] DEBUG FXGLAssetLoaderServi - Loading from file system: file:/C:/Users/Dannieris/Desktop/ForkProyecto/ForkProyecto/target/classes/assets/textures/latienda.png
20:39:18.088 [FXGL Background Thread 2 ] DEBUG FXGLAssetLoaderServi - Loading from file system: file:/C:/Users/Dannieris/Desktop/ForkProyecto/ForkProyecto/target/classes/assets/textures/botonTienda.png
20:39:18.119 [FXGL Background Thread 2 ] DEBUG FXGLAssetLoaderServi - Loading from file system: file:/C:/Users/Dannieris/Desktop/ForkProyecto/ForkProyecto/target/classes/assets/textures/botonGameMenu.png
20:39:18.120 [FXGL Background Thread 2 ] DEBUG FXGLAssetLoaderServi - Loading from file system: file:/C:/Users/Dannieris/Desktop/ForkProyecto/ForkProyecto/target/classes/assets/textures/buttonMainMenu.png
20:39:18.120 [FXGL Background Thread 2 ] DEBUG FXGLAssetLoaderServi - Loading from file system: file:/C:/Users/Dannieris/Desktop/ForkProyecto/ForkProyecto/target/classes/assets/textures/wikiButton.png
20:39:18.121 [FXGL Background Thread 2 ] DEBUG FXGLAssetLoaderServi - Loading from file system: file:/C:/Users/Dannieris/Desktop/ForkProyecto/ForkProyecto/target/classes/assets/textures/specialPointBar.png
20:39:18.121 [FXGL Background Thread 2 ] DEBUG FXGLAssetLoaderServi - Loading from file system: file:/C:/Users/Dannieris/Desktop/ForkProyecto/ForkProyecto/target/classes/assets/textures/statBar.png
20:39:18.122 [FXGL Background Thread 2 ] DEBUG FXGLAssetLoaderServi - Loading from file system: file:/C:/Users/Dannieris/Desktop/ForkProyecto/ForkProyecto/target/classes/assets/textures/statAtackBar.png
20:39:18.123 [FXGL Background Thread 2 ] DEBUG FXGLAssetLoaderServi - Loading from file system: file:/C:/Users/Dannieris/Desktop/ForkProyecto/ForkProyecto/target/classes/assets/textures/wiki_image.png
20:39:18.133 [FXGL Background Thread 2 ] DEBUG FXGLAssetLoaderServi - Loading from file system: file:/C:/Users/Dannieris/Desktop/ForkProyecto/ForkProyecto/target/classes/assets/textures/iconCyborg.png
20:39:18.134 [FXGL Background Thread 2 ] DEBUG FXGLAssetLoaderServi - Loading from file system: file:/C:/Users/Dannieris/Desktop/ForkProyecto/ForkProyecto/target/classes/assets/textures/iconJaxKane.png
20:39:18.135 [FXGL Background Thread 2 ] DEBUG FXGLAssetLoaderServi - Loading from file system: file:/C:/Users/Dannieris/Desktop/ForkProyecto/ForkProyecto/target/classes/assets/textures/specialPoint.png
20:39:18.135 [FXGL Background Thread 2 ] DEBUG FXGLAssetLoaderServi - Loading from file system: file:/C:/Users/Dannieris/Desktop/ForkProyecto/ForkProyecto/target/classes/assets/textures/special.png
20:39:18.136 [FXGL Background Thread 2 ] DEBUG FXGLAssetLoaderServi - Loading from file system: file:/C:/Users/Dannieris/Desktop/ForkProyecto/ForkProyecto/target/classes/assets/textures/barra_enemigo.png
20:39:18.138 [FXGL Background Thread 2 ] DEBUG FXGLAssetLoaderServi - Loading from file system: file:/C:/Users/Dannieris/Desktop/ForkProyecto/ForkProyecto/target/classes/assets/textures/life_point_enemi.png
20:39:18.140 [FXGL Background Thread 2 ] DEBUG FXGLAssetLoaderServi - Loading from file system: file:/C:/Users/Dannieris/Desktop/ForkProyecto/ForkProyecto/target/classes/assets/textures/life_bar.png
20:39:18.144 [FXGL Background Thread 2 ] DEBUG FXGLAssetLoaderServi - Loading from file system: file:/C:/Users/Dannieris/Desktop/ForkProyecto/ForkProyecto/target/classes/assets/textures/life_point.png
20:39:18.147 [FXGL Background Thread 2 ] DEBUG FXGLAssetLoaderServi - Loading from file system: file:/C:/Users/Dannieris/Desktop/ForkProyecto/ForkProyecto/target/classes/assets/textures/button_atacck.png
20:39:18.152 [FXGL Background Thread 2 ] DEBUG FXGLAssetLoaderServi - Loading from file system: file:/C:/Users/Dannieris/Desktop/ForkProyecto/ForkProyecto/target/classes/assets/textures/combat_panel.png
20:39:18.155 [FXGL Background Thread 2 ] INFO  FXGLApplication      - Game initialization took: 0.570 sec
20:39:18.156 [JavaFX Application Thread] DEBUG Input                - Clearing active input actions
20:39:18.165 [JavaFX Application Thread] DEBUG GameApplicationServi - Removing overlay from FXGLLoadingScene and adding to GameScene
20:39:18.168 [JavaFX Application Thread] DEBUG PrimaryStageWindow   - FXGLLoadingScene -> GameScene
20:39:18.185 [JavaFX Application Thread] DEBUG FXGLAssetLoaderServi - Loading from file system: file:/C:/Users/Dannieris/Desktop/ForkProyecto/ForkProyecto/target/classes/assets/sounds/item.wav
20:39:19.498 [JavaFX Application Thread] DEBUG FXGLAssetLoaderServi - Loading from file system: file:/C:/Users/Dannieris/Desktop/ForkProyecto/ForkProyecto/target/classes/assets/sounds/cambiarPersonaje.wav
20:39:20.073 [FXGL Background Thread 3 ] DEBUG Engine               - Logging environment variables
20:39:20.075 [FXGL Background Thread 3 ] DEBUG Engine               - achievements: []
20:39:20.076 [FXGL Background Thread 3 ] DEBUG Engine               - actualHeight: 912.0
20:39:20.077 [FXGL Background Thread 3 ] DEBUG Engine               - actualHeightProperty: ReadOnlyDoubleProperty [value: 912.0]
20:39:20.077 [FXGL Background Thread 3 ] DEBUG Engine               - actualWidth: 1343.0
20:39:20.077 [FXGL Background Thread 3 ] DEBUG Engine               - actualWidthProperty: ReadOnlyDoubleProperty [value: 1343.0]
20:39:20.077 [FXGL Background Thread 3 ] DEBUG Engine               - appIcon: fxgl_icon.png
20:39:20.077 [FXGL Background Thread 3 ] DEBUG Engine               - applicationMode: DEVELOPER
20:39:20.078 [FXGL Background Thread 3 ] DEBUG Engine               - cSSList: [fxgl_dark.css]
20:39:20.078 [FXGL Background Thread 3 ] DEBUG Engine               - collisionDetectionStrategy: BRUTE_FORCE
20:39:20.079 [FXGL Background Thread 3 ] DEBUG Engine               - configClass: Optional.empty
20:39:20.079 [FXGL Background Thread 3 ] DEBUG Engine               - credits: []
20:39:20.080 [FXGL Background Thread 3 ] DEBUG Engine               - defaultCursor: CursorInfo(imageName=cursor.png, hotspotX=0.0, hotspotY=0.0)
20:39:20.081 [FXGL Background Thread 3 ] DEBUG Engine               - devBBoxColorProperty: ObjectProperty [value: 0xff0000ff]
20:39:20.081 [FXGL Background Thread 3 ] DEBUG Engine               - devEnableDebugCameraProperty: BooleanProperty [value: false]
20:39:20.081 [FXGL Background Thread 3 ] DEBUG Engine               - devSensorColorProperty: ObjectProperty [value: 0xffff00ff]
20:39:20.081 [FXGL Background Thread 3 ] DEBUG Engine               - devShowBBoxProperty: BooleanProperty [value: false]
20:39:20.081 [FXGL Background Thread 3 ] DEBUG Engine               - devShowPositionProperty: BooleanProperty [value: false]
20:39:20.081 [FXGL Background Thread 3 ] DEBUG Engine               - enabledMenuItems: []
20:39:20.081 [FXGL Background Thread 3 ] DEBUG Engine               - engineServices: [class com.almasb.fxgl.app.services.FXGLAssetLoaderService, class com.almasb.fxgl.app.FXGLApplication$GameApplicationService, class com.almasb.fxgl.app.services.FXGLDialogService, class com.almasb.fxgl.app.services.IOTaskExecutorService, class com.almasb.fxgl.io.FileSystemService, class com.almasb.fxgl.localization.LocalizationService, class com.almasb.fxgl.app.services.SystemBundleService, class com.almasb.fxgl.profile.SaveLoadService, class com.almasb.fxgl.ui.FXGLUIFactoryServiceProvider, class com.almasb.fxgl.ui.FXGLDialogFactoryServiceProvider, class com.almasb.fxgl.audio.AudioPlayer, class com.almasb.fxgl.notification.impl.NotificationServiceProvider, class com.almasb.fxgl.achievement.AchievementService, class com.almasb.fxgl.cutscene.CutsceneService, class com.almasb.fxgl.minigames.MiniGameService, class com.almasb.fxgl.net.NetService, class com.almasb.fxgl.app.services.UpdaterService, class com.almasb.fxgl.dev.DevService]
20:39:20.081 [FXGL Background Thread 3 ] DEBUG Engine               - fontGame: Abel-Regular.ttf
20:39:20.081 [FXGL Background Thread 3 ] DEBUG Engine               - fontMono: TerminalLandMono-Regular.otf
20:39:20.082 [FXGL Background Thread 3 ] DEBUG Engine               - fontSizeScaleUI: 1.0
20:39:20.082 [FXGL Background Thread 3 ] DEBUG Engine               - fontText: Courier-Prime.ttf
20:39:20.082 [FXGL Background Thread 3 ] DEBUG Engine               - fontUI: VarelaRound-Regular.ttf
20:39:20.082 [FXGL Background Thread 3 ] DEBUG Engine               - fullScreen: BooleanProperty [value: false]
20:39:20.082 [FXGL Background Thread 3 ] DEBUG Engine               - gameDifficulty: MEDIUM
20:39:20.082 [FXGL Background Thread 3 ] DEBUG Engine               - gameDifficultyProperty: ObjectProperty [value: MEDIUM]
20:39:20.082 [FXGL Background Thread 3 ] DEBUG Engine               - globalMusicVolume: 0.5
20:39:20.082 [FXGL Background Thread 3 ] DEBUG Engine               - globalMusicVolumeProperty: DoubleProperty [value: 0.5]
20:39:20.082 [FXGL Background Thread 3 ] DEBUG Engine               - globalSoundVolume: 0.5
20:39:20.082 [FXGL Background Thread 3 ] DEBUG Engine               - globalSoundVolumeProperty: DoubleProperty [value: 0.5]
20:39:20.082 [FXGL Background Thread 3 ] DEBUG Engine               - height: 1024
20:39:20.082 [FXGL Background Thread 3 ] DEBUG Engine               - is3D: false
20:39:20.082 [FXGL Background Thread 3 ] DEBUG Engine               - isAndroid: false
20:39:20.082 [FXGL Background Thread 3 ] DEBUG Engine               - isBrowser: false
20:39:20.082 [FXGL Background Thread 3 ] DEBUG Engine               - isClickFeedbackEnabled: false
20:39:20.082 [FXGL Background Thread 3 ] DEBUG Engine               - isCloseConfirmation: false
20:39:20.082 [FXGL Background Thread 3 ] DEBUG Engine               - isDesktop: true
20:39:20.082 [FXGL Background Thread 3 ] DEBUG Engine               - isDeveloperMenuEnabled: true
20:39:20.082 [FXGL Background Thread 3 ] DEBUG Engine               - isEmbedded: false
20:39:20.082 [FXGL Background Thread 3 ] DEBUG Engine               - isEntityPreloadEnabled: true
20:39:20.082 [FXGL Background Thread 3 ] DEBUG Engine               - isExperimentalTiledLargeMap: false
20:39:20.082 [FXGL Background Thread 3 ] DEBUG Engine               - isFileSystemWriteAllowed: true
20:39:20.082 [FXGL Background Thread 3 ] DEBUG Engine               - isFullScreenAllowed: false
20:39:20.083 [FXGL Background Thread 3 ] DEBUG Engine               - isFullScreenFromStart: false
20:39:20.083 [FXGL Background Thread 3 ] DEBUG Engine               - isGameMenuEnabled: true
20:39:20.083 [FXGL Background Thread 3 ] DEBUG Engine               - isIOS: false
20:39:20.083 [FXGL Background Thread 3 ] DEBUG Engine               - isIntroEnabled: false
20:39:20.083 [FXGL Background Thread 3 ] DEBUG Engine               - isLinux: false
20:39:20.083 [FXGL Background Thread 3 ] DEBUG Engine               - isMac: false
20:39:20.083 [FXGL Background Thread 3 ] DEBUG Engine               - isMainMenuEnabled: true
20:39:20.083 [FXGL Background Thread 3 ] DEBUG Engine               - isManualResizeEnabled: false
20:39:20.083 [FXGL Background Thread 3 ] DEBUG Engine               - isMobile: false
20:39:20.083 [FXGL Background Thread 3 ] DEBUG Engine               - isNative: false
20:39:20.083 [FXGL Background Thread 3 ] DEBUG Engine               - isPauseMusicWhenMinimized: true
20:39:20.083 [FXGL Background Thread 3 ] DEBUG Engine               - isPreserveResizeRatio: false
20:39:20.083 [FXGL Background Thread 3 ] DEBUG Engine               - isProfilingEnabled: false
20:39:20.083 [FXGL Background Thread 3 ] DEBUG Engine               - isScaleAffectedOnResize: true
20:39:20.083 [FXGL Background Thread 3 ] DEBUG Engine               - isSingleStep: false
20:39:20.083 [FXGL Background Thread 3 ] DEBUG Engine               - isUserProfileEnabled: false
20:39:20.083 [FXGL Background Thread 3 ] DEBUG Engine               - isWindows: true
20:39:20.083 [FXGL Background Thread 3 ] DEBUG Engine               - language: ObjectProperty [value: ENGLISH]
20:39:20.083 [FXGL Background Thread 3 ] DEBUG Engine               - menuKey: ESCAPE
20:39:20.083 [FXGL Background Thread 3 ] DEBUG Engine               - mouseSensitivity: 0.2
20:39:20.083 [FXGL Background Thread 3 ] DEBUG Engine               - notificationViewClass: class com.almasb.fxgl.notification.view.XboxNotificationView
20:39:20.083 [FXGL Background Thread 3 ] DEBUG Engine               - pixelsPerMeter: 50.0
20:39:20.083 [FXGL Background Thread 3 ] DEBUG Engine               - platform: WINDOWS
20:39:20.084 [FXGL Background Thread 3 ] DEBUG Engine               - prefHeightProperty: ReadOnlyDoubleProperty [value: 1024.0]
20:39:20.084 [FXGL Background Thread 3 ] DEBUG Engine               - prefWidthProperty: ReadOnlyDoubleProperty [value: 1536.0]
20:39:20.084 [FXGL Background Thread 3 ] DEBUG Engine               - profileDir: profiles/
20:39:20.084 [FXGL Background Thread 3 ] DEBUG Engine               - profileName: StringProperty [value: DEFAULT]
20:39:20.084 [FXGL Background Thread 3 ] DEBUG Engine               - randomSeed: -1
20:39:20.084 [FXGL Background Thread 3 ] DEBUG Engine               - runtimeInfo: RuntimeInfo(platform=WINDOWS, version=17.3, build=30.03.2023 11.49)
20:39:20.084 [FXGL Background Thread 3 ] DEBUG Engine               - saveFileExt: sav
20:39:20.084 [FXGL Background Thread 3 ] DEBUG Engine               - scaledHeightProp$fxgl: DoubleProperty [bound, value: 912.0]
20:39:20.084 [FXGL Background Thread 3 ] DEBUG Engine               - scaledWidthProp$fxgl: DoubleProperty [bound, value: 1343.0]
20:39:20.084 [FXGL Background Thread 3 ] DEBUG Engine               - sceneFactory: App.Game.GameApp$1@4b3bab6d
20:39:20.084 [FXGL Background Thread 3 ] DEBUG Engine               - secondsIn24h: 60
20:39:20.084 [FXGL Background Thread 3 ] DEBUG Engine               - soundMenuBack: menu/back.wav
20:39:20.084 [FXGL Background Thread 3 ] DEBUG Engine               - soundMenuPress: menu/press.wav
20:39:20.084 [FXGL Background Thread 3 ] DEBUG Engine               - soundMenuSelect: menu/select.wav
20:39:20.084 [FXGL Background Thread 3 ] DEBUG Engine               - soundNotification: core/notification.wav
20:39:20.084 [FXGL Background Thread 3 ] DEBUG Engine               - stageStyle: DECORATED
20:39:20.084 [FXGL Background Thread 3 ] DEBUG Engine               - supportedLanguages: [ENGLISH, FRENCH, GERMAN, HUNGARIAN, RUSSIAN]
20:39:20.084 [FXGL Background Thread 3 ] DEBUG Engine               - ticksPerSecond: -1
20:39:20.084 [FXGL Background Thread 3 ] DEBUG Engine               - title: Eclipsis: el legado de la nave abandonada(BetaVer)
20:39:20.084 [FXGL Background Thread 3 ] DEBUG Engine               - urlGithub: https://github.com/AlmasB/FXGL
20:39:20.084 [FXGL Background Thread 3 ] DEBUG Engine               - urlLeaderboard: http://fxgl-top.herokuapp.com/
20:39:20.084 [FXGL Background Thread 3 ] DEBUG Engine               - urlPOM: https://raw.githubusercontent.com/AlmasB/FXGL/release/README.md
20:39:20.084 [FXGL Background Thread 3 ] DEBUG Engine               - userAppClass: class App.Game.GameApp
20:39:20.084 [FXGL Background Thread 3 ] DEBUG Engine               - version: 0.0
20:39:20.085 [FXGL Background Thread 3 ] DEBUG Engine               - versionCheckDays: 7
20:39:20.085 [FXGL Background Thread 3 ] DEBUG Engine               - width: 1536
20:39:20.085 [FXGL Background Thread 3 ] DEBUG Engine               - Logging services
20:39:20.085 [FXGL Background Thread 3 ] DEBUG Engine               - class com.almasb.fxgl.app.services.FXGLAssetLoaderService
20:39:20.085 [FXGL Background Thread 3 ] DEBUG Engine               - class com.almasb.fxgl.app.FXGLApplication$GameApplicationService
20:39:20.085 [FXGL Background Thread 3 ] DEBUG Engine               - class com.almasb.fxgl.app.services.FXGLDialogService
20:39:20.085 [FXGL Background Thread 3 ] DEBUG Engine               - class com.almasb.fxgl.app.services.IOTaskExecutorService
20:39:20.085 [FXGL Background Thread 3 ] DEBUG Engine               - class com.almasb.fxgl.io.FileSystemService
20:39:20.085 [FXGL Background Thread 3 ] DEBUG Engine               - class com.almasb.fxgl.localization.LocalizationService
20:39:20.085 [FXGL Background Thread 3 ] DEBUG Engine               - class com.almasb.fxgl.app.services.SystemBundleService
20:39:20.085 [FXGL Background Thread 3 ] DEBUG Engine               - class com.almasb.fxgl.profile.SaveLoadService
20:39:20.085 [FXGL Background Thread 3 ] DEBUG Engine               - class com.almasb.fxgl.ui.FXGLUIFactoryServiceProvider
20:39:20.085 [FXGL Background Thread 3 ] DEBUG Engine               - class com.almasb.fxgl.ui.FXGLDialogFactoryServiceProvider
20:39:20.085 [FXGL Background Thread 3 ] DEBUG Engine               - class com.almasb.fxgl.audio.AudioPlayer
20:39:20.085 [FXGL Background Thread 3 ] DEBUG Engine               - class com.almasb.fxgl.notification.impl.NotificationServiceProvider
20:39:20.085 [FXGL Background Thread 3 ] DEBUG Engine               - class com.almasb.fxgl.achievement.AchievementService
20:39:20.085 [FXGL Background Thread 3 ] DEBUG Engine               - class com.almasb.fxgl.cutscene.CutsceneService
20:39:20.085 [FXGL Background Thread 3 ] DEBUG Engine               - class com.almasb.fxgl.minigames.MiniGameService
20:39:20.085 [FXGL Background Thread 3 ] DEBUG Engine               - class com.almasb.fxgl.net.NetService
20:39:20.085 [FXGL Background Thread 3 ] DEBUG Engine               - class com.almasb.fxgl.app.services.UpdaterService
20:39:20.085 [FXGL Background Thread 3 ] DEBUG Engine               - class com.almasb.fxgl.dev.DevService
20:39:23.775 [JavaFX Application Thread] DEBUG FXGLAssetLoaderServi - Loading from file system: file:/C:/Users/Dannieris/Desktop/ForkProyecto/ForkProyecto/target/classes/assets/sounds/coin.wav
20:39:54.227 [JavaFX Application Thread] DEBUG AudioPlayer          - Stopping music com.almasb.fxgl.audio.Music@7b8d693c
20:39:54.228 [JavaFX Application Thread] DEBUG FXGLAssetLoaderServi - Loading from file system: file:/C:/Users/Dannieris/Desktop/ForkProyecto/ForkProyecto/target/classes/assets/music/battle.wav
20:39:54.233 [JavaFX Application Thread] DEBUG AudioPlayer          - Playing music com.almasb.fxgl.audio.Music@2da07c64
20:39:56.820 [JavaFX Application Thread] DEBUG FXGLAssetLoaderServi - Loading from file system: file:/C:/Users/Dannieris/Desktop/ForkProyecto/ForkProyecto/target/classes/assets/sounds/arma.wav
20:39:57.486 [JavaFX Application Thread] DEBUG AudioPlayer          - Playing music com.almasb.fxgl.audio.Music@2da07c64
20:39:57.839 [JavaFX Application Thread] DEBUG FXGLAssetLoaderServi - Loading from file system: file:/C:/Users/Dannieris/Desktop/ForkProyecto/ForkProyecto/target/classes/assets/sounds/armaEnemigos.wav
20:39:58.542 [JavaFX Application Thread] DEBUG AudioPlayer          - Playing music com.almasb.fxgl.audio.Music@2da07c64
20:39:58.954 [JavaFX Application Thread] DEBUG FXGLAssetLoaderServi - Loading from file system: file:/C:/Users/Dannieris/Desktop/ForkProyecto/ForkProyecto/target/classes/assets/sounds/muerte.wav
20:39:59.710 [JavaFX Application Thread] DEBUG AudioPlayer          - Playing music com.almasb.fxgl.audio.Music@2da07c64
20:40:00.016 [JavaFX Application Thread] DEBUG AudioPlayer          - Stopping music com.almasb.fxgl.audio.Music@2da07c64
20:40:00.017 [JavaFX Application Thread] DEBUG AudioPlayer          - Playing music com.almasb.fxgl.audio.Music@7b8d693c
20:40:00.019 [JavaFX Application Thread] DEBUG AudioPlayer          - Playing music com.almasb.fxgl.audio.Music@7b8d693c
20:40:00.021 [JavaFX Application Thread] WARN  FXGLAssetLoaderServi - Asset "/assets/textures/coindisabled.png" was not found!
20:40:00.021 [JavaFX Application Thread] WARN  FXGLAssetLoaderServi - Failed to load IMAGE
20:40:00.021 [JavaFX Application Thread] WARN  GameWorld            - Entity is already attached to world
20:40:06.499 [JavaFX Application Thread] DEBUG FXGLApplication      - Exiting FXGL
20:40:06.499 [JavaFX Application Thread] DEBUG LoopRunner           - Stopping loop
20:40:06.499 [JavaFX Application Thread] DEBUG SystemBundleService  - Saving FXGL system data
20:40:06.503 [JavaFX Application Thread] DEBUG FileSystemAccess     - Writing to: C:\Users\Dannieris\Desktop\ForkProyecto\ForkProyecto\system\fxgl.bundle
20:40:06.506 [JavaFX Application Thread] DEBUG Async                - Shutting down background threads
20:40:06.506 [JavaFX Application Thread] DEBUG PrimaryStageWindow   - Closing main window
20:40:06.521 [JavaFX Application Thread] DEBUG Logger               - Closing Logger
