20:03:36.221 [main                     ] DEBUG Logger               - Configured Logger
20:03:36.259 [main                     ] DEBUG GameApplication      - Logging settings
Title: Pruebas en FXGL
Version: 0.0
Width: 1600
Height: 900
Fullscreen: false
Intro: false
Profiling: false
Single step:false
App Mode: DEVELOPER
Menu Key: ESCAPE
Stage Style: DECORATED
Scene Factory: class com.almasb.fxgl.app.scene.SceneFactory

20:03:36.728 [JavaFX Application Thread] DEBUG FXGLApplication      - Initializing FXGL
20:03:36.737 [JavaFX Application Thread] INFO  Engine               - FXGL-17.3 (30.03.2023 11.49) on LINUX (J:21.0.6 FX:20)
20:03:36.737 [JavaFX Application Thread] DEBUG Engine               - JRE Vendor Name: Oracle Corporation
20:03:36.737 [JavaFX Application Thread] DEBUG Engine               - Running on OS: Linux version 6.8.0-55-generic
20:03:36.738 [JavaFX Application Thread] DEBUG Engine               - Architecture: amd64
20:03:36.738 [JavaFX Application Thread] INFO  Engine               - Source code and latest versions at: https://github.com/AlmasB/FXGL
20:03:36.738 [JavaFX Application Thread] INFO  Engine               -       Ask questions and discuss at: https://github.com/AlmasB/FXGL/discussions
20:03:36.738 [JavaFX Application Thread] INFO  Engine               -              Join the FXGL chat at: https://gitter.im/AlmasB/FXGL
20:03:36.852 [JavaFX Application Thread] DEBUG PrimaryStageWindow   - Creating a JavaFX scene
20:03:36.964 [JavaFX Application Thread] DEBUG PrimaryStageWindow   - Target settings size: 1600.0 x 900.0
20:03:36.964 [JavaFX Application Thread] DEBUG PrimaryStageWindow   - Scaled scene size:    1600.0 x 900.0
20:03:36.965 [JavaFX Application Thread] DEBUG PrimaryStageWindow   - Scaled ratio: (1.0, 1.0)
20:03:36.966 [JavaFX Application Thread] DEBUG PrimaryStageWindow   - Set initial scene to FXGLStartupScene
20:03:36.969 [JavaFX Application Thread] DEBUG PrimaryStageWindow   - Opening main window
20:03:37.013 [JavaFX Application Thread] DEBUG PrimaryStageWindow   - Window border size: (1.8240966796875, 26.36700439453125)
20:03:37.013 [JavaFX Application Thread] DEBUG PrimaryStageWindow   - Scaled size: 1600.0 x 900.0
20:03:37.014 [JavaFX Application Thread] DEBUG PrimaryStageWindow   - Scaled ratio: (1.0, 1.0)
20:03:37.014 [JavaFX Application Thread] DEBUG PrimaryStageWindow   - Scene size: 1600.0 x 900.0
20:03:37.014 [JavaFX Application Thread] DEBUG PrimaryStageWindow   - Stage size: 1601.8240966796875 x 926.3670043945312
20:03:37.024 [FXGL Background Thread 1 ] DEBUG Engine               - Initializing environment variables
20:03:37.101 [FXGL Background Thread 1 ] DEBUG FXGLAssetLoaderServi - User app class for loading assets: class App.GameApp
20:03:37.101 [FXGL Background Thread 1 ] DEBUG GameApplicationServi - Applying CSS: fxgl_dark.css
20:03:37.102 [FXGL Background Thread 1 ] DEBUG FXGLAssetLoaderServi - Loading from file system: jar:file:///home/avrann/.m2/repository/com/github/almasb/fxgl/17.3/fxgl-17.3.jar!/fxglassets/ui/css/fxgl_dark.css
20:03:37.174 [FXGL Background Thread 1 ] DEBUG GameApplicationServi - Initializing application scenes
20:03:37.233 [FXGL Background Thread 1 ] DEBUG GameWorld            - Game world initialized
20:03:37.311 [FXGL Background Thread 1 ] DEBUG PhysicsWorld         - Physics world initialized: appHeight=900, physics.ppm=50.0
20:03:37.311 [FXGL Background Thread 1 ] DEBUG PhysicsWorld         - Using strategy: BRUTE_FORCE
20:03:37.315 [FXGL Background Thread 1 ] DEBUG GameScene            - Game scene initialized: 1600x900
20:03:37.326 [FXGL Background Thread 1 ] DEBUG FXGL.DefaultMenu     - createMenuBodyGameMenu()
20:03:37.337 [FXGL Background Thread 1 ] DEBUG FXGL.DefaultMenu     - createOptionsMenu()
20:03:37.346 [FXGL Background Thread 1 ] DEBUG FXGLAssetLoaderServi - Loading from file system: jar:file:///home/avrann/.m2/repository/com/github/almasb/fxgl/17.3/fxgl-17.3.jar!/fxglassets/textures/particles/smoke.png
20:03:37.427 [FXGL Background Thread 1 ] DEBUG FXGLAssetLoaderServi - Loading from file system: jar:file:///home/avrann/.m2/repository/com/github/almasb/fxgl/17.3/fxgl-17.3.jar!/fxglassets/textures/particles/trace_horizontal.png
20:03:37.448 [FXGL Background Thread 1 ] DEBUG GameApplicationServi - Application scenes initialized
20:03:37.460 [FXGL Background Thread 1 ] DEBUG SystemBundleService  - Loading FXGL system data
20:03:37.463 [FXGL Background Thread 1 ] DEBUG FileSystemAccess     - Reading from: /home/avrann/Escritorio/Repo Proyecto DPOO/jorge.carrillo-Proyecto-POO-2025/system/fxgl.bundle
20:03:37.472 [FXGL Background Thread 1 ] DEBUG SystemBundleService  - Bundle FXGL: {}
20:03:37.472 [FXGL Background Thread 1 ] DEBUG UpdaterService       - Checking for updates
20:03:37.498 [FXGL Background Thread 4 ] DEBUG FXGLApplication      - Loading fonts
20:03:37.499 [FXGL Background Thread 4 ] DEBUG FXGLAssetLoaderServi - Loading from file system: jar:file:///home/avrann/.m2/repository/com/github/almasb/fxgl/17.3/fxgl-17.3.jar!/fxglassets/ui/fonts/VarelaRound-Regular.ttf
20:03:37.499 [FXGL Background Thread 1 ] DEBUG FXGLApplication      - Loading default localization
20:03:37.499 [FXGL Background Thread 1 ] DEBUG FXGLAssetLoaderServi - Loading from file system: jar:file:///home/avrann/.m2/repository/com/github/almasb/fxgl/17.3/fxgl-17.3.jar!/fxglassets/languages/english.lang
20:03:37.508 [FXGL Background Thread 4 ] DEBUG FXGLAssetLoaderServi - Loading from file system: jar:file:///home/avrann/.m2/repository/com/github/almasb/fxgl/17.3/fxgl-17.3.jar!/fxglassets/ui/fonts/Abel-Regular.ttf
20:03:37.510 [FXGL Background Thread 4 ] DEBUG FXGLAssetLoaderServi - Loading from file system: jar:file:///home/avrann/.m2/repository/com/github/almasb/fxgl/17.3/fxgl-17.3.jar!/fxglassets/ui/fonts/TerminalLandMono-Regular.otf
20:03:37.512 [FXGL Background Thread 4 ] DEBUG FXGLAssetLoaderServi - Loading from file system: jar:file:///home/avrann/.m2/repository/com/github/almasb/fxgl/17.3/fxgl-17.3.jar!/fxglassets/ui/fonts/Courier-Prime.ttf
20:03:37.515 [JavaFX Application Thread] DEBUG FXGLApplication      - Registering font factories with UI factory
20:03:37.518 [FXGL Background Thread 1 ] INFO  FXGLApplication      - FXGL initialization took: 0.494 sec
20:03:37.519 [JavaFX Application Thread] DEBUG FXGLAssetLoaderServi - Loading from file system: jar:file:///home/avrann/.m2/repository/com/github/almasb/fxgl/17.3/fxgl-17.3.jar!/fxglassets/textures/fxgl_icon.png
20:03:37.549 [JavaFX Application Thread] DEBUG FXGLAssetLoaderServi - Loading from file system: jar:file:///home/avrann/.m2/repository/com/github/almasb/fxgl/17.3/fxgl-17.3.jar!/fxglassets/textures/fxgl_default_cursor.png
20:03:37.563 [JavaFX Application Thread] DEBUG Input                - Registered new binding: Screenshot - CTRL+8
20:03:37.563 [JavaFX Application Thread] DEBUG Input                - Registered new binding: Dev Options - 1
20:03:37.564 [JavaFX Application Thread] DEBUG Input                - Registered new binding: Dev Console - 2
20:03:37.564 [JavaFX Application Thread] DEBUG Input                - Registered new binding: System info dump - CTRL+9
20:03:37.564 [JavaFX Application Thread] DEBUG Input                - Registered new binding: Restart - CTRL+R
20:03:37.565 [JavaFX Application Thread] DEBUG Input                - Registered new binding: Toggle Debug Camera - CTRL+7
20:03:37.569 [JavaFX Application Thread] DEBUG LoopRunner           - Starting loop
20:03:37.589 [JavaFX Application Thread] DEBUG LoopRunner           - Initializing JavaFX AnimationTimerLoop
20:03:37.590 [JavaFX Application Thread] DEBUG GameApplicationServi - Starting new game
20:03:37.591 [JavaFX Application Thread] DEBUG Input                - Clearing active input actions
20:03:37.604 [JavaFX Application Thread] DEBUG GameApplicationServi - Removing overlay from FXGLStartupScene and adding to FXGLLoadingScene
20:03:37.607 [JavaFX Application Thread] DEBUG PrimaryStageWindow   - FXGLStartupScene -> FXGLLoadingScene
20:03:37.607 [JavaFX Application Thread] DEBUG GameApplicationServi - Clearing previous game
20:03:37.607 [JavaFX Application Thread] DEBUG GameScene            - Clearing game scene
20:03:37.607 [JavaFX Application Thread] DEBUG GameWorld            - Clearing game world
20:03:37.608 [JavaFX Application Thread] DEBUG PhysicsWorld         - Clearing physics world
20:03:37.609 [FXGL Background Thread 1 ] DEBUG FXGLApplication      - Initializing game
20:03:37.791 [FXGL Background Thread 1 ] DEBUG FXGLAssetLoaderServi - Loading from file system: file:/home/avrann/Escritorio/Repo%20Proyecto%20DPOO/jorge.carrillo-Proyecto-POO-2025/target/classes/assets/music/loading.wav
20:03:37.946 [FXGL Background Thread 1 ] DEBUG AudioPlayer          - Playing music com.almasb.fxgl.audio.Music@53a791d2
20:03:37.992 [FXGL Background Thread 1 ] DEBUG TMXLevelLoader       - Parsed TiledMap: file:/home/avrann/Escritorio/Repo%20Proyecto%20DPOO/jorge.carrillo-Proyecto-POO-2025/target/classes/assets/levels/level_01.tmx
20:03:37.993 [FXGL Background Thread 1 ] DEBUG TMXLevelLoader       - Creating tile layer entities
20:03:37.995 [FXGL Background Thread 1 ] DEBUG TilesetLoader        - Loading view for layer Capa de patrones 1
20:03:38.002 [FXGL Background Thread 1 ] DEBUG TilesetLoader        - Created buffer with size 2000.0x1500.0
20:03:38.032 [FXGL Background Thread 1 ] WARN  TilesetLoader        - Diagonally flipped tiles are not currently supported
20:03:38.034 [FXGL Background Thread 1 ] WARN  TilesetLoader        - Diagonally flipped tiles are not currently supported
20:03:38.068 [FXGL Background Thread 1 ] WARN  TilesetLoader        - Diagonally flipped tiles are not currently supported
20:03:38.073 [FXGL Background Thread 1 ] WARN  TilesetLoader        - Diagonally flipped tiles are not currently supported
20:03:38.074 [FXGL Background Thread 1 ] WARN  TilesetLoader        - Diagonally flipped tiles are not currently supported
20:03:38.079 [FXGL Background Thread 1 ] WARN  TilesetLoader        - Diagonally flipped tiles are not currently supported
20:03:38.093 [FXGL Background Thread 1 ] WARN  TilesetLoader        - Diagonally flipped tiles are not currently supported
20:03:38.095 [FXGL Background Thread 1 ] WARN  TilesetLoader        - Diagonally flipped tiles are not currently supported
20:03:38.097 [FXGL Background Thread 1 ] WARN  TilesetLoader        - Diagonally flipped tiles are not currently supported
20:03:38.098 [FXGL Background Thread 1 ] WARN  TilesetLoader        - Diagonally flipped tiles are not currently supported
20:03:38.101 [FXGL Background Thread 1 ] WARN  TilesetLoader        - Diagonally flipped tiles are not currently supported
20:03:38.102 [FXGL Background Thread 1 ] WARN  TilesetLoader        - Diagonally flipped tiles are not currently supported
20:03:38.106 [FXGL Background Thread 1 ] WARN  TilesetLoader        - Diagonally flipped tiles are not currently supported
20:03:38.109 [FXGL Background Thread 1 ] WARN  TilesetLoader        - Diagonally flipped tiles are not currently supported
20:03:38.114 [FXGL Background Thread 1 ] WARN  TilesetLoader        - Diagonally flipped tiles are not currently supported
20:03:38.115 [FXGL Background Thread 1 ] DEBUG TilesetLoader        - Loading view for layer Copiar desde Capa de patrones 1
20:03:38.119 [FXGL Background Thread 1 ] DEBUG TilesetLoader        - Created buffer with size 2000.0x1500.0
20:03:38.122 [FXGL Background Thread 1 ] WARN  TilesetLoader        - Diagonally flipped tiles are not currently supported
20:03:38.123 [FXGL Background Thread 1 ] WARN  TilesetLoader        - Diagonally flipped tiles are not currently supported
20:03:38.126 [FXGL Background Thread 1 ] WARN  TilesetLoader        - Diagonally flipped tiles are not currently supported
20:03:38.127 [FXGL Background Thread 1 ] WARN  TilesetLoader        - Diagonally flipped tiles are not currently supported
20:03:38.127 [FXGL Background Thread 1 ] WARN  TilesetLoader        - Diagonally flipped tiles are not currently supported
20:03:38.130 [FXGL Background Thread 1 ] WARN  TilesetLoader        - Diagonally flipped tiles are not currently supported
20:03:38.134 [FXGL Background Thread 1 ] WARN  TilesetLoader        - Diagonally flipped tiles are not currently supported
20:03:38.135 [FXGL Background Thread 1 ] WARN  TilesetLoader        - Diagonally flipped tiles are not currently supported
20:03:38.136 [FXGL Background Thread 1 ] WARN  TilesetLoader        - Diagonally flipped tiles are not currently supported
20:03:38.136 [FXGL Background Thread 1 ] WARN  TilesetLoader        - Diagonally flipped tiles are not currently supported
20:03:38.138 [FXGL Background Thread 1 ] WARN  TilesetLoader        - Diagonally flipped tiles are not currently supported
20:03:38.140 [FXGL Background Thread 1 ] WARN  TilesetLoader        - Diagonally flipped tiles are not currently supported
20:03:38.154 [FXGL Background Thread 1 ] WARN  TilesetLoader        - Diagonally flipped tiles are not currently supported
20:03:38.158 [FXGL Background Thread 1 ] WARN  TilesetLoader        - Diagonally flipped tiles are not currently supported
20:03:38.161 [FXGL Background Thread 1 ] WARN  TilesetLoader        - Diagonally flipped tiles are not currently supported
20:03:38.162 [FXGL Background Thread 1 ] DEBUG TMXLevelLoader       - Creating object layer entities
20:03:38.177 [FXGL Background Thread 1 ] DEBUG GameWorld            - Clearing removable entities
20:03:38.218 [FXGL Background Thread 1 ] DEBUG GameWorld            - Setting level: com.almasb.fxgl.entity.level.Level@1c1f2281
20:03:38.233 [FXGL Background Thread 1 ] DEBUG FXGLAssetLoaderServi - Loading from file system: file:/home/avrann/Escritorio/Repo%20Proyecto%20DPOO/jorge.carrillo-Proyecto-POO-2025/target/classes/assets/textures/cyborgidle.png
20:03:38.256 [FXGL Background Thread 1 ] WARN  GameWorld            - Entity is already attached to world
20:03:38.257 [FXGL Background Thread 1 ] DEBUG FXGLAssetLoaderServi - Loading from file system: file:/home/avrann/Escritorio/Repo%20Proyecto%20DPOO/jorge.carrillo-Proyecto-POO-2025/target/classes/assets/textures/cyborgatack_basic.png
20:03:38.261 [FXGL Background Thread 1 ] DEBUG FXGLAssetLoaderServi - Loading from file system: file:/home/avrann/Escritorio/Repo%20Proyecto%20DPOO/jorge.carrillo-Proyecto-POO-2025/target/classes/assets/textures/cyborgcaminando.png
20:03:38.266 [FXGL Background Thread 1 ] DEBUG FXGLAssetLoaderServi - Loading from file system: file:/home/avrann/Escritorio/Repo%20Proyecto%20DPOO/jorge.carrillo-Proyecto-POO-2025/target/classes/assets/textures/cyborgadelante.png
20:03:38.271 [FXGL Background Thread 1 ] DEBUG FXGLAssetLoaderServi - Loading from file system: file:/home/avrann/Escritorio/Repo%20Proyecto%20DPOO/jorge.carrillo-Proyecto-POO-2025/target/classes/assets/textures/cyborgatras.png
20:03:38.278 [FXGL Background Thread 1 ] WARN  GameWorld            - Entity is already attached to world
20:03:38.278 [FXGL Background Thread 1 ] DEBUG Input                - Registered new binding: Mover Arriba - Up
20:03:38.278 [FXGL Background Thread 1 ] DEBUG Input                - Registered new binding: Mover Abajo - Down
20:03:38.279 [FXGL Background Thread 1 ] DEBUG Input                - Registered new binding: Mover Izquierda - Left
20:03:38.279 [FXGL Background Thread 1 ] DEBUG Input                - Registered new binding: Mover Derecha - Right
20:03:38.279 [FXGL Background Thread 1 ] DEBUG FXGLAssetLoaderServi - Loading from file system: file:/home/avrann/Escritorio/Repo%20Proyecto%20DPOO/jorge.carrillo-Proyecto-POO-2025/target/classes/assets/textures/life_bar.png
20:03:38.288 [FXGL Background Thread 1 ] DEBUG FXGLAssetLoaderServi - Loading from file system: file:/home/avrann/Escritorio/Repo%20Proyecto%20DPOO/jorge.carrillo-Proyecto-POO-2025/target/classes/assets/textures/barra_enemigo.png
20:03:38.297 [FXGL Background Thread 1 ] DEBUG FXGLAssetLoaderServi - Loading from file system: file:/home/avrann/Escritorio/Repo%20Proyecto%20DPOO/jorge.carrillo-Proyecto-POO-2025/target/classes/assets/textures/life_point.png
20:03:38.298 [FXGL Background Thread 1 ] DEBUG FXGLAssetLoaderServi - Loading from file system: file:/home/avrann/Escritorio/Repo%20Proyecto%20DPOO/jorge.carrillo-Proyecto-POO-2025/target/classes/assets/textures/life_point_enemi.png
20:03:38.301 [FXGL Background Thread 1 ] DEBUG FXGLAssetLoaderServi - Loading from file system: file:/home/avrann/Escritorio/Repo%20Proyecto%20DPOO/jorge.carrillo-Proyecto-POO-2025/target/classes/assets/textures/button_atacck.png
20:03:38.305 [FXGL Background Thread 1 ] DEBUG FXGLAssetLoaderServi - Loading from file system: file:/home/avrann/Escritorio/Repo%20Proyecto%20DPOO/jorge.carrillo-Proyecto-POO-2025/target/classes/assets/textures/combat_panel.png
20:03:38.311 [FXGL Background Thread 1 ] INFO  FXGLApplication      - Game initialization took: 0.702 sec
20:03:38.322 [JavaFX Application Thread] DEBUG Input                - Clearing active input actions
20:03:38.337 [JavaFX Application Thread] DEBUG GameApplicationServi - Removing overlay from FXGLLoadingScene and adding to GameScene
20:03:38.341 [JavaFX Application Thread] DEBUG PrimaryStageWindow   - FXGLLoadingScene -> GameScene
20:03:39.054 [FXGL Background Thread 2 ] INFO  UpdaterService       - Your current version:  17.3
20:03:39.055 [FXGL Background Thread 2 ] INFO  UpdaterService       - Latest stable version: 21.1
20:03:40.199 [JavaFX Application Thread] DEBUG AudioPlayer          - Stopping music com.almasb.fxgl.audio.Music@53a791d2
20:03:40.226 [JavaFX Application Thread] DEBUG FXGLAssetLoaderServi - Loading from file system: file:/home/avrann/Escritorio/Repo%20Proyecto%20DPOO/jorge.carrillo-Proyecto-POO-2025/target/classes/assets/music/battle.wav
20:03:40.236 [JavaFX Application Thread] DEBUG AudioPlayer          - Playing music com.almasb.fxgl.audio.Music@74f7cc6d
20:03:40.497 [FXGL Background Thread 3 ] DEBUG Engine               - Logging environment variables
20:03:40.499 [FXGL Background Thread 3 ] DEBUG Engine               - achievements: []
20:03:40.499 [FXGL Background Thread 3 ] DEBUG Engine               - actualHeight: 902.727294921875
20:03:40.499 [FXGL Background Thread 3 ] DEBUG Engine               - actualHeightProperty: ReadOnlyDoubleProperty [value: 902.727294921875]
20:03:40.500 [FXGL Background Thread 3 ] DEBUG Engine               - actualWidth: 1598.1817626953125
20:03:40.500 [FXGL Background Thread 3 ] DEBUG Engine               - actualWidthProperty: ReadOnlyDoubleProperty [value: 1598.1817626953125]
20:03:40.500 [FXGL Background Thread 3 ] DEBUG Engine               - appIcon: fxgl_icon.png
20:03:40.500 [FXGL Background Thread 3 ] DEBUG Engine               - applicationMode: DEVELOPER
20:03:40.501 [FXGL Background Thread 3 ] DEBUG Engine               - cSSList: [fxgl_dark.css]
20:03:40.501 [FXGL Background Thread 3 ] DEBUG Engine               - collisionDetectionStrategy: BRUTE_FORCE
20:03:40.501 [FXGL Background Thread 3 ] DEBUG Engine               - configClass: Optional.empty
20:03:40.501 [FXGL Background Thread 3 ] DEBUG Engine               - credits: []
20:03:40.502 [FXGL Background Thread 3 ] DEBUG Engine               - defaultCursor: CursorInfo(imageName=fxgl_default_cursor.png, hotspotX=7.0, hotspotY=6.0)
20:03:40.502 [FXGL Background Thread 3 ] DEBUG Engine               - devBBoxColorProperty: ObjectProperty [value: 0xff0000ff]
20:03:40.503 [FXGL Background Thread 3 ] DEBUG Engine               - devEnableDebugCameraProperty: BooleanProperty [value: false]
20:03:40.504 [FXGL Background Thread 3 ] DEBUG Engine               - devSensorColorProperty: ObjectProperty [value: 0xffff00ff]
20:03:40.504 [FXGL Background Thread 3 ] DEBUG Engine               - devShowBBoxProperty: BooleanProperty [value: false]
20:03:40.505 [FXGL Background Thread 3 ] DEBUG Engine               - devShowPositionProperty: BooleanProperty [value: false]
20:03:40.505 [FXGL Background Thread 3 ] DEBUG Engine               - enabledMenuItems: []
20:03:40.505 [FXGL Background Thread 3 ] DEBUG Engine               - engineServices: [class com.almasb.fxgl.app.services.FXGLAssetLoaderService, class com.almasb.fxgl.app.FXGLApplication$GameApplicationService, class com.almasb.fxgl.app.services.FXGLDialogService, class com.almasb.fxgl.app.services.IOTaskExecutorService, class com.almasb.fxgl.io.FileSystemService, class com.almasb.fxgl.localization.LocalizationService, class com.almasb.fxgl.app.services.SystemBundleService, class com.almasb.fxgl.profile.SaveLoadService, class com.almasb.fxgl.ui.FXGLUIFactoryServiceProvider, class com.almasb.fxgl.ui.FXGLDialogFactoryServiceProvider, class com.almasb.fxgl.audio.AudioPlayer, class com.almasb.fxgl.notification.impl.NotificationServiceProvider, class com.almasb.fxgl.achievement.AchievementService, class com.almasb.fxgl.cutscene.CutsceneService, class com.almasb.fxgl.minigames.MiniGameService, class com.almasb.fxgl.net.NetService, class com.almasb.fxgl.app.services.UpdaterService, class com.almasb.fxgl.dev.DevService]
20:03:40.505 [FXGL Background Thread 3 ] DEBUG Engine               - fontGame: Abel-Regular.ttf
20:03:40.505 [FXGL Background Thread 3 ] DEBUG Engine               - fontMono: TerminalLandMono-Regular.otf
20:03:40.506 [FXGL Background Thread 3 ] DEBUG Engine               - fontSizeScaleUI: 1.0
20:03:40.506 [FXGL Background Thread 3 ] DEBUG Engine               - fontText: Courier-Prime.ttf
20:03:40.506 [FXGL Background Thread 3 ] DEBUG Engine               - fontUI: VarelaRound-Regular.ttf
20:03:40.506 [FXGL Background Thread 3 ] DEBUG Engine               - fullScreen: BooleanProperty [value: false]
20:03:40.506 [FXGL Background Thread 3 ] DEBUG Engine               - gameDifficulty: MEDIUM
20:03:40.506 [FXGL Background Thread 3 ] DEBUG Engine               - gameDifficultyProperty: ObjectProperty [value: MEDIUM]
20:03:40.507 [FXGL Background Thread 3 ] DEBUG Engine               - globalMusicVolume: 0.5
20:03:40.507 [FXGL Background Thread 3 ] DEBUG Engine               - globalMusicVolumeProperty: DoubleProperty [value: 0.5]
20:03:40.507 [FXGL Background Thread 3 ] DEBUG Engine               - globalSoundVolume: 0.5
20:03:40.507 [FXGL Background Thread 3 ] DEBUG Engine               - globalSoundVolumeProperty: DoubleProperty [value: 0.5]
20:03:40.508 [FXGL Background Thread 3 ] DEBUG Engine               - height: 900
20:03:40.508 [FXGL Background Thread 3 ] DEBUG Engine               - is3D: false
20:03:40.508 [FXGL Background Thread 3 ] DEBUG Engine               - isAndroid: false
20:03:40.508 [FXGL Background Thread 3 ] DEBUG Engine               - isBrowser: false
20:03:40.509 [FXGL Background Thread 3 ] DEBUG Engine               - isClickFeedbackEnabled: false
20:03:40.509 [FXGL Background Thread 3 ] DEBUG Engine               - isCloseConfirmation: false
20:03:40.509 [FXGL Background Thread 3 ] DEBUG Engine               - isDesktop: true
20:03:40.509 [FXGL Background Thread 3 ] DEBUG Engine               - isDeveloperMenuEnabled: true
20:03:40.509 [FXGL Background Thread 3 ] DEBUG Engine               - isEmbedded: false
20:03:40.510 [FXGL Background Thread 3 ] DEBUG Engine               - isEntityPreloadEnabled: true
20:03:40.510 [FXGL Background Thread 3 ] DEBUG Engine               - isExperimentalTiledLargeMap: false
20:03:40.510 [FXGL Background Thread 3 ] DEBUG Engine               - isFileSystemWriteAllowed: true
20:03:40.510 [FXGL Background Thread 3 ] DEBUG Engine               - isFullScreenAllowed: false
20:03:40.510 [FXGL Background Thread 3 ] DEBUG Engine               - isFullScreenFromStart: false
20:03:40.510 [FXGL Background Thread 3 ] DEBUG Engine               - isGameMenuEnabled: true
20:03:40.511 [FXGL Background Thread 3 ] DEBUG Engine               - isIOS: false
20:03:40.511 [FXGL Background Thread 3 ] DEBUG Engine               - isIntroEnabled: false
20:03:40.511 [FXGL Background Thread 3 ] DEBUG Engine               - isLinux: true
20:03:40.511 [FXGL Background Thread 3 ] DEBUG Engine               - isMac: false
20:03:40.511 [FXGL Background Thread 3 ] DEBUG Engine               - isMainMenuEnabled: false
20:03:40.511 [FXGL Background Thread 3 ] DEBUG Engine               - isManualResizeEnabled: false
20:03:40.512 [FXGL Background Thread 3 ] DEBUG Engine               - isMobile: false
20:03:40.512 [FXGL Background Thread 3 ] DEBUG Engine               - isNative: false
20:03:40.512 [FXGL Background Thread 3 ] DEBUG Engine               - isPauseMusicWhenMinimized: true
20:03:40.512 [FXGL Background Thread 3 ] DEBUG Engine               - isPreserveResizeRatio: false
20:03:40.512 [FXGL Background Thread 3 ] DEBUG Engine               - isProfilingEnabled: false
20:03:40.512 [FXGL Background Thread 3 ] DEBUG Engine               - isScaleAffectedOnResize: true
20:03:40.512 [FXGL Background Thread 3 ] DEBUG Engine               - isSingleStep: false
20:03:40.513 [FXGL Background Thread 3 ] DEBUG Engine               - isUserProfileEnabled: false
20:03:40.513 [FXGL Background Thread 3 ] DEBUG Engine               - isWindows: false
20:03:40.513 [FXGL Background Thread 3 ] DEBUG Engine               - language: ObjectProperty [value: ENGLISH]
20:03:40.513 [FXGL Background Thread 3 ] DEBUG Engine               - menuKey: ESCAPE
20:03:40.513 [FXGL Background Thread 3 ] DEBUG Engine               - mouseSensitivity: 0.2
20:03:40.514 [FXGL Background Thread 3 ] DEBUG Engine               - notificationViewClass: class com.almasb.fxgl.notification.view.XboxNotificationView
20:03:40.514 [FXGL Background Thread 3 ] DEBUG Engine               - pixelsPerMeter: 50.0
20:03:40.514 [FXGL Background Thread 3 ] DEBUG Engine               - platform: LINUX
20:03:40.514 [FXGL Background Thread 3 ] DEBUG Engine               - prefHeightProperty: ReadOnlyDoubleProperty [value: 900.0]
20:03:40.514 [FXGL Background Thread 3 ] DEBUG Engine               - prefWidthProperty: ReadOnlyDoubleProperty [value: 1600.0]
20:03:40.514 [FXGL Background Thread 3 ] DEBUG Engine               - profileDir: profiles/
20:03:40.515 [FXGL Background Thread 3 ] DEBUG Engine               - profileName: StringProperty [value: DEFAULT]
20:03:40.515 [FXGL Background Thread 3 ] DEBUG Engine               - randomSeed: -1
20:03:40.516 [FXGL Background Thread 3 ] DEBUG Engine               - runtimeInfo: RuntimeInfo(platform=LINUX, version=17.3, build=30.03.2023 11.49)
20:03:40.516 [FXGL Background Thread 3 ] DEBUG Engine               - saveFileExt: sav
20:03:40.516 [FXGL Background Thread 3 ] DEBUG Engine               - scaledHeightProp$fxgl: DoubleProperty [bound, value: 902.727294921875]
20:03:40.516 [FXGL Background Thread 3 ] DEBUG Engine               - scaledWidthProp$fxgl: DoubleProperty [bound, value: 1598.1817626953125]
20:03:40.517 [FXGL Background Thread 3 ] DEBUG Engine               - sceneFactory: com.almasb.fxgl.app.scene.SceneFactory@1997dbd9
20:03:40.517 [FXGL Background Thread 3 ] DEBUG Engine               - secondsIn24h: 60
20:03:40.517 [FXGL Background Thread 3 ] DEBUG Engine               - soundMenuBack: menu/back.wav
20:03:40.517 [FXGL Background Thread 3 ] DEBUG Engine               - soundMenuPress: menu/press.wav
20:03:40.517 [FXGL Background Thread 3 ] DEBUG Engine               - soundMenuSelect: menu/select.wav
20:03:40.517 [FXGL Background Thread 3 ] DEBUG Engine               - soundNotification: core/notification.wav
20:03:40.518 [FXGL Background Thread 3 ] DEBUG Engine               - stageStyle: DECORATED
20:03:40.518 [FXGL Background Thread 3 ] DEBUG Engine               - supportedLanguages: [ENGLISH, FRENCH, GERMAN, HUNGARIAN, RUSSIAN]
20:03:40.518 [FXGL Background Thread 3 ] DEBUG Engine               - ticksPerSecond: -1
20:03:40.518 [FXGL Background Thread 3 ] DEBUG Engine               - title: Pruebas en FXGL
20:03:40.518 [FXGL Background Thread 3 ] DEBUG Engine               - urlGithub: https://github.com/AlmasB/FXGL
20:03:40.519 [FXGL Background Thread 3 ] DEBUG Engine               - urlLeaderboard: http://fxgl-top.herokuapp.com/
20:03:40.519 [FXGL Background Thread 3 ] DEBUG Engine               - urlPOM: https://raw.githubusercontent.com/AlmasB/FXGL/release/README.md
20:03:40.519 [FXGL Background Thread 3 ] DEBUG Engine               - userAppClass: class App.GameApp
20:03:40.519 [FXGL Background Thread 3 ] DEBUG Engine               - version: 0.0
20:03:40.519 [FXGL Background Thread 3 ] DEBUG Engine               - versionCheckDays: 7
20:03:40.519 [FXGL Background Thread 3 ] DEBUG Engine               - width: 1600
20:03:40.519 [FXGL Background Thread 3 ] DEBUG Engine               - Logging services
20:03:40.520 [FXGL Background Thread 3 ] DEBUG Engine               - class com.almasb.fxgl.app.services.FXGLAssetLoaderService
20:03:40.520 [FXGL Background Thread 3 ] DEBUG Engine               - class com.almasb.fxgl.app.FXGLApplication$GameApplicationService
20:03:40.520 [FXGL Background Thread 3 ] DEBUG Engine               - class com.almasb.fxgl.app.services.FXGLDialogService
20:03:40.520 [FXGL Background Thread 3 ] DEBUG Engine               - class com.almasb.fxgl.app.services.IOTaskExecutorService
20:03:40.520 [FXGL Background Thread 3 ] DEBUG Engine               - class com.almasb.fxgl.io.FileSystemService
20:03:40.520 [FXGL Background Thread 3 ] DEBUG Engine               - class com.almasb.fxgl.localization.LocalizationService
20:03:40.520 [FXGL Background Thread 3 ] DEBUG Engine               - class com.almasb.fxgl.app.services.SystemBundleService
20:03:40.520 [FXGL Background Thread 3 ] DEBUG Engine               - class com.almasb.fxgl.profile.SaveLoadService
20:03:40.521 [FXGL Background Thread 3 ] DEBUG Engine               - class com.almasb.fxgl.ui.FXGLUIFactoryServiceProvider
20:03:40.521 [FXGL Background Thread 3 ] DEBUG Engine               - class com.almasb.fxgl.ui.FXGLDialogFactoryServiceProvider
20:03:40.521 [FXGL Background Thread 3 ] DEBUG Engine               - class com.almasb.fxgl.audio.AudioPlayer
20:03:40.521 [FXGL Background Thread 3 ] DEBUG Engine               - class com.almasb.fxgl.notification.impl.NotificationServiceProvider
20:03:40.521 [FXGL Background Thread 3 ] DEBUG Engine               - class com.almasb.fxgl.achievement.AchievementService
20:03:40.521 [FXGL Background Thread 3 ] DEBUG Engine               - class com.almasb.fxgl.cutscene.CutsceneService
20:03:40.521 [FXGL Background Thread 3 ] DEBUG Engine               - class com.almasb.fxgl.minigames.MiniGameService
20:03:40.521 [FXGL Background Thread 3 ] DEBUG Engine               - class com.almasb.fxgl.net.NetService
20:03:40.522 [FXGL Background Thread 3 ] DEBUG Engine               - class com.almasb.fxgl.app.services.UpdaterService
20:03:40.522 [FXGL Background Thread 3 ] DEBUG Engine               - class com.almasb.fxgl.dev.DevService
20:03:41.955 [JavaFX Application Thread] DEBUG FXGLAssetLoaderServi - Loading from file system: file:/home/avrann/Escritorio/Repo%20Proyecto%20DPOO/jorge.carrillo-Proyecto-POO-2025/target/classes/assets/music/arma.wav
20:03:41.968 [JavaFX Application Thread] DEBUG AudioPlayer          - Playing music com.almasb.fxgl.audio.Music@133ef155
20:03:42.434 [JavaFX Application Thread] DEBUG AudioPlayer          - Stopping music com.almasb.fxgl.audio.Music@53a791d2
20:03:42.435 [JavaFX Application Thread] DEBUG AudioPlayer          - Stopping music com.almasb.fxgl.audio.Music@74f7cc6d
20:03:42.444 [JavaFX Application Thread] DEBUG AudioPlayer          - Stopping music com.almasb.fxgl.audio.Music@133ef155
20:03:42.488 [JavaFX Application Thread] DEBUG AudioPlayer          - Playing music com.almasb.fxgl.audio.Music@53a791d2
20:03:42.949 [JavaFX Application Thread] DEBUG AudioPlayer          - Playing music com.almasb.fxgl.audio.Music@133ef155
20:03:43.423 [JavaFX Application Thread] DEBUG AudioPlayer          - Stopping music com.almasb.fxgl.audio.Music@53a791d2
20:03:43.447 [JavaFX Application Thread] DEBUG AudioPlayer          - Stopping music com.almasb.fxgl.audio.Music@74f7cc6d
20:03:43.448 [JavaFX Application Thread] DEBUG AudioPlayer          - Stopping music com.almasb.fxgl.audio.Music@133ef155
20:03:43.490 [JavaFX Application Thread] DEBUG AudioPlayer          - Playing music com.almasb.fxgl.audio.Music@53a791d2
20:03:43.836 [JavaFX Application Thread] DEBUG AudioPlayer          - Playing music com.almasb.fxgl.audio.Music@133ef155
20:03:44.310 [JavaFX Application Thread] DEBUG AudioPlayer          - Stopping music com.almasb.fxgl.audio.Music@53a791d2
20:03:44.322 [JavaFX Application Thread] DEBUG AudioPlayer          - Stopping music com.almasb.fxgl.audio.Music@74f7cc6d
20:03:44.322 [JavaFX Application Thread] DEBUG AudioPlayer          - Stopping music com.almasb.fxgl.audio.Music@133ef155
20:03:44.364 [JavaFX Application Thread] DEBUG AudioPlayer          - Playing music com.almasb.fxgl.audio.Music@53a791d2
20:03:44.755 [JavaFX Application Thread] DEBUG AudioPlayer          - Playing music com.almasb.fxgl.audio.Music@133ef155
20:03:45.220 [JavaFX Application Thread] DEBUG AudioPlayer          - Stopping music com.almasb.fxgl.audio.Music@53a791d2
20:03:45.239 [JavaFX Application Thread] DEBUG AudioPlayer          - Stopping music com.almasb.fxgl.audio.Music@74f7cc6d
20:03:45.239 [JavaFX Application Thread] DEBUG AudioPlayer          - Stopping music com.almasb.fxgl.audio.Music@133ef155
20:03:45.261 [JavaFX Application Thread] DEBUG AudioPlayer          - Playing music com.almasb.fxgl.audio.Music@53a791d2
20:03:48.147 [JavaFX Application Thread] DEBUG AudioPlayer          - Playing music com.almasb.fxgl.audio.Music@133ef155
20:03:48.650 [JavaFX Application Thread] DEBUG AudioPlayer          - Stopping music com.almasb.fxgl.audio.Music@53a791d2
20:03:48.674 [JavaFX Application Thread] DEBUG AudioPlayer          - Stopping music com.almasb.fxgl.audio.Music@74f7cc6d
20:03:48.675 [JavaFX Application Thread] DEBUG AudioPlayer          - Stopping music com.almasb.fxgl.audio.Music@133ef155
20:03:48.695 [JavaFX Application Thread] DEBUG AudioPlayer          - Playing music com.almasb.fxgl.audio.Music@53a791d2
20:03:48.940 [JavaFX Application Thread] DEBUG AudioPlayer          - Playing music com.almasb.fxgl.audio.Music@133ef155
20:03:49.447 [JavaFX Application Thread] DEBUG AudioPlayer          - Stopping music com.almasb.fxgl.audio.Music@53a791d2
20:03:49.484 [JavaFX Application Thread] DEBUG AudioPlayer          - Stopping music com.almasb.fxgl.audio.Music@74f7cc6d
20:03:49.485 [JavaFX Application Thread] DEBUG AudioPlayer          - Stopping music com.almasb.fxgl.audio.Music@133ef155
20:03:49.527 [JavaFX Application Thread] DEBUG AudioPlayer          - Playing music com.almasb.fxgl.audio.Music@53a791d2
20:03:49.991 [JavaFX Application Thread] DEBUG FXGLApplication      - Exiting FXGL
20:03:49.991 [JavaFX Application Thread] DEBUG LoopRunner           - Stopping loop
20:03:49.991 [JavaFX Application Thread] DEBUG SystemBundleService  - Saving FXGL system data
20:03:49.994 [JavaFX Application Thread] DEBUG FileSystemAccess     - Writing to: /home/avrann/Escritorio/Repo Proyecto DPOO/jorge.carrillo-Proyecto-POO-2025/system/fxgl.bundle
20:03:49.999 [JavaFX Application Thread] DEBUG Async                - Shutting down background threads
20:03:49.999 [JavaFX Application Thread] DEBUG PrimaryStageWindow   - Closing main window
20:03:50.002 [JavaFX Application Thread] DEBUG Logger               - Closing Logger
