19:39:25.903 [main                     ] DEBUG Logger               - Configured Logger
19:39:25.939 [main                     ] DEBUG GameApplication      - Logging settings
Title: Pruebas en FXGL
Version: 0.0
Width: 1600
Height: 900
Fullscreen: false
Intro: false
Profiling: false
Single step:false
App Mode: DEVELOPER
Menu Key: ESCAPE
Stage Style: DECORATED
Scene Factory: class com.almasb.fxgl.app.scene.SceneFactory

19:39:26.334 [JavaFX Application Thread] DEBUG FXGLApplication      - Initializing FXGL
19:39:26.339 [JavaFX Application Thread] INFO  Engine               - FXGL-17.3 (30.03.2023 11.49) on LINUX (J:21.0.6 FX:20)
19:39:26.339 [JavaFX Application Thread] DEBUG Engine               - JRE Vendor Name: Oracle Corporation
19:39:26.340 [JavaFX Application Thread] DEBUG Engine               - Running on OS: Linux version 6.8.0-55-generic
19:39:26.340 [JavaFX Application Thread] DEBUG Engine               - Architecture: amd64
19:39:26.340 [JavaFX Application Thread] INFO  Engine               - Source code and latest versions at: https://github.com/AlmasB/FXGL
19:39:26.341 [JavaFX Application Thread] INFO  Engine               -       Ask questions and discuss at: https://github.com/AlmasB/FXGL/discussions
19:39:26.341 [JavaFX Application Thread] INFO  Engine               -              Join the FXGL chat at: https://gitter.im/AlmasB/FXGL
19:39:26.445 [JavaFX Application Thread] DEBUG PrimaryStageWindow   - Creating a JavaFX scene
19:39:26.542 [JavaFX Application Thread] DEBUG PrimaryStageWindow   - Target settings size: 1600.0 x 900.0
19:39:26.543 [JavaFX Application Thread] DEBUG PrimaryStageWindow   - Scaled scene size:    1600.0 x 900.0
19:39:26.543 [JavaFX Application Thread] DEBUG PrimaryStageWindow   - Scaled ratio: (1.0, 1.0)
19:39:26.545 [JavaFX Application Thread] DEBUG PrimaryStageWindow   - Set initial scene to FXGLStartupScene
19:39:26.550 [JavaFX Application Thread] DEBUG PrimaryStageWindow   - Opening main window
19:39:26.594 [JavaFX Application Thread] DEBUG PrimaryStageWindow   - Window border size: (1.8240966796875, 26.36700439453125)
19:39:26.594 [JavaFX Application Thread] DEBUG PrimaryStageWindow   - Scaled size: 1600.0 x 900.0
19:39:26.595 [JavaFX Application Thread] DEBUG PrimaryStageWindow   - Scaled ratio: (1.0, 1.0)
19:39:26.595 [JavaFX Application Thread] DEBUG PrimaryStageWindow   - Scene size: 1600.0 x 900.0
19:39:26.596 [JavaFX Application Thread] DEBUG PrimaryStageWindow   - Stage size: 1601.8240966796875 x 926.3670043945312
19:39:26.604 [FXGL Background Thread 1 ] DEBUG Engine               - Initializing environment variables
19:39:26.681 [FXGL Background Thread 1 ] DEBUG FXGLAssetLoaderServi - User app class for loading assets: class App.GameApp
19:39:26.682 [FXGL Background Thread 1 ] DEBUG GameApplicationServi - Applying CSS: fxgl_dark.css
19:39:26.682 [FXGL Background Thread 1 ] DEBUG FXGLAssetLoaderServi - Loading from file system: jar:file:///home/avrann/.m2/repository/com/github/almasb/fxgl/17.3/fxgl-17.3.jar!/fxglassets/ui/css/fxgl_dark.css
19:39:26.737 [FXGL Background Thread 1 ] DEBUG GameApplicationServi - Initializing application scenes
19:39:26.787 [FXGL Background Thread 1 ] DEBUG GameWorld            - Game world initialized
19:39:26.850 [FXGL Background Thread 1 ] DEBUG PhysicsWorld         - Physics world initialized: appHeight=900, physics.ppm=50.0
19:39:26.850 [FXGL Background Thread 1 ] DEBUG PhysicsWorld         - Using strategy: BRUTE_FORCE
19:39:26.855 [FXGL Background Thread 1 ] DEBUG GameScene            - Game scene initialized: 1600x900
19:39:26.865 [FXGL Background Thread 1 ] DEBUG FXGL.DefaultMenu     - createMenuBodyGameMenu()
19:39:26.874 [FXGL Background Thread 1 ] DEBUG FXGL.DefaultMenu     - createOptionsMenu()
19:39:26.880 [FXGL Background Thread 1 ] DEBUG FXGLAssetLoaderServi - Loading from file system: jar:file:///home/avrann/.m2/repository/com/github/almasb/fxgl/17.3/fxgl-17.3.jar!/fxglassets/textures/particles/smoke.png
19:39:26.975 [FXGL Background Thread 1 ] DEBUG FXGLAssetLoaderServi - Loading from file system: jar:file:///home/avrann/.m2/repository/com/github/almasb/fxgl/17.3/fxgl-17.3.jar!/fxglassets/textures/particles/trace_horizontal.png
19:39:27.019 [FXGL Background Thread 1 ] DEBUG GameApplicationServi - Application scenes initialized
19:39:27.031 [FXGL Background Thread 1 ] DEBUG SystemBundleService  - Loading FXGL system data
19:39:27.034 [FXGL Background Thread 1 ] DEBUG FileSystemAccess     - Reading from: /home/avrann/Escritorio/Repo Proyecto DPOO/jorge.carrillo-Proyecto-POO-2025/system/fxgl.bundle
19:39:27.043 [FXGL Background Thread 1 ] DEBUG SystemBundleService  - Bundle FXGL: {}
19:39:27.043 [FXGL Background Thread 1 ] DEBUG UpdaterService       - Checking for updates
19:39:27.072 [FXGL Background Thread 1 ] DEBUG FXGLApplication      - Loading default localization
19:39:27.073 [FXGL Background Thread 1 ] DEBUG FXGLAssetLoaderServi - Loading from file system: jar:file:///home/avrann/.m2/repository/com/github/almasb/fxgl/17.3/fxgl-17.3.jar!/fxglassets/languages/english.lang
19:39:27.074 [FXGL Background Thread 4 ] DEBUG FXGLApplication      - Loading fonts
19:39:27.074 [FXGL Background Thread 4 ] DEBUG FXGLAssetLoaderServi - Loading from file system: jar:file:///home/avrann/.m2/repository/com/github/almasb/fxgl/17.3/fxgl-17.3.jar!/fxglassets/ui/fonts/VarelaRound-Regular.ttf
19:39:27.087 [FXGL Background Thread 4 ] DEBUG FXGLAssetLoaderServi - Loading from file system: jar:file:///home/avrann/.m2/repository/com/github/almasb/fxgl/17.3/fxgl-17.3.jar!/fxglassets/ui/fonts/Abel-Regular.ttf
19:39:27.088 [FXGL Background Thread 1 ] INFO  FXGLApplication      - FXGL initialization took: 0.484 sec
19:39:27.088 [FXGL Background Thread 4 ] DEBUG FXGLAssetLoaderServi - Loading from file system: jar:file:///home/avrann/.m2/repository/com/github/almasb/fxgl/17.3/fxgl-17.3.jar!/fxglassets/ui/fonts/TerminalLandMono-Regular.otf
19:39:27.089 [JavaFX Application Thread] DEBUG FXGLAssetLoaderServi - Loading from file system: jar:file:///home/avrann/.m2/repository/com/github/almasb/fxgl/17.3/fxgl-17.3.jar!/fxglassets/textures/fxgl_icon.png
19:39:27.092 [FXGL Background Thread 4 ] DEBUG FXGLAssetLoaderServi - Loading from file system: jar:file:///home/avrann/.m2/repository/com/github/almasb/fxgl/17.3/fxgl-17.3.jar!/fxglassets/ui/fonts/Courier-Prime.ttf
19:39:27.118 [JavaFX Application Thread] DEBUG FXGLAssetLoaderServi - Loading from file system: jar:file:///home/avrann/.m2/repository/com/github/almasb/fxgl/17.3/fxgl-17.3.jar!/fxglassets/textures/fxgl_default_cursor.png
19:39:27.132 [JavaFX Application Thread] DEBUG Input                - Registered new binding: Screenshot - CTRL+8
19:39:27.132 [JavaFX Application Thread] DEBUG Input                - Registered new binding: Dev Options - 1
19:39:27.132 [JavaFX Application Thread] DEBUG Input                - Registered new binding: Dev Console - 2
19:39:27.133 [JavaFX Application Thread] DEBUG Input                - Registered new binding: System info dump - CTRL+9
19:39:27.133 [JavaFX Application Thread] DEBUG Input                - Registered new binding: Restart - CTRL+R
19:39:27.133 [JavaFX Application Thread] DEBUG Input                - Registered new binding: Toggle Debug Camera - CTRL+7
19:39:27.137 [JavaFX Application Thread] DEBUG LoopRunner           - Starting loop
19:39:27.149 [JavaFX Application Thread] DEBUG LoopRunner           - Initializing JavaFX AnimationTimerLoop
19:39:27.150 [JavaFX Application Thread] DEBUG GameApplicationServi - Starting new game
19:39:27.151 [JavaFX Application Thread] DEBUG Input                - Clearing active input actions
19:39:27.174 [JavaFX Application Thread] DEBUG GameApplicationServi - Removing overlay from FXGLStartupScene and adding to FXGLLoadingScene
19:39:27.176 [JavaFX Application Thread] DEBUG PrimaryStageWindow   - FXGLStartupScene -> FXGLLoadingScene
19:39:27.177 [JavaFX Application Thread] DEBUG GameApplicationServi - Clearing previous game
19:39:27.177 [JavaFX Application Thread] DEBUG GameScene            - Clearing game scene
19:39:27.177 [JavaFX Application Thread] DEBUG GameWorld            - Clearing game world
19:39:27.177 [JavaFX Application Thread] DEBUG PhysicsWorld         - Clearing physics world
19:39:27.178 [JavaFX Application Thread] DEBUG FXGLApplication      - Registering font factories with UI factory
19:39:27.179 [FXGL Background Thread 4 ] DEBUG FXGLApplication      - Initializing game
19:39:27.391 [FXGL Background Thread 4 ] DEBUG FXGLAssetLoaderServi - Loading from file system: file:/home/avrann/Escritorio/Repo%20Proyecto%20DPOO/jorge.carrillo-Proyecto-POO-2025/target/classes/assets/music/loading.wav
19:39:27.517 [FXGL Background Thread 4 ] DEBUG AudioPlayer          - Playing music com.almasb.fxgl.audio.Music@3d85c02b
19:39:27.588 [FXGL Background Thread 4 ] DEBUG TMXLevelLoader       - Parsed TiledMap: file:/home/avrann/Escritorio/Repo%20Proyecto%20DPOO/jorge.carrillo-Proyecto-POO-2025/target/classes/assets/levels/level_01.tmx
19:39:27.589 [FXGL Background Thread 4 ] DEBUG TMXLevelLoader       - Creating tile layer entities
19:39:27.594 [FXGL Background Thread 4 ] DEBUG TilesetLoader        - Loading view for layer Capa de patrones 1
19:39:27.597 [FXGL Background Thread 4 ] DEBUG TilesetLoader        - Created buffer with size 2000.0x1500.0
19:39:27.621 [FXGL Background Thread 4 ] WARN  TilesetLoader        - Diagonally flipped tiles are not currently supported
19:39:27.623 [FXGL Background Thread 4 ] WARN  TilesetLoader        - Diagonally flipped tiles are not currently supported
19:39:27.627 [FXGL Background Thread 4 ] WARN  TilesetLoader        - Diagonally flipped tiles are not currently supported
19:39:27.629 [FXGL Background Thread 4 ] WARN  TilesetLoader        - Diagonally flipped tiles are not currently supported
19:39:27.629 [FXGL Background Thread 4 ] WARN  TilesetLoader        - Diagonally flipped tiles are not currently supported
19:39:27.637 [FXGL Background Thread 4 ] WARN  TilesetLoader        - Diagonally flipped tiles are not currently supported
19:39:27.650 [FXGL Background Thread 4 ] WARN  TilesetLoader        - Diagonally flipped tiles are not currently supported
19:39:27.652 [FXGL Background Thread 4 ] WARN  TilesetLoader        - Diagonally flipped tiles are not currently supported
19:39:27.654 [FXGL Background Thread 4 ] WARN  TilesetLoader        - Diagonally flipped tiles are not currently supported
19:39:27.656 [FXGL Background Thread 4 ] WARN  TilesetLoader        - Diagonally flipped tiles are not currently supported
19:39:27.661 [FXGL Background Thread 4 ] WARN  TilesetLoader        - Diagonally flipped tiles are not currently supported
19:39:27.663 [FXGL Background Thread 4 ] WARN  TilesetLoader        - Diagonally flipped tiles are not currently supported
19:39:27.669 [FXGL Background Thread 4 ] WARN  TilesetLoader        - Diagonally flipped tiles are not currently supported
19:39:27.671 [FXGL Background Thread 4 ] WARN  TilesetLoader        - Diagonally flipped tiles are not currently supported
19:39:27.674 [FXGL Background Thread 4 ] WARN  TilesetLoader        - Diagonally flipped tiles are not currently supported
19:39:27.675 [FXGL Background Thread 4 ] DEBUG TilesetLoader        - Loading view for layer Copiar desde Capa de patrones 1
19:39:27.683 [FXGL Background Thread 4 ] DEBUG TilesetLoader        - Created buffer with size 2000.0x1500.0
19:39:27.688 [FXGL Background Thread 4 ] WARN  TilesetLoader        - Diagonally flipped tiles are not currently supported
19:39:27.690 [FXGL Background Thread 4 ] WARN  TilesetLoader        - Diagonally flipped tiles are not currently supported
19:39:27.692 [FXGL Background Thread 4 ] WARN  TilesetLoader        - Diagonally flipped tiles are not currently supported
19:39:27.694 [FXGL Background Thread 4 ] WARN  TilesetLoader        - Diagonally flipped tiles are not currently supported
19:39:27.695 [FXGL Background Thread 4 ] WARN  TilesetLoader        - Diagonally flipped tiles are not currently supported
19:39:27.698 [FXGL Background Thread 4 ] WARN  TilesetLoader        - Diagonally flipped tiles are not currently supported
19:39:27.706 [FXGL Background Thread 4 ] WARN  TilesetLoader        - Diagonally flipped tiles are not currently supported
19:39:27.707 [FXGL Background Thread 4 ] WARN  TilesetLoader        - Diagonally flipped tiles are not currently supported
19:39:27.711 [FXGL Background Thread 4 ] WARN  TilesetLoader        - Diagonally flipped tiles are not currently supported
19:39:27.712 [FXGL Background Thread 4 ] WARN  TilesetLoader        - Diagonally flipped tiles are not currently supported
19:39:27.726 [FXGL Background Thread 4 ] WARN  TilesetLoader        - Diagonally flipped tiles are not currently supported
19:39:27.728 [FXGL Background Thread 4 ] WARN  TilesetLoader        - Diagonally flipped tiles are not currently supported
19:39:27.794 [FXGL Background Thread 4 ] WARN  TilesetLoader        - Diagonally flipped tiles are not currently supported
19:39:27.806 [FXGL Background Thread 4 ] WARN  TilesetLoader        - Diagonally flipped tiles are not currently supported
19:39:27.813 [FXGL Background Thread 4 ] WARN  TilesetLoader        - Diagonally flipped tiles are not currently supported
19:39:27.815 [FXGL Background Thread 4 ] DEBUG TMXLevelLoader       - Creating object layer entities
19:39:27.872 [FXGL Background Thread 4 ] DEBUG GameWorld            - Clearing removable entities
19:39:27.961 [FXGL Background Thread 4 ] DEBUG GameWorld            - Setting level: com.almasb.fxgl.entity.level.Level@6ab57384
19:39:27.974 [FXGL Background Thread 4 ] DEBUG FXGLAssetLoaderServi - Loading from file system: file:/home/avrann/Escritorio/Repo%20Proyecto%20DPOO/jorge.carrillo-Proyecto-POO-2025/target/classes/assets/textures/cyborgidle.png
19:39:27.986 [FXGL Background Thread 4 ] WARN  GameWorld            - Entity is already attached to world
19:39:27.987 [FXGL Background Thread 4 ] DEBUG FXGLAssetLoaderServi - Loading from file system: file:/home/avrann/Escritorio/Repo%20Proyecto%20DPOO/jorge.carrillo-Proyecto-POO-2025/target/classes/assets/textures/cyborgatack_basic.png
19:39:27.990 [FXGL Background Thread 4 ] DEBUG FXGLAssetLoaderServi - Loading from file system: file:/home/avrann/Escritorio/Repo%20Proyecto%20DPOO/jorge.carrillo-Proyecto-POO-2025/target/classes/assets/textures/cyborgcaminando.png
19:39:27.992 [FXGL Background Thread 4 ] DEBUG FXGLAssetLoaderServi - Loading from file system: file:/home/avrann/Escritorio/Repo%20Proyecto%20DPOO/jorge.carrillo-Proyecto-POO-2025/target/classes/assets/textures/cyborgadelante.png
19:39:27.993 [FXGL Background Thread 4 ] DEBUG FXGLAssetLoaderServi - Loading from file system: file:/home/avrann/Escritorio/Repo%20Proyecto%20DPOO/jorge.carrillo-Proyecto-POO-2025/target/classes/assets/textures/cyborgatras.png
19:39:27.995 [FXGL Background Thread 4 ] WARN  GameWorld            - Entity is already attached to world
19:39:27.996 [FXGL Background Thread 4 ] DEBUG Input                - Registered new binding: Mover Arriba - Up
19:39:27.996 [FXGL Background Thread 4 ] DEBUG Input                - Registered new binding: Mover Abajo - Down
19:39:27.996 [FXGL Background Thread 4 ] DEBUG Input                - Registered new binding: Mover Izquierda - Left
19:39:27.996 [FXGL Background Thread 4 ] DEBUG Input                - Registered new binding: Mover Derecha - Right
19:39:27.997 [FXGL Background Thread 4 ] DEBUG FXGLAssetLoaderServi - Loading from file system: file:/home/avrann/Escritorio/Repo%20Proyecto%20DPOO/jorge.carrillo-Proyecto-POO-2025/target/classes/assets/textures/life_bar.png
19:39:28.000 [FXGL Background Thread 4 ] DEBUG FXGLAssetLoaderServi - Loading from file system: file:/home/avrann/Escritorio/Repo%20Proyecto%20DPOO/jorge.carrillo-Proyecto-POO-2025/target/classes/assets/textures/barra_enemigo.png
19:39:28.003 [FXGL Background Thread 4 ] DEBUG FXGLAssetLoaderServi - Loading from file system: file:/home/avrann/Escritorio/Repo%20Proyecto%20DPOO/jorge.carrillo-Proyecto-POO-2025/target/classes/assets/textures/life_point.png
19:39:28.004 [FXGL Background Thread 4 ] DEBUG FXGLAssetLoaderServi - Loading from file system: file:/home/avrann/Escritorio/Repo%20Proyecto%20DPOO/jorge.carrillo-Proyecto-POO-2025/target/classes/assets/textures/life_point_enemi.png
19:39:28.005 [FXGL Background Thread 4 ] DEBUG FXGLAssetLoaderServi - Loading from file system: file:/home/avrann/Escritorio/Repo%20Proyecto%20DPOO/jorge.carrillo-Proyecto-POO-2025/target/classes/assets/textures/button_atacck.png
19:39:28.006 [FXGL Background Thread 4 ] DEBUG FXGLAssetLoaderServi - Loading from file system: file:/home/avrann/Escritorio/Repo%20Proyecto%20DPOO/jorge.carrillo-Proyecto-POO-2025/target/classes/assets/textures/combat_panel.png
19:39:28.011 [FXGL Background Thread 4 ] INFO  FXGLApplication      - Game initialization took: 0.832 sec
19:39:28.023 [JavaFX Application Thread] DEBUG Input                - Clearing active input actions
19:39:28.033 [JavaFX Application Thread] DEBUG GameApplicationServi - Removing overlay from FXGLLoadingScene and adding to GameScene
19:39:28.038 [JavaFX Application Thread] DEBUG PrimaryStageWindow   - FXGLLoadingScene -> GameScene
19:39:28.618 [FXGL Background Thread 2 ] INFO  UpdaterService       - Your current version:  17.3
19:39:28.619 [FXGL Background Thread 2 ] INFO  UpdaterService       - Latest stable version: 21.1
19:39:29.671 [JavaFX Application Thread] DEBUG AudioPlayer          - Stopping music com.almasb.fxgl.audio.Music@3d85c02b
19:39:29.705 [JavaFX Application Thread] DEBUG FXGLAssetLoaderServi - Loading from file system: file:/home/avrann/Escritorio/Repo%20Proyecto%20DPOO/jorge.carrillo-Proyecto-POO-2025/target/classes/assets/music/battle.wav
19:39:29.714 [JavaFX Application Thread] DEBUG AudioPlayer          - Playing music com.almasb.fxgl.audio.Music@31c6eba7
19:39:30.068 [FXGL Background Thread 3 ] DEBUG Engine               - Logging environment variables
19:39:30.070 [FXGL Background Thread 3 ] DEBUG Engine               - achievements: []
19:39:30.070 [FXGL Background Thread 3 ] DEBUG Engine               - actualHeight: 902.727294921875
19:39:30.070 [FXGL Background Thread 3 ] DEBUG Engine               - actualHeightProperty: ReadOnlyDoubleProperty [value: 902.727294921875]
19:39:30.070 [FXGL Background Thread 3 ] DEBUG Engine               - actualWidth: 1598.1817626953125
19:39:30.071 [FXGL Background Thread 3 ] DEBUG Engine               - actualWidthProperty: ReadOnlyDoubleProperty [value: 1598.1817626953125]
19:39:30.071 [FXGL Background Thread 3 ] DEBUG Engine               - appIcon: fxgl_icon.png
19:39:30.071 [FXGL Background Thread 3 ] DEBUG Engine               - applicationMode: DEVELOPER
19:39:30.071 [FXGL Background Thread 3 ] DEBUG Engine               - cSSList: [fxgl_dark.css]
19:39:30.071 [FXGL Background Thread 3 ] DEBUG Engine               - collisionDetectionStrategy: BRUTE_FORCE
19:39:30.071 [FXGL Background Thread 3 ] DEBUG Engine               - configClass: Optional.empty
19:39:30.072 [FXGL Background Thread 3 ] DEBUG Engine               - credits: []
19:39:30.072 [FXGL Background Thread 3 ] DEBUG Engine               - defaultCursor: CursorInfo(imageName=fxgl_default_cursor.png, hotspotX=7.0, hotspotY=6.0)
19:39:30.073 [FXGL Background Thread 3 ] DEBUG Engine               - devBBoxColorProperty: ObjectProperty [value: 0xff0000ff]
19:39:30.073 [FXGL Background Thread 3 ] DEBUG Engine               - devEnableDebugCameraProperty: BooleanProperty [value: false]
19:39:30.073 [FXGL Background Thread 3 ] DEBUG Engine               - devSensorColorProperty: ObjectProperty [value: 0xffff00ff]
19:39:30.074 [FXGL Background Thread 3 ] DEBUG Engine               - devShowBBoxProperty: BooleanProperty [value: false]
19:39:30.074 [FXGL Background Thread 3 ] DEBUG Engine               - devShowPositionProperty: BooleanProperty [value: false]
19:39:30.074 [FXGL Background Thread 3 ] DEBUG Engine               - enabledMenuItems: []
19:39:30.074 [FXGL Background Thread 3 ] DEBUG Engine               - engineServices: [class com.almasb.fxgl.app.services.FXGLAssetLoaderService, class com.almasb.fxgl.app.FXGLApplication$GameApplicationService, class com.almasb.fxgl.app.services.FXGLDialogService, class com.almasb.fxgl.app.services.IOTaskExecutorService, class com.almasb.fxgl.io.FileSystemService, class com.almasb.fxgl.localization.LocalizationService, class com.almasb.fxgl.app.services.SystemBundleService, class com.almasb.fxgl.profile.SaveLoadService, class com.almasb.fxgl.ui.FXGLUIFactoryServiceProvider, class com.almasb.fxgl.ui.FXGLDialogFactoryServiceProvider, class com.almasb.fxgl.audio.AudioPlayer, class com.almasb.fxgl.notification.impl.NotificationServiceProvider, class com.almasb.fxgl.achievement.AchievementService, class com.almasb.fxgl.cutscene.CutsceneService, class com.almasb.fxgl.minigames.MiniGameService, class com.almasb.fxgl.net.NetService, class com.almasb.fxgl.app.services.UpdaterService, class com.almasb.fxgl.dev.DevService]
19:39:30.074 [FXGL Background Thread 3 ] DEBUG Engine               - fontGame: Abel-Regular.ttf
19:39:30.074 [FXGL Background Thread 3 ] DEBUG Engine               - fontMono: TerminalLandMono-Regular.otf
19:39:30.075 [FXGL Background Thread 3 ] DEBUG Engine               - fontSizeScaleUI: 1.0
19:39:30.075 [FXGL Background Thread 3 ] DEBUG Engine               - fontText: Courier-Prime.ttf
19:39:30.075 [FXGL Background Thread 3 ] DEBUG Engine               - fontUI: VarelaRound-Regular.ttf
19:39:30.075 [FXGL Background Thread 3 ] DEBUG Engine               - fullScreen: BooleanProperty [value: false]
19:39:30.075 [FXGL Background Thread 3 ] DEBUG Engine               - gameDifficulty: MEDIUM
19:39:30.075 [FXGL Background Thread 3 ] DEBUG Engine               - gameDifficultyProperty: ObjectProperty [value: MEDIUM]
19:39:30.076 [FXGL Background Thread 3 ] DEBUG Engine               - globalMusicVolume: 0.5
19:39:30.076 [FXGL Background Thread 3 ] DEBUG Engine               - globalMusicVolumeProperty: DoubleProperty [value: 0.5]
19:39:30.076 [FXGL Background Thread 3 ] DEBUG Engine               - globalSoundVolume: 0.5
19:39:30.076 [FXGL Background Thread 3 ] DEBUG Engine               - globalSoundVolumeProperty: DoubleProperty [value: 0.5]
19:39:30.077 [FXGL Background Thread 3 ] DEBUG Engine               - height: 900
19:39:30.077 [FXGL Background Thread 3 ] DEBUG Engine               - is3D: false
19:39:30.077 [FXGL Background Thread 3 ] DEBUG Engine               - isAndroid: false
19:39:30.077 [FXGL Background Thread 3 ] DEBUG Engine               - isBrowser: false
19:39:30.077 [FXGL Background Thread 3 ] DEBUG Engine               - isClickFeedbackEnabled: false
19:39:30.077 [FXGL Background Thread 3 ] DEBUG Engine               - isCloseConfirmation: false
19:39:30.077 [FXGL Background Thread 3 ] DEBUG Engine               - isDesktop: true
19:39:30.078 [FXGL Background Thread 3 ] DEBUG Engine               - isDeveloperMenuEnabled: true
19:39:30.078 [FXGL Background Thread 3 ] DEBUG Engine               - isEmbedded: false
19:39:30.078 [FXGL Background Thread 3 ] DEBUG Engine               - isEntityPreloadEnabled: true
19:39:30.078 [FXGL Background Thread 3 ] DEBUG Engine               - isExperimentalTiledLargeMap: false
19:39:30.078 [FXGL Background Thread 3 ] DEBUG Engine               - isFileSystemWriteAllowed: true
19:39:30.078 [FXGL Background Thread 3 ] DEBUG Engine               - isFullScreenAllowed: false
19:39:30.078 [FXGL Background Thread 3 ] DEBUG Engine               - isFullScreenFromStart: false
19:39:30.079 [FXGL Background Thread 3 ] DEBUG Engine               - isGameMenuEnabled: true
19:39:30.079 [FXGL Background Thread 3 ] DEBUG Engine               - isIOS: false
19:39:30.079 [FXGL Background Thread 3 ] DEBUG Engine               - isIntroEnabled: false
19:39:30.079 [FXGL Background Thread 3 ] DEBUG Engine               - isLinux: true
19:39:30.079 [FXGL Background Thread 3 ] DEBUG Engine               - isMac: false
19:39:30.079 [FXGL Background Thread 3 ] DEBUG Engine               - isMainMenuEnabled: false
19:39:30.080 [FXGL Background Thread 3 ] DEBUG Engine               - isManualResizeEnabled: false
19:39:30.080 [FXGL Background Thread 3 ] DEBUG Engine               - isMobile: false
19:39:30.080 [FXGL Background Thread 3 ] DEBUG Engine               - isNative: false
19:39:30.080 [FXGL Background Thread 3 ] DEBUG Engine               - isPauseMusicWhenMinimized: true
19:39:30.080 [FXGL Background Thread 3 ] DEBUG Engine               - isPreserveResizeRatio: false
19:39:30.080 [FXGL Background Thread 3 ] DEBUG Engine               - isProfilingEnabled: false
19:39:30.080 [FXGL Background Thread 3 ] DEBUG Engine               - isScaleAffectedOnResize: true
19:39:30.081 [FXGL Background Thread 3 ] DEBUG Engine               - isSingleStep: false
19:39:30.081 [FXGL Background Thread 3 ] DEBUG Engine               - isUserProfileEnabled: false
19:39:30.081 [FXGL Background Thread 3 ] DEBUG Engine               - isWindows: false
19:39:30.081 [FXGL Background Thread 3 ] DEBUG Engine               - language: ObjectProperty [value: ENGLISH]
19:39:30.081 [FXGL Background Thread 3 ] DEBUG Engine               - menuKey: ESCAPE
19:39:30.081 [FXGL Background Thread 3 ] DEBUG Engine               - mouseSensitivity: 0.2
19:39:30.082 [FXGL Background Thread 3 ] DEBUG Engine               - notificationViewClass: class com.almasb.fxgl.notification.view.XboxNotificationView
19:39:30.082 [FXGL Background Thread 3 ] DEBUG Engine               - pixelsPerMeter: 50.0
19:39:30.082 [FXGL Background Thread 3 ] DEBUG Engine               - platform: LINUX
19:39:30.082 [FXGL Background Thread 3 ] DEBUG Engine               - prefHeightProperty: ReadOnlyDoubleProperty [value: 900.0]
19:39:30.082 [FXGL Background Thread 3 ] DEBUG Engine               - prefWidthProperty: ReadOnlyDoubleProperty [value: 1600.0]
19:39:30.082 [FXGL Background Thread 3 ] DEBUG Engine               - profileDir: profiles/
19:39:30.083 [FXGL Background Thread 3 ] DEBUG Engine               - profileName: StringProperty [value: DEFAULT]
19:39:30.083 [FXGL Background Thread 3 ] DEBUG Engine               - randomSeed: -1
19:39:30.083 [FXGL Background Thread 3 ] DEBUG Engine               - runtimeInfo: RuntimeInfo(platform=LINUX, version=17.3, build=30.03.2023 11.49)
19:39:30.084 [FXGL Background Thread 3 ] DEBUG Engine               - saveFileExt: sav
19:39:30.084 [FXGL Background Thread 3 ] DEBUG Engine               - scaledHeightProp$fxgl: DoubleProperty [bound, value: 902.727294921875]
19:39:30.084 [FXGL Background Thread 3 ] DEBUG Engine               - scaledWidthProp$fxgl: DoubleProperty [bound, value: 1598.1817626953125]
19:39:30.084 [FXGL Background Thread 3 ] DEBUG Engine               - sceneFactory: com.almasb.fxgl.app.scene.SceneFactory@3b57ce3
19:39:30.084 [FXGL Background Thread 3 ] DEBUG Engine               - secondsIn24h: 60
19:39:30.085 [FXGL Background Thread 3 ] DEBUG Engine               - soundMenuBack: menu/back.wav
19:39:30.085 [FXGL Background Thread 3 ] DEBUG Engine               - soundMenuPress: menu/press.wav
19:39:30.085 [FXGL Background Thread 3 ] DEBUG Engine               - soundMenuSelect: menu/select.wav
19:39:30.085 [FXGL Background Thread 3 ] DEBUG Engine               - soundNotification: core/notification.wav
19:39:30.085 [FXGL Background Thread 3 ] DEBUG Engine               - stageStyle: DECORATED
19:39:30.085 [FXGL Background Thread 3 ] DEBUG Engine               - supportedLanguages: [ENGLISH, FRENCH, GERMAN, HUNGARIAN, RUSSIAN]
19:39:30.085 [FXGL Background Thread 3 ] DEBUG Engine               - ticksPerSecond: -1
19:39:30.086 [FXGL Background Thread 3 ] DEBUG Engine               - title: Pruebas en FXGL
19:39:30.086 [FXGL Background Thread 3 ] DEBUG Engine               - urlGithub: https://github.com/AlmasB/FXGL
19:39:30.086 [FXGL Background Thread 3 ] DEBUG Engine               - urlLeaderboard: http://fxgl-top.herokuapp.com/
19:39:30.086 [FXGL Background Thread 3 ] DEBUG Engine               - urlPOM: https://raw.githubusercontent.com/AlmasB/FXGL/release/README.md
19:39:30.086 [FXGL Background Thread 3 ] DEBUG Engine               - userAppClass: class App.GameApp
19:39:30.086 [FXGL Background Thread 3 ] DEBUG Engine               - version: 0.0
19:39:30.086 [FXGL Background Thread 3 ] DEBUG Engine               - versionCheckDays: 7
19:39:30.086 [FXGL Background Thread 3 ] DEBUG Engine               - width: 1600
19:39:30.087 [FXGL Background Thread 3 ] DEBUG Engine               - Logging services
19:39:30.087 [FXGL Background Thread 3 ] DEBUG Engine               - class com.almasb.fxgl.app.services.FXGLAssetLoaderService
19:39:30.087 [FXGL Background Thread 3 ] DEBUG Engine               - class com.almasb.fxgl.app.FXGLApplication$GameApplicationService
19:39:30.087 [FXGL Background Thread 3 ] DEBUG Engine               - class com.almasb.fxgl.app.services.FXGLDialogService
19:39:30.087 [FXGL Background Thread 3 ] DEBUG Engine               - class com.almasb.fxgl.app.services.IOTaskExecutorService
19:39:30.087 [FXGL Background Thread 3 ] DEBUG Engine               - class com.almasb.fxgl.io.FileSystemService
19:39:30.087 [FXGL Background Thread 3 ] DEBUG Engine               - class com.almasb.fxgl.localization.LocalizationService
19:39:30.087 [FXGL Background Thread 3 ] DEBUG Engine               - class com.almasb.fxgl.app.services.SystemBundleService
19:39:30.088 [FXGL Background Thread 3 ] DEBUG Engine               - class com.almasb.fxgl.profile.SaveLoadService
19:39:30.088 [FXGL Background Thread 3 ] DEBUG Engine               - class com.almasb.fxgl.ui.FXGLUIFactoryServiceProvider
19:39:30.088 [FXGL Background Thread 3 ] DEBUG Engine               - class com.almasb.fxgl.ui.FXGLDialogFactoryServiceProvider
19:39:30.088 [FXGL Background Thread 3 ] DEBUG Engine               - class com.almasb.fxgl.audio.AudioPlayer
19:39:30.088 [FXGL Background Thread 3 ] DEBUG Engine               - class com.almasb.fxgl.notification.impl.NotificationServiceProvider
19:39:30.088 [FXGL Background Thread 3 ] DEBUG Engine               - class com.almasb.fxgl.achievement.AchievementService
19:39:30.089 [FXGL Background Thread 3 ] DEBUG Engine               - class com.almasb.fxgl.cutscene.CutsceneService
19:39:30.089 [FXGL Background Thread 3 ] DEBUG Engine               - class com.almasb.fxgl.minigames.MiniGameService
19:39:30.089 [FXGL Background Thread 3 ] DEBUG Engine               - class com.almasb.fxgl.net.NetService
19:39:30.089 [FXGL Background Thread 3 ] DEBUG Engine               - class com.almasb.fxgl.app.services.UpdaterService
19:39:30.089 [FXGL Background Thread 3 ] DEBUG Engine               - class com.almasb.fxgl.dev.DevService
19:39:31.533 [JavaFX Application Thread] DEBUG FXGLAssetLoaderServi - Loading from file system: file:/home/avrann/Escritorio/Repo%20Proyecto%20DPOO/jorge.carrillo-Proyecto-POO-2025/target/classes/assets/music/arma.wav
19:39:31.544 [JavaFX Application Thread] DEBUG AudioPlayer          - Playing music com.almasb.fxgl.audio.Music@6e712edd
19:39:31.545 [JavaFX Application Thread] DEBUG LoopRunner           - Stopping loop
19:39:31.550 [JavaFX Application Thread] FATAL FXGLApplication      - Uncaught Exception:
java.lang.NullPointerException: Cannot invoke "javafx.scene.layout.HBox.getChildren()" because "this.heartsBarPlayer" is null
	at Game.main/View.UI.UI.updateHealthBar(UI.java:95)
	at Game.main/View.UI.UI.reduceHealth(UI.java:121)
	at Game.main/View.UI.CombatModeUI$1.handle(CombatModeUI.java:53)
	at Game.main/View.UI.CombatModeUI$1.handle(CombatModeUI.java:49)
	at javafx.base@20/com.sun.javafx.event.CompositeEventHandler.dispatchBubblingEvent(CompositeEventHandler.java:86)
	at javafx.base@20/com.sun.javafx.event.EventHandlerManager.dispatchBubblingEvent(EventHandlerManager.java:232)
	at javafx.base@20/com.sun.javafx.event.EventHandlerManager.dispatchBubblingEvent(EventHandlerManager.java:189)
	at javafx.base@20/com.sun.javafx.event.CompositeEventDispatcher.dispatchBubblingEvent(CompositeEventDispatcher.java:59)
	at javafx.base@20/com.sun.javafx.event.BasicEventDispatcher.dispatchEvent(BasicEventDispatcher.java:58)
	at javafx.base@20/com.sun.javafx.event.EventDispatchChainImpl.dispatchEvent(EventDispatchChainImpl.java:114)
	at javafx.base@20/com.sun.javafx.event.BasicEventDispatcher.dispatchEvent(BasicEventDispatcher.java:56)
	at javafx.base@20/com.sun.javafx.event.EventDispatchChainImpl.dispatchEvent(EventDispatchChainImpl.java:114)
	at javafx.base@20/com.sun.javafx.event.BasicEventDispatcher.dispatchEvent(BasicEventDispatcher.java:56)
	at javafx.base@20/com.sun.javafx.event.EventDispatchChainImpl.dispatchEvent(EventDispatchChainImpl.java:114)
	at javafx.base@20/com.sun.javafx.event.EventUtil.fireEventImpl(EventUtil.java:74)
	at javafx.base@20/com.sun.javafx.event.EventUtil.fireEvent(EventUtil.java:49)
	at javafx.base@20/javafx.event.Event.fireEvent(Event.java:198)
	at javafx.graphics@20/javafx.scene.Node.fireEvent(Node.java:8944)
	at javafx.controls@20/javafx.scene.control.Button.fire(Button.java:203)
	at javafx.controls@20/com.sun.javafx.scene.control.behavior.ButtonBehavior.mouseReleased(ButtonBehavior.java:207)
	at javafx.controls@20/com.sun.javafx.scene.control.inputmap.InputMap.handle(InputMap.java:274)
	at javafx.base@20/com.sun.javafx.event.CompositeEventHandler$NormalEventHandlerRecord.handleBubblingEvent(CompositeEventHandler.java:247)
	at javafx.base@20/com.sun.javafx.event.CompositeEventHandler.dispatchBubblingEvent(CompositeEventHandler.java:80)
	at javafx.base@20/com.sun.javafx.event.EventHandlerManager.dispatchBubblingEvent(EventHandlerManager.java:232)
	at javafx.base@20/com.sun.javafx.event.EventHandlerManager.dispatchBubblingEvent(EventHandlerManager.java:189)
	at javafx.base@20/com.sun.javafx.event.CompositeEventDispatcher.dispatchBubblingEvent(CompositeEventDispatcher.java:59)
	at javafx.base@20/com.sun.javafx.event.BasicEventDispatcher.dispatchEvent(BasicEventDispatcher.java:58)
	at javafx.base@20/com.sun.javafx.event.EventDispatchChainImpl.dispatchEvent(EventDispatchChainImpl.java:114)
	at javafx.base@20/com.sun.javafx.event.BasicEventDispatcher.dispatchEvent(BasicEventDispatcher.java:56)
	at javafx.base@20/com.sun.javafx.event.EventDispatchChainImpl.dispatchEvent(EventDispatchChainImpl.java:114)
	at javafx.base@20/com.sun.javafx.event.BasicEventDispatcher.dispatchEvent(BasicEventDispatcher.java:56)
	at javafx.base@20/com.sun.javafx.event.EventDispatchChainImpl.dispatchEvent(EventDispatchChainImpl.java:114)
	at javafx.base@20/com.sun.javafx.event.EventUtil.fireEventImpl(EventUtil.java:74)
	at javafx.base@20/com.sun.javafx.event.EventUtil.fireEvent(EventUtil.java:54)
	at javafx.base@20/javafx.event.Event.fireEvent(Event.java:198)
	at javafx.graphics@20/javafx.scene.Scene$MouseHandler.process(Scene.java:3980)
	at javafx.graphics@20/javafx.scene.Scene.processMouseEvent(Scene.java:1890)
	at javafx.graphics@20/javafx.scene.Scene$ScenePeerListener.mouseEvent(Scene.java:2704)
	at javafx.graphics@20/com.sun.javafx.tk.quantum.GlassViewEventHandler$MouseEventNotification.run(GlassViewEventHandler.java:411)
	at javafx.graphics@20/com.sun.javafx.tk.quantum.GlassViewEventHandler$MouseEventNotification.run(GlassViewEventHandler.java:301)
	at java.base/java.security.AccessController.doPrivileged(AccessController.java:400)
	at javafx.graphics@20/com.sun.javafx.tk.quantum.GlassViewEventHandler.lambda$handleMouseEvent$2(GlassViewEventHandler.java:450)
	at javafx.graphics@20/com.sun.javafx.tk.quantum.QuantumToolkit.runWithoutRenderLock(QuantumToolkit.java:424)
	at javafx.graphics@20/com.sun.javafx.tk.quantum.GlassViewEventHandler.handleMouseEvent(GlassViewEventHandler.java:449)
	at javafx.graphics@20/com.sun.glass.ui.View.handleMouseEvent(View.java:551)
	at javafx.graphics@20/com.sun.glass.ui.View.notifyMouse(View.java:937)
	at javafx.graphics@20/com.sun.glass.ui.gtk.GtkApplication._runLoop(Native Method)
	at javafx.graphics@20/com.sun.glass.ui.gtk.GtkApplication.lambda$runLoop$11(GtkApplication.java:316)
	at java.base/java.lang.Thread.run(Thread.java:1583)

19:39:31.551 [JavaFX Application Thread] FATAL FXGLApplication      - Application will now exit
19:39:31.568 [JavaFX Application Thread] DEBUG PrimaryStageWindow   - Push state: ErrorSubScene
19:39:31.568 [JavaFX Application Thread] DEBUG Input                - Clearing active input actions
19:39:31.569 [JavaFX Application Thread] DEBUG GameApplicationServi - Removing overlay from GameScene and adding to ErrorSubScene
19:39:31.577 [JavaFX Application Thread] DEBUG PrimaryStageWindow   - GameScene -> ErrorSubScene
19:39:36.943 [JavaFX Application Thread] DEBUG FXGLApplication      - Exiting FXGL
19:39:36.943 [JavaFX Application Thread] DEBUG Async                - Shutting down background threads
19:39:36.943 [JavaFX Application Thread] DEBUG PrimaryStageWindow   - Closing main window
19:39:36.948 [JavaFX Application Thread] DEBUG Logger               - Closing Logger
