04:24:31.582 [main                     ] DEBUG Logger               - Configured Logger
04:24:31.602 [main                     ] DEBUG GameApplication      - Logging settings
Title: Pruebas en FXGL
Version: 0.0
Width: 1920
Height: 1080
Fullscreen: false
Intro: false
Profiling: false
Single step:false
App Mode: DEVELOPER
Menu Key: ESCAPE
Stage Style: DECORATED
Scene Factory: class App.Game.GameApp$1

04:24:31.774 [JavaFX Application Thread] DEBUG FXGLApplication      - Initializing FXGL
04:24:31.777 [JavaFX Application Thread] INFO  Engine               - FXGL-21.1 (27.03.2024 07.52) on LINUX (J:21.0.6 FX:21.0.1)
04:24:31.778 [JavaFX Application Thread] DEBUG Engine               - JRE Vendor Name: Oracle Corporation
04:24:31.778 [JavaFX Application Thread] DEBUG Engine               - Running on OS: Linux version 6.8.0-55-generic
04:24:31.778 [JavaFX Application Thread] DEBUG Engine               - Architecture: amd64
04:24:31.778 [JavaFX Application Thread] INFO  Engine               - Source code and latest versions at: https://github.com/AlmasB/FXGL
04:24:31.778 [JavaFX Application Thread] INFO  Engine               -       Ask questions and discuss at: https://github.com/AlmasB/FXGL/discussions
04:24:31.779 [JavaFX Application Thread] INFO  Engine               -              Join the FXGL chat at: https://gitter.im/AlmasB/FXGL
04:24:31.841 [JavaFX Application Thread] DEBUG PrimaryStageWindow   - Creating a JavaFX scene
04:24:31.842 [JavaFX Application Thread] DEBUG PrimaryStageWindow   - Target size > screen size
04:24:31.924 [JavaFX Application Thread] DEBUG PrimaryStageWindow   - Target settings size: 1920.0 x 1080.0
04:24:31.924 [JavaFX Application Thread] DEBUG PrimaryStageWindow   - Scaled scene size:    1660.0 x 947.0
04:24:31.924 [JavaFX Application Thread] DEBUG PrimaryStageWindow   - Scaled ratio: (0.8645833333333334, 0.8768518518518519)
04:24:31.925 [JavaFX Application Thread] DEBUG PrimaryStageWindow   - Set initial scene to FXGLStartupScene
04:24:31.928 [JavaFX Application Thread] DEBUG PrimaryStageWindow   - Opening main window
04:24:31.955 [JavaFX Application Thread] DEBUG PrimaryStageWindow   - Window border size: (0.006103515625, 35.0)
04:24:31.955 [JavaFX Application Thread] DEBUG PrimaryStageWindow   - Scaled size: 1660.0 x 912.2761840820312
04:24:31.955 [JavaFX Application Thread] DEBUG PrimaryStageWindow   - Scaled ratio: (0.8645833333333334, 0.8447001704463253)
04:24:31.955 [JavaFX Application Thread] DEBUG PrimaryStageWindow   - Scene size: 1660.0 x 947.0
04:24:31.955 [JavaFX Application Thread] DEBUG PrimaryStageWindow   - Stage size: 1660.006103515625 x 947.2761840820312
04:24:31.961 [FXGL Background Thread 1 ] DEBUG Engine               - Initializing environment variables
04:24:32.026 [FXGL Background Thread 1 ] DEBUG FXGLAssetLoaderServi - User app class for loading assets: class App.Game.GameApp
04:24:32.027 [FXGL Background Thread 1 ] DEBUG GameApplicationServi - Applying CSS: fxgl_dark.css
04:24:32.029 [FXGL Background Thread 1 ] DEBUG FXGLAssetLoaderServi - Loading from file system: jar:file:///home/avrann/.m2/repository/com/github/almasb/fxgl/21.1/fxgl-21.1.jar!/fxglassets/ui/css/fxgl_dark.css
04:24:32.076 [FXGL Background Thread 1 ] DEBUG GameApplicationServi - Initializing application scenes
04:24:32.121 [FXGL Background Thread 1 ] DEBUG GameWorld            - Game world initialized
04:24:32.180 [FXGL Background Thread 1 ] DEBUG PhysicsWorld         - Physics world initialized: appHeight=1080, physics.ppm=50.0
04:24:32.180 [FXGL Background Thread 1 ] DEBUG PhysicsWorld         - Using strategy: BRUTE_FORCE
04:24:32.182 [FXGL Background Thread 1 ] DEBUG GameScene            - Game scene initialized: 1920x1080
04:24:32.188 [FXGL Background Thread 1 ] DEBUG FXGL.DefaultMenu     - createMenuBodyMainMenu()
04:24:32.196 [FXGL Background Thread 1 ] DEBUG FXGL.DefaultMenu     - createOptionsMenu()
04:24:32.202 [FXGL Background Thread 1 ] DEBUG FXGLAssetLoaderServi - Loading from file system: jar:file:///home/avrann/.m2/repository/com/github/almasb/fxgl/21.1/fxgl-21.1.jar!/fxglassets/textures/particles/smoke.png
04:24:32.275 [FXGL Background Thread 1 ] DEBUG FXGLAssetLoaderServi - Loading from file system: jar:file:///home/avrann/.m2/repository/com/github/almasb/fxgl/21.1/fxgl-21.1.jar!/fxglassets/textures/particles/trace_horizontal.png
04:24:32.306 [FXGL Background Thread 1 ] DEBUG FXGLAssetLoaderServi - Loading from file system: file:/home/avrann/Escritorio/Repo%20Proyecto%20DPOO/jorge.carrillo-Proyecto-POO-2025/target/classes/assets/music/menu.wav
04:24:32.380 [FXGL Background Thread 1 ] DEBUG AudioPlayer          - Playing music com.almasb.fxgl.audio.Music@7b1fdb4c
04:24:32.382 [FXGL Background Thread 1 ] DEBUG FXGLAssetLoaderServi - Loading from file system: file:/home/avrann/Escritorio/Repo%20Proyecto%20DPOO/jorge.carrillo-Proyecto-POO-2025/target/classes/assets/textures/fondo.png
04:24:32.450 [FXGL Background Thread 1 ] DEBUG FXGL.DefaultMenu     - createMenuBodyGameMenu()
04:24:32.451 [FXGL Background Thread 1 ] DEBUG FXGL.DefaultMenu     - createOptionsMenu()
04:24:32.461 [FXGL Background Thread 1 ] DEBUG GameApplicationServi - Application scenes initialized
04:24:32.468 [FXGL Background Thread 1 ] DEBUG SystemBundleService  - Loading FXGL system data
04:24:32.471 [FXGL Background Thread 1 ] DEBUG FileSystemAccess     - Reading from: /home/avrann/Escritorio/Repo Proyecto DPOO/jorge.carrillo-Proyecto-POO-2025/system/fxgl.bundle
04:24:32.479 [FXGL Background Thread 1 ] DEBUG SystemBundleService  - Bundle FXGL: {}
04:24:32.479 [FXGL Background Thread 1 ] DEBUG UpdaterService       - Checking for updates
04:24:32.500 [FXGL Background Thread 4 ] DEBUG FXGLApplication      - Loading fonts
04:24:32.500 [FXGL Background Thread 4 ] DEBUG FXGLAssetLoaderServi - Loading from file system: jar:file:///home/avrann/.m2/repository/com/github/almasb/fxgl/21.1/fxgl-21.1.jar!/fxglassets/ui/fonts/VarelaRound-Regular.ttf
04:24:32.501 [FXGL Background Thread 1 ] DEBUG FXGLApplication      - Loading default localization
04:24:32.501 [FXGL Background Thread 1 ] DEBUG FXGLAssetLoaderServi - Loading from file system: jar:file:///home/avrann/.m2/repository/com/github/almasb/fxgl/21.1/fxgl-21.1.jar!/fxglassets/languages/english.lang
04:24:32.517 [FXGL Background Thread 1 ] INFO  FXGLApplication      - FXGL initialization took: 0.556 sec
04:24:32.517 [FXGL Background Thread 4 ] DEBUG FXGLAssetLoaderServi - Loading from file system: jar:file:///home/avrann/.m2/repository/com/github/almasb/fxgl/21.1/fxgl-21.1.jar!/fxglassets/ui/fonts/Abel-Regular.ttf
04:24:32.517 [JavaFX Application Thread] DEBUG FXGLAssetLoaderServi - Loading from file system: jar:file:///home/avrann/.m2/repository/com/github/almasb/fxgl/21.1/fxgl-21.1.jar!/fxglassets/textures/fxgl_icon.png
04:24:32.521 [FXGL Background Thread 4 ] DEBUG FXGLAssetLoaderServi - Loading from file system: jar:file:///home/avrann/.m2/repository/com/github/almasb/fxgl/21.1/fxgl-21.1.jar!/fxglassets/ui/fonts/TerminalLandMono-Regular.otf
04:24:32.523 [FXGL Background Thread 4 ] DEBUG FXGLAssetLoaderServi - Loading from file system: jar:file:///home/avrann/.m2/repository/com/github/almasb/fxgl/21.1/fxgl-21.1.jar!/fxglassets/ui/fonts/Courier-Prime.ttf
04:24:32.538 [JavaFX Application Thread] DEBUG FXGLAssetLoaderServi - Loading from file system: jar:file:///home/avrann/.m2/repository/com/github/almasb/fxgl/21.1/fxgl-21.1.jar!/fxglassets/textures/fxgl_default_cursor.png
04:24:32.548 [JavaFX Application Thread] DEBUG Input                - Registered new binding: Screenshot - CTRL+8
04:24:32.548 [JavaFX Application Thread] DEBUG Input                - Registered new binding: Dev Options - 1
04:24:32.548 [JavaFX Application Thread] DEBUG Input                - Registered new binding: Dev Console - 2
04:24:32.549 [JavaFX Application Thread] DEBUG Input                - Registered new binding: System info dump - CTRL+9
04:24:32.549 [JavaFX Application Thread] DEBUG Input                - Registered new binding: Restart - CTRL+R
04:24:32.549 [JavaFX Application Thread] DEBUG Input                - Registered new binding: Toggle Debug Camera - CTRL+7
04:24:32.551 [JavaFX Application Thread] DEBUG LoopRunner           - Starting loop
04:24:32.574 [JavaFX Application Thread] DEBUG LoopRunner           - Initializing JavaFX AnimationTimerLoop
04:24:32.579 [JavaFX Application Thread] DEBUG Input                - Clearing active input actions
04:24:32.594 [JavaFX Application Thread] DEBUG GameApplicationServi - Removing overlay from FXGLStartupScene and adding to FXGLMainMenuDummyScene
04:24:32.599 [JavaFX Application Thread] DEBUG PrimaryStageWindow   - FXGLStartupScene -> FXGLMainMenuDummyScene
04:24:32.599 [JavaFX Application Thread] DEBUG PrimaryStageWindow   - Push state: MyMenu
04:24:32.602 [JavaFX Application Thread] DEBUG Input                - Clearing active input actions
04:24:32.607 [JavaFX Application Thread] DEBUG GameApplicationServi - Removing overlay from FXGLMainMenuDummyScene and adding to MyMenu
04:24:32.607 [JavaFX Application Thread] DEBUG PrimaryStageWindow   - FXGLMainMenuDummyScene -> MyMenu
04:24:32.608 [JavaFX Application Thread] DEBUG FXGLApplication      - Registering font factories with UI factory
04:24:34.551 [JavaFX Application Thread] DEBUG Menu                 - fireNewGame()
04:24:34.551 [JavaFX Application Thread] DEBUG GameApplicationServi - Starting new game
04:24:34.554 [JavaFX Application Thread] DEBUG PrimaryStageWindow   - Pop state: MyMenu
04:24:34.554 [JavaFX Application Thread] DEBUG Input                - Clearing active input actions
04:24:34.557 [JavaFX Application Thread] DEBUG GameApplicationServi - Removing overlay from MyMenu and adding to FXGLMainMenuDummyScene
04:24:34.563 [JavaFX Application Thread] DEBUG PrimaryStageWindow   - FXGLMainMenuDummyScene <- MyMenu
04:24:34.563 [JavaFX Application Thread] DEBUG Input                - Clearing active input actions
04:24:34.574 [JavaFX Application Thread] DEBUG GameApplicationServi - Removing overlay from FXGLMainMenuDummyScene and adding to FXGLLoadingScene
04:24:34.575 [JavaFX Application Thread] DEBUG PrimaryStageWindow   - FXGLMainMenuDummyScene -> FXGLLoadingScene
04:24:34.575 [JavaFX Application Thread] DEBUG GameApplicationServi - Clearing previous game
04:24:34.575 [JavaFX Application Thread] DEBUG GameScene            - Clearing game scene
04:24:34.575 [JavaFX Application Thread] DEBUG GameWorld            - Clearing game world
04:24:34.575 [JavaFX Application Thread] DEBUG PhysicsWorld         - Clearing physics world
04:24:34.578 [FXGL Background Thread 2 ] DEBUG FXGLApplication      - Initializing game
04:24:34.794 [FXGL Background Thread 2 ] DEBUG AudioPlayer          - Stopping music com.almasb.fxgl.audio.Music@7b1fdb4c
04:24:34.837 [FXGL Background Thread 2 ] DEBUG FXGLAssetLoaderServi - Loading from file system: file:/home/avrann/Escritorio/Repo%20Proyecto%20DPOO/jorge.carrillo-Proyecto-POO-2025/target/classes/assets/music/loading.wav
04:24:34.847 [FXGL Background Thread 2 ] DEBUG AudioPlayer          - Playing music com.almasb.fxgl.audio.Music@14774099
04:24:34.903 [FXGL Background Thread 2 ] DEBUG TMXLevelLoader       - Parsed TiledMap: file:/home/avrann/Escritorio/Repo%20Proyecto%20DPOO/jorge.carrillo-Proyecto-POO-2025/target/classes/assets/levels/level_01.tmx
04:24:34.904 [FXGL Background Thread 2 ] DEBUG TMXLevelLoader       - Creating tile layer entities
04:24:34.909 [FXGL Background Thread 2 ] DEBUG TilesetLoader        - Loading view for layer Capa de patrones 1
04:24:34.911 [FXGL Background Thread 2 ] DEBUG TilesetLoader        - Created buffer with size 2000.0x1500.0
04:24:34.946 [FXGL Background Thread 2 ] WARN  TilesetLoader        - Diagonally flipped tiles are not currently supported
04:24:34.949 [FXGL Background Thread 2 ] WARN  TilesetLoader        - Diagonally flipped tiles are not currently supported
04:24:34.950 [FXGL Background Thread 2 ] WARN  TilesetLoader        - Diagonally flipped tiles are not currently supported
04:24:34.951 [FXGL Background Thread 2 ] WARN  TilesetLoader        - Diagonally flipped tiles are not currently supported
04:24:34.955 [FXGL Background Thread 2 ] WARN  TilesetLoader        - Diagonally flipped tiles are not currently supported
04:24:34.960 [FXGL Background Thread 2 ] WARN  TilesetLoader        - Diagonally flipped tiles are not currently supported
04:24:34.961 [FXGL Background Thread 2 ] WARN  TilesetLoader        - Diagonally flipped tiles are not currently supported
04:24:34.962 [FXGL Background Thread 2 ] WARN  TilesetLoader        - Diagonally flipped tiles are not currently supported
04:24:34.963 [FXGL Background Thread 2 ] WARN  TilesetLoader        - Diagonally flipped tiles are not currently supported
04:24:34.965 [FXGL Background Thread 2 ] WARN  TilesetLoader        - Diagonally flipped tiles are not currently supported
04:24:34.966 [FXGL Background Thread 2 ] WARN  TilesetLoader        - Diagonally flipped tiles are not currently supported
04:24:34.966 [FXGL Background Thread 2 ] DEBUG TilesetLoader        - Loading view for layer Capa de Decoracion
04:24:34.972 [FXGL Background Thread 2 ] DEBUG TilesetLoader        - Created buffer with size 2000.0x1500.0
04:24:34.992 [FXGL Background Thread 2 ] WARN  TilesetLoader        - Diagonally flipped tiles are not currently supported
04:24:34.993 [FXGL Background Thread 2 ] WARN  TilesetLoader        - Diagonally flipped tiles are not currently supported
04:24:34.993 [FXGL Background Thread 2 ] WARN  TilesetLoader        - Diagonally flipped tiles are not currently supported
04:24:34.994 [FXGL Background Thread 2 ] WARN  TilesetLoader        - Diagonally flipped tiles are not currently supported
04:24:34.995 [FXGL Background Thread 2 ] DEBUG TMXLevelLoader       - Creating object layer entities
04:24:35.024 [FXGL Background Thread 2 ] DEBUG GameWorld            - Clearing removable entities
04:24:35.078 [FXGL Background Thread 2 ] DEBUG GameWorld            - Setting level: com.almasb.fxgl.entity.level.Level@51182216
04:24:35.108 [FXGL Background Thread 2 ] DEBUG FXGLAssetLoaderServi - Loading from file system: file:/home/avrann/Escritorio/Repo%20Proyecto%20DPOO/jorge.carrillo-Proyecto-POO-2025/target/classes/assets/textures/droidatack_basic.png
04:24:35.112 [FXGL Background Thread 2 ] DEBUG FXGLAssetLoaderServi - Loading from file system: file:/home/avrann/Escritorio/Repo%20Proyecto%20DPOO/jorge.carrillo-Proyecto-POO-2025/target/classes/assets/textures/droididle.png
04:24:35.115 [FXGL Background Thread 2 ] WARN  FXGLAssetLoaderServi - Asset "/assets/textures/droidcaminando.png" was not found!
04:24:35.115 [FXGL Background Thread 2 ] WARN  FXGLAssetLoaderServi - Failed to load IMAGE
04:24:35.128 [FXGL Background Thread 2 ] WARN  FXGLAssetLoaderServi - Asset "/assets/textures/droidadelante.png" was not found!
04:24:35.128 [FXGL Background Thread 2 ] WARN  FXGLAssetLoaderServi - Failed to load IMAGE
04:24:35.129 [FXGL Background Thread 2 ] WARN  FXGLAssetLoaderServi - Asset "/assets/textures/droidatras.png" was not found!
04:24:35.129 [FXGL Background Thread 2 ] WARN  FXGLAssetLoaderServi - Failed to load IMAGE
04:24:35.129 [FXGL Background Thread 2 ] DEBUG FXGLAssetLoaderServi - Loading from file system: file:/home/avrann/Escritorio/Repo%20Proyecto%20DPOO/jorge.carrillo-Proyecto-POO-2025/target/classes/assets/textures/droiddeat.png
04:24:35.133 [FXGL Background Thread 2 ] WARN  GameWorld            - Entity is already attached to world
04:24:35.134 [FXGL Background Thread 2 ] WARN  FXGLAssetLoaderServi - Asset "/assets/textures/droidcaminando.png" was not found!
04:24:35.135 [FXGL Background Thread 2 ] WARN  FXGLAssetLoaderServi - Failed to load IMAGE
04:24:35.135 [FXGL Background Thread 2 ] WARN  FXGLAssetLoaderServi - Asset "/assets/textures/droidadelante.png" was not found!
04:24:35.135 [FXGL Background Thread 2 ] WARN  FXGLAssetLoaderServi - Failed to load IMAGE
04:24:35.135 [FXGL Background Thread 2 ] WARN  FXGLAssetLoaderServi - Asset "/assets/textures/droidatras.png" was not found!
04:24:35.135 [FXGL Background Thread 2 ] WARN  FXGLAssetLoaderServi - Failed to load IMAGE
04:24:35.136 [FXGL Background Thread 2 ] WARN  GameWorld            - Entity is already attached to world
04:24:35.136 [FXGL Background Thread 2 ] DEBUG FXGLAssetLoaderServi - Loading from file system: file:/home/avrann/Escritorio/Repo%20Proyecto%20DPOO/jorge.carrillo-Proyecto-POO-2025/target/classes/assets/textures/droid2atack_basic.png
04:24:35.137 [FXGL Background Thread 2 ] DEBUG FXGLAssetLoaderServi - Loading from file system: file:/home/avrann/Escritorio/Repo%20Proyecto%20DPOO/jorge.carrillo-Proyecto-POO-2025/target/classes/assets/textures/droid2idle.png
04:24:35.138 [FXGL Background Thread 2 ] WARN  FXGLAssetLoaderServi - Asset "/assets/textures/droid2caminando.png" was not found!
04:24:35.138 [FXGL Background Thread 2 ] WARN  FXGLAssetLoaderServi - Failed to load IMAGE
04:24:35.139 [FXGL Background Thread 2 ] WARN  FXGLAssetLoaderServi - Asset "/assets/textures/droid2adelante.png" was not found!
04:24:35.139 [FXGL Background Thread 2 ] WARN  FXGLAssetLoaderServi - Failed to load IMAGE
04:24:35.139 [FXGL Background Thread 2 ] WARN  FXGLAssetLoaderServi - Asset "/assets/textures/droid2atras.png" was not found!
04:24:35.139 [FXGL Background Thread 2 ] WARN  FXGLAssetLoaderServi - Failed to load IMAGE
04:24:35.139 [FXGL Background Thread 2 ] DEBUG FXGLAssetLoaderServi - Loading from file system: file:/home/avrann/Escritorio/Repo%20Proyecto%20DPOO/jorge.carrillo-Proyecto-POO-2025/target/classes/assets/textures/droid2deat.png
04:24:35.141 [FXGL Background Thread 2 ] WARN  GameWorld            - Entity is already attached to world
04:24:35.142 [FXGL Background Thread 2 ] WARN  FXGLAssetLoaderServi - Asset "/assets/textures/droid2caminando.png" was not found!
04:24:35.142 [FXGL Background Thread 2 ] WARN  FXGLAssetLoaderServi - Failed to load IMAGE
04:24:35.143 [FXGL Background Thread 2 ] WARN  FXGLAssetLoaderServi - Asset "/assets/textures/droid2adelante.png" was not found!
04:24:35.143 [FXGL Background Thread 2 ] WARN  FXGLAssetLoaderServi - Failed to load IMAGE
04:24:35.143 [FXGL Background Thread 2 ] WARN  FXGLAssetLoaderServi - Asset "/assets/textures/droid2atras.png" was not found!
04:24:35.143 [FXGL Background Thread 2 ] WARN  FXGLAssetLoaderServi - Failed to load IMAGE
04:24:35.143 [FXGL Background Thread 2 ] WARN  GameWorld            - Entity is already attached to world
04:24:35.144 [FXGL Background Thread 2 ] DEBUG FXGLAssetLoaderServi - Loading from file system: file:/home/avrann/Escritorio/Repo%20Proyecto%20DPOO/jorge.carrillo-Proyecto-POO-2025/target/classes/assets/textures/droid3atack_basic.png
04:24:35.146 [FXGL Background Thread 2 ] DEBUG FXGLAssetLoaderServi - Loading from file system: file:/home/avrann/Escritorio/Repo%20Proyecto%20DPOO/jorge.carrillo-Proyecto-POO-2025/target/classes/assets/textures/droid3idle.png
04:24:35.147 [FXGL Background Thread 2 ] WARN  FXGLAssetLoaderServi - Asset "/assets/textures/droid3caminando.png" was not found!
04:24:35.147 [FXGL Background Thread 2 ] WARN  FXGLAssetLoaderServi - Failed to load IMAGE
04:24:35.147 [FXGL Background Thread 2 ] WARN  FXGLAssetLoaderServi - Asset "/assets/textures/droid3adelante.png" was not found!
04:24:35.147 [FXGL Background Thread 2 ] WARN  FXGLAssetLoaderServi - Failed to load IMAGE
04:24:35.147 [FXGL Background Thread 2 ] WARN  FXGLAssetLoaderServi - Asset "/assets/textures/droid3atras.png" was not found!
04:24:35.147 [FXGL Background Thread 2 ] WARN  FXGLAssetLoaderServi - Failed to load IMAGE
04:24:35.147 [FXGL Background Thread 2 ] DEBUG FXGLAssetLoaderServi - Loading from file system: file:/home/avrann/Escritorio/Repo%20Proyecto%20DPOO/jorge.carrillo-Proyecto-POO-2025/target/classes/assets/textures/droid3deat.png
04:24:35.149 [FXGL Background Thread 2 ] WARN  GameWorld            - Entity is already attached to world
04:24:35.152 [FXGL Background Thread 2 ] WARN  FXGLAssetLoaderServi - Asset "/assets/textures/droid3caminando.png" was not found!
04:24:35.152 [FXGL Background Thread 2 ] WARN  FXGLAssetLoaderServi - Failed to load IMAGE
04:24:35.153 [FXGL Background Thread 2 ] WARN  FXGLAssetLoaderServi - Asset "/assets/textures/droid3adelante.png" was not found!
04:24:35.153 [FXGL Background Thread 2 ] WARN  FXGLAssetLoaderServi - Failed to load IMAGE
04:24:35.153 [FXGL Background Thread 2 ] WARN  FXGLAssetLoaderServi - Asset "/assets/textures/droid3atras.png" was not found!
04:24:35.153 [FXGL Background Thread 2 ] WARN  FXGLAssetLoaderServi - Failed to load IMAGE
04:24:35.153 [FXGL Background Thread 2 ] WARN  GameWorld            - Entity is already attached to world
04:24:35.156 [FXGL Background Thread 2 ] DEBUG FXGLAssetLoaderServi - Loading from file system: file:/home/avrann/Escritorio/Repo%20Proyecto%20DPOO/jorge.carrillo-Proyecto-POO-2025/target/classes/assets/textures/cyborgatack_special.png
04:24:35.160 [FXGL Background Thread 2 ] DEBUG FXGLAssetLoaderServi - Loading from file system: file:/home/avrann/Escritorio/Repo%20Proyecto%20DPOO/jorge.carrillo-Proyecto-POO-2025/target/classes/assets/textures/cyborgatack_basic.png
04:24:35.163 [FXGL Background Thread 2 ] DEBUG FXGLAssetLoaderServi - Loading from file system: file:/home/avrann/Escritorio/Repo%20Proyecto%20DPOO/jorge.carrillo-Proyecto-POO-2025/target/classes/assets/textures/cyborgidle.png
04:24:35.164 [FXGL Background Thread 2 ] DEBUG FXGLAssetLoaderServi - Loading from file system: file:/home/avrann/Escritorio/Repo%20Proyecto%20DPOO/jorge.carrillo-Proyecto-POO-2025/target/classes/assets/textures/cyborgcaminando.png
04:24:35.165 [FXGL Background Thread 2 ] DEBUG FXGLAssetLoaderServi - Loading from file system: file:/home/avrann/Escritorio/Repo%20Proyecto%20DPOO/jorge.carrillo-Proyecto-POO-2025/target/classes/assets/textures/cyborgadelante.png
04:24:35.166 [FXGL Background Thread 2 ] DEBUG FXGLAssetLoaderServi - Loading from file system: file:/home/avrann/Escritorio/Repo%20Proyecto%20DPOO/jorge.carrillo-Proyecto-POO-2025/target/classes/assets/textures/cyborgatras.png
04:24:35.167 [FXGL Background Thread 2 ] DEBUG FXGLAssetLoaderServi - Loading from file system: file:/home/avrann/Escritorio/Repo%20Proyecto%20DPOO/jorge.carrillo-Proyecto-POO-2025/target/classes/assets/textures/cyborgdeat.png
04:24:35.171 [FXGL Background Thread 2 ] WARN  GameWorld            - Entity is already attached to world
04:24:35.173 [FXGL Background Thread 2 ] DEBUG FXGLAssetLoaderServi - Loading from file system: file:/home/avrann/Escritorio/Repo%20Proyecto%20DPOO/jorge.carrillo-Proyecto-POO-2025/target/classes/assets/textures/lifeitem.png
04:24:35.175 [FXGL Background Thread 2 ] WARN  GameWorld            - Entity is already attached to world
04:24:35.176 [FXGL Background Thread 2 ] WARN  GameWorld            - Entity is already attached to world
04:24:35.176 [FXGL Background Thread 2 ] DEBUG FXGLAssetLoaderServi - Loading from file system: file:/home/avrann/Escritorio/Repo%20Proyecto%20DPOO/jorge.carrillo-Proyecto-POO-2025/target/classes/assets/textures/atackitem.png
04:24:35.178 [FXGL Background Thread 2 ] WARN  GameWorld            - Entity is already attached to world
04:24:35.179 [FXGL Background Thread 2 ] WARN  GameWorld            - Entity is already attached to world
04:24:35.179 [FXGL Background Thread 2 ] DEBUG Input                - Registered new binding: Mover Arriba - W
04:24:35.179 [FXGL Background Thread 2 ] DEBUG Input                - Registered new binding: Mover Abajo - S
04:24:35.179 [FXGL Background Thread 2 ] DEBUG Input                - Registered new binding: Mover Izquierda - A
04:24:35.179 [FXGL Background Thread 2 ] DEBUG Input                - Registered new binding: Mover Derecha - D
04:24:35.180 [FXGL Background Thread 2 ] DEBUG FXGLAssetLoaderServi - Loading from file system: file:/home/avrann/Escritorio/Repo%20Proyecto%20DPOO/jorge.carrillo-Proyecto-POO-2025/target/classes/assets/textures/botonGameMenu.png
04:24:35.181 [FXGL Background Thread 2 ] DEBUG FXGLAssetLoaderServi - Loading from file system: file:/home/avrann/Escritorio/Repo%20Proyecto%20DPOO/jorge.carrillo-Proyecto-POO-2025/target/classes/assets/textures/buttonMainMenu.png
04:24:35.182 [FXGL Background Thread 2 ] DEBUG FXGLAssetLoaderServi - Loading from file system: file:/home/avrann/Escritorio/Repo%20Proyecto%20DPOO/jorge.carrillo-Proyecto-POO-2025/target/classes/assets/textures/specialPointBar.png
04:24:35.184 [FXGL Background Thread 2 ] DEBUG FXGLAssetLoaderServi - Loading from file system: file:/home/avrann/Escritorio/Repo%20Proyecto%20DPOO/jorge.carrillo-Proyecto-POO-2025/target/classes/assets/textures/statBar.png
04:24:35.187 [FXGL Background Thread 2 ] DEBUG FXGLAssetLoaderServi - Loading from file system: file:/home/avrann/Escritorio/Repo%20Proyecto%20DPOO/jorge.carrillo-Proyecto-POO-2025/target/classes/assets/textures/statAtackBar.png
04:24:35.189 [FXGL Background Thread 2 ] DEBUG FXGLAssetLoaderServi - Loading from file system: file:/home/avrann/Escritorio/Repo%20Proyecto%20DPOO/jorge.carrillo-Proyecto-POO-2025/target/classes/assets/textures/specialPoint.png
04:24:35.190 [FXGL Background Thread 2 ] DEBUG FXGLAssetLoaderServi - Loading from file system: file:/home/avrann/Escritorio/Repo%20Proyecto%20DPOO/jorge.carrillo-Proyecto-POO-2025/target/classes/assets/textures/atackSpecialButton.png
04:24:35.191 [FXGL Background Thread 2 ] DEBUG FXGLAssetLoaderServi - Loading from file system: file:/home/avrann/Escritorio/Repo%20Proyecto%20DPOO/jorge.carrillo-Proyecto-POO-2025/target/classes/assets/textures/barra_enemigo.png
04:24:35.192 [FXGL Background Thread 2 ] DEBUG FXGLAssetLoaderServi - Loading from file system: file:/home/avrann/Escritorio/Repo%20Proyecto%20DPOO/jorge.carrillo-Proyecto-POO-2025/target/classes/assets/textures/life_point_enemi.png
04:24:35.193 [FXGL Background Thread 2 ] DEBUG FXGLAssetLoaderServi - Loading from file system: file:/home/avrann/Escritorio/Repo%20Proyecto%20DPOO/jorge.carrillo-Proyecto-POO-2025/target/classes/assets/textures/life_bar.png
04:24:35.194 [FXGL Background Thread 2 ] DEBUG FXGLAssetLoaderServi - Loading from file system: file:/home/avrann/Escritorio/Repo%20Proyecto%20DPOO/jorge.carrillo-Proyecto-POO-2025/target/classes/assets/textures/life_point.png
04:24:35.195 [FXGL Background Thread 2 ] DEBUG FXGLAssetLoaderServi - Loading from file system: file:/home/avrann/Escritorio/Repo%20Proyecto%20DPOO/jorge.carrillo-Proyecto-POO-2025/target/classes/assets/textures/atackBasicButton.png
04:24:35.195 [FXGL Background Thread 2 ] DEBUG FXGLAssetLoaderServi - Loading from file system: file:/home/avrann/Escritorio/Repo%20Proyecto%20DPOO/jorge.carrillo-Proyecto-POO-2025/target/classes/assets/textures/combat_panel.png
04:24:35.214 [FXGL Background Thread 2 ] INFO  FXGLApplication      - Game initialization took: 0.636 sec
04:24:35.227 [JavaFX Application Thread] DEBUG Input                - Clearing active input actions
04:24:35.255 [JavaFX Application Thread] DEBUG GameApplicationServi - Removing overlay from FXGLLoadingScene and adding to GameScene
04:24:35.262 [JavaFX Application Thread] DEBUG PrimaryStageWindow   - FXGLLoadingScene -> GameScene
04:24:35.497 [FXGL Background Thread 3 ] DEBUG Engine               - Logging environment variables
04:24:35.498 [FXGL Background Thread 3 ] DEBUG Engine               - achievements: []
04:24:35.498 [FXGL Background Thread 3 ] DEBUG Engine               - actualHeight: 912.2761840820312
04:24:35.498 [FXGL Background Thread 3 ] DEBUG Engine               - actualHeightProperty: ReadOnlyDoubleProperty [value: 941.3671875]
04:24:35.498 [FXGL Background Thread 3 ] DEBUG Engine               - actualWidth: 1660.0
04:24:35.498 [FXGL Background Thread 3 ] DEBUG Engine               - actualWidthProperty: ReadOnlyDoubleProperty [value: 1660.0]
04:24:35.498 [FXGL Background Thread 3 ] DEBUG Engine               - appIcon: fxgl_icon.png
04:24:35.498 [FXGL Background Thread 3 ] DEBUG Engine               - applicationMode: DEVELOPER
04:24:35.498 [FXGL Background Thread 3 ] DEBUG Engine               - cSSList: [fxgl_dark.css]
04:24:35.498 [FXGL Background Thread 3 ] DEBUG Engine               - collisionDetectionStrategy: BRUTE_FORCE
04:24:35.499 [FXGL Background Thread 3 ] DEBUG Engine               - configClass: Optional.empty
04:24:35.499 [FXGL Background Thread 3 ] DEBUG Engine               - credits: []
04:24:35.499 [FXGL Background Thread 3 ] DEBUG Engine               - defaultCursor: CursorInfo(imageName=fxgl_default_cursor.png, hotspotX=7.0, hotspotY=6.0)
04:24:35.499 [FXGL Background Thread 3 ] DEBUG Engine               - devBBoxColorProperty: ObjectProperty [value: 0xff0000ff]
04:24:35.499 [FXGL Background Thread 3 ] DEBUG Engine               - devEnableDebugCameraProperty: BooleanProperty [value: false]
04:24:35.500 [FXGL Background Thread 3 ] DEBUG Engine               - devSensorColorProperty: ObjectProperty [value: 0xffff00ff]
04:24:35.500 [FXGL Background Thread 3 ] DEBUG Engine               - devShowBBoxProperty: BooleanProperty [value: false]
04:24:35.500 [FXGL Background Thread 3 ] DEBUG Engine               - devShowPositionProperty: BooleanProperty [value: false]
04:24:35.500 [FXGL Background Thread 3 ] DEBUG Engine               - enabledMenuItems: []
04:24:35.500 [FXGL Background Thread 3 ] DEBUG Engine               - engineServices: [class com.almasb.fxgl.app.services.FXGLAssetLoaderService, class com.almasb.fxgl.app.FXGLApplication$GameApplicationService, class com.almasb.fxgl.app.services.FXGLDialogService, class com.almasb.fxgl.app.services.IOTaskExecutorService, class com.almasb.fxgl.io.FileSystemService, class com.almasb.fxgl.localization.LocalizationService, class com.almasb.fxgl.app.services.SystemBundleService, class com.almasb.fxgl.profile.SaveLoadService, class com.almasb.fxgl.ui.FXGLUIFactoryServiceProvider, class com.almasb.fxgl.ui.FXGLDialogFactoryServiceProvider, class com.almasb.fxgl.audio.AudioPlayer, class com.almasb.fxgl.notification.impl.NotificationServiceProvider, class com.almasb.fxgl.achievement.AchievementService, class com.almasb.fxgl.cutscene.CutsceneService, class com.almasb.fxgl.minigames.MiniGameService, class com.almasb.fxgl.net.NetService, class com.almasb.fxgl.app.services.UpdaterService, class com.almasb.fxgl.dev.DevService]
04:24:35.500 [FXGL Background Thread 3 ] DEBUG Engine               - fontGame: Abel-Regular.ttf
04:24:35.500 [FXGL Background Thread 3 ] DEBUG Engine               - fontMono: TerminalLandMono-Regular.otf
04:24:35.500 [FXGL Background Thread 3 ] DEBUG Engine               - fontSizeScaleUI: 1.0
04:24:35.500 [FXGL Background Thread 3 ] DEBUG Engine               - fontText: Courier-Prime.ttf
04:24:35.500 [FXGL Background Thread 3 ] DEBUG Engine               - fontUI: VarelaRound-Regular.ttf
04:24:35.500 [FXGL Background Thread 3 ] DEBUG Engine               - fullScreen: BooleanProperty [value: false]
04:24:35.501 [FXGL Background Thread 3 ] DEBUG Engine               - gameDifficulty: MEDIUM
04:24:35.501 [FXGL Background Thread 3 ] DEBUG Engine               - gameDifficultyProperty: ObjectProperty [value: MEDIUM]
04:24:35.501 [FXGL Background Thread 3 ] DEBUG Engine               - globalMusicVolume: 0.5
04:24:35.501 [FXGL Background Thread 3 ] DEBUG Engine               - globalMusicVolumeProperty: DoubleProperty [value: 0.5]
04:24:35.501 [FXGL Background Thread 3 ] DEBUG Engine               - globalSoundVolume: 0.5
04:24:35.501 [FXGL Background Thread 3 ] DEBUG Engine               - globalSoundVolumeProperty: DoubleProperty [value: 0.5]
04:24:35.501 [FXGL Background Thread 3 ] DEBUG Engine               - height: 1080
04:24:35.501 [FXGL Background Thread 3 ] DEBUG Engine               - is3D: false
04:24:35.501 [FXGL Background Thread 3 ] DEBUG Engine               - isAndroid: false
04:24:35.501 [FXGL Background Thread 3 ] DEBUG Engine               - isBrowser: false
04:24:35.501 [FXGL Background Thread 3 ] DEBUG Engine               - isClickFeedbackEnabled: false
04:24:35.502 [FXGL Background Thread 3 ] DEBUG Engine               - isCloseConfirmation: false
04:24:35.502 [FXGL Background Thread 3 ] DEBUG Engine               - isDesktop: true
04:24:35.502 [FXGL Background Thread 3 ] DEBUG Engine               - isDeveloperMenuEnabled: true
04:24:35.502 [FXGL Background Thread 3 ] DEBUG Engine               - isEmbedded: false
04:24:35.502 [FXGL Background Thread 3 ] DEBUG Engine               - isEntityPreloadEnabled: true
04:24:35.502 [FXGL Background Thread 3 ] DEBUG Engine               - isExperimentalTiledLargeMap: false
04:24:35.502 [FXGL Background Thread 3 ] DEBUG Engine               - isFileSystemWriteAllowed: true
04:24:35.502 [FXGL Background Thread 3 ] DEBUG Engine               - isFullScreenAllowed: false
04:24:35.502 [FXGL Background Thread 3 ] DEBUG Engine               - isFullScreenFromStart: false
04:24:35.502 [FXGL Background Thread 3 ] DEBUG Engine               - isGameMenuEnabled: true
04:24:35.502 [FXGL Background Thread 3 ] DEBUG Engine               - isIOS: false
04:24:35.502 [FXGL Background Thread 3 ] DEBUG Engine               - isIntroEnabled: false
04:24:35.502 [FXGL Background Thread 3 ] DEBUG Engine               - isLinux: true
04:24:35.502 [FXGL Background Thread 3 ] DEBUG Engine               - isMac: false
04:24:35.503 [FXGL Background Thread 3 ] DEBUG Engine               - isMainMenuEnabled: true
04:24:35.503 [FXGL Background Thread 3 ] DEBUG Engine               - isManualResizeEnabled: false
04:24:35.503 [FXGL Background Thread 3 ] DEBUG Engine               - isMobile: false
04:24:35.503 [FXGL Background Thread 3 ] DEBUG Engine               - isNative: false
04:24:35.503 [FXGL Background Thread 3 ] DEBUG Engine               - isPauseMusicWhenMinimized: true
04:24:35.503 [FXGL Background Thread 3 ] DEBUG Engine               - isPreserveResizeRatio: false
04:24:35.503 [FXGL Background Thread 3 ] DEBUG Engine               - isProfilingEnabled: false
04:24:35.503 [FXGL Background Thread 3 ] DEBUG Engine               - isScaleAffectedOnResize: true
04:24:35.503 [FXGL Background Thread 3 ] DEBUG Engine               - isSingleStep: false
04:24:35.503 [FXGL Background Thread 3 ] DEBUG Engine               - isUserProfileEnabled: false
04:24:35.503 [FXGL Background Thread 3 ] DEBUG Engine               - isWindows: false
04:24:35.504 [FXGL Background Thread 3 ] DEBUG Engine               - language: ObjectProperty [value: ENGLISH]
04:24:35.504 [FXGL Background Thread 3 ] DEBUG Engine               - menuKey: ESCAPE
04:24:35.504 [FXGL Background Thread 3 ] DEBUG Engine               - mouseSensitivity: 0.2
04:24:35.504 [FXGL Background Thread 3 ] DEBUG Engine               - notificationViewClass: class com.almasb.fxgl.notification.view.XboxNotificationView
04:24:35.504 [FXGL Background Thread 3 ] DEBUG Engine               - pixelsPerMeter: 50.0
04:24:35.504 [FXGL Background Thread 3 ] DEBUG Engine               - platform: LINUX
04:24:35.504 [FXGL Background Thread 3 ] DEBUG Engine               - prefHeightProperty: ReadOnlyDoubleProperty [value: 1080.0]
04:24:35.504 [FXGL Background Thread 3 ] DEBUG Engine               - prefWidthProperty: ReadOnlyDoubleProperty [value: 1920.0]
04:24:35.504 [FXGL Background Thread 3 ] DEBUG Engine               - profileDir: profiles/
04:24:35.504 [FXGL Background Thread 3 ] DEBUG Engine               - profileName: StringProperty [value: DEFAULT]
04:24:35.504 [FXGL Background Thread 3 ] DEBUG Engine               - randomSeed: -1
04:24:35.505 [FXGL Background Thread 3 ] DEBUG Engine               - runtimeInfo: RuntimeInfo(platform=LINUX, version=21.1, build=27.03.2024 07.52)
04:24:35.505 [FXGL Background Thread 3 ] DEBUG Engine               - saveFileExt: sav
04:24:35.505 [FXGL Background Thread 3 ] DEBUG Engine               - scaledHeightProp$fxgl: DoubleProperty [bound, value: 941.3671875]
04:24:35.505 [FXGL Background Thread 3 ] DEBUG Engine               - scaledWidthProp$fxgl: DoubleProperty [bound, value: 1660.0]
04:24:35.505 [FXGL Background Thread 3 ] DEBUG Engine               - sceneFactory: App.Game.GameApp$1@309f0108
04:24:35.505 [FXGL Background Thread 3 ] DEBUG Engine               - secondsIn24h: 60
04:24:35.505 [FXGL Background Thread 3 ] DEBUG Engine               - soundMenuBack: menu/back.wav
04:24:35.505 [FXGL Background Thread 3 ] DEBUG Engine               - soundMenuPress: menu/press.wav
04:24:35.505 [FXGL Background Thread 3 ] DEBUG Engine               - soundMenuSelect: menu/select.wav
04:24:35.506 [FXGL Background Thread 3 ] DEBUG Engine               - soundNotification: core/notification.wav
04:24:35.506 [FXGL Background Thread 3 ] DEBUG Engine               - stageStyle: DECORATED
04:24:35.506 [FXGL Background Thread 3 ] DEBUG Engine               - supportedLanguages: [ENGLISH, FRENCH, GERMAN, HUNGARIAN, RUSSIAN]
04:24:35.506 [FXGL Background Thread 3 ] DEBUG Engine               - ticksPerSecond: -1
04:24:35.506 [FXGL Background Thread 3 ] DEBUG Engine               - title: Pruebas en FXGL
04:24:35.506 [FXGL Background Thread 3 ] DEBUG Engine               - urlGithub: https://github.com/AlmasB/FXGL
04:24:35.506 [FXGL Background Thread 3 ] DEBUG Engine               - urlLeaderboard: http://fxgl-top.herokuapp.com/
04:24:35.506 [FXGL Background Thread 3 ] DEBUG Engine               - urlPOM: https://raw.githubusercontent.com/AlmasB/FXGL/release/README.md
04:24:35.506 [FXGL Background Thread 3 ] DEBUG Engine               - userAppClass: class App.Game.GameApp
04:24:35.506 [FXGL Background Thread 3 ] DEBUG Engine               - version: 0.0
04:24:35.506 [FXGL Background Thread 3 ] DEBUG Engine               - versionCheckDays: 7
04:24:35.506 [FXGL Background Thread 3 ] DEBUG Engine               - width: 1920
04:24:35.506 [FXGL Background Thread 3 ] DEBUG Engine               - Logging services
04:24:35.506 [FXGL Background Thread 3 ] DEBUG Engine               - class com.almasb.fxgl.app.services.FXGLAssetLoaderService
04:24:35.506 [FXGL Background Thread 3 ] DEBUG Engine               - class com.almasb.fxgl.app.FXGLApplication$GameApplicationService
04:24:35.506 [FXGL Background Thread 3 ] DEBUG Engine               - class com.almasb.fxgl.app.services.FXGLDialogService
04:24:35.506 [FXGL Background Thread 3 ] DEBUG Engine               - class com.almasb.fxgl.app.services.IOTaskExecutorService
04:24:35.506 [FXGL Background Thread 3 ] DEBUG Engine               - class com.almasb.fxgl.io.FileSystemService
04:24:35.507 [FXGL Background Thread 3 ] DEBUG Engine               - class com.almasb.fxgl.localization.LocalizationService
04:24:35.507 [FXGL Background Thread 3 ] DEBUG Engine               - class com.almasb.fxgl.app.services.SystemBundleService
04:24:35.507 [FXGL Background Thread 3 ] DEBUG Engine               - class com.almasb.fxgl.profile.SaveLoadService
04:24:35.507 [FXGL Background Thread 3 ] DEBUG Engine               - class com.almasb.fxgl.ui.FXGLUIFactoryServiceProvider
04:24:35.507 [FXGL Background Thread 3 ] DEBUG Engine               - class com.almasb.fxgl.ui.FXGLDialogFactoryServiceProvider
04:24:35.507 [FXGL Background Thread 3 ] DEBUG Engine               - class com.almasb.fxgl.audio.AudioPlayer
04:24:35.507 [FXGL Background Thread 3 ] DEBUG Engine               - class com.almasb.fxgl.notification.impl.NotificationServiceProvider
04:24:35.507 [FXGL Background Thread 3 ] DEBUG Engine               - class com.almasb.fxgl.achievement.AchievementService
04:24:35.507 [FXGL Background Thread 3 ] DEBUG Engine               - class com.almasb.fxgl.cutscene.CutsceneService
04:24:35.507 [FXGL Background Thread 3 ] DEBUG Engine               - class com.almasb.fxgl.minigames.MiniGameService
04:24:35.507 [FXGL Background Thread 3 ] DEBUG Engine               - class com.almasb.fxgl.net.NetService
04:24:35.507 [FXGL Background Thread 3 ] DEBUG Engine               - class com.almasb.fxgl.app.services.UpdaterService
04:24:35.507 [FXGL Background Thread 3 ] DEBUG Engine               - class com.almasb.fxgl.dev.DevService
04:24:40.027 [JavaFX Application Thread] DEBUG FXGLApplication      - Exiting FXGL
04:24:40.027 [JavaFX Application Thread] DEBUG LoopRunner           - Stopping loop
04:24:40.027 [JavaFX Application Thread] DEBUG SystemBundleService  - Saving FXGL system data
04:24:40.028 [JavaFX Application Thread] DEBUG FileSystemAccess     - Writing to: /home/avrann/Escritorio/Repo Proyecto DPOO/jorge.carrillo-Proyecto-POO-2025/system/fxgl.bundle
04:24:40.029 [JavaFX Application Thread] DEBUG Async                - Shutting down background threads
04:24:40.029 [JavaFX Application Thread] DEBUG PrimaryStageWindow   - Closing main window
04:24:40.031 [JavaFX Application Thread] DEBUG Logger               - Closing Logger
