11:21:20.386 [main                     ] DEBUG Logger               - Configured Logger
11:21:20.412 [main                     ] DEBUG GameApplication      - Logging settings
Title: Eclipsis: el legado de la nave abandonada(BetaVer)
Version: 0.0
Width: 1536
Height: 1024
Fullscreen: false
Intro: false
Profiling: false
Single step:false
App Mode: DEVELOPER
Menu Key: ESCAPE
Stage Style: DECORATED
Scene Factory: class App.Game.GameApp$1

11:21:20.625 [JavaFX Application Thread] DEBUG FXGLApplication      - Initializing FXGL
11:21:20.630 [JavaFX Application Thread] INFO  Engine               - FXGL-21.1 (27.03.2024 07.52) on LINUX (J:21.0.6 FX:21.0.1)
11:21:20.631 [JavaFX Application Thread] DEBUG Engine               - JRE Vendor Name: Oracle Corporation
11:21:20.631 [JavaFX Application Thread] DEBUG Engine               - Running on OS: Linux version 6.8.0-55-generic
11:21:20.631 [JavaFX Application Thread] DEBUG Engine               - Architecture: amd64
11:21:20.632 [JavaFX Application Thread] INFO  Engine               - Source code and latest versions at: https://github.com/AlmasB/FXGL
11:21:20.632 [JavaFX Application Thread] INFO  Engine               -       Ask questions and discuss at: https://github.com/AlmasB/FXGL/discussions
11:21:20.632 [JavaFX Application Thread] INFO  Engine               -              Join the FXGL chat at: https://gitter.im/AlmasB/FXGL
11:21:20.708 [JavaFX Application Thread] DEBUG PrimaryStageWindow   - Creating a JavaFX scene
11:21:20.708 [JavaFX Application Thread] DEBUG PrimaryStageWindow   - Target size > screen size
11:21:20.780 [JavaFX Application Thread] DEBUG PrimaryStageWindow   - Target settings size: 1536.0 x 1024.0
11:21:20.780 [JavaFX Application Thread] DEBUG PrimaryStageWindow   - Scaled scene size:    1397.0 x 948.0
11:21:20.780 [JavaFX Application Thread] DEBUG PrimaryStageWindow   - Scaled ratio: (0.9095052083333334, 0.92578125)
11:21:20.781 [JavaFX Application Thread] DEBUG PrimaryStageWindow   - Set initial scene to FXGLStartupScene
11:21:20.783 [JavaFX Application Thread] DEBUG PrimaryStageWindow   - Opening main window
11:21:20.810 [JavaFX Application Thread] DEBUG PrimaryStageWindow   - Window border size: (0.27783203125, 35.0)
11:21:20.811 [JavaFX Application Thread] DEBUG PrimaryStageWindow   - Scaled size: 1397.0 x 913.185302734375
11:21:20.811 [JavaFX Application Thread] DEBUG PrimaryStageWindow   - Scaled ratio: (0.9095052083333334, 0.8917825222015381)
11:21:20.811 [JavaFX Application Thread] DEBUG PrimaryStageWindow   - Scene size: 1397.0 x 948.0
11:21:20.811 [JavaFX Application Thread] DEBUG PrimaryStageWindow   - Stage size: 1397.27783203125 x 948.185302734375
11:21:20.816 [FXGL Background Thread 1 ] DEBUG Engine               - Initializing environment variables
11:21:20.914 [FXGL Background Thread 1 ] DEBUG FXGLAssetLoaderServi - User app class for loading assets: class App.Game.GameApp
11:21:20.914 [FXGL Background Thread 1 ] DEBUG GameApplicationServi - Applying CSS: fxgl_dark.css
11:21:20.915 [FXGL Background Thread 1 ] DEBUG FXGLAssetLoaderServi - Loading from file system: jar:file:///home/avrann/.m2/repository/com/github/almasb/fxgl/21.1/fxgl-21.1.jar!/fxglassets/ui/css/fxgl_dark.css
11:21:20.993 [FXGL Background Thread 1 ] DEBUG GameApplicationServi - Initializing application scenes
11:21:21.045 [FXGL Background Thread 1 ] DEBUG GameWorld            - Game world initialized
11:21:21.133 [FXGL Background Thread 1 ] DEBUG PhysicsWorld         - Physics world initialized: appHeight=1024, physics.ppm=50.0
11:21:21.133 [FXGL Background Thread 1 ] DEBUG PhysicsWorld         - Using strategy: BRUTE_FORCE
11:21:21.137 [FXGL Background Thread 1 ] DEBUG GameScene            - Game scene initialized: 1536x1024
11:21:21.144 [FXGL Background Thread 1 ] DEBUG FXGL.DefaultMenu     - createMenuBodyMainMenu()
11:21:21.156 [FXGL Background Thread 1 ] DEBUG FXGL.DefaultMenu     - createOptionsMenu()
11:21:21.166 [FXGL Background Thread 1 ] DEBUG FXGLAssetLoaderServi - Loading from file system: jar:file:///home/avrann/.m2/repository/com/github/almasb/fxgl/21.1/fxgl-21.1.jar!/fxglassets/textures/particles/smoke.png
11:21:21.267 [FXGL Background Thread 1 ] DEBUG FXGLAssetLoaderServi - Loading from file system: jar:file:///home/avrann/.m2/repository/com/github/almasb/fxgl/21.1/fxgl-21.1.jar!/fxglassets/textures/particles/trace_horizontal.png
11:21:21.301 [FXGL Background Thread 1 ] DEBUG FXGLAssetLoaderServi - Loading from file system: file:/home/avrann/Escritorio/Repo%20Proyecto%20DPOO/jorge.carrillo-Proyecto-POO-2025/target/classes/assets/music/menu.wav
11:21:21.399 [FXGL Background Thread 1 ] DEBUG AudioPlayer          - Playing music com.almasb.fxgl.audio.Music@5dc5c098
11:21:21.405 [FXGL Background Thread 1 ] DEBUG FXGLAssetLoaderServi - Loading from file system: file:/home/avrann/Escritorio/Repo%20Proyecto%20DPOO/jorge.carrillo-Proyecto-POO-2025/target/classes/assets/textures/fondo.png
11:21:21.477 [FXGL Background Thread 1 ] DEBUG FXGL.DefaultMenu     - createMenuBodyGameMenu()
11:21:21.478 [FXGL Background Thread 1 ] DEBUG FXGL.DefaultMenu     - createOptionsMenu()
11:21:21.499 [FXGL Background Thread 1 ] DEBUG AudioPlayer          - Playing music com.almasb.fxgl.audio.Music@5dc5c098
11:21:21.500 [FXGL Background Thread 1 ] DEBUG AudioPlayer          - Playing music com.almasb.fxgl.audio.Music@5dc5c098
11:21:21.500 [FXGL Background Thread 1 ] DEBUG FXGLAssetLoaderServi - Loading from file system: file:/home/avrann/Escritorio/Repo%20Proyecto%20DPOO/jorge.carrillo-Proyecto-POO-2025/target/classes/assets/textures/fondoGameMenu.png
11:21:21.551 [FXGL Background Thread 1 ] DEBUG GameApplicationServi - Application scenes initialized
11:21:21.563 [FXGL Background Thread 1 ] DEBUG SystemBundleService  - Loading FXGL system data
11:21:21.567 [FXGL Background Thread 1 ] DEBUG FileSystemAccess     - Reading from: /home/avrann/Escritorio/Repo Proyecto DPOO/jorge.carrillo-Proyecto-POO-2025/system/fxgl.bundle
11:21:21.576 [FXGL Background Thread 1 ] DEBUG SystemBundleService  - Bundle FXGL: {}
11:21:21.576 [FXGL Background Thread 1 ] DEBUG UpdaterService       - Checking for updates
11:21:21.603 [FXGL Background Thread 1 ] DEBUG FXGLApplication      - Loading default localization
11:21:21.603 [FXGL Background Thread 1 ] DEBUG FXGLAssetLoaderServi - Loading from file system: jar:file:///home/avrann/.m2/repository/com/github/almasb/fxgl/21.1/fxgl-21.1.jar!/fxglassets/languages/english.lang
11:21:21.605 [FXGL Background Thread 4 ] DEBUG FXGLApplication      - Loading fonts
11:21:21.605 [FXGL Background Thread 4 ] DEBUG FXGLAssetLoaderServi - Loading from file system: jar:file:///home/avrann/.m2/repository/com/github/almasb/fxgl/21.1/fxgl-21.1.jar!/fxglassets/ui/fonts/VarelaRound-Regular.ttf
11:21:21.616 [FXGL Background Thread 4 ] DEBUG FXGLAssetLoaderServi - Loading from file system: jar:file:///home/avrann/.m2/repository/com/github/almasb/fxgl/21.1/fxgl-21.1.jar!/fxglassets/ui/fonts/Abel-Regular.ttf
11:21:21.617 [FXGL Background Thread 1 ] INFO  FXGLApplication      - FXGL initialization took: 0.801 sec
11:21:21.618 [FXGL Background Thread 4 ] DEBUG FXGLAssetLoaderServi - Loading from file system: jar:file:///home/avrann/.m2/repository/com/github/almasb/fxgl/21.1/fxgl-21.1.jar!/fxglassets/ui/fonts/TerminalLandMono-Regular.otf
11:21:21.618 [JavaFX Application Thread] DEBUG FXGLAssetLoaderServi - Loading from file system: jar:file:///home/avrann/.m2/repository/com/github/almasb/fxgl/21.1/fxgl-21.1.jar!/fxglassets/textures/fxgl_icon.png
11:21:21.621 [FXGL Background Thread 4 ] DEBUG FXGLAssetLoaderServi - Loading from file system: jar:file:///home/avrann/.m2/repository/com/github/almasb/fxgl/21.1/fxgl-21.1.jar!/fxglassets/ui/fonts/Courier-Prime.ttf
11:21:21.634 [JavaFX Application Thread] DEBUG FXGLAssetLoaderServi - Loading from file system: jar:file:///home/avrann/.m2/repository/com/github/almasb/fxgl/21.1/fxgl-21.1.jar!/fxglassets/textures/fxgl_default_cursor.png
11:21:21.644 [JavaFX Application Thread] DEBUG Input                - Registered new binding: Screenshot - CTRL+8
11:21:21.645 [JavaFX Application Thread] DEBUG Input                - Registered new binding: Dev Options - 1
11:21:21.645 [JavaFX Application Thread] DEBUG Input                - Registered new binding: Dev Console - 2
11:21:21.646 [JavaFX Application Thread] DEBUG Input                - Registered new binding: System info dump - CTRL+9
11:21:21.646 [JavaFX Application Thread] DEBUG Input                - Registered new binding: Restart - CTRL+R
11:21:21.646 [JavaFX Application Thread] DEBUG Input                - Registered new binding: Toggle Debug Camera - CTRL+7
11:21:21.651 [JavaFX Application Thread] DEBUG LoopRunner           - Starting loop
11:21:21.662 [JavaFX Application Thread] DEBUG LoopRunner           - Initializing JavaFX AnimationTimerLoop
11:21:21.673 [JavaFX Application Thread] DEBUG Input                - Clearing active input actions
11:21:21.686 [JavaFX Application Thread] DEBUG GameApplicationServi - Removing overlay from FXGLStartupScene and adding to FXGLMainMenuDummyScene
11:21:21.692 [JavaFX Application Thread] DEBUG PrimaryStageWindow   - FXGLStartupScene -> FXGLMainMenuDummyScene
11:21:21.692 [JavaFX Application Thread] DEBUG PrimaryStageWindow   - Push state: MyMenu
11:21:21.697 [JavaFX Application Thread] DEBUG Input                - Clearing active input actions
11:21:21.703 [JavaFX Application Thread] DEBUG GameApplicationServi - Removing overlay from FXGLMainMenuDummyScene and adding to MyMenu
11:21:21.703 [JavaFX Application Thread] DEBUG PrimaryStageWindow   - FXGLMainMenuDummyScene -> MyMenu
11:21:21.704 [JavaFX Application Thread] DEBUG FXGLApplication      - Registering font factories with UI factory
11:21:21.768 [FXGL Background Thread 2 ] WARN  UpdaterService       - Failed to find updates: java.net.UnknownHostException: raw.githubusercontent.com
11:21:23.252 [JavaFX Application Thread] DEBUG Menu                 - fireNewGame()
11:21:23.252 [JavaFX Application Thread] DEBUG GameApplicationServi - Starting new game
11:21:23.255 [JavaFX Application Thread] DEBUG PrimaryStageWindow   - Pop state: MyMenu
11:21:23.256 [JavaFX Application Thread] DEBUG Input                - Clearing active input actions
11:21:23.258 [JavaFX Application Thread] DEBUG GameApplicationServi - Removing overlay from MyMenu and adding to FXGLMainMenuDummyScene
11:21:23.263 [JavaFX Application Thread] DEBUG PrimaryStageWindow   - FXGLMainMenuDummyScene <- MyMenu
11:21:23.264 [JavaFX Application Thread] DEBUG Input                - Clearing active input actions
11:21:23.287 [JavaFX Application Thread] DEBUG GameApplicationServi - Removing overlay from FXGLMainMenuDummyScene and adding to FXGLLoadingScene
11:21:23.288 [JavaFX Application Thread] DEBUG PrimaryStageWindow   - FXGLMainMenuDummyScene -> FXGLLoadingScene
11:21:23.288 [JavaFX Application Thread] DEBUG GameApplicationServi - Clearing previous game
11:21:23.288 [JavaFX Application Thread] DEBUG GameScene            - Clearing game scene
11:21:23.289 [JavaFX Application Thread] DEBUG GameWorld            - Clearing game world
11:21:23.289 [JavaFX Application Thread] DEBUG PhysicsWorld         - Clearing physics world
11:21:23.293 [FXGL Background Thread 2 ] DEBUG FXGLApplication      - Initializing game
11:21:23.551 [FXGL Background Thread 2 ] DEBUG AudioPlayer          - Stopping music com.almasb.fxgl.audio.Music@5dc5c098
11:21:23.575 [FXGL Background Thread 2 ] DEBUG FXGLAssetLoaderServi - Loading from file system: file:/home/avrann/Escritorio/Repo%20Proyecto%20DPOO/jorge.carrillo-Proyecto-POO-2025/target/classes/assets/music/loading.wav
11:21:23.590 [FXGL Background Thread 2 ] DEBUG AudioPlayer          - Playing music com.almasb.fxgl.audio.Music@2348f65c
11:21:23.710 [FXGL Background Thread 2 ] DEBUG TMXLevelLoader       - Parsed TiledMap: file:/home/avrann/Escritorio/Repo%20Proyecto%20DPOO/jorge.carrillo-Proyecto-POO-2025/target/classes/assets/levels/level_01.tmx
11:21:23.711 [FXGL Background Thread 2 ] DEBUG TMXLevelLoader       - Creating tile layer entities
11:21:23.714 [FXGL Background Thread 2 ] DEBUG TilesetLoader        - Loading view for layer Capa de patrones 1
11:21:23.719 [FXGL Background Thread 2 ] DEBUG TilesetLoader        - Created buffer with size 2000.0x1500.0
11:21:23.752 [FXGL Background Thread 2 ] WARN  TilesetLoader        - Diagonally flipped tiles are not currently supported
11:21:23.754 [FXGL Background Thread 2 ] WARN  TilesetLoader        - Diagonally flipped tiles are not currently supported
11:21:23.755 [FXGL Background Thread 2 ] WARN  TilesetLoader        - Diagonally flipped tiles are not currently supported
11:21:23.757 [FXGL Background Thread 2 ] WARN  TilesetLoader        - Diagonally flipped tiles are not currently supported
11:21:23.760 [FXGL Background Thread 2 ] WARN  TilesetLoader        - Diagonally flipped tiles are not currently supported
11:21:23.766 [FXGL Background Thread 2 ] WARN  TilesetLoader        - Diagonally flipped tiles are not currently supported
11:21:23.768 [FXGL Background Thread 2 ] WARN  TilesetLoader        - Diagonally flipped tiles are not currently supported
11:21:23.770 [FXGL Background Thread 2 ] WARN  TilesetLoader        - Diagonally flipped tiles are not currently supported
11:21:23.771 [FXGL Background Thread 2 ] WARN  TilesetLoader        - Diagonally flipped tiles are not currently supported
11:21:23.773 [FXGL Background Thread 2 ] WARN  TilesetLoader        - Diagonally flipped tiles are not currently supported
11:21:23.775 [FXGL Background Thread 2 ] WARN  TilesetLoader        - Diagonally flipped tiles are not currently supported
11:21:23.775 [FXGL Background Thread 2 ] DEBUG TilesetLoader        - Loading view for layer Capa de Decoracion
11:21:23.776 [FXGL Background Thread 2 ] DEBUG TilesetLoader        - Created buffer with size 2000.0x1500.0
11:21:23.803 [FXGL Background Thread 2 ] DEBUG TMXLevelLoader       - Creating object layer entities
11:21:23.838 [FXGL Background Thread 2 ] DEBUG GameWorld            - Clearing removable entities
11:21:23.888 [FXGL Background Thread 2 ] DEBUG GameWorld            - Setting level: com.almasb.fxgl.entity.level.Level@225df283
11:21:23.906 [FXGL Background Thread 2 ] DEBUG FXGLAssetLoaderServi - Loading from file system: file:/home/avrann/Escritorio/Repo%20Proyecto%20DPOO/jorge.carrillo-Proyecto-POO-2025/target/classes/assets/textures/exploreatack_basic.png
11:21:23.909 [FXGL Background Thread 2 ] DEBUG FXGLAssetLoaderServi - Loading from file system: file:/home/avrann/Escritorio/Repo%20Proyecto%20DPOO/jorge.carrillo-Proyecto-POO-2025/target/classes/assets/textures/exploreidle.png
11:21:23.912 [FXGL Background Thread 2 ] WARN  FXGLAssetLoaderServi - Asset "/assets/textures/explorecaminando.png" was not found!
11:21:23.913 [FXGL Background Thread 2 ] WARN  FXGLAssetLoaderServi - Failed to load IMAGE
11:21:23.927 [FXGL Background Thread 2 ] WARN  FXGLAssetLoaderServi - Asset "/assets/textures/exploreadelante.png" was not found!
11:21:23.927 [FXGL Background Thread 2 ] WARN  FXGLAssetLoaderServi - Failed to load IMAGE
11:21:23.927 [FXGL Background Thread 2 ] WARN  FXGLAssetLoaderServi - Asset "/assets/textures/exploreatras.png" was not found!
11:21:23.927 [FXGL Background Thread 2 ] WARN  FXGLAssetLoaderServi - Failed to load IMAGE
11:21:23.928 [FXGL Background Thread 2 ] DEBUG FXGLAssetLoaderServi - Loading from file system: file:/home/avrann/Escritorio/Repo%20Proyecto%20DPOO/jorge.carrillo-Proyecto-POO-2025/target/classes/assets/textures/exploredeat.png
11:21:23.934 [FXGL Background Thread 2 ] WARN  GameWorld            - Entity is already attached to world
11:21:23.936 [FXGL Background Thread 2 ] WARN  FXGLAssetLoaderServi - Asset "/assets/textures/explorecaminando.png" was not found!
11:21:23.937 [FXGL Background Thread 2 ] WARN  FXGLAssetLoaderServi - Failed to load IMAGE
11:21:23.937 [FXGL Background Thread 2 ] WARN  FXGLAssetLoaderServi - Asset "/assets/textures/exploreadelante.png" was not found!
11:21:23.937 [FXGL Background Thread 2 ] WARN  FXGLAssetLoaderServi - Failed to load IMAGE
11:21:23.937 [FXGL Background Thread 2 ] WARN  FXGLAssetLoaderServi - Asset "/assets/textures/exploreatras.png" was not found!
11:21:23.938 [FXGL Background Thread 2 ] WARN  FXGLAssetLoaderServi - Failed to load IMAGE
11:21:23.941 [FXGL Background Thread 2 ] WARN  GameWorld            - Entity is already attached to world
11:21:23.942 [FXGL Background Thread 2 ] DEBUG FXGLAssetLoaderServi - Loading from file system: file:/home/avrann/Escritorio/Repo%20Proyecto%20DPOO/jorge.carrillo-Proyecto-POO-2025/target/classes/assets/textures/droidatack_basic.png
11:21:23.944 [FXGL Background Thread 2 ] DEBUG FXGLAssetLoaderServi - Loading from file system: file:/home/avrann/Escritorio/Repo%20Proyecto%20DPOO/jorge.carrillo-Proyecto-POO-2025/target/classes/assets/textures/droididle.png
11:21:23.946 [FXGL Background Thread 2 ] WARN  FXGLAssetLoaderServi - Asset "/assets/textures/droidcaminando.png" was not found!
11:21:23.946 [FXGL Background Thread 2 ] WARN  FXGLAssetLoaderServi - Failed to load IMAGE
11:21:23.946 [FXGL Background Thread 2 ] WARN  FXGLAssetLoaderServi - Asset "/assets/textures/droidadelante.png" was not found!
11:21:23.946 [FXGL Background Thread 2 ] WARN  FXGLAssetLoaderServi - Failed to load IMAGE
11:21:23.946 [FXGL Background Thread 2 ] WARN  FXGLAssetLoaderServi - Asset "/assets/textures/droidatras.png" was not found!
11:21:23.946 [FXGL Background Thread 2 ] WARN  FXGLAssetLoaderServi - Failed to load IMAGE
11:21:23.947 [FXGL Background Thread 2 ] DEBUG FXGLAssetLoaderServi - Loading from file system: file:/home/avrann/Escritorio/Repo%20Proyecto%20DPOO/jorge.carrillo-Proyecto-POO-2025/target/classes/assets/textures/droiddeat.png
11:21:23.951 [FXGL Background Thread 2 ] WARN  GameWorld            - Entity is already attached to world
11:21:23.953 [FXGL Background Thread 2 ] WARN  FXGLAssetLoaderServi - Asset "/assets/textures/droidcaminando.png" was not found!
11:21:23.953 [FXGL Background Thread 2 ] WARN  FXGLAssetLoaderServi - Failed to load IMAGE
11:21:23.953 [FXGL Background Thread 2 ] WARN  FXGLAssetLoaderServi - Asset "/assets/textures/droidadelante.png" was not found!
11:21:23.953 [FXGL Background Thread 2 ] WARN  FXGLAssetLoaderServi - Failed to load IMAGE
11:21:23.953 [FXGL Background Thread 2 ] WARN  FXGLAssetLoaderServi - Asset "/assets/textures/droidatras.png" was not found!
11:21:23.953 [FXGL Background Thread 2 ] WARN  FXGLAssetLoaderServi - Failed to load IMAGE
11:21:23.957 [FXGL Background Thread 2 ] WARN  GameWorld            - Entity is already attached to world
11:21:23.958 [FXGL Background Thread 2 ] DEBUG FXGLAssetLoaderServi - Loading from file system: file:/home/avrann/Escritorio/Repo%20Proyecto%20DPOO/jorge.carrillo-Proyecto-POO-2025/target/classes/assets/textures/droid2atack_basic.png
11:21:23.960 [FXGL Background Thread 2 ] DEBUG FXGLAssetLoaderServi - Loading from file system: file:/home/avrann/Escritorio/Repo%20Proyecto%20DPOO/jorge.carrillo-Proyecto-POO-2025/target/classes/assets/textures/droid2idle.png
11:21:23.964 [FXGL Background Thread 2 ] WARN  FXGLAssetLoaderServi - Asset "/assets/textures/droid2caminando.png" was not found!
11:21:23.965 [FXGL Background Thread 2 ] WARN  FXGLAssetLoaderServi - Failed to load IMAGE
11:21:23.967 [FXGL Background Thread 2 ] WARN  FXGLAssetLoaderServi - Asset "/assets/textures/droid2adelante.png" was not found!
11:21:23.967 [FXGL Background Thread 2 ] WARN  FXGLAssetLoaderServi - Failed to load IMAGE
11:21:23.968 [FXGL Background Thread 2 ] WARN  FXGLAssetLoaderServi - Asset "/assets/textures/droid2atras.png" was not found!
11:21:23.968 [FXGL Background Thread 2 ] WARN  FXGLAssetLoaderServi - Failed to load IMAGE
11:21:23.968 [FXGL Background Thread 2 ] DEBUG FXGLAssetLoaderServi - Loading from file system: file:/home/avrann/Escritorio/Repo%20Proyecto%20DPOO/jorge.carrillo-Proyecto-POO-2025/target/classes/assets/textures/droid2deat.png
11:21:23.970 [FXGL Background Thread 2 ] WARN  GameWorld            - Entity is already attached to world
11:21:23.971 [FXGL Background Thread 2 ] WARN  FXGLAssetLoaderServi - Asset "/assets/textures/droid2caminando.png" was not found!
11:21:23.971 [FXGL Background Thread 2 ] WARN  FXGLAssetLoaderServi - Failed to load IMAGE
11:21:23.971 [FXGL Background Thread 2 ] WARN  FXGLAssetLoaderServi - Asset "/assets/textures/droid2adelante.png" was not found!
11:21:23.971 [FXGL Background Thread 2 ] WARN  FXGLAssetLoaderServi - Failed to load IMAGE
11:21:23.971 [FXGL Background Thread 2 ] WARN  FXGLAssetLoaderServi - Asset "/assets/textures/droid2atras.png" was not found!
11:21:23.972 [FXGL Background Thread 2 ] WARN  FXGLAssetLoaderServi - Failed to load IMAGE
11:21:23.972 [FXGL Background Thread 2 ] WARN  GameWorld            - Entity is already attached to world
11:21:23.973 [FXGL Background Thread 2 ] WARN  FXGLAssetLoaderServi - Asset "/assets/textures/droid2caminando.png" was not found!
11:21:23.973 [FXGL Background Thread 2 ] WARN  FXGLAssetLoaderServi - Failed to load IMAGE
11:21:23.973 [FXGL Background Thread 2 ] WARN  FXGLAssetLoaderServi - Asset "/assets/textures/droid2adelante.png" was not found!
11:21:23.973 [FXGL Background Thread 2 ] WARN  FXGLAssetLoaderServi - Failed to load IMAGE
11:21:23.973 [FXGL Background Thread 2 ] WARN  FXGLAssetLoaderServi - Asset "/assets/textures/droid2atras.png" was not found!
11:21:23.973 [FXGL Background Thread 2 ] WARN  FXGLAssetLoaderServi - Failed to load IMAGE
11:21:23.974 [FXGL Background Thread 2 ] WARN  GameWorld            - Entity is already attached to world
11:21:23.975 [FXGL Background Thread 2 ] DEBUG FXGLAssetLoaderServi - Loading from file system: file:/home/avrann/Escritorio/Repo%20Proyecto%20DPOO/jorge.carrillo-Proyecto-POO-2025/target/classes/assets/textures/droid3atack_basic.png
11:21:23.980 [FXGL Background Thread 2 ] DEBUG FXGLAssetLoaderServi - Loading from file system: file:/home/avrann/Escritorio/Repo%20Proyecto%20DPOO/jorge.carrillo-Proyecto-POO-2025/target/classes/assets/textures/droid3idle.png
11:21:23.981 [FXGL Background Thread 2 ] WARN  FXGLAssetLoaderServi - Asset "/assets/textures/droid3caminando.png" was not found!
11:21:23.981 [FXGL Background Thread 2 ] WARN  FXGLAssetLoaderServi - Failed to load IMAGE
11:21:23.981 [FXGL Background Thread 2 ] WARN  FXGLAssetLoaderServi - Asset "/assets/textures/droid3adelante.png" was not found!
11:21:23.981 [FXGL Background Thread 2 ] WARN  FXGLAssetLoaderServi - Failed to load IMAGE
11:21:23.982 [FXGL Background Thread 2 ] WARN  FXGLAssetLoaderServi - Asset "/assets/textures/droid3atras.png" was not found!
11:21:23.982 [FXGL Background Thread 2 ] WARN  FXGLAssetLoaderServi - Failed to load IMAGE
11:21:23.985 [FXGL Background Thread 2 ] DEBUG FXGLAssetLoaderServi - Loading from file system: file:/home/avrann/Escritorio/Repo%20Proyecto%20DPOO/jorge.carrillo-Proyecto-POO-2025/target/classes/assets/textures/droid3deat.png
11:21:23.988 [FXGL Background Thread 2 ] WARN  GameWorld            - Entity is already attached to world
11:21:23.989 [FXGL Background Thread 2 ] WARN  FXGLAssetLoaderServi - Asset "/assets/textures/droid3caminando.png" was not found!
11:21:23.990 [FXGL Background Thread 2 ] WARN  FXGLAssetLoaderServi - Failed to load IMAGE
11:21:23.990 [FXGL Background Thread 2 ] WARN  FXGLAssetLoaderServi - Asset "/assets/textures/droid3adelante.png" was not found!
11:21:23.990 [FXGL Background Thread 2 ] WARN  FXGLAssetLoaderServi - Failed to load IMAGE
11:21:23.990 [FXGL Background Thread 2 ] WARN  FXGLAssetLoaderServi - Asset "/assets/textures/droid3atras.png" was not found!
11:21:23.990 [FXGL Background Thread 2 ] WARN  FXGLAssetLoaderServi - Failed to load IMAGE
11:21:23.991 [FXGL Background Thread 2 ] WARN  GameWorld            - Entity is already attached to world
11:21:23.992 [FXGL Background Thread 2 ] DEBUG FXGLAssetLoaderServi - Loading from file system: file:/home/avrann/Escritorio/Repo%20Proyecto%20DPOO/jorge.carrillo-Proyecto-POO-2025/target/classes/assets/textures/barreraDesactivadaitem.png
11:21:23.998 [FXGL Background Thread 2 ] WARN  FXGLAssetLoaderServi - Asset "/assets/textures/barreraDesactivadadisabled.png" was not found!
11:21:24.000 [FXGL Background Thread 2 ] WARN  FXGLAssetLoaderServi - Failed to load IMAGE
11:21:24.003 [FXGL Background Thread 2 ] WARN  GameWorld            - Entity is already attached to world
11:21:24.004 [FXGL Background Thread 2 ] WARN  FXGLAssetLoaderServi - Asset "/assets/textures/barreraDesactivadadisabled.png" was not found!
11:21:24.004 [FXGL Background Thread 2 ] WARN  FXGLAssetLoaderServi - Failed to load IMAGE
11:21:24.005 [FXGL Background Thread 2 ] WARN  GameWorld            - Entity is already attached to world
11:21:24.005 [FXGL Background Thread 2 ] WARN  FXGLAssetLoaderServi - Asset "/assets/textures/barreraDesactivadadisabled.png" was not found!
11:21:24.005 [FXGL Background Thread 2 ] WARN  FXGLAssetLoaderServi - Failed to load IMAGE
11:21:24.006 [FXGL Background Thread 2 ] WARN  GameWorld            - Entity is already attached to world
11:21:24.007 [FXGL Background Thread 2 ] WARN  FXGLAssetLoaderServi - Asset "/assets/textures/barreraDesactivadadisabled.png" was not found!
11:21:24.008 [FXGL Background Thread 2 ] WARN  FXGLAssetLoaderServi - Failed to load IMAGE
11:21:24.008 [FXGL Background Thread 2 ] WARN  GameWorld            - Entity is already attached to world
11:21:24.008 [FXGL Background Thread 2 ] DEBUG FXGLAssetLoaderServi - Loading from file system: file:/home/avrann/Escritorio/Repo%20Proyecto%20DPOO/jorge.carrillo-Proyecto-POO-2025/target/classes/assets/textures/barreraitem.png
11:21:24.015 [FXGL Background Thread 2 ] DEBUG FXGLAssetLoaderServi - Loading from file system: file:/home/avrann/Escritorio/Repo%20Proyecto%20DPOO/jorge.carrillo-Proyecto-POO-2025/target/classes/assets/textures/barreradisabled.png
11:21:24.026 [FXGL Background Thread 2 ] WARN  GameWorld            - Entity is already attached to world
11:21:24.029 [FXGL Background Thread 2 ] WARN  GameWorld            - Entity is already attached to world
11:21:24.030 [FXGL Background Thread 2 ] DEBUG FXGLAssetLoaderServi - Loading from file system: file:/home/avrann/Escritorio/Repo%20Proyecto%20DPOO/jorge.carrillo-Proyecto-POO-2025/target/classes/assets/textures/panelitem.png
11:21:24.035 [FXGL Background Thread 2 ] DEBUG FXGLAssetLoaderServi - Loading from file system: file:/home/avrann/Escritorio/Repo%20Proyecto%20DPOO/jorge.carrillo-Proyecto-POO-2025/target/classes/assets/textures/paneldisabled.png
11:21:24.038 [FXGL Background Thread 2 ] WARN  GameWorld            - Entity is already attached to world
11:21:24.040 [FXGL Background Thread 2 ] WARN  GameWorld            - Entity is already attached to world
11:21:24.042 [FXGL Background Thread 2 ] DEBUG FXGLAssetLoaderServi - Loading from file system: file:/home/avrann/Escritorio/Repo%20Proyecto%20DPOO/jorge.carrillo-Proyecto-POO-2025/target/classes/assets/textures/generatorSpecialPointitem.png
11:21:24.044 [FXGL Background Thread 2 ] WARN  FXGLAssetLoaderServi - Asset "/assets/textures/generatorSpecialPointdisabled.png" was not found!
11:21:24.044 [FXGL Background Thread 2 ] WARN  FXGLAssetLoaderServi - Failed to load IMAGE
11:21:24.045 [FXGL Background Thread 2 ] WARN  GameWorld            - Entity is already attached to world
11:21:24.045 [FXGL Background Thread 2 ] WARN  FXGLAssetLoaderServi - Asset "/assets/textures/generatorSpecialPointdisabled.png" was not found!
11:21:24.046 [FXGL Background Thread 2 ] WARN  FXGLAssetLoaderServi - Failed to load IMAGE
11:21:24.046 [FXGL Background Thread 2 ] WARN  GameWorld            - Entity is already attached to world
11:21:24.046 [FXGL Background Thread 2 ] DEBUG FXGLAssetLoaderServi - Loading from file system: file:/home/avrann/Escritorio/Repo%20Proyecto%20DPOO/jorge.carrillo-Proyecto-POO-2025/target/classes/assets/textures/lifeitem.png
11:21:24.052 [FXGL Background Thread 2 ] WARN  FXGLAssetLoaderServi - Asset "/assets/textures/lifedisabled.png" was not found!
11:21:24.052 [FXGL Background Thread 2 ] WARN  FXGLAssetLoaderServi - Failed to load IMAGE
11:21:24.052 [FXGL Background Thread 2 ] WARN  GameWorld            - Entity is already attached to world
11:21:24.055 [FXGL Background Thread 2 ] WARN  FXGLAssetLoaderServi - Asset "/assets/textures/lifedisabled.png" was not found!
11:21:24.056 [FXGL Background Thread 2 ] WARN  FXGLAssetLoaderServi - Failed to load IMAGE
11:21:24.056 [FXGL Background Thread 2 ] WARN  GameWorld            - Entity is already attached to world
11:21:24.057 [FXGL Background Thread 2 ] DEBUG FXGLAssetLoaderServi - Loading from file system: file:/home/avrann/Escritorio/Repo%20Proyecto%20DPOO/jorge.carrillo-Proyecto-POO-2025/target/classes/assets/textures/atackitem.png
11:21:24.058 [FXGL Background Thread 2 ] WARN  FXGLAssetLoaderServi - Asset "/assets/textures/atackdisabled.png" was not found!
11:21:24.059 [FXGL Background Thread 2 ] WARN  FXGLAssetLoaderServi - Failed to load IMAGE
11:21:24.059 [FXGL Background Thread 2 ] WARN  GameWorld            - Entity is already attached to world
11:21:24.060 [FXGL Background Thread 2 ] WARN  FXGLAssetLoaderServi - Asset "/assets/textures/atackdisabled.png" was not found!
11:21:24.060 [FXGL Background Thread 2 ] WARN  FXGLAssetLoaderServi - Failed to load IMAGE
11:21:24.060 [FXGL Background Thread 2 ] WARN  GameWorld            - Entity is already attached to world
11:21:24.064 [FXGL Background Thread 2 ] DEBUG FXGLAssetLoaderServi - Loading from file system: file:/home/avrann/Escritorio/Repo%20Proyecto%20DPOO/jorge.carrillo-Proyecto-POO-2025/target/classes/assets/textures/cyborgatack_special.png
11:21:24.071 [FXGL Background Thread 2 ] DEBUG FXGLAssetLoaderServi - Loading from file system: file:/home/avrann/Escritorio/Repo%20Proyecto%20DPOO/jorge.carrillo-Proyecto-POO-2025/target/classes/assets/textures/cyborgatack_basic.png
11:21:24.073 [FXGL Background Thread 2 ] DEBUG FXGLAssetLoaderServi - Loading from file system: file:/home/avrann/Escritorio/Repo%20Proyecto%20DPOO/jorge.carrillo-Proyecto-POO-2025/target/classes/assets/textures/cyborgidle.png
11:21:24.075 [FXGL Background Thread 2 ] DEBUG FXGLAssetLoaderServi - Loading from file system: file:/home/avrann/Escritorio/Repo%20Proyecto%20DPOO/jorge.carrillo-Proyecto-POO-2025/target/classes/assets/textures/cyborgcaminando.png
11:21:24.078 [FXGL Background Thread 2 ] DEBUG FXGLAssetLoaderServi - Loading from file system: file:/home/avrann/Escritorio/Repo%20Proyecto%20DPOO/jorge.carrillo-Proyecto-POO-2025/target/classes/assets/textures/cyborgadelante.png
11:21:24.079 [FXGL Background Thread 2 ] DEBUG FXGLAssetLoaderServi - Loading from file system: file:/home/avrann/Escritorio/Repo%20Proyecto%20DPOO/jorge.carrillo-Proyecto-POO-2025/target/classes/assets/textures/cyborgatras.png
11:21:24.081 [FXGL Background Thread 2 ] DEBUG FXGLAssetLoaderServi - Loading from file system: file:/home/avrann/Escritorio/Repo%20Proyecto%20DPOO/jorge.carrillo-Proyecto-POO-2025/target/classes/assets/textures/cyborgdeat.png
11:21:24.088 [FXGL Background Thread 2 ] WARN  GameWorld            - Entity is already attached to world
11:21:24.088 [FXGL Background Thread 2 ] DEBUG Input                - Registered new binding: Mover Arriba - W
11:21:24.088 [FXGL Background Thread 2 ] DEBUG Input                - Registered new binding: Mover Abajo - S
11:21:24.088 [FXGL Background Thread 2 ] DEBUG Input                - Registered new binding: Mover Izquierda - A
11:21:24.088 [FXGL Background Thread 2 ] DEBUG Input                - Registered new binding: Mover Derecha - D
11:21:24.089 [FXGL Background Thread 2 ] DEBUG FXGLAssetLoaderServi - Loading from file system: file:/home/avrann/Escritorio/Repo%20Proyecto%20DPOO/jorge.carrillo-Proyecto-POO-2025/target/classes/assets/textures/botonGameMenu.png
11:21:24.090 [FXGL Background Thread 2 ] DEBUG FXGLAssetLoaderServi - Loading from file system: file:/home/avrann/Escritorio/Repo%20Proyecto%20DPOO/jorge.carrillo-Proyecto-POO-2025/target/classes/assets/textures/buttonMainMenu.png
11:21:24.091 [FXGL Background Thread 2 ] DEBUG FXGLAssetLoaderServi - Loading from file system: file:/home/avrann/Escritorio/Repo%20Proyecto%20DPOO/jorge.carrillo-Proyecto-POO-2025/target/classes/assets/textures/wikiButton.png
11:21:24.091 [FXGL Background Thread 2 ] DEBUG FXGLAssetLoaderServi - Loading from file system: file:/home/avrann/Escritorio/Repo%20Proyecto%20DPOO/jorge.carrillo-Proyecto-POO-2025/target/classes/assets/textures/specialPointBar.png
11:21:24.110 [FXGL Background Thread 2 ] DEBUG FXGLAssetLoaderServi - Loading from file system: file:/home/avrann/Escritorio/Repo%20Proyecto%20DPOO/jorge.carrillo-Proyecto-POO-2025/target/classes/assets/textures/statBar.png
11:21:24.111 [FXGL Background Thread 2 ] DEBUG FXGLAssetLoaderServi - Loading from file system: file:/home/avrann/Escritorio/Repo%20Proyecto%20DPOO/jorge.carrillo-Proyecto-POO-2025/target/classes/assets/textures/statAtackBar.png
11:21:24.114 [FXGL Background Thread 2 ] DEBUG FXGLAssetLoaderServi - Loading from file system: file:/home/avrann/Escritorio/Repo%20Proyecto%20DPOO/jorge.carrillo-Proyecto-POO-2025/target/classes/assets/textures/wiki_image.png
11:21:24.147 [FXGL Background Thread 2 ] DEBUG FXGLAssetLoaderServi - Loading from file system: file:/home/avrann/Escritorio/Repo%20Proyecto%20DPOO/jorge.carrillo-Proyecto-POO-2025/target/classes/assets/textures/specialPoint.png
11:21:24.148 [FXGL Background Thread 2 ] DEBUG FXGLAssetLoaderServi - Loading from file system: file:/home/avrann/Escritorio/Repo%20Proyecto%20DPOO/jorge.carrillo-Proyecto-POO-2025/target/classes/assets/textures/special.png
11:21:24.152 [FXGL Background Thread 2 ] DEBUG FXGLAssetLoaderServi - Loading from file system: file:/home/avrann/Escritorio/Repo%20Proyecto%20DPOO/jorge.carrillo-Proyecto-POO-2025/target/classes/assets/textures/barra_enemigo.png
11:21:24.160 [FXGL Background Thread 2 ] DEBUG FXGLAssetLoaderServi - Loading from file system: file:/home/avrann/Escritorio/Repo%20Proyecto%20DPOO/jorge.carrillo-Proyecto-POO-2025/target/classes/assets/textures/life_point_enemi.png
11:21:24.161 [FXGL Background Thread 2 ] DEBUG FXGLAssetLoaderServi - Loading from file system: file:/home/avrann/Escritorio/Repo%20Proyecto%20DPOO/jorge.carrillo-Proyecto-POO-2025/target/classes/assets/textures/life_bar.png
11:21:24.164 [FXGL Background Thread 2 ] DEBUG FXGLAssetLoaderServi - Loading from file system: file:/home/avrann/Escritorio/Repo%20Proyecto%20DPOO/jorge.carrillo-Proyecto-POO-2025/target/classes/assets/textures/life_point.png
11:21:24.164 [FXGL Background Thread 2 ] DEBUG FXGLAssetLoaderServi - Loading from file system: file:/home/avrann/Escritorio/Repo%20Proyecto%20DPOO/jorge.carrillo-Proyecto-POO-2025/target/classes/assets/textures/button_atacck.png
11:21:24.165 [FXGL Background Thread 2 ] DEBUG FXGLAssetLoaderServi - Loading from file system: file:/home/avrann/Escritorio/Repo%20Proyecto%20DPOO/jorge.carrillo-Proyecto-POO-2025/target/classes/assets/textures/combat_panel.png
11:21:24.216 [FXGL Background Thread 2 ] INFO  FXGLApplication      - Game initialization took: 0.923 sec
11:21:24.230 [JavaFX Application Thread] DEBUG Input                - Clearing active input actions
11:21:24.263 [JavaFX Application Thread] DEBUG GameApplicationServi - Removing overlay from FXGLLoadingScene and adding to GameScene
11:21:24.272 [JavaFX Application Thread] DEBUG PrimaryStageWindow   - FXGLLoadingScene -> GameScene
11:21:24.601 [FXGL Background Thread 3 ] DEBUG Engine               - Logging environment variables
11:21:24.602 [FXGL Background Thread 3 ] DEBUG Engine               - achievements: []
11:21:24.602 [FXGL Background Thread 3 ] DEBUG Engine               - actualHeight: 913.185302734375
11:21:24.602 [FXGL Background Thread 3 ] DEBUG Engine               - actualHeightProperty: ReadOnlyDoubleProperty [value: 942.2763061523438]
11:21:24.602 [FXGL Background Thread 3 ] DEBUG Engine               - actualWidth: 1397.0
11:21:24.602 [FXGL Background Thread 3 ] DEBUG Engine               - actualWidthProperty: ReadOnlyDoubleProperty [value: 1397.0]
11:21:24.602 [FXGL Background Thread 3 ] DEBUG Engine               - appIcon: fxgl_icon.png
11:21:24.602 [FXGL Background Thread 3 ] DEBUG Engine               - applicationMode: DEVELOPER
11:21:24.603 [FXGL Background Thread 3 ] DEBUG Engine               - cSSList: [fxgl_dark.css]
11:21:24.603 [FXGL Background Thread 3 ] DEBUG Engine               - collisionDetectionStrategy: BRUTE_FORCE
11:21:24.603 [FXGL Background Thread 3 ] DEBUG Engine               - configClass: Optional.empty
11:21:24.603 [FXGL Background Thread 3 ] DEBUG Engine               - credits: []
11:21:24.603 [FXGL Background Thread 3 ] DEBUG Engine               - defaultCursor: CursorInfo(imageName=fxgl_default_cursor.png, hotspotX=7.0, hotspotY=6.0)
11:21:24.603 [FXGL Background Thread 3 ] DEBUG Engine               - devBBoxColorProperty: ObjectProperty [value: 0xff0000ff]
11:21:24.603 [FXGL Background Thread 3 ] DEBUG Engine               - devEnableDebugCameraProperty: BooleanProperty [value: false]
11:21:24.603 [FXGL Background Thread 3 ] DEBUG Engine               - devSensorColorProperty: ObjectProperty [value: 0xffff00ff]
11:21:24.603 [FXGL Background Thread 3 ] DEBUG Engine               - devShowBBoxProperty: BooleanProperty [value: false]
11:21:24.603 [FXGL Background Thread 3 ] DEBUG Engine               - devShowPositionProperty: BooleanProperty [value: false]
11:21:24.604 [FXGL Background Thread 3 ] DEBUG Engine               - enabledMenuItems: []
11:21:24.604 [FXGL Background Thread 3 ] DEBUG Engine               - engineServices: [class com.almasb.fxgl.app.services.FXGLAssetLoaderService, class com.almasb.fxgl.app.FXGLApplication$GameApplicationService, class com.almasb.fxgl.app.services.FXGLDialogService, class com.almasb.fxgl.app.services.IOTaskExecutorService, class com.almasb.fxgl.io.FileSystemService, class com.almasb.fxgl.localization.LocalizationService, class com.almasb.fxgl.app.services.SystemBundleService, class com.almasb.fxgl.profile.SaveLoadService, class com.almasb.fxgl.ui.FXGLUIFactoryServiceProvider, class com.almasb.fxgl.ui.FXGLDialogFactoryServiceProvider, class com.almasb.fxgl.audio.AudioPlayer, class com.almasb.fxgl.notification.impl.NotificationServiceProvider, class com.almasb.fxgl.achievement.AchievementService, class com.almasb.fxgl.cutscene.CutsceneService, class com.almasb.fxgl.minigames.MiniGameService, class com.almasb.fxgl.net.NetService, class com.almasb.fxgl.app.services.UpdaterService, class com.almasb.fxgl.dev.DevService]
11:21:24.604 [FXGL Background Thread 3 ] DEBUG Engine               - fontGame: Abel-Regular.ttf
11:21:24.604 [FXGL Background Thread 3 ] DEBUG Engine               - fontMono: TerminalLandMono-Regular.otf
11:21:24.604 [FXGL Background Thread 3 ] DEBUG Engine               - fontSizeScaleUI: 1.0
11:21:24.604 [FXGL Background Thread 3 ] DEBUG Engine               - fontText: Courier-Prime.ttf
11:21:24.604 [FXGL Background Thread 3 ] DEBUG Engine               - fontUI: VarelaRound-Regular.ttf
11:21:24.604 [FXGL Background Thread 3 ] DEBUG Engine               - fullScreen: BooleanProperty [value: false]
11:21:24.604 [FXGL Background Thread 3 ] DEBUG Engine               - gameDifficulty: MEDIUM
11:21:24.604 [FXGL Background Thread 3 ] DEBUG Engine               - gameDifficultyProperty: ObjectProperty [value: MEDIUM]
11:21:24.604 [FXGL Background Thread 3 ] DEBUG Engine               - globalMusicVolume: 0.5
11:21:24.604 [FXGL Background Thread 3 ] DEBUG Engine               - globalMusicVolumeProperty: DoubleProperty [value: 0.5]
11:21:24.604 [FXGL Background Thread 3 ] DEBUG Engine               - globalSoundVolume: 0.5
11:21:24.604 [FXGL Background Thread 3 ] DEBUG Engine               - globalSoundVolumeProperty: DoubleProperty [value: 0.5]
11:21:24.604 [FXGL Background Thread 3 ] DEBUG Engine               - height: 1024
11:21:24.604 [FXGL Background Thread 3 ] DEBUG Engine               - is3D: false
11:21:24.604 [FXGL Background Thread 3 ] DEBUG Engine               - isAndroid: false
11:21:24.604 [FXGL Background Thread 3 ] DEBUG Engine               - isBrowser: false
11:21:24.604 [FXGL Background Thread 3 ] DEBUG Engine               - isClickFeedbackEnabled: false
11:21:24.604 [FXGL Background Thread 3 ] DEBUG Engine               - isCloseConfirmation: false
11:21:24.604 [FXGL Background Thread 3 ] DEBUG Engine               - isDesktop: true
11:21:24.604 [FXGL Background Thread 3 ] DEBUG Engine               - isDeveloperMenuEnabled: true
11:21:24.604 [FXGL Background Thread 3 ] DEBUG Engine               - isEmbedded: false
11:21:24.605 [FXGL Background Thread 3 ] DEBUG Engine               - isEntityPreloadEnabled: true
11:21:24.605 [FXGL Background Thread 3 ] DEBUG Engine               - isExperimentalTiledLargeMap: false
11:21:24.605 [FXGL Background Thread 3 ] DEBUG Engine               - isFileSystemWriteAllowed: true
11:21:24.605 [FXGL Background Thread 3 ] DEBUG Engine               - isFullScreenAllowed: false
11:21:24.605 [FXGL Background Thread 3 ] DEBUG Engine               - isFullScreenFromStart: false
11:21:24.605 [FXGL Background Thread 3 ] DEBUG Engine               - isGameMenuEnabled: true
11:21:24.605 [FXGL Background Thread 3 ] DEBUG Engine               - isIOS: false
11:21:24.605 [FXGL Background Thread 3 ] DEBUG Engine               - isIntroEnabled: false
11:21:24.605 [FXGL Background Thread 3 ] DEBUG Engine               - isLinux: true
11:21:24.605 [FXGL Background Thread 3 ] DEBUG Engine               - isMac: false
11:21:24.605 [FXGL Background Thread 3 ] DEBUG Engine               - isMainMenuEnabled: true
11:21:24.605 [FXGL Background Thread 3 ] DEBUG Engine               - isManualResizeEnabled: false
11:21:24.605 [FXGL Background Thread 3 ] DEBUG Engine               - isMobile: false
11:21:24.605 [FXGL Background Thread 3 ] DEBUG Engine               - isNative: false
11:21:24.605 [FXGL Background Thread 3 ] DEBUG Engine               - isPauseMusicWhenMinimized: true
11:21:24.605 [FXGL Background Thread 3 ] DEBUG Engine               - isPreserveResizeRatio: false
11:21:24.605 [FXGL Background Thread 3 ] DEBUG Engine               - isProfilingEnabled: false
11:21:24.605 [FXGL Background Thread 3 ] DEBUG Engine               - isScaleAffectedOnResize: true
11:21:24.605 [FXGL Background Thread 3 ] DEBUG Engine               - isSingleStep: false
11:21:24.605 [FXGL Background Thread 3 ] DEBUG Engine               - isUserProfileEnabled: false
11:21:24.605 [FXGL Background Thread 3 ] DEBUG Engine               - isWindows: false
11:21:24.605 [FXGL Background Thread 3 ] DEBUG Engine               - language: ObjectProperty [value: ENGLISH]
11:21:24.605 [FXGL Background Thread 3 ] DEBUG Engine               - menuKey: ESCAPE
11:21:24.605 [FXGL Background Thread 3 ] DEBUG Engine               - mouseSensitivity: 0.2
11:21:24.605 [FXGL Background Thread 3 ] DEBUG Engine               - notificationViewClass: class com.almasb.fxgl.notification.view.XboxNotificationView
11:21:24.605 [FXGL Background Thread 3 ] DEBUG Engine               - pixelsPerMeter: 50.0
11:21:24.606 [FXGL Background Thread 3 ] DEBUG Engine               - platform: LINUX
11:21:24.606 [FXGL Background Thread 3 ] DEBUG Engine               - prefHeightProperty: ReadOnlyDoubleProperty [value: 1024.0]
11:21:24.606 [FXGL Background Thread 3 ] DEBUG Engine               - prefWidthProperty: ReadOnlyDoubleProperty [value: 1536.0]
11:21:24.606 [FXGL Background Thread 3 ] DEBUG Engine               - profileDir: profiles/
11:21:24.606 [FXGL Background Thread 3 ] DEBUG Engine               - profileName: StringProperty [value: DEFAULT]
11:21:24.606 [FXGL Background Thread 3 ] DEBUG Engine               - randomSeed: -1
11:21:24.606 [FXGL Background Thread 3 ] DEBUG Engine               - runtimeInfo: RuntimeInfo(platform=LINUX, version=21.1, build=27.03.2024 07.52)
11:21:24.606 [FXGL Background Thread 3 ] DEBUG Engine               - saveFileExt: sav
11:21:24.606 [FXGL Background Thread 3 ] DEBUG Engine               - scaledHeightProp$fxgl: DoubleProperty [bound, value: 942.2763061523438]
11:21:24.606 [FXGL Background Thread 3 ] DEBUG Engine               - scaledWidthProp$fxgl: DoubleProperty [bound, value: 1397.0]
11:21:24.606 [FXGL Background Thread 3 ] DEBUG Engine               - sceneFactory: App.Game.GameApp$1@4e28c7ee
11:21:24.606 [FXGL Background Thread 3 ] DEBUG Engine               - secondsIn24h: 60
11:21:24.606 [FXGL Background Thread 3 ] DEBUG Engine               - soundMenuBack: menu/back.wav
11:21:24.606 [FXGL Background Thread 3 ] DEBUG Engine               - soundMenuPress: menu/press.wav
11:21:24.606 [FXGL Background Thread 3 ] DEBUG Engine               - soundMenuSelect: menu/select.wav
11:21:24.606 [FXGL Background Thread 3 ] DEBUG Engine               - soundNotification: core/notification.wav
11:21:24.606 [FXGL Background Thread 3 ] DEBUG Engine               - stageStyle: DECORATED
11:21:24.607 [FXGL Background Thread 3 ] DEBUG Engine               - supportedLanguages: [ENGLISH, FRENCH, GERMAN, HUNGARIAN, RUSSIAN]
11:21:24.607 [FXGL Background Thread 3 ] DEBUG Engine               - ticksPerSecond: -1
11:21:24.607 [FXGL Background Thread 3 ] DEBUG Engine               - title: Eclipsis: el legado de la nave abandonada(BetaVer)
11:21:24.607 [FXGL Background Thread 3 ] DEBUG Engine               - urlGithub: https://github.com/AlmasB/FXGL
11:21:24.607 [FXGL Background Thread 3 ] DEBUG Engine               - urlLeaderboard: http://fxgl-top.herokuapp.com/
11:21:24.607 [FXGL Background Thread 3 ] DEBUG Engine               - urlPOM: https://raw.githubusercontent.com/AlmasB/FXGL/release/README.md
11:21:24.607 [FXGL Background Thread 3 ] DEBUG Engine               - userAppClass: class App.Game.GameApp
11:21:24.607 [FXGL Background Thread 3 ] DEBUG Engine               - version: 0.0
11:21:24.607 [FXGL Background Thread 3 ] DEBUG Engine               - versionCheckDays: 7
11:21:24.607 [FXGL Background Thread 3 ] DEBUG Engine               - width: 1536
11:21:24.607 [FXGL Background Thread 3 ] DEBUG Engine               - Logging services
11:21:24.607 [FXGL Background Thread 3 ] DEBUG Engine               - class com.almasb.fxgl.app.services.FXGLAssetLoaderService
11:21:24.607 [FXGL Background Thread 3 ] DEBUG Engine               - class com.almasb.fxgl.app.FXGLApplication$GameApplicationService
11:21:24.607 [FXGL Background Thread 3 ] DEBUG Engine               - class com.almasb.fxgl.app.services.FXGLDialogService
11:21:24.607 [FXGL Background Thread 3 ] DEBUG Engine               - class com.almasb.fxgl.app.services.IOTaskExecutorService
11:21:24.607 [FXGL Background Thread 3 ] DEBUG Engine               - class com.almasb.fxgl.io.FileSystemService
11:21:24.607 [FXGL Background Thread 3 ] DEBUG Engine               - class com.almasb.fxgl.localization.LocalizationService
11:21:24.607 [FXGL Background Thread 3 ] DEBUG Engine               - class com.almasb.fxgl.app.services.SystemBundleService
11:21:24.607 [FXGL Background Thread 3 ] DEBUG Engine               - class com.almasb.fxgl.profile.SaveLoadService
11:21:24.607 [FXGL Background Thread 3 ] DEBUG Engine               - class com.almasb.fxgl.ui.FXGLUIFactoryServiceProvider
11:21:24.607 [FXGL Background Thread 3 ] DEBUG Engine               - class com.almasb.fxgl.ui.FXGLDialogFactoryServiceProvider
11:21:24.607 [FXGL Background Thread 3 ] DEBUG Engine               - class com.almasb.fxgl.audio.AudioPlayer
11:21:24.607 [FXGL Background Thread 3 ] DEBUG Engine               - class com.almasb.fxgl.notification.impl.NotificationServiceProvider
11:21:24.607 [FXGL Background Thread 3 ] DEBUG Engine               - class com.almasb.fxgl.achievement.AchievementService
11:21:24.607 [FXGL Background Thread 3 ] DEBUG Engine               - class com.almasb.fxgl.cutscene.CutsceneService
11:21:24.607 [FXGL Background Thread 3 ] DEBUG Engine               - class com.almasb.fxgl.minigames.MiniGameService
11:21:24.607 [FXGL Background Thread 3 ] DEBUG Engine               - class com.almasb.fxgl.net.NetService
11:21:24.607 [FXGL Background Thread 3 ] DEBUG Engine               - class com.almasb.fxgl.app.services.UpdaterService
11:21:24.608 [FXGL Background Thread 3 ] DEBUG Engine               - class com.almasb.fxgl.dev.DevService
11:21:27.926 [JavaFX Application Thread] DEBUG FXGLAssetLoaderServi - Loading from file system: file:/home/avrann/Escritorio/Repo%20Proyecto%20DPOO/jorge.carrillo-Proyecto-POO-2025/target/classes/assets/sounds/item.wav
11:21:36.377 [JavaFX Application Thread] DEBUG AudioPlayer          - Stopping music com.almasb.fxgl.audio.Music@2348f65c
11:21:36.401 [JavaFX Application Thread] DEBUG FXGLAssetLoaderServi - Loading from file system: file:/home/avrann/Escritorio/Repo%20Proyecto%20DPOO/jorge.carrillo-Proyecto-POO-2025/target/classes/assets/music/battle.wav
11:21:36.435 [JavaFX Application Thread] DEBUG AudioPlayer          - Playing music com.almasb.fxgl.audio.Music@4b6fb437
11:21:39.237 [JavaFX Application Thread] DEBUG FXGLAssetLoaderServi - Loading from file system: file:/home/avrann/Escritorio/Repo%20Proyecto%20DPOO/jorge.carrillo-Proyecto-POO-2025/target/classes/assets/sounds/arma.wav
11:21:40.066 [JavaFX Application Thread] DEBUG AudioPlayer          - Playing music com.almasb.fxgl.audio.Music@4b6fb437
11:21:40.244 [JavaFX Application Thread] DEBUG FXGLAssetLoaderServi - Loading from file system: file:/home/avrann/Escritorio/Repo%20Proyecto%20DPOO/jorge.carrillo-Proyecto-POO-2025/target/classes/assets/sounds/armaEnemigos.wav
11:21:41.131 [JavaFX Application Thread] DEBUG AudioPlayer          - Playing music com.almasb.fxgl.audio.Music@4b6fb437
11:21:41.734 [JavaFX Application Thread] DEBUG FXGLAssetLoaderServi - Loading from file system: file:/home/avrann/Escritorio/Repo%20Proyecto%20DPOO/jorge.carrillo-Proyecto-POO-2025/target/classes/assets/sounds/muerte.wav
11:21:42.556 [JavaFX Application Thread] DEBUG AudioPlayer          - Playing music com.almasb.fxgl.audio.Music@4b6fb437
11:21:42.557 [JavaFX Application Thread] DEBUG AudioPlayer          - Stopping music com.almasb.fxgl.audio.Music@4b6fb437
11:21:42.562 [JavaFX Application Thread] DEBUG AudioPlayer          - Playing music com.almasb.fxgl.audio.Music@2348f65c
11:21:42.564 [JavaFX Application Thread] DEBUG AudioPlayer          - Playing music com.almasb.fxgl.audio.Music@2348f65c
11:22:00.589 [JavaFX Application Thread] DEBUG FXGLAssetLoaderServi - Loading from file system: file:/home/avrann/Escritorio/Repo%20Proyecto%20DPOO/jorge.carrillo-Proyecto-POO-2025/target/classes/assets/sounds/panel.wav
11:22:00.596 [JavaFX Application Thread] WARN  FXGLAssetLoaderServi - Asset "/assets/textures/barreraDesactivadadisabled.png" was not found!
11:22:00.596 [JavaFX Application Thread] WARN  FXGLAssetLoaderServi - Failed to load IMAGE
11:22:00.598 [JavaFX Application Thread] WARN  GameWorld            - Entity is already attached to world
11:22:07.225 [JavaFX Application Thread] DEBUG AudioPlayer          - Stopping music com.almasb.fxgl.audio.Music@2348f65c
11:22:07.267 [JavaFX Application Thread] DEBUG AudioPlayer          - Playing music com.almasb.fxgl.audio.Music@4b6fb437
11:22:09.899 [JavaFX Application Thread] DEBUG AudioPlayer          - Playing music com.almasb.fxgl.audio.Music@4b6fb437
11:22:10.612 [JavaFX Application Thread] DEBUG AudioPlayer          - Playing music com.almasb.fxgl.audio.Music@4b6fb437
11:22:12.516 [JavaFX Application Thread] DEBUG AudioPlayer          - Playing music com.almasb.fxgl.audio.Music@4b6fb437
11:22:12.517 [JavaFX Application Thread] DEBUG AudioPlayer          - Stopping music com.almasb.fxgl.audio.Music@4b6fb437
11:22:12.536 [JavaFX Application Thread] DEBUG AudioPlayer          - Playing music com.almasb.fxgl.audio.Music@2348f65c
11:22:12.538 [JavaFX Application Thread] DEBUG AudioPlayer          - Playing music com.almasb.fxgl.audio.Music@2348f65c
11:22:36.170 [JavaFX Application Thread] DEBUG AudioPlayer          - Stopping music com.almasb.fxgl.audio.Music@2348f65c
11:22:36.173 [JavaFX Application Thread] DEBUG AudioPlayer          - Playing music com.almasb.fxgl.audio.Music@4b6fb437
11:22:38.809 [JavaFX Application Thread] DEBUG AudioPlayer          - Playing music com.almasb.fxgl.audio.Music@4b6fb437
11:22:39.779 [JavaFX Application Thread] DEBUG AudioPlayer          - Playing music com.almasb.fxgl.audio.Music@4b6fb437
11:22:41.409 [JavaFX Application Thread] DEBUG AudioPlayer          - Playing music com.almasb.fxgl.audio.Music@4b6fb437
11:22:41.740 [JavaFX Application Thread] DEBUG AudioPlayer          - Stopping music com.almasb.fxgl.audio.Music@4b6fb437
11:22:41.744 [JavaFX Application Thread] DEBUG AudioPlayer          - Playing music com.almasb.fxgl.audio.Music@2348f65c
11:22:41.746 [JavaFX Application Thread] DEBUG AudioPlayer          - Playing music com.almasb.fxgl.audio.Music@2348f65c
11:23:04.009 [JavaFX Application Thread] DEBUG AudioPlayer          - Stopping music com.almasb.fxgl.audio.Music@2348f65c
11:23:04.038 [JavaFX Application Thread] DEBUG AudioPlayer          - Playing music com.almasb.fxgl.audio.Music@4b6fb437
11:23:22.253 [JavaFX Application Thread] DEBUG FXGLApplication      - Exiting FXGL
11:23:22.253 [JavaFX Application Thread] DEBUG LoopRunner           - Stopping loop
11:23:22.254 [JavaFX Application Thread] DEBUG SystemBundleService  - Saving FXGL system data
11:23:22.255 [JavaFX Application Thread] DEBUG FileSystemAccess     - Writing to: /home/avrann/Escritorio/Repo Proyecto DPOO/jorge.carrillo-Proyecto-POO-2025/system/fxgl.bundle
11:23:22.259 [JavaFX Application Thread] DEBUG Async                - Shutting down background threads
11:23:22.259 [JavaFX Application Thread] DEBUG PrimaryStageWindow   - Closing main window
11:23:22.261 [JavaFX Application Thread] DEBUG Logger               - Closing Logger
