03:31:53.763 [main                     ] DEBUG Logger               - Configured Logger
03:31:53.778 [main                     ] DEBUG GameApplication      - Logging settings
Title: Pruebas en FXGL
Version: 0.0
Width: 1536
Height: 1024
Fullscreen: false
Intro: false
Profiling: false
Single step:false
App Mode: DEVELOPER
Menu Key: ESCAPE
Stage Style: DECORATED
Scene Factory: class App.Game.GameApp$1

03:31:53.933 [JavaFX Application Thread] DEBUG FXGLApplication      - Initializing FXGL
03:31:53.936 [JavaFX Application Thread] INFO  Engine               - FXGL-21.1 (27.03.2024 07.52) on LINUX (J:21.0.6 FX:21.0.1)
03:31:53.937 [JavaFX Application Thread] DEBUG Engine               - JRE Vendor Name: Oracle Corporation
03:31:53.937 [JavaFX Application Thread] DEBUG Engine               - Running on OS: Linux version 6.8.0-55-generic
03:31:53.937 [JavaFX Application Thread] DEBUG Engine               - Architecture: amd64
03:31:53.937 [JavaFX Application Thread] INFO  Engine               - Source code and latest versions at: https://github.com/AlmasB/FXGL
03:31:53.937 [JavaFX Application Thread] INFO  Engine               -       Ask questions and discuss at: https://github.com/AlmasB/FXGL/discussions
03:31:53.938 [JavaFX Application Thread] INFO  Engine               -              Join the FXGL chat at: https://gitter.im/AlmasB/FXGL
03:31:54.005 [JavaFX Application Thread] DEBUG PrimaryStageWindow   - Creating a JavaFX scene
03:31:54.006 [JavaFX Application Thread] DEBUG PrimaryStageWindow   - Target size > screen size
03:31:54.066 [JavaFX Application Thread] DEBUG PrimaryStageWindow   - Target settings size: 1536.0 x 1024.0
03:31:54.066 [JavaFX Application Thread] DEBUG PrimaryStageWindow   - Scaled scene size:    1397.0 x 948.0
03:31:54.066 [JavaFX Application Thread] DEBUG PrimaryStageWindow   - Scaled ratio: (0.9095052083333334, 0.92578125)
03:31:54.067 [JavaFX Application Thread] DEBUG PrimaryStageWindow   - Set initial scene to FXGLStartupScene
03:31:54.069 [JavaFX Application Thread] DEBUG PrimaryStageWindow   - Opening main window
03:31:54.088 [JavaFX Application Thread] DEBUG PrimaryStageWindow   - Window border size: (0.27783203125, 35.0)
03:31:54.089 [JavaFX Application Thread] DEBUG PrimaryStageWindow   - Scaled size: 1397.0 x 913.185302734375
03:31:54.089 [JavaFX Application Thread] DEBUG PrimaryStageWindow   - Scaled ratio: (0.9095052083333334, 0.8917825222015381)
03:31:54.089 [JavaFX Application Thread] DEBUG PrimaryStageWindow   - Scene size: 1397.0 x 948.0
03:31:54.089 [JavaFX Application Thread] DEBUG PrimaryStageWindow   - Stage size: 1397.27783203125 x 948.185302734375
03:31:54.094 [FXGL Background Thread 1 ] DEBUG Engine               - Initializing environment variables
03:31:54.150 [FXGL Background Thread 1 ] DEBUG FXGLAssetLoaderServi - User app class for loading assets: class App.Game.GameApp
03:31:54.150 [FXGL Background Thread 1 ] DEBUG GameApplicationServi - Applying CSS: fxgl_dark.css
03:31:54.151 [FXGL Background Thread 1 ] DEBUG FXGLAssetLoaderServi - Loading from file system: jar:file:///home/avrann/.m2/repository/com/github/almasb/fxgl/21.1/fxgl-21.1.jar!/fxglassets/ui/css/fxgl_dark.css
03:31:54.201 [FXGL Background Thread 1 ] DEBUG GameApplicationServi - Initializing application scenes
03:31:54.252 [FXGL Background Thread 1 ] DEBUG GameWorld            - Game world initialized
03:31:54.304 [FXGL Background Thread 1 ] DEBUG PhysicsWorld         - Physics world initialized: appHeight=1024, physics.ppm=50.0
03:31:54.304 [FXGL Background Thread 1 ] DEBUG PhysicsWorld         - Using strategy: BRUTE_FORCE
03:31:54.307 [FXGL Background Thread 1 ] DEBUG GameScene            - Game scene initialized: 1536x1024
03:31:54.312 [FXGL Background Thread 1 ] DEBUG FXGL.DefaultMenu     - createMenuBodyMainMenu()
03:31:54.319 [FXGL Background Thread 1 ] DEBUG FXGL.DefaultMenu     - createOptionsMenu()
03:31:54.325 [FXGL Background Thread 1 ] DEBUG FXGLAssetLoaderServi - Loading from file system: jar:file:///home/avrann/.m2/repository/com/github/almasb/fxgl/21.1/fxgl-21.1.jar!/fxglassets/textures/particles/smoke.png
03:31:54.404 [FXGL Background Thread 1 ] DEBUG FXGLAssetLoaderServi - Loading from file system: jar:file:///home/avrann/.m2/repository/com/github/almasb/fxgl/21.1/fxgl-21.1.jar!/fxglassets/textures/particles/trace_horizontal.png
03:31:54.428 [FXGL Background Thread 1 ] DEBUG FXGLAssetLoaderServi - Loading from file system: file:/home/avrann/Escritorio/Repo%20Proyecto%20DPOO/jorge.carrillo-Proyecto-POO-2025/target/classes/assets/music/menu.wav
03:31:54.507 [FXGL Background Thread 1 ] DEBUG AudioPlayer          - Playing music com.almasb.fxgl.audio.Music@70c621c7
03:31:54.510 [FXGL Background Thread 1 ] DEBUG FXGLAssetLoaderServi - Loading from file system: file:/home/avrann/Escritorio/Repo%20Proyecto%20DPOO/jorge.carrillo-Proyecto-POO-2025/target/classes/assets/textures/fondo.png
03:31:54.563 [FXGL Background Thread 1 ] DEBUG FXGL.DefaultMenu     - createMenuBodyGameMenu()
03:31:54.564 [FXGL Background Thread 1 ] DEBUG FXGL.DefaultMenu     - createOptionsMenu()
03:31:54.576 [FXGL Background Thread 1 ] DEBUG AudioPlayer          - Playing music com.almasb.fxgl.audio.Music@70c621c7
03:31:54.576 [FXGL Background Thread 1 ] DEBUG AudioPlayer          - Playing music com.almasb.fxgl.audio.Music@70c621c7
03:31:54.577 [FXGL Background Thread 1 ] DEBUG FXGLAssetLoaderServi - Loading from file system: file:/home/avrann/Escritorio/Repo%20Proyecto%20DPOO/jorge.carrillo-Proyecto-POO-2025/target/classes/assets/textures/fondoGameMenu.png
03:31:54.605 [FXGL Background Thread 1 ] DEBUG GameApplicationServi - Application scenes initialized
03:31:54.613 [FXGL Background Thread 1 ] DEBUG SystemBundleService  - Loading FXGL system data
03:31:54.615 [FXGL Background Thread 1 ] DEBUG FileSystemAccess     - Reading from: /home/avrann/Escritorio/Repo Proyecto DPOO/jorge.carrillo-Proyecto-POO-2025/system/fxgl.bundle
03:31:54.621 [FXGL Background Thread 1 ] DEBUG SystemBundleService  - Bundle FXGL: {}
03:31:54.621 [FXGL Background Thread 1 ] DEBUG UpdaterService       - Checking for updates
03:31:54.645 [FXGL Background Thread 4 ] DEBUG FXGLApplication      - Loading fonts
03:31:54.645 [FXGL Background Thread 4 ] DEBUG FXGLAssetLoaderServi - Loading from file system: jar:file:///home/avrann/.m2/repository/com/github/almasb/fxgl/21.1/fxgl-21.1.jar!/fxglassets/ui/fonts/VarelaRound-Regular.ttf
03:31:54.645 [FXGL Background Thread 1 ] DEBUG FXGLApplication      - Loading default localization
03:31:54.646 [FXGL Background Thread 1 ] DEBUG FXGLAssetLoaderServi - Loading from file system: jar:file:///home/avrann/.m2/repository/com/github/almasb/fxgl/21.1/fxgl-21.1.jar!/fxglassets/languages/english.lang
03:31:54.657 [FXGL Background Thread 1 ] INFO  FXGLApplication      - FXGL initialization took: 0.563 sec
03:31:54.659 [JavaFX Application Thread] DEBUG FXGLAssetLoaderServi - Loading from file system: jar:file:///home/avrann/.m2/repository/com/github/almasb/fxgl/21.1/fxgl-21.1.jar!/fxglassets/textures/fxgl_icon.png
03:31:54.659 [FXGL Background Thread 4 ] DEBUG FXGLAssetLoaderServi - Loading from file system: jar:file:///home/avrann/.m2/repository/com/github/almasb/fxgl/21.1/fxgl-21.1.jar!/fxglassets/ui/fonts/Abel-Regular.ttf
03:31:54.661 [FXGL Background Thread 4 ] DEBUG FXGLAssetLoaderServi - Loading from file system: jar:file:///home/avrann/.m2/repository/com/github/almasb/fxgl/21.1/fxgl-21.1.jar!/fxglassets/ui/fonts/TerminalLandMono-Regular.otf
03:31:54.663 [FXGL Background Thread 4 ] DEBUG FXGLAssetLoaderServi - Loading from file system: jar:file:///home/avrann/.m2/repository/com/github/almasb/fxgl/21.1/fxgl-21.1.jar!/fxglassets/ui/fonts/Courier-Prime.ttf
03:31:54.676 [JavaFX Application Thread] DEBUG FXGLAssetLoaderServi - Loading from file system: jar:file:///home/avrann/.m2/repository/com/github/almasb/fxgl/21.1/fxgl-21.1.jar!/fxglassets/textures/fxgl_default_cursor.png
03:31:54.684 [JavaFX Application Thread] DEBUG Input                - Registered new binding: Screenshot - CTRL+8
03:31:54.684 [JavaFX Application Thread] DEBUG Input                - Registered new binding: Dev Options - 1
03:31:54.685 [JavaFX Application Thread] DEBUG Input                - Registered new binding: Dev Console - 2
03:31:54.685 [JavaFX Application Thread] DEBUG Input                - Registered new binding: System info dump - CTRL+9
03:31:54.686 [JavaFX Application Thread] DEBUG Input                - Registered new binding: Restart - CTRL+R
03:31:54.686 [JavaFX Application Thread] DEBUG Input                - Registered new binding: Toggle Debug Camera - CTRL+7
03:31:54.691 [JavaFX Application Thread] DEBUG LoopRunner           - Starting loop
03:31:54.707 [JavaFX Application Thread] DEBUG LoopRunner           - Initializing JavaFX AnimationTimerLoop
03:31:54.711 [JavaFX Application Thread] DEBUG Input                - Clearing active input actions
03:31:54.723 [JavaFX Application Thread] DEBUG GameApplicationServi - Removing overlay from FXGLStartupScene and adding to FXGLMainMenuDummyScene
03:31:54.728 [JavaFX Application Thread] DEBUG PrimaryStageWindow   - FXGLStartupScene -> FXGLMainMenuDummyScene
03:31:54.728 [JavaFX Application Thread] DEBUG PrimaryStageWindow   - Push state: MyMenu
03:31:54.732 [JavaFX Application Thread] DEBUG Input                - Clearing active input actions
03:31:54.736 [JavaFX Application Thread] DEBUG GameApplicationServi - Removing overlay from FXGLMainMenuDummyScene and adding to MyMenu
03:31:54.737 [JavaFX Application Thread] DEBUG PrimaryStageWindow   - FXGLMainMenuDummyScene -> MyMenu
03:31:54.742 [JavaFX Application Thread] DEBUG FXGLApplication      - Registering font factories with UI factory
03:31:56.595 [JavaFX Application Thread] DEBUG Menu                 - fireNewGame()
03:31:56.596 [JavaFX Application Thread] DEBUG GameApplicationServi - Starting new game
03:31:56.598 [JavaFX Application Thread] DEBUG PrimaryStageWindow   - Pop state: MyMenu
03:31:56.599 [JavaFX Application Thread] DEBUG Input                - Clearing active input actions
03:31:56.601 [JavaFX Application Thread] DEBUG GameApplicationServi - Removing overlay from MyMenu and adding to FXGLMainMenuDummyScene
03:31:56.607 [JavaFX Application Thread] DEBUG PrimaryStageWindow   - FXGLMainMenuDummyScene <- MyMenu
03:31:56.608 [JavaFX Application Thread] DEBUG Input                - Clearing active input actions
03:31:56.619 [JavaFX Application Thread] DEBUG GameApplicationServi - Removing overlay from FXGLMainMenuDummyScene and adding to FXGLLoadingScene
03:31:56.619 [JavaFX Application Thread] DEBUG PrimaryStageWindow   - FXGLMainMenuDummyScene -> FXGLLoadingScene
03:31:56.619 [JavaFX Application Thread] DEBUG GameApplicationServi - Clearing previous game
03:31:56.619 [JavaFX Application Thread] DEBUG GameScene            - Clearing game scene
03:31:56.620 [JavaFX Application Thread] DEBUG GameWorld            - Clearing game world
03:31:56.620 [JavaFX Application Thread] DEBUG PhysicsWorld         - Clearing physics world
03:31:56.622 [FXGL Background Thread 2 ] DEBUG FXGLApplication      - Initializing game
03:31:56.802 [FXGL Background Thread 2 ] DEBUG AudioPlayer          - Stopping music com.almasb.fxgl.audio.Music@70c621c7
03:31:56.833 [FXGL Background Thread 2 ] DEBUG FXGLAssetLoaderServi - Loading from file system: file:/home/avrann/Escritorio/Repo%20Proyecto%20DPOO/jorge.carrillo-Proyecto-POO-2025/target/classes/assets/music/loading.wav
03:31:56.842 [FXGL Background Thread 2 ] DEBUG AudioPlayer          - Playing music com.almasb.fxgl.audio.Music@eecfd30
03:31:56.891 [FXGL Background Thread 2 ] DEBUG TMXLevelLoader       - Parsed TiledMap: file:/home/avrann/Escritorio/Repo%20Proyecto%20DPOO/jorge.carrillo-Proyecto-POO-2025/target/classes/assets/levels/level_01.tmx
03:31:56.893 [FXGL Background Thread 2 ] DEBUG TMXLevelLoader       - Creating tile layer entities
03:31:56.894 [FXGL Background Thread 2 ] DEBUG TilesetLoader        - Loading view for layer Capa de patrones 1
03:31:56.896 [FXGL Background Thread 2 ] DEBUG TilesetLoader        - Created buffer with size 2000.0x1500.0
03:31:56.939 [FXGL Background Thread 2 ] WARN  TilesetLoader        - Diagonally flipped tiles are not currently supported
03:31:56.944 [FXGL Background Thread 2 ] WARN  TilesetLoader        - Diagonally flipped tiles are not currently supported
03:31:56.945 [FXGL Background Thread 2 ] WARN  TilesetLoader        - Diagonally flipped tiles are not currently supported
03:31:56.947 [FXGL Background Thread 2 ] WARN  TilesetLoader        - Diagonally flipped tiles are not currently supported
03:31:56.951 [FXGL Background Thread 2 ] WARN  TilesetLoader        - Diagonally flipped tiles are not currently supported
03:31:56.955 [FXGL Background Thread 2 ] WARN  TilesetLoader        - Diagonally flipped tiles are not currently supported
03:31:56.956 [FXGL Background Thread 2 ] WARN  TilesetLoader        - Diagonally flipped tiles are not currently supported
03:31:56.958 [FXGL Background Thread 2 ] WARN  TilesetLoader        - Diagonally flipped tiles are not currently supported
03:31:56.959 [FXGL Background Thread 2 ] WARN  TilesetLoader        - Diagonally flipped tiles are not currently supported
03:31:56.963 [FXGL Background Thread 2 ] WARN  TilesetLoader        - Diagonally flipped tiles are not currently supported
03:31:56.965 [FXGL Background Thread 2 ] WARN  TilesetLoader        - Diagonally flipped tiles are not currently supported
03:31:56.966 [FXGL Background Thread 2 ] DEBUG TilesetLoader        - Loading view for layer Capa de Decoracion
03:31:56.967 [FXGL Background Thread 2 ] DEBUG TilesetLoader        - Created buffer with size 2000.0x1500.0
03:31:56.987 [FXGL Background Thread 2 ] DEBUG TMXLevelLoader       - Creating object layer entities
03:31:57.008 [FXGL Background Thread 2 ] DEBUG GameWorld            - Clearing removable entities
03:31:57.043 [FXGL Background Thread 2 ] DEBUG GameWorld            - Setting level: com.almasb.fxgl.entity.level.Level@40308f11
03:31:57.061 [FXGL Background Thread 2 ] DEBUG FXGLAssetLoaderServi - Loading from file system: file:/home/avrann/Escritorio/Repo%20Proyecto%20DPOO/jorge.carrillo-Proyecto-POO-2025/target/classes/assets/textures/exploreatack_basic.png
03:31:57.063 [FXGL Background Thread 2 ] DEBUG FXGLAssetLoaderServi - Loading from file system: file:/home/avrann/Escritorio/Repo%20Proyecto%20DPOO/jorge.carrillo-Proyecto-POO-2025/target/classes/assets/textures/exploreidle.png
03:31:57.064 [FXGL Background Thread 2 ] WARN  FXGLAssetLoaderServi - Asset "/assets/textures/explorecaminando.png" was not found!
03:31:57.065 [FXGL Background Thread 2 ] WARN  FXGLAssetLoaderServi - Failed to load IMAGE
03:31:57.075 [FXGL Background Thread 2 ] WARN  FXGLAssetLoaderServi - Asset "/assets/textures/exploreadelante.png" was not found!
03:31:57.076 [FXGL Background Thread 2 ] WARN  FXGLAssetLoaderServi - Failed to load IMAGE
03:31:57.076 [FXGL Background Thread 2 ] WARN  FXGLAssetLoaderServi - Asset "/assets/textures/exploreatras.png" was not found!
03:31:57.076 [FXGL Background Thread 2 ] WARN  FXGLAssetLoaderServi - Failed to load IMAGE
03:31:57.076 [FXGL Background Thread 2 ] DEBUG FXGLAssetLoaderServi - Loading from file system: file:/home/avrann/Escritorio/Repo%20Proyecto%20DPOO/jorge.carrillo-Proyecto-POO-2025/target/classes/assets/textures/exploredeat.png
03:31:57.082 [FXGL Background Thread 2 ] WARN  GameWorld            - Entity is already attached to world
03:31:57.083 [FXGL Background Thread 2 ] WARN  FXGLAssetLoaderServi - Asset "/assets/textures/explorecaminando.png" was not found!
03:31:57.084 [FXGL Background Thread 2 ] WARN  FXGLAssetLoaderServi - Failed to load IMAGE
03:31:57.084 [FXGL Background Thread 2 ] WARN  FXGLAssetLoaderServi - Asset "/assets/textures/exploreadelante.png" was not found!
03:31:57.084 [FXGL Background Thread 2 ] WARN  FXGLAssetLoaderServi - Failed to load IMAGE
03:31:57.085 [FXGL Background Thread 2 ] WARN  FXGLAssetLoaderServi - Asset "/assets/textures/exploreatras.png" was not found!
03:31:57.085 [FXGL Background Thread 2 ] WARN  FXGLAssetLoaderServi - Failed to load IMAGE
03:31:57.086 [FXGL Background Thread 2 ] WARN  GameWorld            - Entity is already attached to world
03:31:57.087 [FXGL Background Thread 2 ] DEBUG FXGLAssetLoaderServi - Loading from file system: file:/home/avrann/Escritorio/Repo%20Proyecto%20DPOO/jorge.carrillo-Proyecto-POO-2025/target/classes/assets/textures/droidatack_basic.png
03:31:57.088 [FXGL Background Thread 2 ] DEBUG FXGLAssetLoaderServi - Loading from file system: file:/home/avrann/Escritorio/Repo%20Proyecto%20DPOO/jorge.carrillo-Proyecto-POO-2025/target/classes/assets/textures/droididle.png
03:31:57.089 [FXGL Background Thread 2 ] WARN  FXGLAssetLoaderServi - Asset "/assets/textures/droidcaminando.png" was not found!
03:31:57.089 [FXGL Background Thread 2 ] WARN  FXGLAssetLoaderServi - Failed to load IMAGE
03:31:57.089 [FXGL Background Thread 2 ] WARN  FXGLAssetLoaderServi - Asset "/assets/textures/droidadelante.png" was not found!
03:31:57.089 [FXGL Background Thread 2 ] WARN  FXGLAssetLoaderServi - Failed to load IMAGE
03:31:57.090 [FXGL Background Thread 2 ] WARN  FXGLAssetLoaderServi - Asset "/assets/textures/droidatras.png" was not found!
03:31:57.090 [FXGL Background Thread 2 ] WARN  FXGLAssetLoaderServi - Failed to load IMAGE
03:31:57.090 [FXGL Background Thread 2 ] DEBUG FXGLAssetLoaderServi - Loading from file system: file:/home/avrann/Escritorio/Repo%20Proyecto%20DPOO/jorge.carrillo-Proyecto-POO-2025/target/classes/assets/textures/droiddeat.png
03:31:57.091 [FXGL Background Thread 2 ] WARN  GameWorld            - Entity is already attached to world
03:31:57.092 [FXGL Background Thread 2 ] WARN  FXGLAssetLoaderServi - Asset "/assets/textures/droidcaminando.png" was not found!
03:31:57.093 [FXGL Background Thread 2 ] WARN  FXGLAssetLoaderServi - Failed to load IMAGE
03:31:57.093 [FXGL Background Thread 2 ] WARN  FXGLAssetLoaderServi - Asset "/assets/textures/droidadelante.png" was not found!
03:31:57.093 [FXGL Background Thread 2 ] WARN  FXGLAssetLoaderServi - Failed to load IMAGE
03:31:57.093 [FXGL Background Thread 2 ] WARN  FXGLAssetLoaderServi - Asset "/assets/textures/droidatras.png" was not found!
03:31:57.093 [FXGL Background Thread 2 ] WARN  FXGLAssetLoaderServi - Failed to load IMAGE
03:31:57.094 [FXGL Background Thread 2 ] WARN  GameWorld            - Entity is already attached to world
03:31:57.095 [FXGL Background Thread 2 ] DEBUG FXGLAssetLoaderServi - Loading from file system: file:/home/avrann/Escritorio/Repo%20Proyecto%20DPOO/jorge.carrillo-Proyecto-POO-2025/target/classes/assets/textures/droid2atack_basic.png
03:31:57.097 [FXGL Background Thread 2 ] DEBUG FXGLAssetLoaderServi - Loading from file system: file:/home/avrann/Escritorio/Repo%20Proyecto%20DPOO/jorge.carrillo-Proyecto-POO-2025/target/classes/assets/textures/droid2idle.png
03:31:57.098 [FXGL Background Thread 2 ] WARN  FXGLAssetLoaderServi - Asset "/assets/textures/droid2caminando.png" was not found!
03:31:57.098 [FXGL Background Thread 2 ] WARN  FXGLAssetLoaderServi - Failed to load IMAGE
03:31:57.098 [FXGL Background Thread 2 ] WARN  FXGLAssetLoaderServi - Asset "/assets/textures/droid2adelante.png" was not found!
03:31:57.098 [FXGL Background Thread 2 ] WARN  FXGLAssetLoaderServi - Failed to load IMAGE
03:31:57.098 [FXGL Background Thread 2 ] WARN  FXGLAssetLoaderServi - Asset "/assets/textures/droid2atras.png" was not found!
03:31:57.098 [FXGL Background Thread 2 ] WARN  FXGLAssetLoaderServi - Failed to load IMAGE
03:31:57.099 [FXGL Background Thread 2 ] DEBUG FXGLAssetLoaderServi - Loading from file system: file:/home/avrann/Escritorio/Repo%20Proyecto%20DPOO/jorge.carrillo-Proyecto-POO-2025/target/classes/assets/textures/droid2deat.png
03:31:57.101 [FXGL Background Thread 2 ] WARN  GameWorld            - Entity is already attached to world
03:31:57.116 [FXGL Background Thread 2 ] WARN  FXGLAssetLoaderServi - Asset "/assets/textures/droid2caminando.png" was not found!
03:31:57.117 [FXGL Background Thread 2 ] WARN  FXGLAssetLoaderServi - Failed to load IMAGE
03:31:57.117 [FXGL Background Thread 2 ] WARN  FXGLAssetLoaderServi - Asset "/assets/textures/droid2adelante.png" was not found!
03:31:57.117 [FXGL Background Thread 2 ] WARN  FXGLAssetLoaderServi - Failed to load IMAGE
03:31:57.117 [FXGL Background Thread 2 ] WARN  FXGLAssetLoaderServi - Asset "/assets/textures/droid2atras.png" was not found!
03:31:57.117 [FXGL Background Thread 2 ] WARN  FXGLAssetLoaderServi - Failed to load IMAGE
03:31:57.118 [FXGL Background Thread 2 ] WARN  GameWorld            - Entity is already attached to world
03:31:57.118 [FXGL Background Thread 2 ] WARN  FXGLAssetLoaderServi - Asset "/assets/textures/droid2caminando.png" was not found!
03:31:57.118 [FXGL Background Thread 2 ] WARN  FXGLAssetLoaderServi - Failed to load IMAGE
03:31:57.118 [FXGL Background Thread 2 ] WARN  FXGLAssetLoaderServi - Asset "/assets/textures/droid2adelante.png" was not found!
03:31:57.118 [FXGL Background Thread 2 ] WARN  FXGLAssetLoaderServi - Failed to load IMAGE
03:31:57.118 [FXGL Background Thread 2 ] WARN  FXGLAssetLoaderServi - Asset "/assets/textures/droid2atras.png" was not found!
03:31:57.119 [FXGL Background Thread 2 ] WARN  FXGLAssetLoaderServi - Failed to load IMAGE
03:31:57.121 [FXGL Background Thread 2 ] WARN  GameWorld            - Entity is already attached to world
03:31:57.122 [FXGL Background Thread 2 ] DEBUG FXGLAssetLoaderServi - Loading from file system: file:/home/avrann/Escritorio/Repo%20Proyecto%20DPOO/jorge.carrillo-Proyecto-POO-2025/target/classes/assets/textures/droid3atack_basic.png
03:31:57.124 [FXGL Background Thread 2 ] DEBUG FXGLAssetLoaderServi - Loading from file system: file:/home/avrann/Escritorio/Repo%20Proyecto%20DPOO/jorge.carrillo-Proyecto-POO-2025/target/classes/assets/textures/droid3idle.png
03:31:57.125 [FXGL Background Thread 2 ] WARN  FXGLAssetLoaderServi - Asset "/assets/textures/droid3caminando.png" was not found!
03:31:57.125 [FXGL Background Thread 2 ] WARN  FXGLAssetLoaderServi - Failed to load IMAGE
03:31:57.125 [FXGL Background Thread 2 ] WARN  FXGLAssetLoaderServi - Asset "/assets/textures/droid3adelante.png" was not found!
03:31:57.125 [FXGL Background Thread 2 ] WARN  FXGLAssetLoaderServi - Failed to load IMAGE
03:31:57.126 [FXGL Background Thread 2 ] WARN  FXGLAssetLoaderServi - Asset "/assets/textures/droid3atras.png" was not found!
03:31:57.126 [FXGL Background Thread 2 ] WARN  FXGLAssetLoaderServi - Failed to load IMAGE
03:31:57.126 [FXGL Background Thread 2 ] DEBUG FXGLAssetLoaderServi - Loading from file system: file:/home/avrann/Escritorio/Repo%20Proyecto%20DPOO/jorge.carrillo-Proyecto-POO-2025/target/classes/assets/textures/droid3deat.png
03:31:57.128 [FXGL Background Thread 2 ] WARN  GameWorld            - Entity is already attached to world
03:31:57.128 [FXGL Background Thread 2 ] WARN  FXGLAssetLoaderServi - Asset "/assets/textures/droid3caminando.png" was not found!
03:31:57.129 [FXGL Background Thread 2 ] WARN  FXGLAssetLoaderServi - Failed to load IMAGE
03:31:57.129 [FXGL Background Thread 2 ] WARN  FXGLAssetLoaderServi - Asset "/assets/textures/droid3adelante.png" was not found!
03:31:57.129 [FXGL Background Thread 2 ] WARN  FXGLAssetLoaderServi - Failed to load IMAGE
03:31:57.129 [FXGL Background Thread 2 ] WARN  FXGLAssetLoaderServi - Asset "/assets/textures/droid3atras.png" was not found!
03:31:57.129 [FXGL Background Thread 2 ] WARN  FXGLAssetLoaderServi - Failed to load IMAGE
03:31:57.129 [FXGL Background Thread 2 ] WARN  GameWorld            - Entity is already attached to world
03:31:57.130 [FXGL Background Thread 2 ] DEBUG FXGLAssetLoaderServi - Loading from file system: file:/home/avrann/Escritorio/Repo%20Proyecto%20DPOO/jorge.carrillo-Proyecto-POO-2025/target/classes/assets/textures/barreraDesactivadaitem.png
03:31:57.141 [FXGL Background Thread 2 ] WARN  FXGLAssetLoaderServi - Asset "/assets/textures/barreraDesactivadadisabled.png" was not found!
03:31:57.141 [FXGL Background Thread 2 ] WARN  FXGLAssetLoaderServi - Failed to load IMAGE
03:31:57.142 [FXGL Background Thread 2 ] WARN  GameWorld            - Entity is already attached to world
03:31:57.143 [FXGL Background Thread 2 ] WARN  FXGLAssetLoaderServi - Asset "/assets/textures/barreraDesactivadadisabled.png" was not found!
03:31:57.143 [FXGL Background Thread 2 ] WARN  FXGLAssetLoaderServi - Failed to load IMAGE
03:31:57.143 [FXGL Background Thread 2 ] WARN  GameWorld            - Entity is already attached to world
03:31:57.144 [FXGL Background Thread 2 ] WARN  FXGLAssetLoaderServi - Asset "/assets/textures/barreraDesactivadadisabled.png" was not found!
03:31:57.144 [FXGL Background Thread 2 ] WARN  FXGLAssetLoaderServi - Failed to load IMAGE
03:31:57.145 [FXGL Background Thread 2 ] WARN  GameWorld            - Entity is already attached to world
03:31:57.145 [FXGL Background Thread 2 ] WARN  FXGLAssetLoaderServi - Asset "/assets/textures/barreraDesactivadadisabled.png" was not found!
03:31:57.145 [FXGL Background Thread 2 ] WARN  FXGLAssetLoaderServi - Failed to load IMAGE
03:31:57.146 [FXGL Background Thread 2 ] WARN  GameWorld            - Entity is already attached to world
03:31:57.146 [FXGL Background Thread 2 ] DEBUG FXGLAssetLoaderServi - Loading from file system: file:/home/avrann/Escritorio/Repo%20Proyecto%20DPOO/jorge.carrillo-Proyecto-POO-2025/target/classes/assets/textures/barreraitem.png
03:31:57.149 [FXGL Background Thread 2 ] DEBUG FXGLAssetLoaderServi - Loading from file system: file:/home/avrann/Escritorio/Repo%20Proyecto%20DPOO/jorge.carrillo-Proyecto-POO-2025/target/classes/assets/textures/barreradisabled.png
03:31:57.153 [FXGL Background Thread 2 ] WARN  GameWorld            - Entity is already attached to world
03:31:57.155 [FXGL Background Thread 2 ] WARN  GameWorld            - Entity is already attached to world
03:31:57.156 [FXGL Background Thread 2 ] DEBUG FXGLAssetLoaderServi - Loading from file system: file:/home/avrann/Escritorio/Repo%20Proyecto%20DPOO/jorge.carrillo-Proyecto-POO-2025/target/classes/assets/textures/panelitem.png
03:31:57.159 [FXGL Background Thread 2 ] DEBUG FXGLAssetLoaderServi - Loading from file system: file:/home/avrann/Escritorio/Repo%20Proyecto%20DPOO/jorge.carrillo-Proyecto-POO-2025/target/classes/assets/textures/paneldisabled.png
03:31:57.163 [FXGL Background Thread 2 ] WARN  GameWorld            - Entity is already attached to world
03:31:57.165 [FXGL Background Thread 2 ] WARN  GameWorld            - Entity is already attached to world
03:31:57.166 [FXGL Background Thread 2 ] DEBUG FXGLAssetLoaderServi - Loading from file system: file:/home/avrann/Escritorio/Repo%20Proyecto%20DPOO/jorge.carrillo-Proyecto-POO-2025/target/classes/assets/textures/generatorSpecialPointitem.png
03:31:57.168 [FXGL Background Thread 2 ] WARN  FXGLAssetLoaderServi - Asset "/assets/textures/generatorSpecialPointdisabled.png" was not found!
03:31:57.168 [FXGL Background Thread 2 ] WARN  FXGLAssetLoaderServi - Failed to load IMAGE
03:31:57.169 [FXGL Background Thread 2 ] WARN  GameWorld            - Entity is already attached to world
03:31:57.171 [FXGL Background Thread 2 ] WARN  FXGLAssetLoaderServi - Asset "/assets/textures/generatorSpecialPointdisabled.png" was not found!
03:31:57.171 [FXGL Background Thread 2 ] WARN  FXGLAssetLoaderServi - Failed to load IMAGE
03:31:57.171 [FXGL Background Thread 2 ] WARN  GameWorld            - Entity is already attached to world
03:31:57.172 [FXGL Background Thread 2 ] DEBUG FXGLAssetLoaderServi - Loading from file system: file:/home/avrann/Escritorio/Repo%20Proyecto%20DPOO/jorge.carrillo-Proyecto-POO-2025/target/classes/assets/textures/lifeitem.png
03:31:57.175 [FXGL Background Thread 2 ] WARN  FXGLAssetLoaderServi - Asset "/assets/textures/lifedisabled.png" was not found!
03:31:57.176 [FXGL Background Thread 2 ] WARN  FXGLAssetLoaderServi - Failed to load IMAGE
03:31:57.176 [FXGL Background Thread 2 ] WARN  GameWorld            - Entity is already attached to world
03:31:57.179 [FXGL Background Thread 2 ] WARN  FXGLAssetLoaderServi - Asset "/assets/textures/lifedisabled.png" was not found!
03:31:57.180 [FXGL Background Thread 2 ] WARN  FXGLAssetLoaderServi - Failed to load IMAGE
03:31:57.180 [FXGL Background Thread 2 ] WARN  GameWorld            - Entity is already attached to world
03:31:57.180 [FXGL Background Thread 2 ] DEBUG FXGLAssetLoaderServi - Loading from file system: file:/home/avrann/Escritorio/Repo%20Proyecto%20DPOO/jorge.carrillo-Proyecto-POO-2025/target/classes/assets/textures/atackitem.png
03:31:57.182 [FXGL Background Thread 2 ] WARN  FXGLAssetLoaderServi - Asset "/assets/textures/atackdisabled.png" was not found!
03:31:57.183 [FXGL Background Thread 2 ] WARN  FXGLAssetLoaderServi - Failed to load IMAGE
03:31:57.184 [FXGL Background Thread 2 ] WARN  GameWorld            - Entity is already attached to world
03:31:57.185 [FXGL Background Thread 2 ] WARN  FXGLAssetLoaderServi - Asset "/assets/textures/atackdisabled.png" was not found!
03:31:57.185 [FXGL Background Thread 2 ] WARN  FXGLAssetLoaderServi - Failed to load IMAGE
03:31:57.185 [FXGL Background Thread 2 ] WARN  GameWorld            - Entity is already attached to world
03:31:57.186 [FXGL Background Thread 2 ] DEBUG FXGLAssetLoaderServi - Loading from file system: file:/home/avrann/Escritorio/Repo%20Proyecto%20DPOO/jorge.carrillo-Proyecto-POO-2025/target/classes/assets/textures/cyborgatack_special.png
03:31:57.190 [FXGL Background Thread 2 ] DEBUG FXGLAssetLoaderServi - Loading from file system: file:/home/avrann/Escritorio/Repo%20Proyecto%20DPOO/jorge.carrillo-Proyecto-POO-2025/target/classes/assets/textures/cyborgatack_basic.png
03:31:57.193 [FXGL Background Thread 2 ] DEBUG FXGLAssetLoaderServi - Loading from file system: file:/home/avrann/Escritorio/Repo%20Proyecto%20DPOO/jorge.carrillo-Proyecto-POO-2025/target/classes/assets/textures/cyborgidle.png
03:31:57.193 [FXGL Background Thread 2 ] DEBUG FXGLAssetLoaderServi - Loading from file system: file:/home/avrann/Escritorio/Repo%20Proyecto%20DPOO/jorge.carrillo-Proyecto-POO-2025/target/classes/assets/textures/cyborgcaminando.png
03:31:57.195 [FXGL Background Thread 2 ] DEBUG FXGLAssetLoaderServi - Loading from file system: file:/home/avrann/Escritorio/Repo%20Proyecto%20DPOO/jorge.carrillo-Proyecto-POO-2025/target/classes/assets/textures/cyborgadelante.png
03:31:57.196 [FXGL Background Thread 2 ] DEBUG FXGLAssetLoaderServi - Loading from file system: file:/home/avrann/Escritorio/Repo%20Proyecto%20DPOO/jorge.carrillo-Proyecto-POO-2025/target/classes/assets/textures/cyborgatras.png
03:31:57.196 [FXGL Background Thread 2 ] DEBUG FXGLAssetLoaderServi - Loading from file system: file:/home/avrann/Escritorio/Repo%20Proyecto%20DPOO/jorge.carrillo-Proyecto-POO-2025/target/classes/assets/textures/cyborgdeat.png
03:31:57.197 [FXGL Background Thread 2 ] WARN  GameWorld            - Entity is already attached to world
03:31:57.198 [FXGL Background Thread 2 ] DEBUG Input                - Registered new binding: Mover Arriba - W
03:31:57.198 [FXGL Background Thread 2 ] DEBUG Input                - Registered new binding: Mover Abajo - S
03:31:57.198 [FXGL Background Thread 2 ] DEBUG Input                - Registered new binding: Mover Izquierda - A
03:31:57.198 [FXGL Background Thread 2 ] DEBUG Input                - Registered new binding: Mover Derecha - D
03:31:57.199 [FXGL Background Thread 2 ] DEBUG FXGLAssetLoaderServi - Loading from file system: file:/home/avrann/Escritorio/Repo%20Proyecto%20DPOO/jorge.carrillo-Proyecto-POO-2025/target/classes/assets/textures/botonGameMenu.png
03:31:57.200 [FXGL Background Thread 2 ] DEBUG FXGLAssetLoaderServi - Loading from file system: file:/home/avrann/Escritorio/Repo%20Proyecto%20DPOO/jorge.carrillo-Proyecto-POO-2025/target/classes/assets/textures/buttonMainMenu.png
03:31:57.200 [FXGL Background Thread 2 ] DEBUG FXGLAssetLoaderServi - Loading from file system: file:/home/avrann/Escritorio/Repo%20Proyecto%20DPOO/jorge.carrillo-Proyecto-POO-2025/target/classes/assets/textures/wikiButton.png
03:31:57.201 [FXGL Background Thread 2 ] DEBUG FXGLAssetLoaderServi - Loading from file system: file:/home/avrann/Escritorio/Repo%20Proyecto%20DPOO/jorge.carrillo-Proyecto-POO-2025/target/classes/assets/textures/specialPointBar.png
03:31:57.201 [FXGL Background Thread 2 ] DEBUG FXGLAssetLoaderServi - Loading from file system: file:/home/avrann/Escritorio/Repo%20Proyecto%20DPOO/jorge.carrillo-Proyecto-POO-2025/target/classes/assets/textures/statBar.png
03:31:57.202 [FXGL Background Thread 2 ] DEBUG FXGLAssetLoaderServi - Loading from file system: file:/home/avrann/Escritorio/Repo%20Proyecto%20DPOO/jorge.carrillo-Proyecto-POO-2025/target/classes/assets/textures/statAtackBar.png
03:31:57.203 [FXGL Background Thread 2 ] DEBUG FXGLAssetLoaderServi - Loading from file system: file:/home/avrann/Escritorio/Repo%20Proyecto%20DPOO/jorge.carrillo-Proyecto-POO-2025/target/classes/assets/textures/wiki_image.png
03:31:57.213 [FXGL Background Thread 2 ] DEBUG FXGLAssetLoaderServi - Loading from file system: file:/home/avrann/Escritorio/Repo%20Proyecto%20DPOO/jorge.carrillo-Proyecto-POO-2025/target/classes/assets/textures/specialPoint.png
03:31:57.213 [FXGL Background Thread 2 ] DEBUG FXGLAssetLoaderServi - Loading from file system: file:/home/avrann/Escritorio/Repo%20Proyecto%20DPOO/jorge.carrillo-Proyecto-POO-2025/target/classes/assets/textures/special.png
03:31:57.214 [FXGL Background Thread 2 ] DEBUG FXGLAssetLoaderServi - Loading from file system: file:/home/avrann/Escritorio/Repo%20Proyecto%20DPOO/jorge.carrillo-Proyecto-POO-2025/target/classes/assets/textures/barra_enemigo.png
03:31:57.215 [FXGL Background Thread 2 ] DEBUG FXGLAssetLoaderServi - Loading from file system: file:/home/avrann/Escritorio/Repo%20Proyecto%20DPOO/jorge.carrillo-Proyecto-POO-2025/target/classes/assets/textures/life_point_enemi.png
03:31:57.216 [FXGL Background Thread 2 ] DEBUG FXGLAssetLoaderServi - Loading from file system: file:/home/avrann/Escritorio/Repo%20Proyecto%20DPOO/jorge.carrillo-Proyecto-POO-2025/target/classes/assets/textures/life_bar.png
03:31:57.217 [FXGL Background Thread 2 ] DEBUG FXGLAssetLoaderServi - Loading from file system: file:/home/avrann/Escritorio/Repo%20Proyecto%20DPOO/jorge.carrillo-Proyecto-POO-2025/target/classes/assets/textures/life_point.png
03:31:57.218 [FXGL Background Thread 2 ] DEBUG FXGLAssetLoaderServi - Loading from file system: file:/home/avrann/Escritorio/Repo%20Proyecto%20DPOO/jorge.carrillo-Proyecto-POO-2025/target/classes/assets/textures/button_atacck.png
03:31:57.218 [FXGL Background Thread 2 ] DEBUG FXGLAssetLoaderServi - Loading from file system: file:/home/avrann/Escritorio/Repo%20Proyecto%20DPOO/jorge.carrillo-Proyecto-POO-2025/target/classes/assets/textures/combat_panel.png
03:31:57.224 [FXGL Background Thread 2 ] INFO  FXGLApplication      - Game initialization took: 0.602 sec
03:31:57.241 [JavaFX Application Thread] DEBUG Input                - Clearing active input actions
03:31:57.253 [JavaFX Application Thread] DEBUG GameApplicationServi - Removing overlay from FXGLLoadingScene and adding to GameScene
03:31:57.257 [JavaFX Application Thread] DEBUG PrimaryStageWindow   - FXGLLoadingScene -> GameScene
03:31:57.640 [FXGL Background Thread 3 ] DEBUG Engine               - Logging environment variables
03:31:57.642 [FXGL Background Thread 3 ] DEBUG Engine               - achievements: []
03:31:57.642 [FXGL Background Thread 3 ] DEBUG Engine               - actualHeight: 913.185302734375
03:31:57.642 [FXGL Background Thread 3 ] DEBUG Engine               - actualHeightProperty: ReadOnlyDoubleProperty [value: 942.2763061523438]
03:31:57.642 [FXGL Background Thread 3 ] DEBUG Engine               - actualWidth: 1397.0
03:31:57.642 [FXGL Background Thread 3 ] DEBUG Engine               - actualWidthProperty: ReadOnlyDoubleProperty [value: 1397.0]
03:31:57.642 [FXGL Background Thread 3 ] DEBUG Engine               - appIcon: fxgl_icon.png
03:31:57.642 [FXGL Background Thread 3 ] DEBUG Engine               - applicationMode: DEVELOPER
03:31:57.642 [FXGL Background Thread 3 ] DEBUG Engine               - cSSList: [fxgl_dark.css]
03:31:57.642 [FXGL Background Thread 3 ] DEBUG Engine               - collisionDetectionStrategy: BRUTE_FORCE
03:31:57.642 [FXGL Background Thread 3 ] DEBUG Engine               - configClass: Optional.empty
03:31:57.642 [FXGL Background Thread 3 ] DEBUG Engine               - credits: []
03:31:57.643 [FXGL Background Thread 3 ] DEBUG Engine               - defaultCursor: CursorInfo(imageName=fxgl_default_cursor.png, hotspotX=7.0, hotspotY=6.0)
03:31:57.643 [FXGL Background Thread 3 ] DEBUG Engine               - devBBoxColorProperty: ObjectProperty [value: 0xff0000ff]
03:31:57.643 [FXGL Background Thread 3 ] DEBUG Engine               - devEnableDebugCameraProperty: BooleanProperty [value: false]
03:31:57.643 [FXGL Background Thread 3 ] DEBUG Engine               - devSensorColorProperty: ObjectProperty [value: 0xffff00ff]
03:31:57.643 [FXGL Background Thread 3 ] DEBUG Engine               - devShowBBoxProperty: BooleanProperty [value: false]
03:31:57.643 [FXGL Background Thread 3 ] DEBUG Engine               - devShowPositionProperty: BooleanProperty [value: false]
03:31:57.643 [FXGL Background Thread 3 ] DEBUG Engine               - enabledMenuItems: []
03:31:57.643 [FXGL Background Thread 3 ] DEBUG Engine               - engineServices: [class com.almasb.fxgl.app.services.FXGLAssetLoaderService, class com.almasb.fxgl.app.FXGLApplication$GameApplicationService, class com.almasb.fxgl.app.services.FXGLDialogService, class com.almasb.fxgl.app.services.IOTaskExecutorService, class com.almasb.fxgl.io.FileSystemService, class com.almasb.fxgl.localization.LocalizationService, class com.almasb.fxgl.app.services.SystemBundleService, class com.almasb.fxgl.profile.SaveLoadService, class com.almasb.fxgl.ui.FXGLUIFactoryServiceProvider, class com.almasb.fxgl.ui.FXGLDialogFactoryServiceProvider, class com.almasb.fxgl.audio.AudioPlayer, class com.almasb.fxgl.notification.impl.NotificationServiceProvider, class com.almasb.fxgl.achievement.AchievementService, class com.almasb.fxgl.cutscene.CutsceneService, class com.almasb.fxgl.minigames.MiniGameService, class com.almasb.fxgl.net.NetService, class com.almasb.fxgl.app.services.UpdaterService, class com.almasb.fxgl.dev.DevService]
03:31:57.644 [FXGL Background Thread 3 ] DEBUG Engine               - fontGame: Abel-Regular.ttf
03:31:57.644 [FXGL Background Thread 3 ] DEBUG Engine               - fontMono: TerminalLandMono-Regular.otf
03:31:57.644 [FXGL Background Thread 3 ] DEBUG Engine               - fontSizeScaleUI: 1.0
03:31:57.644 [FXGL Background Thread 3 ] DEBUG Engine               - fontText: Courier-Prime.ttf
03:31:57.644 [FXGL Background Thread 3 ] DEBUG Engine               - fontUI: VarelaRound-Regular.ttf
03:31:57.644 [FXGL Background Thread 3 ] DEBUG Engine               - fullScreen: BooleanProperty [value: false]
03:31:57.644 [FXGL Background Thread 3 ] DEBUG Engine               - gameDifficulty: MEDIUM
03:31:57.644 [FXGL Background Thread 3 ] DEBUG Engine               - gameDifficultyProperty: ObjectProperty [value: MEDIUM]
03:31:57.644 [FXGL Background Thread 3 ] DEBUG Engine               - globalMusicVolume: 0.5
03:31:57.644 [FXGL Background Thread 3 ] DEBUG Engine               - globalMusicVolumeProperty: DoubleProperty [value: 0.5]
03:31:57.644 [FXGL Background Thread 3 ] DEBUG Engine               - globalSoundVolume: 0.5
03:31:57.644 [FXGL Background Thread 3 ] DEBUG Engine               - globalSoundVolumeProperty: DoubleProperty [value: 0.5]
03:31:57.644 [FXGL Background Thread 3 ] DEBUG Engine               - height: 1024
03:31:57.644 [FXGL Background Thread 3 ] DEBUG Engine               - is3D: false
03:31:57.644 [FXGL Background Thread 3 ] DEBUG Engine               - isAndroid: false
03:31:57.644 [FXGL Background Thread 3 ] DEBUG Engine               - isBrowser: false
03:31:57.644 [FXGL Background Thread 3 ] DEBUG Engine               - isClickFeedbackEnabled: false
03:31:57.644 [FXGL Background Thread 3 ] DEBUG Engine               - isCloseConfirmation: false
03:31:57.644 [FXGL Background Thread 3 ] DEBUG Engine               - isDesktop: true
03:31:57.644 [FXGL Background Thread 3 ] DEBUG Engine               - isDeveloperMenuEnabled: true
03:31:57.644 [FXGL Background Thread 3 ] DEBUG Engine               - isEmbedded: false
03:31:57.644 [FXGL Background Thread 3 ] DEBUG Engine               - isEntityPreloadEnabled: true
03:31:57.644 [FXGL Background Thread 3 ] DEBUG Engine               - isExperimentalTiledLargeMap: false
03:31:57.644 [FXGL Background Thread 3 ] DEBUG Engine               - isFileSystemWriteAllowed: true
03:31:57.644 [FXGL Background Thread 3 ] DEBUG Engine               - isFullScreenAllowed: false
03:31:57.644 [FXGL Background Thread 3 ] DEBUG Engine               - isFullScreenFromStart: false
03:31:57.644 [FXGL Background Thread 3 ] DEBUG Engine               - isGameMenuEnabled: true
03:31:57.645 [FXGL Background Thread 3 ] DEBUG Engine               - isIOS: false
03:31:57.645 [FXGL Background Thread 3 ] DEBUG Engine               - isIntroEnabled: false
03:31:57.645 [FXGL Background Thread 3 ] DEBUG Engine               - isLinux: true
03:31:57.645 [FXGL Background Thread 3 ] DEBUG Engine               - isMac: false
03:31:57.645 [FXGL Background Thread 3 ] DEBUG Engine               - isMainMenuEnabled: true
03:31:57.645 [FXGL Background Thread 3 ] DEBUG Engine               - isManualResizeEnabled: false
03:31:57.645 [FXGL Background Thread 3 ] DEBUG Engine               - isMobile: false
03:31:57.645 [FXGL Background Thread 3 ] DEBUG Engine               - isNative: false
03:31:57.645 [FXGL Background Thread 3 ] DEBUG Engine               - isPauseMusicWhenMinimized: true
03:31:57.645 [FXGL Background Thread 3 ] DEBUG Engine               - isPreserveResizeRatio: false
03:31:57.645 [FXGL Background Thread 3 ] DEBUG Engine               - isProfilingEnabled: false
03:31:57.645 [FXGL Background Thread 3 ] DEBUG Engine               - isScaleAffectedOnResize: true
03:31:57.646 [FXGL Background Thread 3 ] DEBUG Engine               - isSingleStep: false
03:31:57.646 [FXGL Background Thread 3 ] DEBUG Engine               - isUserProfileEnabled: false
03:31:57.646 [FXGL Background Thread 3 ] DEBUG Engine               - isWindows: false
03:31:57.646 [FXGL Background Thread 3 ] DEBUG Engine               - language: ObjectProperty [value: ENGLISH]
03:31:57.646 [FXGL Background Thread 3 ] DEBUG Engine               - menuKey: ESCAPE
03:31:57.646 [FXGL Background Thread 3 ] DEBUG Engine               - mouseSensitivity: 0.2
03:31:57.646 [FXGL Background Thread 3 ] DEBUG Engine               - notificationViewClass: class com.almasb.fxgl.notification.view.XboxNotificationView
03:31:57.646 [FXGL Background Thread 3 ] DEBUG Engine               - pixelsPerMeter: 50.0
03:31:57.646 [FXGL Background Thread 3 ] DEBUG Engine               - platform: LINUX
03:31:57.646 [FXGL Background Thread 3 ] DEBUG Engine               - prefHeightProperty: ReadOnlyDoubleProperty [value: 1024.0]
03:31:57.646 [FXGL Background Thread 3 ] DEBUG Engine               - prefWidthProperty: ReadOnlyDoubleProperty [value: 1536.0]
03:31:57.646 [FXGL Background Thread 3 ] DEBUG Engine               - profileDir: profiles/
03:31:57.646 [FXGL Background Thread 3 ] DEBUG Engine               - profileName: StringProperty [value: DEFAULT]
03:31:57.646 [FXGL Background Thread 3 ] DEBUG Engine               - randomSeed: -1
03:31:57.646 [FXGL Background Thread 3 ] DEBUG Engine               - runtimeInfo: RuntimeInfo(platform=LINUX, version=21.1, build=27.03.2024 07.52)
03:31:57.646 [FXGL Background Thread 3 ] DEBUG Engine               - saveFileExt: sav
03:31:57.646 [FXGL Background Thread 3 ] DEBUG Engine               - scaledHeightProp$fxgl: DoubleProperty [bound, value: 942.2763061523438]
03:31:57.646 [FXGL Background Thread 3 ] DEBUG Engine               - scaledWidthProp$fxgl: DoubleProperty [bound, value: 1397.0]
03:31:57.646 [FXGL Background Thread 3 ] DEBUG Engine               - sceneFactory: App.Game.GameApp$1@787d4772
03:31:57.646 [FXGL Background Thread 3 ] DEBUG Engine               - secondsIn24h: 60
03:31:57.647 [FXGL Background Thread 3 ] DEBUG Engine               - soundMenuBack: menu/back.wav
03:31:57.647 [FXGL Background Thread 3 ] DEBUG Engine               - soundMenuPress: menu/press.wav
03:31:57.647 [FXGL Background Thread 3 ] DEBUG Engine               - soundMenuSelect: menu/select.wav
03:31:57.647 [FXGL Background Thread 3 ] DEBUG Engine               - soundNotification: core/notification.wav
03:31:57.647 [FXGL Background Thread 3 ] DEBUG Engine               - stageStyle: DECORATED
03:31:57.647 [FXGL Background Thread 3 ] DEBUG Engine               - supportedLanguages: [ENGLISH, FRENCH, GERMAN, HUNGARIAN, RUSSIAN]
03:31:57.647 [FXGL Background Thread 3 ] DEBUG Engine               - ticksPerSecond: -1
03:31:57.647 [FXGL Background Thread 3 ] DEBUG Engine               - title: Pruebas en FXGL
03:31:57.647 [FXGL Background Thread 3 ] DEBUG Engine               - urlGithub: https://github.com/AlmasB/FXGL
03:31:57.647 [FXGL Background Thread 3 ] DEBUG Engine               - urlLeaderboard: http://fxgl-top.herokuapp.com/
03:31:57.647 [FXGL Background Thread 3 ] DEBUG Engine               - urlPOM: https://raw.githubusercontent.com/AlmasB/FXGL/release/README.md
03:31:57.647 [FXGL Background Thread 3 ] DEBUG Engine               - userAppClass: class App.Game.GameApp
03:31:57.647 [FXGL Background Thread 3 ] DEBUG Engine               - version: 0.0
03:31:57.647 [FXGL Background Thread 3 ] DEBUG Engine               - versionCheckDays: 7
03:31:57.647 [FXGL Background Thread 3 ] DEBUG Engine               - width: 1536
03:31:57.647 [FXGL Background Thread 3 ] DEBUG Engine               - Logging services
03:31:57.647 [FXGL Background Thread 3 ] DEBUG Engine               - class com.almasb.fxgl.app.services.FXGLAssetLoaderService
03:31:57.647 [FXGL Background Thread 3 ] DEBUG Engine               - class com.almasb.fxgl.app.FXGLApplication$GameApplicationService
03:31:57.647 [FXGL Background Thread 3 ] DEBUG Engine               - class com.almasb.fxgl.app.services.FXGLDialogService
03:31:57.647 [FXGL Background Thread 3 ] DEBUG Engine               - class com.almasb.fxgl.app.services.IOTaskExecutorService
03:31:57.647 [FXGL Background Thread 3 ] DEBUG Engine               - class com.almasb.fxgl.io.FileSystemService
03:31:57.647 [FXGL Background Thread 3 ] DEBUG Engine               - class com.almasb.fxgl.localization.LocalizationService
03:31:57.647 [FXGL Background Thread 3 ] DEBUG Engine               - class com.almasb.fxgl.app.services.SystemBundleService
03:31:57.647 [FXGL Background Thread 3 ] DEBUG Engine               - class com.almasb.fxgl.profile.SaveLoadService
03:31:57.647 [FXGL Background Thread 3 ] DEBUG Engine               - class com.almasb.fxgl.ui.FXGLUIFactoryServiceProvider
03:31:57.647 [FXGL Background Thread 3 ] DEBUG Engine               - class com.almasb.fxgl.ui.FXGLDialogFactoryServiceProvider
03:31:57.647 [FXGL Background Thread 3 ] DEBUG Engine               - class com.almasb.fxgl.audio.AudioPlayer
03:31:57.647 [FXGL Background Thread 3 ] DEBUG Engine               - class com.almasb.fxgl.notification.impl.NotificationServiceProvider
03:31:57.647 [FXGL Background Thread 3 ] DEBUG Engine               - class com.almasb.fxgl.achievement.AchievementService
03:31:57.647 [FXGL Background Thread 3 ] DEBUG Engine               - class com.almasb.fxgl.cutscene.CutsceneService
03:31:57.647 [FXGL Background Thread 3 ] DEBUG Engine               - class com.almasb.fxgl.minigames.MiniGameService
03:31:57.647 [FXGL Background Thread 3 ] DEBUG Engine               - class com.almasb.fxgl.net.NetService
03:31:57.647 [FXGL Background Thread 3 ] DEBUG Engine               - class com.almasb.fxgl.app.services.UpdaterService
03:31:57.647 [FXGL Background Thread 3 ] DEBUG Engine               - class com.almasb.fxgl.dev.DevService
03:32:00.457 [JavaFX Application Thread] DEBUG PrimaryStageWindow   - Push state: GameMenu
03:32:00.458 [JavaFX Application Thread] DEBUG Input                - Clearing active input actions
03:32:00.459 [JavaFX Application Thread] DEBUG GameApplicationServi - Removing overlay from GameScene and adding to GameMenu
03:32:00.462 [JavaFX Application Thread] DEBUG PrimaryStageWindow   - GameScene -> GameMenu
03:32:00.462 [JavaFX Application Thread] DEBUG FXGLAssetLoaderServi - Loading from file system: file:/home/avrann/Escritorio/Repo%20Proyecto%20DPOO/jorge.carrillo-Proyecto-POO-2025/target/classes/assets/sounds/key.wav
03:32:02.317 [JavaFX Application Thread] DEBUG Menu                 - fireResume()
03:32:02.318 [JavaFX Application Thread] DEBUG PrimaryStageWindow   - Pop state: GameMenu
03:32:02.318 [JavaFX Application Thread] DEBUG Input                - Clearing active input actions
03:32:02.320 [JavaFX Application Thread] DEBUG GameApplicationServi - Removing overlay from GameMenu and adding to GameScene
03:32:02.322 [JavaFX Application Thread] DEBUG PrimaryStageWindow   - GameScene <- GameMenu
03:32:02.961 [JavaFX Application Thread] DEBUG FXGLApplication      - Exiting FXGL
03:32:02.961 [JavaFX Application Thread] DEBUG LoopRunner           - Stopping loop
03:32:02.961 [JavaFX Application Thread] DEBUG SystemBundleService  - Saving FXGL system data
03:32:02.962 [JavaFX Application Thread] DEBUG FileSystemAccess     - Writing to: /home/avrann/Escritorio/Repo Proyecto DPOO/jorge.carrillo-Proyecto-POO-2025/system/fxgl.bundle
03:32:02.963 [JavaFX Application Thread] DEBUG Async                - Shutting down background threads
03:32:02.963 [JavaFX Application Thread] DEBUG PrimaryStageWindow   - Closing main window
03:32:02.964 [JavaFX Application Thread] DEBUG Logger               - Closing Logger
